[2023-02-24 16:37:43,296] {taskinstance.py:896} INFO - Dependencies all met for <TaskInstance: trigger_airbyte_dbt_job.airbyte_economy 2023-02-24T16:35:31.975562+00:00 [queued]>
[2023-02-24 16:37:43,313] {taskinstance.py:896} INFO - Dependencies all met for <TaskInstance: trigger_airbyte_dbt_job.airbyte_economy 2023-02-24T16:35:31.975562+00:00 [queued]>
[2023-02-24 16:37:43,313] {taskinstance.py:1087} INFO - 
--------------------------------------------------------------------------------
[2023-02-24 16:37:43,313] {taskinstance.py:1088} INFO - Starting attempt 1 of 1
[2023-02-24 16:37:43,313] {taskinstance.py:1089} INFO - 
--------------------------------------------------------------------------------
[2023-02-24 16:37:43,322] {taskinstance.py:1107} INFO - Executing <Task(AirbyteTriggerSyncOperator): airbyte_economy> on 2023-02-24T16:35:31.975562+00:00
[2023-02-24 16:37:43,373] {standard_task_runner.py:52} INFO - Started process 2317 to run task
[2023-02-24 16:37:43,377] {standard_task_runner.py:76} INFO - Running: ['***', 'tasks', 'run', 'trigger_airbyte_dbt_job', 'airbyte_economy', '2023-02-24T16:35:31.975562+00:00', '--job-id', '54', '--pool', 'default_pool', '--raw', '--subdir', 'DAGS_FOLDER/dag_airbyte_dbt.py', '--cfg-path', '/tmp/tmpo11gvoy_', '--error-file', '/tmp/tmpufz5897i']
[2023-02-24 16:37:43,378] {standard_task_runner.py:77} INFO - Job 54: Subtask airbyte_economy
[2023-02-24 16:37:43,477] {logging_mixin.py:104} INFO - Running <TaskInstance: trigger_airbyte_dbt_job.airbyte_economy 2023-02-24T16:35:31.975562+00:00 [running]> on host 056b6eecd82f
[2023-02-24 16:37:43,574] {taskinstance.py:1302} INFO - Exporting the following env vars:
AIRFLOW_CTX_DAG_OWNER=***
AIRFLOW_CTX_DAG_ID=trigger_airbyte_dbt_job
AIRFLOW_CTX_TASK_ID=airbyte_economy
AIRFLOW_CTX_EXECUTION_DATE=2023-02-24T16:35:31.975562+00:00
AIRFLOW_CTX_DAG_RUN_ID=manual__2023-02-24T16:35:31.975562+00:00
[2023-02-24 16:37:43,583] {base.py:78} INFO - Using connection to: id: airbyte_example. Host: airbyte-proxy, Port: 8000, Schema: , Login: None, Password: None, extra: {}
[2023-02-24 16:37:43,586] {http.py:140} INFO - Sending 'POST' to url: http://airbyte-proxy:8000/api/v1/connections/sync
[2023-02-24 16:37:49,583] {airbyte.py:74} INFO - Job 15 was submitted to Airbyte Server
[2023-02-24 16:37:49,584] {airbyte.py:76} INFO - Waiting for job 15 to complete
[2023-02-24 16:37:52,598] {base.py:78} INFO - Using connection to: id: airbyte_example. Host: airbyte-proxy, Port: 8000, Schema: , Login: None, Password: None, extra: {}
[2023-02-24 16:37:52,599] {http.py:140} INFO - Sending 'POST' to url: http://airbyte-proxy:8000/api/v1/jobs/get
[2023-02-24 16:37:55,777] {base.py:78} INFO - Using connection to: id: airbyte_example. Host: airbyte-proxy, Port: 8000, Schema: , Login: None, Password: None, extra: {}
[2023-02-24 16:37:55,778] {http.py:140} INFO - Sending 'POST' to url: http://airbyte-proxy:8000/api/v1/jobs/get
[2023-02-24 16:37:58,974] {base.py:78} INFO - Using connection to: id: airbyte_example. Host: airbyte-proxy, Port: 8000, Schema: , Login: None, Password: None, extra: {}
[2023-02-24 16:37:58,975] {http.py:140} INFO - Sending 'POST' to url: http://airbyte-proxy:8000/api/v1/jobs/get
[2023-02-24 16:38:02,181] {base.py:78} INFO - Using connection to: id: airbyte_example. Host: airbyte-proxy, Port: 8000, Schema: , Login: None, Password: None, extra: {}
[2023-02-24 16:38:02,182] {http.py:140} INFO - Sending 'POST' to url: http://airbyte-proxy:8000/api/v1/jobs/get
[2023-02-24 16:38:10,291] {base.py:78} INFO - Using connection to: id: airbyte_example. Host: airbyte-proxy, Port: 8000, Schema: , Login: None, Password: None, extra: {}
[2023-02-24 16:38:10,292] {http.py:140} INFO - Sending 'POST' to url: http://airbyte-proxy:8000/api/v1/jobs/get
[2023-02-24 16:38:13,474] {base.py:78} INFO - Using connection to: id: airbyte_example. Host: airbyte-proxy, Port: 8000, Schema: , Login: None, Password: None, extra: {}
[2023-02-24 16:38:13,475] {http.py:140} INFO - Sending 'POST' to url: http://airbyte-proxy:8000/api/v1/jobs/get
[2023-02-24 16:38:16,589] {base.py:78} INFO - Using connection to: id: airbyte_example. Host: airbyte-proxy, Port: 8000, Schema: , Login: None, Password: None, extra: {}
[2023-02-24 16:38:16,590] {http.py:140} INFO - Sending 'POST' to url: http://airbyte-proxy:8000/api/v1/jobs/get
[2023-02-24 16:38:19,681] {base.py:78} INFO - Using connection to: id: airbyte_example. Host: airbyte-proxy, Port: 8000, Schema: , Login: None, Password: None, extra: {}
[2023-02-24 16:38:19,682] {http.py:140} INFO - Sending 'POST' to url: http://airbyte-proxy:8000/api/v1/jobs/get
[2023-02-24 16:38:22,704] {base.py:78} INFO - Using connection to: id: airbyte_example. Host: airbyte-proxy, Port: 8000, Schema: , Login: None, Password: None, extra: {}
[2023-02-24 16:38:22,705] {http.py:140} INFO - Sending 'POST' to url: http://airbyte-proxy:8000/api/v1/jobs/get
[2023-02-24 16:38:25,726] {base.py:78} INFO - Using connection to: id: airbyte_example. Host: airbyte-proxy, Port: 8000, Schema: , Login: None, Password: None, extra: {}
[2023-02-24 16:38:25,727] {http.py:140} INFO - Sending 'POST' to url: http://airbyte-proxy:8000/api/v1/jobs/get
[2023-02-24 16:38:28,782] {base.py:78} INFO - Using connection to: id: airbyte_example. Host: airbyte-proxy, Port: 8000, Schema: , Login: None, Password: None, extra: {}
[2023-02-24 16:38:28,783] {http.py:140} INFO - Sending 'POST' to url: http://airbyte-proxy:8000/api/v1/jobs/get
[2023-02-24 16:38:31,808] {base.py:78} INFO - Using connection to: id: airbyte_example. Host: airbyte-proxy, Port: 8000, Schema: , Login: None, Password: None, extra: {}
[2023-02-24 16:38:31,809] {http.py:140} INFO - Sending 'POST' to url: http://airbyte-proxy:8000/api/v1/jobs/get
[2023-02-24 16:38:34,827] {base.py:78} INFO - Using connection to: id: airbyte_example. Host: airbyte-proxy, Port: 8000, Schema: , Login: None, Password: None, extra: {}
[2023-02-24 16:38:34,828] {http.py:140} INFO - Sending 'POST' to url: http://airbyte-proxy:8000/api/v1/jobs/get
[2023-02-24 16:38:37,848] {base.py:78} INFO - Using connection to: id: airbyte_example. Host: airbyte-proxy, Port: 8000, Schema: , Login: None, Password: None, extra: {}
[2023-02-24 16:38:37,849] {http.py:140} INFO - Sending 'POST' to url: http://airbyte-proxy:8000/api/v1/jobs/get
[2023-02-24 16:38:40,868] {base.py:78} INFO - Using connection to: id: airbyte_example. Host: airbyte-proxy, Port: 8000, Schema: , Login: None, Password: None, extra: {}
[2023-02-24 16:38:40,869] {http.py:140} INFO - Sending 'POST' to url: http://airbyte-proxy:8000/api/v1/jobs/get
[2023-02-24 16:38:43,889] {base.py:78} INFO - Using connection to: id: airbyte_example. Host: airbyte-proxy, Port: 8000, Schema: , Login: None, Password: None, extra: {}
[2023-02-24 16:38:43,890] {http.py:140} INFO - Sending 'POST' to url: http://airbyte-proxy:8000/api/v1/jobs/get
[2023-02-24 16:38:46,913] {base.py:78} INFO - Using connection to: id: airbyte_example. Host: airbyte-proxy, Port: 8000, Schema: , Login: None, Password: None, extra: {}
[2023-02-24 16:38:46,914] {http.py:140} INFO - Sending 'POST' to url: http://airbyte-proxy:8000/api/v1/jobs/get
[2023-02-24 16:38:46,925] {airbyte.py:78} INFO - Job 15 completed successfully
[2023-02-24 16:38:46,943] {taskinstance.py:1211} INFO - Marking task as SUCCESS. dag_id=trigger_airbyte_dbt_job, task_id=airbyte_economy, execution_date=20230224T163531, start_date=20230224T163743, end_date=20230224T163846
[2023-02-24 16:38:46,964] {taskinstance.py:1265} INFO - 1 downstream tasks scheduled from follow-on schedule check
[2023-02-24 16:38:46,984] {local_task_job.py:151} INFO - Task exited with return code 0
