[2023-02-16 20:47:14,497] {scheduler_job.py:182} INFO - Started process (PID=275) to work on /home/airflow/.local/lib/python3.6/site-packages/airflow/example_dags/example_latest_only.py
[2023-02-16 20:47:14,498] {scheduler_job.py:633} INFO - Processing file /home/airflow/.local/lib/python3.6/site-packages/airflow/example_dags/example_latest_only.py for tasks to queue
[2023-02-16 20:47:14,498] {logging_mixin.py:104} INFO - [2023-02-16 20:47:14,498] {dagbag.py:496} INFO - Filling up the DagBag from /home/airflow/.local/lib/python3.6/site-packages/airflow/example_dags/example_latest_only.py
[2023-02-16 20:47:14,508] {scheduler_job.py:643} INFO - DAG(s) dict_keys(['latest_only']) retrieved from /home/airflow/.local/lib/python3.6/site-packages/airflow/example_dags/example_latest_only.py
[2023-02-16 20:47:16,991] {logging_mixin.py:104} INFO - [2023-02-16 20:47:16,991] {dag.py:1833} INFO - Sync 1 DAGs
[2023-02-16 20:47:17,000] {logging_mixin.py:104} INFO - [2023-02-16 20:47:16,999] {dag.py:1852} INFO - Creating ORM DAG for latest_only
[2023-02-16 20:47:17,004] {logging_mixin.py:104} INFO - [2023-02-16 20:47:17,004] {dag.py:2306} INFO - Setting next_dagrun for latest_only to 2023-02-14 00:00:00+00:00
[2023-02-16 20:47:17,012] {scheduler_job.py:190} INFO - Processing /home/airflow/.local/lib/python3.6/site-packages/airflow/example_dags/example_latest_only.py took 2.518 seconds
[2023-02-16 20:47:53,961] {scheduler_job.py:182} INFO - Started process (PID=656) to work on /home/airflow/.local/lib/python3.6/site-packages/airflow/example_dags/example_latest_only.py
[2023-02-16 20:47:53,962] {scheduler_job.py:633} INFO - Processing file /home/airflow/.local/lib/python3.6/site-packages/airflow/example_dags/example_latest_only.py for tasks to queue
[2023-02-16 20:47:53,962] {logging_mixin.py:104} INFO - [2023-02-16 20:47:53,962] {dagbag.py:496} INFO - Filling up the DagBag from /home/airflow/.local/lib/python3.6/site-packages/airflow/example_dags/example_latest_only.py
[2023-02-16 20:47:53,972] {scheduler_job.py:643} INFO - DAG(s) dict_keys(['latest_only']) retrieved from /home/airflow/.local/lib/python3.6/site-packages/airflow/example_dags/example_latest_only.py
[2023-02-16 20:47:53,998] {logging_mixin.py:104} INFO - [2023-02-16 20:47:53,998] {dag.py:1833} INFO - Sync 1 DAGs
[2023-02-16 20:47:54,013] {logging_mixin.py:104} INFO - [2023-02-16 20:47:54,013] {dag.py:2306} INFO - Setting next_dagrun for latest_only to 2023-02-14 00:00:00+00:00
[2023-02-16 20:47:54,020] {scheduler_job.py:190} INFO - Processing /home/airflow/.local/lib/python3.6/site-packages/airflow/example_dags/example_latest_only.py took 0.061 seconds
[2023-02-16 20:48:24,906] {scheduler_job.py:182} INFO - Started process (PID=717) to work on /home/airflow/.local/lib/python3.6/site-packages/airflow/example_dags/example_latest_only.py
[2023-02-16 20:48:24,908] {scheduler_job.py:633} INFO - Processing file /home/airflow/.local/lib/python3.6/site-packages/airflow/example_dags/example_latest_only.py for tasks to queue
[2023-02-16 20:48:24,908] {logging_mixin.py:104} INFO - [2023-02-16 20:48:24,908] {dagbag.py:496} INFO - Filling up the DagBag from /home/airflow/.local/lib/python3.6/site-packages/airflow/example_dags/example_latest_only.py
[2023-02-16 20:48:24,918] {scheduler_job.py:643} INFO - DAG(s) dict_keys(['latest_only']) retrieved from /home/airflow/.local/lib/python3.6/site-packages/airflow/example_dags/example_latest_only.py
[2023-02-16 20:48:24,937] {logging_mixin.py:104} INFO - [2023-02-16 20:48:24,937] {dag.py:1833} INFO - Sync 1 DAGs
[2023-02-16 20:48:24,952] {logging_mixin.py:104} INFO - [2023-02-16 20:48:24,952] {dag.py:2306} INFO - Setting next_dagrun for latest_only to 2023-02-14 00:00:00+00:00
[2023-02-16 20:48:24,962] {scheduler_job.py:190} INFO - Processing /home/airflow/.local/lib/python3.6/site-packages/airflow/example_dags/example_latest_only.py took 0.058 seconds
[2023-02-16 20:48:56,074] {scheduler_job.py:182} INFO - Started process (PID=768) to work on /home/airflow/.local/lib/python3.6/site-packages/airflow/example_dags/example_latest_only.py
[2023-02-16 20:48:56,075] {scheduler_job.py:633} INFO - Processing file /home/airflow/.local/lib/python3.6/site-packages/airflow/example_dags/example_latest_only.py for tasks to queue
[2023-02-16 20:48:56,075] {logging_mixin.py:104} INFO - [2023-02-16 20:48:56,075] {dagbag.py:496} INFO - Filling up the DagBag from /home/airflow/.local/lib/python3.6/site-packages/airflow/example_dags/example_latest_only.py
[2023-02-16 20:48:56,084] {scheduler_job.py:643} INFO - DAG(s) dict_keys(['latest_only']) retrieved from /home/airflow/.local/lib/python3.6/site-packages/airflow/example_dags/example_latest_only.py
[2023-02-16 20:48:56,102] {logging_mixin.py:104} INFO - [2023-02-16 20:48:56,102] {dag.py:1833} INFO - Sync 1 DAGs
[2023-02-16 20:48:56,117] {logging_mixin.py:104} INFO - [2023-02-16 20:48:56,117] {dag.py:2306} INFO - Setting next_dagrun for latest_only to 2023-02-14 00:00:00+00:00
[2023-02-16 20:48:56,127] {scheduler_job.py:190} INFO - Processing /home/airflow/.local/lib/python3.6/site-packages/airflow/example_dags/example_latest_only.py took 0.055 seconds
[2023-02-16 20:49:26,892] {scheduler_job.py:182} INFO - Started process (PID=829) to work on /home/airflow/.local/lib/python3.6/site-packages/airflow/example_dags/example_latest_only.py
[2023-02-16 20:49:26,895] {scheduler_job.py:633} INFO - Processing file /home/airflow/.local/lib/python3.6/site-packages/airflow/example_dags/example_latest_only.py for tasks to queue
[2023-02-16 20:49:26,895] {logging_mixin.py:104} INFO - [2023-02-16 20:49:26,895] {dagbag.py:496} INFO - Filling up the DagBag from /home/airflow/.local/lib/python3.6/site-packages/airflow/example_dags/example_latest_only.py
[2023-02-16 20:49:26,907] {scheduler_job.py:643} INFO - DAG(s) dict_keys(['latest_only']) retrieved from /home/airflow/.local/lib/python3.6/site-packages/airflow/example_dags/example_latest_only.py
[2023-02-16 20:49:26,926] {logging_mixin.py:104} INFO - [2023-02-16 20:49:26,926] {dag.py:1833} INFO - Sync 1 DAGs
[2023-02-16 20:49:26,941] {logging_mixin.py:104} INFO - [2023-02-16 20:49:26,941] {dag.py:2306} INFO - Setting next_dagrun for latest_only to 2023-02-14 00:00:00+00:00
[2023-02-16 20:49:26,950] {scheduler_job.py:190} INFO - Processing /home/airflow/.local/lib/python3.6/site-packages/airflow/example_dags/example_latest_only.py took 0.061 seconds
[2023-02-16 20:49:57,329] {scheduler_job.py:182} INFO - Started process (PID=880) to work on /home/airflow/.local/lib/python3.6/site-packages/airflow/example_dags/example_latest_only.py
[2023-02-16 20:49:57,331] {scheduler_job.py:633} INFO - Processing file /home/airflow/.local/lib/python3.6/site-packages/airflow/example_dags/example_latest_only.py for tasks to queue
[2023-02-16 20:49:57,332] {logging_mixin.py:104} INFO - [2023-02-16 20:49:57,332] {dagbag.py:496} INFO - Filling up the DagBag from /home/airflow/.local/lib/python3.6/site-packages/airflow/example_dags/example_latest_only.py
[2023-02-16 20:49:57,350] {scheduler_job.py:643} INFO - DAG(s) dict_keys(['latest_only']) retrieved from /home/airflow/.local/lib/python3.6/site-packages/airflow/example_dags/example_latest_only.py
[2023-02-16 20:49:57,381] {logging_mixin.py:104} INFO - [2023-02-16 20:49:57,381] {dag.py:1833} INFO - Sync 1 DAGs
[2023-02-16 20:49:57,404] {logging_mixin.py:104} INFO - [2023-02-16 20:49:57,404] {dag.py:2306} INFO - Setting next_dagrun for latest_only to 2023-02-14 00:00:00+00:00
[2023-02-16 20:49:57,421] {scheduler_job.py:190} INFO - Processing /home/airflow/.local/lib/python3.6/site-packages/airflow/example_dags/example_latest_only.py took 0.096 seconds
[2023-02-16 20:50:28,294] {scheduler_job.py:182} INFO - Started process (PID=941) to work on /home/airflow/.local/lib/python3.6/site-packages/airflow/example_dags/example_latest_only.py
[2023-02-16 20:50:28,295] {scheduler_job.py:633} INFO - Processing file /home/airflow/.local/lib/python3.6/site-packages/airflow/example_dags/example_latest_only.py for tasks to queue
[2023-02-16 20:50:28,296] {logging_mixin.py:104} INFO - [2023-02-16 20:50:28,296] {dagbag.py:496} INFO - Filling up the DagBag from /home/airflow/.local/lib/python3.6/site-packages/airflow/example_dags/example_latest_only.py
[2023-02-16 20:50:28,306] {scheduler_job.py:643} INFO - DAG(s) dict_keys(['latest_only']) retrieved from /home/airflow/.local/lib/python3.6/site-packages/airflow/example_dags/example_latest_only.py
[2023-02-16 20:50:28,328] {logging_mixin.py:104} INFO - [2023-02-16 20:50:28,327] {dag.py:1833} INFO - Sync 1 DAGs
[2023-02-16 20:50:28,385] {logging_mixin.py:104} INFO - [2023-02-16 20:50:28,385] {dag.py:2306} INFO - Setting next_dagrun for latest_only to 2023-02-14 00:00:00+00:00
[2023-02-16 20:50:28,394] {scheduler_job.py:190} INFO - Processing /home/airflow/.local/lib/python3.6/site-packages/airflow/example_dags/example_latest_only.py took 0.103 seconds
[2023-02-16 20:50:59,061] {scheduler_job.py:182} INFO - Started process (PID=993) to work on /home/airflow/.local/lib/python3.6/site-packages/airflow/example_dags/example_latest_only.py
[2023-02-16 20:50:59,062] {scheduler_job.py:633} INFO - Processing file /home/airflow/.local/lib/python3.6/site-packages/airflow/example_dags/example_latest_only.py for tasks to queue
[2023-02-16 20:50:59,062] {logging_mixin.py:104} INFO - [2023-02-16 20:50:59,062] {dagbag.py:496} INFO - Filling up the DagBag from /home/airflow/.local/lib/python3.6/site-packages/airflow/example_dags/example_latest_only.py
[2023-02-16 20:50:59,074] {scheduler_job.py:643} INFO - DAG(s) dict_keys(['latest_only']) retrieved from /home/airflow/.local/lib/python3.6/site-packages/airflow/example_dags/example_latest_only.py
[2023-02-16 20:50:59,098] {logging_mixin.py:104} INFO - [2023-02-16 20:50:59,098] {dag.py:1833} INFO - Sync 1 DAGs
[2023-02-16 20:50:59,114] {logging_mixin.py:104} INFO - [2023-02-16 20:50:59,114] {dag.py:2306} INFO - Setting next_dagrun for latest_only to 2023-02-14 00:00:00+00:00
[2023-02-16 20:50:59,124] {scheduler_job.py:190} INFO - Processing /home/airflow/.local/lib/python3.6/site-packages/airflow/example_dags/example_latest_only.py took 0.067 seconds
[2023-02-16 20:51:29,653] {scheduler_job.py:182} INFO - Started process (PID=1054) to work on /home/airflow/.local/lib/python3.6/site-packages/airflow/example_dags/example_latest_only.py
[2023-02-16 20:51:29,654] {scheduler_job.py:633} INFO - Processing file /home/airflow/.local/lib/python3.6/site-packages/airflow/example_dags/example_latest_only.py for tasks to queue
[2023-02-16 20:51:29,654] {logging_mixin.py:104} INFO - [2023-02-16 20:51:29,654] {dagbag.py:496} INFO - Filling up the DagBag from /home/airflow/.local/lib/python3.6/site-packages/airflow/example_dags/example_latest_only.py
[2023-02-16 20:51:29,664] {scheduler_job.py:643} INFO - DAG(s) dict_keys(['latest_only']) retrieved from /home/airflow/.local/lib/python3.6/site-packages/airflow/example_dags/example_latest_only.py
[2023-02-16 20:51:29,684] {logging_mixin.py:104} INFO - [2023-02-16 20:51:29,683] {dag.py:1833} INFO - Sync 1 DAGs
[2023-02-16 20:51:29,698] {logging_mixin.py:104} INFO - [2023-02-16 20:51:29,698] {dag.py:2306} INFO - Setting next_dagrun for latest_only to 2023-02-14 00:00:00+00:00
[2023-02-16 20:51:29,708] {scheduler_job.py:190} INFO - Processing /home/airflow/.local/lib/python3.6/site-packages/airflow/example_dags/example_latest_only.py took 0.057 seconds
[2023-02-16 20:52:00,161] {scheduler_job.py:182} INFO - Started process (PID=1105) to work on /home/airflow/.local/lib/python3.6/site-packages/airflow/example_dags/example_latest_only.py
[2023-02-16 20:52:00,161] {scheduler_job.py:633} INFO - Processing file /home/airflow/.local/lib/python3.6/site-packages/airflow/example_dags/example_latest_only.py for tasks to queue
[2023-02-16 20:52:00,162] {logging_mixin.py:104} INFO - [2023-02-16 20:52:00,162] {dagbag.py:496} INFO - Filling up the DagBag from /home/airflow/.local/lib/python3.6/site-packages/airflow/example_dags/example_latest_only.py
[2023-02-16 20:52:00,173] {scheduler_job.py:643} INFO - DAG(s) dict_keys(['latest_only']) retrieved from /home/airflow/.local/lib/python3.6/site-packages/airflow/example_dags/example_latest_only.py
[2023-02-16 20:52:00,196] {logging_mixin.py:104} INFO - [2023-02-16 20:52:00,196] {dag.py:1833} INFO - Sync 1 DAGs
[2023-02-16 20:52:00,213] {logging_mixin.py:104} INFO - [2023-02-16 20:52:00,213] {dag.py:2306} INFO - Setting next_dagrun for latest_only to 2023-02-14 00:00:00+00:00
[2023-02-16 20:52:00,225] {scheduler_job.py:190} INFO - Processing /home/airflow/.local/lib/python3.6/site-packages/airflow/example_dags/example_latest_only.py took 0.067 seconds
[2023-02-16 20:52:30,680] {scheduler_job.py:182} INFO - Started process (PID=1166) to work on /home/airflow/.local/lib/python3.6/site-packages/airflow/example_dags/example_latest_only.py
[2023-02-16 20:52:30,680] {scheduler_job.py:633} INFO - Processing file /home/airflow/.local/lib/python3.6/site-packages/airflow/example_dags/example_latest_only.py for tasks to queue
[2023-02-16 20:52:30,681] {logging_mixin.py:104} INFO - [2023-02-16 20:52:30,681] {dagbag.py:496} INFO - Filling up the DagBag from /home/airflow/.local/lib/python3.6/site-packages/airflow/example_dags/example_latest_only.py
[2023-02-16 20:52:30,691] {scheduler_job.py:643} INFO - DAG(s) dict_keys(['latest_only']) retrieved from /home/airflow/.local/lib/python3.6/site-packages/airflow/example_dags/example_latest_only.py
[2023-02-16 20:52:30,713] {logging_mixin.py:104} INFO - [2023-02-16 20:52:30,713] {dag.py:1833} INFO - Sync 1 DAGs
[2023-02-16 20:52:30,725] {logging_mixin.py:104} INFO - [2023-02-16 20:52:30,725] {dag.py:2306} INFO - Setting next_dagrun for latest_only to 2023-02-14 00:00:00+00:00
[2023-02-16 20:52:30,733] {scheduler_job.py:190} INFO - Processing /home/airflow/.local/lib/python3.6/site-packages/airflow/example_dags/example_latest_only.py took 0.056 seconds
[2023-02-16 20:53:02,986] {scheduler_job.py:182} INFO - Started process (PID=1217) to work on /home/airflow/.local/lib/python3.6/site-packages/airflow/example_dags/example_latest_only.py
[2023-02-16 20:53:02,987] {scheduler_job.py:633} INFO - Processing file /home/airflow/.local/lib/python3.6/site-packages/airflow/example_dags/example_latest_only.py for tasks to queue
[2023-02-16 20:53:02,988] {logging_mixin.py:104} INFO - [2023-02-16 20:53:02,988] {dagbag.py:496} INFO - Filling up the DagBag from /home/airflow/.local/lib/python3.6/site-packages/airflow/example_dags/example_latest_only.py
[2023-02-16 20:53:03,002] {scheduler_job.py:643} INFO - DAG(s) dict_keys(['latest_only']) retrieved from /home/airflow/.local/lib/python3.6/site-packages/airflow/example_dags/example_latest_only.py
[2023-02-16 20:53:03,188] {logging_mixin.py:104} INFO - [2023-02-16 20:53:03,188] {dag.py:1833} INFO - Sync 1 DAGs
[2023-02-16 20:53:03,386] {logging_mixin.py:104} INFO - [2023-02-16 20:53:03,385] {dag.py:2306} INFO - Setting next_dagrun for latest_only to 2023-02-14 00:00:00+00:00
[2023-02-16 20:53:03,485] {scheduler_job.py:190} INFO - Processing /home/airflow/.local/lib/python3.6/site-packages/airflow/example_dags/example_latest_only.py took 0.579 seconds
[2023-02-16 20:53:34,787] {scheduler_job.py:182} INFO - Started process (PID=1266) to work on /home/airflow/.local/lib/python3.6/site-packages/airflow/example_dags/example_latest_only.py
[2023-02-16 20:53:34,788] {scheduler_job.py:633} INFO - Processing file /home/airflow/.local/lib/python3.6/site-packages/airflow/example_dags/example_latest_only.py for tasks to queue
[2023-02-16 20:53:34,789] {logging_mixin.py:104} INFO - [2023-02-16 20:53:34,789] {dagbag.py:496} INFO - Filling up the DagBag from /home/airflow/.local/lib/python3.6/site-packages/airflow/example_dags/example_latest_only.py
[2023-02-16 20:53:34,801] {scheduler_job.py:643} INFO - DAG(s) dict_keys(['latest_only']) retrieved from /home/airflow/.local/lib/python3.6/site-packages/airflow/example_dags/example_latest_only.py
[2023-02-16 20:53:34,901] {logging_mixin.py:104} INFO - [2023-02-16 20:53:34,901] {dag.py:1833} INFO - Sync 1 DAGs
[2023-02-16 20:53:34,991] {logging_mixin.py:104} INFO - [2023-02-16 20:53:34,991] {dag.py:2306} INFO - Setting next_dagrun for latest_only to 2023-02-14 00:00:00+00:00
[2023-02-16 20:53:35,000] {scheduler_job.py:190} INFO - Processing /home/airflow/.local/lib/python3.6/site-packages/airflow/example_dags/example_latest_only.py took 0.217 seconds
[2023-02-16 20:54:05,703] {scheduler_job.py:182} INFO - Started process (PID=1318) to work on /home/airflow/.local/lib/python3.6/site-packages/airflow/example_dags/example_latest_only.py
[2023-02-16 20:54:05,704] {scheduler_job.py:633} INFO - Processing file /home/airflow/.local/lib/python3.6/site-packages/airflow/example_dags/example_latest_only.py for tasks to queue
[2023-02-16 20:54:05,705] {logging_mixin.py:104} INFO - [2023-02-16 20:54:05,705] {dagbag.py:496} INFO - Filling up the DagBag from /home/airflow/.local/lib/python3.6/site-packages/airflow/example_dags/example_latest_only.py
[2023-02-16 20:54:05,715] {scheduler_job.py:643} INFO - DAG(s) dict_keys(['latest_only']) retrieved from /home/airflow/.local/lib/python3.6/site-packages/airflow/example_dags/example_latest_only.py
[2023-02-16 20:54:05,799] {logging_mixin.py:104} INFO - [2023-02-16 20:54:05,799] {dag.py:1833} INFO - Sync 1 DAGs
[2023-02-16 20:54:05,815] {logging_mixin.py:104} INFO - [2023-02-16 20:54:05,814] {dag.py:2306} INFO - Setting next_dagrun for latest_only to 2023-02-14 00:00:00+00:00
[2023-02-16 20:54:05,828] {scheduler_job.py:190} INFO - Processing /home/airflow/.local/lib/python3.6/site-packages/airflow/example_dags/example_latest_only.py took 0.128 seconds
[2023-02-16 20:54:36,202] {scheduler_job.py:182} INFO - Started process (PID=1369) to work on /home/airflow/.local/lib/python3.6/site-packages/airflow/example_dags/example_latest_only.py
[2023-02-16 20:54:36,202] {scheduler_job.py:633} INFO - Processing file /home/airflow/.local/lib/python3.6/site-packages/airflow/example_dags/example_latest_only.py for tasks to queue
[2023-02-16 20:54:36,203] {logging_mixin.py:104} INFO - [2023-02-16 20:54:36,203] {dagbag.py:496} INFO - Filling up the DagBag from /home/airflow/.local/lib/python3.6/site-packages/airflow/example_dags/example_latest_only.py
[2023-02-16 20:54:36,213] {scheduler_job.py:643} INFO - DAG(s) dict_keys(['latest_only']) retrieved from /home/airflow/.local/lib/python3.6/site-packages/airflow/example_dags/example_latest_only.py
[2023-02-16 20:54:36,232] {logging_mixin.py:104} INFO - [2023-02-16 20:54:36,232] {dag.py:1833} INFO - Sync 1 DAGs
[2023-02-16 20:54:36,247] {logging_mixin.py:104} INFO - [2023-02-16 20:54:36,247] {dag.py:2306} INFO - Setting next_dagrun for latest_only to 2023-02-14 00:00:00+00:00
[2023-02-16 20:54:36,258] {scheduler_job.py:190} INFO - Processing /home/airflow/.local/lib/python3.6/site-packages/airflow/example_dags/example_latest_only.py took 0.059 seconds
[2023-02-16 20:55:06,882] {scheduler_job.py:182} INFO - Started process (PID=1430) to work on /home/airflow/.local/lib/python3.6/site-packages/airflow/example_dags/example_latest_only.py
[2023-02-16 20:55:06,883] {scheduler_job.py:633} INFO - Processing file /home/airflow/.local/lib/python3.6/site-packages/airflow/example_dags/example_latest_only.py for tasks to queue
[2023-02-16 20:55:06,884] {logging_mixin.py:104} INFO - [2023-02-16 20:55:06,883] {dagbag.py:496} INFO - Filling up the DagBag from /home/airflow/.local/lib/python3.6/site-packages/airflow/example_dags/example_latest_only.py
[2023-02-16 20:55:06,895] {scheduler_job.py:643} INFO - DAG(s) dict_keys(['latest_only']) retrieved from /home/airflow/.local/lib/python3.6/site-packages/airflow/example_dags/example_latest_only.py
[2023-02-16 20:55:06,917] {logging_mixin.py:104} INFO - [2023-02-16 20:55:06,917] {dag.py:1833} INFO - Sync 1 DAGs
[2023-02-16 20:55:06,932] {logging_mixin.py:104} INFO - [2023-02-16 20:55:06,932] {dag.py:2306} INFO - Setting next_dagrun for latest_only to 2023-02-14 00:00:00+00:00
[2023-02-16 20:55:06,942] {scheduler_job.py:190} INFO - Processing /home/airflow/.local/lib/python3.6/site-packages/airflow/example_dags/example_latest_only.py took 0.063 seconds
[2023-02-16 20:55:37,408] {scheduler_job.py:182} INFO - Started process (PID=1482) to work on /home/airflow/.local/lib/python3.6/site-packages/airflow/example_dags/example_latest_only.py
[2023-02-16 20:55:37,409] {scheduler_job.py:633} INFO - Processing file /home/airflow/.local/lib/python3.6/site-packages/airflow/example_dags/example_latest_only.py for tasks to queue
[2023-02-16 20:55:37,409] {logging_mixin.py:104} INFO - [2023-02-16 20:55:37,409] {dagbag.py:496} INFO - Filling up the DagBag from /home/airflow/.local/lib/python3.6/site-packages/airflow/example_dags/example_latest_only.py
[2023-02-16 20:55:37,418] {scheduler_job.py:643} INFO - DAG(s) dict_keys(['latest_only']) retrieved from /home/airflow/.local/lib/python3.6/site-packages/airflow/example_dags/example_latest_only.py
[2023-02-16 20:55:37,436] {logging_mixin.py:104} INFO - [2023-02-16 20:55:37,435] {dag.py:1833} INFO - Sync 1 DAGs
[2023-02-16 20:55:37,448] {logging_mixin.py:104} INFO - [2023-02-16 20:55:37,448] {dag.py:2306} INFO - Setting next_dagrun for latest_only to 2023-02-14 00:00:00+00:00
[2023-02-16 20:55:37,460] {scheduler_job.py:190} INFO - Processing /home/airflow/.local/lib/python3.6/site-packages/airflow/example_dags/example_latest_only.py took 0.054 seconds
[2023-02-16 20:56:08,088] {scheduler_job.py:182} INFO - Started process (PID=1543) to work on /home/airflow/.local/lib/python3.6/site-packages/airflow/example_dags/example_latest_only.py
[2023-02-16 20:56:08,089] {scheduler_job.py:633} INFO - Processing file /home/airflow/.local/lib/python3.6/site-packages/airflow/example_dags/example_latest_only.py for tasks to queue
[2023-02-16 20:56:08,089] {logging_mixin.py:104} INFO - [2023-02-16 20:56:08,089] {dagbag.py:496} INFO - Filling up the DagBag from /home/airflow/.local/lib/python3.6/site-packages/airflow/example_dags/example_latest_only.py
[2023-02-16 20:56:08,100] {scheduler_job.py:643} INFO - DAG(s) dict_keys(['latest_only']) retrieved from /home/airflow/.local/lib/python3.6/site-packages/airflow/example_dags/example_latest_only.py
[2023-02-16 20:56:08,124] {logging_mixin.py:104} INFO - [2023-02-16 20:56:08,123] {dag.py:1833} INFO - Sync 1 DAGs
[2023-02-16 20:56:08,147] {logging_mixin.py:104} INFO - [2023-02-16 20:56:08,147] {dag.py:2306} INFO - Setting next_dagrun for latest_only to 2023-02-14 00:00:00+00:00
[2023-02-16 20:56:08,159] {scheduler_job.py:190} INFO - Processing /home/airflow/.local/lib/python3.6/site-packages/airflow/example_dags/example_latest_only.py took 0.074 seconds
[2023-02-16 20:56:38,603] {scheduler_job.py:182} INFO - Started process (PID=1594) to work on /home/airflow/.local/lib/python3.6/site-packages/airflow/example_dags/example_latest_only.py
[2023-02-16 20:56:38,604] {scheduler_job.py:633} INFO - Processing file /home/airflow/.local/lib/python3.6/site-packages/airflow/example_dags/example_latest_only.py for tasks to queue
[2023-02-16 20:56:38,605] {logging_mixin.py:104} INFO - [2023-02-16 20:56:38,605] {dagbag.py:496} INFO - Filling up the DagBag from /home/airflow/.local/lib/python3.6/site-packages/airflow/example_dags/example_latest_only.py
[2023-02-16 20:56:38,618] {scheduler_job.py:643} INFO - DAG(s) dict_keys(['latest_only']) retrieved from /home/airflow/.local/lib/python3.6/site-packages/airflow/example_dags/example_latest_only.py
[2023-02-16 20:56:38,643] {logging_mixin.py:104} INFO - [2023-02-16 20:56:38,642] {dag.py:1833} INFO - Sync 1 DAGs
[2023-02-16 20:56:38,664] {logging_mixin.py:104} INFO - [2023-02-16 20:56:38,663] {dag.py:2306} INFO - Setting next_dagrun for latest_only to 2023-02-14 00:00:00+00:00
[2023-02-16 20:56:38,674] {scheduler_job.py:190} INFO - Processing /home/airflow/.local/lib/python3.6/site-packages/airflow/example_dags/example_latest_only.py took 0.074 seconds
[2023-02-16 20:57:09,421] {scheduler_job.py:182} INFO - Started process (PID=1654) to work on /home/airflow/.local/lib/python3.6/site-packages/airflow/example_dags/example_latest_only.py
[2023-02-16 20:57:09,422] {scheduler_job.py:633} INFO - Processing file /home/airflow/.local/lib/python3.6/site-packages/airflow/example_dags/example_latest_only.py for tasks to queue
[2023-02-16 20:57:09,422] {logging_mixin.py:104} INFO - [2023-02-16 20:57:09,422] {dagbag.py:496} INFO - Filling up the DagBag from /home/airflow/.local/lib/python3.6/site-packages/airflow/example_dags/example_latest_only.py
[2023-02-16 20:57:09,492] {scheduler_job.py:643} INFO - DAG(s) dict_keys(['latest_only']) retrieved from /home/airflow/.local/lib/python3.6/site-packages/airflow/example_dags/example_latest_only.py
[2023-02-16 20:57:09,518] {logging_mixin.py:104} INFO - [2023-02-16 20:57:09,518] {dag.py:1833} INFO - Sync 1 DAGs
[2023-02-16 20:57:09,604] {logging_mixin.py:104} INFO - [2023-02-16 20:57:09,604] {dag.py:2306} INFO - Setting next_dagrun for latest_only to 2023-02-14 00:00:00+00:00
[2023-02-16 20:57:09,618] {scheduler_job.py:190} INFO - Processing /home/airflow/.local/lib/python3.6/site-packages/airflow/example_dags/example_latest_only.py took 0.201 seconds
[2023-02-16 20:57:40,523] {scheduler_job.py:182} INFO - Started process (PID=1706) to work on /home/airflow/.local/lib/python3.6/site-packages/airflow/example_dags/example_latest_only.py
[2023-02-16 20:57:40,527] {scheduler_job.py:633} INFO - Processing file /home/airflow/.local/lib/python3.6/site-packages/airflow/example_dags/example_latest_only.py for tasks to queue
[2023-02-16 20:57:40,529] {logging_mixin.py:104} INFO - [2023-02-16 20:57:40,529] {dagbag.py:496} INFO - Filling up the DagBag from /home/airflow/.local/lib/python3.6/site-packages/airflow/example_dags/example_latest_only.py
[2023-02-16 20:57:40,538] {scheduler_job.py:643} INFO - DAG(s) dict_keys(['latest_only']) retrieved from /home/airflow/.local/lib/python3.6/site-packages/airflow/example_dags/example_latest_only.py
[2023-02-16 20:57:40,558] {logging_mixin.py:104} INFO - [2023-02-16 20:57:40,558] {dag.py:1833} INFO - Sync 1 DAGs
[2023-02-16 20:57:40,573] {logging_mixin.py:104} INFO - [2023-02-16 20:57:40,573] {dag.py:2306} INFO - Setting next_dagrun for latest_only to 2023-02-14 00:00:00+00:00
[2023-02-16 20:57:40,581] {scheduler_job.py:190} INFO - Processing /home/airflow/.local/lib/python3.6/site-packages/airflow/example_dags/example_latest_only.py took 0.060 seconds
[2023-02-16 20:58:11,005] {scheduler_job.py:182} INFO - Started process (PID=1764) to work on /home/airflow/.local/lib/python3.6/site-packages/airflow/example_dags/example_latest_only.py
[2023-02-16 20:58:11,005] {scheduler_job.py:633} INFO - Processing file /home/airflow/.local/lib/python3.6/site-packages/airflow/example_dags/example_latest_only.py for tasks to queue
[2023-02-16 20:58:11,006] {logging_mixin.py:104} INFO - [2023-02-16 20:58:11,006] {dagbag.py:496} INFO - Filling up the DagBag from /home/airflow/.local/lib/python3.6/site-packages/airflow/example_dags/example_latest_only.py
[2023-02-16 20:58:11,017] {scheduler_job.py:643} INFO - DAG(s) dict_keys(['latest_only']) retrieved from /home/airflow/.local/lib/python3.6/site-packages/airflow/example_dags/example_latest_only.py
[2023-02-16 20:58:11,040] {logging_mixin.py:104} INFO - [2023-02-16 20:58:11,040] {dag.py:1833} INFO - Sync 1 DAGs
[2023-02-16 20:58:11,097] {logging_mixin.py:104} INFO - [2023-02-16 20:58:11,097] {dag.py:2306} INFO - Setting next_dagrun for latest_only to 2023-02-14 00:00:00+00:00
[2023-02-16 20:58:11,106] {scheduler_job.py:190} INFO - Processing /home/airflow/.local/lib/python3.6/site-packages/airflow/example_dags/example_latest_only.py took 0.104 seconds
[2023-02-16 20:58:41,836] {scheduler_job.py:182} INFO - Started process (PID=1818) to work on /home/airflow/.local/lib/python3.6/site-packages/airflow/example_dags/example_latest_only.py
[2023-02-16 20:58:41,837] {scheduler_job.py:633} INFO - Processing file /home/airflow/.local/lib/python3.6/site-packages/airflow/example_dags/example_latest_only.py for tasks to queue
[2023-02-16 20:58:41,838] {logging_mixin.py:104} INFO - [2023-02-16 20:58:41,838] {dagbag.py:496} INFO - Filling up the DagBag from /home/airflow/.local/lib/python3.6/site-packages/airflow/example_dags/example_latest_only.py
[2023-02-16 20:58:41,848] {scheduler_job.py:643} INFO - DAG(s) dict_keys(['latest_only']) retrieved from /home/airflow/.local/lib/python3.6/site-packages/airflow/example_dags/example_latest_only.py
[2023-02-16 20:58:41,882] {logging_mixin.py:104} INFO - [2023-02-16 20:58:41,882] {dag.py:1833} INFO - Sync 1 DAGs
[2023-02-16 20:58:41,900] {logging_mixin.py:104} INFO - [2023-02-16 20:58:41,900] {dag.py:2306} INFO - Setting next_dagrun for latest_only to 2023-02-14 00:00:00+00:00
[2023-02-16 20:58:41,910] {scheduler_job.py:190} INFO - Processing /home/airflow/.local/lib/python3.6/site-packages/airflow/example_dags/example_latest_only.py took 0.077 seconds
[2023-02-16 20:59:12,076] {scheduler_job.py:182} INFO - Started process (PID=1868) to work on /home/airflow/.local/lib/python3.6/site-packages/airflow/example_dags/example_latest_only.py
[2023-02-16 20:59:12,077] {scheduler_job.py:633} INFO - Processing file /home/airflow/.local/lib/python3.6/site-packages/airflow/example_dags/example_latest_only.py for tasks to queue
[2023-02-16 20:59:12,077] {logging_mixin.py:104} INFO - [2023-02-16 20:59:12,077] {dagbag.py:496} INFO - Filling up the DagBag from /home/airflow/.local/lib/python3.6/site-packages/airflow/example_dags/example_latest_only.py
[2023-02-16 20:59:12,087] {scheduler_job.py:643} INFO - DAG(s) dict_keys(['latest_only']) retrieved from /home/airflow/.local/lib/python3.6/site-packages/airflow/example_dags/example_latest_only.py
[2023-02-16 20:59:12,110] {logging_mixin.py:104} INFO - [2023-02-16 20:59:12,110] {dag.py:1833} INFO - Sync 1 DAGs
[2023-02-16 20:59:12,127] {logging_mixin.py:104} INFO - [2023-02-16 20:59:12,126] {dag.py:2306} INFO - Setting next_dagrun for latest_only to 2023-02-14 00:00:00+00:00
[2023-02-16 20:59:12,135] {scheduler_job.py:190} INFO - Processing /home/airflow/.local/lib/python3.6/site-packages/airflow/example_dags/example_latest_only.py took 0.062 seconds
[2023-02-16 20:59:42,265] {scheduler_job.py:182} INFO - Started process (PID=1929) to work on /home/airflow/.local/lib/python3.6/site-packages/airflow/example_dags/example_latest_only.py
[2023-02-16 20:59:42,266] {scheduler_job.py:633} INFO - Processing file /home/airflow/.local/lib/python3.6/site-packages/airflow/example_dags/example_latest_only.py for tasks to queue
[2023-02-16 20:59:42,267] {logging_mixin.py:104} INFO - [2023-02-16 20:59:42,267] {dagbag.py:496} INFO - Filling up the DagBag from /home/airflow/.local/lib/python3.6/site-packages/airflow/example_dags/example_latest_only.py
[2023-02-16 20:59:42,278] {scheduler_job.py:643} INFO - DAG(s) dict_keys(['latest_only']) retrieved from /home/airflow/.local/lib/python3.6/site-packages/airflow/example_dags/example_latest_only.py
[2023-02-16 20:59:42,302] {logging_mixin.py:104} INFO - [2023-02-16 20:59:42,302] {dag.py:1833} INFO - Sync 1 DAGs
[2023-02-16 20:59:42,315] {logging_mixin.py:104} INFO - [2023-02-16 20:59:42,315] {dag.py:2306} INFO - Setting next_dagrun for latest_only to 2023-02-14 00:00:00+00:00
[2023-02-16 20:59:42,324] {scheduler_job.py:190} INFO - Processing /home/airflow/.local/lib/python3.6/site-packages/airflow/example_dags/example_latest_only.py took 0.062 seconds
[2023-02-16 21:00:12,557] {scheduler_job.py:182} INFO - Started process (PID=1980) to work on /home/airflow/.local/lib/python3.6/site-packages/airflow/example_dags/example_latest_only.py
[2023-02-16 21:00:12,558] {scheduler_job.py:633} INFO - Processing file /home/airflow/.local/lib/python3.6/site-packages/airflow/example_dags/example_latest_only.py for tasks to queue
[2023-02-16 21:00:12,559] {logging_mixin.py:104} INFO - [2023-02-16 21:00:12,559] {dagbag.py:496} INFO - Filling up the DagBag from /home/airflow/.local/lib/python3.6/site-packages/airflow/example_dags/example_latest_only.py
[2023-02-16 21:00:12,569] {scheduler_job.py:643} INFO - DAG(s) dict_keys(['latest_only']) retrieved from /home/airflow/.local/lib/python3.6/site-packages/airflow/example_dags/example_latest_only.py
[2023-02-16 21:00:12,591] {logging_mixin.py:104} INFO - [2023-02-16 21:00:12,591] {dag.py:1833} INFO - Sync 1 DAGs
[2023-02-16 21:00:12,607] {logging_mixin.py:104} INFO - [2023-02-16 21:00:12,607] {dag.py:2306} INFO - Setting next_dagrun for latest_only to 2023-02-14 00:00:00+00:00
[2023-02-16 21:00:12,615] {scheduler_job.py:190} INFO - Processing /home/airflow/.local/lib/python3.6/site-packages/airflow/example_dags/example_latest_only.py took 0.061 seconds
[2023-02-16 21:00:43,135] {scheduler_job.py:182} INFO - Started process (PID=2041) to work on /home/airflow/.local/lib/python3.6/site-packages/airflow/example_dags/example_latest_only.py
[2023-02-16 21:00:43,136] {scheduler_job.py:633} INFO - Processing file /home/airflow/.local/lib/python3.6/site-packages/airflow/example_dags/example_latest_only.py for tasks to queue
[2023-02-16 21:00:43,136] {logging_mixin.py:104} INFO - [2023-02-16 21:00:43,136] {dagbag.py:496} INFO - Filling up the DagBag from /home/airflow/.local/lib/python3.6/site-packages/airflow/example_dags/example_latest_only.py
[2023-02-16 21:00:43,146] {scheduler_job.py:643} INFO - DAG(s) dict_keys(['latest_only']) retrieved from /home/airflow/.local/lib/python3.6/site-packages/airflow/example_dags/example_latest_only.py
[2023-02-16 21:00:43,166] {logging_mixin.py:104} INFO - [2023-02-16 21:00:43,166] {dag.py:1833} INFO - Sync 1 DAGs
[2023-02-16 21:00:43,180] {logging_mixin.py:104} INFO - [2023-02-16 21:00:43,180] {dag.py:2306} INFO - Setting next_dagrun for latest_only to 2023-02-14 00:00:00+00:00
[2023-02-16 21:00:43,188] {scheduler_job.py:190} INFO - Processing /home/airflow/.local/lib/python3.6/site-packages/airflow/example_dags/example_latest_only.py took 0.055 seconds
[2023-02-16 21:01:13,611] {scheduler_job.py:182} INFO - Started process (PID=2092) to work on /home/airflow/.local/lib/python3.6/site-packages/airflow/example_dags/example_latest_only.py
[2023-02-16 21:01:13,612] {scheduler_job.py:633} INFO - Processing file /home/airflow/.local/lib/python3.6/site-packages/airflow/example_dags/example_latest_only.py for tasks to queue
[2023-02-16 21:01:13,612] {logging_mixin.py:104} INFO - [2023-02-16 21:01:13,612] {dagbag.py:496} INFO - Filling up the DagBag from /home/airflow/.local/lib/python3.6/site-packages/airflow/example_dags/example_latest_only.py
[2023-02-16 21:01:13,623] {scheduler_job.py:643} INFO - DAG(s) dict_keys(['latest_only']) retrieved from /home/airflow/.local/lib/python3.6/site-packages/airflow/example_dags/example_latest_only.py
[2023-02-16 21:01:13,643] {logging_mixin.py:104} INFO - [2023-02-16 21:01:13,643] {dag.py:1833} INFO - Sync 1 DAGs
[2023-02-16 21:01:13,657] {logging_mixin.py:104} INFO - [2023-02-16 21:01:13,657] {dag.py:2306} INFO - Setting next_dagrun for latest_only to 2023-02-14 00:00:00+00:00
[2023-02-16 21:01:13,666] {scheduler_job.py:190} INFO - Processing /home/airflow/.local/lib/python3.6/site-packages/airflow/example_dags/example_latest_only.py took 0.058 seconds
[2023-02-16 21:01:44,048] {scheduler_job.py:182} INFO - Started process (PID=2153) to work on /home/airflow/.local/lib/python3.6/site-packages/airflow/example_dags/example_latest_only.py
[2023-02-16 21:01:44,049] {scheduler_job.py:633} INFO - Processing file /home/airflow/.local/lib/python3.6/site-packages/airflow/example_dags/example_latest_only.py for tasks to queue
[2023-02-16 21:01:44,050] {logging_mixin.py:104} INFO - [2023-02-16 21:01:44,050] {dagbag.py:496} INFO - Filling up the DagBag from /home/airflow/.local/lib/python3.6/site-packages/airflow/example_dags/example_latest_only.py
[2023-02-16 21:01:44,061] {scheduler_job.py:643} INFO - DAG(s) dict_keys(['latest_only']) retrieved from /home/airflow/.local/lib/python3.6/site-packages/airflow/example_dags/example_latest_only.py
[2023-02-16 21:01:44,082] {logging_mixin.py:104} INFO - [2023-02-16 21:01:44,082] {dag.py:1833} INFO - Sync 1 DAGs
[2023-02-16 21:01:44,097] {logging_mixin.py:104} INFO - [2023-02-16 21:01:44,097] {dag.py:2306} INFO - Setting next_dagrun for latest_only to 2023-02-14 00:00:00+00:00
[2023-02-16 21:01:44,108] {scheduler_job.py:190} INFO - Processing /home/airflow/.local/lib/python3.6/site-packages/airflow/example_dags/example_latest_only.py took 0.062 seconds
[2023-02-16 21:02:14,313] {scheduler_job.py:182} INFO - Started process (PID=2205) to work on /home/airflow/.local/lib/python3.6/site-packages/airflow/example_dags/example_latest_only.py
[2023-02-16 21:02:14,314] {scheduler_job.py:633} INFO - Processing file /home/airflow/.local/lib/python3.6/site-packages/airflow/example_dags/example_latest_only.py for tasks to queue
[2023-02-16 21:02:14,314] {logging_mixin.py:104} INFO - [2023-02-16 21:02:14,314] {dagbag.py:496} INFO - Filling up the DagBag from /home/airflow/.local/lib/python3.6/site-packages/airflow/example_dags/example_latest_only.py
[2023-02-16 21:02:14,324] {scheduler_job.py:643} INFO - DAG(s) dict_keys(['latest_only']) retrieved from /home/airflow/.local/lib/python3.6/site-packages/airflow/example_dags/example_latest_only.py
[2023-02-16 21:02:14,344] {logging_mixin.py:104} INFO - [2023-02-16 21:02:14,344] {dag.py:1833} INFO - Sync 1 DAGs
[2023-02-16 21:02:14,357] {logging_mixin.py:104} INFO - [2023-02-16 21:02:14,357] {dag.py:2306} INFO - Setting next_dagrun for latest_only to 2023-02-14 00:00:00+00:00
[2023-02-16 21:02:14,365] {scheduler_job.py:190} INFO - Processing /home/airflow/.local/lib/python3.6/site-packages/airflow/example_dags/example_latest_only.py took 0.055 seconds
[2023-02-16 21:02:45,095] {scheduler_job.py:182} INFO - Started process (PID=2266) to work on /home/airflow/.local/lib/python3.6/site-packages/airflow/example_dags/example_latest_only.py
[2023-02-16 21:02:45,096] {scheduler_job.py:633} INFO - Processing file /home/airflow/.local/lib/python3.6/site-packages/airflow/example_dags/example_latest_only.py for tasks to queue
[2023-02-16 21:02:45,096] {logging_mixin.py:104} INFO - [2023-02-16 21:02:45,096] {dagbag.py:496} INFO - Filling up the DagBag from /home/airflow/.local/lib/python3.6/site-packages/airflow/example_dags/example_latest_only.py
[2023-02-16 21:02:45,108] {scheduler_job.py:643} INFO - DAG(s) dict_keys(['latest_only']) retrieved from /home/airflow/.local/lib/python3.6/site-packages/airflow/example_dags/example_latest_only.py
[2023-02-16 21:02:45,129] {logging_mixin.py:104} INFO - [2023-02-16 21:02:45,129] {dag.py:1833} INFO - Sync 1 DAGs
[2023-02-16 21:02:45,143] {logging_mixin.py:104} INFO - [2023-02-16 21:02:45,143] {dag.py:2306} INFO - Setting next_dagrun for latest_only to 2023-02-14 00:00:00+00:00
[2023-02-16 21:02:45,151] {scheduler_job.py:190} INFO - Processing /home/airflow/.local/lib/python3.6/site-packages/airflow/example_dags/example_latest_only.py took 0.059 seconds
[2023-02-16 21:03:15,526] {scheduler_job.py:182} INFO - Started process (PID=2317) to work on /home/airflow/.local/lib/python3.6/site-packages/airflow/example_dags/example_latest_only.py
[2023-02-16 21:03:15,529] {scheduler_job.py:633} INFO - Processing file /home/airflow/.local/lib/python3.6/site-packages/airflow/example_dags/example_latest_only.py for tasks to queue
[2023-02-16 21:03:15,529] {logging_mixin.py:104} INFO - [2023-02-16 21:03:15,529] {dagbag.py:496} INFO - Filling up the DagBag from /home/airflow/.local/lib/python3.6/site-packages/airflow/example_dags/example_latest_only.py
[2023-02-16 21:03:15,539] {scheduler_job.py:643} INFO - DAG(s) dict_keys(['latest_only']) retrieved from /home/airflow/.local/lib/python3.6/site-packages/airflow/example_dags/example_latest_only.py
[2023-02-16 21:03:15,560] {logging_mixin.py:104} INFO - [2023-02-16 21:03:15,560] {dag.py:1833} INFO - Sync 1 DAGs
[2023-02-16 21:03:15,576] {logging_mixin.py:104} INFO - [2023-02-16 21:03:15,575] {dag.py:2306} INFO - Setting next_dagrun for latest_only to 2023-02-14 00:00:00+00:00
[2023-02-16 21:03:15,585] {scheduler_job.py:190} INFO - Processing /home/airflow/.local/lib/python3.6/site-packages/airflow/example_dags/example_latest_only.py took 0.062 seconds
[2023-02-16 21:03:45,843] {scheduler_job.py:182} INFO - Started process (PID=2378) to work on /home/airflow/.local/lib/python3.6/site-packages/airflow/example_dags/example_latest_only.py
[2023-02-16 21:03:45,844] {scheduler_job.py:633} INFO - Processing file /home/airflow/.local/lib/python3.6/site-packages/airflow/example_dags/example_latest_only.py for tasks to queue
[2023-02-16 21:03:45,844] {logging_mixin.py:104} INFO - [2023-02-16 21:03:45,844] {dagbag.py:496} INFO - Filling up the DagBag from /home/airflow/.local/lib/python3.6/site-packages/airflow/example_dags/example_latest_only.py
[2023-02-16 21:03:45,853] {scheduler_job.py:643} INFO - DAG(s) dict_keys(['latest_only']) retrieved from /home/airflow/.local/lib/python3.6/site-packages/airflow/example_dags/example_latest_only.py
[2023-02-16 21:03:45,876] {logging_mixin.py:104} INFO - [2023-02-16 21:03:45,876] {dag.py:1833} INFO - Sync 1 DAGs
[2023-02-16 21:03:45,896] {logging_mixin.py:104} INFO - [2023-02-16 21:03:45,896] {dag.py:2306} INFO - Setting next_dagrun for latest_only to 2023-02-14 00:00:00+00:00
[2023-02-16 21:03:45,909] {scheduler_job.py:190} INFO - Processing /home/airflow/.local/lib/python3.6/site-packages/airflow/example_dags/example_latest_only.py took 0.068 seconds
[2023-02-16 21:04:16,595] {scheduler_job.py:182} INFO - Started process (PID=2429) to work on /home/airflow/.local/lib/python3.6/site-packages/airflow/example_dags/example_latest_only.py
[2023-02-16 21:04:16,596] {scheduler_job.py:633} INFO - Processing file /home/airflow/.local/lib/python3.6/site-packages/airflow/example_dags/example_latest_only.py for tasks to queue
[2023-02-16 21:04:16,597] {logging_mixin.py:104} INFO - [2023-02-16 21:04:16,597] {dagbag.py:496} INFO - Filling up the DagBag from /home/airflow/.local/lib/python3.6/site-packages/airflow/example_dags/example_latest_only.py
[2023-02-16 21:04:16,606] {scheduler_job.py:643} INFO - DAG(s) dict_keys(['latest_only']) retrieved from /home/airflow/.local/lib/python3.6/site-packages/airflow/example_dags/example_latest_only.py
[2023-02-16 21:04:16,624] {logging_mixin.py:104} INFO - [2023-02-16 21:04:16,623] {dag.py:1833} INFO - Sync 1 DAGs
[2023-02-16 21:04:16,637] {logging_mixin.py:104} INFO - [2023-02-16 21:04:16,636] {dag.py:2306} INFO - Setting next_dagrun for latest_only to 2023-02-14 00:00:00+00:00
[2023-02-16 21:04:16,645] {scheduler_job.py:190} INFO - Processing /home/airflow/.local/lib/python3.6/site-packages/airflow/example_dags/example_latest_only.py took 0.052 seconds
[2023-02-16 21:04:47,167] {scheduler_job.py:182} INFO - Started process (PID=2480) to work on /home/airflow/.local/lib/python3.6/site-packages/airflow/example_dags/example_latest_only.py
[2023-02-16 21:04:47,167] {scheduler_job.py:633} INFO - Processing file /home/airflow/.local/lib/python3.6/site-packages/airflow/example_dags/example_latest_only.py for tasks to queue
[2023-02-16 21:04:47,168] {logging_mixin.py:104} INFO - [2023-02-16 21:04:47,168] {dagbag.py:496} INFO - Filling up the DagBag from /home/airflow/.local/lib/python3.6/site-packages/airflow/example_dags/example_latest_only.py
[2023-02-16 21:04:47,179] {scheduler_job.py:643} INFO - DAG(s) dict_keys(['latest_only']) retrieved from /home/airflow/.local/lib/python3.6/site-packages/airflow/example_dags/example_latest_only.py
[2023-02-16 21:04:47,204] {logging_mixin.py:104} INFO - [2023-02-16 21:04:47,203] {dag.py:1833} INFO - Sync 1 DAGs
[2023-02-16 21:04:47,222] {logging_mixin.py:104} INFO - [2023-02-16 21:04:47,222] {dag.py:2306} INFO - Setting next_dagrun for latest_only to 2023-02-14 00:00:00+00:00
[2023-02-16 21:04:47,233] {scheduler_job.py:190} INFO - Processing /home/airflow/.local/lib/python3.6/site-packages/airflow/example_dags/example_latest_only.py took 0.069 seconds
[2023-02-16 21:05:17,710] {scheduler_job.py:182} INFO - Started process (PID=2541) to work on /home/airflow/.local/lib/python3.6/site-packages/airflow/example_dags/example_latest_only.py
[2023-02-16 21:05:17,711] {scheduler_job.py:633} INFO - Processing file /home/airflow/.local/lib/python3.6/site-packages/airflow/example_dags/example_latest_only.py for tasks to queue
[2023-02-16 21:05:17,712] {logging_mixin.py:104} INFO - [2023-02-16 21:05:17,712] {dagbag.py:496} INFO - Filling up the DagBag from /home/airflow/.local/lib/python3.6/site-packages/airflow/example_dags/example_latest_only.py
[2023-02-16 21:05:17,724] {scheduler_job.py:643} INFO - DAG(s) dict_keys(['latest_only']) retrieved from /home/airflow/.local/lib/python3.6/site-packages/airflow/example_dags/example_latest_only.py
[2023-02-16 21:05:17,753] {logging_mixin.py:104} INFO - [2023-02-16 21:05:17,752] {dag.py:1833} INFO - Sync 1 DAGs
[2023-02-16 21:05:17,772] {logging_mixin.py:104} INFO - [2023-02-16 21:05:17,772] {dag.py:2306} INFO - Setting next_dagrun for latest_only to 2023-02-14 00:00:00+00:00
[2023-02-16 21:05:17,784] {scheduler_job.py:190} INFO - Processing /home/airflow/.local/lib/python3.6/site-packages/airflow/example_dags/example_latest_only.py took 0.077 seconds
[2023-02-16 21:05:48,451] {scheduler_job.py:182} INFO - Started process (PID=2592) to work on /home/airflow/.local/lib/python3.6/site-packages/airflow/example_dags/example_latest_only.py
[2023-02-16 21:05:48,452] {scheduler_job.py:633} INFO - Processing file /home/airflow/.local/lib/python3.6/site-packages/airflow/example_dags/example_latest_only.py for tasks to queue
[2023-02-16 21:05:48,453] {logging_mixin.py:104} INFO - [2023-02-16 21:05:48,453] {dagbag.py:496} INFO - Filling up the DagBag from /home/airflow/.local/lib/python3.6/site-packages/airflow/example_dags/example_latest_only.py
[2023-02-16 21:05:48,463] {scheduler_job.py:643} INFO - DAG(s) dict_keys(['latest_only']) retrieved from /home/airflow/.local/lib/python3.6/site-packages/airflow/example_dags/example_latest_only.py
[2023-02-16 21:05:48,484] {logging_mixin.py:104} INFO - [2023-02-16 21:05:48,484] {dag.py:1833} INFO - Sync 1 DAGs
[2023-02-16 21:05:48,498] {logging_mixin.py:104} INFO - [2023-02-16 21:05:48,498] {dag.py:2306} INFO - Setting next_dagrun for latest_only to 2023-02-14 00:00:00+00:00
[2023-02-16 21:05:48,509] {scheduler_job.py:190} INFO - Processing /home/airflow/.local/lib/python3.6/site-packages/airflow/example_dags/example_latest_only.py took 0.060 seconds
[2023-02-16 21:06:19,115] {scheduler_job.py:182} INFO - Started process (PID=2653) to work on /home/airflow/.local/lib/python3.6/site-packages/airflow/example_dags/example_latest_only.py
[2023-02-16 21:06:19,116] {scheduler_job.py:633} INFO - Processing file /home/airflow/.local/lib/python3.6/site-packages/airflow/example_dags/example_latest_only.py for tasks to queue
[2023-02-16 21:06:19,117] {logging_mixin.py:104} INFO - [2023-02-16 21:06:19,116] {dagbag.py:496} INFO - Filling up the DagBag from /home/airflow/.local/lib/python3.6/site-packages/airflow/example_dags/example_latest_only.py
[2023-02-16 21:06:19,129] {scheduler_job.py:643} INFO - DAG(s) dict_keys(['latest_only']) retrieved from /home/airflow/.local/lib/python3.6/site-packages/airflow/example_dags/example_latest_only.py
[2023-02-16 21:06:19,152] {logging_mixin.py:104} INFO - [2023-02-16 21:06:19,152] {dag.py:1833} INFO - Sync 1 DAGs
[2023-02-16 21:06:19,168] {logging_mixin.py:104} INFO - [2023-02-16 21:06:19,168] {dag.py:2306} INFO - Setting next_dagrun for latest_only to 2023-02-14 00:00:00+00:00
[2023-02-16 21:06:19,179] {scheduler_job.py:190} INFO - Processing /home/airflow/.local/lib/python3.6/site-packages/airflow/example_dags/example_latest_only.py took 0.067 seconds
[2023-02-16 21:06:49,698] {scheduler_job.py:182} INFO - Started process (PID=2704) to work on /home/airflow/.local/lib/python3.6/site-packages/airflow/example_dags/example_latest_only.py
[2023-02-16 21:06:49,699] {scheduler_job.py:633} INFO - Processing file /home/airflow/.local/lib/python3.6/site-packages/airflow/example_dags/example_latest_only.py for tasks to queue
[2023-02-16 21:06:49,699] {logging_mixin.py:104} INFO - [2023-02-16 21:06:49,699] {dagbag.py:496} INFO - Filling up the DagBag from /home/airflow/.local/lib/python3.6/site-packages/airflow/example_dags/example_latest_only.py
[2023-02-16 21:06:49,710] {scheduler_job.py:643} INFO - DAG(s) dict_keys(['latest_only']) retrieved from /home/airflow/.local/lib/python3.6/site-packages/airflow/example_dags/example_latest_only.py
[2023-02-16 21:06:49,753] {logging_mixin.py:104} INFO - [2023-02-16 21:06:49,752] {dag.py:1833} INFO - Sync 1 DAGs
[2023-02-16 21:06:49,788] {logging_mixin.py:104} INFO - [2023-02-16 21:06:49,788] {dag.py:2306} INFO - Setting next_dagrun for latest_only to 2023-02-14 00:00:00+00:00
[2023-02-16 21:06:49,798] {scheduler_job.py:190} INFO - Processing /home/airflow/.local/lib/python3.6/site-packages/airflow/example_dags/example_latest_only.py took 0.103 seconds
[2023-02-16 21:07:20,358] {scheduler_job.py:182} INFO - Started process (PID=2765) to work on /home/airflow/.local/lib/python3.6/site-packages/airflow/example_dags/example_latest_only.py
[2023-02-16 21:07:20,359] {scheduler_job.py:633} INFO - Processing file /home/airflow/.local/lib/python3.6/site-packages/airflow/example_dags/example_latest_only.py for tasks to queue
[2023-02-16 21:07:20,359] {logging_mixin.py:104} INFO - [2023-02-16 21:07:20,359] {dagbag.py:496} INFO - Filling up the DagBag from /home/airflow/.local/lib/python3.6/site-packages/airflow/example_dags/example_latest_only.py
[2023-02-16 21:07:20,370] {scheduler_job.py:643} INFO - DAG(s) dict_keys(['latest_only']) retrieved from /home/airflow/.local/lib/python3.6/site-packages/airflow/example_dags/example_latest_only.py
[2023-02-16 21:07:20,389] {logging_mixin.py:104} INFO - [2023-02-16 21:07:20,389] {dag.py:1833} INFO - Sync 1 DAGs
[2023-02-16 21:07:20,401] {logging_mixin.py:104} INFO - [2023-02-16 21:07:20,401] {dag.py:2306} INFO - Setting next_dagrun for latest_only to 2023-02-14 00:00:00+00:00
[2023-02-16 21:07:20,409] {scheduler_job.py:190} INFO - Processing /home/airflow/.local/lib/python3.6/site-packages/airflow/example_dags/example_latest_only.py took 0.054 seconds
[2023-02-16 21:07:50,815] {scheduler_job.py:182} INFO - Started process (PID=2825) to work on /home/airflow/.local/lib/python3.6/site-packages/airflow/example_dags/example_latest_only.py
[2023-02-16 21:07:50,816] {scheduler_job.py:633} INFO - Processing file /home/airflow/.local/lib/python3.6/site-packages/airflow/example_dags/example_latest_only.py for tasks to queue
[2023-02-16 21:07:50,816] {logging_mixin.py:104} INFO - [2023-02-16 21:07:50,816] {dagbag.py:496} INFO - Filling up the DagBag from /home/airflow/.local/lib/python3.6/site-packages/airflow/example_dags/example_latest_only.py
[2023-02-16 21:07:50,826] {scheduler_job.py:643} INFO - DAG(s) dict_keys(['latest_only']) retrieved from /home/airflow/.local/lib/python3.6/site-packages/airflow/example_dags/example_latest_only.py
[2023-02-16 21:07:50,847] {logging_mixin.py:104} INFO - [2023-02-16 21:07:50,847] {dag.py:1833} INFO - Sync 1 DAGs
[2023-02-16 21:07:50,889] {logging_mixin.py:104} INFO - [2023-02-16 21:07:50,889] {dag.py:2306} INFO - Setting next_dagrun for latest_only to 2023-02-14 00:00:00+00:00
[2023-02-16 21:07:50,902] {scheduler_job.py:190} INFO - Processing /home/airflow/.local/lib/python3.6/site-packages/airflow/example_dags/example_latest_only.py took 0.090 seconds
[2023-02-16 21:08:21,549] {scheduler_job.py:182} INFO - Started process (PID=2877) to work on /home/airflow/.local/lib/python3.6/site-packages/airflow/example_dags/example_latest_only.py
[2023-02-16 21:08:21,550] {scheduler_job.py:633} INFO - Processing file /home/airflow/.local/lib/python3.6/site-packages/airflow/example_dags/example_latest_only.py for tasks to queue
[2023-02-16 21:08:21,551] {logging_mixin.py:104} INFO - [2023-02-16 21:08:21,551] {dagbag.py:496} INFO - Filling up the DagBag from /home/airflow/.local/lib/python3.6/site-packages/airflow/example_dags/example_latest_only.py
[2023-02-16 21:08:21,564] {scheduler_job.py:643} INFO - DAG(s) dict_keys(['latest_only']) retrieved from /home/airflow/.local/lib/python3.6/site-packages/airflow/example_dags/example_latest_only.py
[2023-02-16 21:08:21,585] {logging_mixin.py:104} INFO - [2023-02-16 21:08:21,585] {dag.py:1833} INFO - Sync 1 DAGs
[2023-02-16 21:08:21,602] {logging_mixin.py:104} INFO - [2023-02-16 21:08:21,601] {dag.py:2306} INFO - Setting next_dagrun for latest_only to 2023-02-14 00:00:00+00:00
[2023-02-16 21:08:21,611] {scheduler_job.py:190} INFO - Processing /home/airflow/.local/lib/python3.6/site-packages/airflow/example_dags/example_latest_only.py took 0.065 seconds
[2023-02-16 21:08:51,827] {scheduler_job.py:182} INFO - Started process (PID=2935) to work on /home/airflow/.local/lib/python3.6/site-packages/airflow/example_dags/example_latest_only.py
[2023-02-16 21:08:51,828] {scheduler_job.py:633} INFO - Processing file /home/airflow/.local/lib/python3.6/site-packages/airflow/example_dags/example_latest_only.py for tasks to queue
[2023-02-16 21:08:51,829] {logging_mixin.py:104} INFO - [2023-02-16 21:08:51,829] {dagbag.py:496} INFO - Filling up the DagBag from /home/airflow/.local/lib/python3.6/site-packages/airflow/example_dags/example_latest_only.py
[2023-02-16 21:08:51,840] {scheduler_job.py:643} INFO - DAG(s) dict_keys(['latest_only']) retrieved from /home/airflow/.local/lib/python3.6/site-packages/airflow/example_dags/example_latest_only.py
[2023-02-16 21:08:51,861] {logging_mixin.py:104} INFO - [2023-02-16 21:08:51,861] {dag.py:1833} INFO - Sync 1 DAGs
[2023-02-16 21:08:51,874] {logging_mixin.py:104} INFO - [2023-02-16 21:08:51,874] {dag.py:2306} INFO - Setting next_dagrun for latest_only to 2023-02-14 00:00:00+00:00
[2023-02-16 21:08:51,886] {scheduler_job.py:190} INFO - Processing /home/airflow/.local/lib/python3.6/site-packages/airflow/example_dags/example_latest_only.py took 0.062 seconds
[2023-02-16 21:09:22,041] {scheduler_job.py:182} INFO - Started process (PID=2986) to work on /home/airflow/.local/lib/python3.6/site-packages/airflow/example_dags/example_latest_only.py
[2023-02-16 21:09:22,042] {scheduler_job.py:633} INFO - Processing file /home/airflow/.local/lib/python3.6/site-packages/airflow/example_dags/example_latest_only.py for tasks to queue
[2023-02-16 21:09:22,043] {logging_mixin.py:104} INFO - [2023-02-16 21:09:22,042] {dagbag.py:496} INFO - Filling up the DagBag from /home/airflow/.local/lib/python3.6/site-packages/airflow/example_dags/example_latest_only.py
[2023-02-16 21:09:22,051] {scheduler_job.py:643} INFO - DAG(s) dict_keys(['latest_only']) retrieved from /home/airflow/.local/lib/python3.6/site-packages/airflow/example_dags/example_latest_only.py
[2023-02-16 21:09:22,067] {logging_mixin.py:104} INFO - [2023-02-16 21:09:22,067] {dag.py:1833} INFO - Sync 1 DAGs
[2023-02-16 21:09:22,079] {logging_mixin.py:104} INFO - [2023-02-16 21:09:22,079] {dag.py:2306} INFO - Setting next_dagrun for latest_only to 2023-02-14 00:00:00+00:00
[2023-02-16 21:09:22,090] {scheduler_job.py:190} INFO - Processing /home/airflow/.local/lib/python3.6/site-packages/airflow/example_dags/example_latest_only.py took 0.051 seconds
[2023-02-16 21:09:52,524] {scheduler_job.py:182} INFO - Started process (PID=3044) to work on /home/airflow/.local/lib/python3.6/site-packages/airflow/example_dags/example_latest_only.py
[2023-02-16 21:09:52,525] {scheduler_job.py:633} INFO - Processing file /home/airflow/.local/lib/python3.6/site-packages/airflow/example_dags/example_latest_only.py for tasks to queue
[2023-02-16 21:09:52,525] {logging_mixin.py:104} INFO - [2023-02-16 21:09:52,525] {dagbag.py:496} INFO - Filling up the DagBag from /home/airflow/.local/lib/python3.6/site-packages/airflow/example_dags/example_latest_only.py
[2023-02-16 21:09:52,536] {scheduler_job.py:643} INFO - DAG(s) dict_keys(['latest_only']) retrieved from /home/airflow/.local/lib/python3.6/site-packages/airflow/example_dags/example_latest_only.py
[2023-02-16 21:09:52,554] {logging_mixin.py:104} INFO - [2023-02-16 21:09:52,554] {dag.py:1833} INFO - Sync 1 DAGs
[2023-02-16 21:09:52,567] {logging_mixin.py:104} INFO - [2023-02-16 21:09:52,567] {dag.py:2306} INFO - Setting next_dagrun for latest_only to 2023-02-14 00:00:00+00:00
[2023-02-16 21:09:52,575] {scheduler_job.py:190} INFO - Processing /home/airflow/.local/lib/python3.6/site-packages/airflow/example_dags/example_latest_only.py took 0.054 seconds
[2023-02-16 21:10:22,616] {scheduler_job.py:182} INFO - Started process (PID=3097) to work on /home/airflow/.local/lib/python3.6/site-packages/airflow/example_dags/example_latest_only.py
[2023-02-16 21:10:22,616] {scheduler_job.py:633} INFO - Processing file /home/airflow/.local/lib/python3.6/site-packages/airflow/example_dags/example_latest_only.py for tasks to queue
[2023-02-16 21:10:22,617] {logging_mixin.py:104} INFO - [2023-02-16 21:10:22,617] {dagbag.py:496} INFO - Filling up the DagBag from /home/airflow/.local/lib/python3.6/site-packages/airflow/example_dags/example_latest_only.py
[2023-02-16 21:10:22,626] {scheduler_job.py:643} INFO - DAG(s) dict_keys(['latest_only']) retrieved from /home/airflow/.local/lib/python3.6/site-packages/airflow/example_dags/example_latest_only.py
[2023-02-16 21:10:22,644] {logging_mixin.py:104} INFO - [2023-02-16 21:10:22,644] {dag.py:1833} INFO - Sync 1 DAGs
[2023-02-16 21:10:22,657] {logging_mixin.py:104} INFO - [2023-02-16 21:10:22,657] {dag.py:2306} INFO - Setting next_dagrun for latest_only to 2023-02-14 00:00:00+00:00
[2023-02-16 21:10:22,664] {scheduler_job.py:190} INFO - Processing /home/airflow/.local/lib/python3.6/site-packages/airflow/example_dags/example_latest_only.py took 0.051 seconds
[2023-02-16 21:10:53,498] {scheduler_job.py:182} INFO - Started process (PID=3157) to work on /home/airflow/.local/lib/python3.6/site-packages/airflow/example_dags/example_latest_only.py
[2023-02-16 21:10:53,499] {scheduler_job.py:633} INFO - Processing file /home/airflow/.local/lib/python3.6/site-packages/airflow/example_dags/example_latest_only.py for tasks to queue
[2023-02-16 21:10:53,500] {logging_mixin.py:104} INFO - [2023-02-16 21:10:53,500] {dagbag.py:496} INFO - Filling up the DagBag from /home/airflow/.local/lib/python3.6/site-packages/airflow/example_dags/example_latest_only.py
[2023-02-16 21:10:53,511] {scheduler_job.py:643} INFO - DAG(s) dict_keys(['latest_only']) retrieved from /home/airflow/.local/lib/python3.6/site-packages/airflow/example_dags/example_latest_only.py
[2023-02-16 21:10:53,599] {logging_mixin.py:104} INFO - [2023-02-16 21:10:53,599] {dag.py:1833} INFO - Sync 1 DAGs
[2023-02-16 21:10:53,616] {logging_mixin.py:104} INFO - [2023-02-16 21:10:53,615] {dag.py:2306} INFO - Setting next_dagrun for latest_only to 2023-02-14 00:00:00+00:00
[2023-02-16 21:10:53,624] {scheduler_job.py:190} INFO - Processing /home/airflow/.local/lib/python3.6/site-packages/airflow/example_dags/example_latest_only.py took 0.128 seconds
[2023-02-16 21:11:23,966] {scheduler_job.py:182} INFO - Started process (PID=3209) to work on /home/airflow/.local/lib/python3.6/site-packages/airflow/example_dags/example_latest_only.py
[2023-02-16 21:11:23,967] {scheduler_job.py:633} INFO - Processing file /home/airflow/.local/lib/python3.6/site-packages/airflow/example_dags/example_latest_only.py for tasks to queue
[2023-02-16 21:11:23,967] {logging_mixin.py:104} INFO - [2023-02-16 21:11:23,967] {dagbag.py:496} INFO - Filling up the DagBag from /home/airflow/.local/lib/python3.6/site-packages/airflow/example_dags/example_latest_only.py
[2023-02-16 21:11:23,979] {scheduler_job.py:643} INFO - DAG(s) dict_keys(['latest_only']) retrieved from /home/airflow/.local/lib/python3.6/site-packages/airflow/example_dags/example_latest_only.py
[2023-02-16 21:11:24,003] {logging_mixin.py:104} INFO - [2023-02-16 21:11:24,003] {dag.py:1833} INFO - Sync 1 DAGs
[2023-02-16 21:11:24,019] {logging_mixin.py:104} INFO - [2023-02-16 21:11:24,018] {dag.py:2306} INFO - Setting next_dagrun for latest_only to 2023-02-14 00:00:00+00:00
[2023-02-16 21:11:24,027] {scheduler_job.py:190} INFO - Processing /home/airflow/.local/lib/python3.6/site-packages/airflow/example_dags/example_latest_only.py took 0.064 seconds
[2023-02-16 21:11:54,619] {scheduler_job.py:182} INFO - Started process (PID=3260) to work on /home/airflow/.local/lib/python3.6/site-packages/airflow/example_dags/example_latest_only.py
[2023-02-16 21:11:54,620] {scheduler_job.py:633} INFO - Processing file /home/airflow/.local/lib/python3.6/site-packages/airflow/example_dags/example_latest_only.py for tasks to queue
[2023-02-16 21:11:54,620] {logging_mixin.py:104} INFO - [2023-02-16 21:11:54,620] {dagbag.py:496} INFO - Filling up the DagBag from /home/airflow/.local/lib/python3.6/site-packages/airflow/example_dags/example_latest_only.py
[2023-02-16 21:11:54,632] {scheduler_job.py:643} INFO - DAG(s) dict_keys(['latest_only']) retrieved from /home/airflow/.local/lib/python3.6/site-packages/airflow/example_dags/example_latest_only.py
[2023-02-16 21:11:54,657] {logging_mixin.py:104} INFO - [2023-02-16 21:11:54,657] {dag.py:1833} INFO - Sync 1 DAGs
[2023-02-16 21:11:54,671] {logging_mixin.py:104} INFO - [2023-02-16 21:11:54,671] {dag.py:2306} INFO - Setting next_dagrun for latest_only to 2023-02-14 00:00:00+00:00
[2023-02-16 21:11:54,679] {scheduler_job.py:190} INFO - Processing /home/airflow/.local/lib/python3.6/site-packages/airflow/example_dags/example_latest_only.py took 0.063 seconds
[2023-02-16 21:12:24,909] {scheduler_job.py:182} INFO - Started process (PID=3321) to work on /home/airflow/.local/lib/python3.6/site-packages/airflow/example_dags/example_latest_only.py
[2023-02-16 21:12:24,910] {scheduler_job.py:633} INFO - Processing file /home/airflow/.local/lib/python3.6/site-packages/airflow/example_dags/example_latest_only.py for tasks to queue
[2023-02-16 21:12:24,911] {logging_mixin.py:104} INFO - [2023-02-16 21:12:24,910] {dagbag.py:496} INFO - Filling up the DagBag from /home/airflow/.local/lib/python3.6/site-packages/airflow/example_dags/example_latest_only.py
[2023-02-16 21:12:24,921] {scheduler_job.py:643} INFO - DAG(s) dict_keys(['latest_only']) retrieved from /home/airflow/.local/lib/python3.6/site-packages/airflow/example_dags/example_latest_only.py
[2023-02-16 21:12:24,940] {logging_mixin.py:104} INFO - [2023-02-16 21:12:24,940] {dag.py:1833} INFO - Sync 1 DAGs
[2023-02-16 21:12:24,952] {logging_mixin.py:104} INFO - [2023-02-16 21:12:24,952] {dag.py:2306} INFO - Setting next_dagrun for latest_only to 2023-02-14 00:00:00+00:00
[2023-02-16 21:12:24,960] {scheduler_job.py:190} INFO - Processing /home/airflow/.local/lib/python3.6/site-packages/airflow/example_dags/example_latest_only.py took 0.054 seconds
[2023-02-16 21:12:55,397] {scheduler_job.py:182} INFO - Started process (PID=3372) to work on /home/airflow/.local/lib/python3.6/site-packages/airflow/example_dags/example_latest_only.py
[2023-02-16 21:12:55,398] {scheduler_job.py:633} INFO - Processing file /home/airflow/.local/lib/python3.6/site-packages/airflow/example_dags/example_latest_only.py for tasks to queue
[2023-02-16 21:12:55,399] {logging_mixin.py:104} INFO - [2023-02-16 21:12:55,398] {dagbag.py:496} INFO - Filling up the DagBag from /home/airflow/.local/lib/python3.6/site-packages/airflow/example_dags/example_latest_only.py
[2023-02-16 21:12:55,515] {scheduler_job.py:643} INFO - DAG(s) dict_keys(['latest_only']) retrieved from /home/airflow/.local/lib/python3.6/site-packages/airflow/example_dags/example_latest_only.py
[2023-02-16 21:12:55,605] {logging_mixin.py:104} INFO - [2023-02-16 21:12:55,605] {dag.py:1833} INFO - Sync 1 DAGs
[2023-02-16 21:12:55,693] {logging_mixin.py:104} INFO - [2023-02-16 21:12:55,692] {dag.py:2306} INFO - Setting next_dagrun for latest_only to 2023-02-14 00:00:00+00:00
[2023-02-16 21:12:55,706] {scheduler_job.py:190} INFO - Processing /home/airflow/.local/lib/python3.6/site-packages/airflow/example_dags/example_latest_only.py took 0.313 seconds
[2023-02-16 21:13:26,044] {scheduler_job.py:182} INFO - Started process (PID=3433) to work on /home/airflow/.local/lib/python3.6/site-packages/airflow/example_dags/example_latest_only.py
[2023-02-16 21:13:26,045] {scheduler_job.py:633} INFO - Processing file /home/airflow/.local/lib/python3.6/site-packages/airflow/example_dags/example_latest_only.py for tasks to queue
[2023-02-16 21:13:26,046] {logging_mixin.py:104} INFO - [2023-02-16 21:13:26,046] {dagbag.py:496} INFO - Filling up the DagBag from /home/airflow/.local/lib/python3.6/site-packages/airflow/example_dags/example_latest_only.py
[2023-02-16 21:13:26,055] {scheduler_job.py:643} INFO - DAG(s) dict_keys(['latest_only']) retrieved from /home/airflow/.local/lib/python3.6/site-packages/airflow/example_dags/example_latest_only.py
[2023-02-16 21:13:26,077] {logging_mixin.py:104} INFO - [2023-02-16 21:13:26,077] {dag.py:1833} INFO - Sync 1 DAGs
[2023-02-16 21:13:26,092] {logging_mixin.py:104} INFO - [2023-02-16 21:13:26,092] {dag.py:2306} INFO - Setting next_dagrun for latest_only to 2023-02-14 00:00:00+00:00
[2023-02-16 21:13:26,101] {scheduler_job.py:190} INFO - Processing /home/airflow/.local/lib/python3.6/site-packages/airflow/example_dags/example_latest_only.py took 0.060 seconds
[2023-02-16 21:13:56,488] {scheduler_job.py:182} INFO - Started process (PID=3484) to work on /home/airflow/.local/lib/python3.6/site-packages/airflow/example_dags/example_latest_only.py
[2023-02-16 21:13:56,488] {scheduler_job.py:633} INFO - Processing file /home/airflow/.local/lib/python3.6/site-packages/airflow/example_dags/example_latest_only.py for tasks to queue
[2023-02-16 21:13:56,489] {logging_mixin.py:104} INFO - [2023-02-16 21:13:56,489] {dagbag.py:496} INFO - Filling up the DagBag from /home/airflow/.local/lib/python3.6/site-packages/airflow/example_dags/example_latest_only.py
[2023-02-16 21:13:56,498] {scheduler_job.py:643} INFO - DAG(s) dict_keys(['latest_only']) retrieved from /home/airflow/.local/lib/python3.6/site-packages/airflow/example_dags/example_latest_only.py
[2023-02-16 21:13:56,516] {logging_mixin.py:104} INFO - [2023-02-16 21:13:56,516] {dag.py:1833} INFO - Sync 1 DAGs
[2023-02-16 21:13:56,530] {logging_mixin.py:104} INFO - [2023-02-16 21:13:56,530] {dag.py:2306} INFO - Setting next_dagrun for latest_only to 2023-02-14 00:00:00+00:00
[2023-02-16 21:13:56,538] {scheduler_job.py:190} INFO - Processing /home/airflow/.local/lib/python3.6/site-packages/airflow/example_dags/example_latest_only.py took 0.053 seconds
[2023-02-16 21:14:26,933] {scheduler_job.py:182} INFO - Started process (PID=3545) to work on /home/airflow/.local/lib/python3.6/site-packages/airflow/example_dags/example_latest_only.py
[2023-02-16 21:14:26,934] {scheduler_job.py:633} INFO - Processing file /home/airflow/.local/lib/python3.6/site-packages/airflow/example_dags/example_latest_only.py for tasks to queue
[2023-02-16 21:14:26,935] {logging_mixin.py:104} INFO - [2023-02-16 21:14:26,935] {dagbag.py:496} INFO - Filling up the DagBag from /home/airflow/.local/lib/python3.6/site-packages/airflow/example_dags/example_latest_only.py
[2023-02-16 21:14:26,946] {scheduler_job.py:643} INFO - DAG(s) dict_keys(['latest_only']) retrieved from /home/airflow/.local/lib/python3.6/site-packages/airflow/example_dags/example_latest_only.py
[2023-02-16 21:14:26,968] {logging_mixin.py:104} INFO - [2023-02-16 21:14:26,968] {dag.py:1833} INFO - Sync 1 DAGs
[2023-02-16 21:14:26,982] {logging_mixin.py:104} INFO - [2023-02-16 21:14:26,982] {dag.py:2306} INFO - Setting next_dagrun for latest_only to 2023-02-14 00:00:00+00:00
[2023-02-16 21:14:26,991] {scheduler_job.py:190} INFO - Processing /home/airflow/.local/lib/python3.6/site-packages/airflow/example_dags/example_latest_only.py took 0.060 seconds
[2023-02-16 21:14:57,178] {scheduler_job.py:182} INFO - Started process (PID=3596) to work on /home/airflow/.local/lib/python3.6/site-packages/airflow/example_dags/example_latest_only.py
[2023-02-16 21:14:57,179] {scheduler_job.py:633} INFO - Processing file /home/airflow/.local/lib/python3.6/site-packages/airflow/example_dags/example_latest_only.py for tasks to queue
[2023-02-16 21:14:57,180] {logging_mixin.py:104} INFO - [2023-02-16 21:14:57,180] {dagbag.py:496} INFO - Filling up the DagBag from /home/airflow/.local/lib/python3.6/site-packages/airflow/example_dags/example_latest_only.py
[2023-02-16 21:14:57,189] {scheduler_job.py:643} INFO - DAG(s) dict_keys(['latest_only']) retrieved from /home/airflow/.local/lib/python3.6/site-packages/airflow/example_dags/example_latest_only.py
[2023-02-16 21:14:57,209] {logging_mixin.py:104} INFO - [2023-02-16 21:14:57,209] {dag.py:1833} INFO - Sync 1 DAGs
[2023-02-16 21:14:57,226] {logging_mixin.py:104} INFO - [2023-02-16 21:14:57,225] {dag.py:2306} INFO - Setting next_dagrun for latest_only to 2023-02-14 00:00:00+00:00
[2023-02-16 21:14:57,235] {scheduler_job.py:190} INFO - Processing /home/airflow/.local/lib/python3.6/site-packages/airflow/example_dags/example_latest_only.py took 0.058 seconds
[2023-02-16 21:15:27,629] {scheduler_job.py:182} INFO - Started process (PID=3657) to work on /home/airflow/.local/lib/python3.6/site-packages/airflow/example_dags/example_latest_only.py
[2023-02-16 21:15:27,630] {scheduler_job.py:633} INFO - Processing file /home/airflow/.local/lib/python3.6/site-packages/airflow/example_dags/example_latest_only.py for tasks to queue
[2023-02-16 21:15:27,630] {logging_mixin.py:104} INFO - [2023-02-16 21:15:27,630] {dagbag.py:496} INFO - Filling up the DagBag from /home/airflow/.local/lib/python3.6/site-packages/airflow/example_dags/example_latest_only.py
[2023-02-16 21:15:27,640] {scheduler_job.py:643} INFO - DAG(s) dict_keys(['latest_only']) retrieved from /home/airflow/.local/lib/python3.6/site-packages/airflow/example_dags/example_latest_only.py
[2023-02-16 21:15:27,658] {logging_mixin.py:104} INFO - [2023-02-16 21:15:27,658] {dag.py:1833} INFO - Sync 1 DAGs
[2023-02-16 21:15:27,671] {logging_mixin.py:104} INFO - [2023-02-16 21:15:27,671] {dag.py:2306} INFO - Setting next_dagrun for latest_only to 2023-02-14 00:00:00+00:00
[2023-02-16 21:15:27,679] {scheduler_job.py:190} INFO - Processing /home/airflow/.local/lib/python3.6/site-packages/airflow/example_dags/example_latest_only.py took 0.052 seconds
[2023-02-16 21:15:58,198] {scheduler_job.py:182} INFO - Started process (PID=3708) to work on /home/airflow/.local/lib/python3.6/site-packages/airflow/example_dags/example_latest_only.py
[2023-02-16 21:15:58,199] {scheduler_job.py:633} INFO - Processing file /home/airflow/.local/lib/python3.6/site-packages/airflow/example_dags/example_latest_only.py for tasks to queue
[2023-02-16 21:15:58,200] {logging_mixin.py:104} INFO - [2023-02-16 21:15:58,199] {dagbag.py:496} INFO - Filling up the DagBag from /home/airflow/.local/lib/python3.6/site-packages/airflow/example_dags/example_latest_only.py
[2023-02-16 21:15:58,210] {scheduler_job.py:643} INFO - DAG(s) dict_keys(['latest_only']) retrieved from /home/airflow/.local/lib/python3.6/site-packages/airflow/example_dags/example_latest_only.py
[2023-02-16 21:15:58,232] {logging_mixin.py:104} INFO - [2023-02-16 21:15:58,232] {dag.py:1833} INFO - Sync 1 DAGs
[2023-02-16 21:15:58,247] {logging_mixin.py:104} INFO - [2023-02-16 21:15:58,247] {dag.py:2306} INFO - Setting next_dagrun for latest_only to 2023-02-14 00:00:00+00:00
[2023-02-16 21:15:58,257] {scheduler_job.py:190} INFO - Processing /home/airflow/.local/lib/python3.6/site-packages/airflow/example_dags/example_latest_only.py took 0.061 seconds
[2023-02-16 21:16:28,624] {scheduler_job.py:182} INFO - Started process (PID=3769) to work on /home/airflow/.local/lib/python3.6/site-packages/airflow/example_dags/example_latest_only.py
[2023-02-16 21:16:28,625] {scheduler_job.py:633} INFO - Processing file /home/airflow/.local/lib/python3.6/site-packages/airflow/example_dags/example_latest_only.py for tasks to queue
[2023-02-16 21:16:28,625] {logging_mixin.py:104} INFO - [2023-02-16 21:16:28,625] {dagbag.py:496} INFO - Filling up the DagBag from /home/airflow/.local/lib/python3.6/site-packages/airflow/example_dags/example_latest_only.py
[2023-02-16 21:16:28,634] {scheduler_job.py:643} INFO - DAG(s) dict_keys(['latest_only']) retrieved from /home/airflow/.local/lib/python3.6/site-packages/airflow/example_dags/example_latest_only.py
[2023-02-16 21:16:28,653] {logging_mixin.py:104} INFO - [2023-02-16 21:16:28,653] {dag.py:1833} INFO - Sync 1 DAGs
[2023-02-16 21:16:28,665] {logging_mixin.py:104} INFO - [2023-02-16 21:16:28,665] {dag.py:2306} INFO - Setting next_dagrun for latest_only to 2023-02-14 00:00:00+00:00
[2023-02-16 21:16:28,673] {scheduler_job.py:190} INFO - Processing /home/airflow/.local/lib/python3.6/site-packages/airflow/example_dags/example_latest_only.py took 0.051 seconds
[2023-02-16 21:16:58,955] {scheduler_job.py:182} INFO - Started process (PID=3820) to work on /home/airflow/.local/lib/python3.6/site-packages/airflow/example_dags/example_latest_only.py
[2023-02-16 21:16:58,956] {scheduler_job.py:633} INFO - Processing file /home/airflow/.local/lib/python3.6/site-packages/airflow/example_dags/example_latest_only.py for tasks to queue
[2023-02-16 21:16:58,956] {logging_mixin.py:104} INFO - [2023-02-16 21:16:58,956] {dagbag.py:496} INFO - Filling up the DagBag from /home/airflow/.local/lib/python3.6/site-packages/airflow/example_dags/example_latest_only.py
[2023-02-16 21:16:58,969] {scheduler_job.py:643} INFO - DAG(s) dict_keys(['latest_only']) retrieved from /home/airflow/.local/lib/python3.6/site-packages/airflow/example_dags/example_latest_only.py
[2023-02-16 21:16:58,994] {logging_mixin.py:104} INFO - [2023-02-16 21:16:58,993] {dag.py:1833} INFO - Sync 1 DAGs
[2023-02-16 21:16:59,011] {logging_mixin.py:104} INFO - [2023-02-16 21:16:59,011] {dag.py:2306} INFO - Setting next_dagrun for latest_only to 2023-02-14 00:00:00+00:00
[2023-02-16 21:16:59,023] {scheduler_job.py:190} INFO - Processing /home/airflow/.local/lib/python3.6/site-packages/airflow/example_dags/example_latest_only.py took 0.072 seconds
[2023-02-16 21:17:29,480] {scheduler_job.py:182} INFO - Started process (PID=3881) to work on /home/airflow/.local/lib/python3.6/site-packages/airflow/example_dags/example_latest_only.py
[2023-02-16 21:17:29,481] {scheduler_job.py:633} INFO - Processing file /home/airflow/.local/lib/python3.6/site-packages/airflow/example_dags/example_latest_only.py for tasks to queue
[2023-02-16 21:17:29,481] {logging_mixin.py:104} INFO - [2023-02-16 21:17:29,481] {dagbag.py:496} INFO - Filling up the DagBag from /home/airflow/.local/lib/python3.6/site-packages/airflow/example_dags/example_latest_only.py
[2023-02-16 21:17:29,491] {scheduler_job.py:643} INFO - DAG(s) dict_keys(['latest_only']) retrieved from /home/airflow/.local/lib/python3.6/site-packages/airflow/example_dags/example_latest_only.py
[2023-02-16 21:17:29,509] {logging_mixin.py:104} INFO - [2023-02-16 21:17:29,509] {dag.py:1833} INFO - Sync 1 DAGs
[2023-02-16 21:17:29,522] {logging_mixin.py:104} INFO - [2023-02-16 21:17:29,521] {dag.py:2306} INFO - Setting next_dagrun for latest_only to 2023-02-14 00:00:00+00:00
[2023-02-16 21:17:29,529] {scheduler_job.py:190} INFO - Processing /home/airflow/.local/lib/python3.6/site-packages/airflow/example_dags/example_latest_only.py took 0.052 seconds
[2023-02-16 21:17:59,815] {scheduler_job.py:182} INFO - Started process (PID=3932) to work on /home/airflow/.local/lib/python3.6/site-packages/airflow/example_dags/example_latest_only.py
[2023-02-16 21:17:59,816] {scheduler_job.py:633} INFO - Processing file /home/airflow/.local/lib/python3.6/site-packages/airflow/example_dags/example_latest_only.py for tasks to queue
[2023-02-16 21:17:59,817] {logging_mixin.py:104} INFO - [2023-02-16 21:17:59,817] {dagbag.py:496} INFO - Filling up the DagBag from /home/airflow/.local/lib/python3.6/site-packages/airflow/example_dags/example_latest_only.py
[2023-02-16 21:17:59,826] {scheduler_job.py:643} INFO - DAG(s) dict_keys(['latest_only']) retrieved from /home/airflow/.local/lib/python3.6/site-packages/airflow/example_dags/example_latest_only.py
[2023-02-16 21:17:59,845] {logging_mixin.py:104} INFO - [2023-02-16 21:17:59,845] {dag.py:1833} INFO - Sync 1 DAGs
[2023-02-16 21:17:59,859] {logging_mixin.py:104} INFO - [2023-02-16 21:17:59,859] {dag.py:2306} INFO - Setting next_dagrun for latest_only to 2023-02-14 00:00:00+00:00
[2023-02-16 21:17:59,868] {scheduler_job.py:190} INFO - Processing /home/airflow/.local/lib/python3.6/site-packages/airflow/example_dags/example_latest_only.py took 0.055 seconds
[2023-02-16 21:18:30,306] {scheduler_job.py:182} INFO - Started process (PID=3993) to work on /home/airflow/.local/lib/python3.6/site-packages/airflow/example_dags/example_latest_only.py
[2023-02-16 21:18:30,308] {scheduler_job.py:633} INFO - Processing file /home/airflow/.local/lib/python3.6/site-packages/airflow/example_dags/example_latest_only.py for tasks to queue
[2023-02-16 21:18:30,308] {logging_mixin.py:104} INFO - [2023-02-16 21:18:30,308] {dagbag.py:496} INFO - Filling up the DagBag from /home/airflow/.local/lib/python3.6/site-packages/airflow/example_dags/example_latest_only.py
[2023-02-16 21:18:30,318] {scheduler_job.py:643} INFO - DAG(s) dict_keys(['latest_only']) retrieved from /home/airflow/.local/lib/python3.6/site-packages/airflow/example_dags/example_latest_only.py
[2023-02-16 21:18:30,336] {logging_mixin.py:104} INFO - [2023-02-16 21:18:30,336] {dag.py:1833} INFO - Sync 1 DAGs
[2023-02-16 21:18:30,349] {logging_mixin.py:104} INFO - [2023-02-16 21:18:30,349] {dag.py:2306} INFO - Setting next_dagrun for latest_only to 2023-02-14 00:00:00+00:00
[2023-02-16 21:18:30,358] {scheduler_job.py:190} INFO - Processing /home/airflow/.local/lib/python3.6/site-packages/airflow/example_dags/example_latest_only.py took 0.054 seconds
[2023-02-16 21:19:00,559] {scheduler_job.py:182} INFO - Started process (PID=4044) to work on /home/airflow/.local/lib/python3.6/site-packages/airflow/example_dags/example_latest_only.py
[2023-02-16 21:19:00,559] {scheduler_job.py:633} INFO - Processing file /home/airflow/.local/lib/python3.6/site-packages/airflow/example_dags/example_latest_only.py for tasks to queue
[2023-02-16 21:19:00,560] {logging_mixin.py:104} INFO - [2023-02-16 21:19:00,560] {dagbag.py:496} INFO - Filling up the DagBag from /home/airflow/.local/lib/python3.6/site-packages/airflow/example_dags/example_latest_only.py
[2023-02-16 21:19:00,569] {scheduler_job.py:643} INFO - DAG(s) dict_keys(['latest_only']) retrieved from /home/airflow/.local/lib/python3.6/site-packages/airflow/example_dags/example_latest_only.py
[2023-02-16 21:19:00,588] {logging_mixin.py:104} INFO - [2023-02-16 21:19:00,588] {dag.py:1833} INFO - Sync 1 DAGs
[2023-02-16 21:19:00,602] {logging_mixin.py:104} INFO - [2023-02-16 21:19:00,602] {dag.py:2306} INFO - Setting next_dagrun for latest_only to 2023-02-14 00:00:00+00:00
[2023-02-16 21:19:00,610] {scheduler_job.py:190} INFO - Processing /home/airflow/.local/lib/python3.6/site-packages/airflow/example_dags/example_latest_only.py took 0.054 seconds
[2023-02-16 21:19:31,105] {scheduler_job.py:182} INFO - Started process (PID=4105) to work on /home/airflow/.local/lib/python3.6/site-packages/airflow/example_dags/example_latest_only.py
[2023-02-16 21:19:31,106] {scheduler_job.py:633} INFO - Processing file /home/airflow/.local/lib/python3.6/site-packages/airflow/example_dags/example_latest_only.py for tasks to queue
[2023-02-16 21:19:31,107] {logging_mixin.py:104} INFO - [2023-02-16 21:19:31,107] {dagbag.py:496} INFO - Filling up the DagBag from /home/airflow/.local/lib/python3.6/site-packages/airflow/example_dags/example_latest_only.py
[2023-02-16 21:19:31,118] {scheduler_job.py:643} INFO - DAG(s) dict_keys(['latest_only']) retrieved from /home/airflow/.local/lib/python3.6/site-packages/airflow/example_dags/example_latest_only.py
[2023-02-16 21:19:31,139] {logging_mixin.py:104} INFO - [2023-02-16 21:19:31,139] {dag.py:1833} INFO - Sync 1 DAGs
[2023-02-16 21:19:31,153] {logging_mixin.py:104} INFO - [2023-02-16 21:19:31,153] {dag.py:2306} INFO - Setting next_dagrun for latest_only to 2023-02-14 00:00:00+00:00
[2023-02-16 21:19:31,161] {scheduler_job.py:190} INFO - Processing /home/airflow/.local/lib/python3.6/site-packages/airflow/example_dags/example_latest_only.py took 0.059 seconds
[2023-02-16 21:20:01,558] {scheduler_job.py:182} INFO - Started process (PID=4156) to work on /home/airflow/.local/lib/python3.6/site-packages/airflow/example_dags/example_latest_only.py
[2023-02-16 21:20:01,559] {scheduler_job.py:633} INFO - Processing file /home/airflow/.local/lib/python3.6/site-packages/airflow/example_dags/example_latest_only.py for tasks to queue
[2023-02-16 21:20:01,559] {logging_mixin.py:104} INFO - [2023-02-16 21:20:01,559] {dagbag.py:496} INFO - Filling up the DagBag from /home/airflow/.local/lib/python3.6/site-packages/airflow/example_dags/example_latest_only.py
[2023-02-16 21:20:01,570] {scheduler_job.py:643} INFO - DAG(s) dict_keys(['latest_only']) retrieved from /home/airflow/.local/lib/python3.6/site-packages/airflow/example_dags/example_latest_only.py
[2023-02-16 21:20:01,589] {logging_mixin.py:104} INFO - [2023-02-16 21:20:01,588] {dag.py:1833} INFO - Sync 1 DAGs
[2023-02-16 21:20:01,602] {logging_mixin.py:104} INFO - [2023-02-16 21:20:01,602] {dag.py:2306} INFO - Setting next_dagrun for latest_only to 2023-02-14 00:00:00+00:00
[2023-02-16 21:20:01,610] {scheduler_job.py:190} INFO - Processing /home/airflow/.local/lib/python3.6/site-packages/airflow/example_dags/example_latest_only.py took 0.054 seconds
[2023-02-16 21:20:32,030] {scheduler_job.py:182} INFO - Started process (PID=4217) to work on /home/airflow/.local/lib/python3.6/site-packages/airflow/example_dags/example_latest_only.py
[2023-02-16 21:20:32,031] {scheduler_job.py:633} INFO - Processing file /home/airflow/.local/lib/python3.6/site-packages/airflow/example_dags/example_latest_only.py for tasks to queue
[2023-02-16 21:20:32,032] {logging_mixin.py:104} INFO - [2023-02-16 21:20:32,032] {dagbag.py:496} INFO - Filling up the DagBag from /home/airflow/.local/lib/python3.6/site-packages/airflow/example_dags/example_latest_only.py
[2023-02-16 21:20:32,041] {scheduler_job.py:643} INFO - DAG(s) dict_keys(['latest_only']) retrieved from /home/airflow/.local/lib/python3.6/site-packages/airflow/example_dags/example_latest_only.py
[2023-02-16 21:20:32,064] {logging_mixin.py:104} INFO - [2023-02-16 21:20:32,063] {dag.py:1833} INFO - Sync 1 DAGs
[2023-02-16 21:20:32,080] {logging_mixin.py:104} INFO - [2023-02-16 21:20:32,080] {dag.py:2306} INFO - Setting next_dagrun for latest_only to 2023-02-14 00:00:00+00:00
[2023-02-16 21:20:32,101] {scheduler_job.py:190} INFO - Processing /home/airflow/.local/lib/python3.6/site-packages/airflow/example_dags/example_latest_only.py took 0.073 seconds
[2023-02-16 21:21:02,622] {scheduler_job.py:182} INFO - Started process (PID=4268) to work on /home/airflow/.local/lib/python3.6/site-packages/airflow/example_dags/example_latest_only.py
[2023-02-16 21:21:02,623] {scheduler_job.py:633} INFO - Processing file /home/airflow/.local/lib/python3.6/site-packages/airflow/example_dags/example_latest_only.py for tasks to queue
[2023-02-16 21:21:02,624] {logging_mixin.py:104} INFO - [2023-02-16 21:21:02,624] {dagbag.py:496} INFO - Filling up the DagBag from /home/airflow/.local/lib/python3.6/site-packages/airflow/example_dags/example_latest_only.py
[2023-02-16 21:21:02,637] {scheduler_job.py:643} INFO - DAG(s) dict_keys(['latest_only']) retrieved from /home/airflow/.local/lib/python3.6/site-packages/airflow/example_dags/example_latest_only.py
[2023-02-16 21:21:02,664] {logging_mixin.py:104} INFO - [2023-02-16 21:21:02,664] {dag.py:1833} INFO - Sync 1 DAGs
[2023-02-16 21:21:02,681] {logging_mixin.py:104} INFO - [2023-02-16 21:21:02,681] {dag.py:2306} INFO - Setting next_dagrun for latest_only to 2023-02-14 00:00:00+00:00
[2023-02-16 21:21:02,691] {scheduler_job.py:190} INFO - Processing /home/airflow/.local/lib/python3.6/site-packages/airflow/example_dags/example_latest_only.py took 0.072 seconds
[2023-02-16 21:21:32,743] {scheduler_job.py:182} INFO - Started process (PID=4329) to work on /home/airflow/.local/lib/python3.6/site-packages/airflow/example_dags/example_latest_only.py
[2023-02-16 21:21:32,744] {scheduler_job.py:633} INFO - Processing file /home/airflow/.local/lib/python3.6/site-packages/airflow/example_dags/example_latest_only.py for tasks to queue
[2023-02-16 21:21:32,744] {logging_mixin.py:104} INFO - [2023-02-16 21:21:32,744] {dagbag.py:496} INFO - Filling up the DagBag from /home/airflow/.local/lib/python3.6/site-packages/airflow/example_dags/example_latest_only.py
[2023-02-16 21:21:32,754] {scheduler_job.py:643} INFO - DAG(s) dict_keys(['latest_only']) retrieved from /home/airflow/.local/lib/python3.6/site-packages/airflow/example_dags/example_latest_only.py
[2023-02-16 21:21:32,772] {logging_mixin.py:104} INFO - [2023-02-16 21:21:32,772] {dag.py:1833} INFO - Sync 1 DAGs
[2023-02-16 21:21:32,785] {logging_mixin.py:104} INFO - [2023-02-16 21:21:32,785] {dag.py:2306} INFO - Setting next_dagrun for latest_only to 2023-02-14 00:00:00+00:00
[2023-02-16 21:21:32,794] {scheduler_job.py:190} INFO - Processing /home/airflow/.local/lib/python3.6/site-packages/airflow/example_dags/example_latest_only.py took 0.054 seconds
[2023-02-16 21:22:03,519] {scheduler_job.py:182} INFO - Started process (PID=4380) to work on /home/airflow/.local/lib/python3.6/site-packages/airflow/example_dags/example_latest_only.py
[2023-02-16 21:22:03,520] {scheduler_job.py:633} INFO - Processing file /home/airflow/.local/lib/python3.6/site-packages/airflow/example_dags/example_latest_only.py for tasks to queue
[2023-02-16 21:22:03,521] {logging_mixin.py:104} INFO - [2023-02-16 21:22:03,521] {dagbag.py:496} INFO - Filling up the DagBag from /home/airflow/.local/lib/python3.6/site-packages/airflow/example_dags/example_latest_only.py
[2023-02-16 21:22:03,533] {scheduler_job.py:643} INFO - DAG(s) dict_keys(['latest_only']) retrieved from /home/airflow/.local/lib/python3.6/site-packages/airflow/example_dags/example_latest_only.py
[2023-02-16 21:22:03,559] {logging_mixin.py:104} INFO - [2023-02-16 21:22:03,559] {dag.py:1833} INFO - Sync 1 DAGs
[2023-02-16 21:22:03,575] {logging_mixin.py:104} INFO - [2023-02-16 21:22:03,575] {dag.py:2306} INFO - Setting next_dagrun for latest_only to 2023-02-14 00:00:00+00:00
[2023-02-16 21:22:03,589] {scheduler_job.py:190} INFO - Processing /home/airflow/.local/lib/python3.6/site-packages/airflow/example_dags/example_latest_only.py took 0.073 seconds
