[2023-02-16 20:47:23,275] {scheduler_job.py:182} INFO - Started process (PID=402) to work on /home/airflow/.local/lib/python3.6/site-packages/airflow/example_dags/example_skip_dag.py
[2023-02-16 20:47:23,276] {scheduler_job.py:633} INFO - Processing file /home/airflow/.local/lib/python3.6/site-packages/airflow/example_dags/example_skip_dag.py for tasks to queue
[2023-02-16 20:47:23,277] {logging_mixin.py:104} INFO - [2023-02-16 20:47:23,277] {dagbag.py:496} INFO - Filling up the DagBag from /home/airflow/.local/lib/python3.6/site-packages/airflow/example_dags/example_skip_dag.py
[2023-02-16 20:47:23,288] {scheduler_job.py:643} INFO - DAG(s) dict_keys(['example_skip_dag']) retrieved from /home/airflow/.local/lib/python3.6/site-packages/airflow/example_dags/example_skip_dag.py
[2023-02-16 20:47:27,012] {logging_mixin.py:104} INFO - [2023-02-16 20:47:27,012] {dag.py:1833} INFO - Sync 1 DAGs
[2023-02-16 20:47:27,025] {logging_mixin.py:104} INFO - [2023-02-16 20:47:27,023] {dag.py:1852} INFO - Creating ORM DAG for example_skip_dag
[2023-02-16 20:47:27,087] {logging_mixin.py:104} INFO - [2023-02-16 20:47:27,086] {dag.py:2306} INFO - Setting next_dagrun for example_skip_dag to 2023-02-14 00:00:00+00:00
[2023-02-16 20:47:27,189] {scheduler_job.py:190} INFO - Processing /home/airflow/.local/lib/python3.6/site-packages/airflow/example_dags/example_skip_dag.py took 3.917 seconds
[2023-02-16 20:47:57,264] {scheduler_job.py:182} INFO - Started process (PID=662) to work on /home/airflow/.local/lib/python3.6/site-packages/airflow/example_dags/example_skip_dag.py
[2023-02-16 20:47:57,265] {scheduler_job.py:633} INFO - Processing file /home/airflow/.local/lib/python3.6/site-packages/airflow/example_dags/example_skip_dag.py for tasks to queue
[2023-02-16 20:47:57,266] {logging_mixin.py:104} INFO - [2023-02-16 20:47:57,266] {dagbag.py:496} INFO - Filling up the DagBag from /home/airflow/.local/lib/python3.6/site-packages/airflow/example_dags/example_skip_dag.py
[2023-02-16 20:47:57,277] {scheduler_job.py:643} INFO - DAG(s) dict_keys(['example_skip_dag']) retrieved from /home/airflow/.local/lib/python3.6/site-packages/airflow/example_dags/example_skip_dag.py
[2023-02-16 20:47:57,298] {logging_mixin.py:104} INFO - [2023-02-16 20:47:57,298] {dag.py:1833} INFO - Sync 1 DAGs
[2023-02-16 20:47:57,312] {logging_mixin.py:104} INFO - [2023-02-16 20:47:57,312] {dag.py:2306} INFO - Setting next_dagrun for example_skip_dag to 2023-02-14 00:00:00+00:00
[2023-02-16 20:47:57,320] {scheduler_job.py:190} INFO - Processing /home/airflow/.local/lib/python3.6/site-packages/airflow/example_dags/example_skip_dag.py took 0.059 seconds
[2023-02-16 20:48:28,175] {scheduler_job.py:182} INFO - Started process (PID=723) to work on /home/airflow/.local/lib/python3.6/site-packages/airflow/example_dags/example_skip_dag.py
[2023-02-16 20:48:28,176] {scheduler_job.py:633} INFO - Processing file /home/airflow/.local/lib/python3.6/site-packages/airflow/example_dags/example_skip_dag.py for tasks to queue
[2023-02-16 20:48:28,177] {logging_mixin.py:104} INFO - [2023-02-16 20:48:28,177] {dagbag.py:496} INFO - Filling up the DagBag from /home/airflow/.local/lib/python3.6/site-packages/airflow/example_dags/example_skip_dag.py
[2023-02-16 20:48:28,188] {scheduler_job.py:643} INFO - DAG(s) dict_keys(['example_skip_dag']) retrieved from /home/airflow/.local/lib/python3.6/site-packages/airflow/example_dags/example_skip_dag.py
[2023-02-16 20:48:28,208] {logging_mixin.py:104} INFO - [2023-02-16 20:48:28,208] {dag.py:1833} INFO - Sync 1 DAGs
[2023-02-16 20:48:28,223] {logging_mixin.py:104} INFO - [2023-02-16 20:48:28,223] {dag.py:2306} INFO - Setting next_dagrun for example_skip_dag to 2023-02-14 00:00:00+00:00
[2023-02-16 20:48:28,232] {scheduler_job.py:190} INFO - Processing /home/airflow/.local/lib/python3.6/site-packages/airflow/example_dags/example_skip_dag.py took 0.060 seconds
[2023-02-16 20:48:58,314] {scheduler_job.py:182} INFO - Started process (PID=774) to work on /home/airflow/.local/lib/python3.6/site-packages/airflow/example_dags/example_skip_dag.py
[2023-02-16 20:48:58,315] {scheduler_job.py:633} INFO - Processing file /home/airflow/.local/lib/python3.6/site-packages/airflow/example_dags/example_skip_dag.py for tasks to queue
[2023-02-16 20:48:58,316] {logging_mixin.py:104} INFO - [2023-02-16 20:48:58,315] {dagbag.py:496} INFO - Filling up the DagBag from /home/airflow/.local/lib/python3.6/site-packages/airflow/example_dags/example_skip_dag.py
[2023-02-16 20:48:58,325] {scheduler_job.py:643} INFO - DAG(s) dict_keys(['example_skip_dag']) retrieved from /home/airflow/.local/lib/python3.6/site-packages/airflow/example_dags/example_skip_dag.py
[2023-02-16 20:48:58,345] {logging_mixin.py:104} INFO - [2023-02-16 20:48:58,345] {dag.py:1833} INFO - Sync 1 DAGs
[2023-02-16 20:48:58,359] {logging_mixin.py:104} INFO - [2023-02-16 20:48:58,359] {dag.py:2306} INFO - Setting next_dagrun for example_skip_dag to 2023-02-14 00:00:00+00:00
[2023-02-16 20:48:58,367] {scheduler_job.py:190} INFO - Processing /home/airflow/.local/lib/python3.6/site-packages/airflow/example_dags/example_skip_dag.py took 0.055 seconds
[2023-02-16 20:49:29,159] {scheduler_job.py:182} INFO - Started process (PID=835) to work on /home/airflow/.local/lib/python3.6/site-packages/airflow/example_dags/example_skip_dag.py
[2023-02-16 20:49:29,163] {scheduler_job.py:633} INFO - Processing file /home/airflow/.local/lib/python3.6/site-packages/airflow/example_dags/example_skip_dag.py for tasks to queue
[2023-02-16 20:49:29,163] {logging_mixin.py:104} INFO - [2023-02-16 20:49:29,163] {dagbag.py:496} INFO - Filling up the DagBag from /home/airflow/.local/lib/python3.6/site-packages/airflow/example_dags/example_skip_dag.py
[2023-02-16 20:49:29,172] {scheduler_job.py:643} INFO - DAG(s) dict_keys(['example_skip_dag']) retrieved from /home/airflow/.local/lib/python3.6/site-packages/airflow/example_dags/example_skip_dag.py
[2023-02-16 20:49:29,202] {logging_mixin.py:104} INFO - [2023-02-16 20:49:29,202] {dag.py:1833} INFO - Sync 1 DAGs
[2023-02-16 20:49:29,217] {logging_mixin.py:104} INFO - [2023-02-16 20:49:29,217] {dag.py:2306} INFO - Setting next_dagrun for example_skip_dag to 2023-02-14 00:00:00+00:00
[2023-02-16 20:49:29,225] {scheduler_job.py:190} INFO - Processing /home/airflow/.local/lib/python3.6/site-packages/airflow/example_dags/example_skip_dag.py took 0.068 seconds
[2023-02-16 20:49:59,652] {scheduler_job.py:182} INFO - Started process (PID=886) to work on /home/airflow/.local/lib/python3.6/site-packages/airflow/example_dags/example_skip_dag.py
[2023-02-16 20:49:59,653] {scheduler_job.py:633} INFO - Processing file /home/airflow/.local/lib/python3.6/site-packages/airflow/example_dags/example_skip_dag.py for tasks to queue
[2023-02-16 20:49:59,654] {logging_mixin.py:104} INFO - [2023-02-16 20:49:59,654] {dagbag.py:496} INFO - Filling up the DagBag from /home/airflow/.local/lib/python3.6/site-packages/airflow/example_dags/example_skip_dag.py
[2023-02-16 20:49:59,665] {scheduler_job.py:643} INFO - DAG(s) dict_keys(['example_skip_dag']) retrieved from /home/airflow/.local/lib/python3.6/site-packages/airflow/example_dags/example_skip_dag.py
[2023-02-16 20:49:59,704] {logging_mixin.py:104} INFO - [2023-02-16 20:49:59,704] {dag.py:1833} INFO - Sync 1 DAGs
[2023-02-16 20:49:59,720] {logging_mixin.py:104} INFO - [2023-02-16 20:49:59,719] {dag.py:2306} INFO - Setting next_dagrun for example_skip_dag to 2023-02-14 00:00:00+00:00
[2023-02-16 20:49:59,728] {scheduler_job.py:190} INFO - Processing /home/airflow/.local/lib/python3.6/site-packages/airflow/example_dags/example_skip_dag.py took 0.078 seconds
[2023-02-16 20:50:30,763] {scheduler_job.py:182} INFO - Started process (PID=947) to work on /home/airflow/.local/lib/python3.6/site-packages/airflow/example_dags/example_skip_dag.py
[2023-02-16 20:50:30,763] {scheduler_job.py:633} INFO - Processing file /home/airflow/.local/lib/python3.6/site-packages/airflow/example_dags/example_skip_dag.py for tasks to queue
[2023-02-16 20:50:30,764] {logging_mixin.py:104} INFO - [2023-02-16 20:50:30,764] {dagbag.py:496} INFO - Filling up the DagBag from /home/airflow/.local/lib/python3.6/site-packages/airflow/example_dags/example_skip_dag.py
[2023-02-16 20:50:30,773] {scheduler_job.py:643} INFO - DAG(s) dict_keys(['example_skip_dag']) retrieved from /home/airflow/.local/lib/python3.6/site-packages/airflow/example_dags/example_skip_dag.py
[2023-02-16 20:50:30,794] {logging_mixin.py:104} INFO - [2023-02-16 20:50:30,794] {dag.py:1833} INFO - Sync 1 DAGs
[2023-02-16 20:50:30,808] {logging_mixin.py:104} INFO - [2023-02-16 20:50:30,808] {dag.py:2306} INFO - Setting next_dagrun for example_skip_dag to 2023-02-14 00:00:00+00:00
[2023-02-16 20:50:30,816] {scheduler_job.py:190} INFO - Processing /home/airflow/.local/lib/python3.6/site-packages/airflow/example_dags/example_skip_dag.py took 0.056 seconds
[2023-02-16 20:51:01,285] {scheduler_job.py:182} INFO - Started process (PID=999) to work on /home/airflow/.local/lib/python3.6/site-packages/airflow/example_dags/example_skip_dag.py
[2023-02-16 20:51:01,286] {scheduler_job.py:633} INFO - Processing file /home/airflow/.local/lib/python3.6/site-packages/airflow/example_dags/example_skip_dag.py for tasks to queue
[2023-02-16 20:51:01,287] {logging_mixin.py:104} INFO - [2023-02-16 20:51:01,287] {dagbag.py:496} INFO - Filling up the DagBag from /home/airflow/.local/lib/python3.6/site-packages/airflow/example_dags/example_skip_dag.py
[2023-02-16 20:51:01,297] {scheduler_job.py:643} INFO - DAG(s) dict_keys(['example_skip_dag']) retrieved from /home/airflow/.local/lib/python3.6/site-packages/airflow/example_dags/example_skip_dag.py
[2023-02-16 20:51:01,342] {logging_mixin.py:104} INFO - [2023-02-16 20:51:01,341] {dag.py:1833} INFO - Sync 1 DAGs
[2023-02-16 20:51:01,359] {logging_mixin.py:104} INFO - [2023-02-16 20:51:01,359] {dag.py:2306} INFO - Setting next_dagrun for example_skip_dag to 2023-02-14 00:00:00+00:00
[2023-02-16 20:51:01,368] {scheduler_job.py:190} INFO - Processing /home/airflow/.local/lib/python3.6/site-packages/airflow/example_dags/example_skip_dag.py took 0.086 seconds
[2023-02-16 20:51:31,922] {scheduler_job.py:182} INFO - Started process (PID=1060) to work on /home/airflow/.local/lib/python3.6/site-packages/airflow/example_dags/example_skip_dag.py
[2023-02-16 20:51:31,923] {scheduler_job.py:633} INFO - Processing file /home/airflow/.local/lib/python3.6/site-packages/airflow/example_dags/example_skip_dag.py for tasks to queue
[2023-02-16 20:51:31,923] {logging_mixin.py:104} INFO - [2023-02-16 20:51:31,923] {dagbag.py:496} INFO - Filling up the DagBag from /home/airflow/.local/lib/python3.6/site-packages/airflow/example_dags/example_skip_dag.py
[2023-02-16 20:51:31,932] {scheduler_job.py:643} INFO - DAG(s) dict_keys(['example_skip_dag']) retrieved from /home/airflow/.local/lib/python3.6/site-packages/airflow/example_dags/example_skip_dag.py
[2023-02-16 20:51:31,949] {logging_mixin.py:104} INFO - [2023-02-16 20:51:31,949] {dag.py:1833} INFO - Sync 1 DAGs
[2023-02-16 20:51:31,961] {logging_mixin.py:104} INFO - [2023-02-16 20:51:31,961] {dag.py:2306} INFO - Setting next_dagrun for example_skip_dag to 2023-02-14 00:00:00+00:00
[2023-02-16 20:51:31,970] {scheduler_job.py:190} INFO - Processing /home/airflow/.local/lib/python3.6/site-packages/airflow/example_dags/example_skip_dag.py took 0.050 seconds
[2023-02-16 20:52:02,383] {scheduler_job.py:182} INFO - Started process (PID=1111) to work on /home/airflow/.local/lib/python3.6/site-packages/airflow/example_dags/example_skip_dag.py
[2023-02-16 20:52:02,384] {scheduler_job.py:633} INFO - Processing file /home/airflow/.local/lib/python3.6/site-packages/airflow/example_dags/example_skip_dag.py for tasks to queue
[2023-02-16 20:52:02,384] {logging_mixin.py:104} INFO - [2023-02-16 20:52:02,384] {dagbag.py:496} INFO - Filling up the DagBag from /home/airflow/.local/lib/python3.6/site-packages/airflow/example_dags/example_skip_dag.py
[2023-02-16 20:52:02,393] {scheduler_job.py:643} INFO - DAG(s) dict_keys(['example_skip_dag']) retrieved from /home/airflow/.local/lib/python3.6/site-packages/airflow/example_dags/example_skip_dag.py
[2023-02-16 20:52:02,412] {logging_mixin.py:104} INFO - [2023-02-16 20:52:02,412] {dag.py:1833} INFO - Sync 1 DAGs
[2023-02-16 20:52:02,426] {logging_mixin.py:104} INFO - [2023-02-16 20:52:02,426] {dag.py:2306} INFO - Setting next_dagrun for example_skip_dag to 2023-02-14 00:00:00+00:00
[2023-02-16 20:52:02,434] {scheduler_job.py:190} INFO - Processing /home/airflow/.local/lib/python3.6/site-packages/airflow/example_dags/example_skip_dag.py took 0.053 seconds
[2023-02-16 20:52:32,985] {scheduler_job.py:182} INFO - Started process (PID=1172) to work on /home/airflow/.local/lib/python3.6/site-packages/airflow/example_dags/example_skip_dag.py
[2023-02-16 20:52:32,985] {scheduler_job.py:633} INFO - Processing file /home/airflow/.local/lib/python3.6/site-packages/airflow/example_dags/example_skip_dag.py for tasks to queue
[2023-02-16 20:52:32,986] {logging_mixin.py:104} INFO - [2023-02-16 20:52:32,986] {dagbag.py:496} INFO - Filling up the DagBag from /home/airflow/.local/lib/python3.6/site-packages/airflow/example_dags/example_skip_dag.py
[2023-02-16 20:52:32,996] {scheduler_job.py:643} INFO - DAG(s) dict_keys(['example_skip_dag']) retrieved from /home/airflow/.local/lib/python3.6/site-packages/airflow/example_dags/example_skip_dag.py
[2023-02-16 20:52:33,016] {logging_mixin.py:104} INFO - [2023-02-16 20:52:33,015] {dag.py:1833} INFO - Sync 1 DAGs
[2023-02-16 20:52:33,029] {logging_mixin.py:104} INFO - [2023-02-16 20:52:33,029] {dag.py:2306} INFO - Setting next_dagrun for example_skip_dag to 2023-02-14 00:00:00+00:00
[2023-02-16 20:52:33,038] {scheduler_job.py:190} INFO - Processing /home/airflow/.local/lib/python3.6/site-packages/airflow/example_dags/example_skip_dag.py took 0.056 seconds
[2023-02-16 20:53:05,492] {scheduler_job.py:182} INFO - Started process (PID=1223) to work on /home/airflow/.local/lib/python3.6/site-packages/airflow/example_dags/example_skip_dag.py
[2023-02-16 20:53:05,494] {scheduler_job.py:633} INFO - Processing file /home/airflow/.local/lib/python3.6/site-packages/airflow/example_dags/example_skip_dag.py for tasks to queue
[2023-02-16 20:53:05,494] {logging_mixin.py:104} INFO - [2023-02-16 20:53:05,494] {dagbag.py:496} INFO - Filling up the DagBag from /home/airflow/.local/lib/python3.6/site-packages/airflow/example_dags/example_skip_dag.py
[2023-02-16 20:53:05,503] {scheduler_job.py:643} INFO - DAG(s) dict_keys(['example_skip_dag']) retrieved from /home/airflow/.local/lib/python3.6/site-packages/airflow/example_dags/example_skip_dag.py
[2023-02-16 20:53:05,525] {logging_mixin.py:104} INFO - [2023-02-16 20:53:05,525] {dag.py:1833} INFO - Sync 1 DAGs
[2023-02-16 20:53:05,541] {logging_mixin.py:104} INFO - [2023-02-16 20:53:05,540] {dag.py:2306} INFO - Setting next_dagrun for example_skip_dag to 2023-02-14 00:00:00+00:00
[2023-02-16 20:53:05,588] {scheduler_job.py:190} INFO - Processing /home/airflow/.local/lib/python3.6/site-packages/airflow/example_dags/example_skip_dag.py took 0.099 seconds
[2023-02-16 20:53:35,992] {scheduler_job.py:182} INFO - Started process (PID=1272) to work on /home/airflow/.local/lib/python3.6/site-packages/airflow/example_dags/example_skip_dag.py
[2023-02-16 20:53:35,993] {scheduler_job.py:633} INFO - Processing file /home/airflow/.local/lib/python3.6/site-packages/airflow/example_dags/example_skip_dag.py for tasks to queue
[2023-02-16 20:53:35,994] {logging_mixin.py:104} INFO - [2023-02-16 20:53:35,994] {dagbag.py:496} INFO - Filling up the DagBag from /home/airflow/.local/lib/python3.6/site-packages/airflow/example_dags/example_skip_dag.py
[2023-02-16 20:53:36,087] {scheduler_job.py:643} INFO - DAG(s) dict_keys(['example_skip_dag']) retrieved from /home/airflow/.local/lib/python3.6/site-packages/airflow/example_dags/example_skip_dag.py
[2023-02-16 20:53:36,204] {logging_mixin.py:104} INFO - [2023-02-16 20:53:36,204] {dag.py:1833} INFO - Sync 1 DAGs
[2023-02-16 20:53:36,299] {logging_mixin.py:104} INFO - [2023-02-16 20:53:36,298] {dag.py:2306} INFO - Setting next_dagrun for example_skip_dag to 2023-02-14 00:00:00+00:00
[2023-02-16 20:53:36,392] {scheduler_job.py:190} INFO - Processing /home/airflow/.local/lib/python3.6/site-packages/airflow/example_dags/example_skip_dag.py took 0.404 seconds
[2023-02-16 20:54:07,200] {scheduler_job.py:182} INFO - Started process (PID=1324) to work on /home/airflow/.local/lib/python3.6/site-packages/airflow/example_dags/example_skip_dag.py
[2023-02-16 20:54:07,201] {scheduler_job.py:633} INFO - Processing file /home/airflow/.local/lib/python3.6/site-packages/airflow/example_dags/example_skip_dag.py for tasks to queue
[2023-02-16 20:54:07,201] {logging_mixin.py:104} INFO - [2023-02-16 20:54:07,201] {dagbag.py:496} INFO - Filling up the DagBag from /home/airflow/.local/lib/python3.6/site-packages/airflow/example_dags/example_skip_dag.py
[2023-02-16 20:54:07,213] {scheduler_job.py:643} INFO - DAG(s) dict_keys(['example_skip_dag']) retrieved from /home/airflow/.local/lib/python3.6/site-packages/airflow/example_dags/example_skip_dag.py
[2023-02-16 20:54:07,236] {logging_mixin.py:104} INFO - [2023-02-16 20:54:07,236] {dag.py:1833} INFO - Sync 1 DAGs
[2023-02-16 20:54:07,283] {logging_mixin.py:104} INFO - [2023-02-16 20:54:07,283] {dag.py:2306} INFO - Setting next_dagrun for example_skip_dag to 2023-02-14 00:00:00+00:00
[2023-02-16 20:54:07,294] {scheduler_job.py:190} INFO - Processing /home/airflow/.local/lib/python3.6/site-packages/airflow/example_dags/example_skip_dag.py took 0.097 seconds
[2023-02-16 20:54:37,514] {scheduler_job.py:182} INFO - Started process (PID=1375) to work on /home/airflow/.local/lib/python3.6/site-packages/airflow/example_dags/example_skip_dag.py
[2023-02-16 20:54:37,515] {scheduler_job.py:633} INFO - Processing file /home/airflow/.local/lib/python3.6/site-packages/airflow/example_dags/example_skip_dag.py for tasks to queue
[2023-02-16 20:54:37,516] {logging_mixin.py:104} INFO - [2023-02-16 20:54:37,516] {dagbag.py:496} INFO - Filling up the DagBag from /home/airflow/.local/lib/python3.6/site-packages/airflow/example_dags/example_skip_dag.py
[2023-02-16 20:54:37,528] {scheduler_job.py:643} INFO - DAG(s) dict_keys(['example_skip_dag']) retrieved from /home/airflow/.local/lib/python3.6/site-packages/airflow/example_dags/example_skip_dag.py
[2023-02-16 20:54:37,550] {logging_mixin.py:104} INFO - [2023-02-16 20:54:37,550] {dag.py:1833} INFO - Sync 1 DAGs
[2023-02-16 20:54:37,571] {logging_mixin.py:104} INFO - [2023-02-16 20:54:37,570] {dag.py:2306} INFO - Setting next_dagrun for example_skip_dag to 2023-02-14 00:00:00+00:00
[2023-02-16 20:54:37,587] {scheduler_job.py:190} INFO - Processing /home/airflow/.local/lib/python3.6/site-packages/airflow/example_dags/example_skip_dag.py took 0.077 seconds
[2023-02-16 20:55:08,161] {scheduler_job.py:182} INFO - Started process (PID=1436) to work on /home/airflow/.local/lib/python3.6/site-packages/airflow/example_dags/example_skip_dag.py
[2023-02-16 20:55:08,162] {scheduler_job.py:633} INFO - Processing file /home/airflow/.local/lib/python3.6/site-packages/airflow/example_dags/example_skip_dag.py for tasks to queue
[2023-02-16 20:55:08,162] {logging_mixin.py:104} INFO - [2023-02-16 20:55:08,162] {dagbag.py:496} INFO - Filling up the DagBag from /home/airflow/.local/lib/python3.6/site-packages/airflow/example_dags/example_skip_dag.py
[2023-02-16 20:55:08,174] {scheduler_job.py:643} INFO - DAG(s) dict_keys(['example_skip_dag']) retrieved from /home/airflow/.local/lib/python3.6/site-packages/airflow/example_dags/example_skip_dag.py
[2023-02-16 20:55:08,196] {logging_mixin.py:104} INFO - [2023-02-16 20:55:08,196] {dag.py:1833} INFO - Sync 1 DAGs
[2023-02-16 20:55:08,211] {logging_mixin.py:104} INFO - [2023-02-16 20:55:08,211] {dag.py:2306} INFO - Setting next_dagrun for example_skip_dag to 2023-02-14 00:00:00+00:00
[2023-02-16 20:55:08,221] {scheduler_job.py:190} INFO - Processing /home/airflow/.local/lib/python3.6/site-packages/airflow/example_dags/example_skip_dag.py took 0.063 seconds
[2023-02-16 20:55:38,732] {scheduler_job.py:182} INFO - Started process (PID=1488) to work on /home/airflow/.local/lib/python3.6/site-packages/airflow/example_dags/example_skip_dag.py
[2023-02-16 20:55:38,733] {scheduler_job.py:633} INFO - Processing file /home/airflow/.local/lib/python3.6/site-packages/airflow/example_dags/example_skip_dag.py for tasks to queue
[2023-02-16 20:55:38,734] {logging_mixin.py:104} INFO - [2023-02-16 20:55:38,733] {dagbag.py:496} INFO - Filling up the DagBag from /home/airflow/.local/lib/python3.6/site-packages/airflow/example_dags/example_skip_dag.py
[2023-02-16 20:55:38,745] {scheduler_job.py:643} INFO - DAG(s) dict_keys(['example_skip_dag']) retrieved from /home/airflow/.local/lib/python3.6/site-packages/airflow/example_dags/example_skip_dag.py
[2023-02-16 20:55:38,764] {logging_mixin.py:104} INFO - [2023-02-16 20:55:38,764] {dag.py:1833} INFO - Sync 1 DAGs
[2023-02-16 20:55:38,785] {logging_mixin.py:104} INFO - [2023-02-16 20:55:38,785] {dag.py:2306} INFO - Setting next_dagrun for example_skip_dag to 2023-02-14 00:00:00+00:00
[2023-02-16 20:55:38,797] {scheduler_job.py:190} INFO - Processing /home/airflow/.local/lib/python3.6/site-packages/airflow/example_dags/example_skip_dag.py took 0.068 seconds
[2023-02-16 20:56:09,384] {scheduler_job.py:182} INFO - Started process (PID=1549) to work on /home/airflow/.local/lib/python3.6/site-packages/airflow/example_dags/example_skip_dag.py
[2023-02-16 20:56:09,386] {scheduler_job.py:633} INFO - Processing file /home/airflow/.local/lib/python3.6/site-packages/airflow/example_dags/example_skip_dag.py for tasks to queue
[2023-02-16 20:56:09,386] {logging_mixin.py:104} INFO - [2023-02-16 20:56:09,386] {dagbag.py:496} INFO - Filling up the DagBag from /home/airflow/.local/lib/python3.6/site-packages/airflow/example_dags/example_skip_dag.py
[2023-02-16 20:56:09,396] {scheduler_job.py:643} INFO - DAG(s) dict_keys(['example_skip_dag']) retrieved from /home/airflow/.local/lib/python3.6/site-packages/airflow/example_dags/example_skip_dag.py
[2023-02-16 20:56:09,418] {logging_mixin.py:104} INFO - [2023-02-16 20:56:09,418] {dag.py:1833} INFO - Sync 1 DAGs
[2023-02-16 20:56:09,436] {logging_mixin.py:104} INFO - [2023-02-16 20:56:09,436] {dag.py:2306} INFO - Setting next_dagrun for example_skip_dag to 2023-02-14 00:00:00+00:00
[2023-02-16 20:56:09,445] {scheduler_job.py:190} INFO - Processing /home/airflow/.local/lib/python3.6/site-packages/airflow/example_dags/example_skip_dag.py took 0.064 seconds
[2023-02-16 20:56:39,956] {scheduler_job.py:182} INFO - Started process (PID=1600) to work on /home/airflow/.local/lib/python3.6/site-packages/airflow/example_dags/example_skip_dag.py
[2023-02-16 20:56:39,957] {scheduler_job.py:633} INFO - Processing file /home/airflow/.local/lib/python3.6/site-packages/airflow/example_dags/example_skip_dag.py for tasks to queue
[2023-02-16 20:56:39,957] {logging_mixin.py:104} INFO - [2023-02-16 20:56:39,957] {dagbag.py:496} INFO - Filling up the DagBag from /home/airflow/.local/lib/python3.6/site-packages/airflow/example_dags/example_skip_dag.py
[2023-02-16 20:56:39,968] {scheduler_job.py:643} INFO - DAG(s) dict_keys(['example_skip_dag']) retrieved from /home/airflow/.local/lib/python3.6/site-packages/airflow/example_dags/example_skip_dag.py
[2023-02-16 20:56:39,990] {logging_mixin.py:104} INFO - [2023-02-16 20:56:39,990] {dag.py:1833} INFO - Sync 1 DAGs
[2023-02-16 20:56:40,008] {logging_mixin.py:104} INFO - [2023-02-16 20:56:40,007] {dag.py:2306} INFO - Setting next_dagrun for example_skip_dag to 2023-02-14 00:00:00+00:00
[2023-02-16 20:56:40,018] {scheduler_job.py:190} INFO - Processing /home/airflow/.local/lib/python3.6/site-packages/airflow/example_dags/example_skip_dag.py took 0.065 seconds
[2023-02-16 20:57:10,286] {scheduler_job.py:182} INFO - Started process (PID=1661) to work on /home/airflow/.local/lib/python3.6/site-packages/airflow/example_dags/example_skip_dag.py
[2023-02-16 20:57:10,287] {scheduler_job.py:633} INFO - Processing file /home/airflow/.local/lib/python3.6/site-packages/airflow/example_dags/example_skip_dag.py for tasks to queue
[2023-02-16 20:57:10,288] {logging_mixin.py:104} INFO - [2023-02-16 20:57:10,288] {dagbag.py:496} INFO - Filling up the DagBag from /home/airflow/.local/lib/python3.6/site-packages/airflow/example_dags/example_skip_dag.py
[2023-02-16 20:57:10,301] {scheduler_job.py:643} INFO - DAG(s) dict_keys(['example_skip_dag']) retrieved from /home/airflow/.local/lib/python3.6/site-packages/airflow/example_dags/example_skip_dag.py
[2023-02-16 20:57:10,323] {logging_mixin.py:104} INFO - [2023-02-16 20:57:10,323] {dag.py:1833} INFO - Sync 1 DAGs
[2023-02-16 20:57:10,391] {logging_mixin.py:104} INFO - [2023-02-16 20:57:10,391] {dag.py:2306} INFO - Setting next_dagrun for example_skip_dag to 2023-02-14 00:00:00+00:00
[2023-02-16 20:57:10,401] {scheduler_job.py:190} INFO - Processing /home/airflow/.local/lib/python3.6/site-packages/airflow/example_dags/example_skip_dag.py took 0.118 seconds
[2023-02-16 20:57:40,847] {scheduler_job.py:182} INFO - Started process (PID=1712) to work on /home/airflow/.local/lib/python3.6/site-packages/airflow/example_dags/example_skip_dag.py
[2023-02-16 20:57:40,848] {scheduler_job.py:633} INFO - Processing file /home/airflow/.local/lib/python3.6/site-packages/airflow/example_dags/example_skip_dag.py for tasks to queue
[2023-02-16 20:57:40,848] {logging_mixin.py:104} INFO - [2023-02-16 20:57:40,848] {dagbag.py:496} INFO - Filling up the DagBag from /home/airflow/.local/lib/python3.6/site-packages/airflow/example_dags/example_skip_dag.py
[2023-02-16 20:57:40,858] {scheduler_job.py:643} INFO - DAG(s) dict_keys(['example_skip_dag']) retrieved from /home/airflow/.local/lib/python3.6/site-packages/airflow/example_dags/example_skip_dag.py
[2023-02-16 20:57:40,892] {logging_mixin.py:104} INFO - [2023-02-16 20:57:40,892] {dag.py:1833} INFO - Sync 1 DAGs
[2023-02-16 20:57:40,908] {logging_mixin.py:104} INFO - [2023-02-16 20:57:40,908] {dag.py:2306} INFO - Setting next_dagrun for example_skip_dag to 2023-02-14 00:00:00+00:00
[2023-02-16 20:57:40,915] {scheduler_job.py:190} INFO - Processing /home/airflow/.local/lib/python3.6/site-packages/airflow/example_dags/example_skip_dag.py took 0.071 seconds
[2023-02-16 20:58:11,621] {scheduler_job.py:182} INFO - Started process (PID=1772) to work on /home/airflow/.local/lib/python3.6/site-packages/airflow/example_dags/example_skip_dag.py
[2023-02-16 20:58:11,623] {scheduler_job.py:633} INFO - Processing file /home/airflow/.local/lib/python3.6/site-packages/airflow/example_dags/example_skip_dag.py for tasks to queue
[2023-02-16 20:58:11,624] {logging_mixin.py:104} INFO - [2023-02-16 20:58:11,624] {dagbag.py:496} INFO - Filling up the DagBag from /home/airflow/.local/lib/python3.6/site-packages/airflow/example_dags/example_skip_dag.py
[2023-02-16 20:58:11,635] {scheduler_job.py:643} INFO - DAG(s) dict_keys(['example_skip_dag']) retrieved from /home/airflow/.local/lib/python3.6/site-packages/airflow/example_dags/example_skip_dag.py
[2023-02-16 20:58:11,701] {logging_mixin.py:104} INFO - [2023-02-16 20:58:11,701] {dag.py:1833} INFO - Sync 1 DAGs
[2023-02-16 20:58:11,720] {logging_mixin.py:104} INFO - [2023-02-16 20:58:11,720] {dag.py:2306} INFO - Setting next_dagrun for example_skip_dag to 2023-02-14 00:00:00+00:00
[2023-02-16 20:58:11,731] {scheduler_job.py:190} INFO - Processing /home/airflow/.local/lib/python3.6/site-packages/airflow/example_dags/example_skip_dag.py took 0.114 seconds
[2023-02-16 20:58:42,500] {scheduler_job.py:182} INFO - Started process (PID=1824) to work on /home/airflow/.local/lib/python3.6/site-packages/airflow/example_dags/example_skip_dag.py
[2023-02-16 20:58:42,501] {scheduler_job.py:633} INFO - Processing file /home/airflow/.local/lib/python3.6/site-packages/airflow/example_dags/example_skip_dag.py for tasks to queue
[2023-02-16 20:58:42,501] {logging_mixin.py:104} INFO - [2023-02-16 20:58:42,501] {dagbag.py:496} INFO - Filling up the DagBag from /home/airflow/.local/lib/python3.6/site-packages/airflow/example_dags/example_skip_dag.py
[2023-02-16 20:58:42,511] {scheduler_job.py:643} INFO - DAG(s) dict_keys(['example_skip_dag']) retrieved from /home/airflow/.local/lib/python3.6/site-packages/airflow/example_dags/example_skip_dag.py
[2023-02-16 20:58:42,534] {logging_mixin.py:104} INFO - [2023-02-16 20:58:42,534] {dag.py:1833} INFO - Sync 1 DAGs
[2023-02-16 20:58:42,587] {logging_mixin.py:104} INFO - [2023-02-16 20:58:42,587] {dag.py:2306} INFO - Setting next_dagrun for example_skip_dag to 2023-02-14 00:00:00+00:00
[2023-02-16 20:58:42,598] {scheduler_job.py:190} INFO - Processing /home/airflow/.local/lib/python3.6/site-packages/airflow/example_dags/example_skip_dag.py took 0.101 seconds
[2023-02-16 20:59:13,617] {scheduler_job.py:182} INFO - Started process (PID=1884) to work on /home/airflow/.local/lib/python3.6/site-packages/airflow/example_dags/example_skip_dag.py
[2023-02-16 20:59:13,618] {scheduler_job.py:633} INFO - Processing file /home/airflow/.local/lib/python3.6/site-packages/airflow/example_dags/example_skip_dag.py for tasks to queue
[2023-02-16 20:59:13,618] {logging_mixin.py:104} INFO - [2023-02-16 20:59:13,618] {dagbag.py:496} INFO - Filling up the DagBag from /home/airflow/.local/lib/python3.6/site-packages/airflow/example_dags/example_skip_dag.py
[2023-02-16 20:59:13,629] {scheduler_job.py:643} INFO - DAG(s) dict_keys(['example_skip_dag']) retrieved from /home/airflow/.local/lib/python3.6/site-packages/airflow/example_dags/example_skip_dag.py
[2023-02-16 20:59:13,698] {logging_mixin.py:104} INFO - [2023-02-16 20:59:13,698] {dag.py:1833} INFO - Sync 1 DAGs
[2023-02-16 20:59:13,711] {logging_mixin.py:104} INFO - [2023-02-16 20:59:13,711] {dag.py:2306} INFO - Setting next_dagrun for example_skip_dag to 2023-02-14 00:00:00+00:00
[2023-02-16 20:59:13,718] {scheduler_job.py:190} INFO - Processing /home/airflow/.local/lib/python3.6/site-packages/airflow/example_dags/example_skip_dag.py took 0.104 seconds
[2023-02-16 20:59:44,586] {scheduler_job.py:182} INFO - Started process (PID=1937) to work on /home/airflow/.local/lib/python3.6/site-packages/airflow/example_dags/example_skip_dag.py
[2023-02-16 20:59:44,587] {scheduler_job.py:633} INFO - Processing file /home/airflow/.local/lib/python3.6/site-packages/airflow/example_dags/example_skip_dag.py for tasks to queue
[2023-02-16 20:59:44,587] {logging_mixin.py:104} INFO - [2023-02-16 20:59:44,587] {dagbag.py:496} INFO - Filling up the DagBag from /home/airflow/.local/lib/python3.6/site-packages/airflow/example_dags/example_skip_dag.py
[2023-02-16 20:59:44,596] {scheduler_job.py:643} INFO - DAG(s) dict_keys(['example_skip_dag']) retrieved from /home/airflow/.local/lib/python3.6/site-packages/airflow/example_dags/example_skip_dag.py
[2023-02-16 20:59:44,617] {logging_mixin.py:104} INFO - [2023-02-16 20:59:44,617] {dag.py:1833} INFO - Sync 1 DAGs
[2023-02-16 20:59:44,630] {logging_mixin.py:104} INFO - [2023-02-16 20:59:44,630] {dag.py:2306} INFO - Setting next_dagrun for example_skip_dag to 2023-02-14 00:00:00+00:00
[2023-02-16 20:59:44,637] {scheduler_job.py:190} INFO - Processing /home/airflow/.local/lib/python3.6/site-packages/airflow/example_dags/example_skip_dag.py took 0.054 seconds
[2023-02-16 21:00:14,930] {scheduler_job.py:182} INFO - Started process (PID=1998) to work on /home/airflow/.local/lib/python3.6/site-packages/airflow/example_dags/example_skip_dag.py
[2023-02-16 21:00:14,931] {scheduler_job.py:633} INFO - Processing file /home/airflow/.local/lib/python3.6/site-packages/airflow/example_dags/example_skip_dag.py for tasks to queue
[2023-02-16 21:00:14,932] {logging_mixin.py:104} INFO - [2023-02-16 21:00:14,932] {dagbag.py:496} INFO - Filling up the DagBag from /home/airflow/.local/lib/python3.6/site-packages/airflow/example_dags/example_skip_dag.py
[2023-02-16 21:00:14,941] {scheduler_job.py:643} INFO - DAG(s) dict_keys(['example_skip_dag']) retrieved from /home/airflow/.local/lib/python3.6/site-packages/airflow/example_dags/example_skip_dag.py
[2023-02-16 21:00:14,967] {logging_mixin.py:104} INFO - [2023-02-16 21:00:14,967] {dag.py:1833} INFO - Sync 1 DAGs
[2023-02-16 21:00:14,993] {logging_mixin.py:104} INFO - [2023-02-16 21:00:14,993] {dag.py:2306} INFO - Setting next_dagrun for example_skip_dag to 2023-02-14 00:00:00+00:00
[2023-02-16 21:00:15,003] {scheduler_job.py:190} INFO - Processing /home/airflow/.local/lib/python3.6/site-packages/airflow/example_dags/example_skip_dag.py took 0.075 seconds
[2023-02-16 21:00:45,484] {scheduler_job.py:182} INFO - Started process (PID=2049) to work on /home/airflow/.local/lib/python3.6/site-packages/airflow/example_dags/example_skip_dag.py
[2023-02-16 21:00:45,485] {scheduler_job.py:633} INFO - Processing file /home/airflow/.local/lib/python3.6/site-packages/airflow/example_dags/example_skip_dag.py for tasks to queue
[2023-02-16 21:00:45,485] {logging_mixin.py:104} INFO - [2023-02-16 21:00:45,485] {dagbag.py:496} INFO - Filling up the DagBag from /home/airflow/.local/lib/python3.6/site-packages/airflow/example_dags/example_skip_dag.py
[2023-02-16 21:00:45,495] {scheduler_job.py:643} INFO - DAG(s) dict_keys(['example_skip_dag']) retrieved from /home/airflow/.local/lib/python3.6/site-packages/airflow/example_dags/example_skip_dag.py
[2023-02-16 21:00:45,517] {logging_mixin.py:104} INFO - [2023-02-16 21:00:45,516] {dag.py:1833} INFO - Sync 1 DAGs
[2023-02-16 21:00:45,534] {logging_mixin.py:104} INFO - [2023-02-16 21:00:45,534] {dag.py:2306} INFO - Setting next_dagrun for example_skip_dag to 2023-02-14 00:00:00+00:00
[2023-02-16 21:00:45,542] {scheduler_job.py:190} INFO - Processing /home/airflow/.local/lib/python3.6/site-packages/airflow/example_dags/example_skip_dag.py took 0.060 seconds
[2023-02-16 21:01:15,981] {scheduler_job.py:182} INFO - Started process (PID=2110) to work on /home/airflow/.local/lib/python3.6/site-packages/airflow/example_dags/example_skip_dag.py
[2023-02-16 21:01:15,982] {scheduler_job.py:633} INFO - Processing file /home/airflow/.local/lib/python3.6/site-packages/airflow/example_dags/example_skip_dag.py for tasks to queue
[2023-02-16 21:01:15,983] {logging_mixin.py:104} INFO - [2023-02-16 21:01:15,982] {dagbag.py:496} INFO - Filling up the DagBag from /home/airflow/.local/lib/python3.6/site-packages/airflow/example_dags/example_skip_dag.py
[2023-02-16 21:01:15,997] {scheduler_job.py:643} INFO - DAG(s) dict_keys(['example_skip_dag']) retrieved from /home/airflow/.local/lib/python3.6/site-packages/airflow/example_dags/example_skip_dag.py
[2023-02-16 21:01:16,017] {logging_mixin.py:104} INFO - [2023-02-16 21:01:16,017] {dag.py:1833} INFO - Sync 1 DAGs
[2023-02-16 21:01:16,032] {logging_mixin.py:104} INFO - [2023-02-16 21:01:16,032] {dag.py:2306} INFO - Setting next_dagrun for example_skip_dag to 2023-02-14 00:00:00+00:00
[2023-02-16 21:01:16,041] {scheduler_job.py:190} INFO - Processing /home/airflow/.local/lib/python3.6/site-packages/airflow/example_dags/example_skip_dag.py took 0.064 seconds
[2023-02-16 21:01:46,626] {scheduler_job.py:182} INFO - Started process (PID=2161) to work on /home/airflow/.local/lib/python3.6/site-packages/airflow/example_dags/example_skip_dag.py
[2023-02-16 21:01:46,627] {scheduler_job.py:633} INFO - Processing file /home/airflow/.local/lib/python3.6/site-packages/airflow/example_dags/example_skip_dag.py for tasks to queue
[2023-02-16 21:01:46,627] {logging_mixin.py:104} INFO - [2023-02-16 21:01:46,627] {dagbag.py:496} INFO - Filling up the DagBag from /home/airflow/.local/lib/python3.6/site-packages/airflow/example_dags/example_skip_dag.py
[2023-02-16 21:01:46,641] {scheduler_job.py:643} INFO - DAG(s) dict_keys(['example_skip_dag']) retrieved from /home/airflow/.local/lib/python3.6/site-packages/airflow/example_dags/example_skip_dag.py
[2023-02-16 21:01:46,662] {logging_mixin.py:104} INFO - [2023-02-16 21:01:46,662] {dag.py:1833} INFO - Sync 1 DAGs
[2023-02-16 21:01:46,676] {logging_mixin.py:104} INFO - [2023-02-16 21:01:46,676] {dag.py:2306} INFO - Setting next_dagrun for example_skip_dag to 2023-02-14 00:00:00+00:00
[2023-02-16 21:01:46,683] {scheduler_job.py:190} INFO - Processing /home/airflow/.local/lib/python3.6/site-packages/airflow/example_dags/example_skip_dag.py took 0.060 seconds
[2023-02-16 21:02:16,713] {scheduler_job.py:182} INFO - Started process (PID=2222) to work on /home/airflow/.local/lib/python3.6/site-packages/airflow/example_dags/example_skip_dag.py
[2023-02-16 21:02:16,714] {scheduler_job.py:633} INFO - Processing file /home/airflow/.local/lib/python3.6/site-packages/airflow/example_dags/example_skip_dag.py for tasks to queue
[2023-02-16 21:02:16,715] {logging_mixin.py:104} INFO - [2023-02-16 21:02:16,714] {dagbag.py:496} INFO - Filling up the DagBag from /home/airflow/.local/lib/python3.6/site-packages/airflow/example_dags/example_skip_dag.py
[2023-02-16 21:02:16,726] {scheduler_job.py:643} INFO - DAG(s) dict_keys(['example_skip_dag']) retrieved from /home/airflow/.local/lib/python3.6/site-packages/airflow/example_dags/example_skip_dag.py
[2023-02-16 21:02:16,746] {logging_mixin.py:104} INFO - [2023-02-16 21:02:16,746] {dag.py:1833} INFO - Sync 1 DAGs
[2023-02-16 21:02:16,759] {logging_mixin.py:104} INFO - [2023-02-16 21:02:16,759] {dag.py:2306} INFO - Setting next_dagrun for example_skip_dag to 2023-02-14 00:00:00+00:00
[2023-02-16 21:02:16,766] {scheduler_job.py:190} INFO - Processing /home/airflow/.local/lib/python3.6/site-packages/airflow/example_dags/example_skip_dag.py took 0.056 seconds
[2023-02-16 21:02:47,425] {scheduler_job.py:182} INFO - Started process (PID=2273) to work on /home/airflow/.local/lib/python3.6/site-packages/airflow/example_dags/example_skip_dag.py
[2023-02-16 21:02:47,426] {scheduler_job.py:633} INFO - Processing file /home/airflow/.local/lib/python3.6/site-packages/airflow/example_dags/example_skip_dag.py for tasks to queue
[2023-02-16 21:02:47,426] {logging_mixin.py:104} INFO - [2023-02-16 21:02:47,426] {dagbag.py:496} INFO - Filling up the DagBag from /home/airflow/.local/lib/python3.6/site-packages/airflow/example_dags/example_skip_dag.py
[2023-02-16 21:02:47,436] {scheduler_job.py:643} INFO - DAG(s) dict_keys(['example_skip_dag']) retrieved from /home/airflow/.local/lib/python3.6/site-packages/airflow/example_dags/example_skip_dag.py
[2023-02-16 21:02:47,499] {logging_mixin.py:104} INFO - [2023-02-16 21:02:47,499] {dag.py:1833} INFO - Sync 1 DAGs
[2023-02-16 21:02:47,513] {logging_mixin.py:104} INFO - [2023-02-16 21:02:47,513] {dag.py:2306} INFO - Setting next_dagrun for example_skip_dag to 2023-02-14 00:00:00+00:00
[2023-02-16 21:02:47,522] {scheduler_job.py:190} INFO - Processing /home/airflow/.local/lib/python3.6/site-packages/airflow/example_dags/example_skip_dag.py took 0.099 seconds
[2023-02-16 21:03:18,022] {scheduler_job.py:182} INFO - Started process (PID=2333) to work on /home/airflow/.local/lib/python3.6/site-packages/airflow/example_dags/example_skip_dag.py
[2023-02-16 21:03:18,025] {scheduler_job.py:633} INFO - Processing file /home/airflow/.local/lib/python3.6/site-packages/airflow/example_dags/example_skip_dag.py for tasks to queue
[2023-02-16 21:03:18,026] {logging_mixin.py:104} INFO - [2023-02-16 21:03:18,026] {dagbag.py:496} INFO - Filling up the DagBag from /home/airflow/.local/lib/python3.6/site-packages/airflow/example_dags/example_skip_dag.py
[2023-02-16 21:03:18,036] {scheduler_job.py:643} INFO - DAG(s) dict_keys(['example_skip_dag']) retrieved from /home/airflow/.local/lib/python3.6/site-packages/airflow/example_dags/example_skip_dag.py
[2023-02-16 21:03:18,102] {logging_mixin.py:104} INFO - [2023-02-16 21:03:18,102] {dag.py:1833} INFO - Sync 1 DAGs
[2023-02-16 21:03:18,121] {logging_mixin.py:104} INFO - [2023-02-16 21:03:18,121] {dag.py:2306} INFO - Setting next_dagrun for example_skip_dag to 2023-02-14 00:00:00+00:00
[2023-02-16 21:03:18,185] {scheduler_job.py:190} INFO - Processing /home/airflow/.local/lib/python3.6/site-packages/airflow/example_dags/example_skip_dag.py took 0.166 seconds
[2023-02-16 21:03:48,336] {scheduler_job.py:182} INFO - Started process (PID=2385) to work on /home/airflow/.local/lib/python3.6/site-packages/airflow/example_dags/example_skip_dag.py
[2023-02-16 21:03:48,337] {scheduler_job.py:633} INFO - Processing file /home/airflow/.local/lib/python3.6/site-packages/airflow/example_dags/example_skip_dag.py for tasks to queue
[2023-02-16 21:03:48,337] {logging_mixin.py:104} INFO - [2023-02-16 21:03:48,337] {dagbag.py:496} INFO - Filling up the DagBag from /home/airflow/.local/lib/python3.6/site-packages/airflow/example_dags/example_skip_dag.py
[2023-02-16 21:03:48,347] {scheduler_job.py:643} INFO - DAG(s) dict_keys(['example_skip_dag']) retrieved from /home/airflow/.local/lib/python3.6/site-packages/airflow/example_dags/example_skip_dag.py
[2023-02-16 21:03:48,365] {logging_mixin.py:104} INFO - [2023-02-16 21:03:48,365] {dag.py:1833} INFO - Sync 1 DAGs
[2023-02-16 21:03:48,380] {logging_mixin.py:104} INFO - [2023-02-16 21:03:48,380] {dag.py:2306} INFO - Setting next_dagrun for example_skip_dag to 2023-02-14 00:00:00+00:00
[2023-02-16 21:03:48,393] {scheduler_job.py:190} INFO - Processing /home/airflow/.local/lib/python3.6/site-packages/airflow/example_dags/example_skip_dag.py took 0.059 seconds
[2023-02-16 21:04:18,831] {scheduler_job.py:182} INFO - Started process (PID=2436) to work on /home/airflow/.local/lib/python3.6/site-packages/airflow/example_dags/example_skip_dag.py
[2023-02-16 21:04:18,832] {scheduler_job.py:633} INFO - Processing file /home/airflow/.local/lib/python3.6/site-packages/airflow/example_dags/example_skip_dag.py for tasks to queue
[2023-02-16 21:04:18,833] {logging_mixin.py:104} INFO - [2023-02-16 21:04:18,833] {dagbag.py:496} INFO - Filling up the DagBag from /home/airflow/.local/lib/python3.6/site-packages/airflow/example_dags/example_skip_dag.py
[2023-02-16 21:04:18,846] {scheduler_job.py:643} INFO - DAG(s) dict_keys(['example_skip_dag']) retrieved from /home/airflow/.local/lib/python3.6/site-packages/airflow/example_dags/example_skip_dag.py
[2023-02-16 21:04:18,864] {logging_mixin.py:104} INFO - [2023-02-16 21:04:18,864] {dag.py:1833} INFO - Sync 1 DAGs
[2023-02-16 21:04:18,877] {logging_mixin.py:104} INFO - [2023-02-16 21:04:18,877] {dag.py:2306} INFO - Setting next_dagrun for example_skip_dag to 2023-02-14 00:00:00+00:00
[2023-02-16 21:04:18,884] {scheduler_job.py:190} INFO - Processing /home/airflow/.local/lib/python3.6/site-packages/airflow/example_dags/example_skip_dag.py took 0.056 seconds
[2023-02-16 21:04:49,505] {scheduler_job.py:182} INFO - Started process (PID=2497) to work on /home/airflow/.local/lib/python3.6/site-packages/airflow/example_dags/example_skip_dag.py
[2023-02-16 21:04:49,506] {scheduler_job.py:633} INFO - Processing file /home/airflow/.local/lib/python3.6/site-packages/airflow/example_dags/example_skip_dag.py for tasks to queue
[2023-02-16 21:04:49,506] {logging_mixin.py:104} INFO - [2023-02-16 21:04:49,506] {dagbag.py:496} INFO - Filling up the DagBag from /home/airflow/.local/lib/python3.6/site-packages/airflow/example_dags/example_skip_dag.py
[2023-02-16 21:04:49,518] {scheduler_job.py:643} INFO - DAG(s) dict_keys(['example_skip_dag']) retrieved from /home/airflow/.local/lib/python3.6/site-packages/airflow/example_dags/example_skip_dag.py
[2023-02-16 21:04:49,567] {logging_mixin.py:104} INFO - [2023-02-16 21:04:49,567] {dag.py:1833} INFO - Sync 1 DAGs
[2023-02-16 21:04:49,585] {logging_mixin.py:104} INFO - [2023-02-16 21:04:49,585] {dag.py:2306} INFO - Setting next_dagrun for example_skip_dag to 2023-02-14 00:00:00+00:00
[2023-02-16 21:04:49,595] {scheduler_job.py:190} INFO - Processing /home/airflow/.local/lib/python3.6/site-packages/airflow/example_dags/example_skip_dag.py took 0.094 seconds
[2023-02-16 21:05:20,008] {scheduler_job.py:182} INFO - Started process (PID=2548) to work on /home/airflow/.local/lib/python3.6/site-packages/airflow/example_dags/example_skip_dag.py
[2023-02-16 21:05:20,008] {scheduler_job.py:633} INFO - Processing file /home/airflow/.local/lib/python3.6/site-packages/airflow/example_dags/example_skip_dag.py for tasks to queue
[2023-02-16 21:05:20,009] {logging_mixin.py:104} INFO - [2023-02-16 21:05:20,009] {dagbag.py:496} INFO - Filling up the DagBag from /home/airflow/.local/lib/python3.6/site-packages/airflow/example_dags/example_skip_dag.py
[2023-02-16 21:05:20,020] {scheduler_job.py:643} INFO - DAG(s) dict_keys(['example_skip_dag']) retrieved from /home/airflow/.local/lib/python3.6/site-packages/airflow/example_dags/example_skip_dag.py
[2023-02-16 21:05:20,057] {logging_mixin.py:104} INFO - [2023-02-16 21:05:20,057] {dag.py:1833} INFO - Sync 1 DAGs
[2023-02-16 21:05:20,200] {logging_mixin.py:104} INFO - [2023-02-16 21:05:20,199] {dag.py:2306} INFO - Setting next_dagrun for example_skip_dag to 2023-02-14 00:00:00+00:00
[2023-02-16 21:05:20,234] {scheduler_job.py:190} INFO - Processing /home/airflow/.local/lib/python3.6/site-packages/airflow/example_dags/example_skip_dag.py took 0.230 seconds
[2023-02-16 21:05:50,709] {scheduler_job.py:182} INFO - Started process (PID=2609) to work on /home/airflow/.local/lib/python3.6/site-packages/airflow/example_dags/example_skip_dag.py
[2023-02-16 21:05:50,710] {scheduler_job.py:633} INFO - Processing file /home/airflow/.local/lib/python3.6/site-packages/airflow/example_dags/example_skip_dag.py for tasks to queue
[2023-02-16 21:05:50,710] {logging_mixin.py:104} INFO - [2023-02-16 21:05:50,710] {dagbag.py:496} INFO - Filling up the DagBag from /home/airflow/.local/lib/python3.6/site-packages/airflow/example_dags/example_skip_dag.py
[2023-02-16 21:05:50,722] {scheduler_job.py:643} INFO - DAG(s) dict_keys(['example_skip_dag']) retrieved from /home/airflow/.local/lib/python3.6/site-packages/airflow/example_dags/example_skip_dag.py
[2023-02-16 21:05:50,743] {logging_mixin.py:104} INFO - [2023-02-16 21:05:50,742] {dag.py:1833} INFO - Sync 1 DAGs
[2023-02-16 21:05:50,758] {logging_mixin.py:104} INFO - [2023-02-16 21:05:50,757] {dag.py:2306} INFO - Setting next_dagrun for example_skip_dag to 2023-02-14 00:00:00+00:00
[2023-02-16 21:05:50,768] {scheduler_job.py:190} INFO - Processing /home/airflow/.local/lib/python3.6/site-packages/airflow/example_dags/example_skip_dag.py took 0.062 seconds
[2023-02-16 21:06:21,365] {scheduler_job.py:182} INFO - Started process (PID=2660) to work on /home/airflow/.local/lib/python3.6/site-packages/airflow/example_dags/example_skip_dag.py
[2023-02-16 21:06:21,366] {scheduler_job.py:633} INFO - Processing file /home/airflow/.local/lib/python3.6/site-packages/airflow/example_dags/example_skip_dag.py for tasks to queue
[2023-02-16 21:06:21,366] {logging_mixin.py:104} INFO - [2023-02-16 21:06:21,366] {dagbag.py:496} INFO - Filling up the DagBag from /home/airflow/.local/lib/python3.6/site-packages/airflow/example_dags/example_skip_dag.py
[2023-02-16 21:06:21,376] {scheduler_job.py:643} INFO - DAG(s) dict_keys(['example_skip_dag']) retrieved from /home/airflow/.local/lib/python3.6/site-packages/airflow/example_dags/example_skip_dag.py
[2023-02-16 21:06:21,395] {logging_mixin.py:104} INFO - [2023-02-16 21:06:21,395] {dag.py:1833} INFO - Sync 1 DAGs
[2023-02-16 21:06:21,409] {logging_mixin.py:104} INFO - [2023-02-16 21:06:21,409] {dag.py:2306} INFO - Setting next_dagrun for example_skip_dag to 2023-02-14 00:00:00+00:00
[2023-02-16 21:06:21,418] {scheduler_job.py:190} INFO - Processing /home/airflow/.local/lib/python3.6/site-packages/airflow/example_dags/example_skip_dag.py took 0.055 seconds
[2023-02-16 21:06:52,033] {scheduler_job.py:182} INFO - Started process (PID=2721) to work on /home/airflow/.local/lib/python3.6/site-packages/airflow/example_dags/example_skip_dag.py
[2023-02-16 21:06:52,034] {scheduler_job.py:633} INFO - Processing file /home/airflow/.local/lib/python3.6/site-packages/airflow/example_dags/example_skip_dag.py for tasks to queue
[2023-02-16 21:06:52,034] {logging_mixin.py:104} INFO - [2023-02-16 21:06:52,034] {dagbag.py:496} INFO - Filling up the DagBag from /home/airflow/.local/lib/python3.6/site-packages/airflow/example_dags/example_skip_dag.py
[2023-02-16 21:06:52,046] {scheduler_job.py:643} INFO - DAG(s) dict_keys(['example_skip_dag']) retrieved from /home/airflow/.local/lib/python3.6/site-packages/airflow/example_dags/example_skip_dag.py
[2023-02-16 21:06:52,069] {logging_mixin.py:104} INFO - [2023-02-16 21:06:52,069] {dag.py:1833} INFO - Sync 1 DAGs
[2023-02-16 21:06:52,089] {logging_mixin.py:104} INFO - [2023-02-16 21:06:52,089] {dag.py:2306} INFO - Setting next_dagrun for example_skip_dag to 2023-02-14 00:00:00+00:00
[2023-02-16 21:06:52,099] {scheduler_job.py:190} INFO - Processing /home/airflow/.local/lib/python3.6/site-packages/airflow/example_dags/example_skip_dag.py took 0.069 seconds
[2023-02-16 21:07:22,575] {scheduler_job.py:182} INFO - Started process (PID=2772) to work on /home/airflow/.local/lib/python3.6/site-packages/airflow/example_dags/example_skip_dag.py
[2023-02-16 21:07:22,576] {scheduler_job.py:633} INFO - Processing file /home/airflow/.local/lib/python3.6/site-packages/airflow/example_dags/example_skip_dag.py for tasks to queue
[2023-02-16 21:07:22,576] {logging_mixin.py:104} INFO - [2023-02-16 21:07:22,576] {dagbag.py:496} INFO - Filling up the DagBag from /home/airflow/.local/lib/python3.6/site-packages/airflow/example_dags/example_skip_dag.py
[2023-02-16 21:07:22,586] {scheduler_job.py:643} INFO - DAG(s) dict_keys(['example_skip_dag']) retrieved from /home/airflow/.local/lib/python3.6/site-packages/airflow/example_dags/example_skip_dag.py
[2023-02-16 21:07:22,604] {logging_mixin.py:104} INFO - [2023-02-16 21:07:22,604] {dag.py:1833} INFO - Sync 1 DAGs
[2023-02-16 21:07:22,618] {logging_mixin.py:104} INFO - [2023-02-16 21:07:22,618] {dag.py:2306} INFO - Setting next_dagrun for example_skip_dag to 2023-02-14 00:00:00+00:00
[2023-02-16 21:07:22,626] {scheduler_job.py:190} INFO - Processing /home/airflow/.local/lib/python3.6/site-packages/airflow/example_dags/example_skip_dag.py took 0.053 seconds
[2023-02-16 21:07:53,119] {scheduler_job.py:182} INFO - Started process (PID=2833) to work on /home/airflow/.local/lib/python3.6/site-packages/airflow/example_dags/example_skip_dag.py
[2023-02-16 21:07:53,120] {scheduler_job.py:633} INFO - Processing file /home/airflow/.local/lib/python3.6/site-packages/airflow/example_dags/example_skip_dag.py for tasks to queue
[2023-02-16 21:07:53,120] {logging_mixin.py:104} INFO - [2023-02-16 21:07:53,120] {dagbag.py:496} INFO - Filling up the DagBag from /home/airflow/.local/lib/python3.6/site-packages/airflow/example_dags/example_skip_dag.py
[2023-02-16 21:07:53,131] {scheduler_job.py:643} INFO - DAG(s) dict_keys(['example_skip_dag']) retrieved from /home/airflow/.local/lib/python3.6/site-packages/airflow/example_dags/example_skip_dag.py
[2023-02-16 21:07:53,153] {logging_mixin.py:104} INFO - [2023-02-16 21:07:53,153] {dag.py:1833} INFO - Sync 1 DAGs
[2023-02-16 21:07:53,166] {logging_mixin.py:104} INFO - [2023-02-16 21:07:53,166] {dag.py:2306} INFO - Setting next_dagrun for example_skip_dag to 2023-02-14 00:00:00+00:00
[2023-02-16 21:07:53,174] {scheduler_job.py:190} INFO - Processing /home/airflow/.local/lib/python3.6/site-packages/airflow/example_dags/example_skip_dag.py took 0.058 seconds
[2023-02-16 21:08:23,795] {scheduler_job.py:182} INFO - Started process (PID=2884) to work on /home/airflow/.local/lib/python3.6/site-packages/airflow/example_dags/example_skip_dag.py
[2023-02-16 21:08:23,797] {scheduler_job.py:633} INFO - Processing file /home/airflow/.local/lib/python3.6/site-packages/airflow/example_dags/example_skip_dag.py for tasks to queue
[2023-02-16 21:08:23,798] {logging_mixin.py:104} INFO - [2023-02-16 21:08:23,797] {dagbag.py:496} INFO - Filling up the DagBag from /home/airflow/.local/lib/python3.6/site-packages/airflow/example_dags/example_skip_dag.py
[2023-02-16 21:08:23,807] {scheduler_job.py:643} INFO - DAG(s) dict_keys(['example_skip_dag']) retrieved from /home/airflow/.local/lib/python3.6/site-packages/airflow/example_dags/example_skip_dag.py
[2023-02-16 21:08:23,829] {logging_mixin.py:104} INFO - [2023-02-16 21:08:23,829] {dag.py:1833} INFO - Sync 1 DAGs
[2023-02-16 21:08:23,844] {logging_mixin.py:104} INFO - [2023-02-16 21:08:23,843] {dag.py:2306} INFO - Setting next_dagrun for example_skip_dag to 2023-02-14 00:00:00+00:00
[2023-02-16 21:08:23,852] {scheduler_job.py:190} INFO - Processing /home/airflow/.local/lib/python3.6/site-packages/airflow/example_dags/example_skip_dag.py took 0.059 seconds
[2023-02-16 21:08:54,083] {scheduler_job.py:182} INFO - Started process (PID=2944) to work on /home/airflow/.local/lib/python3.6/site-packages/airflow/example_dags/example_skip_dag.py
[2023-02-16 21:08:54,084] {scheduler_job.py:633} INFO - Processing file /home/airflow/.local/lib/python3.6/site-packages/airflow/example_dags/example_skip_dag.py for tasks to queue
[2023-02-16 21:08:54,084] {logging_mixin.py:104} INFO - [2023-02-16 21:08:54,084] {dagbag.py:496} INFO - Filling up the DagBag from /home/airflow/.local/lib/python3.6/site-packages/airflow/example_dags/example_skip_dag.py
[2023-02-16 21:08:54,093] {scheduler_job.py:643} INFO - DAG(s) dict_keys(['example_skip_dag']) retrieved from /home/airflow/.local/lib/python3.6/site-packages/airflow/example_dags/example_skip_dag.py
[2023-02-16 21:08:54,111] {logging_mixin.py:104} INFO - [2023-02-16 21:08:54,111] {dag.py:1833} INFO - Sync 1 DAGs
[2023-02-16 21:08:54,125] {logging_mixin.py:104} INFO - [2023-02-16 21:08:54,125] {dag.py:2306} INFO - Setting next_dagrun for example_skip_dag to 2023-02-14 00:00:00+00:00
[2023-02-16 21:08:54,133] {scheduler_job.py:190} INFO - Processing /home/airflow/.local/lib/python3.6/site-packages/airflow/example_dags/example_skip_dag.py took 0.052 seconds
[2023-02-16 21:09:24,512] {scheduler_job.py:182} INFO - Started process (PID=2995) to work on /home/airflow/.local/lib/python3.6/site-packages/airflow/example_dags/example_skip_dag.py
[2023-02-16 21:09:24,513] {scheduler_job.py:633} INFO - Processing file /home/airflow/.local/lib/python3.6/site-packages/airflow/example_dags/example_skip_dag.py for tasks to queue
[2023-02-16 21:09:24,514] {logging_mixin.py:104} INFO - [2023-02-16 21:09:24,514] {dagbag.py:496} INFO - Filling up the DagBag from /home/airflow/.local/lib/python3.6/site-packages/airflow/example_dags/example_skip_dag.py
[2023-02-16 21:09:24,524] {scheduler_job.py:643} INFO - DAG(s) dict_keys(['example_skip_dag']) retrieved from /home/airflow/.local/lib/python3.6/site-packages/airflow/example_dags/example_skip_dag.py
[2023-02-16 21:09:24,542] {logging_mixin.py:104} INFO - [2023-02-16 21:09:24,541] {dag.py:1833} INFO - Sync 1 DAGs
[2023-02-16 21:09:24,554] {logging_mixin.py:104} INFO - [2023-02-16 21:09:24,554] {dag.py:2306} INFO - Setting next_dagrun for example_skip_dag to 2023-02-14 00:00:00+00:00
[2023-02-16 21:09:24,561] {scheduler_job.py:190} INFO - Processing /home/airflow/.local/lib/python3.6/site-packages/airflow/example_dags/example_skip_dag.py took 0.052 seconds
[2023-02-16 21:09:55,209] {scheduler_job.py:182} INFO - Started process (PID=3056) to work on /home/airflow/.local/lib/python3.6/site-packages/airflow/example_dags/example_skip_dag.py
[2023-02-16 21:09:55,210] {scheduler_job.py:633} INFO - Processing file /home/airflow/.local/lib/python3.6/site-packages/airflow/example_dags/example_skip_dag.py for tasks to queue
[2023-02-16 21:09:55,211] {logging_mixin.py:104} INFO - [2023-02-16 21:09:55,211] {dagbag.py:496} INFO - Filling up the DagBag from /home/airflow/.local/lib/python3.6/site-packages/airflow/example_dags/example_skip_dag.py
[2023-02-16 21:09:55,221] {scheduler_job.py:643} INFO - DAG(s) dict_keys(['example_skip_dag']) retrieved from /home/airflow/.local/lib/python3.6/site-packages/airflow/example_dags/example_skip_dag.py
[2023-02-16 21:09:55,239] {logging_mixin.py:104} INFO - [2023-02-16 21:09:55,239] {dag.py:1833} INFO - Sync 1 DAGs
[2023-02-16 21:09:55,251] {logging_mixin.py:104} INFO - [2023-02-16 21:09:55,251] {dag.py:2306} INFO - Setting next_dagrun for example_skip_dag to 2023-02-14 00:00:00+00:00
[2023-02-16 21:09:55,260] {scheduler_job.py:190} INFO - Processing /home/airflow/.local/lib/python3.6/site-packages/airflow/example_dags/example_skip_dag.py took 0.054 seconds
[2023-02-16 21:10:25,445] {scheduler_job.py:182} INFO - Started process (PID=3107) to work on /home/airflow/.local/lib/python3.6/site-packages/airflow/example_dags/example_skip_dag.py
[2023-02-16 21:10:25,446] {scheduler_job.py:633} INFO - Processing file /home/airflow/.local/lib/python3.6/site-packages/airflow/example_dags/example_skip_dag.py for tasks to queue
[2023-02-16 21:10:25,447] {logging_mixin.py:104} INFO - [2023-02-16 21:10:25,447] {dagbag.py:496} INFO - Filling up the DagBag from /home/airflow/.local/lib/python3.6/site-packages/airflow/example_dags/example_skip_dag.py
[2023-02-16 21:10:25,456] {scheduler_job.py:643} INFO - DAG(s) dict_keys(['example_skip_dag']) retrieved from /home/airflow/.local/lib/python3.6/site-packages/airflow/example_dags/example_skip_dag.py
[2023-02-16 21:10:25,474] {logging_mixin.py:104} INFO - [2023-02-16 21:10:25,474] {dag.py:1833} INFO - Sync 1 DAGs
[2023-02-16 21:10:25,488] {logging_mixin.py:104} INFO - [2023-02-16 21:10:25,488] {dag.py:2306} INFO - Setting next_dagrun for example_skip_dag to 2023-02-14 00:00:00+00:00
[2023-02-16 21:10:25,495] {scheduler_job.py:190} INFO - Processing /home/airflow/.local/lib/python3.6/site-packages/airflow/example_dags/example_skip_dag.py took 0.052 seconds
[2023-02-16 21:10:56,795] {scheduler_job.py:182} INFO - Started process (PID=3168) to work on /home/airflow/.local/lib/python3.6/site-packages/airflow/example_dags/example_skip_dag.py
[2023-02-16 21:10:56,796] {scheduler_job.py:633} INFO - Processing file /home/airflow/.local/lib/python3.6/site-packages/airflow/example_dags/example_skip_dag.py for tasks to queue
[2023-02-16 21:10:56,796] {logging_mixin.py:104} INFO - [2023-02-16 21:10:56,796] {dagbag.py:496} INFO - Filling up the DagBag from /home/airflow/.local/lib/python3.6/site-packages/airflow/example_dags/example_skip_dag.py
[2023-02-16 21:10:56,807] {scheduler_job.py:643} INFO - DAG(s) dict_keys(['example_skip_dag']) retrieved from /home/airflow/.local/lib/python3.6/site-packages/airflow/example_dags/example_skip_dag.py
[2023-02-16 21:10:56,893] {logging_mixin.py:104} INFO - [2023-02-16 21:10:56,893] {dag.py:1833} INFO - Sync 1 DAGs
[2023-02-16 21:10:56,910] {logging_mixin.py:104} INFO - [2023-02-16 21:10:56,909] {dag.py:2306} INFO - Setting next_dagrun for example_skip_dag to 2023-02-14 00:00:00+00:00
[2023-02-16 21:10:56,918] {scheduler_job.py:190} INFO - Processing /home/airflow/.local/lib/python3.6/site-packages/airflow/example_dags/example_skip_dag.py took 0.125 seconds
[2023-02-16 21:11:27,513] {scheduler_job.py:182} INFO - Started process (PID=3218) to work on /home/airflow/.local/lib/python3.6/site-packages/airflow/example_dags/example_skip_dag.py
[2023-02-16 21:11:27,514] {scheduler_job.py:633} INFO - Processing file /home/airflow/.local/lib/python3.6/site-packages/airflow/example_dags/example_skip_dag.py for tasks to queue
[2023-02-16 21:11:27,514] {logging_mixin.py:104} INFO - [2023-02-16 21:11:27,514] {dagbag.py:496} INFO - Filling up the DagBag from /home/airflow/.local/lib/python3.6/site-packages/airflow/example_dags/example_skip_dag.py
[2023-02-16 21:11:27,524] {scheduler_job.py:643} INFO - DAG(s) dict_keys(['example_skip_dag']) retrieved from /home/airflow/.local/lib/python3.6/site-packages/airflow/example_dags/example_skip_dag.py
[2023-02-16 21:11:27,543] {logging_mixin.py:104} INFO - [2023-02-16 21:11:27,543] {dag.py:1833} INFO - Sync 1 DAGs
[2023-02-16 21:11:27,556] {logging_mixin.py:104} INFO - [2023-02-16 21:11:27,556] {dag.py:2306} INFO - Setting next_dagrun for example_skip_dag to 2023-02-14 00:00:00+00:00
[2023-02-16 21:11:27,564] {scheduler_job.py:190} INFO - Processing /home/airflow/.local/lib/python3.6/site-packages/airflow/example_dags/example_skip_dag.py took 0.054 seconds
[2023-02-16 21:11:57,990] {scheduler_job.py:182} INFO - Started process (PID=3279) to work on /home/airflow/.local/lib/python3.6/site-packages/airflow/example_dags/example_skip_dag.py
[2023-02-16 21:11:57,991] {scheduler_job.py:633} INFO - Processing file /home/airflow/.local/lib/python3.6/site-packages/airflow/example_dags/example_skip_dag.py for tasks to queue
[2023-02-16 21:11:57,991] {logging_mixin.py:104} INFO - [2023-02-16 21:11:57,991] {dagbag.py:496} INFO - Filling up the DagBag from /home/airflow/.local/lib/python3.6/site-packages/airflow/example_dags/example_skip_dag.py
[2023-02-16 21:11:58,001] {scheduler_job.py:643} INFO - DAG(s) dict_keys(['example_skip_dag']) retrieved from /home/airflow/.local/lib/python3.6/site-packages/airflow/example_dags/example_skip_dag.py
[2023-02-16 21:11:58,021] {logging_mixin.py:104} INFO - [2023-02-16 21:11:58,021] {dag.py:1833} INFO - Sync 1 DAGs
[2023-02-16 21:11:58,035] {logging_mixin.py:104} INFO - [2023-02-16 21:11:58,035] {dag.py:2306} INFO - Setting next_dagrun for example_skip_dag to 2023-02-14 00:00:00+00:00
[2023-02-16 21:11:58,043] {scheduler_job.py:190} INFO - Processing /home/airflow/.local/lib/python3.6/site-packages/airflow/example_dags/example_skip_dag.py took 0.055 seconds
[2023-02-16 21:12:28,336] {scheduler_job.py:182} INFO - Started process (PID=3330) to work on /home/airflow/.local/lib/python3.6/site-packages/airflow/example_dags/example_skip_dag.py
[2023-02-16 21:12:28,337] {scheduler_job.py:633} INFO - Processing file /home/airflow/.local/lib/python3.6/site-packages/airflow/example_dags/example_skip_dag.py for tasks to queue
[2023-02-16 21:12:28,337] {logging_mixin.py:104} INFO - [2023-02-16 21:12:28,337] {dagbag.py:496} INFO - Filling up the DagBag from /home/airflow/.local/lib/python3.6/site-packages/airflow/example_dags/example_skip_dag.py
[2023-02-16 21:12:28,346] {scheduler_job.py:643} INFO - DAG(s) dict_keys(['example_skip_dag']) retrieved from /home/airflow/.local/lib/python3.6/site-packages/airflow/example_dags/example_skip_dag.py
[2023-02-16 21:12:28,366] {logging_mixin.py:104} INFO - [2023-02-16 21:12:28,366] {dag.py:1833} INFO - Sync 1 DAGs
[2023-02-16 21:12:28,380] {logging_mixin.py:104} INFO - [2023-02-16 21:12:28,380] {dag.py:2306} INFO - Setting next_dagrun for example_skip_dag to 2023-02-14 00:00:00+00:00
[2023-02-16 21:12:28,388] {scheduler_job.py:190} INFO - Processing /home/airflow/.local/lib/python3.6/site-packages/airflow/example_dags/example_skip_dag.py took 0.055 seconds
[2023-02-16 21:12:59,083] {scheduler_job.py:182} INFO - Started process (PID=3391) to work on /home/airflow/.local/lib/python3.6/site-packages/airflow/example_dags/example_skip_dag.py
[2023-02-16 21:12:59,084] {scheduler_job.py:633} INFO - Processing file /home/airflow/.local/lib/python3.6/site-packages/airflow/example_dags/example_skip_dag.py for tasks to queue
[2023-02-16 21:12:59,084] {logging_mixin.py:104} INFO - [2023-02-16 21:12:59,084] {dagbag.py:496} INFO - Filling up the DagBag from /home/airflow/.local/lib/python3.6/site-packages/airflow/example_dags/example_skip_dag.py
[2023-02-16 21:12:59,094] {scheduler_job.py:643} INFO - DAG(s) dict_keys(['example_skip_dag']) retrieved from /home/airflow/.local/lib/python3.6/site-packages/airflow/example_dags/example_skip_dag.py
[2023-02-16 21:12:59,118] {logging_mixin.py:104} INFO - [2023-02-16 21:12:59,118] {dag.py:1833} INFO - Sync 1 DAGs
[2023-02-16 21:12:59,135] {logging_mixin.py:104} INFO - [2023-02-16 21:12:59,134] {dag.py:2306} INFO - Setting next_dagrun for example_skip_dag to 2023-02-14 00:00:00+00:00
[2023-02-16 21:12:59,144] {scheduler_job.py:190} INFO - Processing /home/airflow/.local/lib/python3.6/site-packages/airflow/example_dags/example_skip_dag.py took 0.108 seconds
[2023-02-16 21:13:29,446] {scheduler_job.py:182} INFO - Started process (PID=3442) to work on /home/airflow/.local/lib/python3.6/site-packages/airflow/example_dags/example_skip_dag.py
[2023-02-16 21:13:29,447] {scheduler_job.py:633} INFO - Processing file /home/airflow/.local/lib/python3.6/site-packages/airflow/example_dags/example_skip_dag.py for tasks to queue
[2023-02-16 21:13:29,448] {logging_mixin.py:104} INFO - [2023-02-16 21:13:29,448] {dagbag.py:496} INFO - Filling up the DagBag from /home/airflow/.local/lib/python3.6/site-packages/airflow/example_dags/example_skip_dag.py
[2023-02-16 21:13:29,457] {scheduler_job.py:643} INFO - DAG(s) dict_keys(['example_skip_dag']) retrieved from /home/airflow/.local/lib/python3.6/site-packages/airflow/example_dags/example_skip_dag.py
[2023-02-16 21:13:29,476] {logging_mixin.py:104} INFO - [2023-02-16 21:13:29,476] {dag.py:1833} INFO - Sync 1 DAGs
[2023-02-16 21:13:29,489] {logging_mixin.py:104} INFO - [2023-02-16 21:13:29,489] {dag.py:2306} INFO - Setting next_dagrun for example_skip_dag to 2023-02-14 00:00:00+00:00
[2023-02-16 21:13:29,496] {scheduler_job.py:190} INFO - Processing /home/airflow/.local/lib/python3.6/site-packages/airflow/example_dags/example_skip_dag.py took 0.053 seconds
[2023-02-16 21:13:59,828] {scheduler_job.py:182} INFO - Started process (PID=3499) to work on /home/airflow/.local/lib/python3.6/site-packages/airflow/example_dags/example_skip_dag.py
[2023-02-16 21:13:59,832] {scheduler_job.py:633} INFO - Processing file /home/airflow/.local/lib/python3.6/site-packages/airflow/example_dags/example_skip_dag.py for tasks to queue
[2023-02-16 21:13:59,832] {logging_mixin.py:104} INFO - [2023-02-16 21:13:59,832] {dagbag.py:496} INFO - Filling up the DagBag from /home/airflow/.local/lib/python3.6/site-packages/airflow/example_dags/example_skip_dag.py
[2023-02-16 21:13:59,843] {scheduler_job.py:643} INFO - DAG(s) dict_keys(['example_skip_dag']) retrieved from /home/airflow/.local/lib/python3.6/site-packages/airflow/example_dags/example_skip_dag.py
[2023-02-16 21:13:59,864] {logging_mixin.py:104} INFO - [2023-02-16 21:13:59,864] {dag.py:1833} INFO - Sync 1 DAGs
[2023-02-16 21:13:59,878] {logging_mixin.py:104} INFO - [2023-02-16 21:13:59,878] {dag.py:2306} INFO - Setting next_dagrun for example_skip_dag to 2023-02-14 00:00:00+00:00
[2023-02-16 21:13:59,886] {scheduler_job.py:190} INFO - Processing /home/airflow/.local/lib/python3.6/site-packages/airflow/example_dags/example_skip_dag.py took 0.060 seconds
[2023-02-16 21:14:30,245] {scheduler_job.py:182} INFO - Started process (PID=3553) to work on /home/airflow/.local/lib/python3.6/site-packages/airflow/example_dags/example_skip_dag.py
[2023-02-16 21:14:30,246] {scheduler_job.py:633} INFO - Processing file /home/airflow/.local/lib/python3.6/site-packages/airflow/example_dags/example_skip_dag.py for tasks to queue
[2023-02-16 21:14:30,246] {logging_mixin.py:104} INFO - [2023-02-16 21:14:30,246] {dagbag.py:496} INFO - Filling up the DagBag from /home/airflow/.local/lib/python3.6/site-packages/airflow/example_dags/example_skip_dag.py
[2023-02-16 21:14:30,255] {scheduler_job.py:643} INFO - DAG(s) dict_keys(['example_skip_dag']) retrieved from /home/airflow/.local/lib/python3.6/site-packages/airflow/example_dags/example_skip_dag.py
[2023-02-16 21:14:30,276] {logging_mixin.py:104} INFO - [2023-02-16 21:14:30,276] {dag.py:1833} INFO - Sync 1 DAGs
[2023-02-16 21:14:30,289] {logging_mixin.py:104} INFO - [2023-02-16 21:14:30,289] {dag.py:2306} INFO - Setting next_dagrun for example_skip_dag to 2023-02-14 00:00:00+00:00
[2023-02-16 21:14:30,298] {scheduler_job.py:190} INFO - Processing /home/airflow/.local/lib/python3.6/site-packages/airflow/example_dags/example_skip_dag.py took 0.055 seconds
[2023-02-16 21:15:00,562] {scheduler_job.py:182} INFO - Started process (PID=3604) to work on /home/airflow/.local/lib/python3.6/site-packages/airflow/example_dags/example_skip_dag.py
[2023-02-16 21:15:00,563] {scheduler_job.py:633} INFO - Processing file /home/airflow/.local/lib/python3.6/site-packages/airflow/example_dags/example_skip_dag.py for tasks to queue
[2023-02-16 21:15:00,564] {logging_mixin.py:104} INFO - [2023-02-16 21:15:00,564] {dagbag.py:496} INFO - Filling up the DagBag from /home/airflow/.local/lib/python3.6/site-packages/airflow/example_dags/example_skip_dag.py
[2023-02-16 21:15:00,575] {scheduler_job.py:643} INFO - DAG(s) dict_keys(['example_skip_dag']) retrieved from /home/airflow/.local/lib/python3.6/site-packages/airflow/example_dags/example_skip_dag.py
[2023-02-16 21:15:00,603] {logging_mixin.py:104} INFO - [2023-02-16 21:15:00,603] {dag.py:1833} INFO - Sync 1 DAGs
[2023-02-16 21:15:00,620] {logging_mixin.py:104} INFO - [2023-02-16 21:15:00,620] {dag.py:2306} INFO - Setting next_dagrun for example_skip_dag to 2023-02-14 00:00:00+00:00
[2023-02-16 21:15:00,630] {scheduler_job.py:190} INFO - Processing /home/airflow/.local/lib/python3.6/site-packages/airflow/example_dags/example_skip_dag.py took 0.071 seconds
[2023-02-16 21:15:31,074] {scheduler_job.py:182} INFO - Started process (PID=3665) to work on /home/airflow/.local/lib/python3.6/site-packages/airflow/example_dags/example_skip_dag.py
[2023-02-16 21:15:31,075] {scheduler_job.py:633} INFO - Processing file /home/airflow/.local/lib/python3.6/site-packages/airflow/example_dags/example_skip_dag.py for tasks to queue
[2023-02-16 21:15:31,075] {logging_mixin.py:104} INFO - [2023-02-16 21:15:31,075] {dagbag.py:496} INFO - Filling up the DagBag from /home/airflow/.local/lib/python3.6/site-packages/airflow/example_dags/example_skip_dag.py
[2023-02-16 21:15:31,086] {scheduler_job.py:643} INFO - DAG(s) dict_keys(['example_skip_dag']) retrieved from /home/airflow/.local/lib/python3.6/site-packages/airflow/example_dags/example_skip_dag.py
[2023-02-16 21:15:31,111] {logging_mixin.py:104} INFO - [2023-02-16 21:15:31,111] {dag.py:1833} INFO - Sync 1 DAGs
[2023-02-16 21:15:31,127] {logging_mixin.py:104} INFO - [2023-02-16 21:15:31,127] {dag.py:2306} INFO - Setting next_dagrun for example_skip_dag to 2023-02-14 00:00:00+00:00
[2023-02-16 21:15:31,137] {scheduler_job.py:190} INFO - Processing /home/airflow/.local/lib/python3.6/site-packages/airflow/example_dags/example_skip_dag.py took 0.066 seconds
[2023-02-16 21:16:01,560] {scheduler_job.py:182} INFO - Started process (PID=3726) to work on /home/airflow/.local/lib/python3.6/site-packages/airflow/example_dags/example_skip_dag.py
[2023-02-16 21:16:01,561] {scheduler_job.py:633} INFO - Processing file /home/airflow/.local/lib/python3.6/site-packages/airflow/example_dags/example_skip_dag.py for tasks to queue
[2023-02-16 21:16:01,562] {logging_mixin.py:104} INFO - [2023-02-16 21:16:01,561] {dagbag.py:496} INFO - Filling up the DagBag from /home/airflow/.local/lib/python3.6/site-packages/airflow/example_dags/example_skip_dag.py
[2023-02-16 21:16:01,572] {scheduler_job.py:643} INFO - DAG(s) dict_keys(['example_skip_dag']) retrieved from /home/airflow/.local/lib/python3.6/site-packages/airflow/example_dags/example_skip_dag.py
[2023-02-16 21:16:01,597] {logging_mixin.py:104} INFO - [2023-02-16 21:16:01,597] {dag.py:1833} INFO - Sync 1 DAGs
[2023-02-16 21:16:01,611] {logging_mixin.py:104} INFO - [2023-02-16 21:16:01,611] {dag.py:2306} INFO - Setting next_dagrun for example_skip_dag to 2023-02-14 00:00:00+00:00
[2023-02-16 21:16:01,619] {scheduler_job.py:190} INFO - Processing /home/airflow/.local/lib/python3.6/site-packages/airflow/example_dags/example_skip_dag.py took 0.062 seconds
[2023-02-16 21:16:31,930] {scheduler_job.py:182} INFO - Started process (PID=3777) to work on /home/airflow/.local/lib/python3.6/site-packages/airflow/example_dags/example_skip_dag.py
[2023-02-16 21:16:31,931] {scheduler_job.py:633} INFO - Processing file /home/airflow/.local/lib/python3.6/site-packages/airflow/example_dags/example_skip_dag.py for tasks to queue
[2023-02-16 21:16:31,932] {logging_mixin.py:104} INFO - [2023-02-16 21:16:31,932] {dagbag.py:496} INFO - Filling up the DagBag from /home/airflow/.local/lib/python3.6/site-packages/airflow/example_dags/example_skip_dag.py
[2023-02-16 21:16:31,942] {scheduler_job.py:643} INFO - DAG(s) dict_keys(['example_skip_dag']) retrieved from /home/airflow/.local/lib/python3.6/site-packages/airflow/example_dags/example_skip_dag.py
[2023-02-16 21:16:31,961] {logging_mixin.py:104} INFO - [2023-02-16 21:16:31,961] {dag.py:1833} INFO - Sync 1 DAGs
[2023-02-16 21:16:31,977] {logging_mixin.py:104} INFO - [2023-02-16 21:16:31,977] {dag.py:2306} INFO - Setting next_dagrun for example_skip_dag to 2023-02-14 00:00:00+00:00
[2023-02-16 21:16:31,986] {scheduler_job.py:190} INFO - Processing /home/airflow/.local/lib/python3.6/site-packages/airflow/example_dags/example_skip_dag.py took 0.059 seconds
[2023-02-16 21:17:02,397] {scheduler_job.py:182} INFO - Started process (PID=3838) to work on /home/airflow/.local/lib/python3.6/site-packages/airflow/example_dags/example_skip_dag.py
[2023-02-16 21:17:02,397] {scheduler_job.py:633} INFO - Processing file /home/airflow/.local/lib/python3.6/site-packages/airflow/example_dags/example_skip_dag.py for tasks to queue
[2023-02-16 21:17:02,398] {logging_mixin.py:104} INFO - [2023-02-16 21:17:02,398] {dagbag.py:496} INFO - Filling up the DagBag from /home/airflow/.local/lib/python3.6/site-packages/airflow/example_dags/example_skip_dag.py
[2023-02-16 21:17:02,410] {scheduler_job.py:643} INFO - DAG(s) dict_keys(['example_skip_dag']) retrieved from /home/airflow/.local/lib/python3.6/site-packages/airflow/example_dags/example_skip_dag.py
[2023-02-16 21:17:02,431] {logging_mixin.py:104} INFO - [2023-02-16 21:17:02,431] {dag.py:1833} INFO - Sync 1 DAGs
[2023-02-16 21:17:02,446] {logging_mixin.py:104} INFO - [2023-02-16 21:17:02,446] {dag.py:2306} INFO - Setting next_dagrun for example_skip_dag to 2023-02-14 00:00:00+00:00
[2023-02-16 21:17:02,455] {scheduler_job.py:190} INFO - Processing /home/airflow/.local/lib/python3.6/site-packages/airflow/example_dags/example_skip_dag.py took 0.061 seconds
[2023-02-16 21:17:32,797] {scheduler_job.py:182} INFO - Started process (PID=3889) to work on /home/airflow/.local/lib/python3.6/site-packages/airflow/example_dags/example_skip_dag.py
[2023-02-16 21:17:32,798] {scheduler_job.py:633} INFO - Processing file /home/airflow/.local/lib/python3.6/site-packages/airflow/example_dags/example_skip_dag.py for tasks to queue
[2023-02-16 21:17:32,798] {logging_mixin.py:104} INFO - [2023-02-16 21:17:32,798] {dagbag.py:496} INFO - Filling up the DagBag from /home/airflow/.local/lib/python3.6/site-packages/airflow/example_dags/example_skip_dag.py
[2023-02-16 21:17:32,807] {scheduler_job.py:643} INFO - DAG(s) dict_keys(['example_skip_dag']) retrieved from /home/airflow/.local/lib/python3.6/site-packages/airflow/example_dags/example_skip_dag.py
[2023-02-16 21:17:32,825] {logging_mixin.py:104} INFO - [2023-02-16 21:17:32,825] {dag.py:1833} INFO - Sync 1 DAGs
[2023-02-16 21:17:32,839] {logging_mixin.py:104} INFO - [2023-02-16 21:17:32,839] {dag.py:2306} INFO - Setting next_dagrun for example_skip_dag to 2023-02-14 00:00:00+00:00
[2023-02-16 21:17:32,848] {scheduler_job.py:190} INFO - Processing /home/airflow/.local/lib/python3.6/site-packages/airflow/example_dags/example_skip_dag.py took 0.053 seconds
[2023-02-16 21:18:03,147] {scheduler_job.py:182} INFO - Started process (PID=3950) to work on /home/airflow/.local/lib/python3.6/site-packages/airflow/example_dags/example_skip_dag.py
[2023-02-16 21:18:03,148] {scheduler_job.py:633} INFO - Processing file /home/airflow/.local/lib/python3.6/site-packages/airflow/example_dags/example_skip_dag.py for tasks to queue
[2023-02-16 21:18:03,149] {logging_mixin.py:104} INFO - [2023-02-16 21:18:03,148] {dagbag.py:496} INFO - Filling up the DagBag from /home/airflow/.local/lib/python3.6/site-packages/airflow/example_dags/example_skip_dag.py
[2023-02-16 21:18:03,160] {scheduler_job.py:643} INFO - DAG(s) dict_keys(['example_skip_dag']) retrieved from /home/airflow/.local/lib/python3.6/site-packages/airflow/example_dags/example_skip_dag.py
[2023-02-16 21:18:03,185] {logging_mixin.py:104} INFO - [2023-02-16 21:18:03,185] {dag.py:1833} INFO - Sync 1 DAGs
[2023-02-16 21:18:03,201] {logging_mixin.py:104} INFO - [2023-02-16 21:18:03,201] {dag.py:2306} INFO - Setting next_dagrun for example_skip_dag to 2023-02-14 00:00:00+00:00
[2023-02-16 21:18:03,212] {scheduler_job.py:190} INFO - Processing /home/airflow/.local/lib/python3.6/site-packages/airflow/example_dags/example_skip_dag.py took 0.068 seconds
[2023-02-16 21:18:33,526] {scheduler_job.py:182} INFO - Started process (PID=4001) to work on /home/airflow/.local/lib/python3.6/site-packages/airflow/example_dags/example_skip_dag.py
[2023-02-16 21:18:33,527] {scheduler_job.py:633} INFO - Processing file /home/airflow/.local/lib/python3.6/site-packages/airflow/example_dags/example_skip_dag.py for tasks to queue
[2023-02-16 21:18:33,528] {logging_mixin.py:104} INFO - [2023-02-16 21:18:33,528] {dagbag.py:496} INFO - Filling up the DagBag from /home/airflow/.local/lib/python3.6/site-packages/airflow/example_dags/example_skip_dag.py
[2023-02-16 21:18:33,536] {scheduler_job.py:643} INFO - DAG(s) dict_keys(['example_skip_dag']) retrieved from /home/airflow/.local/lib/python3.6/site-packages/airflow/example_dags/example_skip_dag.py
[2023-02-16 21:18:33,553] {logging_mixin.py:104} INFO - [2023-02-16 21:18:33,553] {dag.py:1833} INFO - Sync 1 DAGs
[2023-02-16 21:18:33,566] {logging_mixin.py:104} INFO - [2023-02-16 21:18:33,566] {dag.py:2306} INFO - Setting next_dagrun for example_skip_dag to 2023-02-14 00:00:00+00:00
[2023-02-16 21:18:33,573] {scheduler_job.py:190} INFO - Processing /home/airflow/.local/lib/python3.6/site-packages/airflow/example_dags/example_skip_dag.py took 0.049 seconds
[2023-02-16 21:19:04,007] {scheduler_job.py:182} INFO - Started process (PID=4062) to work on /home/airflow/.local/lib/python3.6/site-packages/airflow/example_dags/example_skip_dag.py
[2023-02-16 21:19:04,008] {scheduler_job.py:633} INFO - Processing file /home/airflow/.local/lib/python3.6/site-packages/airflow/example_dags/example_skip_dag.py for tasks to queue
[2023-02-16 21:19:04,008] {logging_mixin.py:104} INFO - [2023-02-16 21:19:04,008] {dagbag.py:496} INFO - Filling up the DagBag from /home/airflow/.local/lib/python3.6/site-packages/airflow/example_dags/example_skip_dag.py
[2023-02-16 21:19:04,017] {scheduler_job.py:643} INFO - DAG(s) dict_keys(['example_skip_dag']) retrieved from /home/airflow/.local/lib/python3.6/site-packages/airflow/example_dags/example_skip_dag.py
[2023-02-16 21:19:04,060] {logging_mixin.py:104} INFO - [2023-02-16 21:19:04,060] {dag.py:1833} INFO - Sync 1 DAGs
[2023-02-16 21:19:04,073] {logging_mixin.py:104} INFO - [2023-02-16 21:19:04,073] {dag.py:2306} INFO - Setting next_dagrun for example_skip_dag to 2023-02-14 00:00:00+00:00
[2023-02-16 21:19:04,081] {scheduler_job.py:190} INFO - Processing /home/airflow/.local/lib/python3.6/site-packages/airflow/example_dags/example_skip_dag.py took 0.076 seconds
[2023-02-16 21:19:34,486] {scheduler_job.py:182} INFO - Started process (PID=4113) to work on /home/airflow/.local/lib/python3.6/site-packages/airflow/example_dags/example_skip_dag.py
[2023-02-16 21:19:34,486] {scheduler_job.py:633} INFO - Processing file /home/airflow/.local/lib/python3.6/site-packages/airflow/example_dags/example_skip_dag.py for tasks to queue
[2023-02-16 21:19:34,487] {logging_mixin.py:104} INFO - [2023-02-16 21:19:34,487] {dagbag.py:496} INFO - Filling up the DagBag from /home/airflow/.local/lib/python3.6/site-packages/airflow/example_dags/example_skip_dag.py
[2023-02-16 21:19:34,496] {scheduler_job.py:643} INFO - DAG(s) dict_keys(['example_skip_dag']) retrieved from /home/airflow/.local/lib/python3.6/site-packages/airflow/example_dags/example_skip_dag.py
[2023-02-16 21:19:34,516] {logging_mixin.py:104} INFO - [2023-02-16 21:19:34,515] {dag.py:1833} INFO - Sync 1 DAGs
[2023-02-16 21:19:34,530] {logging_mixin.py:104} INFO - [2023-02-16 21:19:34,529] {dag.py:2306} INFO - Setting next_dagrun for example_skip_dag to 2023-02-14 00:00:00+00:00
[2023-02-16 21:19:34,538] {scheduler_job.py:190} INFO - Processing /home/airflow/.local/lib/python3.6/site-packages/airflow/example_dags/example_skip_dag.py took 0.055 seconds
[2023-02-16 21:20:04,856] {scheduler_job.py:182} INFO - Started process (PID=4174) to work on /home/airflow/.local/lib/python3.6/site-packages/airflow/example_dags/example_skip_dag.py
[2023-02-16 21:20:04,856] {scheduler_job.py:633} INFO - Processing file /home/airflow/.local/lib/python3.6/site-packages/airflow/example_dags/example_skip_dag.py for tasks to queue
[2023-02-16 21:20:04,857] {logging_mixin.py:104} INFO - [2023-02-16 21:20:04,857] {dagbag.py:496} INFO - Filling up the DagBag from /home/airflow/.local/lib/python3.6/site-packages/airflow/example_dags/example_skip_dag.py
[2023-02-16 21:20:04,867] {scheduler_job.py:643} INFO - DAG(s) dict_keys(['example_skip_dag']) retrieved from /home/airflow/.local/lib/python3.6/site-packages/airflow/example_dags/example_skip_dag.py
[2023-02-16 21:20:04,888] {logging_mixin.py:104} INFO - [2023-02-16 21:20:04,888] {dag.py:1833} INFO - Sync 1 DAGs
[2023-02-16 21:20:04,905] {logging_mixin.py:104} INFO - [2023-02-16 21:20:04,905] {dag.py:2306} INFO - Setting next_dagrun for example_skip_dag to 2023-02-14 00:00:00+00:00
[2023-02-16 21:20:04,913] {scheduler_job.py:190} INFO - Processing /home/airflow/.local/lib/python3.6/site-packages/airflow/example_dags/example_skip_dag.py took 0.060 seconds
[2023-02-16 21:20:35,373] {scheduler_job.py:182} INFO - Started process (PID=4225) to work on /home/airflow/.local/lib/python3.6/site-packages/airflow/example_dags/example_skip_dag.py
[2023-02-16 21:20:35,374] {scheduler_job.py:633} INFO - Processing file /home/airflow/.local/lib/python3.6/site-packages/airflow/example_dags/example_skip_dag.py for tasks to queue
[2023-02-16 21:20:35,374] {logging_mixin.py:104} INFO - [2023-02-16 21:20:35,374] {dagbag.py:496} INFO - Filling up the DagBag from /home/airflow/.local/lib/python3.6/site-packages/airflow/example_dags/example_skip_dag.py
[2023-02-16 21:20:35,385] {scheduler_job.py:643} INFO - DAG(s) dict_keys(['example_skip_dag']) retrieved from /home/airflow/.local/lib/python3.6/site-packages/airflow/example_dags/example_skip_dag.py
[2023-02-16 21:20:35,412] {logging_mixin.py:104} INFO - [2023-02-16 21:20:35,412] {dag.py:1833} INFO - Sync 1 DAGs
[2023-02-16 21:20:35,425] {logging_mixin.py:104} INFO - [2023-02-16 21:20:35,425] {dag.py:2306} INFO - Setting next_dagrun for example_skip_dag to 2023-02-14 00:00:00+00:00
[2023-02-16 21:20:35,433] {scheduler_job.py:190} INFO - Processing /home/airflow/.local/lib/python3.6/site-packages/airflow/example_dags/example_skip_dag.py took 0.062 seconds
[2023-02-16 21:21:06,284] {scheduler_job.py:182} INFO - Started process (PID=4286) to work on /home/airflow/.local/lib/python3.6/site-packages/airflow/example_dags/example_skip_dag.py
[2023-02-16 21:21:06,285] {scheduler_job.py:633} INFO - Processing file /home/airflow/.local/lib/python3.6/site-packages/airflow/example_dags/example_skip_dag.py for tasks to queue
[2023-02-16 21:21:06,286] {logging_mixin.py:104} INFO - [2023-02-16 21:21:06,286] {dagbag.py:496} INFO - Filling up the DagBag from /home/airflow/.local/lib/python3.6/site-packages/airflow/example_dags/example_skip_dag.py
[2023-02-16 21:21:06,299] {scheduler_job.py:643} INFO - DAG(s) dict_keys(['example_skip_dag']) retrieved from /home/airflow/.local/lib/python3.6/site-packages/airflow/example_dags/example_skip_dag.py
[2023-02-16 21:21:06,325] {logging_mixin.py:104} INFO - [2023-02-16 21:21:06,325] {dag.py:1833} INFO - Sync 1 DAGs
[2023-02-16 21:21:06,343] {logging_mixin.py:104} INFO - [2023-02-16 21:21:06,343] {dag.py:2306} INFO - Setting next_dagrun for example_skip_dag to 2023-02-14 00:00:00+00:00
[2023-02-16 21:21:06,354] {scheduler_job.py:190} INFO - Processing /home/airflow/.local/lib/python3.6/site-packages/airflow/example_dags/example_skip_dag.py took 0.073 seconds
[2023-02-16 21:21:37,106] {scheduler_job.py:182} INFO - Started process (PID=4337) to work on /home/airflow/.local/lib/python3.6/site-packages/airflow/example_dags/example_skip_dag.py
[2023-02-16 21:21:37,107] {scheduler_job.py:633} INFO - Processing file /home/airflow/.local/lib/python3.6/site-packages/airflow/example_dags/example_skip_dag.py for tasks to queue
[2023-02-16 21:21:37,107] {logging_mixin.py:104} INFO - [2023-02-16 21:21:37,107] {dagbag.py:496} INFO - Filling up the DagBag from /home/airflow/.local/lib/python3.6/site-packages/airflow/example_dags/example_skip_dag.py
[2023-02-16 21:21:37,117] {scheduler_job.py:643} INFO - DAG(s) dict_keys(['example_skip_dag']) retrieved from /home/airflow/.local/lib/python3.6/site-packages/airflow/example_dags/example_skip_dag.py
[2023-02-16 21:21:37,134] {logging_mixin.py:104} INFO - [2023-02-16 21:21:37,134] {dag.py:1833} INFO - Sync 1 DAGs
[2023-02-16 21:21:37,147] {logging_mixin.py:104} INFO - [2023-02-16 21:21:37,147] {dag.py:2306} INFO - Setting next_dagrun for example_skip_dag to 2023-02-14 00:00:00+00:00
[2023-02-16 21:21:37,155] {scheduler_job.py:190} INFO - Processing /home/airflow/.local/lib/python3.6/site-packages/airflow/example_dags/example_skip_dag.py took 0.051 seconds
[2023-02-16 21:22:08,019] {scheduler_job.py:182} INFO - Started process (PID=4398) to work on /home/airflow/.local/lib/python3.6/site-packages/airflow/example_dags/example_skip_dag.py
[2023-02-16 21:22:08,020] {scheduler_job.py:633} INFO - Processing file /home/airflow/.local/lib/python3.6/site-packages/airflow/example_dags/example_skip_dag.py for tasks to queue
[2023-02-16 21:22:08,021] {logging_mixin.py:104} INFO - [2023-02-16 21:22:08,021] {dagbag.py:496} INFO - Filling up the DagBag from /home/airflow/.local/lib/python3.6/site-packages/airflow/example_dags/example_skip_dag.py
[2023-02-16 21:22:08,035] {scheduler_job.py:643} INFO - DAG(s) dict_keys(['example_skip_dag']) retrieved from /home/airflow/.local/lib/python3.6/site-packages/airflow/example_dags/example_skip_dag.py
[2023-02-16 21:22:08,059] {logging_mixin.py:104} INFO - [2023-02-16 21:22:08,059] {dag.py:1833} INFO - Sync 1 DAGs
[2023-02-16 21:22:08,076] {logging_mixin.py:104} INFO - [2023-02-16 21:22:08,076] {dag.py:2306} INFO - Setting next_dagrun for example_skip_dag to 2023-02-14 00:00:00+00:00
[2023-02-16 21:22:08,087] {scheduler_job.py:190} INFO - Processing /home/airflow/.local/lib/python3.6/site-packages/airflow/example_dags/example_skip_dag.py took 0.071 seconds
