[2023-02-16 20:47:17,044] {scheduler_job.py:182} INFO - Started process (PID=317) to work on /home/airflow/.local/lib/python3.6/site-packages/airflow/example_dags/example_latest_only_with_trigger.py
[2023-02-16 20:47:17,045] {scheduler_job.py:633} INFO - Processing file /home/airflow/.local/lib/python3.6/site-packages/airflow/example_dags/example_latest_only_with_trigger.py for tasks to queue
[2023-02-16 20:47:17,045] {logging_mixin.py:104} INFO - [2023-02-16 20:47:17,045] {dagbag.py:496} INFO - Filling up the DagBag from /home/airflow/.local/lib/python3.6/site-packages/airflow/example_dags/example_latest_only_with_trigger.py
[2023-02-16 20:47:17,055] {scheduler_job.py:643} INFO - DAG(s) dict_keys(['latest_only_with_trigger']) retrieved from /home/airflow/.local/lib/python3.6/site-packages/airflow/example_dags/example_latest_only_with_trigger.py
[2023-02-16 20:47:19,633] {logging_mixin.py:104} INFO - [2023-02-16 20:47:19,633] {dag.py:1833} INFO - Sync 1 DAGs
[2023-02-16 20:47:19,643] {logging_mixin.py:104} INFO - [2023-02-16 20:47:19,642] {dag.py:1852} INFO - Creating ORM DAG for latest_only_with_trigger
[2023-02-16 20:47:19,647] {logging_mixin.py:104} INFO - [2023-02-16 20:47:19,647] {dag.py:2306} INFO - Setting next_dagrun for latest_only_with_trigger to 2023-02-14 00:00:00+00:00
[2023-02-16 20:47:19,656] {scheduler_job.py:190} INFO - Processing /home/airflow/.local/lib/python3.6/site-packages/airflow/example_dags/example_latest_only_with_trigger.py took 2.614 seconds
[2023-02-16 20:47:54,034] {scheduler_job.py:182} INFO - Started process (PID=657) to work on /home/airflow/.local/lib/python3.6/site-packages/airflow/example_dags/example_latest_only_with_trigger.py
[2023-02-16 20:47:54,035] {scheduler_job.py:633} INFO - Processing file /home/airflow/.local/lib/python3.6/site-packages/airflow/example_dags/example_latest_only_with_trigger.py for tasks to queue
[2023-02-16 20:47:54,035] {logging_mixin.py:104} INFO - [2023-02-16 20:47:54,035] {dagbag.py:496} INFO - Filling up the DagBag from /home/airflow/.local/lib/python3.6/site-packages/airflow/example_dags/example_latest_only_with_trigger.py
[2023-02-16 20:47:54,046] {scheduler_job.py:643} INFO - DAG(s) dict_keys(['latest_only_with_trigger']) retrieved from /home/airflow/.local/lib/python3.6/site-packages/airflow/example_dags/example_latest_only_with_trigger.py
[2023-02-16 20:47:54,096] {logging_mixin.py:104} INFO - [2023-02-16 20:47:54,096] {dag.py:1833} INFO - Sync 1 DAGs
[2023-02-16 20:47:54,110] {logging_mixin.py:104} INFO - [2023-02-16 20:47:54,110] {dag.py:2306} INFO - Setting next_dagrun for latest_only_with_trigger to 2023-02-14 00:00:00+00:00
[2023-02-16 20:47:54,118] {scheduler_job.py:190} INFO - Processing /home/airflow/.local/lib/python3.6/site-packages/airflow/example_dags/example_latest_only_with_trigger.py took 0.086 seconds
[2023-02-16 20:48:24,977] {scheduler_job.py:182} INFO - Started process (PID=718) to work on /home/airflow/.local/lib/python3.6/site-packages/airflow/example_dags/example_latest_only_with_trigger.py
[2023-02-16 20:48:24,979] {scheduler_job.py:633} INFO - Processing file /home/airflow/.local/lib/python3.6/site-packages/airflow/example_dags/example_latest_only_with_trigger.py for tasks to queue
[2023-02-16 20:48:24,979] {logging_mixin.py:104} INFO - [2023-02-16 20:48:24,979] {dagbag.py:496} INFO - Filling up the DagBag from /home/airflow/.local/lib/python3.6/site-packages/airflow/example_dags/example_latest_only_with_trigger.py
[2023-02-16 20:48:24,990] {scheduler_job.py:643} INFO - DAG(s) dict_keys(['latest_only_with_trigger']) retrieved from /home/airflow/.local/lib/python3.6/site-packages/airflow/example_dags/example_latest_only_with_trigger.py
[2023-02-16 20:48:25,037] {logging_mixin.py:104} INFO - [2023-02-16 20:48:25,037] {dag.py:1833} INFO - Sync 1 DAGs
[2023-02-16 20:48:25,052] {logging_mixin.py:104} INFO - [2023-02-16 20:48:25,052] {dag.py:2306} INFO - Setting next_dagrun for latest_only_with_trigger to 2023-02-14 00:00:00+00:00
[2023-02-16 20:48:25,060] {scheduler_job.py:190} INFO - Processing /home/airflow/.local/lib/python3.6/site-packages/airflow/example_dags/example_latest_only_with_trigger.py took 0.086 seconds
[2023-02-16 20:48:56,145] {scheduler_job.py:182} INFO - Started process (PID=769) to work on /home/airflow/.local/lib/python3.6/site-packages/airflow/example_dags/example_latest_only_with_trigger.py
[2023-02-16 20:48:56,146] {scheduler_job.py:633} INFO - Processing file /home/airflow/.local/lib/python3.6/site-packages/airflow/example_dags/example_latest_only_with_trigger.py for tasks to queue
[2023-02-16 20:48:56,146] {logging_mixin.py:104} INFO - [2023-02-16 20:48:56,146] {dagbag.py:496} INFO - Filling up the DagBag from /home/airflow/.local/lib/python3.6/site-packages/airflow/example_dags/example_latest_only_with_trigger.py
[2023-02-16 20:48:56,156] {scheduler_job.py:643} INFO - DAG(s) dict_keys(['latest_only_with_trigger']) retrieved from /home/airflow/.local/lib/python3.6/site-packages/airflow/example_dags/example_latest_only_with_trigger.py
[2023-02-16 20:48:56,177] {logging_mixin.py:104} INFO - [2023-02-16 20:48:56,176] {dag.py:1833} INFO - Sync 1 DAGs
[2023-02-16 20:48:56,190] {logging_mixin.py:104} INFO - [2023-02-16 20:48:56,190] {dag.py:2306} INFO - Setting next_dagrun for latest_only_with_trigger to 2023-02-14 00:00:00+00:00
[2023-02-16 20:48:56,198] {scheduler_job.py:190} INFO - Processing /home/airflow/.local/lib/python3.6/site-packages/airflow/example_dags/example_latest_only_with_trigger.py took 0.056 seconds
[2023-02-16 20:49:26,925] {scheduler_job.py:182} INFO - Started process (PID=830) to work on /home/airflow/.local/lib/python3.6/site-packages/airflow/example_dags/example_latest_only_with_trigger.py
[2023-02-16 20:49:26,926] {scheduler_job.py:633} INFO - Processing file /home/airflow/.local/lib/python3.6/site-packages/airflow/example_dags/example_latest_only_with_trigger.py for tasks to queue
[2023-02-16 20:49:26,926] {logging_mixin.py:104} INFO - [2023-02-16 20:49:26,926] {dagbag.py:496} INFO - Filling up the DagBag from /home/airflow/.local/lib/python3.6/site-packages/airflow/example_dags/example_latest_only_with_trigger.py
[2023-02-16 20:49:26,937] {scheduler_job.py:643} INFO - DAG(s) dict_keys(['latest_only_with_trigger']) retrieved from /home/airflow/.local/lib/python3.6/site-packages/airflow/example_dags/example_latest_only_with_trigger.py
[2023-02-16 20:49:26,959] {logging_mixin.py:104} INFO - [2023-02-16 20:49:26,959] {dag.py:1833} INFO - Sync 1 DAGs
[2023-02-16 20:49:26,986] {logging_mixin.py:104} INFO - [2023-02-16 20:49:26,986] {dag.py:2306} INFO - Setting next_dagrun for latest_only_with_trigger to 2023-02-14 00:00:00+00:00
[2023-02-16 20:49:26,994] {scheduler_job.py:190} INFO - Processing /home/airflow/.local/lib/python3.6/site-packages/airflow/example_dags/example_latest_only_with_trigger.py took 0.072 seconds
[2023-02-16 20:49:57,398] {scheduler_job.py:182} INFO - Started process (PID=881) to work on /home/airflow/.local/lib/python3.6/site-packages/airflow/example_dags/example_latest_only_with_trigger.py
[2023-02-16 20:49:57,399] {scheduler_job.py:633} INFO - Processing file /home/airflow/.local/lib/python3.6/site-packages/airflow/example_dags/example_latest_only_with_trigger.py for tasks to queue
[2023-02-16 20:49:57,399] {logging_mixin.py:104} INFO - [2023-02-16 20:49:57,399] {dagbag.py:496} INFO - Filling up the DagBag from /home/airflow/.local/lib/python3.6/site-packages/airflow/example_dags/example_latest_only_with_trigger.py
[2023-02-16 20:49:57,409] {scheduler_job.py:643} INFO - DAG(s) dict_keys(['latest_only_with_trigger']) retrieved from /home/airflow/.local/lib/python3.6/site-packages/airflow/example_dags/example_latest_only_with_trigger.py
[2023-02-16 20:49:57,442] {logging_mixin.py:104} INFO - [2023-02-16 20:49:57,442] {dag.py:1833} INFO - Sync 1 DAGs
[2023-02-16 20:49:57,464] {logging_mixin.py:104} INFO - [2023-02-16 20:49:57,464] {dag.py:2306} INFO - Setting next_dagrun for latest_only_with_trigger to 2023-02-14 00:00:00+00:00
[2023-02-16 20:49:57,481] {scheduler_job.py:190} INFO - Processing /home/airflow/.local/lib/python3.6/site-packages/airflow/example_dags/example_latest_only_with_trigger.py took 0.086 seconds
[2023-02-16 20:50:28,412] {scheduler_job.py:182} INFO - Started process (PID=942) to work on /home/airflow/.local/lib/python3.6/site-packages/airflow/example_dags/example_latest_only_with_trigger.py
[2023-02-16 20:50:28,413] {scheduler_job.py:633} INFO - Processing file /home/airflow/.local/lib/python3.6/site-packages/airflow/example_dags/example_latest_only_with_trigger.py for tasks to queue
[2023-02-16 20:50:28,413] {logging_mixin.py:104} INFO - [2023-02-16 20:50:28,413] {dagbag.py:496} INFO - Filling up the DagBag from /home/airflow/.local/lib/python3.6/site-packages/airflow/example_dags/example_latest_only_with_trigger.py
[2023-02-16 20:50:28,423] {scheduler_job.py:643} INFO - DAG(s) dict_keys(['latest_only_with_trigger']) retrieved from /home/airflow/.local/lib/python3.6/site-packages/airflow/example_dags/example_latest_only_with_trigger.py
[2023-02-16 20:50:28,488] {logging_mixin.py:104} INFO - [2023-02-16 20:50:28,487] {dag.py:1833} INFO - Sync 1 DAGs
[2023-02-16 20:50:28,504] {logging_mixin.py:104} INFO - [2023-02-16 20:50:28,504] {dag.py:2306} INFO - Setting next_dagrun for latest_only_with_trigger to 2023-02-14 00:00:00+00:00
[2023-02-16 20:50:28,514] {scheduler_job.py:190} INFO - Processing /home/airflow/.local/lib/python3.6/site-packages/airflow/example_dags/example_latest_only_with_trigger.py took 0.105 seconds
[2023-02-16 20:50:59,077] {scheduler_job.py:182} INFO - Started process (PID=994) to work on /home/airflow/.local/lib/python3.6/site-packages/airflow/example_dags/example_latest_only_with_trigger.py
[2023-02-16 20:50:59,078] {scheduler_job.py:633} INFO - Processing file /home/airflow/.local/lib/python3.6/site-packages/airflow/example_dags/example_latest_only_with_trigger.py for tasks to queue
[2023-02-16 20:50:59,078] {logging_mixin.py:104} INFO - [2023-02-16 20:50:59,078] {dagbag.py:496} INFO - Filling up the DagBag from /home/airflow/.local/lib/python3.6/site-packages/airflow/example_dags/example_latest_only_with_trigger.py
[2023-02-16 20:50:59,091] {scheduler_job.py:643} INFO - DAG(s) dict_keys(['latest_only_with_trigger']) retrieved from /home/airflow/.local/lib/python3.6/site-packages/airflow/example_dags/example_latest_only_with_trigger.py
[2023-02-16 20:50:59,114] {logging_mixin.py:104} INFO - [2023-02-16 20:50:59,113] {dag.py:1833} INFO - Sync 1 DAGs
[2023-02-16 20:50:59,131] {logging_mixin.py:104} INFO - [2023-02-16 20:50:59,130] {dag.py:2306} INFO - Setting next_dagrun for latest_only_with_trigger to 2023-02-14 00:00:00+00:00
[2023-02-16 20:50:59,141] {scheduler_job.py:190} INFO - Processing /home/airflow/.local/lib/python3.6/site-packages/airflow/example_dags/example_latest_only_with_trigger.py took 0.067 seconds
[2023-02-16 20:51:29,657] {scheduler_job.py:182} INFO - Started process (PID=1055) to work on /home/airflow/.local/lib/python3.6/site-packages/airflow/example_dags/example_latest_only_with_trigger.py
[2023-02-16 20:51:29,658] {scheduler_job.py:633} INFO - Processing file /home/airflow/.local/lib/python3.6/site-packages/airflow/example_dags/example_latest_only_with_trigger.py for tasks to queue
[2023-02-16 20:51:29,658] {logging_mixin.py:104} INFO - [2023-02-16 20:51:29,658] {dagbag.py:496} INFO - Filling up the DagBag from /home/airflow/.local/lib/python3.6/site-packages/airflow/example_dags/example_latest_only_with_trigger.py
[2023-02-16 20:51:29,667] {scheduler_job.py:643} INFO - DAG(s) dict_keys(['latest_only_with_trigger']) retrieved from /home/airflow/.local/lib/python3.6/site-packages/airflow/example_dags/example_latest_only_with_trigger.py
[2023-02-16 20:51:29,685] {logging_mixin.py:104} INFO - [2023-02-16 20:51:29,685] {dag.py:1833} INFO - Sync 1 DAGs
[2023-02-16 20:51:29,700] {logging_mixin.py:104} INFO - [2023-02-16 20:51:29,700] {dag.py:2306} INFO - Setting next_dagrun for latest_only_with_trigger to 2023-02-14 00:00:00+00:00
[2023-02-16 20:51:29,708] {scheduler_job.py:190} INFO - Processing /home/airflow/.local/lib/python3.6/site-packages/airflow/example_dags/example_latest_only_with_trigger.py took 0.053 seconds
[2023-02-16 20:52:00,177] {scheduler_job.py:182} INFO - Started process (PID=1106) to work on /home/airflow/.local/lib/python3.6/site-packages/airflow/example_dags/example_latest_only_with_trigger.py
[2023-02-16 20:52:00,178] {scheduler_job.py:633} INFO - Processing file /home/airflow/.local/lib/python3.6/site-packages/airflow/example_dags/example_latest_only_with_trigger.py for tasks to queue
[2023-02-16 20:52:00,178] {logging_mixin.py:104} INFO - [2023-02-16 20:52:00,178] {dagbag.py:496} INFO - Filling up the DagBag from /home/airflow/.local/lib/python3.6/site-packages/airflow/example_dags/example_latest_only_with_trigger.py
[2023-02-16 20:52:00,190] {scheduler_job.py:643} INFO - DAG(s) dict_keys(['latest_only_with_trigger']) retrieved from /home/airflow/.local/lib/python3.6/site-packages/airflow/example_dags/example_latest_only_with_trigger.py
[2023-02-16 20:52:00,212] {logging_mixin.py:104} INFO - [2023-02-16 20:52:00,212] {dag.py:1833} INFO - Sync 1 DAGs
[2023-02-16 20:52:00,230] {logging_mixin.py:104} INFO - [2023-02-16 20:52:00,230] {dag.py:2306} INFO - Setting next_dagrun for latest_only_with_trigger to 2023-02-14 00:00:00+00:00
[2023-02-16 20:52:00,243] {scheduler_job.py:190} INFO - Processing /home/airflow/.local/lib/python3.6/site-packages/airflow/example_dags/example_latest_only_with_trigger.py took 0.069 seconds
[2023-02-16 20:52:30,768] {scheduler_job.py:182} INFO - Started process (PID=1167) to work on /home/airflow/.local/lib/python3.6/site-packages/airflow/example_dags/example_latest_only_with_trigger.py
[2023-02-16 20:52:30,769] {scheduler_job.py:633} INFO - Processing file /home/airflow/.local/lib/python3.6/site-packages/airflow/example_dags/example_latest_only_with_trigger.py for tasks to queue
[2023-02-16 20:52:30,770] {logging_mixin.py:104} INFO - [2023-02-16 20:52:30,770] {dagbag.py:496} INFO - Filling up the DagBag from /home/airflow/.local/lib/python3.6/site-packages/airflow/example_dags/example_latest_only_with_trigger.py
[2023-02-16 20:52:30,780] {scheduler_job.py:643} INFO - DAG(s) dict_keys(['latest_only_with_trigger']) retrieved from /home/airflow/.local/lib/python3.6/site-packages/airflow/example_dags/example_latest_only_with_trigger.py
[2023-02-16 20:52:30,803] {logging_mixin.py:104} INFO - [2023-02-16 20:52:30,803] {dag.py:1833} INFO - Sync 1 DAGs
[2023-02-16 20:52:30,820] {logging_mixin.py:104} INFO - [2023-02-16 20:52:30,820] {dag.py:2306} INFO - Setting next_dagrun for latest_only_with_trigger to 2023-02-14 00:00:00+00:00
[2023-02-16 20:52:30,830] {scheduler_job.py:190} INFO - Processing /home/airflow/.local/lib/python3.6/site-packages/airflow/example_dags/example_latest_only_with_trigger.py took 0.065 seconds
[2023-02-16 20:53:03,594] {scheduler_job.py:182} INFO - Started process (PID=1218) to work on /home/airflow/.local/lib/python3.6/site-packages/airflow/example_dags/example_latest_only_with_trigger.py
[2023-02-16 20:53:03,601] {scheduler_job.py:633} INFO - Processing file /home/airflow/.local/lib/python3.6/site-packages/airflow/example_dags/example_latest_only_with_trigger.py for tasks to queue
[2023-02-16 20:53:03,602] {logging_mixin.py:104} INFO - [2023-02-16 20:53:03,602] {dagbag.py:496} INFO - Filling up the DagBag from /home/airflow/.local/lib/python3.6/site-packages/airflow/example_dags/example_latest_only_with_trigger.py
[2023-02-16 20:53:03,696] {scheduler_job.py:643} INFO - DAG(s) dict_keys(['latest_only_with_trigger']) retrieved from /home/airflow/.local/lib/python3.6/site-packages/airflow/example_dags/example_latest_only_with_trigger.py
[2023-02-16 20:53:03,898] {logging_mixin.py:104} INFO - [2023-02-16 20:53:03,898] {dag.py:1833} INFO - Sync 1 DAGs
[2023-02-16 20:53:04,002] {logging_mixin.py:104} INFO - [2023-02-16 20:53:04,002] {dag.py:2306} INFO - Setting next_dagrun for latest_only_with_trigger to 2023-02-14 00:00:00+00:00
[2023-02-16 20:53:04,096] {scheduler_job.py:190} INFO - Processing /home/airflow/.local/lib/python3.6/site-packages/airflow/example_dags/example_latest_only_with_trigger.py took 0.505 seconds
[2023-02-16 20:53:34,986] {scheduler_job.py:182} INFO - Started process (PID=1267) to work on /home/airflow/.local/lib/python3.6/site-packages/airflow/example_dags/example_latest_only_with_trigger.py
[2023-02-16 20:53:34,987] {scheduler_job.py:633} INFO - Processing file /home/airflow/.local/lib/python3.6/site-packages/airflow/example_dags/example_latest_only_with_trigger.py for tasks to queue
[2023-02-16 20:53:34,988] {logging_mixin.py:104} INFO - [2023-02-16 20:53:34,988] {dagbag.py:496} INFO - Filling up the DagBag from /home/airflow/.local/lib/python3.6/site-packages/airflow/example_dags/example_latest_only_with_trigger.py
[2023-02-16 20:53:35,000] {scheduler_job.py:643} INFO - DAG(s) dict_keys(['latest_only_with_trigger']) retrieved from /home/airflow/.local/lib/python3.6/site-packages/airflow/example_dags/example_latest_only_with_trigger.py
[2023-02-16 20:53:35,103] {logging_mixin.py:104} INFO - [2023-02-16 20:53:35,103] {dag.py:1833} INFO - Sync 1 DAGs
[2023-02-16 20:53:35,189] {logging_mixin.py:104} INFO - [2023-02-16 20:53:35,189] {dag.py:2306} INFO - Setting next_dagrun for latest_only_with_trigger to 2023-02-14 00:00:00+00:00
[2023-02-16 20:53:35,201] {scheduler_job.py:190} INFO - Processing /home/airflow/.local/lib/python3.6/site-packages/airflow/example_dags/example_latest_only_with_trigger.py took 0.218 seconds
[2023-02-16 20:54:05,895] {scheduler_job.py:182} INFO - Started process (PID=1319) to work on /home/airflow/.local/lib/python3.6/site-packages/airflow/example_dags/example_latest_only_with_trigger.py
[2023-02-16 20:54:05,896] {scheduler_job.py:633} INFO - Processing file /home/airflow/.local/lib/python3.6/site-packages/airflow/example_dags/example_latest_only_with_trigger.py for tasks to queue
[2023-02-16 20:54:05,896] {logging_mixin.py:104} INFO - [2023-02-16 20:54:05,896] {dagbag.py:496} INFO - Filling up the DagBag from /home/airflow/.local/lib/python3.6/site-packages/airflow/example_dags/example_latest_only_with_trigger.py
[2023-02-16 20:54:05,906] {scheduler_job.py:643} INFO - DAG(s) dict_keys(['latest_only_with_trigger']) retrieved from /home/airflow/.local/lib/python3.6/site-packages/airflow/example_dags/example_latest_only_with_trigger.py
[2023-02-16 20:54:05,929] {logging_mixin.py:104} INFO - [2023-02-16 20:54:05,929] {dag.py:1833} INFO - Sync 1 DAGs
[2023-02-16 20:54:05,989] {logging_mixin.py:104} INFO - [2023-02-16 20:54:05,989] {dag.py:2306} INFO - Setting next_dagrun for latest_only_with_trigger to 2023-02-14 00:00:00+00:00
[2023-02-16 20:54:05,999] {scheduler_job.py:190} INFO - Processing /home/airflow/.local/lib/python3.6/site-packages/airflow/example_dags/example_latest_only_with_trigger.py took 0.107 seconds
[2023-02-16 20:54:36,206] {scheduler_job.py:182} INFO - Started process (PID=1370) to work on /home/airflow/.local/lib/python3.6/site-packages/airflow/example_dags/example_latest_only_with_trigger.py
[2023-02-16 20:54:36,207] {scheduler_job.py:633} INFO - Processing file /home/airflow/.local/lib/python3.6/site-packages/airflow/example_dags/example_latest_only_with_trigger.py for tasks to queue
[2023-02-16 20:54:36,207] {logging_mixin.py:104} INFO - [2023-02-16 20:54:36,207] {dagbag.py:496} INFO - Filling up the DagBag from /home/airflow/.local/lib/python3.6/site-packages/airflow/example_dags/example_latest_only_with_trigger.py
[2023-02-16 20:54:36,219] {scheduler_job.py:643} INFO - DAG(s) dict_keys(['latest_only_with_trigger']) retrieved from /home/airflow/.local/lib/python3.6/site-packages/airflow/example_dags/example_latest_only_with_trigger.py
[2023-02-16 20:54:36,238] {logging_mixin.py:104} INFO - [2023-02-16 20:54:36,238] {dag.py:1833} INFO - Sync 1 DAGs
[2023-02-16 20:54:36,253] {logging_mixin.py:104} INFO - [2023-02-16 20:54:36,252] {dag.py:2306} INFO - Setting next_dagrun for latest_only_with_trigger to 2023-02-14 00:00:00+00:00
[2023-02-16 20:54:36,265] {scheduler_job.py:190} INFO - Processing /home/airflow/.local/lib/python3.6/site-packages/airflow/example_dags/example_latest_only_with_trigger.py took 0.061 seconds
[2023-02-16 20:55:06,961] {scheduler_job.py:182} INFO - Started process (PID=1431) to work on /home/airflow/.local/lib/python3.6/site-packages/airflow/example_dags/example_latest_only_with_trigger.py
[2023-02-16 20:55:06,962] {scheduler_job.py:633} INFO - Processing file /home/airflow/.local/lib/python3.6/site-packages/airflow/example_dags/example_latest_only_with_trigger.py for tasks to queue
[2023-02-16 20:55:06,963] {logging_mixin.py:104} INFO - [2023-02-16 20:55:06,963] {dagbag.py:496} INFO - Filling up the DagBag from /home/airflow/.local/lib/python3.6/site-packages/airflow/example_dags/example_latest_only_with_trigger.py
[2023-02-16 20:55:06,976] {scheduler_job.py:643} INFO - DAG(s) dict_keys(['latest_only_with_trigger']) retrieved from /home/airflow/.local/lib/python3.6/site-packages/airflow/example_dags/example_latest_only_with_trigger.py
[2023-02-16 20:55:07,000] {logging_mixin.py:104} INFO - [2023-02-16 20:55:07,000] {dag.py:1833} INFO - Sync 1 DAGs
[2023-02-16 20:55:07,017] {logging_mixin.py:104} INFO - [2023-02-16 20:55:07,016] {dag.py:2306} INFO - Setting next_dagrun for latest_only_with_trigger to 2023-02-14 00:00:00+00:00
[2023-02-16 20:55:07,029] {scheduler_job.py:190} INFO - Processing /home/airflow/.local/lib/python3.6/site-packages/airflow/example_dags/example_latest_only_with_trigger.py took 0.072 seconds
[2023-02-16 20:55:37,479] {scheduler_job.py:182} INFO - Started process (PID=1483) to work on /home/airflow/.local/lib/python3.6/site-packages/airflow/example_dags/example_latest_only_with_trigger.py
[2023-02-16 20:55:37,480] {scheduler_job.py:633} INFO - Processing file /home/airflow/.local/lib/python3.6/site-packages/airflow/example_dags/example_latest_only_with_trigger.py for tasks to queue
[2023-02-16 20:55:37,480] {logging_mixin.py:104} INFO - [2023-02-16 20:55:37,480] {dagbag.py:496} INFO - Filling up the DagBag from /home/airflow/.local/lib/python3.6/site-packages/airflow/example_dags/example_latest_only_with_trigger.py
[2023-02-16 20:55:37,490] {scheduler_job.py:643} INFO - DAG(s) dict_keys(['latest_only_with_trigger']) retrieved from /home/airflow/.local/lib/python3.6/site-packages/airflow/example_dags/example_latest_only_with_trigger.py
[2023-02-16 20:55:37,512] {logging_mixin.py:104} INFO - [2023-02-16 20:55:37,512] {dag.py:1833} INFO - Sync 1 DAGs
[2023-02-16 20:55:37,526] {logging_mixin.py:104} INFO - [2023-02-16 20:55:37,526] {dag.py:2306} INFO - Setting next_dagrun for latest_only_with_trigger to 2023-02-14 00:00:00+00:00
[2023-02-16 20:55:37,538] {scheduler_job.py:190} INFO - Processing /home/airflow/.local/lib/python3.6/site-packages/airflow/example_dags/example_latest_only_with_trigger.py took 0.061 seconds
[2023-02-16 20:56:08,181] {scheduler_job.py:182} INFO - Started process (PID=1544) to work on /home/airflow/.local/lib/python3.6/site-packages/airflow/example_dags/example_latest_only_with_trigger.py
[2023-02-16 20:56:08,183] {scheduler_job.py:633} INFO - Processing file /home/airflow/.local/lib/python3.6/site-packages/airflow/example_dags/example_latest_only_with_trigger.py for tasks to queue
[2023-02-16 20:56:08,184] {logging_mixin.py:104} INFO - [2023-02-16 20:56:08,183] {dagbag.py:496} INFO - Filling up the DagBag from /home/airflow/.local/lib/python3.6/site-packages/airflow/example_dags/example_latest_only_with_trigger.py
[2023-02-16 20:56:08,195] {scheduler_job.py:643} INFO - DAG(s) dict_keys(['latest_only_with_trigger']) retrieved from /home/airflow/.local/lib/python3.6/site-packages/airflow/example_dags/example_latest_only_with_trigger.py
[2023-02-16 20:56:08,216] {logging_mixin.py:104} INFO - [2023-02-16 20:56:08,216] {dag.py:1833} INFO - Sync 1 DAGs
[2023-02-16 20:56:08,233] {logging_mixin.py:104} INFO - [2023-02-16 20:56:08,233] {dag.py:2306} INFO - Setting next_dagrun for latest_only_with_trigger to 2023-02-14 00:00:00+00:00
[2023-02-16 20:56:08,244] {scheduler_job.py:190} INFO - Processing /home/airflow/.local/lib/python3.6/site-packages/airflow/example_dags/example_latest_only_with_trigger.py took 0.065 seconds
[2023-02-16 20:56:38,692] {scheduler_job.py:182} INFO - Started process (PID=1595) to work on /home/airflow/.local/lib/python3.6/site-packages/airflow/example_dags/example_latest_only_with_trigger.py
[2023-02-16 20:56:38,692] {scheduler_job.py:633} INFO - Processing file /home/airflow/.local/lib/python3.6/site-packages/airflow/example_dags/example_latest_only_with_trigger.py for tasks to queue
[2023-02-16 20:56:38,693] {logging_mixin.py:104} INFO - [2023-02-16 20:56:38,693] {dagbag.py:496} INFO - Filling up the DagBag from /home/airflow/.local/lib/python3.6/site-packages/airflow/example_dags/example_latest_only_with_trigger.py
[2023-02-16 20:56:38,703] {scheduler_job.py:643} INFO - DAG(s) dict_keys(['latest_only_with_trigger']) retrieved from /home/airflow/.local/lib/python3.6/site-packages/airflow/example_dags/example_latest_only_with_trigger.py
[2023-02-16 20:56:38,724] {logging_mixin.py:104} INFO - [2023-02-16 20:56:38,724] {dag.py:1833} INFO - Sync 1 DAGs
[2023-02-16 20:56:38,741] {logging_mixin.py:104} INFO - [2023-02-16 20:56:38,741] {dag.py:2306} INFO - Setting next_dagrun for latest_only_with_trigger to 2023-02-14 00:00:00+00:00
[2023-02-16 20:56:38,752] {scheduler_job.py:190} INFO - Processing /home/airflow/.local/lib/python3.6/site-packages/airflow/example_dags/example_latest_only_with_trigger.py took 0.063 seconds
[2023-02-16 20:57:09,701] {scheduler_job.py:182} INFO - Started process (PID=1655) to work on /home/airflow/.local/lib/python3.6/site-packages/airflow/example_dags/example_latest_only_with_trigger.py
[2023-02-16 20:57:09,702] {scheduler_job.py:633} INFO - Processing file /home/airflow/.local/lib/python3.6/site-packages/airflow/example_dags/example_latest_only_with_trigger.py for tasks to queue
[2023-02-16 20:57:09,702] {logging_mixin.py:104} INFO - [2023-02-16 20:57:09,702] {dagbag.py:496} INFO - Filling up the DagBag from /home/airflow/.local/lib/python3.6/site-packages/airflow/example_dags/example_latest_only_with_trigger.py
[2023-02-16 20:57:09,713] {scheduler_job.py:643} INFO - DAG(s) dict_keys(['latest_only_with_trigger']) retrieved from /home/airflow/.local/lib/python3.6/site-packages/airflow/example_dags/example_latest_only_with_trigger.py
[2023-02-16 20:57:09,792] {logging_mixin.py:104} INFO - [2023-02-16 20:57:09,792] {dag.py:1833} INFO - Sync 1 DAGs
[2023-02-16 20:57:09,809] {logging_mixin.py:104} INFO - [2023-02-16 20:57:09,809] {dag.py:2306} INFO - Setting next_dagrun for latest_only_with_trigger to 2023-02-14 00:00:00+00:00
[2023-02-16 20:57:09,817] {scheduler_job.py:190} INFO - Processing /home/airflow/.local/lib/python3.6/site-packages/airflow/example_dags/example_latest_only_with_trigger.py took 0.119 seconds
[2023-02-16 20:57:40,596] {scheduler_job.py:182} INFO - Started process (PID=1707) to work on /home/airflow/.local/lib/python3.6/site-packages/airflow/example_dags/example_latest_only_with_trigger.py
[2023-02-16 20:57:40,597] {scheduler_job.py:633} INFO - Processing file /home/airflow/.local/lib/python3.6/site-packages/airflow/example_dags/example_latest_only_with_trigger.py for tasks to queue
[2023-02-16 20:57:40,597] {logging_mixin.py:104} INFO - [2023-02-16 20:57:40,597] {dagbag.py:496} INFO - Filling up the DagBag from /home/airflow/.local/lib/python3.6/site-packages/airflow/example_dags/example_latest_only_with_trigger.py
[2023-02-16 20:57:40,607] {scheduler_job.py:643} INFO - DAG(s) dict_keys(['latest_only_with_trigger']) retrieved from /home/airflow/.local/lib/python3.6/site-packages/airflow/example_dags/example_latest_only_with_trigger.py
[2023-02-16 20:57:40,627] {logging_mixin.py:104} INFO - [2023-02-16 20:57:40,627] {dag.py:1833} INFO - Sync 1 DAGs
[2023-02-16 20:57:40,648] {logging_mixin.py:104} INFO - [2023-02-16 20:57:40,647] {dag.py:2306} INFO - Setting next_dagrun for latest_only_with_trigger to 2023-02-14 00:00:00+00:00
[2023-02-16 20:57:40,660] {scheduler_job.py:190} INFO - Processing /home/airflow/.local/lib/python3.6/site-packages/airflow/example_dags/example_latest_only_with_trigger.py took 0.067 seconds
[2023-02-16 20:58:11,121] {scheduler_job.py:182} INFO - Started process (PID=1765) to work on /home/airflow/.local/lib/python3.6/site-packages/airflow/example_dags/example_latest_only_with_trigger.py
[2023-02-16 20:58:11,122] {scheduler_job.py:633} INFO - Processing file /home/airflow/.local/lib/python3.6/site-packages/airflow/example_dags/example_latest_only_with_trigger.py for tasks to queue
[2023-02-16 20:58:11,123] {logging_mixin.py:104} INFO - [2023-02-16 20:58:11,122] {dagbag.py:496} INFO - Filling up the DagBag from /home/airflow/.local/lib/python3.6/site-packages/airflow/example_dags/example_latest_only_with_trigger.py
[2023-02-16 20:58:11,134] {scheduler_job.py:643} INFO - DAG(s) dict_keys(['latest_only_with_trigger']) retrieved from /home/airflow/.local/lib/python3.6/site-packages/airflow/example_dags/example_latest_only_with_trigger.py
[2023-02-16 20:58:11,200] {logging_mixin.py:104} INFO - [2023-02-16 20:58:11,200] {dag.py:1833} INFO - Sync 1 DAGs
[2023-02-16 20:58:11,216] {logging_mixin.py:104} INFO - [2023-02-16 20:58:11,216] {dag.py:2306} INFO - Setting next_dagrun for latest_only_with_trigger to 2023-02-14 00:00:00+00:00
[2023-02-16 20:58:11,226] {scheduler_job.py:190} INFO - Processing /home/airflow/.local/lib/python3.6/site-packages/airflow/example_dags/example_latest_only_with_trigger.py took 0.107 seconds
[2023-02-16 20:58:41,925] {scheduler_job.py:182} INFO - Started process (PID=1819) to work on /home/airflow/.local/lib/python3.6/site-packages/airflow/example_dags/example_latest_only_with_trigger.py
[2023-02-16 20:58:41,926] {scheduler_job.py:633} INFO - Processing file /home/airflow/.local/lib/python3.6/site-packages/airflow/example_dags/example_latest_only_with_trigger.py for tasks to queue
[2023-02-16 20:58:41,927] {logging_mixin.py:104} INFO - [2023-02-16 20:58:41,927] {dagbag.py:496} INFO - Filling up the DagBag from /home/airflow/.local/lib/python3.6/site-packages/airflow/example_dags/example_latest_only_with_trigger.py
[2023-02-16 20:58:41,937] {scheduler_job.py:643} INFO - DAG(s) dict_keys(['latest_only_with_trigger']) retrieved from /home/airflow/.local/lib/python3.6/site-packages/airflow/example_dags/example_latest_only_with_trigger.py
[2023-02-16 20:58:42,004] {logging_mixin.py:104} INFO - [2023-02-16 20:58:42,004] {dag.py:1833} INFO - Sync 1 DAGs
[2023-02-16 20:58:42,024] {logging_mixin.py:104} INFO - [2023-02-16 20:58:42,024] {dag.py:2306} INFO - Setting next_dagrun for latest_only_with_trigger to 2023-02-14 00:00:00+00:00
[2023-02-16 20:58:42,035] {scheduler_job.py:190} INFO - Processing /home/airflow/.local/lib/python3.6/site-packages/airflow/example_dags/example_latest_only_with_trigger.py took 0.113 seconds
[2023-02-16 20:59:12,081] {scheduler_job.py:182} INFO - Started process (PID=1869) to work on /home/airflow/.local/lib/python3.6/site-packages/airflow/example_dags/example_latest_only_with_trigger.py
[2023-02-16 20:59:12,082] {scheduler_job.py:633} INFO - Processing file /home/airflow/.local/lib/python3.6/site-packages/airflow/example_dags/example_latest_only_with_trigger.py for tasks to queue
[2023-02-16 20:59:12,082] {logging_mixin.py:104} INFO - [2023-02-16 20:59:12,082] {dagbag.py:496} INFO - Filling up the DagBag from /home/airflow/.local/lib/python3.6/site-packages/airflow/example_dags/example_latest_only_with_trigger.py
[2023-02-16 20:59:12,092] {scheduler_job.py:643} INFO - DAG(s) dict_keys(['latest_only_with_trigger']) retrieved from /home/airflow/.local/lib/python3.6/site-packages/airflow/example_dags/example_latest_only_with_trigger.py
[2023-02-16 20:59:12,113] {logging_mixin.py:104} INFO - [2023-02-16 20:59:12,113] {dag.py:1833} INFO - Sync 1 DAGs
[2023-02-16 20:59:12,130] {logging_mixin.py:104} INFO - [2023-02-16 20:59:12,130] {dag.py:2306} INFO - Setting next_dagrun for latest_only_with_trigger to 2023-02-14 00:00:00+00:00
[2023-02-16 20:59:12,139] {scheduler_job.py:190} INFO - Processing /home/airflow/.local/lib/python3.6/site-packages/airflow/example_dags/example_latest_only_with_trigger.py took 0.061 seconds
[2023-02-16 20:59:42,271] {scheduler_job.py:182} INFO - Started process (PID=1930) to work on /home/airflow/.local/lib/python3.6/site-packages/airflow/example_dags/example_latest_only_with_trigger.py
[2023-02-16 20:59:42,272] {scheduler_job.py:633} INFO - Processing file /home/airflow/.local/lib/python3.6/site-packages/airflow/example_dags/example_latest_only_with_trigger.py for tasks to queue
[2023-02-16 20:59:42,273] {logging_mixin.py:104} INFO - [2023-02-16 20:59:42,273] {dagbag.py:496} INFO - Filling up the DagBag from /home/airflow/.local/lib/python3.6/site-packages/airflow/example_dags/example_latest_only_with_trigger.py
[2023-02-16 20:59:42,286] {scheduler_job.py:643} INFO - DAG(s) dict_keys(['latest_only_with_trigger']) retrieved from /home/airflow/.local/lib/python3.6/site-packages/airflow/example_dags/example_latest_only_with_trigger.py
[2023-02-16 20:59:42,308] {logging_mixin.py:104} INFO - [2023-02-16 20:59:42,308] {dag.py:1833} INFO - Sync 1 DAGs
[2023-02-16 20:59:42,322] {logging_mixin.py:104} INFO - [2023-02-16 20:59:42,322] {dag.py:2306} INFO - Setting next_dagrun for latest_only_with_trigger to 2023-02-14 00:00:00+00:00
[2023-02-16 20:59:42,331] {scheduler_job.py:190} INFO - Processing /home/airflow/.local/lib/python3.6/site-packages/airflow/example_dags/example_latest_only_with_trigger.py took 0.063 seconds
[2023-02-16 21:00:12,563] {scheduler_job.py:182} INFO - Started process (PID=1981) to work on /home/airflow/.local/lib/python3.6/site-packages/airflow/example_dags/example_latest_only_with_trigger.py
[2023-02-16 21:00:12,563] {scheduler_job.py:633} INFO - Processing file /home/airflow/.local/lib/python3.6/site-packages/airflow/example_dags/example_latest_only_with_trigger.py for tasks to queue
[2023-02-16 21:00:12,564] {logging_mixin.py:104} INFO - [2023-02-16 21:00:12,564] {dagbag.py:496} INFO - Filling up the DagBag from /home/airflow/.local/lib/python3.6/site-packages/airflow/example_dags/example_latest_only_with_trigger.py
[2023-02-16 21:00:12,574] {scheduler_job.py:643} INFO - DAG(s) dict_keys(['latest_only_with_trigger']) retrieved from /home/airflow/.local/lib/python3.6/site-packages/airflow/example_dags/example_latest_only_with_trigger.py
[2023-02-16 21:00:12,596] {logging_mixin.py:104} INFO - [2023-02-16 21:00:12,596] {dag.py:1833} INFO - Sync 1 DAGs
[2023-02-16 21:00:12,612] {logging_mixin.py:104} INFO - [2023-02-16 21:00:12,612] {dag.py:2306} INFO - Setting next_dagrun for latest_only_with_trigger to 2023-02-14 00:00:00+00:00
[2023-02-16 21:00:12,622] {scheduler_job.py:190} INFO - Processing /home/airflow/.local/lib/python3.6/site-packages/airflow/example_dags/example_latest_only_with_trigger.py took 0.062 seconds
[2023-02-16 21:00:43,140] {scheduler_job.py:182} INFO - Started process (PID=2042) to work on /home/airflow/.local/lib/python3.6/site-packages/airflow/example_dags/example_latest_only_with_trigger.py
[2023-02-16 21:00:43,141] {scheduler_job.py:633} INFO - Processing file /home/airflow/.local/lib/python3.6/site-packages/airflow/example_dags/example_latest_only_with_trigger.py for tasks to queue
[2023-02-16 21:00:43,141] {logging_mixin.py:104} INFO - [2023-02-16 21:00:43,141] {dagbag.py:496} INFO - Filling up the DagBag from /home/airflow/.local/lib/python3.6/site-packages/airflow/example_dags/example_latest_only_with_trigger.py
[2023-02-16 21:00:43,151] {scheduler_job.py:643} INFO - DAG(s) dict_keys(['latest_only_with_trigger']) retrieved from /home/airflow/.local/lib/python3.6/site-packages/airflow/example_dags/example_latest_only_with_trigger.py
[2023-02-16 21:00:43,169] {logging_mixin.py:104} INFO - [2023-02-16 21:00:43,169] {dag.py:1833} INFO - Sync 1 DAGs
[2023-02-16 21:00:43,181] {logging_mixin.py:104} INFO - [2023-02-16 21:00:43,181] {dag.py:2306} INFO - Setting next_dagrun for latest_only_with_trigger to 2023-02-14 00:00:00+00:00
[2023-02-16 21:00:43,189] {scheduler_job.py:190} INFO - Processing /home/airflow/.local/lib/python3.6/site-packages/airflow/example_dags/example_latest_only_with_trigger.py took 0.051 seconds
[2023-02-16 21:01:13,616] {scheduler_job.py:182} INFO - Started process (PID=2093) to work on /home/airflow/.local/lib/python3.6/site-packages/airflow/example_dags/example_latest_only_with_trigger.py
[2023-02-16 21:01:13,616] {scheduler_job.py:633} INFO - Processing file /home/airflow/.local/lib/python3.6/site-packages/airflow/example_dags/example_latest_only_with_trigger.py for tasks to queue
[2023-02-16 21:01:13,617] {logging_mixin.py:104} INFO - [2023-02-16 21:01:13,617] {dagbag.py:496} INFO - Filling up the DagBag from /home/airflow/.local/lib/python3.6/site-packages/airflow/example_dags/example_latest_only_with_trigger.py
[2023-02-16 21:01:13,628] {scheduler_job.py:643} INFO - DAG(s) dict_keys(['latest_only_with_trigger']) retrieved from /home/airflow/.local/lib/python3.6/site-packages/airflow/example_dags/example_latest_only_with_trigger.py
[2023-02-16 21:01:13,648] {logging_mixin.py:104} INFO - [2023-02-16 21:01:13,648] {dag.py:1833} INFO - Sync 1 DAGs
[2023-02-16 21:01:13,663] {logging_mixin.py:104} INFO - [2023-02-16 21:01:13,663] {dag.py:2306} INFO - Setting next_dagrun for latest_only_with_trigger to 2023-02-14 00:00:00+00:00
[2023-02-16 21:01:13,672] {scheduler_job.py:190} INFO - Processing /home/airflow/.local/lib/python3.6/site-packages/airflow/example_dags/example_latest_only_with_trigger.py took 0.059 seconds
[2023-02-16 21:01:44,053] {scheduler_job.py:182} INFO - Started process (PID=2154) to work on /home/airflow/.local/lib/python3.6/site-packages/airflow/example_dags/example_latest_only_with_trigger.py
[2023-02-16 21:01:44,054] {scheduler_job.py:633} INFO - Processing file /home/airflow/.local/lib/python3.6/site-packages/airflow/example_dags/example_latest_only_with_trigger.py for tasks to queue
[2023-02-16 21:01:44,054] {logging_mixin.py:104} INFO - [2023-02-16 21:01:44,054] {dagbag.py:496} INFO - Filling up the DagBag from /home/airflow/.local/lib/python3.6/site-packages/airflow/example_dags/example_latest_only_with_trigger.py
[2023-02-16 21:01:44,067] {scheduler_job.py:643} INFO - DAG(s) dict_keys(['latest_only_with_trigger']) retrieved from /home/airflow/.local/lib/python3.6/site-packages/airflow/example_dags/example_latest_only_with_trigger.py
[2023-02-16 21:01:44,092] {logging_mixin.py:104} INFO - [2023-02-16 21:01:44,092] {dag.py:1833} INFO - Sync 1 DAGs
[2023-02-16 21:01:44,110] {logging_mixin.py:104} INFO - [2023-02-16 21:01:44,110] {dag.py:2306} INFO - Setting next_dagrun for latest_only_with_trigger to 2023-02-14 00:00:00+00:00
[2023-02-16 21:01:44,121] {scheduler_job.py:190} INFO - Processing /home/airflow/.local/lib/python3.6/site-packages/airflow/example_dags/example_latest_only_with_trigger.py took 0.071 seconds
[2023-02-16 21:02:14,317] {scheduler_job.py:182} INFO - Started process (PID=2206) to work on /home/airflow/.local/lib/python3.6/site-packages/airflow/example_dags/example_latest_only_with_trigger.py
[2023-02-16 21:02:14,318] {scheduler_job.py:633} INFO - Processing file /home/airflow/.local/lib/python3.6/site-packages/airflow/example_dags/example_latest_only_with_trigger.py for tasks to queue
[2023-02-16 21:02:14,318] {logging_mixin.py:104} INFO - [2023-02-16 21:02:14,318] {dagbag.py:496} INFO - Filling up the DagBag from /home/airflow/.local/lib/python3.6/site-packages/airflow/example_dags/example_latest_only_with_trigger.py
[2023-02-16 21:02:14,330] {scheduler_job.py:643} INFO - DAG(s) dict_keys(['latest_only_with_trigger']) retrieved from /home/airflow/.local/lib/python3.6/site-packages/airflow/example_dags/example_latest_only_with_trigger.py
[2023-02-16 21:02:14,348] {logging_mixin.py:104} INFO - [2023-02-16 21:02:14,347] {dag.py:1833} INFO - Sync 1 DAGs
[2023-02-16 21:02:14,360] {logging_mixin.py:104} INFO - [2023-02-16 21:02:14,360] {dag.py:2306} INFO - Setting next_dagrun for latest_only_with_trigger to 2023-02-14 00:00:00+00:00
[2023-02-16 21:02:14,368] {scheduler_job.py:190} INFO - Processing /home/airflow/.local/lib/python3.6/site-packages/airflow/example_dags/example_latest_only_with_trigger.py took 0.053 seconds
[2023-02-16 21:02:45,100] {scheduler_job.py:182} INFO - Started process (PID=2267) to work on /home/airflow/.local/lib/python3.6/site-packages/airflow/example_dags/example_latest_only_with_trigger.py
[2023-02-16 21:02:45,100] {scheduler_job.py:633} INFO - Processing file /home/airflow/.local/lib/python3.6/site-packages/airflow/example_dags/example_latest_only_with_trigger.py for tasks to queue
[2023-02-16 21:02:45,101] {logging_mixin.py:104} INFO - [2023-02-16 21:02:45,101] {dagbag.py:496} INFO - Filling up the DagBag from /home/airflow/.local/lib/python3.6/site-packages/airflow/example_dags/example_latest_only_with_trigger.py
[2023-02-16 21:02:45,112] {scheduler_job.py:643} INFO - DAG(s) dict_keys(['latest_only_with_trigger']) retrieved from /home/airflow/.local/lib/python3.6/site-packages/airflow/example_dags/example_latest_only_with_trigger.py
[2023-02-16 21:02:45,131] {logging_mixin.py:104} INFO - [2023-02-16 21:02:45,131] {dag.py:1833} INFO - Sync 1 DAGs
[2023-02-16 21:02:45,144] {logging_mixin.py:104} INFO - [2023-02-16 21:02:45,144] {dag.py:2306} INFO - Setting next_dagrun for latest_only_with_trigger to 2023-02-14 00:00:00+00:00
[2023-02-16 21:02:45,152] {scheduler_job.py:190} INFO - Processing /home/airflow/.local/lib/python3.6/site-packages/airflow/example_dags/example_latest_only_with_trigger.py took 0.054 seconds
[2023-02-16 21:03:15,532] {scheduler_job.py:182} INFO - Started process (PID=2318) to work on /home/airflow/.local/lib/python3.6/site-packages/airflow/example_dags/example_latest_only_with_trigger.py
[2023-02-16 21:03:15,535] {scheduler_job.py:633} INFO - Processing file /home/airflow/.local/lib/python3.6/site-packages/airflow/example_dags/example_latest_only_with_trigger.py for tasks to queue
[2023-02-16 21:03:15,536] {logging_mixin.py:104} INFO - [2023-02-16 21:03:15,536] {dagbag.py:496} INFO - Filling up the DagBag from /home/airflow/.local/lib/python3.6/site-packages/airflow/example_dags/example_latest_only_with_trigger.py
[2023-02-16 21:03:15,545] {scheduler_job.py:643} INFO - DAG(s) dict_keys(['latest_only_with_trigger']) retrieved from /home/airflow/.local/lib/python3.6/site-packages/airflow/example_dags/example_latest_only_with_trigger.py
[2023-02-16 21:03:15,564] {logging_mixin.py:104} INFO - [2023-02-16 21:03:15,564] {dag.py:1833} INFO - Sync 1 DAGs
[2023-02-16 21:03:15,578] {logging_mixin.py:104} INFO - [2023-02-16 21:03:15,578] {dag.py:2306} INFO - Setting next_dagrun for latest_only_with_trigger to 2023-02-14 00:00:00+00:00
[2023-02-16 21:03:15,586] {scheduler_job.py:190} INFO - Processing /home/airflow/.local/lib/python3.6/site-packages/airflow/example_dags/example_latest_only_with_trigger.py took 0.057 seconds
[2023-02-16 21:03:45,846] {scheduler_job.py:182} INFO - Started process (PID=2379) to work on /home/airflow/.local/lib/python3.6/site-packages/airflow/example_dags/example_latest_only_with_trigger.py
[2023-02-16 21:03:45,846] {scheduler_job.py:633} INFO - Processing file /home/airflow/.local/lib/python3.6/site-packages/airflow/example_dags/example_latest_only_with_trigger.py for tasks to queue
[2023-02-16 21:03:45,847] {logging_mixin.py:104} INFO - [2023-02-16 21:03:45,847] {dagbag.py:496} INFO - Filling up the DagBag from /home/airflow/.local/lib/python3.6/site-packages/airflow/example_dags/example_latest_only_with_trigger.py
[2023-02-16 21:03:45,856] {scheduler_job.py:643} INFO - DAG(s) dict_keys(['latest_only_with_trigger']) retrieved from /home/airflow/.local/lib/python3.6/site-packages/airflow/example_dags/example_latest_only_with_trigger.py
[2023-02-16 21:03:45,876] {logging_mixin.py:104} INFO - [2023-02-16 21:03:45,876] {dag.py:1833} INFO - Sync 1 DAGs
[2023-02-16 21:03:45,896] {logging_mixin.py:104} INFO - [2023-02-16 21:03:45,896] {dag.py:2306} INFO - Setting next_dagrun for latest_only_with_trigger to 2023-02-14 00:00:00+00:00
[2023-02-16 21:03:45,911] {scheduler_job.py:190} INFO - Processing /home/airflow/.local/lib/python3.6/site-packages/airflow/example_dags/example_latest_only_with_trigger.py took 0.067 seconds
[2023-02-16 21:04:16,600] {scheduler_job.py:182} INFO - Started process (PID=2430) to work on /home/airflow/.local/lib/python3.6/site-packages/airflow/example_dags/example_latest_only_with_trigger.py
[2023-02-16 21:04:16,600] {scheduler_job.py:633} INFO - Processing file /home/airflow/.local/lib/python3.6/site-packages/airflow/example_dags/example_latest_only_with_trigger.py for tasks to queue
[2023-02-16 21:04:16,601] {logging_mixin.py:104} INFO - [2023-02-16 21:04:16,601] {dagbag.py:496} INFO - Filling up the DagBag from /home/airflow/.local/lib/python3.6/site-packages/airflow/example_dags/example_latest_only_with_trigger.py
[2023-02-16 21:04:16,610] {scheduler_job.py:643} INFO - DAG(s) dict_keys(['latest_only_with_trigger']) retrieved from /home/airflow/.local/lib/python3.6/site-packages/airflow/example_dags/example_latest_only_with_trigger.py
[2023-02-16 21:04:16,626] {logging_mixin.py:104} INFO - [2023-02-16 21:04:16,626] {dag.py:1833} INFO - Sync 1 DAGs
[2023-02-16 21:04:16,638] {logging_mixin.py:104} INFO - [2023-02-16 21:04:16,638] {dag.py:2306} INFO - Setting next_dagrun for latest_only_with_trigger to 2023-02-14 00:00:00+00:00
[2023-02-16 21:04:16,647] {scheduler_job.py:190} INFO - Processing /home/airflow/.local/lib/python3.6/site-packages/airflow/example_dags/example_latest_only_with_trigger.py took 0.050 seconds
[2023-02-16 21:04:47,172] {scheduler_job.py:182} INFO - Started process (PID=2481) to work on /home/airflow/.local/lib/python3.6/site-packages/airflow/example_dags/example_latest_only_with_trigger.py
[2023-02-16 21:04:47,177] {scheduler_job.py:633} INFO - Processing file /home/airflow/.local/lib/python3.6/site-packages/airflow/example_dags/example_latest_only_with_trigger.py for tasks to queue
[2023-02-16 21:04:47,178] {logging_mixin.py:104} INFO - [2023-02-16 21:04:47,178] {dagbag.py:496} INFO - Filling up the DagBag from /home/airflow/.local/lib/python3.6/site-packages/airflow/example_dags/example_latest_only_with_trigger.py
[2023-02-16 21:04:47,191] {scheduler_job.py:643} INFO - DAG(s) dict_keys(['latest_only_with_trigger']) retrieved from /home/airflow/.local/lib/python3.6/site-packages/airflow/example_dags/example_latest_only_with_trigger.py
[2023-02-16 21:04:47,217] {logging_mixin.py:104} INFO - [2023-02-16 21:04:47,216] {dag.py:1833} INFO - Sync 1 DAGs
[2023-02-16 21:04:47,234] {logging_mixin.py:104} INFO - [2023-02-16 21:04:47,234] {dag.py:2306} INFO - Setting next_dagrun for latest_only_with_trigger to 2023-02-14 00:00:00+00:00
[2023-02-16 21:04:47,245] {scheduler_job.py:190} INFO - Processing /home/airflow/.local/lib/python3.6/site-packages/airflow/example_dags/example_latest_only_with_trigger.py took 0.075 seconds
[2023-02-16 21:05:17,717] {scheduler_job.py:182} INFO - Started process (PID=2542) to work on /home/airflow/.local/lib/python3.6/site-packages/airflow/example_dags/example_latest_only_with_trigger.py
[2023-02-16 21:05:17,718] {scheduler_job.py:633} INFO - Processing file /home/airflow/.local/lib/python3.6/site-packages/airflow/example_dags/example_latest_only_with_trigger.py for tasks to queue
[2023-02-16 21:05:17,719] {logging_mixin.py:104} INFO - [2023-02-16 21:05:17,719] {dagbag.py:496} INFO - Filling up the DagBag from /home/airflow/.local/lib/python3.6/site-packages/airflow/example_dags/example_latest_only_with_trigger.py
[2023-02-16 21:05:17,733] {scheduler_job.py:643} INFO - DAG(s) dict_keys(['latest_only_with_trigger']) retrieved from /home/airflow/.local/lib/python3.6/site-packages/airflow/example_dags/example_latest_only_with_trigger.py
[2023-02-16 21:05:17,764] {logging_mixin.py:104} INFO - [2023-02-16 21:05:17,763] {dag.py:1833} INFO - Sync 1 DAGs
[2023-02-16 21:05:17,782] {logging_mixin.py:104} INFO - [2023-02-16 21:05:17,782] {dag.py:2306} INFO - Setting next_dagrun for latest_only_with_trigger to 2023-02-14 00:00:00+00:00
[2023-02-16 21:05:17,797] {scheduler_job.py:190} INFO - Processing /home/airflow/.local/lib/python3.6/site-packages/airflow/example_dags/example_latest_only_with_trigger.py took 0.083 seconds
[2023-02-16 21:05:48,455] {scheduler_job.py:182} INFO - Started process (PID=2593) to work on /home/airflow/.local/lib/python3.6/site-packages/airflow/example_dags/example_latest_only_with_trigger.py
[2023-02-16 21:05:48,456] {scheduler_job.py:633} INFO - Processing file /home/airflow/.local/lib/python3.6/site-packages/airflow/example_dags/example_latest_only_with_trigger.py for tasks to queue
[2023-02-16 21:05:48,456] {logging_mixin.py:104} INFO - [2023-02-16 21:05:48,456] {dagbag.py:496} INFO - Filling up the DagBag from /home/airflow/.local/lib/python3.6/site-packages/airflow/example_dags/example_latest_only_with_trigger.py
[2023-02-16 21:05:48,467] {scheduler_job.py:643} INFO - DAG(s) dict_keys(['latest_only_with_trigger']) retrieved from /home/airflow/.local/lib/python3.6/site-packages/airflow/example_dags/example_latest_only_with_trigger.py
[2023-02-16 21:05:48,486] {logging_mixin.py:104} INFO - [2023-02-16 21:05:48,486] {dag.py:1833} INFO - Sync 1 DAGs
[2023-02-16 21:05:48,500] {logging_mixin.py:104} INFO - [2023-02-16 21:05:48,500] {dag.py:2306} INFO - Setting next_dagrun for latest_only_with_trigger to 2023-02-14 00:00:00+00:00
[2023-02-16 21:05:48,508] {scheduler_job.py:190} INFO - Processing /home/airflow/.local/lib/python3.6/site-packages/airflow/example_dags/example_latest_only_with_trigger.py took 0.056 seconds
[2023-02-16 21:06:19,122] {scheduler_job.py:182} INFO - Started process (PID=2654) to work on /home/airflow/.local/lib/python3.6/site-packages/airflow/example_dags/example_latest_only_with_trigger.py
[2023-02-16 21:06:19,123] {scheduler_job.py:633} INFO - Processing file /home/airflow/.local/lib/python3.6/site-packages/airflow/example_dags/example_latest_only_with_trigger.py for tasks to queue
[2023-02-16 21:06:19,123] {logging_mixin.py:104} INFO - [2023-02-16 21:06:19,123] {dagbag.py:496} INFO - Filling up the DagBag from /home/airflow/.local/lib/python3.6/site-packages/airflow/example_dags/example_latest_only_with_trigger.py
[2023-02-16 21:06:19,136] {scheduler_job.py:643} INFO - DAG(s) dict_keys(['latest_only_with_trigger']) retrieved from /home/airflow/.local/lib/python3.6/site-packages/airflow/example_dags/example_latest_only_with_trigger.py
[2023-02-16 21:06:19,159] {logging_mixin.py:104} INFO - [2023-02-16 21:06:19,159] {dag.py:1833} INFO - Sync 1 DAGs
[2023-02-16 21:06:19,176] {logging_mixin.py:104} INFO - [2023-02-16 21:06:19,175] {dag.py:2306} INFO - Setting next_dagrun for latest_only_with_trigger to 2023-02-14 00:00:00+00:00
[2023-02-16 21:06:19,184] {scheduler_job.py:190} INFO - Processing /home/airflow/.local/lib/python3.6/site-packages/airflow/example_dags/example_latest_only_with_trigger.py took 0.066 seconds
[2023-02-16 21:06:49,703] {scheduler_job.py:182} INFO - Started process (PID=2705) to work on /home/airflow/.local/lib/python3.6/site-packages/airflow/example_dags/example_latest_only_with_trigger.py
[2023-02-16 21:06:49,704] {scheduler_job.py:633} INFO - Processing file /home/airflow/.local/lib/python3.6/site-packages/airflow/example_dags/example_latest_only_with_trigger.py for tasks to queue
[2023-02-16 21:06:49,704] {logging_mixin.py:104} INFO - [2023-02-16 21:06:49,704] {dagbag.py:496} INFO - Filling up the DagBag from /home/airflow/.local/lib/python3.6/site-packages/airflow/example_dags/example_latest_only_with_trigger.py
[2023-02-16 21:06:49,716] {scheduler_job.py:643} INFO - DAG(s) dict_keys(['latest_only_with_trigger']) retrieved from /home/airflow/.local/lib/python3.6/site-packages/airflow/example_dags/example_latest_only_with_trigger.py
[2023-02-16 21:06:49,752] {logging_mixin.py:104} INFO - [2023-02-16 21:06:49,752] {dag.py:1833} INFO - Sync 1 DAGs
[2023-02-16 21:06:49,788] {logging_mixin.py:104} INFO - [2023-02-16 21:06:49,788] {dag.py:2306} INFO - Setting next_dagrun for latest_only_with_trigger to 2023-02-14 00:00:00+00:00
[2023-02-16 21:06:49,797] {scheduler_job.py:190} INFO - Processing /home/airflow/.local/lib/python3.6/site-packages/airflow/example_dags/example_latest_only_with_trigger.py took 0.098 seconds
[2023-02-16 21:07:20,362] {scheduler_job.py:182} INFO - Started process (PID=2766) to work on /home/airflow/.local/lib/python3.6/site-packages/airflow/example_dags/example_latest_only_with_trigger.py
[2023-02-16 21:07:20,363] {scheduler_job.py:633} INFO - Processing file /home/airflow/.local/lib/python3.6/site-packages/airflow/example_dags/example_latest_only_with_trigger.py for tasks to queue
[2023-02-16 21:07:20,364] {logging_mixin.py:104} INFO - [2023-02-16 21:07:20,364] {dagbag.py:496} INFO - Filling up the DagBag from /home/airflow/.local/lib/python3.6/site-packages/airflow/example_dags/example_latest_only_with_trigger.py
[2023-02-16 21:07:20,373] {scheduler_job.py:643} INFO - DAG(s) dict_keys(['latest_only_with_trigger']) retrieved from /home/airflow/.local/lib/python3.6/site-packages/airflow/example_dags/example_latest_only_with_trigger.py
[2023-02-16 21:07:20,392] {logging_mixin.py:104} INFO - [2023-02-16 21:07:20,392] {dag.py:1833} INFO - Sync 1 DAGs
[2023-02-16 21:07:20,406] {logging_mixin.py:104} INFO - [2023-02-16 21:07:20,406] {dag.py:2306} INFO - Setting next_dagrun for latest_only_with_trigger to 2023-02-14 00:00:00+00:00
[2023-02-16 21:07:20,414] {scheduler_job.py:190} INFO - Processing /home/airflow/.local/lib/python3.6/site-packages/airflow/example_dags/example_latest_only_with_trigger.py took 0.054 seconds
[2023-02-16 21:07:50,819] {scheduler_job.py:182} INFO - Started process (PID=2826) to work on /home/airflow/.local/lib/python3.6/site-packages/airflow/example_dags/example_latest_only_with_trigger.py
[2023-02-16 21:07:50,820] {scheduler_job.py:633} INFO - Processing file /home/airflow/.local/lib/python3.6/site-packages/airflow/example_dags/example_latest_only_with_trigger.py for tasks to queue
[2023-02-16 21:07:50,821] {logging_mixin.py:104} INFO - [2023-02-16 21:07:50,821] {dagbag.py:496} INFO - Filling up the DagBag from /home/airflow/.local/lib/python3.6/site-packages/airflow/example_dags/example_latest_only_with_trigger.py
[2023-02-16 21:07:50,833] {scheduler_job.py:643} INFO - DAG(s) dict_keys(['latest_only_with_trigger']) retrieved from /home/airflow/.local/lib/python3.6/site-packages/airflow/example_dags/example_latest_only_with_trigger.py
[2023-02-16 21:07:50,857] {logging_mixin.py:104} INFO - [2023-02-16 21:07:50,857] {dag.py:1833} INFO - Sync 1 DAGs
[2023-02-16 21:07:50,889] {logging_mixin.py:104} INFO - [2023-02-16 21:07:50,889] {dag.py:2306} INFO - Setting next_dagrun for latest_only_with_trigger to 2023-02-14 00:00:00+00:00
[2023-02-16 21:07:50,900] {scheduler_job.py:190} INFO - Processing /home/airflow/.local/lib/python3.6/site-packages/airflow/example_dags/example_latest_only_with_trigger.py took 0.083 seconds
[2023-02-16 21:08:21,554] {scheduler_job.py:182} INFO - Started process (PID=2878) to work on /home/airflow/.local/lib/python3.6/site-packages/airflow/example_dags/example_latest_only_with_trigger.py
[2023-02-16 21:08:21,556] {scheduler_job.py:633} INFO - Processing file /home/airflow/.local/lib/python3.6/site-packages/airflow/example_dags/example_latest_only_with_trigger.py for tasks to queue
[2023-02-16 21:08:21,557] {logging_mixin.py:104} INFO - [2023-02-16 21:08:21,557] {dagbag.py:496} INFO - Filling up the DagBag from /home/airflow/.local/lib/python3.6/site-packages/airflow/example_dags/example_latest_only_with_trigger.py
[2023-02-16 21:08:21,568] {scheduler_job.py:643} INFO - DAG(s) dict_keys(['latest_only_with_trigger']) retrieved from /home/airflow/.local/lib/python3.6/site-packages/airflow/example_dags/example_latest_only_with_trigger.py
[2023-02-16 21:08:21,588] {logging_mixin.py:104} INFO - [2023-02-16 21:08:21,588] {dag.py:1833} INFO - Sync 1 DAGs
[2023-02-16 21:08:21,603] {logging_mixin.py:104} INFO - [2023-02-16 21:08:21,603] {dag.py:2306} INFO - Setting next_dagrun for latest_only_with_trigger to 2023-02-14 00:00:00+00:00
[2023-02-16 21:08:21,613] {scheduler_job.py:190} INFO - Processing /home/airflow/.local/lib/python3.6/site-packages/airflow/example_dags/example_latest_only_with_trigger.py took 0.061 seconds
[2023-02-16 21:08:51,827] {scheduler_job.py:182} INFO - Started process (PID=2937) to work on /home/airflow/.local/lib/python3.6/site-packages/airflow/example_dags/example_latest_only_with_trigger.py
[2023-02-16 21:08:51,828] {scheduler_job.py:633} INFO - Processing file /home/airflow/.local/lib/python3.6/site-packages/airflow/example_dags/example_latest_only_with_trigger.py for tasks to queue
[2023-02-16 21:08:51,828] {logging_mixin.py:104} INFO - [2023-02-16 21:08:51,828] {dagbag.py:496} INFO - Filling up the DagBag from /home/airflow/.local/lib/python3.6/site-packages/airflow/example_dags/example_latest_only_with_trigger.py
[2023-02-16 21:08:51,841] {scheduler_job.py:643} INFO - DAG(s) dict_keys(['latest_only_with_trigger']) retrieved from /home/airflow/.local/lib/python3.6/site-packages/airflow/example_dags/example_latest_only_with_trigger.py
[2023-02-16 21:08:51,865] {logging_mixin.py:104} INFO - [2023-02-16 21:08:51,864] {dag.py:1833} INFO - Sync 1 DAGs
[2023-02-16 21:08:51,885] {logging_mixin.py:104} INFO - [2023-02-16 21:08:51,885] {dag.py:2306} INFO - Setting next_dagrun for latest_only_with_trigger to 2023-02-14 00:00:00+00:00
[2023-02-16 21:08:51,897] {scheduler_job.py:190} INFO - Processing /home/airflow/.local/lib/python3.6/site-packages/airflow/example_dags/example_latest_only_with_trigger.py took 0.074 seconds
[2023-02-16 21:09:22,106] {scheduler_job.py:182} INFO - Started process (PID=2987) to work on /home/airflow/.local/lib/python3.6/site-packages/airflow/example_dags/example_latest_only_with_trigger.py
[2023-02-16 21:09:22,107] {scheduler_job.py:633} INFO - Processing file /home/airflow/.local/lib/python3.6/site-packages/airflow/example_dags/example_latest_only_with_trigger.py for tasks to queue
[2023-02-16 21:09:22,108] {logging_mixin.py:104} INFO - [2023-02-16 21:09:22,108] {dagbag.py:496} INFO - Filling up the DagBag from /home/airflow/.local/lib/python3.6/site-packages/airflow/example_dags/example_latest_only_with_trigger.py
[2023-02-16 21:09:22,118] {scheduler_job.py:643} INFO - DAG(s) dict_keys(['latest_only_with_trigger']) retrieved from /home/airflow/.local/lib/python3.6/site-packages/airflow/example_dags/example_latest_only_with_trigger.py
[2023-02-16 21:09:22,205] {logging_mixin.py:104} INFO - [2023-02-16 21:09:22,204] {dag.py:1833} INFO - Sync 1 DAGs
[2023-02-16 21:09:22,217] {logging_mixin.py:104} INFO - [2023-02-16 21:09:22,217] {dag.py:2306} INFO - Setting next_dagrun for latest_only_with_trigger to 2023-02-14 00:00:00+00:00
[2023-02-16 21:09:22,225] {scheduler_job.py:190} INFO - Processing /home/airflow/.local/lib/python3.6/site-packages/airflow/example_dags/example_latest_only_with_trigger.py took 0.121 seconds
[2023-02-16 21:09:52,593] {scheduler_job.py:182} INFO - Started process (PID=3047) to work on /home/airflow/.local/lib/python3.6/site-packages/airflow/example_dags/example_latest_only_with_trigger.py
[2023-02-16 21:09:52,594] {scheduler_job.py:633} INFO - Processing file /home/airflow/.local/lib/python3.6/site-packages/airflow/example_dags/example_latest_only_with_trigger.py for tasks to queue
[2023-02-16 21:09:52,594] {logging_mixin.py:104} INFO - [2023-02-16 21:09:52,594] {dagbag.py:496} INFO - Filling up the DagBag from /home/airflow/.local/lib/python3.6/site-packages/airflow/example_dags/example_latest_only_with_trigger.py
[2023-02-16 21:09:52,605] {scheduler_job.py:643} INFO - DAG(s) dict_keys(['latest_only_with_trigger']) retrieved from /home/airflow/.local/lib/python3.6/site-packages/airflow/example_dags/example_latest_only_with_trigger.py
[2023-02-16 21:09:52,625] {logging_mixin.py:104} INFO - [2023-02-16 21:09:52,625] {dag.py:1833} INFO - Sync 1 DAGs
[2023-02-16 21:09:52,638] {logging_mixin.py:104} INFO - [2023-02-16 21:09:52,638] {dag.py:2306} INFO - Setting next_dagrun for latest_only_with_trigger to 2023-02-14 00:00:00+00:00
[2023-02-16 21:09:52,645] {scheduler_job.py:190} INFO - Processing /home/airflow/.local/lib/python3.6/site-packages/airflow/example_dags/example_latest_only_with_trigger.py took 0.055 seconds
[2023-02-16 21:10:22,678] {scheduler_job.py:182} INFO - Started process (PID=3098) to work on /home/airflow/.local/lib/python3.6/site-packages/airflow/example_dags/example_latest_only_with_trigger.py
[2023-02-16 21:10:22,679] {scheduler_job.py:633} INFO - Processing file /home/airflow/.local/lib/python3.6/site-packages/airflow/example_dags/example_latest_only_with_trigger.py for tasks to queue
[2023-02-16 21:10:22,680] {logging_mixin.py:104} INFO - [2023-02-16 21:10:22,680] {dagbag.py:496} INFO - Filling up the DagBag from /home/airflow/.local/lib/python3.6/site-packages/airflow/example_dags/example_latest_only_with_trigger.py
[2023-02-16 21:10:22,691] {scheduler_job.py:643} INFO - DAG(s) dict_keys(['latest_only_with_trigger']) retrieved from /home/airflow/.local/lib/python3.6/site-packages/airflow/example_dags/example_latest_only_with_trigger.py
[2023-02-16 21:10:22,713] {logging_mixin.py:104} INFO - [2023-02-16 21:10:22,713] {dag.py:1833} INFO - Sync 1 DAGs
[2023-02-16 21:10:22,726] {logging_mixin.py:104} INFO - [2023-02-16 21:10:22,726] {dag.py:2306} INFO - Setting next_dagrun for latest_only_with_trigger to 2023-02-14 00:00:00+00:00
[2023-02-16 21:10:22,734] {scheduler_job.py:190} INFO - Processing /home/airflow/.local/lib/python3.6/site-packages/airflow/example_dags/example_latest_only_with_trigger.py took 0.058 seconds
[2023-02-16 21:10:53,504] {scheduler_job.py:182} INFO - Started process (PID=3158) to work on /home/airflow/.local/lib/python3.6/site-packages/airflow/example_dags/example_latest_only_with_trigger.py
[2023-02-16 21:10:53,507] {scheduler_job.py:633} INFO - Processing file /home/airflow/.local/lib/python3.6/site-packages/airflow/example_dags/example_latest_only_with_trigger.py for tasks to queue
[2023-02-16 21:10:53,507] {logging_mixin.py:104} INFO - [2023-02-16 21:10:53,507] {dagbag.py:496} INFO - Filling up the DagBag from /home/airflow/.local/lib/python3.6/site-packages/airflow/example_dags/example_latest_only_with_trigger.py
[2023-02-16 21:10:53,519] {scheduler_job.py:643} INFO - DAG(s) dict_keys(['latest_only_with_trigger']) retrieved from /home/airflow/.local/lib/python3.6/site-packages/airflow/example_dags/example_latest_only_with_trigger.py
[2023-02-16 21:10:53,597] {logging_mixin.py:104} INFO - [2023-02-16 21:10:53,597] {dag.py:1833} INFO - Sync 1 DAGs
[2023-02-16 21:10:53,613] {logging_mixin.py:104} INFO - [2023-02-16 21:10:53,613] {dag.py:2306} INFO - Setting next_dagrun for latest_only_with_trigger to 2023-02-14 00:00:00+00:00
[2023-02-16 21:10:53,623] {scheduler_job.py:190} INFO - Processing /home/airflow/.local/lib/python3.6/site-packages/airflow/example_dags/example_latest_only_with_trigger.py took 0.122 seconds
[2023-02-16 21:11:23,972] {scheduler_job.py:182} INFO - Started process (PID=3210) to work on /home/airflow/.local/lib/python3.6/site-packages/airflow/example_dags/example_latest_only_with_trigger.py
[2023-02-16 21:11:23,973] {scheduler_job.py:633} INFO - Processing file /home/airflow/.local/lib/python3.6/site-packages/airflow/example_dags/example_latest_only_with_trigger.py for tasks to queue
[2023-02-16 21:11:23,974] {logging_mixin.py:104} INFO - [2023-02-16 21:11:23,973] {dagbag.py:496} INFO - Filling up the DagBag from /home/airflow/.local/lib/python3.6/site-packages/airflow/example_dags/example_latest_only_with_trigger.py
[2023-02-16 21:11:23,985] {scheduler_job.py:643} INFO - DAG(s) dict_keys(['latest_only_with_trigger']) retrieved from /home/airflow/.local/lib/python3.6/site-packages/airflow/example_dags/example_latest_only_with_trigger.py
[2023-02-16 21:11:24,008] {logging_mixin.py:104} INFO - [2023-02-16 21:11:24,007] {dag.py:1833} INFO - Sync 1 DAGs
[2023-02-16 21:11:24,023] {logging_mixin.py:104} INFO - [2023-02-16 21:11:24,023] {dag.py:2306} INFO - Setting next_dagrun for latest_only_with_trigger to 2023-02-14 00:00:00+00:00
[2023-02-16 21:11:24,033] {scheduler_job.py:190} INFO - Processing /home/airflow/.local/lib/python3.6/site-packages/airflow/example_dags/example_latest_only_with_trigger.py took 0.063 seconds
[2023-02-16 21:11:54,625] {scheduler_job.py:182} INFO - Started process (PID=3261) to work on /home/airflow/.local/lib/python3.6/site-packages/airflow/example_dags/example_latest_only_with_trigger.py
[2023-02-16 21:11:54,626] {scheduler_job.py:633} INFO - Processing file /home/airflow/.local/lib/python3.6/site-packages/airflow/example_dags/example_latest_only_with_trigger.py for tasks to queue
[2023-02-16 21:11:54,626] {logging_mixin.py:104} INFO - [2023-02-16 21:11:54,626] {dagbag.py:496} INFO - Filling up the DagBag from /home/airflow/.local/lib/python3.6/site-packages/airflow/example_dags/example_latest_only_with_trigger.py
[2023-02-16 21:11:54,638] {scheduler_job.py:643} INFO - DAG(s) dict_keys(['latest_only_with_trigger']) retrieved from /home/airflow/.local/lib/python3.6/site-packages/airflow/example_dags/example_latest_only_with_trigger.py
[2023-02-16 21:11:54,661] {logging_mixin.py:104} INFO - [2023-02-16 21:11:54,661] {dag.py:1833} INFO - Sync 1 DAGs
[2023-02-16 21:11:54,675] {logging_mixin.py:104} INFO - [2023-02-16 21:11:54,674] {dag.py:2306} INFO - Setting next_dagrun for latest_only_with_trigger to 2023-02-14 00:00:00+00:00
[2023-02-16 21:11:54,683] {scheduler_job.py:190} INFO - Processing /home/airflow/.local/lib/python3.6/site-packages/airflow/example_dags/example_latest_only_with_trigger.py took 0.061 seconds
[2023-02-16 21:12:24,915] {scheduler_job.py:182} INFO - Started process (PID=3322) to work on /home/airflow/.local/lib/python3.6/site-packages/airflow/example_dags/example_latest_only_with_trigger.py
[2023-02-16 21:12:24,915] {scheduler_job.py:633} INFO - Processing file /home/airflow/.local/lib/python3.6/site-packages/airflow/example_dags/example_latest_only_with_trigger.py for tasks to queue
[2023-02-16 21:12:24,916] {logging_mixin.py:104} INFO - [2023-02-16 21:12:24,916] {dagbag.py:496} INFO - Filling up the DagBag from /home/airflow/.local/lib/python3.6/site-packages/airflow/example_dags/example_latest_only_with_trigger.py
[2023-02-16 21:12:24,927] {scheduler_job.py:643} INFO - DAG(s) dict_keys(['latest_only_with_trigger']) retrieved from /home/airflow/.local/lib/python3.6/site-packages/airflow/example_dags/example_latest_only_with_trigger.py
[2023-02-16 21:12:24,946] {logging_mixin.py:104} INFO - [2023-02-16 21:12:24,946] {dag.py:1833} INFO - Sync 1 DAGs
[2023-02-16 21:12:24,960] {logging_mixin.py:104} INFO - [2023-02-16 21:12:24,960] {dag.py:2306} INFO - Setting next_dagrun for latest_only_with_trigger to 2023-02-14 00:00:00+00:00
[2023-02-16 21:12:24,969] {scheduler_job.py:190} INFO - Processing /home/airflow/.local/lib/python3.6/site-packages/airflow/example_dags/example_latest_only_with_trigger.py took 0.057 seconds
[2023-02-16 21:12:55,521] {scheduler_job.py:182} INFO - Started process (PID=3373) to work on /home/airflow/.local/lib/python3.6/site-packages/airflow/example_dags/example_latest_only_with_trigger.py
[2023-02-16 21:12:55,524] {scheduler_job.py:633} INFO - Processing file /home/airflow/.local/lib/python3.6/site-packages/airflow/example_dags/example_latest_only_with_trigger.py for tasks to queue
[2023-02-16 21:12:55,524] {logging_mixin.py:104} INFO - [2023-02-16 21:12:55,524] {dagbag.py:496} INFO - Filling up the DagBag from /home/airflow/.local/lib/python3.6/site-packages/airflow/example_dags/example_latest_only_with_trigger.py
[2023-02-16 21:12:55,592] {scheduler_job.py:643} INFO - DAG(s) dict_keys(['latest_only_with_trigger']) retrieved from /home/airflow/.local/lib/python3.6/site-packages/airflow/example_dags/example_latest_only_with_trigger.py
[2023-02-16 21:12:55,688] {logging_mixin.py:104} INFO - [2023-02-16 21:12:55,688] {dag.py:1833} INFO - Sync 1 DAGs
[2023-02-16 21:12:55,718] {logging_mixin.py:104} INFO - [2023-02-16 21:12:55,718] {dag.py:2306} INFO - Setting next_dagrun for latest_only_with_trigger to 2023-02-14 00:00:00+00:00
[2023-02-16 21:12:55,790] {scheduler_job.py:190} INFO - Processing /home/airflow/.local/lib/python3.6/site-packages/airflow/example_dags/example_latest_only_with_trigger.py took 0.277 seconds
[2023-02-16 21:13:26,050] {scheduler_job.py:182} INFO - Started process (PID=3434) to work on /home/airflow/.local/lib/python3.6/site-packages/airflow/example_dags/example_latest_only_with_trigger.py
[2023-02-16 21:13:26,051] {scheduler_job.py:633} INFO - Processing file /home/airflow/.local/lib/python3.6/site-packages/airflow/example_dags/example_latest_only_with_trigger.py for tasks to queue
[2023-02-16 21:13:26,052] {logging_mixin.py:104} INFO - [2023-02-16 21:13:26,052] {dagbag.py:496} INFO - Filling up the DagBag from /home/airflow/.local/lib/python3.6/site-packages/airflow/example_dags/example_latest_only_with_trigger.py
[2023-02-16 21:13:26,062] {scheduler_job.py:643} INFO - DAG(s) dict_keys(['latest_only_with_trigger']) retrieved from /home/airflow/.local/lib/python3.6/site-packages/airflow/example_dags/example_latest_only_with_trigger.py
[2023-02-16 21:13:26,081] {logging_mixin.py:104} INFO - [2023-02-16 21:13:26,081] {dag.py:1833} INFO - Sync 1 DAGs
[2023-02-16 21:13:26,096] {logging_mixin.py:104} INFO - [2023-02-16 21:13:26,096] {dag.py:2306} INFO - Setting next_dagrun for latest_only_with_trigger to 2023-02-14 00:00:00+00:00
[2023-02-16 21:13:26,105] {scheduler_job.py:190} INFO - Processing /home/airflow/.local/lib/python3.6/site-packages/airflow/example_dags/example_latest_only_with_trigger.py took 0.058 seconds
[2023-02-16 21:13:56,494] {scheduler_job.py:182} INFO - Started process (PID=3485) to work on /home/airflow/.local/lib/python3.6/site-packages/airflow/example_dags/example_latest_only_with_trigger.py
[2023-02-16 21:13:56,495] {scheduler_job.py:633} INFO - Processing file /home/airflow/.local/lib/python3.6/site-packages/airflow/example_dags/example_latest_only_with_trigger.py for tasks to queue
[2023-02-16 21:13:56,495] {logging_mixin.py:104} INFO - [2023-02-16 21:13:56,495] {dagbag.py:496} INFO - Filling up the DagBag from /home/airflow/.local/lib/python3.6/site-packages/airflow/example_dags/example_latest_only_with_trigger.py
[2023-02-16 21:13:56,505] {scheduler_job.py:643} INFO - DAG(s) dict_keys(['latest_only_with_trigger']) retrieved from /home/airflow/.local/lib/python3.6/site-packages/airflow/example_dags/example_latest_only_with_trigger.py
[2023-02-16 21:13:56,523] {logging_mixin.py:104} INFO - [2023-02-16 21:13:56,523] {dag.py:1833} INFO - Sync 1 DAGs
[2023-02-16 21:13:56,537] {logging_mixin.py:104} INFO - [2023-02-16 21:13:56,537] {dag.py:2306} INFO - Setting next_dagrun for latest_only_with_trigger to 2023-02-14 00:00:00+00:00
[2023-02-16 21:13:56,544] {scheduler_job.py:190} INFO - Processing /home/airflow/.local/lib/python3.6/site-packages/airflow/example_dags/example_latest_only_with_trigger.py took 0.053 seconds
[2023-02-16 21:14:26,937] {scheduler_job.py:182} INFO - Started process (PID=3546) to work on /home/airflow/.local/lib/python3.6/site-packages/airflow/example_dags/example_latest_only_with_trigger.py
[2023-02-16 21:14:26,938] {scheduler_job.py:633} INFO - Processing file /home/airflow/.local/lib/python3.6/site-packages/airflow/example_dags/example_latest_only_with_trigger.py for tasks to queue
[2023-02-16 21:14:26,938] {logging_mixin.py:104} INFO - [2023-02-16 21:14:26,938] {dagbag.py:496} INFO - Filling up the DagBag from /home/airflow/.local/lib/python3.6/site-packages/airflow/example_dags/example_latest_only_with_trigger.py
[2023-02-16 21:14:26,948] {scheduler_job.py:643} INFO - DAG(s) dict_keys(['latest_only_with_trigger']) retrieved from /home/airflow/.local/lib/python3.6/site-packages/airflow/example_dags/example_latest_only_with_trigger.py
[2023-02-16 21:14:26,968] {logging_mixin.py:104} INFO - [2023-02-16 21:14:26,968] {dag.py:1833} INFO - Sync 1 DAGs
[2023-02-16 21:14:26,982] {logging_mixin.py:104} INFO - [2023-02-16 21:14:26,982] {dag.py:2306} INFO - Setting next_dagrun for latest_only_with_trigger to 2023-02-14 00:00:00+00:00
[2023-02-16 21:14:26,992] {scheduler_job.py:190} INFO - Processing /home/airflow/.local/lib/python3.6/site-packages/airflow/example_dags/example_latest_only_with_trigger.py took 0.057 seconds
[2023-02-16 21:14:57,185] {scheduler_job.py:182} INFO - Started process (PID=3597) to work on /home/airflow/.local/lib/python3.6/site-packages/airflow/example_dags/example_latest_only_with_trigger.py
[2023-02-16 21:14:57,186] {scheduler_job.py:633} INFO - Processing file /home/airflow/.local/lib/python3.6/site-packages/airflow/example_dags/example_latest_only_with_trigger.py for tasks to queue
[2023-02-16 21:14:57,186] {logging_mixin.py:104} INFO - [2023-02-16 21:14:57,186] {dagbag.py:496} INFO - Filling up the DagBag from /home/airflow/.local/lib/python3.6/site-packages/airflow/example_dags/example_latest_only_with_trigger.py
[2023-02-16 21:14:57,197] {scheduler_job.py:643} INFO - DAG(s) dict_keys(['latest_only_with_trigger']) retrieved from /home/airflow/.local/lib/python3.6/site-packages/airflow/example_dags/example_latest_only_with_trigger.py
[2023-02-16 21:14:57,217] {logging_mixin.py:104} INFO - [2023-02-16 21:14:57,217] {dag.py:1833} INFO - Sync 1 DAGs
[2023-02-16 21:14:57,230] {logging_mixin.py:104} INFO - [2023-02-16 21:14:57,230] {dag.py:2306} INFO - Setting next_dagrun for latest_only_with_trigger to 2023-02-14 00:00:00+00:00
[2023-02-16 21:14:57,239] {scheduler_job.py:190} INFO - Processing /home/airflow/.local/lib/python3.6/site-packages/airflow/example_dags/example_latest_only_with_trigger.py took 0.057 seconds
[2023-02-16 21:15:27,632] {scheduler_job.py:182} INFO - Started process (PID=3658) to work on /home/airflow/.local/lib/python3.6/site-packages/airflow/example_dags/example_latest_only_with_trigger.py
[2023-02-16 21:15:27,633] {scheduler_job.py:633} INFO - Processing file /home/airflow/.local/lib/python3.6/site-packages/airflow/example_dags/example_latest_only_with_trigger.py for tasks to queue
[2023-02-16 21:15:27,633] {logging_mixin.py:104} INFO - [2023-02-16 21:15:27,633] {dagbag.py:496} INFO - Filling up the DagBag from /home/airflow/.local/lib/python3.6/site-packages/airflow/example_dags/example_latest_only_with_trigger.py
[2023-02-16 21:15:27,642] {scheduler_job.py:643} INFO - DAG(s) dict_keys(['latest_only_with_trigger']) retrieved from /home/airflow/.local/lib/python3.6/site-packages/airflow/example_dags/example_latest_only_with_trigger.py
[2023-02-16 21:15:27,658] {logging_mixin.py:104} INFO - [2023-02-16 21:15:27,658] {dag.py:1833} INFO - Sync 1 DAGs
[2023-02-16 21:15:27,672] {logging_mixin.py:104} INFO - [2023-02-16 21:15:27,672] {dag.py:2306} INFO - Setting next_dagrun for latest_only_with_trigger to 2023-02-14 00:00:00+00:00
[2023-02-16 21:15:27,680] {scheduler_job.py:190} INFO - Processing /home/airflow/.local/lib/python3.6/site-packages/airflow/example_dags/example_latest_only_with_trigger.py took 0.049 seconds
[2023-02-16 21:15:58,204] {scheduler_job.py:182} INFO - Started process (PID=3709) to work on /home/airflow/.local/lib/python3.6/site-packages/airflow/example_dags/example_latest_only_with_trigger.py
[2023-02-16 21:15:58,205] {scheduler_job.py:633} INFO - Processing file /home/airflow/.local/lib/python3.6/site-packages/airflow/example_dags/example_latest_only_with_trigger.py for tasks to queue
[2023-02-16 21:15:58,205] {logging_mixin.py:104} INFO - [2023-02-16 21:15:58,205] {dagbag.py:496} INFO - Filling up the DagBag from /home/airflow/.local/lib/python3.6/site-packages/airflow/example_dags/example_latest_only_with_trigger.py
[2023-02-16 21:15:58,216] {scheduler_job.py:643} INFO - DAG(s) dict_keys(['latest_only_with_trigger']) retrieved from /home/airflow/.local/lib/python3.6/site-packages/airflow/example_dags/example_latest_only_with_trigger.py
[2023-02-16 21:15:58,240] {logging_mixin.py:104} INFO - [2023-02-16 21:15:58,240] {dag.py:1833} INFO - Sync 1 DAGs
[2023-02-16 21:15:58,256] {logging_mixin.py:104} INFO - [2023-02-16 21:15:58,255] {dag.py:2306} INFO - Setting next_dagrun for latest_only_with_trigger to 2023-02-14 00:00:00+00:00
[2023-02-16 21:15:58,266] {scheduler_job.py:190} INFO - Processing /home/airflow/.local/lib/python3.6/site-packages/airflow/example_dags/example_latest_only_with_trigger.py took 0.065 seconds
[2023-02-16 21:16:28,629] {scheduler_job.py:182} INFO - Started process (PID=3770) to work on /home/airflow/.local/lib/python3.6/site-packages/airflow/example_dags/example_latest_only_with_trigger.py
[2023-02-16 21:16:28,629] {scheduler_job.py:633} INFO - Processing file /home/airflow/.local/lib/python3.6/site-packages/airflow/example_dags/example_latest_only_with_trigger.py for tasks to queue
[2023-02-16 21:16:28,630] {logging_mixin.py:104} INFO - [2023-02-16 21:16:28,630] {dagbag.py:496} INFO - Filling up the DagBag from /home/airflow/.local/lib/python3.6/site-packages/airflow/example_dags/example_latest_only_with_trigger.py
[2023-02-16 21:16:28,640] {scheduler_job.py:643} INFO - DAG(s) dict_keys(['latest_only_with_trigger']) retrieved from /home/airflow/.local/lib/python3.6/site-packages/airflow/example_dags/example_latest_only_with_trigger.py
[2023-02-16 21:16:28,657] {logging_mixin.py:104} INFO - [2023-02-16 21:16:28,657] {dag.py:1833} INFO - Sync 1 DAGs
[2023-02-16 21:16:28,670] {logging_mixin.py:104} INFO - [2023-02-16 21:16:28,670] {dag.py:2306} INFO - Setting next_dagrun for latest_only_with_trigger to 2023-02-14 00:00:00+00:00
[2023-02-16 21:16:28,677] {scheduler_job.py:190} INFO - Processing /home/airflow/.local/lib/python3.6/site-packages/airflow/example_dags/example_latest_only_with_trigger.py took 0.051 seconds
[2023-02-16 21:16:58,957] {scheduler_job.py:182} INFO - Started process (PID=3821) to work on /home/airflow/.local/lib/python3.6/site-packages/airflow/example_dags/example_latest_only_with_trigger.py
[2023-02-16 21:16:58,958] {scheduler_job.py:633} INFO - Processing file /home/airflow/.local/lib/python3.6/site-packages/airflow/example_dags/example_latest_only_with_trigger.py for tasks to queue
[2023-02-16 21:16:58,959] {logging_mixin.py:104} INFO - [2023-02-16 21:16:58,959] {dagbag.py:496} INFO - Filling up the DagBag from /home/airflow/.local/lib/python3.6/site-packages/airflow/example_dags/example_latest_only_with_trigger.py
[2023-02-16 21:16:58,971] {scheduler_job.py:643} INFO - DAG(s) dict_keys(['latest_only_with_trigger']) retrieved from /home/airflow/.local/lib/python3.6/site-packages/airflow/example_dags/example_latest_only_with_trigger.py
[2023-02-16 21:16:58,994] {logging_mixin.py:104} INFO - [2023-02-16 21:16:58,993] {dag.py:1833} INFO - Sync 1 DAGs
[2023-02-16 21:16:59,012] {logging_mixin.py:104} INFO - [2023-02-16 21:16:59,012] {dag.py:2306} INFO - Setting next_dagrun for latest_only_with_trigger to 2023-02-14 00:00:00+00:00
[2023-02-16 21:16:59,023] {scheduler_job.py:190} INFO - Processing /home/airflow/.local/lib/python3.6/site-packages/airflow/example_dags/example_latest_only_with_trigger.py took 0.069 seconds
[2023-02-16 21:17:29,484] {scheduler_job.py:182} INFO - Started process (PID=3882) to work on /home/airflow/.local/lib/python3.6/site-packages/airflow/example_dags/example_latest_only_with_trigger.py
[2023-02-16 21:17:29,485] {scheduler_job.py:633} INFO - Processing file /home/airflow/.local/lib/python3.6/site-packages/airflow/example_dags/example_latest_only_with_trigger.py for tasks to queue
[2023-02-16 21:17:29,485] {logging_mixin.py:104} INFO - [2023-02-16 21:17:29,485] {dagbag.py:496} INFO - Filling up the DagBag from /home/airflow/.local/lib/python3.6/site-packages/airflow/example_dags/example_latest_only_with_trigger.py
[2023-02-16 21:17:29,494] {scheduler_job.py:643} INFO - DAG(s) dict_keys(['latest_only_with_trigger']) retrieved from /home/airflow/.local/lib/python3.6/site-packages/airflow/example_dags/example_latest_only_with_trigger.py
[2023-02-16 21:17:29,510] {logging_mixin.py:104} INFO - [2023-02-16 21:17:29,510] {dag.py:1833} INFO - Sync 1 DAGs
[2023-02-16 21:17:29,522] {logging_mixin.py:104} INFO - [2023-02-16 21:17:29,522] {dag.py:2306} INFO - Setting next_dagrun for latest_only_with_trigger to 2023-02-14 00:00:00+00:00
[2023-02-16 21:17:29,529] {scheduler_job.py:190} INFO - Processing /home/airflow/.local/lib/python3.6/site-packages/airflow/example_dags/example_latest_only_with_trigger.py took 0.047 seconds
[2023-02-16 21:17:59,819] {scheduler_job.py:182} INFO - Started process (PID=3933) to work on /home/airflow/.local/lib/python3.6/site-packages/airflow/example_dags/example_latest_only_with_trigger.py
[2023-02-16 21:17:59,820] {scheduler_job.py:633} INFO - Processing file /home/airflow/.local/lib/python3.6/site-packages/airflow/example_dags/example_latest_only_with_trigger.py for tasks to queue
[2023-02-16 21:17:59,820] {logging_mixin.py:104} INFO - [2023-02-16 21:17:59,820] {dagbag.py:496} INFO - Filling up the DagBag from /home/airflow/.local/lib/python3.6/site-packages/airflow/example_dags/example_latest_only_with_trigger.py
[2023-02-16 21:17:59,830] {scheduler_job.py:643} INFO - DAG(s) dict_keys(['latest_only_with_trigger']) retrieved from /home/airflow/.local/lib/python3.6/site-packages/airflow/example_dags/example_latest_only_with_trigger.py
[2023-02-16 21:17:59,847] {logging_mixin.py:104} INFO - [2023-02-16 21:17:59,847] {dag.py:1833} INFO - Sync 1 DAGs
[2023-02-16 21:17:59,860] {logging_mixin.py:104} INFO - [2023-02-16 21:17:59,860] {dag.py:2306} INFO - Setting next_dagrun for latest_only_with_trigger to 2023-02-14 00:00:00+00:00
[2023-02-16 21:17:59,868] {scheduler_job.py:190} INFO - Processing /home/airflow/.local/lib/python3.6/site-packages/airflow/example_dags/example_latest_only_with_trigger.py took 0.051 seconds
[2023-02-16 21:18:30,311] {scheduler_job.py:182} INFO - Started process (PID=3994) to work on /home/airflow/.local/lib/python3.6/site-packages/airflow/example_dags/example_latest_only_with_trigger.py
[2023-02-16 21:18:30,312] {scheduler_job.py:633} INFO - Processing file /home/airflow/.local/lib/python3.6/site-packages/airflow/example_dags/example_latest_only_with_trigger.py for tasks to queue
[2023-02-16 21:18:30,313] {logging_mixin.py:104} INFO - [2023-02-16 21:18:30,313] {dagbag.py:496} INFO - Filling up the DagBag from /home/airflow/.local/lib/python3.6/site-packages/airflow/example_dags/example_latest_only_with_trigger.py
[2023-02-16 21:18:30,322] {scheduler_job.py:643} INFO - DAG(s) dict_keys(['latest_only_with_trigger']) retrieved from /home/airflow/.local/lib/python3.6/site-packages/airflow/example_dags/example_latest_only_with_trigger.py
[2023-02-16 21:18:30,340] {logging_mixin.py:104} INFO - [2023-02-16 21:18:30,340] {dag.py:1833} INFO - Sync 1 DAGs
[2023-02-16 21:18:30,354] {logging_mixin.py:104} INFO - [2023-02-16 21:18:30,354] {dag.py:2306} INFO - Setting next_dagrun for latest_only_with_trigger to 2023-02-14 00:00:00+00:00
[2023-02-16 21:18:30,362] {scheduler_job.py:190} INFO - Processing /home/airflow/.local/lib/python3.6/site-packages/airflow/example_dags/example_latest_only_with_trigger.py took 0.054 seconds
[2023-02-16 21:19:00,563] {scheduler_job.py:182} INFO - Started process (PID=4045) to work on /home/airflow/.local/lib/python3.6/site-packages/airflow/example_dags/example_latest_only_with_trigger.py
[2023-02-16 21:19:00,563] {scheduler_job.py:633} INFO - Processing file /home/airflow/.local/lib/python3.6/site-packages/airflow/example_dags/example_latest_only_with_trigger.py for tasks to queue
[2023-02-16 21:19:00,564] {logging_mixin.py:104} INFO - [2023-02-16 21:19:00,564] {dagbag.py:496} INFO - Filling up the DagBag from /home/airflow/.local/lib/python3.6/site-packages/airflow/example_dags/example_latest_only_with_trigger.py
[2023-02-16 21:19:00,573] {scheduler_job.py:643} INFO - DAG(s) dict_keys(['latest_only_with_trigger']) retrieved from /home/airflow/.local/lib/python3.6/site-packages/airflow/example_dags/example_latest_only_with_trigger.py
[2023-02-16 21:19:00,590] {logging_mixin.py:104} INFO - [2023-02-16 21:19:00,590] {dag.py:1833} INFO - Sync 1 DAGs
[2023-02-16 21:19:00,604] {logging_mixin.py:104} INFO - [2023-02-16 21:19:00,604] {dag.py:2306} INFO - Setting next_dagrun for latest_only_with_trigger to 2023-02-14 00:00:00+00:00
[2023-02-16 21:19:00,612] {scheduler_job.py:190} INFO - Processing /home/airflow/.local/lib/python3.6/site-packages/airflow/example_dags/example_latest_only_with_trigger.py took 0.051 seconds
[2023-02-16 21:19:31,111] {scheduler_job.py:182} INFO - Started process (PID=4106) to work on /home/airflow/.local/lib/python3.6/site-packages/airflow/example_dags/example_latest_only_with_trigger.py
[2023-02-16 21:19:31,112] {scheduler_job.py:633} INFO - Processing file /home/airflow/.local/lib/python3.6/site-packages/airflow/example_dags/example_latest_only_with_trigger.py for tasks to queue
[2023-02-16 21:19:31,112] {logging_mixin.py:104} INFO - [2023-02-16 21:19:31,112] {dagbag.py:496} INFO - Filling up the DagBag from /home/airflow/.local/lib/python3.6/site-packages/airflow/example_dags/example_latest_only_with_trigger.py
[2023-02-16 21:19:31,123] {scheduler_job.py:643} INFO - DAG(s) dict_keys(['latest_only_with_trigger']) retrieved from /home/airflow/.local/lib/python3.6/site-packages/airflow/example_dags/example_latest_only_with_trigger.py
[2023-02-16 21:19:31,141] {logging_mixin.py:104} INFO - [2023-02-16 21:19:31,141] {dag.py:1833} INFO - Sync 1 DAGs
[2023-02-16 21:19:31,155] {logging_mixin.py:104} INFO - [2023-02-16 21:19:31,155] {dag.py:2306} INFO - Setting next_dagrun for latest_only_with_trigger to 2023-02-14 00:00:00+00:00
[2023-02-16 21:19:31,163] {scheduler_job.py:190} INFO - Processing /home/airflow/.local/lib/python3.6/site-packages/airflow/example_dags/example_latest_only_with_trigger.py took 0.055 seconds
[2023-02-16 21:20:01,562] {scheduler_job.py:182} INFO - Started process (PID=4157) to work on /home/airflow/.local/lib/python3.6/site-packages/airflow/example_dags/example_latest_only_with_trigger.py
[2023-02-16 21:20:01,563] {scheduler_job.py:633} INFO - Processing file /home/airflow/.local/lib/python3.6/site-packages/airflow/example_dags/example_latest_only_with_trigger.py for tasks to queue
[2023-02-16 21:20:01,564] {logging_mixin.py:104} INFO - [2023-02-16 21:20:01,564] {dagbag.py:496} INFO - Filling up the DagBag from /home/airflow/.local/lib/python3.6/site-packages/airflow/example_dags/example_latest_only_with_trigger.py
[2023-02-16 21:20:01,574] {scheduler_job.py:643} INFO - DAG(s) dict_keys(['latest_only_with_trigger']) retrieved from /home/airflow/.local/lib/python3.6/site-packages/airflow/example_dags/example_latest_only_with_trigger.py
[2023-02-16 21:20:01,590] {logging_mixin.py:104} INFO - [2023-02-16 21:20:01,590] {dag.py:1833} INFO - Sync 1 DAGs
[2023-02-16 21:20:01,602] {logging_mixin.py:104} INFO - [2023-02-16 21:20:01,602] {dag.py:2306} INFO - Setting next_dagrun for latest_only_with_trigger to 2023-02-14 00:00:00+00:00
[2023-02-16 21:20:01,610] {scheduler_job.py:190} INFO - Processing /home/airflow/.local/lib/python3.6/site-packages/airflow/example_dags/example_latest_only_with_trigger.py took 0.050 seconds
[2023-02-16 21:20:32,036] {scheduler_job.py:182} INFO - Started process (PID=4218) to work on /home/airflow/.local/lib/python3.6/site-packages/airflow/example_dags/example_latest_only_with_trigger.py
[2023-02-16 21:20:32,037] {scheduler_job.py:633} INFO - Processing file /home/airflow/.local/lib/python3.6/site-packages/airflow/example_dags/example_latest_only_with_trigger.py for tasks to queue
[2023-02-16 21:20:32,037] {logging_mixin.py:104} INFO - [2023-02-16 21:20:32,037] {dagbag.py:496} INFO - Filling up the DagBag from /home/airflow/.local/lib/python3.6/site-packages/airflow/example_dags/example_latest_only_with_trigger.py
[2023-02-16 21:20:32,049] {scheduler_job.py:643} INFO - DAG(s) dict_keys(['latest_only_with_trigger']) retrieved from /home/airflow/.local/lib/python3.6/site-packages/airflow/example_dags/example_latest_only_with_trigger.py
[2023-02-16 21:20:32,070] {logging_mixin.py:104} INFO - [2023-02-16 21:20:32,070] {dag.py:1833} INFO - Sync 1 DAGs
[2023-02-16 21:20:32,098] {logging_mixin.py:104} INFO - [2023-02-16 21:20:32,098] {dag.py:2306} INFO - Setting next_dagrun for latest_only_with_trigger to 2023-02-14 00:00:00+00:00
[2023-02-16 21:20:32,109] {scheduler_job.py:190} INFO - Processing /home/airflow/.local/lib/python3.6/site-packages/airflow/example_dags/example_latest_only_with_trigger.py took 0.075 seconds
[2023-02-16 21:21:02,630] {scheduler_job.py:182} INFO - Started process (PID=4269) to work on /home/airflow/.local/lib/python3.6/site-packages/airflow/example_dags/example_latest_only_with_trigger.py
[2023-02-16 21:21:02,633] {scheduler_job.py:633} INFO - Processing file /home/airflow/.local/lib/python3.6/site-packages/airflow/example_dags/example_latest_only_with_trigger.py for tasks to queue
[2023-02-16 21:21:02,634] {logging_mixin.py:104} INFO - [2023-02-16 21:21:02,634] {dagbag.py:496} INFO - Filling up the DagBag from /home/airflow/.local/lib/python3.6/site-packages/airflow/example_dags/example_latest_only_with_trigger.py
[2023-02-16 21:21:02,662] {scheduler_job.py:643} INFO - DAG(s) dict_keys(['latest_only_with_trigger']) retrieved from /home/airflow/.local/lib/python3.6/site-packages/airflow/example_dags/example_latest_only_with_trigger.py
[2023-02-16 21:21:02,687] {logging_mixin.py:104} INFO - [2023-02-16 21:21:02,687] {dag.py:1833} INFO - Sync 1 DAGs
[2023-02-16 21:21:02,700] {logging_mixin.py:104} INFO - [2023-02-16 21:21:02,700] {dag.py:2306} INFO - Setting next_dagrun for latest_only_with_trigger to 2023-02-14 00:00:00+00:00
[2023-02-16 21:21:02,707] {scheduler_job.py:190} INFO - Processing /home/airflow/.local/lib/python3.6/site-packages/airflow/example_dags/example_latest_only_with_trigger.py took 0.082 seconds
[2023-02-16 21:21:32,749] {scheduler_job.py:182} INFO - Started process (PID=4330) to work on /home/airflow/.local/lib/python3.6/site-packages/airflow/example_dags/example_latest_only_with_trigger.py
[2023-02-16 21:21:32,750] {scheduler_job.py:633} INFO - Processing file /home/airflow/.local/lib/python3.6/site-packages/airflow/example_dags/example_latest_only_with_trigger.py for tasks to queue
[2023-02-16 21:21:32,751] {logging_mixin.py:104} INFO - [2023-02-16 21:21:32,751] {dagbag.py:496} INFO - Filling up the DagBag from /home/airflow/.local/lib/python3.6/site-packages/airflow/example_dags/example_latest_only_with_trigger.py
[2023-02-16 21:21:32,761] {scheduler_job.py:643} INFO - DAG(s) dict_keys(['latest_only_with_trigger']) retrieved from /home/airflow/.local/lib/python3.6/site-packages/airflow/example_dags/example_latest_only_with_trigger.py
[2023-02-16 21:21:32,781] {logging_mixin.py:104} INFO - [2023-02-16 21:21:32,781] {dag.py:1833} INFO - Sync 1 DAGs
[2023-02-16 21:21:32,795] {logging_mixin.py:104} INFO - [2023-02-16 21:21:32,795] {dag.py:2306} INFO - Setting next_dagrun for latest_only_with_trigger to 2023-02-14 00:00:00+00:00
[2023-02-16 21:21:32,803] {scheduler_job.py:190} INFO - Processing /home/airflow/.local/lib/python3.6/site-packages/airflow/example_dags/example_latest_only_with_trigger.py took 0.057 seconds
[2023-02-16 21:22:03,527] {scheduler_job.py:182} INFO - Started process (PID=4381) to work on /home/airflow/.local/lib/python3.6/site-packages/airflow/example_dags/example_latest_only_with_trigger.py
[2023-02-16 21:22:03,528] {scheduler_job.py:633} INFO - Processing file /home/airflow/.local/lib/python3.6/site-packages/airflow/example_dags/example_latest_only_with_trigger.py for tasks to queue
[2023-02-16 21:22:03,529] {logging_mixin.py:104} INFO - [2023-02-16 21:22:03,529] {dagbag.py:496} INFO - Filling up the DagBag from /home/airflow/.local/lib/python3.6/site-packages/airflow/example_dags/example_latest_only_with_trigger.py
[2023-02-16 21:22:03,542] {scheduler_job.py:643} INFO - DAG(s) dict_keys(['latest_only_with_trigger']) retrieved from /home/airflow/.local/lib/python3.6/site-packages/airflow/example_dags/example_latest_only_with_trigger.py
[2023-02-16 21:22:03,566] {logging_mixin.py:104} INFO - [2023-02-16 21:22:03,566] {dag.py:1833} INFO - Sync 1 DAGs
[2023-02-16 21:22:03,583] {logging_mixin.py:104} INFO - [2023-02-16 21:22:03,583] {dag.py:2306} INFO - Setting next_dagrun for latest_only_with_trigger to 2023-02-14 00:00:00+00:00
[2023-02-16 21:22:03,597] {scheduler_job.py:190} INFO - Processing /home/airflow/.local/lib/python3.6/site-packages/airflow/example_dags/example_latest_only_with_trigger.py took 0.073 seconds
