[2023-02-16 20:47:27,241] {scheduler_job.py:182} INFO - Started process (PID=436) to work on /home/airflow/.local/lib/python3.6/site-packages/airflow/example_dags/example_task_group.py
[2023-02-16 20:47:27,242] {scheduler_job.py:633} INFO - Processing file /home/airflow/.local/lib/python3.6/site-packages/airflow/example_dags/example_task_group.py for tasks to queue
[2023-02-16 20:47:27,243] {logging_mixin.py:104} INFO - [2023-02-16 20:47:27,243] {dagbag.py:496} INFO - Filling up the DagBag from /home/airflow/.local/lib/python3.6/site-packages/airflow/example_dags/example_task_group.py
[2023-02-16 20:47:27,297] {scheduler_job.py:643} INFO - DAG(s) dict_keys(['example_task_group']) retrieved from /home/airflow/.local/lib/python3.6/site-packages/airflow/example_dags/example_task_group.py
[2023-02-16 20:47:30,637] {logging_mixin.py:104} INFO - [2023-02-16 20:47:30,637] {dag.py:1833} INFO - Sync 1 DAGs
[2023-02-16 20:47:30,693] {logging_mixin.py:104} INFO - [2023-02-16 20:47:30,692] {dag.py:1852} INFO - Creating ORM DAG for example_task_group
[2023-02-16 20:47:30,699] {logging_mixin.py:104} INFO - [2023-02-16 20:47:30,698] {dag.py:2306} INFO - Setting next_dagrun for example_task_group to 2023-02-14 00:00:00+00:00
[2023-02-16 20:47:30,710] {scheduler_job.py:190} INFO - Processing /home/airflow/.local/lib/python3.6/site-packages/airflow/example_dags/example_task_group.py took 3.471 seconds
[2023-02-16 20:48:01,344] {scheduler_job.py:182} INFO - Started process (PID=674) to work on /home/airflow/.local/lib/python3.6/site-packages/airflow/example_dags/example_task_group.py
[2023-02-16 20:48:01,344] {scheduler_job.py:633} INFO - Processing file /home/airflow/.local/lib/python3.6/site-packages/airflow/example_dags/example_task_group.py for tasks to queue
[2023-02-16 20:48:01,345] {logging_mixin.py:104} INFO - [2023-02-16 20:48:01,345] {dagbag.py:496} INFO - Filling up the DagBag from /home/airflow/.local/lib/python3.6/site-packages/airflow/example_dags/example_task_group.py
[2023-02-16 20:48:01,357] {scheduler_job.py:643} INFO - DAG(s) dict_keys(['example_task_group']) retrieved from /home/airflow/.local/lib/python3.6/site-packages/airflow/example_dags/example_task_group.py
[2023-02-16 20:48:01,377] {logging_mixin.py:104} INFO - [2023-02-16 20:48:01,377] {dag.py:1833} INFO - Sync 1 DAGs
[2023-02-16 20:48:01,390] {logging_mixin.py:104} INFO - [2023-02-16 20:48:01,390] {dag.py:2306} INFO - Setting next_dagrun for example_task_group to 2023-02-14 00:00:00+00:00
[2023-02-16 20:48:01,398] {scheduler_job.py:190} INFO - Processing /home/airflow/.local/lib/python3.6/site-packages/airflow/example_dags/example_task_group.py took 0.057 seconds
[2023-02-16 20:48:32,258] {scheduler_job.py:182} INFO - Started process (PID=725) to work on /home/airflow/.local/lib/python3.6/site-packages/airflow/example_dags/example_task_group.py
[2023-02-16 20:48:32,259] {scheduler_job.py:633} INFO - Processing file /home/airflow/.local/lib/python3.6/site-packages/airflow/example_dags/example_task_group.py for tasks to queue
[2023-02-16 20:48:32,260] {logging_mixin.py:104} INFO - [2023-02-16 20:48:32,260] {dagbag.py:496} INFO - Filling up the DagBag from /home/airflow/.local/lib/python3.6/site-packages/airflow/example_dags/example_task_group.py
[2023-02-16 20:48:32,273] {scheduler_job.py:643} INFO - DAG(s) dict_keys(['example_task_group']) retrieved from /home/airflow/.local/lib/python3.6/site-packages/airflow/example_dags/example_task_group.py
[2023-02-16 20:48:32,294] {logging_mixin.py:104} INFO - [2023-02-16 20:48:32,294] {dag.py:1833} INFO - Sync 1 DAGs
[2023-02-16 20:48:32,307] {logging_mixin.py:104} INFO - [2023-02-16 20:48:32,307] {dag.py:2306} INFO - Setting next_dagrun for example_task_group to 2023-02-14 00:00:00+00:00
[2023-02-16 20:48:32,314] {scheduler_job.py:190} INFO - Processing /home/airflow/.local/lib/python3.6/site-packages/airflow/example_dags/example_task_group.py took 0.059 seconds
[2023-02-16 20:49:02,398] {scheduler_job.py:182} INFO - Started process (PID=786) to work on /home/airflow/.local/lib/python3.6/site-packages/airflow/example_dags/example_task_group.py
[2023-02-16 20:49:02,399] {scheduler_job.py:633} INFO - Processing file /home/airflow/.local/lib/python3.6/site-packages/airflow/example_dags/example_task_group.py for tasks to queue
[2023-02-16 20:49:02,399] {logging_mixin.py:104} INFO - [2023-02-16 20:49:02,399] {dagbag.py:496} INFO - Filling up the DagBag from /home/airflow/.local/lib/python3.6/site-packages/airflow/example_dags/example_task_group.py
[2023-02-16 20:49:02,486] {scheduler_job.py:643} INFO - DAG(s) dict_keys(['example_task_group']) retrieved from /home/airflow/.local/lib/python3.6/site-packages/airflow/example_dags/example_task_group.py
[2023-02-16 20:49:02,504] {logging_mixin.py:104} INFO - [2023-02-16 20:49:02,504] {dag.py:1833} INFO - Sync 1 DAGs
[2023-02-16 20:49:02,517] {logging_mixin.py:104} INFO - [2023-02-16 20:49:02,517] {dag.py:2306} INFO - Setting next_dagrun for example_task_group to 2023-02-14 00:00:00+00:00
[2023-02-16 20:49:02,524] {scheduler_job.py:190} INFO - Processing /home/airflow/.local/lib/python3.6/site-packages/airflow/example_dags/example_task_group.py took 0.129 seconds
[2023-02-16 20:49:33,250] {scheduler_job.py:182} INFO - Started process (PID=837) to work on /home/airflow/.local/lib/python3.6/site-packages/airflow/example_dags/example_task_group.py
[2023-02-16 20:49:33,251] {scheduler_job.py:633} INFO - Processing file /home/airflow/.local/lib/python3.6/site-packages/airflow/example_dags/example_task_group.py for tasks to queue
[2023-02-16 20:49:33,251] {logging_mixin.py:104} INFO - [2023-02-16 20:49:33,251] {dagbag.py:496} INFO - Filling up the DagBag from /home/airflow/.local/lib/python3.6/site-packages/airflow/example_dags/example_task_group.py
[2023-02-16 20:49:33,263] {scheduler_job.py:643} INFO - DAG(s) dict_keys(['example_task_group']) retrieved from /home/airflow/.local/lib/python3.6/site-packages/airflow/example_dags/example_task_group.py
[2023-02-16 20:49:33,283] {logging_mixin.py:104} INFO - [2023-02-16 20:49:33,283] {dag.py:1833} INFO - Sync 1 DAGs
[2023-02-16 20:49:33,297] {logging_mixin.py:104} INFO - [2023-02-16 20:49:33,297] {dag.py:2306} INFO - Setting next_dagrun for example_task_group to 2023-02-14 00:00:00+00:00
[2023-02-16 20:49:33,304] {scheduler_job.py:190} INFO - Processing /home/airflow/.local/lib/python3.6/site-packages/airflow/example_dags/example_task_group.py took 0.057 seconds
[2023-02-16 20:50:03,774] {scheduler_job.py:182} INFO - Started process (PID=898) to work on /home/airflow/.local/lib/python3.6/site-packages/airflow/example_dags/example_task_group.py
[2023-02-16 20:50:03,776] {scheduler_job.py:633} INFO - Processing file /home/airflow/.local/lib/python3.6/site-packages/airflow/example_dags/example_task_group.py for tasks to queue
[2023-02-16 20:50:03,776] {logging_mixin.py:104} INFO - [2023-02-16 20:50:03,776] {dagbag.py:496} INFO - Filling up the DagBag from /home/airflow/.local/lib/python3.6/site-packages/airflow/example_dags/example_task_group.py
[2023-02-16 20:50:03,796] {scheduler_job.py:643} INFO - DAG(s) dict_keys(['example_task_group']) retrieved from /home/airflow/.local/lib/python3.6/site-packages/airflow/example_dags/example_task_group.py
[2023-02-16 20:50:03,831] {logging_mixin.py:104} INFO - [2023-02-16 20:50:03,831] {dag.py:1833} INFO - Sync 1 DAGs
[2023-02-16 20:50:03,853] {logging_mixin.py:104} INFO - [2023-02-16 20:50:03,853] {dag.py:2306} INFO - Setting next_dagrun for example_task_group to 2023-02-14 00:00:00+00:00
[2023-02-16 20:50:03,864] {scheduler_job.py:190} INFO - Processing /home/airflow/.local/lib/python3.6/site-packages/airflow/example_dags/example_task_group.py took 0.094 seconds
[2023-02-16 20:50:33,936] {scheduler_job.py:182} INFO - Started process (PID=949) to work on /home/airflow/.local/lib/python3.6/site-packages/airflow/example_dags/example_task_group.py
[2023-02-16 20:50:33,937] {scheduler_job.py:633} INFO - Processing file /home/airflow/.local/lib/python3.6/site-packages/airflow/example_dags/example_task_group.py for tasks to queue
[2023-02-16 20:50:33,938] {logging_mixin.py:104} INFO - [2023-02-16 20:50:33,938] {dagbag.py:496} INFO - Filling up the DagBag from /home/airflow/.local/lib/python3.6/site-packages/airflow/example_dags/example_task_group.py
[2023-02-16 20:50:33,951] {scheduler_job.py:643} INFO - DAG(s) dict_keys(['example_task_group']) retrieved from /home/airflow/.local/lib/python3.6/site-packages/airflow/example_dags/example_task_group.py
[2023-02-16 20:50:33,971] {logging_mixin.py:104} INFO - [2023-02-16 20:50:33,971] {dag.py:1833} INFO - Sync 1 DAGs
[2023-02-16 20:50:33,983] {logging_mixin.py:104} INFO - [2023-02-16 20:50:33,983] {dag.py:2306} INFO - Setting next_dagrun for example_task_group to 2023-02-14 00:00:00+00:00
[2023-02-16 20:50:33,991] {scheduler_job.py:190} INFO - Processing /home/airflow/.local/lib/python3.6/site-packages/airflow/example_dags/example_task_group.py took 0.058 seconds
[2023-02-16 20:51:04,396] {scheduler_job.py:182} INFO - Started process (PID=1010) to work on /home/airflow/.local/lib/python3.6/site-packages/airflow/example_dags/example_task_group.py
[2023-02-16 20:51:04,397] {scheduler_job.py:633} INFO - Processing file /home/airflow/.local/lib/python3.6/site-packages/airflow/example_dags/example_task_group.py for tasks to queue
[2023-02-16 20:51:04,397] {logging_mixin.py:104} INFO - [2023-02-16 20:51:04,397] {dagbag.py:496} INFO - Filling up the DagBag from /home/airflow/.local/lib/python3.6/site-packages/airflow/example_dags/example_task_group.py
[2023-02-16 20:51:04,409] {scheduler_job.py:643} INFO - DAG(s) dict_keys(['example_task_group']) retrieved from /home/airflow/.local/lib/python3.6/site-packages/airflow/example_dags/example_task_group.py
[2023-02-16 20:51:04,430] {logging_mixin.py:104} INFO - [2023-02-16 20:51:04,430] {dag.py:1833} INFO - Sync 1 DAGs
[2023-02-16 20:51:04,443] {logging_mixin.py:104} INFO - [2023-02-16 20:51:04,443] {dag.py:2306} INFO - Setting next_dagrun for example_task_group to 2023-02-14 00:00:00+00:00
[2023-02-16 20:51:04,451] {scheduler_job.py:190} INFO - Processing /home/airflow/.local/lib/python3.6/site-packages/airflow/example_dags/example_task_group.py took 0.057 seconds
[2023-02-16 20:51:35,024] {scheduler_job.py:182} INFO - Started process (PID=1062) to work on /home/airflow/.local/lib/python3.6/site-packages/airflow/example_dags/example_task_group.py
[2023-02-16 20:51:35,025] {scheduler_job.py:633} INFO - Processing file /home/airflow/.local/lib/python3.6/site-packages/airflow/example_dags/example_task_group.py for tasks to queue
[2023-02-16 20:51:35,025] {logging_mixin.py:104} INFO - [2023-02-16 20:51:35,025] {dagbag.py:496} INFO - Filling up the DagBag from /home/airflow/.local/lib/python3.6/site-packages/airflow/example_dags/example_task_group.py
[2023-02-16 20:51:35,038] {scheduler_job.py:643} INFO - DAG(s) dict_keys(['example_task_group']) retrieved from /home/airflow/.local/lib/python3.6/site-packages/airflow/example_dags/example_task_group.py
[2023-02-16 20:51:35,058] {logging_mixin.py:104} INFO - [2023-02-16 20:51:35,058] {dag.py:1833} INFO - Sync 1 DAGs
[2023-02-16 20:51:35,074] {logging_mixin.py:104} INFO - [2023-02-16 20:51:35,074] {dag.py:2306} INFO - Setting next_dagrun for example_task_group to 2023-02-14 00:00:00+00:00
[2023-02-16 20:51:35,081] {scheduler_job.py:190} INFO - Processing /home/airflow/.local/lib/python3.6/site-packages/airflow/example_dags/example_task_group.py took 0.060 seconds
[2023-02-16 20:52:05,460] {scheduler_job.py:182} INFO - Started process (PID=1122) to work on /home/airflow/.local/lib/python3.6/site-packages/airflow/example_dags/example_task_group.py
[2023-02-16 20:52:05,461] {scheduler_job.py:633} INFO - Processing file /home/airflow/.local/lib/python3.6/site-packages/airflow/example_dags/example_task_group.py for tasks to queue
[2023-02-16 20:52:05,461] {logging_mixin.py:104} INFO - [2023-02-16 20:52:05,461] {dagbag.py:496} INFO - Filling up the DagBag from /home/airflow/.local/lib/python3.6/site-packages/airflow/example_dags/example_task_group.py
[2023-02-16 20:52:05,477] {scheduler_job.py:643} INFO - DAG(s) dict_keys(['example_task_group']) retrieved from /home/airflow/.local/lib/python3.6/site-packages/airflow/example_dags/example_task_group.py
[2023-02-16 20:52:05,501] {logging_mixin.py:104} INFO - [2023-02-16 20:52:05,501] {dag.py:1833} INFO - Sync 1 DAGs
[2023-02-16 20:52:05,516] {logging_mixin.py:104} INFO - [2023-02-16 20:52:05,515] {dag.py:2306} INFO - Setting next_dagrun for example_task_group to 2023-02-14 00:00:00+00:00
[2023-02-16 20:52:05,525] {scheduler_job.py:190} INFO - Processing /home/airflow/.local/lib/python3.6/site-packages/airflow/example_dags/example_task_group.py took 0.069 seconds
[2023-02-16 20:52:36,062] {scheduler_job.py:182} INFO - Started process (PID=1174) to work on /home/airflow/.local/lib/python3.6/site-packages/airflow/example_dags/example_task_group.py
[2023-02-16 20:52:36,063] {scheduler_job.py:633} INFO - Processing file /home/airflow/.local/lib/python3.6/site-packages/airflow/example_dags/example_task_group.py for tasks to queue
[2023-02-16 20:52:36,064] {logging_mixin.py:104} INFO - [2023-02-16 20:52:36,063] {dagbag.py:496} INFO - Filling up the DagBag from /home/airflow/.local/lib/python3.6/site-packages/airflow/example_dags/example_task_group.py
[2023-02-16 20:52:36,075] {scheduler_job.py:643} INFO - DAG(s) dict_keys(['example_task_group']) retrieved from /home/airflow/.local/lib/python3.6/site-packages/airflow/example_dags/example_task_group.py
[2023-02-16 20:52:36,097] {logging_mixin.py:104} INFO - [2023-02-16 20:52:36,097] {dag.py:1833} INFO - Sync 1 DAGs
[2023-02-16 20:52:36,111] {logging_mixin.py:104} INFO - [2023-02-16 20:52:36,111] {dag.py:2306} INFO - Setting next_dagrun for example_task_group to 2023-02-14 00:00:00+00:00
[2023-02-16 20:52:36,119] {scheduler_job.py:190} INFO - Processing /home/airflow/.local/lib/python3.6/site-packages/airflow/example_dags/example_task_group.py took 0.060 seconds
[2023-02-16 20:53:06,616] {scheduler_job.py:182} INFO - Started process (PID=1225) to work on /home/airflow/.local/lib/python3.6/site-packages/airflow/example_dags/example_task_group.py
[2023-02-16 20:53:06,618] {scheduler_job.py:633} INFO - Processing file /home/airflow/.local/lib/python3.6/site-packages/airflow/example_dags/example_task_group.py for tasks to queue
[2023-02-16 20:53:06,618] {logging_mixin.py:104} INFO - [2023-02-16 20:53:06,618] {dagbag.py:496} INFO - Filling up the DagBag from /home/airflow/.local/lib/python3.6/site-packages/airflow/example_dags/example_task_group.py
[2023-02-16 20:53:06,634] {scheduler_job.py:643} INFO - DAG(s) dict_keys(['example_task_group']) retrieved from /home/airflow/.local/lib/python3.6/site-packages/airflow/example_dags/example_task_group.py
[2023-02-16 20:53:06,708] {logging_mixin.py:104} INFO - [2023-02-16 20:53:06,708] {dag.py:1833} INFO - Sync 1 DAGs
[2023-02-16 20:53:06,725] {logging_mixin.py:104} INFO - [2023-02-16 20:53:06,725] {dag.py:2306} INFO - Setting next_dagrun for example_task_group to 2023-02-14 00:00:00+00:00
[2023-02-16 20:53:06,788] {scheduler_job.py:190} INFO - Processing /home/airflow/.local/lib/python3.6/site-packages/airflow/example_dags/example_task_group.py took 0.175 seconds
[2023-02-16 20:53:37,391] {scheduler_job.py:182} INFO - Started process (PID=1276) to work on /home/airflow/.local/lib/python3.6/site-packages/airflow/example_dags/example_task_group.py
[2023-02-16 20:53:37,483] {scheduler_job.py:633} INFO - Processing file /home/airflow/.local/lib/python3.6/site-packages/airflow/example_dags/example_task_group.py for tasks to queue
[2023-02-16 20:53:37,484] {logging_mixin.py:104} INFO - [2023-02-16 20:53:37,484] {dagbag.py:496} INFO - Filling up the DagBag from /home/airflow/.local/lib/python3.6/site-packages/airflow/example_dags/example_task_group.py
[2023-02-16 20:53:37,583] {scheduler_job.py:643} INFO - DAG(s) dict_keys(['example_task_group']) retrieved from /home/airflow/.local/lib/python3.6/site-packages/airflow/example_dags/example_task_group.py
[2023-02-16 20:53:37,700] {logging_mixin.py:104} INFO - [2023-02-16 20:53:37,700] {dag.py:1833} INFO - Sync 1 DAGs
[2023-02-16 20:53:37,891] {logging_mixin.py:104} INFO - [2023-02-16 20:53:37,891] {dag.py:2306} INFO - Setting next_dagrun for example_task_group to 2023-02-14 00:00:00+00:00
[2023-02-16 20:53:37,996] {scheduler_job.py:190} INFO - Processing /home/airflow/.local/lib/python3.6/site-packages/airflow/example_dags/example_task_group.py took 0.610 seconds
[2023-02-16 20:54:08,323] {scheduler_job.py:182} INFO - Started process (PID=1327) to work on /home/airflow/.local/lib/python3.6/site-packages/airflow/example_dags/example_task_group.py
[2023-02-16 20:54:08,324] {scheduler_job.py:633} INFO - Processing file /home/airflow/.local/lib/python3.6/site-packages/airflow/example_dags/example_task_group.py for tasks to queue
[2023-02-16 20:54:08,325] {logging_mixin.py:104} INFO - [2023-02-16 20:54:08,325] {dagbag.py:496} INFO - Filling up the DagBag from /home/airflow/.local/lib/python3.6/site-packages/airflow/example_dags/example_task_group.py
[2023-02-16 20:54:08,337] {scheduler_job.py:643} INFO - DAG(s) dict_keys(['example_task_group']) retrieved from /home/airflow/.local/lib/python3.6/site-packages/airflow/example_dags/example_task_group.py
[2023-02-16 20:54:08,356] {logging_mixin.py:104} INFO - [2023-02-16 20:54:08,356] {dag.py:1833} INFO - Sync 1 DAGs
[2023-02-16 20:54:08,370] {logging_mixin.py:104} INFO - [2023-02-16 20:54:08,370] {dag.py:2306} INFO - Setting next_dagrun for example_task_group to 2023-02-14 00:00:00+00:00
[2023-02-16 20:54:08,379] {scheduler_job.py:190} INFO - Processing /home/airflow/.local/lib/python3.6/site-packages/airflow/example_dags/example_task_group.py took 0.058 seconds
[2023-02-16 20:54:38,625] {scheduler_job.py:182} INFO - Started process (PID=1378) to work on /home/airflow/.local/lib/python3.6/site-packages/airflow/example_dags/example_task_group.py
[2023-02-16 20:54:38,626] {scheduler_job.py:633} INFO - Processing file /home/airflow/.local/lib/python3.6/site-packages/airflow/example_dags/example_task_group.py for tasks to queue
[2023-02-16 20:54:38,627] {logging_mixin.py:104} INFO - [2023-02-16 20:54:38,627] {dagbag.py:496} INFO - Filling up the DagBag from /home/airflow/.local/lib/python3.6/site-packages/airflow/example_dags/example_task_group.py
[2023-02-16 20:54:38,640] {scheduler_job.py:643} INFO - DAG(s) dict_keys(['example_task_group']) retrieved from /home/airflow/.local/lib/python3.6/site-packages/airflow/example_dags/example_task_group.py
[2023-02-16 20:54:38,667] {logging_mixin.py:104} INFO - [2023-02-16 20:54:38,667] {dag.py:1833} INFO - Sync 1 DAGs
[2023-02-16 20:54:38,686] {logging_mixin.py:104} INFO - [2023-02-16 20:54:38,686] {dag.py:2306} INFO - Setting next_dagrun for example_task_group to 2023-02-14 00:00:00+00:00
[2023-02-16 20:54:38,694] {scheduler_job.py:190} INFO - Processing /home/airflow/.local/lib/python3.6/site-packages/airflow/example_dags/example_task_group.py took 0.072 seconds
[2023-02-16 20:55:09,256] {scheduler_job.py:182} INFO - Started process (PID=1439) to work on /home/airflow/.local/lib/python3.6/site-packages/airflow/example_dags/example_task_group.py
[2023-02-16 20:55:09,256] {scheduler_job.py:633} INFO - Processing file /home/airflow/.local/lib/python3.6/site-packages/airflow/example_dags/example_task_group.py for tasks to queue
[2023-02-16 20:55:09,257] {logging_mixin.py:104} INFO - [2023-02-16 20:55:09,257] {dagbag.py:496} INFO - Filling up the DagBag from /home/airflow/.local/lib/python3.6/site-packages/airflow/example_dags/example_task_group.py
[2023-02-16 20:55:09,269] {scheduler_job.py:643} INFO - DAG(s) dict_keys(['example_task_group']) retrieved from /home/airflow/.local/lib/python3.6/site-packages/airflow/example_dags/example_task_group.py
[2023-02-16 20:55:09,289] {logging_mixin.py:104} INFO - [2023-02-16 20:55:09,289] {dag.py:1833} INFO - Sync 1 DAGs
[2023-02-16 20:55:09,304] {logging_mixin.py:104} INFO - [2023-02-16 20:55:09,304] {dag.py:2306} INFO - Setting next_dagrun for example_task_group to 2023-02-14 00:00:00+00:00
[2023-02-16 20:55:09,312] {scheduler_job.py:190} INFO - Processing /home/airflow/.local/lib/python3.6/site-packages/airflow/example_dags/example_task_group.py took 0.059 seconds
[2023-02-16 20:55:39,899] {scheduler_job.py:182} INFO - Started process (PID=1491) to work on /home/airflow/.local/lib/python3.6/site-packages/airflow/example_dags/example_task_group.py
[2023-02-16 20:55:39,900] {scheduler_job.py:633} INFO - Processing file /home/airflow/.local/lib/python3.6/site-packages/airflow/example_dags/example_task_group.py for tasks to queue
[2023-02-16 20:55:39,900] {logging_mixin.py:104} INFO - [2023-02-16 20:55:39,900] {dagbag.py:496} INFO - Filling up the DagBag from /home/airflow/.local/lib/python3.6/site-packages/airflow/example_dags/example_task_group.py
[2023-02-16 20:55:39,913] {scheduler_job.py:643} INFO - DAG(s) dict_keys(['example_task_group']) retrieved from /home/airflow/.local/lib/python3.6/site-packages/airflow/example_dags/example_task_group.py
[2023-02-16 20:55:39,933] {logging_mixin.py:104} INFO - [2023-02-16 20:55:39,933] {dag.py:1833} INFO - Sync 1 DAGs
[2023-02-16 20:55:39,949] {logging_mixin.py:104} INFO - [2023-02-16 20:55:39,949] {dag.py:2306} INFO - Setting next_dagrun for example_task_group to 2023-02-14 00:00:00+00:00
[2023-02-16 20:55:39,957] {scheduler_job.py:190} INFO - Processing /home/airflow/.local/lib/python3.6/site-packages/airflow/example_dags/example_task_group.py took 0.060 seconds
[2023-02-16 20:56:10,473] {scheduler_job.py:182} INFO - Started process (PID=1552) to work on /home/airflow/.local/lib/python3.6/site-packages/airflow/example_dags/example_task_group.py
[2023-02-16 20:56:10,474] {scheduler_job.py:633} INFO - Processing file /home/airflow/.local/lib/python3.6/site-packages/airflow/example_dags/example_task_group.py for tasks to queue
[2023-02-16 20:56:10,475] {logging_mixin.py:104} INFO - [2023-02-16 20:56:10,475] {dagbag.py:496} INFO - Filling up the DagBag from /home/airflow/.local/lib/python3.6/site-packages/airflow/example_dags/example_task_group.py
[2023-02-16 20:56:10,486] {scheduler_job.py:643} INFO - DAG(s) dict_keys(['example_task_group']) retrieved from /home/airflow/.local/lib/python3.6/site-packages/airflow/example_dags/example_task_group.py
[2023-02-16 20:56:10,504] {logging_mixin.py:104} INFO - [2023-02-16 20:56:10,503] {dag.py:1833} INFO - Sync 1 DAGs
[2023-02-16 20:56:10,517] {logging_mixin.py:104} INFO - [2023-02-16 20:56:10,517] {dag.py:2306} INFO - Setting next_dagrun for example_task_group to 2023-02-14 00:00:00+00:00
[2023-02-16 20:56:10,525] {scheduler_job.py:190} INFO - Processing /home/airflow/.local/lib/python3.6/site-packages/airflow/example_dags/example_task_group.py took 0.054 seconds
[2023-02-16 20:56:41,078] {scheduler_job.py:182} INFO - Started process (PID=1603) to work on /home/airflow/.local/lib/python3.6/site-packages/airflow/example_dags/example_task_group.py
[2023-02-16 20:56:41,079] {scheduler_job.py:633} INFO - Processing file /home/airflow/.local/lib/python3.6/site-packages/airflow/example_dags/example_task_group.py for tasks to queue
[2023-02-16 20:56:41,080] {logging_mixin.py:104} INFO - [2023-02-16 20:56:41,080] {dagbag.py:496} INFO - Filling up the DagBag from /home/airflow/.local/lib/python3.6/site-packages/airflow/example_dags/example_task_group.py
[2023-02-16 20:56:41,104] {scheduler_job.py:643} INFO - DAG(s) dict_keys(['example_task_group']) retrieved from /home/airflow/.local/lib/python3.6/site-packages/airflow/example_dags/example_task_group.py
[2023-02-16 20:56:41,155] {logging_mixin.py:104} INFO - [2023-02-16 20:56:41,154] {dag.py:1833} INFO - Sync 1 DAGs
[2023-02-16 20:56:41,198] {logging_mixin.py:104} INFO - [2023-02-16 20:56:41,198] {dag.py:2306} INFO - Setting next_dagrun for example_task_group to 2023-02-14 00:00:00+00:00
[2023-02-16 20:56:41,228] {scheduler_job.py:190} INFO - Processing /home/airflow/.local/lib/python3.6/site-packages/airflow/example_dags/example_task_group.py took 0.153 seconds
[2023-02-16 20:57:11,503] {scheduler_job.py:182} INFO - Started process (PID=1664) to work on /home/airflow/.local/lib/python3.6/site-packages/airflow/example_dags/example_task_group.py
[2023-02-16 20:57:11,504] {scheduler_job.py:633} INFO - Processing file /home/airflow/.local/lib/python3.6/site-packages/airflow/example_dags/example_task_group.py for tasks to queue
[2023-02-16 20:57:11,504] {logging_mixin.py:104} INFO - [2023-02-16 20:57:11,504] {dagbag.py:496} INFO - Filling up the DagBag from /home/airflow/.local/lib/python3.6/site-packages/airflow/example_dags/example_task_group.py
[2023-02-16 20:57:11,601] {scheduler_job.py:643} INFO - DAG(s) dict_keys(['example_task_group']) retrieved from /home/airflow/.local/lib/python3.6/site-packages/airflow/example_dags/example_task_group.py
[2023-02-16 20:57:11,703] {logging_mixin.py:104} INFO - [2023-02-16 20:57:11,703] {dag.py:1833} INFO - Sync 1 DAGs
[2023-02-16 20:57:11,795] {logging_mixin.py:104} INFO - [2023-02-16 20:57:11,795] {dag.py:2306} INFO - Setting next_dagrun for example_task_group to 2023-02-14 00:00:00+00:00
[2023-02-16 20:57:11,804] {scheduler_job.py:190} INFO - Processing /home/airflow/.local/lib/python3.6/site-packages/airflow/example_dags/example_task_group.py took 0.305 seconds
[2023-02-16 20:57:41,940] {scheduler_job.py:182} INFO - Started process (PID=1715) to work on /home/airflow/.local/lib/python3.6/site-packages/airflow/example_dags/example_task_group.py
[2023-02-16 20:57:41,941] {scheduler_job.py:633} INFO - Processing file /home/airflow/.local/lib/python3.6/site-packages/airflow/example_dags/example_task_group.py for tasks to queue
[2023-02-16 20:57:41,942] {logging_mixin.py:104} INFO - [2023-02-16 20:57:41,942] {dagbag.py:496} INFO - Filling up the DagBag from /home/airflow/.local/lib/python3.6/site-packages/airflow/example_dags/example_task_group.py
[2023-02-16 20:57:41,956] {scheduler_job.py:643} INFO - DAG(s) dict_keys(['example_task_group']) retrieved from /home/airflow/.local/lib/python3.6/site-packages/airflow/example_dags/example_task_group.py
[2023-02-16 20:57:41,979] {logging_mixin.py:104} INFO - [2023-02-16 20:57:41,979] {dag.py:1833} INFO - Sync 1 DAGs
[2023-02-16 20:57:41,993] {logging_mixin.py:104} INFO - [2023-02-16 20:57:41,993] {dag.py:2306} INFO - Setting next_dagrun for example_task_group to 2023-02-14 00:00:00+00:00
[2023-02-16 20:57:42,001] {scheduler_job.py:190} INFO - Processing /home/airflow/.local/lib/python3.6/site-packages/airflow/example_dags/example_task_group.py took 0.064 seconds
[2023-02-16 20:58:12,759] {scheduler_job.py:182} INFO - Started process (PID=1776) to work on /home/airflow/.local/lib/python3.6/site-packages/airflow/example_dags/example_task_group.py
[2023-02-16 20:58:12,760] {scheduler_job.py:633} INFO - Processing file /home/airflow/.local/lib/python3.6/site-packages/airflow/example_dags/example_task_group.py for tasks to queue
[2023-02-16 20:58:12,761] {logging_mixin.py:104} INFO - [2023-02-16 20:58:12,760] {dagbag.py:496} INFO - Filling up the DagBag from /home/airflow/.local/lib/python3.6/site-packages/airflow/example_dags/example_task_group.py
[2023-02-16 20:58:12,773] {scheduler_job.py:643} INFO - DAG(s) dict_keys(['example_task_group']) retrieved from /home/airflow/.local/lib/python3.6/site-packages/airflow/example_dags/example_task_group.py
[2023-02-16 20:58:12,794] {logging_mixin.py:104} INFO - [2023-02-16 20:58:12,794] {dag.py:1833} INFO - Sync 1 DAGs
[2023-02-16 20:58:12,808] {logging_mixin.py:104} INFO - [2023-02-16 20:58:12,808] {dag.py:2306} INFO - Setting next_dagrun for example_task_group to 2023-02-14 00:00:00+00:00
[2023-02-16 20:58:12,816] {scheduler_job.py:190} INFO - Processing /home/airflow/.local/lib/python3.6/site-packages/airflow/example_dags/example_task_group.py took 0.060 seconds
[2023-02-16 20:58:43,629] {scheduler_job.py:182} INFO - Started process (PID=1827) to work on /home/airflow/.local/lib/python3.6/site-packages/airflow/example_dags/example_task_group.py
[2023-02-16 20:58:43,630] {scheduler_job.py:633} INFO - Processing file /home/airflow/.local/lib/python3.6/site-packages/airflow/example_dags/example_task_group.py for tasks to queue
[2023-02-16 20:58:43,631] {logging_mixin.py:104} INFO - [2023-02-16 20:58:43,631] {dagbag.py:496} INFO - Filling up the DagBag from /home/airflow/.local/lib/python3.6/site-packages/airflow/example_dags/example_task_group.py
[2023-02-16 20:58:43,645] {scheduler_job.py:643} INFO - DAG(s) dict_keys(['example_task_group']) retrieved from /home/airflow/.local/lib/python3.6/site-packages/airflow/example_dags/example_task_group.py
[2023-02-16 20:58:43,698] {logging_mixin.py:104} INFO - [2023-02-16 20:58:43,698] {dag.py:1833} INFO - Sync 1 DAGs
[2023-02-16 20:58:43,714] {logging_mixin.py:104} INFO - [2023-02-16 20:58:43,714] {dag.py:2306} INFO - Setting next_dagrun for example_task_group to 2023-02-14 00:00:00+00:00
[2023-02-16 20:58:43,722] {scheduler_job.py:190} INFO - Processing /home/airflow/.local/lib/python3.6/site-packages/airflow/example_dags/example_task_group.py took 0.096 seconds
[2023-02-16 20:59:13,885] {scheduler_job.py:182} INFO - Started process (PID=1887) to work on /home/airflow/.local/lib/python3.6/site-packages/airflow/example_dags/example_task_group.py
[2023-02-16 20:59:13,886] {scheduler_job.py:633} INFO - Processing file /home/airflow/.local/lib/python3.6/site-packages/airflow/example_dags/example_task_group.py for tasks to queue
[2023-02-16 20:59:13,887] {logging_mixin.py:104} INFO - [2023-02-16 20:59:13,887] {dagbag.py:496} INFO - Filling up the DagBag from /home/airflow/.local/lib/python3.6/site-packages/airflow/example_dags/example_task_group.py
[2023-02-16 20:59:13,900] {scheduler_job.py:643} INFO - DAG(s) dict_keys(['example_task_group']) retrieved from /home/airflow/.local/lib/python3.6/site-packages/airflow/example_dags/example_task_group.py
[2023-02-16 20:59:13,939] {logging_mixin.py:104} INFO - [2023-02-16 20:59:13,939] {dag.py:1833} INFO - Sync 1 DAGs
[2023-02-16 20:59:13,986] {logging_mixin.py:104} INFO - [2023-02-16 20:59:13,985] {dag.py:2306} INFO - Setting next_dagrun for example_task_group to 2023-02-14 00:00:00+00:00
[2023-02-16 20:59:13,996] {scheduler_job.py:190} INFO - Processing /home/airflow/.local/lib/python3.6/site-packages/airflow/example_dags/example_task_group.py took 0.129 seconds
[2023-02-16 20:59:44,655] {scheduler_job.py:182} INFO - Started process (PID=1939) to work on /home/airflow/.local/lib/python3.6/site-packages/airflow/example_dags/example_task_group.py
[2023-02-16 20:59:44,656] {scheduler_job.py:633} INFO - Processing file /home/airflow/.local/lib/python3.6/site-packages/airflow/example_dags/example_task_group.py for tasks to queue
[2023-02-16 20:59:44,657] {logging_mixin.py:104} INFO - [2023-02-16 20:59:44,657] {dagbag.py:496} INFO - Filling up the DagBag from /home/airflow/.local/lib/python3.6/site-packages/airflow/example_dags/example_task_group.py
[2023-02-16 20:59:44,671] {scheduler_job.py:643} INFO - DAG(s) dict_keys(['example_task_group']) retrieved from /home/airflow/.local/lib/python3.6/site-packages/airflow/example_dags/example_task_group.py
[2023-02-16 20:59:44,689] {logging_mixin.py:104} INFO - [2023-02-16 20:59:44,688] {dag.py:1833} INFO - Sync 1 DAGs
[2023-02-16 20:59:44,700] {logging_mixin.py:104} INFO - [2023-02-16 20:59:44,700] {dag.py:2306} INFO - Setting next_dagrun for example_task_group to 2023-02-14 00:00:00+00:00
[2023-02-16 20:59:44,708] {scheduler_job.py:190} INFO - Processing /home/airflow/.local/lib/python3.6/site-packages/airflow/example_dags/example_task_group.py took 0.054 seconds
[2023-02-16 21:00:15,045] {scheduler_job.py:182} INFO - Started process (PID=2000) to work on /home/airflow/.local/lib/python3.6/site-packages/airflow/example_dags/example_task_group.py
[2023-02-16 21:00:15,046] {scheduler_job.py:633} INFO - Processing file /home/airflow/.local/lib/python3.6/site-packages/airflow/example_dags/example_task_group.py for tasks to queue
[2023-02-16 21:00:15,047] {logging_mixin.py:104} INFO - [2023-02-16 21:00:15,047] {dagbag.py:496} INFO - Filling up the DagBag from /home/airflow/.local/lib/python3.6/site-packages/airflow/example_dags/example_task_group.py
[2023-02-16 21:00:15,063] {scheduler_job.py:643} INFO - DAG(s) dict_keys(['example_task_group']) retrieved from /home/airflow/.local/lib/python3.6/site-packages/airflow/example_dags/example_task_group.py
[2023-02-16 21:00:15,090] {logging_mixin.py:104} INFO - [2023-02-16 21:00:15,089] {dag.py:1833} INFO - Sync 1 DAGs
[2023-02-16 21:00:15,106] {logging_mixin.py:104} INFO - [2023-02-16 21:00:15,106] {dag.py:2306} INFO - Setting next_dagrun for example_task_group to 2023-02-14 00:00:00+00:00
[2023-02-16 21:00:15,116] {scheduler_job.py:190} INFO - Processing /home/airflow/.local/lib/python3.6/site-packages/airflow/example_dags/example_task_group.py took 0.073 seconds
[2023-02-16 21:00:45,554] {scheduler_job.py:182} INFO - Started process (PID=2051) to work on /home/airflow/.local/lib/python3.6/site-packages/airflow/example_dags/example_task_group.py
[2023-02-16 21:00:45,555] {scheduler_job.py:633} INFO - Processing file /home/airflow/.local/lib/python3.6/site-packages/airflow/example_dags/example_task_group.py for tasks to queue
[2023-02-16 21:00:45,555] {logging_mixin.py:104} INFO - [2023-02-16 21:00:45,555] {dagbag.py:496} INFO - Filling up the DagBag from /home/airflow/.local/lib/python3.6/site-packages/airflow/example_dags/example_task_group.py
[2023-02-16 21:00:45,570] {scheduler_job.py:643} INFO - DAG(s) dict_keys(['example_task_group']) retrieved from /home/airflow/.local/lib/python3.6/site-packages/airflow/example_dags/example_task_group.py
[2023-02-16 21:00:45,592] {logging_mixin.py:104} INFO - [2023-02-16 21:00:45,592] {dag.py:1833} INFO - Sync 1 DAGs
[2023-02-16 21:00:45,606] {logging_mixin.py:104} INFO - [2023-02-16 21:00:45,606] {dag.py:2306} INFO - Setting next_dagrun for example_task_group to 2023-02-14 00:00:00+00:00
[2023-02-16 21:00:45,614] {scheduler_job.py:190} INFO - Processing /home/airflow/.local/lib/python3.6/site-packages/airflow/example_dags/example_task_group.py took 0.062 seconds
[2023-02-16 21:01:16,073] {scheduler_job.py:182} INFO - Started process (PID=2112) to work on /home/airflow/.local/lib/python3.6/site-packages/airflow/example_dags/example_task_group.py
[2023-02-16 21:01:16,074] {scheduler_job.py:633} INFO - Processing file /home/airflow/.local/lib/python3.6/site-packages/airflow/example_dags/example_task_group.py for tasks to queue
[2023-02-16 21:01:16,074] {logging_mixin.py:104} INFO - [2023-02-16 21:01:16,074] {dagbag.py:496} INFO - Filling up the DagBag from /home/airflow/.local/lib/python3.6/site-packages/airflow/example_dags/example_task_group.py
[2023-02-16 21:01:16,088] {scheduler_job.py:643} INFO - DAG(s) dict_keys(['example_task_group']) retrieved from /home/airflow/.local/lib/python3.6/site-packages/airflow/example_dags/example_task_group.py
[2023-02-16 21:01:16,110] {logging_mixin.py:104} INFO - [2023-02-16 21:01:16,109] {dag.py:1833} INFO - Sync 1 DAGs
[2023-02-16 21:01:16,124] {logging_mixin.py:104} INFO - [2023-02-16 21:01:16,124] {dag.py:2306} INFO - Setting next_dagrun for example_task_group to 2023-02-14 00:00:00+00:00
[2023-02-16 21:01:16,133] {scheduler_job.py:190} INFO - Processing /home/airflow/.local/lib/python3.6/site-packages/airflow/example_dags/example_task_group.py took 0.062 seconds
[2023-02-16 21:01:46,791] {scheduler_job.py:182} INFO - Started process (PID=2163) to work on /home/airflow/.local/lib/python3.6/site-packages/airflow/example_dags/example_task_group.py
[2023-02-16 21:01:46,792] {scheduler_job.py:633} INFO - Processing file /home/airflow/.local/lib/python3.6/site-packages/airflow/example_dags/example_task_group.py for tasks to queue
[2023-02-16 21:01:46,792] {logging_mixin.py:104} INFO - [2023-02-16 21:01:46,792] {dagbag.py:496} INFO - Filling up the DagBag from /home/airflow/.local/lib/python3.6/site-packages/airflow/example_dags/example_task_group.py
[2023-02-16 21:01:46,806] {scheduler_job.py:643} INFO - DAG(s) dict_keys(['example_task_group']) retrieved from /home/airflow/.local/lib/python3.6/site-packages/airflow/example_dags/example_task_group.py
[2023-02-16 21:01:46,827] {logging_mixin.py:104} INFO - [2023-02-16 21:01:46,826] {dag.py:1833} INFO - Sync 1 DAGs
[2023-02-16 21:01:46,841] {logging_mixin.py:104} INFO - [2023-02-16 21:01:46,841] {dag.py:2306} INFO - Setting next_dagrun for example_task_group to 2023-02-14 00:00:00+00:00
[2023-02-16 21:01:46,849] {scheduler_job.py:190} INFO - Processing /home/airflow/.local/lib/python3.6/site-packages/airflow/example_dags/example_task_group.py took 0.061 seconds
[2023-02-16 21:02:17,725] {scheduler_job.py:182} INFO - Started process (PID=2224) to work on /home/airflow/.local/lib/python3.6/site-packages/airflow/example_dags/example_task_group.py
[2023-02-16 21:02:17,726] {scheduler_job.py:633} INFO - Processing file /home/airflow/.local/lib/python3.6/site-packages/airflow/example_dags/example_task_group.py for tasks to queue
[2023-02-16 21:02:17,726] {logging_mixin.py:104} INFO - [2023-02-16 21:02:17,726] {dagbag.py:496} INFO - Filling up the DagBag from /home/airflow/.local/lib/python3.6/site-packages/airflow/example_dags/example_task_group.py
[2023-02-16 21:02:17,739] {scheduler_job.py:643} INFO - DAG(s) dict_keys(['example_task_group']) retrieved from /home/airflow/.local/lib/python3.6/site-packages/airflow/example_dags/example_task_group.py
[2023-02-16 21:02:17,758] {logging_mixin.py:104} INFO - [2023-02-16 21:02:17,758] {dag.py:1833} INFO - Sync 1 DAGs
[2023-02-16 21:02:17,772] {logging_mixin.py:104} INFO - [2023-02-16 21:02:17,772] {dag.py:2306} INFO - Setting next_dagrun for example_task_group to 2023-02-14 00:00:00+00:00
[2023-02-16 21:02:17,779] {scheduler_job.py:190} INFO - Processing /home/airflow/.local/lib/python3.6/site-packages/airflow/example_dags/example_task_group.py took 0.056 seconds
[2023-02-16 21:02:48,490] {scheduler_job.py:182} INFO - Started process (PID=2275) to work on /home/airflow/.local/lib/python3.6/site-packages/airflow/example_dags/example_task_group.py
[2023-02-16 21:02:48,491] {scheduler_job.py:633} INFO - Processing file /home/airflow/.local/lib/python3.6/site-packages/airflow/example_dags/example_task_group.py for tasks to queue
[2023-02-16 21:02:48,492] {logging_mixin.py:104} INFO - [2023-02-16 21:02:48,492] {dagbag.py:496} INFO - Filling up the DagBag from /home/airflow/.local/lib/python3.6/site-packages/airflow/example_dags/example_task_group.py
[2023-02-16 21:02:48,507] {scheduler_job.py:643} INFO - DAG(s) dict_keys(['example_task_group']) retrieved from /home/airflow/.local/lib/python3.6/site-packages/airflow/example_dags/example_task_group.py
[2023-02-16 21:02:48,602] {logging_mixin.py:104} INFO - [2023-02-16 21:02:48,602] {dag.py:1833} INFO - Sync 1 DAGs
[2023-02-16 21:02:48,690] {logging_mixin.py:104} INFO - [2023-02-16 21:02:48,690] {dag.py:2306} INFO - Setting next_dagrun for example_task_group to 2023-02-14 00:00:00+00:00
[2023-02-16 21:02:48,701] {scheduler_job.py:190} INFO - Processing /home/airflow/.local/lib/python3.6/site-packages/airflow/example_dags/example_task_group.py took 0.213 seconds
[2023-02-16 21:03:19,211] {scheduler_job.py:182} INFO - Started process (PID=2336) to work on /home/airflow/.local/lib/python3.6/site-packages/airflow/example_dags/example_task_group.py
[2023-02-16 21:03:19,214] {scheduler_job.py:633} INFO - Processing file /home/airflow/.local/lib/python3.6/site-packages/airflow/example_dags/example_task_group.py for tasks to queue
[2023-02-16 21:03:19,214] {logging_mixin.py:104} INFO - [2023-02-16 21:03:19,214] {dagbag.py:496} INFO - Filling up the DagBag from /home/airflow/.local/lib/python3.6/site-packages/airflow/example_dags/example_task_group.py
[2023-02-16 21:03:19,291] {scheduler_job.py:643} INFO - DAG(s) dict_keys(['example_task_group']) retrieved from /home/airflow/.local/lib/python3.6/site-packages/airflow/example_dags/example_task_group.py
[2023-02-16 21:03:19,312] {logging_mixin.py:104} INFO - [2023-02-16 21:03:19,312] {dag.py:1833} INFO - Sync 1 DAGs
[2023-02-16 21:03:19,395] {logging_mixin.py:104} INFO - [2023-02-16 21:03:19,395] {dag.py:2306} INFO - Setting next_dagrun for example_task_group to 2023-02-14 00:00:00+00:00
[2023-02-16 21:03:19,403] {scheduler_job.py:190} INFO - Processing /home/airflow/.local/lib/python3.6/site-packages/airflow/example_dags/example_task_group.py took 0.194 seconds
[2023-02-16 21:03:50,374] {scheduler_job.py:182} INFO - Started process (PID=2387) to work on /home/airflow/.local/lib/python3.6/site-packages/airflow/example_dags/example_task_group.py
[2023-02-16 21:03:50,375] {scheduler_job.py:633} INFO - Processing file /home/airflow/.local/lib/python3.6/site-packages/airflow/example_dags/example_task_group.py for tasks to queue
[2023-02-16 21:03:50,375] {logging_mixin.py:104} INFO - [2023-02-16 21:03:50,375] {dagbag.py:496} INFO - Filling up the DagBag from /home/airflow/.local/lib/python3.6/site-packages/airflow/example_dags/example_task_group.py
[2023-02-16 21:03:50,389] {scheduler_job.py:643} INFO - DAG(s) dict_keys(['example_task_group']) retrieved from /home/airflow/.local/lib/python3.6/site-packages/airflow/example_dags/example_task_group.py
[2023-02-16 21:03:50,430] {logging_mixin.py:104} INFO - [2023-02-16 21:03:50,430] {dag.py:1833} INFO - Sync 1 DAGs
[2023-02-16 21:03:50,445] {logging_mixin.py:104} INFO - [2023-02-16 21:03:50,445] {dag.py:2306} INFO - Setting next_dagrun for example_task_group to 2023-02-14 00:00:00+00:00
[2023-02-16 21:03:50,453] {scheduler_job.py:190} INFO - Processing /home/airflow/.local/lib/python3.6/site-packages/airflow/example_dags/example_task_group.py took 0.082 seconds
[2023-02-16 21:04:20,851] {scheduler_job.py:182} INFO - Started process (PID=2438) to work on /home/airflow/.local/lib/python3.6/site-packages/airflow/example_dags/example_task_group.py
[2023-02-16 21:04:20,852] {scheduler_job.py:633} INFO - Processing file /home/airflow/.local/lib/python3.6/site-packages/airflow/example_dags/example_task_group.py for tasks to queue
[2023-02-16 21:04:20,852] {logging_mixin.py:104} INFO - [2023-02-16 21:04:20,852] {dagbag.py:496} INFO - Filling up the DagBag from /home/airflow/.local/lib/python3.6/site-packages/airflow/example_dags/example_task_group.py
[2023-02-16 21:04:20,864] {scheduler_job.py:643} INFO - DAG(s) dict_keys(['example_task_group']) retrieved from /home/airflow/.local/lib/python3.6/site-packages/airflow/example_dags/example_task_group.py
[2023-02-16 21:04:20,883] {logging_mixin.py:104} INFO - [2023-02-16 21:04:20,882] {dag.py:1833} INFO - Sync 1 DAGs
[2023-02-16 21:04:20,896] {logging_mixin.py:104} INFO - [2023-02-16 21:04:20,896] {dag.py:2306} INFO - Setting next_dagrun for example_task_group to 2023-02-14 00:00:00+00:00
[2023-02-16 21:04:20,905] {scheduler_job.py:190} INFO - Processing /home/airflow/.local/lib/python3.6/site-packages/airflow/example_dags/example_task_group.py took 0.057 seconds
[2023-02-16 21:04:51,553] {scheduler_job.py:182} INFO - Started process (PID=2499) to work on /home/airflow/.local/lib/python3.6/site-packages/airflow/example_dags/example_task_group.py
[2023-02-16 21:04:51,553] {scheduler_job.py:633} INFO - Processing file /home/airflow/.local/lib/python3.6/site-packages/airflow/example_dags/example_task_group.py for tasks to queue
[2023-02-16 21:04:51,554] {logging_mixin.py:104} INFO - [2023-02-16 21:04:51,554] {dagbag.py:496} INFO - Filling up the DagBag from /home/airflow/.local/lib/python3.6/site-packages/airflow/example_dags/example_task_group.py
[2023-02-16 21:04:51,567] {scheduler_job.py:643} INFO - DAG(s) dict_keys(['example_task_group']) retrieved from /home/airflow/.local/lib/python3.6/site-packages/airflow/example_dags/example_task_group.py
[2023-02-16 21:04:51,587] {logging_mixin.py:104} INFO - [2023-02-16 21:04:51,587] {dag.py:1833} INFO - Sync 1 DAGs
[2023-02-16 21:04:51,602] {logging_mixin.py:104} INFO - [2023-02-16 21:04:51,602] {dag.py:2306} INFO - Setting next_dagrun for example_task_group to 2023-02-14 00:00:00+00:00
[2023-02-16 21:04:51,610] {scheduler_job.py:190} INFO - Processing /home/airflow/.local/lib/python3.6/site-packages/airflow/example_dags/example_task_group.py took 0.060 seconds
[2023-02-16 21:05:22,223] {scheduler_job.py:182} INFO - Started process (PID=2550) to work on /home/airflow/.local/lib/python3.6/site-packages/airflow/example_dags/example_task_group.py
[2023-02-16 21:05:22,223] {scheduler_job.py:633} INFO - Processing file /home/airflow/.local/lib/python3.6/site-packages/airflow/example_dags/example_task_group.py for tasks to queue
[2023-02-16 21:05:22,224] {logging_mixin.py:104} INFO - [2023-02-16 21:05:22,224] {dagbag.py:496} INFO - Filling up the DagBag from /home/airflow/.local/lib/python3.6/site-packages/airflow/example_dags/example_task_group.py
[2023-02-16 21:05:22,236] {scheduler_job.py:643} INFO - DAG(s) dict_keys(['example_task_group']) retrieved from /home/airflow/.local/lib/python3.6/site-packages/airflow/example_dags/example_task_group.py
[2023-02-16 21:05:22,256] {logging_mixin.py:104} INFO - [2023-02-16 21:05:22,256] {dag.py:1833} INFO - Sync 1 DAGs
[2023-02-16 21:05:22,270] {logging_mixin.py:104} INFO - [2023-02-16 21:05:22,270] {dag.py:2306} INFO - Setting next_dagrun for example_task_group to 2023-02-14 00:00:00+00:00
[2023-02-16 21:05:22,278] {scheduler_job.py:190} INFO - Processing /home/airflow/.local/lib/python3.6/site-packages/airflow/example_dags/example_task_group.py took 0.058 seconds
[2023-02-16 21:05:52,790] {scheduler_job.py:182} INFO - Started process (PID=2611) to work on /home/airflow/.local/lib/python3.6/site-packages/airflow/example_dags/example_task_group.py
[2023-02-16 21:05:52,791] {scheduler_job.py:633} INFO - Processing file /home/airflow/.local/lib/python3.6/site-packages/airflow/example_dags/example_task_group.py for tasks to queue
[2023-02-16 21:05:52,792] {logging_mixin.py:104} INFO - [2023-02-16 21:05:52,791] {dagbag.py:496} INFO - Filling up the DagBag from /home/airflow/.local/lib/python3.6/site-packages/airflow/example_dags/example_task_group.py
[2023-02-16 21:05:52,805] {scheduler_job.py:643} INFO - DAG(s) dict_keys(['example_task_group']) retrieved from /home/airflow/.local/lib/python3.6/site-packages/airflow/example_dags/example_task_group.py
[2023-02-16 21:05:52,825] {logging_mixin.py:104} INFO - [2023-02-16 21:05:52,825] {dag.py:1833} INFO - Sync 1 DAGs
[2023-02-16 21:05:52,839] {logging_mixin.py:104} INFO - [2023-02-16 21:05:52,839] {dag.py:2306} INFO - Setting next_dagrun for example_task_group to 2023-02-14 00:00:00+00:00
[2023-02-16 21:05:52,854] {scheduler_job.py:190} INFO - Processing /home/airflow/.local/lib/python3.6/site-packages/airflow/example_dags/example_task_group.py took 0.067 seconds
[2023-02-16 21:06:23,385] {scheduler_job.py:182} INFO - Started process (PID=2662) to work on /home/airflow/.local/lib/python3.6/site-packages/airflow/example_dags/example_task_group.py
[2023-02-16 21:06:23,385] {scheduler_job.py:633} INFO - Processing file /home/airflow/.local/lib/python3.6/site-packages/airflow/example_dags/example_task_group.py for tasks to queue
[2023-02-16 21:06:23,386] {logging_mixin.py:104} INFO - [2023-02-16 21:06:23,386] {dagbag.py:496} INFO - Filling up the DagBag from /home/airflow/.local/lib/python3.6/site-packages/airflow/example_dags/example_task_group.py
[2023-02-16 21:06:23,398] {scheduler_job.py:643} INFO - DAG(s) dict_keys(['example_task_group']) retrieved from /home/airflow/.local/lib/python3.6/site-packages/airflow/example_dags/example_task_group.py
[2023-02-16 21:06:23,420] {logging_mixin.py:104} INFO - [2023-02-16 21:06:23,420] {dag.py:1833} INFO - Sync 1 DAGs
[2023-02-16 21:06:23,434] {logging_mixin.py:104} INFO - [2023-02-16 21:06:23,434] {dag.py:2306} INFO - Setting next_dagrun for example_task_group to 2023-02-14 00:00:00+00:00
[2023-02-16 21:06:23,442] {scheduler_job.py:190} INFO - Processing /home/airflow/.local/lib/python3.6/site-packages/airflow/example_dags/example_task_group.py took 0.060 seconds
[2023-02-16 21:06:54,121] {scheduler_job.py:182} INFO - Started process (PID=2723) to work on /home/airflow/.local/lib/python3.6/site-packages/airflow/example_dags/example_task_group.py
[2023-02-16 21:06:54,122] {scheduler_job.py:633} INFO - Processing file /home/airflow/.local/lib/python3.6/site-packages/airflow/example_dags/example_task_group.py for tasks to queue
[2023-02-16 21:06:54,123] {logging_mixin.py:104} INFO - [2023-02-16 21:06:54,123] {dagbag.py:496} INFO - Filling up the DagBag from /home/airflow/.local/lib/python3.6/site-packages/airflow/example_dags/example_task_group.py
[2023-02-16 21:06:54,136] {scheduler_job.py:643} INFO - DAG(s) dict_keys(['example_task_group']) retrieved from /home/airflow/.local/lib/python3.6/site-packages/airflow/example_dags/example_task_group.py
[2023-02-16 21:06:54,154] {logging_mixin.py:104} INFO - [2023-02-16 21:06:54,154] {dag.py:1833} INFO - Sync 1 DAGs
[2023-02-16 21:06:54,166] {logging_mixin.py:104} INFO - [2023-02-16 21:06:54,166] {dag.py:2306} INFO - Setting next_dagrun for example_task_group to 2023-02-14 00:00:00+00:00
[2023-02-16 21:06:54,175] {scheduler_job.py:190} INFO - Processing /home/airflow/.local/lib/python3.6/site-packages/airflow/example_dags/example_task_group.py took 0.056 seconds
[2023-02-16 21:07:24,594] {scheduler_job.py:182} INFO - Started process (PID=2774) to work on /home/airflow/.local/lib/python3.6/site-packages/airflow/example_dags/example_task_group.py
[2023-02-16 21:07:24,595] {scheduler_job.py:633} INFO - Processing file /home/airflow/.local/lib/python3.6/site-packages/airflow/example_dags/example_task_group.py for tasks to queue
[2023-02-16 21:07:24,595] {logging_mixin.py:104} INFO - [2023-02-16 21:07:24,595] {dagbag.py:496} INFO - Filling up the DagBag from /home/airflow/.local/lib/python3.6/site-packages/airflow/example_dags/example_task_group.py
[2023-02-16 21:07:24,608] {scheduler_job.py:643} INFO - DAG(s) dict_keys(['example_task_group']) retrieved from /home/airflow/.local/lib/python3.6/site-packages/airflow/example_dags/example_task_group.py
[2023-02-16 21:07:24,629] {logging_mixin.py:104} INFO - [2023-02-16 21:07:24,629] {dag.py:1833} INFO - Sync 1 DAGs
[2023-02-16 21:07:24,643] {logging_mixin.py:104} INFO - [2023-02-16 21:07:24,643] {dag.py:2306} INFO - Setting next_dagrun for example_task_group to 2023-02-14 00:00:00+00:00
[2023-02-16 21:07:24,651] {scheduler_job.py:190} INFO - Processing /home/airflow/.local/lib/python3.6/site-packages/airflow/example_dags/example_task_group.py took 0.059 seconds
[2023-02-16 21:07:55,156] {scheduler_job.py:182} INFO - Started process (PID=2835) to work on /home/airflow/.local/lib/python3.6/site-packages/airflow/example_dags/example_task_group.py
[2023-02-16 21:07:55,157] {scheduler_job.py:633} INFO - Processing file /home/airflow/.local/lib/python3.6/site-packages/airflow/example_dags/example_task_group.py for tasks to queue
[2023-02-16 21:07:55,157] {logging_mixin.py:104} INFO - [2023-02-16 21:07:55,157] {dagbag.py:496} INFO - Filling up the DagBag from /home/airflow/.local/lib/python3.6/site-packages/airflow/example_dags/example_task_group.py
[2023-02-16 21:07:55,170] {scheduler_job.py:643} INFO - DAG(s) dict_keys(['example_task_group']) retrieved from /home/airflow/.local/lib/python3.6/site-packages/airflow/example_dags/example_task_group.py
[2023-02-16 21:07:55,197] {logging_mixin.py:104} INFO - [2023-02-16 21:07:55,197] {dag.py:1833} INFO - Sync 1 DAGs
[2023-02-16 21:07:55,216] {logging_mixin.py:104} INFO - [2023-02-16 21:07:55,215] {dag.py:2306} INFO - Setting next_dagrun for example_task_group to 2023-02-14 00:00:00+00:00
[2023-02-16 21:07:55,224] {scheduler_job.py:190} INFO - Processing /home/airflow/.local/lib/python3.6/site-packages/airflow/example_dags/example_task_group.py took 0.071 seconds
[2023-02-16 21:08:25,827] {scheduler_job.py:182} INFO - Started process (PID=2886) to work on /home/airflow/.local/lib/python3.6/site-packages/airflow/example_dags/example_task_group.py
[2023-02-16 21:08:25,829] {scheduler_job.py:633} INFO - Processing file /home/airflow/.local/lib/python3.6/site-packages/airflow/example_dags/example_task_group.py for tasks to queue
[2023-02-16 21:08:25,829] {logging_mixin.py:104} INFO - [2023-02-16 21:08:25,829] {dagbag.py:496} INFO - Filling up the DagBag from /home/airflow/.local/lib/python3.6/site-packages/airflow/example_dags/example_task_group.py
[2023-02-16 21:08:25,841] {scheduler_job.py:643} INFO - DAG(s) dict_keys(['example_task_group']) retrieved from /home/airflow/.local/lib/python3.6/site-packages/airflow/example_dags/example_task_group.py
[2023-02-16 21:08:25,859] {logging_mixin.py:104} INFO - [2023-02-16 21:08:25,859] {dag.py:1833} INFO - Sync 1 DAGs
[2023-02-16 21:08:25,872] {logging_mixin.py:104} INFO - [2023-02-16 21:08:25,872] {dag.py:2306} INFO - Setting next_dagrun for example_task_group to 2023-02-14 00:00:00+00:00
[2023-02-16 21:08:25,879] {scheduler_job.py:190} INFO - Processing /home/airflow/.local/lib/python3.6/site-packages/airflow/example_dags/example_task_group.py took 0.054 seconds
[2023-02-16 21:08:56,098] {scheduler_job.py:182} INFO - Started process (PID=2946) to work on /home/airflow/.local/lib/python3.6/site-packages/airflow/example_dags/example_task_group.py
[2023-02-16 21:08:56,099] {scheduler_job.py:633} INFO - Processing file /home/airflow/.local/lib/python3.6/site-packages/airflow/example_dags/example_task_group.py for tasks to queue
[2023-02-16 21:08:56,100] {logging_mixin.py:104} INFO - [2023-02-16 21:08:56,100] {dagbag.py:496} INFO - Filling up the DagBag from /home/airflow/.local/lib/python3.6/site-packages/airflow/example_dags/example_task_group.py
[2023-02-16 21:08:56,115] {scheduler_job.py:643} INFO - DAG(s) dict_keys(['example_task_group']) retrieved from /home/airflow/.local/lib/python3.6/site-packages/airflow/example_dags/example_task_group.py
[2023-02-16 21:08:56,134] {logging_mixin.py:104} INFO - [2023-02-16 21:08:56,134] {dag.py:1833} INFO - Sync 1 DAGs
[2023-02-16 21:08:56,147] {logging_mixin.py:104} INFO - [2023-02-16 21:08:56,147] {dag.py:2306} INFO - Setting next_dagrun for example_task_group to 2023-02-14 00:00:00+00:00
[2023-02-16 21:08:56,155] {scheduler_job.py:190} INFO - Processing /home/airflow/.local/lib/python3.6/site-packages/airflow/example_dags/example_task_group.py took 0.060 seconds
[2023-02-16 21:09:26,537] {scheduler_job.py:182} INFO - Started process (PID=2997) to work on /home/airflow/.local/lib/python3.6/site-packages/airflow/example_dags/example_task_group.py
[2023-02-16 21:09:26,538] {scheduler_job.py:633} INFO - Processing file /home/airflow/.local/lib/python3.6/site-packages/airflow/example_dags/example_task_group.py for tasks to queue
[2023-02-16 21:09:26,538] {logging_mixin.py:104} INFO - [2023-02-16 21:09:26,538] {dagbag.py:496} INFO - Filling up the DagBag from /home/airflow/.local/lib/python3.6/site-packages/airflow/example_dags/example_task_group.py
[2023-02-16 21:09:26,550] {scheduler_job.py:643} INFO - DAG(s) dict_keys(['example_task_group']) retrieved from /home/airflow/.local/lib/python3.6/site-packages/airflow/example_dags/example_task_group.py
[2023-02-16 21:09:26,568] {logging_mixin.py:104} INFO - [2023-02-16 21:09:26,567] {dag.py:1833} INFO - Sync 1 DAGs
[2023-02-16 21:09:26,580] {logging_mixin.py:104} INFO - [2023-02-16 21:09:26,580] {dag.py:2306} INFO - Setting next_dagrun for example_task_group to 2023-02-14 00:00:00+00:00
[2023-02-16 21:09:26,587] {scheduler_job.py:190} INFO - Processing /home/airflow/.local/lib/python3.6/site-packages/airflow/example_dags/example_task_group.py took 0.052 seconds
[2023-02-16 21:09:57,236] {scheduler_job.py:182} INFO - Started process (PID=3058) to work on /home/airflow/.local/lib/python3.6/site-packages/airflow/example_dags/example_task_group.py
[2023-02-16 21:09:57,237] {scheduler_job.py:633} INFO - Processing file /home/airflow/.local/lib/python3.6/site-packages/airflow/example_dags/example_task_group.py for tasks to queue
[2023-02-16 21:09:57,238] {logging_mixin.py:104} INFO - [2023-02-16 21:09:57,237] {dagbag.py:496} INFO - Filling up the DagBag from /home/airflow/.local/lib/python3.6/site-packages/airflow/example_dags/example_task_group.py
[2023-02-16 21:09:57,250] {scheduler_job.py:643} INFO - DAG(s) dict_keys(['example_task_group']) retrieved from /home/airflow/.local/lib/python3.6/site-packages/airflow/example_dags/example_task_group.py
[2023-02-16 21:09:57,274] {logging_mixin.py:104} INFO - [2023-02-16 21:09:57,273] {dag.py:1833} INFO - Sync 1 DAGs
[2023-02-16 21:09:57,290] {logging_mixin.py:104} INFO - [2023-02-16 21:09:57,290] {dag.py:2306} INFO - Setting next_dagrun for example_task_group to 2023-02-14 00:00:00+00:00
[2023-02-16 21:09:57,302] {scheduler_job.py:190} INFO - Processing /home/airflow/.local/lib/python3.6/site-packages/airflow/example_dags/example_task_group.py took 0.069 seconds
[2023-02-16 21:10:27,463] {scheduler_job.py:182} INFO - Started process (PID=3109) to work on /home/airflow/.local/lib/python3.6/site-packages/airflow/example_dags/example_task_group.py
[2023-02-16 21:10:27,463] {scheduler_job.py:633} INFO - Processing file /home/airflow/.local/lib/python3.6/site-packages/airflow/example_dags/example_task_group.py for tasks to queue
[2023-02-16 21:10:27,464] {logging_mixin.py:104} INFO - [2023-02-16 21:10:27,464] {dagbag.py:496} INFO - Filling up the DagBag from /home/airflow/.local/lib/python3.6/site-packages/airflow/example_dags/example_task_group.py
[2023-02-16 21:10:27,476] {scheduler_job.py:643} INFO - DAG(s) dict_keys(['example_task_group']) retrieved from /home/airflow/.local/lib/python3.6/site-packages/airflow/example_dags/example_task_group.py
[2023-02-16 21:10:27,493] {logging_mixin.py:104} INFO - [2023-02-16 21:10:27,493] {dag.py:1833} INFO - Sync 1 DAGs
[2023-02-16 21:10:27,506] {logging_mixin.py:104} INFO - [2023-02-16 21:10:27,506] {dag.py:2306} INFO - Setting next_dagrun for example_task_group to 2023-02-14 00:00:00+00:00
[2023-02-16 21:10:27,516] {scheduler_job.py:190} INFO - Processing /home/airflow/.local/lib/python3.6/site-packages/airflow/example_dags/example_task_group.py took 0.055 seconds
[2023-02-16 21:10:57,834] {scheduler_job.py:182} INFO - Started process (PID=3170) to work on /home/airflow/.local/lib/python3.6/site-packages/airflow/example_dags/example_task_group.py
[2023-02-16 21:10:57,835] {scheduler_job.py:633} INFO - Processing file /home/airflow/.local/lib/python3.6/site-packages/airflow/example_dags/example_task_group.py for tasks to queue
[2023-02-16 21:10:57,835] {logging_mixin.py:104} INFO - [2023-02-16 21:10:57,835] {dagbag.py:496} INFO - Filling up the DagBag from /home/airflow/.local/lib/python3.6/site-packages/airflow/example_dags/example_task_group.py
[2023-02-16 21:10:57,892] {scheduler_job.py:643} INFO - DAG(s) dict_keys(['example_task_group']) retrieved from /home/airflow/.local/lib/python3.6/site-packages/airflow/example_dags/example_task_group.py
[2023-02-16 21:10:57,983] {logging_mixin.py:104} INFO - [2023-02-16 21:10:57,983] {dag.py:1833} INFO - Sync 1 DAGs
[2023-02-16 21:10:58,000] {logging_mixin.py:104} INFO - [2023-02-16 21:10:58,000] {dag.py:2306} INFO - Setting next_dagrun for example_task_group to 2023-02-14 00:00:00+00:00
[2023-02-16 21:10:58,009] {scheduler_job.py:190} INFO - Processing /home/airflow/.local/lib/python3.6/site-packages/airflow/example_dags/example_task_group.py took 0.177 seconds
[2023-02-16 21:11:28,592] {scheduler_job.py:182} INFO - Started process (PID=3221) to work on /home/airflow/.local/lib/python3.6/site-packages/airflow/example_dags/example_task_group.py
[2023-02-16 21:11:28,592] {scheduler_job.py:633} INFO - Processing file /home/airflow/.local/lib/python3.6/site-packages/airflow/example_dags/example_task_group.py for tasks to queue
[2023-02-16 21:11:28,593] {logging_mixin.py:104} INFO - [2023-02-16 21:11:28,593] {dagbag.py:496} INFO - Filling up the DagBag from /home/airflow/.local/lib/python3.6/site-packages/airflow/example_dags/example_task_group.py
[2023-02-16 21:11:28,605] {scheduler_job.py:643} INFO - DAG(s) dict_keys(['example_task_group']) retrieved from /home/airflow/.local/lib/python3.6/site-packages/airflow/example_dags/example_task_group.py
[2023-02-16 21:11:28,625] {logging_mixin.py:104} INFO - [2023-02-16 21:11:28,625] {dag.py:1833} INFO - Sync 1 DAGs
[2023-02-16 21:11:28,638] {logging_mixin.py:104} INFO - [2023-02-16 21:11:28,638] {dag.py:2306} INFO - Setting next_dagrun for example_task_group to 2023-02-14 00:00:00+00:00
[2023-02-16 21:11:28,646] {scheduler_job.py:190} INFO - Processing /home/airflow/.local/lib/python3.6/site-packages/airflow/example_dags/example_task_group.py took 0.057 seconds
[2023-02-16 21:11:59,065] {scheduler_job.py:182} INFO - Started process (PID=3282) to work on /home/airflow/.local/lib/python3.6/site-packages/airflow/example_dags/example_task_group.py
[2023-02-16 21:11:59,066] {scheduler_job.py:633} INFO - Processing file /home/airflow/.local/lib/python3.6/site-packages/airflow/example_dags/example_task_group.py for tasks to queue
[2023-02-16 21:11:59,066] {logging_mixin.py:104} INFO - [2023-02-16 21:11:59,066] {dagbag.py:496} INFO - Filling up the DagBag from /home/airflow/.local/lib/python3.6/site-packages/airflow/example_dags/example_task_group.py
[2023-02-16 21:11:59,078] {scheduler_job.py:643} INFO - DAG(s) dict_keys(['example_task_group']) retrieved from /home/airflow/.local/lib/python3.6/site-packages/airflow/example_dags/example_task_group.py
[2023-02-16 21:11:59,096] {logging_mixin.py:104} INFO - [2023-02-16 21:11:59,096] {dag.py:1833} INFO - Sync 1 DAGs
[2023-02-16 21:11:59,109] {logging_mixin.py:104} INFO - [2023-02-16 21:11:59,108] {dag.py:2306} INFO - Setting next_dagrun for example_task_group to 2023-02-14 00:00:00+00:00
[2023-02-16 21:11:59,116] {scheduler_job.py:190} INFO - Processing /home/airflow/.local/lib/python3.6/site-packages/airflow/example_dags/example_task_group.py took 0.054 seconds
[2023-02-16 21:12:29,413] {scheduler_job.py:182} INFO - Started process (PID=3333) to work on /home/airflow/.local/lib/python3.6/site-packages/airflow/example_dags/example_task_group.py
[2023-02-16 21:12:29,414] {scheduler_job.py:633} INFO - Processing file /home/airflow/.local/lib/python3.6/site-packages/airflow/example_dags/example_task_group.py for tasks to queue
[2023-02-16 21:12:29,415] {logging_mixin.py:104} INFO - [2023-02-16 21:12:29,414] {dagbag.py:496} INFO - Filling up the DagBag from /home/airflow/.local/lib/python3.6/site-packages/airflow/example_dags/example_task_group.py
[2023-02-16 21:12:29,428] {scheduler_job.py:643} INFO - DAG(s) dict_keys(['example_task_group']) retrieved from /home/airflow/.local/lib/python3.6/site-packages/airflow/example_dags/example_task_group.py
[2023-02-16 21:12:29,446] {logging_mixin.py:104} INFO - [2023-02-16 21:12:29,446] {dag.py:1833} INFO - Sync 1 DAGs
[2023-02-16 21:12:29,459] {logging_mixin.py:104} INFO - [2023-02-16 21:12:29,459] {dag.py:2306} INFO - Setting next_dagrun for example_task_group to 2023-02-14 00:00:00+00:00
[2023-02-16 21:12:29,467] {scheduler_job.py:190} INFO - Processing /home/airflow/.local/lib/python3.6/site-packages/airflow/example_dags/example_task_group.py took 0.056 seconds
[2023-02-16 21:12:59,697] {scheduler_job.py:182} INFO - Started process (PID=3394) to work on /home/airflow/.local/lib/python3.6/site-packages/airflow/example_dags/example_task_group.py
[2023-02-16 21:12:59,698] {scheduler_job.py:633} INFO - Processing file /home/airflow/.local/lib/python3.6/site-packages/airflow/example_dags/example_task_group.py for tasks to queue
[2023-02-16 21:12:59,699] {logging_mixin.py:104} INFO - [2023-02-16 21:12:59,699] {dagbag.py:496} INFO - Filling up the DagBag from /home/airflow/.local/lib/python3.6/site-packages/airflow/example_dags/example_task_group.py
[2023-02-16 21:12:59,715] {scheduler_job.py:643} INFO - DAG(s) dict_keys(['example_task_group']) retrieved from /home/airflow/.local/lib/python3.6/site-packages/airflow/example_dags/example_task_group.py
[2023-02-16 21:12:59,739] {logging_mixin.py:104} INFO - [2023-02-16 21:12:59,739] {dag.py:1833} INFO - Sync 1 DAGs
[2023-02-16 21:12:59,790] {logging_mixin.py:104} INFO - [2023-02-16 21:12:59,790] {dag.py:2306} INFO - Setting next_dagrun for example_task_group to 2023-02-14 00:00:00+00:00
[2023-02-16 21:12:59,800] {scheduler_job.py:190} INFO - Processing /home/airflow/.local/lib/python3.6/site-packages/airflow/example_dags/example_task_group.py took 0.106 seconds
[2023-02-16 21:13:30,466] {scheduler_job.py:182} INFO - Started process (PID=3444) to work on /home/airflow/.local/lib/python3.6/site-packages/airflow/example_dags/example_task_group.py
[2023-02-16 21:13:30,468] {scheduler_job.py:633} INFO - Processing file /home/airflow/.local/lib/python3.6/site-packages/airflow/example_dags/example_task_group.py for tasks to queue
[2023-02-16 21:13:30,468] {logging_mixin.py:104} INFO - [2023-02-16 21:13:30,468] {dagbag.py:496} INFO - Filling up the DagBag from /home/airflow/.local/lib/python3.6/site-packages/airflow/example_dags/example_task_group.py
[2023-02-16 21:13:30,479] {scheduler_job.py:643} INFO - DAG(s) dict_keys(['example_task_group']) retrieved from /home/airflow/.local/lib/python3.6/site-packages/airflow/example_dags/example_task_group.py
[2023-02-16 21:13:30,496] {logging_mixin.py:104} INFO - [2023-02-16 21:13:30,496] {dag.py:1833} INFO - Sync 1 DAGs
[2023-02-16 21:13:30,510] {logging_mixin.py:104} INFO - [2023-02-16 21:13:30,510] {dag.py:2306} INFO - Setting next_dagrun for example_task_group to 2023-02-14 00:00:00+00:00
[2023-02-16 21:13:30,520] {scheduler_job.py:190} INFO - Processing /home/airflow/.local/lib/python3.6/site-packages/airflow/example_dags/example_task_group.py took 0.056 seconds
[2023-02-16 21:14:00,913] {scheduler_job.py:182} INFO - Started process (PID=3505) to work on /home/airflow/.local/lib/python3.6/site-packages/airflow/example_dags/example_task_group.py
[2023-02-16 21:14:00,914] {scheduler_job.py:633} INFO - Processing file /home/airflow/.local/lib/python3.6/site-packages/airflow/example_dags/example_task_group.py for tasks to queue
[2023-02-16 21:14:00,915] {logging_mixin.py:104} INFO - [2023-02-16 21:14:00,915] {dagbag.py:496} INFO - Filling up the DagBag from /home/airflow/.local/lib/python3.6/site-packages/airflow/example_dags/example_task_group.py
[2023-02-16 21:14:00,927] {scheduler_job.py:643} INFO - DAG(s) dict_keys(['example_task_group']) retrieved from /home/airflow/.local/lib/python3.6/site-packages/airflow/example_dags/example_task_group.py
[2023-02-16 21:14:00,949] {logging_mixin.py:104} INFO - [2023-02-16 21:14:00,949] {dag.py:1833} INFO - Sync 1 DAGs
[2023-02-16 21:14:00,966] {logging_mixin.py:104} INFO - [2023-02-16 21:14:00,966] {dag.py:2306} INFO - Setting next_dagrun for example_task_group to 2023-02-14 00:00:00+00:00
[2023-02-16 21:14:00,975] {scheduler_job.py:190} INFO - Processing /home/airflow/.local/lib/python3.6/site-packages/airflow/example_dags/example_task_group.py took 0.064 seconds
[2023-02-16 21:14:31,337] {scheduler_job.py:182} INFO - Started process (PID=3556) to work on /home/airflow/.local/lib/python3.6/site-packages/airflow/example_dags/example_task_group.py
[2023-02-16 21:14:31,338] {scheduler_job.py:633} INFO - Processing file /home/airflow/.local/lib/python3.6/site-packages/airflow/example_dags/example_task_group.py for tasks to queue
[2023-02-16 21:14:31,339] {logging_mixin.py:104} INFO - [2023-02-16 21:14:31,338] {dagbag.py:496} INFO - Filling up the DagBag from /home/airflow/.local/lib/python3.6/site-packages/airflow/example_dags/example_task_group.py
[2023-02-16 21:14:31,351] {scheduler_job.py:643} INFO - DAG(s) dict_keys(['example_task_group']) retrieved from /home/airflow/.local/lib/python3.6/site-packages/airflow/example_dags/example_task_group.py
[2023-02-16 21:14:31,386] {logging_mixin.py:104} INFO - [2023-02-16 21:14:31,385] {dag.py:1833} INFO - Sync 1 DAGs
[2023-02-16 21:14:31,399] {logging_mixin.py:104} INFO - [2023-02-16 21:14:31,399] {dag.py:2306} INFO - Setting next_dagrun for example_task_group to 2023-02-14 00:00:00+00:00
[2023-02-16 21:14:31,407] {scheduler_job.py:190} INFO - Processing /home/airflow/.local/lib/python3.6/site-packages/airflow/example_dags/example_task_group.py took 0.072 seconds
[2023-02-16 21:15:01,663] {scheduler_job.py:182} INFO - Started process (PID=3617) to work on /home/airflow/.local/lib/python3.6/site-packages/airflow/example_dags/example_task_group.py
[2023-02-16 21:15:01,664] {scheduler_job.py:633} INFO - Processing file /home/airflow/.local/lib/python3.6/site-packages/airflow/example_dags/example_task_group.py for tasks to queue
[2023-02-16 21:15:01,664] {logging_mixin.py:104} INFO - [2023-02-16 21:15:01,664] {dagbag.py:496} INFO - Filling up the DagBag from /home/airflow/.local/lib/python3.6/site-packages/airflow/example_dags/example_task_group.py
[2023-02-16 21:15:01,677] {scheduler_job.py:643} INFO - DAG(s) dict_keys(['example_task_group']) retrieved from /home/airflow/.local/lib/python3.6/site-packages/airflow/example_dags/example_task_group.py
[2023-02-16 21:15:01,696] {logging_mixin.py:104} INFO - [2023-02-16 21:15:01,696] {dag.py:1833} INFO - Sync 1 DAGs
[2023-02-16 21:15:01,711] {logging_mixin.py:104} INFO - [2023-02-16 21:15:01,710] {dag.py:2306} INFO - Setting next_dagrun for example_task_group to 2023-02-14 00:00:00+00:00
[2023-02-16 21:15:01,719] {scheduler_job.py:190} INFO - Processing /home/airflow/.local/lib/python3.6/site-packages/airflow/example_dags/example_task_group.py took 0.059 seconds
[2023-02-16 21:15:32,172] {scheduler_job.py:182} INFO - Started process (PID=3668) to work on /home/airflow/.local/lib/python3.6/site-packages/airflow/example_dags/example_task_group.py
[2023-02-16 21:15:32,173] {scheduler_job.py:633} INFO - Processing file /home/airflow/.local/lib/python3.6/site-packages/airflow/example_dags/example_task_group.py for tasks to queue
[2023-02-16 21:15:32,173] {logging_mixin.py:104} INFO - [2023-02-16 21:15:32,173] {dagbag.py:496} INFO - Filling up the DagBag from /home/airflow/.local/lib/python3.6/site-packages/airflow/example_dags/example_task_group.py
[2023-02-16 21:15:32,186] {scheduler_job.py:643} INFO - DAG(s) dict_keys(['example_task_group']) retrieved from /home/airflow/.local/lib/python3.6/site-packages/airflow/example_dags/example_task_group.py
[2023-02-16 21:15:32,208] {logging_mixin.py:104} INFO - [2023-02-16 21:15:32,208] {dag.py:1833} INFO - Sync 1 DAGs
[2023-02-16 21:15:32,222] {logging_mixin.py:104} INFO - [2023-02-16 21:15:32,222] {dag.py:2306} INFO - Setting next_dagrun for example_task_group to 2023-02-14 00:00:00+00:00
[2023-02-16 21:15:32,231] {scheduler_job.py:190} INFO - Processing /home/airflow/.local/lib/python3.6/site-packages/airflow/example_dags/example_task_group.py took 0.062 seconds
[2023-02-16 21:16:02,653] {scheduler_job.py:182} INFO - Started process (PID=3729) to work on /home/airflow/.local/lib/python3.6/site-packages/airflow/example_dags/example_task_group.py
[2023-02-16 21:16:02,653] {scheduler_job.py:633} INFO - Processing file /home/airflow/.local/lib/python3.6/site-packages/airflow/example_dags/example_task_group.py for tasks to queue
[2023-02-16 21:16:02,654] {logging_mixin.py:104} INFO - [2023-02-16 21:16:02,654] {dagbag.py:496} INFO - Filling up the DagBag from /home/airflow/.local/lib/python3.6/site-packages/airflow/example_dags/example_task_group.py
[2023-02-16 21:16:02,666] {scheduler_job.py:643} INFO - DAG(s) dict_keys(['example_task_group']) retrieved from /home/airflow/.local/lib/python3.6/site-packages/airflow/example_dags/example_task_group.py
[2023-02-16 21:16:02,684] {logging_mixin.py:104} INFO - [2023-02-16 21:16:02,684] {dag.py:1833} INFO - Sync 1 DAGs
[2023-02-16 21:16:02,697] {logging_mixin.py:104} INFO - [2023-02-16 21:16:02,697] {dag.py:2306} INFO - Setting next_dagrun for example_task_group to 2023-02-14 00:00:00+00:00
[2023-02-16 21:16:02,705] {scheduler_job.py:190} INFO - Processing /home/airflow/.local/lib/python3.6/site-packages/airflow/example_dags/example_task_group.py took 0.055 seconds
[2023-02-16 21:16:33,015] {scheduler_job.py:182} INFO - Started process (PID=3780) to work on /home/airflow/.local/lib/python3.6/site-packages/airflow/example_dags/example_task_group.py
[2023-02-16 21:16:33,016] {scheduler_job.py:633} INFO - Processing file /home/airflow/.local/lib/python3.6/site-packages/airflow/example_dags/example_task_group.py for tasks to queue
[2023-02-16 21:16:33,016] {logging_mixin.py:104} INFO - [2023-02-16 21:16:33,016] {dagbag.py:496} INFO - Filling up the DagBag from /home/airflow/.local/lib/python3.6/site-packages/airflow/example_dags/example_task_group.py
[2023-02-16 21:16:33,028] {scheduler_job.py:643} INFO - DAG(s) dict_keys(['example_task_group']) retrieved from /home/airflow/.local/lib/python3.6/site-packages/airflow/example_dags/example_task_group.py
[2023-02-16 21:16:33,045] {logging_mixin.py:104} INFO - [2023-02-16 21:16:33,045] {dag.py:1833} INFO - Sync 1 DAGs
[2023-02-16 21:16:33,058] {logging_mixin.py:104} INFO - [2023-02-16 21:16:33,058] {dag.py:2306} INFO - Setting next_dagrun for example_task_group to 2023-02-14 00:00:00+00:00
[2023-02-16 21:16:33,065] {scheduler_job.py:190} INFO - Processing /home/airflow/.local/lib/python3.6/site-packages/airflow/example_dags/example_task_group.py took 0.052 seconds
[2023-02-16 21:17:03,487] {scheduler_job.py:182} INFO - Started process (PID=3841) to work on /home/airflow/.local/lib/python3.6/site-packages/airflow/example_dags/example_task_group.py
[2023-02-16 21:17:03,488] {scheduler_job.py:633} INFO - Processing file /home/airflow/.local/lib/python3.6/site-packages/airflow/example_dags/example_task_group.py for tasks to queue
[2023-02-16 21:17:03,488] {logging_mixin.py:104} INFO - [2023-02-16 21:17:03,488] {dagbag.py:496} INFO - Filling up the DagBag from /home/airflow/.local/lib/python3.6/site-packages/airflow/example_dags/example_task_group.py
[2023-02-16 21:17:03,501] {scheduler_job.py:643} INFO - DAG(s) dict_keys(['example_task_group']) retrieved from /home/airflow/.local/lib/python3.6/site-packages/airflow/example_dags/example_task_group.py
[2023-02-16 21:17:03,519] {logging_mixin.py:104} INFO - [2023-02-16 21:17:03,519] {dag.py:1833} INFO - Sync 1 DAGs
[2023-02-16 21:17:03,531] {logging_mixin.py:104} INFO - [2023-02-16 21:17:03,531] {dag.py:2306} INFO - Setting next_dagrun for example_task_group to 2023-02-14 00:00:00+00:00
[2023-02-16 21:17:03,539] {scheduler_job.py:190} INFO - Processing /home/airflow/.local/lib/python3.6/site-packages/airflow/example_dags/example_task_group.py took 0.055 seconds
[2023-02-16 21:17:33,873] {scheduler_job.py:182} INFO - Started process (PID=3892) to work on /home/airflow/.local/lib/python3.6/site-packages/airflow/example_dags/example_task_group.py
[2023-02-16 21:17:33,874] {scheduler_job.py:633} INFO - Processing file /home/airflow/.local/lib/python3.6/site-packages/airflow/example_dags/example_task_group.py for tasks to queue
[2023-02-16 21:17:33,874] {logging_mixin.py:104} INFO - [2023-02-16 21:17:33,874] {dagbag.py:496} INFO - Filling up the DagBag from /home/airflow/.local/lib/python3.6/site-packages/airflow/example_dags/example_task_group.py
[2023-02-16 21:17:33,886] {scheduler_job.py:643} INFO - DAG(s) dict_keys(['example_task_group']) retrieved from /home/airflow/.local/lib/python3.6/site-packages/airflow/example_dags/example_task_group.py
[2023-02-16 21:17:33,918] {logging_mixin.py:104} INFO - [2023-02-16 21:17:33,917] {dag.py:1833} INFO - Sync 1 DAGs
[2023-02-16 21:17:33,932] {logging_mixin.py:104} INFO - [2023-02-16 21:17:33,932] {dag.py:2306} INFO - Setting next_dagrun for example_task_group to 2023-02-14 00:00:00+00:00
[2023-02-16 21:17:33,941] {scheduler_job.py:190} INFO - Processing /home/airflow/.local/lib/python3.6/site-packages/airflow/example_dags/example_task_group.py took 0.070 seconds
[2023-02-16 21:18:04,245] {scheduler_job.py:182} INFO - Started process (PID=3953) to work on /home/airflow/.local/lib/python3.6/site-packages/airflow/example_dags/example_task_group.py
[2023-02-16 21:18:04,246] {scheduler_job.py:633} INFO - Processing file /home/airflow/.local/lib/python3.6/site-packages/airflow/example_dags/example_task_group.py for tasks to queue
[2023-02-16 21:18:04,246] {logging_mixin.py:104} INFO - [2023-02-16 21:18:04,246] {dagbag.py:496} INFO - Filling up the DagBag from /home/airflow/.local/lib/python3.6/site-packages/airflow/example_dags/example_task_group.py
[2023-02-16 21:18:04,260] {scheduler_job.py:643} INFO - DAG(s) dict_keys(['example_task_group']) retrieved from /home/airflow/.local/lib/python3.6/site-packages/airflow/example_dags/example_task_group.py
[2023-02-16 21:18:04,281] {logging_mixin.py:104} INFO - [2023-02-16 21:18:04,281] {dag.py:1833} INFO - Sync 1 DAGs
[2023-02-16 21:18:04,297] {logging_mixin.py:104} INFO - [2023-02-16 21:18:04,296] {dag.py:2306} INFO - Setting next_dagrun for example_task_group to 2023-02-14 00:00:00+00:00
[2023-02-16 21:18:04,305] {scheduler_job.py:190} INFO - Processing /home/airflow/.local/lib/python3.6/site-packages/airflow/example_dags/example_task_group.py took 0.063 seconds
[2023-02-16 21:18:34,597] {scheduler_job.py:182} INFO - Started process (PID=4004) to work on /home/airflow/.local/lib/python3.6/site-packages/airflow/example_dags/example_task_group.py
[2023-02-16 21:18:34,598] {scheduler_job.py:633} INFO - Processing file /home/airflow/.local/lib/python3.6/site-packages/airflow/example_dags/example_task_group.py for tasks to queue
[2023-02-16 21:18:34,599] {logging_mixin.py:104} INFO - [2023-02-16 21:18:34,599] {dagbag.py:496} INFO - Filling up the DagBag from /home/airflow/.local/lib/python3.6/site-packages/airflow/example_dags/example_task_group.py
[2023-02-16 21:18:34,610] {scheduler_job.py:643} INFO - DAG(s) dict_keys(['example_task_group']) retrieved from /home/airflow/.local/lib/python3.6/site-packages/airflow/example_dags/example_task_group.py
[2023-02-16 21:18:34,628] {logging_mixin.py:104} INFO - [2023-02-16 21:18:34,627] {dag.py:1833} INFO - Sync 1 DAGs
[2023-02-16 21:18:34,642] {logging_mixin.py:104} INFO - [2023-02-16 21:18:34,642] {dag.py:2306} INFO - Setting next_dagrun for example_task_group to 2023-02-14 00:00:00+00:00
[2023-02-16 21:18:34,654] {scheduler_job.py:190} INFO - Processing /home/airflow/.local/lib/python3.6/site-packages/airflow/example_dags/example_task_group.py took 0.059 seconds
[2023-02-16 21:19:05,108] {scheduler_job.py:182} INFO - Started process (PID=4065) to work on /home/airflow/.local/lib/python3.6/site-packages/airflow/example_dags/example_task_group.py
[2023-02-16 21:19:05,109] {scheduler_job.py:633} INFO - Processing file /home/airflow/.local/lib/python3.6/site-packages/airflow/example_dags/example_task_group.py for tasks to queue
[2023-02-16 21:19:05,110] {logging_mixin.py:104} INFO - [2023-02-16 21:19:05,110] {dagbag.py:496} INFO - Filling up the DagBag from /home/airflow/.local/lib/python3.6/site-packages/airflow/example_dags/example_task_group.py
[2023-02-16 21:19:05,123] {scheduler_job.py:643} INFO - DAG(s) dict_keys(['example_task_group']) retrieved from /home/airflow/.local/lib/python3.6/site-packages/airflow/example_dags/example_task_group.py
[2023-02-16 21:19:05,141] {logging_mixin.py:104} INFO - [2023-02-16 21:19:05,141] {dag.py:1833} INFO - Sync 1 DAGs
[2023-02-16 21:19:05,155] {logging_mixin.py:104} INFO - [2023-02-16 21:19:05,154] {dag.py:2306} INFO - Setting next_dagrun for example_task_group to 2023-02-14 00:00:00+00:00
[2023-02-16 21:19:05,163] {scheduler_job.py:190} INFO - Processing /home/airflow/.local/lib/python3.6/site-packages/airflow/example_dags/example_task_group.py took 0.058 seconds
[2023-02-16 21:19:35,566] {scheduler_job.py:182} INFO - Started process (PID=4116) to work on /home/airflow/.local/lib/python3.6/site-packages/airflow/example_dags/example_task_group.py
[2023-02-16 21:19:35,567] {scheduler_job.py:633} INFO - Processing file /home/airflow/.local/lib/python3.6/site-packages/airflow/example_dags/example_task_group.py for tasks to queue
[2023-02-16 21:19:35,568] {logging_mixin.py:104} INFO - [2023-02-16 21:19:35,568] {dagbag.py:496} INFO - Filling up the DagBag from /home/airflow/.local/lib/python3.6/site-packages/airflow/example_dags/example_task_group.py
[2023-02-16 21:19:35,579] {scheduler_job.py:643} INFO - DAG(s) dict_keys(['example_task_group']) retrieved from /home/airflow/.local/lib/python3.6/site-packages/airflow/example_dags/example_task_group.py
[2023-02-16 21:19:35,597] {logging_mixin.py:104} INFO - [2023-02-16 21:19:35,597] {dag.py:1833} INFO - Sync 1 DAGs
[2023-02-16 21:19:35,610] {logging_mixin.py:104} INFO - [2023-02-16 21:19:35,610] {dag.py:2306} INFO - Setting next_dagrun for example_task_group to 2023-02-14 00:00:00+00:00
[2023-02-16 21:19:35,617] {scheduler_job.py:190} INFO - Processing /home/airflow/.local/lib/python3.6/site-packages/airflow/example_dags/example_task_group.py took 0.053 seconds
[2023-02-16 21:20:05,944] {scheduler_job.py:182} INFO - Started process (PID=4177) to work on /home/airflow/.local/lib/python3.6/site-packages/airflow/example_dags/example_task_group.py
[2023-02-16 21:20:05,945] {scheduler_job.py:633} INFO - Processing file /home/airflow/.local/lib/python3.6/site-packages/airflow/example_dags/example_task_group.py for tasks to queue
[2023-02-16 21:20:05,945] {logging_mixin.py:104} INFO - [2023-02-16 21:20:05,945] {dagbag.py:496} INFO - Filling up the DagBag from /home/airflow/.local/lib/python3.6/site-packages/airflow/example_dags/example_task_group.py
[2023-02-16 21:20:05,958] {scheduler_job.py:643} INFO - DAG(s) dict_keys(['example_task_group']) retrieved from /home/airflow/.local/lib/python3.6/site-packages/airflow/example_dags/example_task_group.py
[2023-02-16 21:20:05,978] {logging_mixin.py:104} INFO - [2023-02-16 21:20:05,978] {dag.py:1833} INFO - Sync 1 DAGs
[2023-02-16 21:20:05,992] {logging_mixin.py:104} INFO - [2023-02-16 21:20:05,992] {dag.py:2306} INFO - Setting next_dagrun for example_task_group to 2023-02-14 00:00:00+00:00
[2023-02-16 21:20:06,001] {scheduler_job.py:190} INFO - Processing /home/airflow/.local/lib/python3.6/site-packages/airflow/example_dags/example_task_group.py took 0.059 seconds
[2023-02-16 21:20:36,460] {scheduler_job.py:182} INFO - Started process (PID=4228) to work on /home/airflow/.local/lib/python3.6/site-packages/airflow/example_dags/example_task_group.py
[2023-02-16 21:20:36,461] {scheduler_job.py:633} INFO - Processing file /home/airflow/.local/lib/python3.6/site-packages/airflow/example_dags/example_task_group.py for tasks to queue
[2023-02-16 21:20:36,461] {logging_mixin.py:104} INFO - [2023-02-16 21:20:36,461] {dagbag.py:496} INFO - Filling up the DagBag from /home/airflow/.local/lib/python3.6/site-packages/airflow/example_dags/example_task_group.py
[2023-02-16 21:20:36,474] {scheduler_job.py:643} INFO - DAG(s) dict_keys(['example_task_group']) retrieved from /home/airflow/.local/lib/python3.6/site-packages/airflow/example_dags/example_task_group.py
[2023-02-16 21:20:36,519] {logging_mixin.py:104} INFO - [2023-02-16 21:20:36,519] {dag.py:1833} INFO - Sync 1 DAGs
[2023-02-16 21:20:36,534] {logging_mixin.py:104} INFO - [2023-02-16 21:20:36,534] {dag.py:2306} INFO - Setting next_dagrun for example_task_group to 2023-02-14 00:00:00+00:00
[2023-02-16 21:20:36,542] {scheduler_job.py:190} INFO - Processing /home/airflow/.local/lib/python3.6/site-packages/airflow/example_dags/example_task_group.py took 0.085 seconds
[2023-02-16 21:21:06,644] {scheduler_job.py:182} INFO - Started process (PID=4289) to work on /home/airflow/.local/lib/python3.6/site-packages/airflow/example_dags/example_task_group.py
[2023-02-16 21:21:06,644] {scheduler_job.py:633} INFO - Processing file /home/airflow/.local/lib/python3.6/site-packages/airflow/example_dags/example_task_group.py for tasks to queue
[2023-02-16 21:21:06,645] {logging_mixin.py:104} INFO - [2023-02-16 21:21:06,645] {dagbag.py:496} INFO - Filling up the DagBag from /home/airflow/.local/lib/python3.6/site-packages/airflow/example_dags/example_task_group.py
[2023-02-16 21:21:06,658] {scheduler_job.py:643} INFO - DAG(s) dict_keys(['example_task_group']) retrieved from /home/airflow/.local/lib/python3.6/site-packages/airflow/example_dags/example_task_group.py
[2023-02-16 21:21:06,680] {logging_mixin.py:104} INFO - [2023-02-16 21:21:06,680] {dag.py:1833} INFO - Sync 1 DAGs
[2023-02-16 21:21:06,694] {logging_mixin.py:104} INFO - [2023-02-16 21:21:06,694] {dag.py:2306} INFO - Setting next_dagrun for example_task_group to 2023-02-14 00:00:00+00:00
[2023-02-16 21:21:06,703] {scheduler_job.py:190} INFO - Processing /home/airflow/.local/lib/python3.6/site-packages/airflow/example_dags/example_task_group.py took 0.063 seconds
[2023-02-16 21:21:37,261] {scheduler_job.py:182} INFO - Started process (PID=4339) to work on /home/airflow/.local/lib/python3.6/site-packages/airflow/example_dags/example_task_group.py
[2023-02-16 21:21:37,261] {scheduler_job.py:633} INFO - Processing file /home/airflow/.local/lib/python3.6/site-packages/airflow/example_dags/example_task_group.py for tasks to queue
[2023-02-16 21:21:37,262] {logging_mixin.py:104} INFO - [2023-02-16 21:21:37,262] {dagbag.py:496} INFO - Filling up the DagBag from /home/airflow/.local/lib/python3.6/site-packages/airflow/example_dags/example_task_group.py
[2023-02-16 21:21:37,278] {scheduler_job.py:643} INFO - DAG(s) dict_keys(['example_task_group']) retrieved from /home/airflow/.local/lib/python3.6/site-packages/airflow/example_dags/example_task_group.py
[2023-02-16 21:21:37,301] {logging_mixin.py:104} INFO - [2023-02-16 21:21:37,301] {dag.py:1833} INFO - Sync 1 DAGs
[2023-02-16 21:21:37,316] {logging_mixin.py:104} INFO - [2023-02-16 21:21:37,315] {dag.py:2306} INFO - Setting next_dagrun for example_task_group to 2023-02-14 00:00:00+00:00
[2023-02-16 21:21:37,325] {scheduler_job.py:190} INFO - Processing /home/airflow/.local/lib/python3.6/site-packages/airflow/example_dags/example_task_group.py took 0.067 seconds
[2023-02-16 21:22:08,112] {scheduler_job.py:182} INFO - Started process (PID=4400) to work on /home/airflow/.local/lib/python3.6/site-packages/airflow/example_dags/example_task_group.py
[2023-02-16 21:22:08,113] {scheduler_job.py:633} INFO - Processing file /home/airflow/.local/lib/python3.6/site-packages/airflow/example_dags/example_task_group.py for tasks to queue
[2023-02-16 21:22:08,114] {logging_mixin.py:104} INFO - [2023-02-16 21:22:08,114] {dagbag.py:496} INFO - Filling up the DagBag from /home/airflow/.local/lib/python3.6/site-packages/airflow/example_dags/example_task_group.py
[2023-02-16 21:22:08,129] {scheduler_job.py:643} INFO - DAG(s) dict_keys(['example_task_group']) retrieved from /home/airflow/.local/lib/python3.6/site-packages/airflow/example_dags/example_task_group.py
[2023-02-16 21:22:08,153] {logging_mixin.py:104} INFO - [2023-02-16 21:22:08,152] {dag.py:1833} INFO - Sync 1 DAGs
[2023-02-16 21:22:08,168] {logging_mixin.py:104} INFO - [2023-02-16 21:22:08,168] {dag.py:2306} INFO - Setting next_dagrun for example_task_group to 2023-02-14 00:00:00+00:00
[2023-02-16 21:22:08,176] {scheduler_job.py:190} INFO - Processing /home/airflow/.local/lib/python3.6/site-packages/airflow/example_dags/example_task_group.py took 0.067 seconds
