[2023-02-16 20:47:20,283] {scheduler_job.py:182} INFO - Started process (PID=368) to work on /home/airflow/.local/lib/python3.6/site-packages/airflow/example_dags/example_python_operator.py
[2023-02-16 20:47:20,284] {scheduler_job.py:633} INFO - Processing file /home/airflow/.local/lib/python3.6/site-packages/airflow/example_dags/example_python_operator.py for tasks to queue
[2023-02-16 20:47:20,285] {logging_mixin.py:104} INFO - [2023-02-16 20:47:20,284] {dagbag.py:496} INFO - Filling up the DagBag from /home/airflow/.local/lib/python3.6/site-packages/airflow/example_dags/example_python_operator.py
[2023-02-16 20:47:20,298] {scheduler_job.py:643} INFO - DAG(s) dict_keys(['example_python_operator']) retrieved from /home/airflow/.local/lib/python3.6/site-packages/airflow/example_dags/example_python_operator.py
[2023-02-16 20:47:23,202] {logging_mixin.py:104} INFO - [2023-02-16 20:47:23,202] {dag.py:1833} INFO - Sync 1 DAGs
[2023-02-16 20:47:23,218] {logging_mixin.py:104} INFO - [2023-02-16 20:47:23,216] {dag.py:1852} INFO - Creating ORM DAG for example_python_operator
[2023-02-16 20:47:23,225] {logging_mixin.py:104} INFO - [2023-02-16 20:47:23,224] {dag.py:2306} INFO - Setting next_dagrun for example_python_operator to None
[2023-02-16 20:47:23,238] {scheduler_job.py:190} INFO - Processing /home/airflow/.local/lib/python3.6/site-packages/airflow/example_dags/example_python_operator.py took 2.958 seconds
[2023-02-16 20:47:54,242] {scheduler_job.py:182} INFO - Started process (PID=660) to work on /home/airflow/.local/lib/python3.6/site-packages/airflow/example_dags/example_python_operator.py
[2023-02-16 20:47:54,244] {scheduler_job.py:633} INFO - Processing file /home/airflow/.local/lib/python3.6/site-packages/airflow/example_dags/example_python_operator.py for tasks to queue
[2023-02-16 20:47:54,244] {logging_mixin.py:104} INFO - [2023-02-16 20:47:54,244] {dagbag.py:496} INFO - Filling up the DagBag from /home/airflow/.local/lib/python3.6/site-packages/airflow/example_dags/example_python_operator.py
[2023-02-16 20:47:54,284] {scheduler_job.py:643} INFO - DAG(s) dict_keys(['example_python_operator']) retrieved from /home/airflow/.local/lib/python3.6/site-packages/airflow/example_dags/example_python_operator.py
[2023-02-16 20:47:54,304] {logging_mixin.py:104} INFO - [2023-02-16 20:47:54,303] {dag.py:1833} INFO - Sync 1 DAGs
[2023-02-16 20:47:54,316] {logging_mixin.py:104} INFO - [2023-02-16 20:47:54,316] {dag.py:2306} INFO - Setting next_dagrun for example_python_operator to None
[2023-02-16 20:47:54,324] {scheduler_job.py:190} INFO - Processing /home/airflow/.local/lib/python3.6/site-packages/airflow/example_dags/example_python_operator.py took 0.085 seconds
[2023-02-16 20:48:25,154] {scheduler_job.py:182} INFO - Started process (PID=721) to work on /home/airflow/.local/lib/python3.6/site-packages/airflow/example_dags/example_python_operator.py
[2023-02-16 20:48:25,155] {scheduler_job.py:633} INFO - Processing file /home/airflow/.local/lib/python3.6/site-packages/airflow/example_dags/example_python_operator.py for tasks to queue
[2023-02-16 20:48:25,156] {logging_mixin.py:104} INFO - [2023-02-16 20:48:25,156] {dagbag.py:496} INFO - Filling up the DagBag from /home/airflow/.local/lib/python3.6/site-packages/airflow/example_dags/example_python_operator.py
[2023-02-16 20:48:25,166] {scheduler_job.py:643} INFO - DAG(s) dict_keys(['example_python_operator']) retrieved from /home/airflow/.local/lib/python3.6/site-packages/airflow/example_dags/example_python_operator.py
[2023-02-16 20:48:25,188] {logging_mixin.py:104} INFO - [2023-02-16 20:48:25,187] {dag.py:1833} INFO - Sync 1 DAGs
[2023-02-16 20:48:25,201] {logging_mixin.py:104} INFO - [2023-02-16 20:48:25,201] {dag.py:2306} INFO - Setting next_dagrun for example_python_operator to None
[2023-02-16 20:48:25,209] {scheduler_job.py:190} INFO - Processing /home/airflow/.local/lib/python3.6/site-packages/airflow/example_dags/example_python_operator.py took 0.058 seconds
[2023-02-16 20:48:56,221] {scheduler_job.py:182} INFO - Started process (PID=772) to work on /home/airflow/.local/lib/python3.6/site-packages/airflow/example_dags/example_python_operator.py
[2023-02-16 20:48:56,222] {scheduler_job.py:633} INFO - Processing file /home/airflow/.local/lib/python3.6/site-packages/airflow/example_dags/example_python_operator.py for tasks to queue
[2023-02-16 20:48:56,222] {logging_mixin.py:104} INFO - [2023-02-16 20:48:56,222] {dagbag.py:496} INFO - Filling up the DagBag from /home/airflow/.local/lib/python3.6/site-packages/airflow/example_dags/example_python_operator.py
[2023-02-16 20:48:56,234] {scheduler_job.py:643} INFO - DAG(s) dict_keys(['example_python_operator']) retrieved from /home/airflow/.local/lib/python3.6/site-packages/airflow/example_dags/example_python_operator.py
[2023-02-16 20:48:56,255] {logging_mixin.py:104} INFO - [2023-02-16 20:48:56,255] {dag.py:1833} INFO - Sync 1 DAGs
[2023-02-16 20:48:56,270] {logging_mixin.py:104} INFO - [2023-02-16 20:48:56,270] {dag.py:2306} INFO - Setting next_dagrun for example_python_operator to None
[2023-02-16 20:48:56,281] {scheduler_job.py:190} INFO - Processing /home/airflow/.local/lib/python3.6/site-packages/airflow/example_dags/example_python_operator.py took 0.063 seconds
[2023-02-16 20:49:27,120] {scheduler_job.py:182} INFO - Started process (PID=833) to work on /home/airflow/.local/lib/python3.6/site-packages/airflow/example_dags/example_python_operator.py
[2023-02-16 20:49:27,121] {scheduler_job.py:633} INFO - Processing file /home/airflow/.local/lib/python3.6/site-packages/airflow/example_dags/example_python_operator.py for tasks to queue
[2023-02-16 20:49:27,122] {logging_mixin.py:104} INFO - [2023-02-16 20:49:27,122] {dagbag.py:496} INFO - Filling up the DagBag from /home/airflow/.local/lib/python3.6/site-packages/airflow/example_dags/example_python_operator.py
[2023-02-16 20:49:27,135] {scheduler_job.py:643} INFO - DAG(s) dict_keys(['example_python_operator']) retrieved from /home/airflow/.local/lib/python3.6/site-packages/airflow/example_dags/example_python_operator.py
[2023-02-16 20:49:27,155] {logging_mixin.py:104} INFO - [2023-02-16 20:49:27,155] {dag.py:1833} INFO - Sync 1 DAGs
[2023-02-16 20:49:27,170] {logging_mixin.py:104} INFO - [2023-02-16 20:49:27,170] {dag.py:2306} INFO - Setting next_dagrun for example_python_operator to None
[2023-02-16 20:49:27,186] {scheduler_job.py:190} INFO - Processing /home/airflow/.local/lib/python3.6/site-packages/airflow/example_dags/example_python_operator.py took 0.068 seconds
[2023-02-16 20:49:57,573] {scheduler_job.py:182} INFO - Started process (PID=884) to work on /home/airflow/.local/lib/python3.6/site-packages/airflow/example_dags/example_python_operator.py
[2023-02-16 20:49:57,574] {scheduler_job.py:633} INFO - Processing file /home/airflow/.local/lib/python3.6/site-packages/airflow/example_dags/example_python_operator.py for tasks to queue
[2023-02-16 20:49:57,575] {logging_mixin.py:104} INFO - [2023-02-16 20:49:57,575] {dagbag.py:496} INFO - Filling up the DagBag from /home/airflow/.local/lib/python3.6/site-packages/airflow/example_dags/example_python_operator.py
[2023-02-16 20:49:57,592] {scheduler_job.py:643} INFO - DAG(s) dict_keys(['example_python_operator']) retrieved from /home/airflow/.local/lib/python3.6/site-packages/airflow/example_dags/example_python_operator.py
[2023-02-16 20:49:57,626] {logging_mixin.py:104} INFO - [2023-02-16 20:49:57,626] {dag.py:1833} INFO - Sync 1 DAGs
[2023-02-16 20:49:57,649] {logging_mixin.py:104} INFO - [2023-02-16 20:49:57,649] {dag.py:2306} INFO - Setting next_dagrun for example_python_operator to None
[2023-02-16 20:49:57,663] {scheduler_job.py:190} INFO - Processing /home/airflow/.local/lib/python3.6/site-packages/airflow/example_dags/example_python_operator.py took 0.095 seconds
[2023-02-16 20:50:28,595] {scheduler_job.py:182} INFO - Started process (PID=945) to work on /home/airflow/.local/lib/python3.6/site-packages/airflow/example_dags/example_python_operator.py
[2023-02-16 20:50:28,596] {scheduler_job.py:633} INFO - Processing file /home/airflow/.local/lib/python3.6/site-packages/airflow/example_dags/example_python_operator.py for tasks to queue
[2023-02-16 20:50:28,597] {logging_mixin.py:104} INFO - [2023-02-16 20:50:28,597] {dagbag.py:496} INFO - Filling up the DagBag from /home/airflow/.local/lib/python3.6/site-packages/airflow/example_dags/example_python_operator.py
[2023-02-16 20:50:28,613] {scheduler_job.py:643} INFO - DAG(s) dict_keys(['example_python_operator']) retrieved from /home/airflow/.local/lib/python3.6/site-packages/airflow/example_dags/example_python_operator.py
[2023-02-16 20:50:28,683] {logging_mixin.py:104} INFO - [2023-02-16 20:50:28,683] {dag.py:1833} INFO - Sync 1 DAGs
[2023-02-16 20:50:28,701] {logging_mixin.py:104} INFO - [2023-02-16 20:50:28,701] {dag.py:2306} INFO - Setting next_dagrun for example_python_operator to None
[2023-02-16 20:50:28,709] {scheduler_job.py:190} INFO - Processing /home/airflow/.local/lib/python3.6/site-packages/airflow/example_dags/example_python_operator.py took 0.117 seconds
[2023-02-16 20:50:59,243] {scheduler_job.py:182} INFO - Started process (PID=997) to work on /home/airflow/.local/lib/python3.6/site-packages/airflow/example_dags/example_python_operator.py
[2023-02-16 20:50:59,244] {scheduler_job.py:633} INFO - Processing file /home/airflow/.local/lib/python3.6/site-packages/airflow/example_dags/example_python_operator.py for tasks to queue
[2023-02-16 20:50:59,245] {logging_mixin.py:104} INFO - [2023-02-16 20:50:59,244] {dagbag.py:496} INFO - Filling up the DagBag from /home/airflow/.local/lib/python3.6/site-packages/airflow/example_dags/example_python_operator.py
[2023-02-16 20:50:59,257] {scheduler_job.py:643} INFO - DAG(s) dict_keys(['example_python_operator']) retrieved from /home/airflow/.local/lib/python3.6/site-packages/airflow/example_dags/example_python_operator.py
[2023-02-16 20:50:59,278] {logging_mixin.py:104} INFO - [2023-02-16 20:50:59,278] {dag.py:1833} INFO - Sync 1 DAGs
[2023-02-16 20:50:59,294] {logging_mixin.py:104} INFO - [2023-02-16 20:50:59,294] {dag.py:2306} INFO - Setting next_dagrun for example_python_operator to None
[2023-02-16 20:50:59,304] {scheduler_job.py:190} INFO - Processing /home/airflow/.local/lib/python3.6/site-packages/airflow/example_dags/example_python_operator.py took 0.064 seconds
[2023-02-16 20:51:29,906] {scheduler_job.py:182} INFO - Started process (PID=1058) to work on /home/airflow/.local/lib/python3.6/site-packages/airflow/example_dags/example_python_operator.py
[2023-02-16 20:51:29,907] {scheduler_job.py:633} INFO - Processing file /home/airflow/.local/lib/python3.6/site-packages/airflow/example_dags/example_python_operator.py for tasks to queue
[2023-02-16 20:51:29,907] {logging_mixin.py:104} INFO - [2023-02-16 20:51:29,907] {dagbag.py:496} INFO - Filling up the DagBag from /home/airflow/.local/lib/python3.6/site-packages/airflow/example_dags/example_python_operator.py
[2023-02-16 20:51:29,919] {scheduler_job.py:643} INFO - DAG(s) dict_keys(['example_python_operator']) retrieved from /home/airflow/.local/lib/python3.6/site-packages/airflow/example_dags/example_python_operator.py
[2023-02-16 20:51:29,945] {logging_mixin.py:104} INFO - [2023-02-16 20:51:29,945] {dag.py:1833} INFO - Sync 1 DAGs
[2023-02-16 20:51:29,962] {logging_mixin.py:104} INFO - [2023-02-16 20:51:29,962] {dag.py:2306} INFO - Setting next_dagrun for example_python_operator to None
[2023-02-16 20:51:29,970] {scheduler_job.py:190} INFO - Processing /home/airflow/.local/lib/python3.6/site-packages/airflow/example_dags/example_python_operator.py took 0.067 seconds
[2023-02-16 20:52:00,337] {scheduler_job.py:182} INFO - Started process (PID=1109) to work on /home/airflow/.local/lib/python3.6/site-packages/airflow/example_dags/example_python_operator.py
[2023-02-16 20:52:00,338] {scheduler_job.py:633} INFO - Processing file /home/airflow/.local/lib/python3.6/site-packages/airflow/example_dags/example_python_operator.py for tasks to queue
[2023-02-16 20:52:00,338] {logging_mixin.py:104} INFO - [2023-02-16 20:52:00,338] {dagbag.py:496} INFO - Filling up the DagBag from /home/airflow/.local/lib/python3.6/site-packages/airflow/example_dags/example_python_operator.py
[2023-02-16 20:52:00,351] {scheduler_job.py:643} INFO - DAG(s) dict_keys(['example_python_operator']) retrieved from /home/airflow/.local/lib/python3.6/site-packages/airflow/example_dags/example_python_operator.py
[2023-02-16 20:52:00,379] {logging_mixin.py:104} INFO - [2023-02-16 20:52:00,379] {dag.py:1833} INFO - Sync 1 DAGs
[2023-02-16 20:52:00,395] {logging_mixin.py:104} INFO - [2023-02-16 20:52:00,394] {dag.py:2306} INFO - Setting next_dagrun for example_python_operator to None
[2023-02-16 20:52:00,404] {scheduler_job.py:190} INFO - Processing /home/airflow/.local/lib/python3.6/site-packages/airflow/example_dags/example_python_operator.py took 0.070 seconds
[2023-02-16 20:52:30,954] {scheduler_job.py:182} INFO - Started process (PID=1170) to work on /home/airflow/.local/lib/python3.6/site-packages/airflow/example_dags/example_python_operator.py
[2023-02-16 20:52:30,955] {scheduler_job.py:633} INFO - Processing file /home/airflow/.local/lib/python3.6/site-packages/airflow/example_dags/example_python_operator.py for tasks to queue
[2023-02-16 20:52:30,956] {logging_mixin.py:104} INFO - [2023-02-16 20:52:30,956] {dagbag.py:496} INFO - Filling up the DagBag from /home/airflow/.local/lib/python3.6/site-packages/airflow/example_dags/example_python_operator.py
[2023-02-16 20:52:30,969] {scheduler_job.py:643} INFO - DAG(s) dict_keys(['example_python_operator']) retrieved from /home/airflow/.local/lib/python3.6/site-packages/airflow/example_dags/example_python_operator.py
[2023-02-16 20:52:30,994] {logging_mixin.py:104} INFO - [2023-02-16 20:52:30,994] {dag.py:1833} INFO - Sync 1 DAGs
[2023-02-16 20:52:31,008] {logging_mixin.py:104} INFO - [2023-02-16 20:52:31,008] {dag.py:2306} INFO - Setting next_dagrun for example_python_operator to None
[2023-02-16 20:52:31,018] {scheduler_job.py:190} INFO - Processing /home/airflow/.local/lib/python3.6/site-packages/airflow/example_dags/example_python_operator.py took 0.067 seconds
[2023-02-16 20:53:05,100] {scheduler_job.py:182} INFO - Started process (PID=1221) to work on /home/airflow/.local/lib/python3.6/site-packages/airflow/example_dags/example_python_operator.py
[2023-02-16 20:53:05,101] {scheduler_job.py:633} INFO - Processing file /home/airflow/.local/lib/python3.6/site-packages/airflow/example_dags/example_python_operator.py for tasks to queue
[2023-02-16 20:53:05,102] {logging_mixin.py:104} INFO - [2023-02-16 20:53:05,102] {dagbag.py:496} INFO - Filling up the DagBag from /home/airflow/.local/lib/python3.6/site-packages/airflow/example_dags/example_python_operator.py
[2023-02-16 20:53:05,198] {scheduler_job.py:643} INFO - DAG(s) dict_keys(['example_python_operator']) retrieved from /home/airflow/.local/lib/python3.6/site-packages/airflow/example_dags/example_python_operator.py
[2023-02-16 20:53:05,298] {logging_mixin.py:104} INFO - [2023-02-16 20:53:05,298] {dag.py:1833} INFO - Sync 1 DAGs
[2023-02-16 20:53:05,313] {logging_mixin.py:104} INFO - [2023-02-16 20:53:05,312] {dag.py:2306} INFO - Setting next_dagrun for example_python_operator to None
[2023-02-16 20:53:05,323] {scheduler_job.py:190} INFO - Processing /home/airflow/.local/lib/python3.6/site-packages/airflow/example_dags/example_python_operator.py took 0.226 seconds
[2023-02-16 20:53:35,495] {scheduler_job.py:182} INFO - Started process (PID=1270) to work on /home/airflow/.local/lib/python3.6/site-packages/airflow/example_dags/example_python_operator.py
[2023-02-16 20:53:35,497] {scheduler_job.py:633} INFO - Processing file /home/airflow/.local/lib/python3.6/site-packages/airflow/example_dags/example_python_operator.py for tasks to queue
[2023-02-16 20:53:35,497] {logging_mixin.py:104} INFO - [2023-02-16 20:53:35,497] {dagbag.py:496} INFO - Filling up the DagBag from /home/airflow/.local/lib/python3.6/site-packages/airflow/example_dags/example_python_operator.py
[2023-02-16 20:53:35,510] {scheduler_job.py:643} INFO - DAG(s) dict_keys(['example_python_operator']) retrieved from /home/airflow/.local/lib/python3.6/site-packages/airflow/example_dags/example_python_operator.py
[2023-02-16 20:53:35,684] {logging_mixin.py:104} INFO - [2023-02-16 20:53:35,684] {dag.py:1833} INFO - Sync 1 DAGs
[2023-02-16 20:53:35,788] {logging_mixin.py:104} INFO - [2023-02-16 20:53:35,788] {dag.py:2306} INFO - Setting next_dagrun for example_python_operator to None
[2023-02-16 20:53:35,885] {scheduler_job.py:190} INFO - Processing /home/airflow/.local/lib/python3.6/site-packages/airflow/example_dags/example_python_operator.py took 0.393 seconds
[2023-02-16 20:54:06,186] {scheduler_job.py:182} INFO - Started process (PID=1322) to work on /home/airflow/.local/lib/python3.6/site-packages/airflow/example_dags/example_python_operator.py
[2023-02-16 20:54:06,187] {scheduler_job.py:633} INFO - Processing file /home/airflow/.local/lib/python3.6/site-packages/airflow/example_dags/example_python_operator.py for tasks to queue
[2023-02-16 20:54:06,188] {logging_mixin.py:104} INFO - [2023-02-16 20:54:06,188] {dagbag.py:496} INFO - Filling up the DagBag from /home/airflow/.local/lib/python3.6/site-packages/airflow/example_dags/example_python_operator.py
[2023-02-16 20:54:06,200] {scheduler_job.py:643} INFO - DAG(s) dict_keys(['example_python_operator']) retrieved from /home/airflow/.local/lib/python3.6/site-packages/airflow/example_dags/example_python_operator.py
[2023-02-16 20:54:06,224] {logging_mixin.py:104} INFO - [2023-02-16 20:54:06,224] {dag.py:1833} INFO - Sync 1 DAGs
[2023-02-16 20:54:06,240] {logging_mixin.py:104} INFO - [2023-02-16 20:54:06,240] {dag.py:2306} INFO - Setting next_dagrun for example_python_operator to None
[2023-02-16 20:54:06,248] {scheduler_job.py:190} INFO - Processing /home/airflow/.local/lib/python3.6/site-packages/airflow/example_dags/example_python_operator.py took 0.064 seconds
[2023-02-16 20:54:36,497] {scheduler_job.py:182} INFO - Started process (PID=1373) to work on /home/airflow/.local/lib/python3.6/site-packages/airflow/example_dags/example_python_operator.py
[2023-02-16 20:54:36,499] {scheduler_job.py:633} INFO - Processing file /home/airflow/.local/lib/python3.6/site-packages/airflow/example_dags/example_python_operator.py for tasks to queue
[2023-02-16 20:54:36,499] {logging_mixin.py:104} INFO - [2023-02-16 20:54:36,499] {dagbag.py:496} INFO - Filling up the DagBag from /home/airflow/.local/lib/python3.6/site-packages/airflow/example_dags/example_python_operator.py
[2023-02-16 20:54:36,513] {scheduler_job.py:643} INFO - DAG(s) dict_keys(['example_python_operator']) retrieved from /home/airflow/.local/lib/python3.6/site-packages/airflow/example_dags/example_python_operator.py
[2023-02-16 20:54:36,549] {logging_mixin.py:104} INFO - [2023-02-16 20:54:36,549] {dag.py:1833} INFO - Sync 1 DAGs
[2023-02-16 20:54:36,569] {logging_mixin.py:104} INFO - [2023-02-16 20:54:36,568] {dag.py:2306} INFO - Setting next_dagrun for example_python_operator to None
[2023-02-16 20:54:36,578] {scheduler_job.py:190} INFO - Processing /home/airflow/.local/lib/python3.6/site-packages/airflow/example_dags/example_python_operator.py took 0.084 seconds
[2023-02-16 20:55:07,127] {scheduler_job.py:182} INFO - Started process (PID=1434) to work on /home/airflow/.local/lib/python3.6/site-packages/airflow/example_dags/example_python_operator.py
[2023-02-16 20:55:07,127] {scheduler_job.py:633} INFO - Processing file /home/airflow/.local/lib/python3.6/site-packages/airflow/example_dags/example_python_operator.py for tasks to queue
[2023-02-16 20:55:07,128] {logging_mixin.py:104} INFO - [2023-02-16 20:55:07,128] {dagbag.py:496} INFO - Filling up the DagBag from /home/airflow/.local/lib/python3.6/site-packages/airflow/example_dags/example_python_operator.py
[2023-02-16 20:55:07,144] {scheduler_job.py:643} INFO - DAG(s) dict_keys(['example_python_operator']) retrieved from /home/airflow/.local/lib/python3.6/site-packages/airflow/example_dags/example_python_operator.py
[2023-02-16 20:55:07,164] {logging_mixin.py:104} INFO - [2023-02-16 20:55:07,164] {dag.py:1833} INFO - Sync 1 DAGs
[2023-02-16 20:55:07,179] {logging_mixin.py:104} INFO - [2023-02-16 20:55:07,178] {dag.py:2306} INFO - Setting next_dagrun for example_python_operator to None
[2023-02-16 20:55:07,186] {scheduler_job.py:190} INFO - Processing /home/airflow/.local/lib/python3.6/site-packages/airflow/example_dags/example_python_operator.py took 0.062 seconds
[2023-02-16 20:55:37,664] {scheduler_job.py:182} INFO - Started process (PID=1486) to work on /home/airflow/.local/lib/python3.6/site-packages/airflow/example_dags/example_python_operator.py
[2023-02-16 20:55:37,665] {scheduler_job.py:633} INFO - Processing file /home/airflow/.local/lib/python3.6/site-packages/airflow/example_dags/example_python_operator.py for tasks to queue
[2023-02-16 20:55:37,665] {logging_mixin.py:104} INFO - [2023-02-16 20:55:37,665] {dagbag.py:496} INFO - Filling up the DagBag from /home/airflow/.local/lib/python3.6/site-packages/airflow/example_dags/example_python_operator.py
[2023-02-16 20:55:37,681] {scheduler_job.py:643} INFO - DAG(s) dict_keys(['example_python_operator']) retrieved from /home/airflow/.local/lib/python3.6/site-packages/airflow/example_dags/example_python_operator.py
[2023-02-16 20:55:37,704] {logging_mixin.py:104} INFO - [2023-02-16 20:55:37,704] {dag.py:1833} INFO - Sync 1 DAGs
[2023-02-16 20:55:37,723] {logging_mixin.py:104} INFO - [2023-02-16 20:55:37,722] {dag.py:2306} INFO - Setting next_dagrun for example_python_operator to None
[2023-02-16 20:55:37,733] {scheduler_job.py:190} INFO - Processing /home/airflow/.local/lib/python3.6/site-packages/airflow/example_dags/example_python_operator.py took 0.072 seconds
[2023-02-16 20:56:08,351] {scheduler_job.py:182} INFO - Started process (PID=1547) to work on /home/airflow/.local/lib/python3.6/site-packages/airflow/example_dags/example_python_operator.py
[2023-02-16 20:56:08,353] {scheduler_job.py:633} INFO - Processing file /home/airflow/.local/lib/python3.6/site-packages/airflow/example_dags/example_python_operator.py for tasks to queue
[2023-02-16 20:56:08,353] {logging_mixin.py:104} INFO - [2023-02-16 20:56:08,353] {dagbag.py:496} INFO - Filling up the DagBag from /home/airflow/.local/lib/python3.6/site-packages/airflow/example_dags/example_python_operator.py
[2023-02-16 20:56:08,367] {scheduler_job.py:643} INFO - DAG(s) dict_keys(['example_python_operator']) retrieved from /home/airflow/.local/lib/python3.6/site-packages/airflow/example_dags/example_python_operator.py
[2023-02-16 20:56:08,388] {logging_mixin.py:104} INFO - [2023-02-16 20:56:08,388] {dag.py:1833} INFO - Sync 1 DAGs
[2023-02-16 20:56:08,403] {logging_mixin.py:104} INFO - [2023-02-16 20:56:08,403] {dag.py:2306} INFO - Setting next_dagrun for example_python_operator to None
[2023-02-16 20:56:08,410] {scheduler_job.py:190} INFO - Processing /home/airflow/.local/lib/python3.6/site-packages/airflow/example_dags/example_python_operator.py took 0.062 seconds
[2023-02-16 20:56:38,872] {scheduler_job.py:182} INFO - Started process (PID=1598) to work on /home/airflow/.local/lib/python3.6/site-packages/airflow/example_dags/example_python_operator.py
[2023-02-16 20:56:38,872] {scheduler_job.py:633} INFO - Processing file /home/airflow/.local/lib/python3.6/site-packages/airflow/example_dags/example_python_operator.py for tasks to queue
[2023-02-16 20:56:38,873] {logging_mixin.py:104} INFO - [2023-02-16 20:56:38,873] {dagbag.py:496} INFO - Filling up the DagBag from /home/airflow/.local/lib/python3.6/site-packages/airflow/example_dags/example_python_operator.py
[2023-02-16 20:56:38,884] {scheduler_job.py:643} INFO - DAG(s) dict_keys(['example_python_operator']) retrieved from /home/airflow/.local/lib/python3.6/site-packages/airflow/example_dags/example_python_operator.py
[2023-02-16 20:56:38,910] {logging_mixin.py:104} INFO - [2023-02-16 20:56:38,910] {dag.py:1833} INFO - Sync 1 DAGs
[2023-02-16 20:56:38,928] {logging_mixin.py:104} INFO - [2023-02-16 20:56:38,928] {dag.py:2306} INFO - Setting next_dagrun for example_python_operator to None
[2023-02-16 20:56:38,936] {scheduler_job.py:190} INFO - Processing /home/airflow/.local/lib/python3.6/site-packages/airflow/example_dags/example_python_operator.py took 0.067 seconds
[2023-02-16 20:57:10,088] {scheduler_job.py:182} INFO - Started process (PID=1659) to work on /home/airflow/.local/lib/python3.6/site-packages/airflow/example_dags/example_python_operator.py
[2023-02-16 20:57:10,088] {scheduler_job.py:633} INFO - Processing file /home/airflow/.local/lib/python3.6/site-packages/airflow/example_dags/example_python_operator.py for tasks to queue
[2023-02-16 20:57:10,089] {logging_mixin.py:104} INFO - [2023-02-16 20:57:10,089] {dagbag.py:496} INFO - Filling up the DagBag from /home/airflow/.local/lib/python3.6/site-packages/airflow/example_dags/example_python_operator.py
[2023-02-16 20:57:10,102] {scheduler_job.py:643} INFO - DAG(s) dict_keys(['example_python_operator']) retrieved from /home/airflow/.local/lib/python3.6/site-packages/airflow/example_dags/example_python_operator.py
[2023-02-16 20:57:10,126] {logging_mixin.py:104} INFO - [2023-02-16 20:57:10,126] {dag.py:1833} INFO - Sync 1 DAGs
[2023-02-16 20:57:10,197] {logging_mixin.py:104} INFO - [2023-02-16 20:57:10,197] {dag.py:2306} INFO - Setting next_dagrun for example_python_operator to None
[2023-02-16 20:57:10,205] {scheduler_job.py:190} INFO - Processing /home/airflow/.local/lib/python3.6/site-packages/airflow/example_dags/example_python_operator.py took 0.120 seconds
[2023-02-16 20:57:40,766] {scheduler_job.py:182} INFO - Started process (PID=1710) to work on /home/airflow/.local/lib/python3.6/site-packages/airflow/example_dags/example_python_operator.py
[2023-02-16 20:57:40,767] {scheduler_job.py:633} INFO - Processing file /home/airflow/.local/lib/python3.6/site-packages/airflow/example_dags/example_python_operator.py for tasks to queue
[2023-02-16 20:57:40,768] {logging_mixin.py:104} INFO - [2023-02-16 20:57:40,768] {dagbag.py:496} INFO - Filling up the DagBag from /home/airflow/.local/lib/python3.6/site-packages/airflow/example_dags/example_python_operator.py
[2023-02-16 20:57:40,782] {scheduler_job.py:643} INFO - DAG(s) dict_keys(['example_python_operator']) retrieved from /home/airflow/.local/lib/python3.6/site-packages/airflow/example_dags/example_python_operator.py
[2023-02-16 20:57:40,808] {logging_mixin.py:104} INFO - [2023-02-16 20:57:40,808] {dag.py:1833} INFO - Sync 1 DAGs
[2023-02-16 20:57:40,821] {logging_mixin.py:104} INFO - [2023-02-16 20:57:40,821] {dag.py:2306} INFO - Setting next_dagrun for example_python_operator to None
[2023-02-16 20:57:40,829] {scheduler_job.py:190} INFO - Processing /home/airflow/.local/lib/python3.6/site-packages/airflow/example_dags/example_python_operator.py took 0.065 seconds
[2023-02-16 20:58:11,454] {scheduler_job.py:182} INFO - Started process (PID=1770) to work on /home/airflow/.local/lib/python3.6/site-packages/airflow/example_dags/example_python_operator.py
[2023-02-16 20:58:11,482] {scheduler_job.py:633} INFO - Processing file /home/airflow/.local/lib/python3.6/site-packages/airflow/example_dags/example_python_operator.py for tasks to queue
[2023-02-16 20:58:11,483] {logging_mixin.py:104} INFO - [2023-02-16 20:58:11,483] {dagbag.py:496} INFO - Filling up the DagBag from /home/airflow/.local/lib/python3.6/site-packages/airflow/example_dags/example_python_operator.py
[2023-02-16 20:58:11,497] {scheduler_job.py:643} INFO - DAG(s) dict_keys(['example_python_operator']) retrieved from /home/airflow/.local/lib/python3.6/site-packages/airflow/example_dags/example_python_operator.py
[2023-02-16 20:58:11,523] {logging_mixin.py:104} INFO - [2023-02-16 20:58:11,522] {dag.py:1833} INFO - Sync 1 DAGs
[2023-02-16 20:58:11,539] {logging_mixin.py:104} INFO - [2023-02-16 20:58:11,538] {dag.py:2306} INFO - Setting next_dagrun for example_python_operator to None
[2023-02-16 20:58:11,589] {scheduler_job.py:190} INFO - Processing /home/airflow/.local/lib/python3.6/site-packages/airflow/example_dags/example_python_operator.py took 0.138 seconds
[2023-02-16 20:58:42,321] {scheduler_job.py:182} INFO - Started process (PID=1822) to work on /home/airflow/.local/lib/python3.6/site-packages/airflow/example_dags/example_python_operator.py
[2023-02-16 20:58:42,322] {scheduler_job.py:633} INFO - Processing file /home/airflow/.local/lib/python3.6/site-packages/airflow/example_dags/example_python_operator.py for tasks to queue
[2023-02-16 20:58:42,322] {logging_mixin.py:104} INFO - [2023-02-16 20:58:42,322] {dagbag.py:496} INFO - Filling up the DagBag from /home/airflow/.local/lib/python3.6/site-packages/airflow/example_dags/example_python_operator.py
[2023-02-16 20:58:42,383] {scheduler_job.py:643} INFO - DAG(s) dict_keys(['example_python_operator']) retrieved from /home/airflow/.local/lib/python3.6/site-packages/airflow/example_dags/example_python_operator.py
[2023-02-16 20:58:42,410] {logging_mixin.py:104} INFO - [2023-02-16 20:58:42,410] {dag.py:1833} INFO - Sync 1 DAGs
[2023-02-16 20:58:42,428] {logging_mixin.py:104} INFO - [2023-02-16 20:58:42,427] {dag.py:2306} INFO - Setting next_dagrun for example_python_operator to None
[2023-02-16 20:58:42,437] {scheduler_job.py:190} INFO - Processing /home/airflow/.local/lib/python3.6/site-packages/airflow/example_dags/example_python_operator.py took 0.119 seconds
[2023-02-16 20:59:13,505] {scheduler_job.py:182} INFO - Started process (PID=1882) to work on /home/airflow/.local/lib/python3.6/site-packages/airflow/example_dags/example_python_operator.py
[2023-02-16 20:59:13,506] {scheduler_job.py:633} INFO - Processing file /home/airflow/.local/lib/python3.6/site-packages/airflow/example_dags/example_python_operator.py for tasks to queue
[2023-02-16 20:59:13,506] {logging_mixin.py:104} INFO - [2023-02-16 20:59:13,506] {dagbag.py:496} INFO - Filling up the DagBag from /home/airflow/.local/lib/python3.6/site-packages/airflow/example_dags/example_python_operator.py
[2023-02-16 20:59:13,518] {scheduler_job.py:643} INFO - DAG(s) dict_keys(['example_python_operator']) retrieved from /home/airflow/.local/lib/python3.6/site-packages/airflow/example_dags/example_python_operator.py
[2023-02-16 20:59:13,539] {logging_mixin.py:104} INFO - [2023-02-16 20:59:13,539] {dag.py:1833} INFO - Sync 1 DAGs
[2023-02-16 20:59:13,593] {logging_mixin.py:104} INFO - [2023-02-16 20:59:13,593] {dag.py:2306} INFO - Setting next_dagrun for example_python_operator to None
[2023-02-16 20:59:13,602] {scheduler_job.py:190} INFO - Processing /home/airflow/.local/lib/python3.6/site-packages/airflow/example_dags/example_python_operator.py took 0.099 seconds
[2023-02-16 20:59:44,504] {scheduler_job.py:182} INFO - Started process (PID=1935) to work on /home/airflow/.local/lib/python3.6/site-packages/airflow/example_dags/example_python_operator.py
[2023-02-16 20:59:44,505] {scheduler_job.py:633} INFO - Processing file /home/airflow/.local/lib/python3.6/site-packages/airflow/example_dags/example_python_operator.py for tasks to queue
[2023-02-16 20:59:44,505] {logging_mixin.py:104} INFO - [2023-02-16 20:59:44,505] {dagbag.py:496} INFO - Filling up the DagBag from /home/airflow/.local/lib/python3.6/site-packages/airflow/example_dags/example_python_operator.py
[2023-02-16 20:59:44,518] {scheduler_job.py:643} INFO - DAG(s) dict_keys(['example_python_operator']) retrieved from /home/airflow/.local/lib/python3.6/site-packages/airflow/example_dags/example_python_operator.py
[2023-02-16 20:59:44,550] {logging_mixin.py:104} INFO - [2023-02-16 20:59:44,550] {dag.py:1833} INFO - Sync 1 DAGs
[2023-02-16 20:59:44,563] {logging_mixin.py:104} INFO - [2023-02-16 20:59:44,563] {dag.py:2306} INFO - Setting next_dagrun for example_python_operator to None
[2023-02-16 20:59:44,571] {scheduler_job.py:190} INFO - Processing /home/airflow/.local/lib/python3.6/site-packages/airflow/example_dags/example_python_operator.py took 0.070 seconds
[2023-02-16 21:00:14,813] {scheduler_job.py:182} INFO - Started process (PID=1996) to work on /home/airflow/.local/lib/python3.6/site-packages/airflow/example_dags/example_python_operator.py
[2023-02-16 21:00:14,814] {scheduler_job.py:633} INFO - Processing file /home/airflow/.local/lib/python3.6/site-packages/airflow/example_dags/example_python_operator.py for tasks to queue
[2023-02-16 21:00:14,815] {logging_mixin.py:104} INFO - [2023-02-16 21:00:14,815] {dagbag.py:496} INFO - Filling up the DagBag from /home/airflow/.local/lib/python3.6/site-packages/airflow/example_dags/example_python_operator.py
[2023-02-16 21:00:14,828] {scheduler_job.py:643} INFO - DAG(s) dict_keys(['example_python_operator']) retrieved from /home/airflow/.local/lib/python3.6/site-packages/airflow/example_dags/example_python_operator.py
[2023-02-16 21:00:14,849] {logging_mixin.py:104} INFO - [2023-02-16 21:00:14,848] {dag.py:1833} INFO - Sync 1 DAGs
[2023-02-16 21:00:14,866] {logging_mixin.py:104} INFO - [2023-02-16 21:00:14,866] {dag.py:2306} INFO - Setting next_dagrun for example_python_operator to None
[2023-02-16 21:00:14,885] {scheduler_job.py:190} INFO - Processing /home/airflow/.local/lib/python3.6/site-packages/airflow/example_dags/example_python_operator.py took 0.075 seconds
[2023-02-16 21:00:45,376] {scheduler_job.py:182} INFO - Started process (PID=2047) to work on /home/airflow/.local/lib/python3.6/site-packages/airflow/example_dags/example_python_operator.py
[2023-02-16 21:00:45,377] {scheduler_job.py:633} INFO - Processing file /home/airflow/.local/lib/python3.6/site-packages/airflow/example_dags/example_python_operator.py for tasks to queue
[2023-02-16 21:00:45,377] {logging_mixin.py:104} INFO - [2023-02-16 21:00:45,377] {dagbag.py:496} INFO - Filling up the DagBag from /home/airflow/.local/lib/python3.6/site-packages/airflow/example_dags/example_python_operator.py
[2023-02-16 21:00:45,392] {scheduler_job.py:643} INFO - DAG(s) dict_keys(['example_python_operator']) retrieved from /home/airflow/.local/lib/python3.6/site-packages/airflow/example_dags/example_python_operator.py
[2023-02-16 21:00:45,412] {logging_mixin.py:104} INFO - [2023-02-16 21:00:45,412] {dag.py:1833} INFO - Sync 1 DAGs
[2023-02-16 21:00:45,427] {logging_mixin.py:104} INFO - [2023-02-16 21:00:45,427] {dag.py:2306} INFO - Setting next_dagrun for example_python_operator to None
[2023-02-16 21:00:45,436] {scheduler_job.py:190} INFO - Processing /home/airflow/.local/lib/python3.6/site-packages/airflow/example_dags/example_python_operator.py took 0.063 seconds
[2023-02-16 21:01:15,857] {scheduler_job.py:182} INFO - Started process (PID=2107) to work on /home/airflow/.local/lib/python3.6/site-packages/airflow/example_dags/example_python_operator.py
[2023-02-16 21:01:15,858] {scheduler_job.py:633} INFO - Processing file /home/airflow/.local/lib/python3.6/site-packages/airflow/example_dags/example_python_operator.py for tasks to queue
[2023-02-16 21:01:15,859] {logging_mixin.py:104} INFO - [2023-02-16 21:01:15,859] {dagbag.py:496} INFO - Filling up the DagBag from /home/airflow/.local/lib/python3.6/site-packages/airflow/example_dags/example_python_operator.py
[2023-02-16 21:01:15,872] {scheduler_job.py:643} INFO - DAG(s) dict_keys(['example_python_operator']) retrieved from /home/airflow/.local/lib/python3.6/site-packages/airflow/example_dags/example_python_operator.py
[2023-02-16 21:01:15,891] {logging_mixin.py:104} INFO - [2023-02-16 21:01:15,891] {dag.py:1833} INFO - Sync 1 DAGs
[2023-02-16 21:01:15,904] {logging_mixin.py:104} INFO - [2023-02-16 21:01:15,904] {dag.py:2306} INFO - Setting next_dagrun for example_python_operator to None
[2023-02-16 21:01:15,913] {scheduler_job.py:190} INFO - Processing /home/airflow/.local/lib/python3.6/site-packages/airflow/example_dags/example_python_operator.py took 0.058 seconds
[2023-02-16 21:01:46,437] {scheduler_job.py:182} INFO - Started process (PID=2159) to work on /home/airflow/.local/lib/python3.6/site-packages/airflow/example_dags/example_python_operator.py
[2023-02-16 21:01:46,438] {scheduler_job.py:633} INFO - Processing file /home/airflow/.local/lib/python3.6/site-packages/airflow/example_dags/example_python_operator.py for tasks to queue
[2023-02-16 21:01:46,439] {logging_mixin.py:104} INFO - [2023-02-16 21:01:46,439] {dagbag.py:496} INFO - Filling up the DagBag from /home/airflow/.local/lib/python3.6/site-packages/airflow/example_dags/example_python_operator.py
[2023-02-16 21:01:46,456] {scheduler_job.py:643} INFO - DAG(s) dict_keys(['example_python_operator']) retrieved from /home/airflow/.local/lib/python3.6/site-packages/airflow/example_dags/example_python_operator.py
[2023-02-16 21:01:46,486] {logging_mixin.py:104} INFO - [2023-02-16 21:01:46,486] {dag.py:1833} INFO - Sync 1 DAGs
[2023-02-16 21:01:46,510] {logging_mixin.py:104} INFO - [2023-02-16 21:01:46,510] {dag.py:2306} INFO - Setting next_dagrun for example_python_operator to None
[2023-02-16 21:01:46,524] {scheduler_job.py:190} INFO - Processing /home/airflow/.local/lib/python3.6/site-packages/airflow/example_dags/example_python_operator.py took 0.090 seconds
[2023-02-16 21:02:16,542] {scheduler_job.py:182} INFO - Started process (PID=2220) to work on /home/airflow/.local/lib/python3.6/site-packages/airflow/example_dags/example_python_operator.py
[2023-02-16 21:02:16,543] {scheduler_job.py:633} INFO - Processing file /home/airflow/.local/lib/python3.6/site-packages/airflow/example_dags/example_python_operator.py for tasks to queue
[2023-02-16 21:02:16,544] {logging_mixin.py:104} INFO - [2023-02-16 21:02:16,543] {dagbag.py:496} INFO - Filling up the DagBag from /home/airflow/.local/lib/python3.6/site-packages/airflow/example_dags/example_python_operator.py
[2023-02-16 21:02:16,555] {scheduler_job.py:643} INFO - DAG(s) dict_keys(['example_python_operator']) retrieved from /home/airflow/.local/lib/python3.6/site-packages/airflow/example_dags/example_python_operator.py
[2023-02-16 21:02:16,574] {logging_mixin.py:104} INFO - [2023-02-16 21:02:16,574] {dag.py:1833} INFO - Sync 1 DAGs
[2023-02-16 21:02:16,587] {logging_mixin.py:104} INFO - [2023-02-16 21:02:16,587] {dag.py:2306} INFO - Setting next_dagrun for example_python_operator to None
[2023-02-16 21:02:16,595] {scheduler_job.py:190} INFO - Processing /home/airflow/.local/lib/python3.6/site-packages/airflow/example_dags/example_python_operator.py took 0.055 seconds
[2023-02-16 21:02:47,312] {scheduler_job.py:182} INFO - Started process (PID=2271) to work on /home/airflow/.local/lib/python3.6/site-packages/airflow/example_dags/example_python_operator.py
[2023-02-16 21:02:47,312] {scheduler_job.py:633} INFO - Processing file /home/airflow/.local/lib/python3.6/site-packages/airflow/example_dags/example_python_operator.py for tasks to queue
[2023-02-16 21:02:47,313] {logging_mixin.py:104} INFO - [2023-02-16 21:02:47,313] {dagbag.py:496} INFO - Filling up the DagBag from /home/airflow/.local/lib/python3.6/site-packages/airflow/example_dags/example_python_operator.py
[2023-02-16 21:02:47,326] {scheduler_job.py:643} INFO - DAG(s) dict_keys(['example_python_operator']) retrieved from /home/airflow/.local/lib/python3.6/site-packages/airflow/example_dags/example_python_operator.py
[2023-02-16 21:02:47,384] {logging_mixin.py:104} INFO - [2023-02-16 21:02:47,384] {dag.py:1833} INFO - Sync 1 DAGs
[2023-02-16 21:02:47,397] {logging_mixin.py:104} INFO - [2023-02-16 21:02:47,397] {dag.py:2306} INFO - Setting next_dagrun for example_python_operator to None
[2023-02-16 21:02:47,407] {scheduler_job.py:190} INFO - Processing /home/airflow/.local/lib/python3.6/site-packages/airflow/example_dags/example_python_operator.py took 0.098 seconds
[2023-02-16 21:03:17,819] {scheduler_job.py:182} INFO - Started process (PID=2329) to work on /home/airflow/.local/lib/python3.6/site-packages/airflow/example_dags/example_python_operator.py
[2023-02-16 21:03:17,823] {scheduler_job.py:633} INFO - Processing file /home/airflow/.local/lib/python3.6/site-packages/airflow/example_dags/example_python_operator.py for tasks to queue
[2023-02-16 21:03:17,823] {logging_mixin.py:104} INFO - [2023-02-16 21:03:17,823] {dagbag.py:496} INFO - Filling up the DagBag from /home/airflow/.local/lib/python3.6/site-packages/airflow/example_dags/example_python_operator.py
[2023-02-16 21:03:17,893] {scheduler_job.py:643} INFO - DAG(s) dict_keys(['example_python_operator']) retrieved from /home/airflow/.local/lib/python3.6/site-packages/airflow/example_dags/example_python_operator.py
[2023-02-16 21:03:17,919] {logging_mixin.py:104} INFO - [2023-02-16 21:03:17,919] {dag.py:1833} INFO - Sync 1 DAGs
[2023-02-16 21:03:17,983] {logging_mixin.py:104} INFO - [2023-02-16 21:03:17,983] {dag.py:2306} INFO - Setting next_dagrun for example_python_operator to None
[2023-02-16 21:03:17,996] {scheduler_job.py:190} INFO - Processing /home/airflow/.local/lib/python3.6/site-packages/airflow/example_dags/example_python_operator.py took 0.180 seconds
[2023-02-16 21:03:48,249] {scheduler_job.py:182} INFO - Started process (PID=2383) to work on /home/airflow/.local/lib/python3.6/site-packages/airflow/example_dags/example_python_operator.py
[2023-02-16 21:03:48,249] {scheduler_job.py:633} INFO - Processing file /home/airflow/.local/lib/python3.6/site-packages/airflow/example_dags/example_python_operator.py for tasks to queue
[2023-02-16 21:03:48,250] {logging_mixin.py:104} INFO - [2023-02-16 21:03:48,250] {dagbag.py:496} INFO - Filling up the DagBag from /home/airflow/.local/lib/python3.6/site-packages/airflow/example_dags/example_python_operator.py
[2023-02-16 21:03:48,261] {scheduler_job.py:643} INFO - DAG(s) dict_keys(['example_python_operator']) retrieved from /home/airflow/.local/lib/python3.6/site-packages/airflow/example_dags/example_python_operator.py
[2023-02-16 21:03:48,282] {logging_mixin.py:104} INFO - [2023-02-16 21:03:48,282] {dag.py:1833} INFO - Sync 1 DAGs
[2023-02-16 21:03:48,302] {logging_mixin.py:104} INFO - [2023-02-16 21:03:48,301] {dag.py:2306} INFO - Setting next_dagrun for example_python_operator to None
[2023-02-16 21:03:48,312] {scheduler_job.py:190} INFO - Processing /home/airflow/.local/lib/python3.6/site-packages/airflow/example_dags/example_python_operator.py took 0.066 seconds
[2023-02-16 21:04:18,746] {scheduler_job.py:182} INFO - Started process (PID=2434) to work on /home/airflow/.local/lib/python3.6/site-packages/airflow/example_dags/example_python_operator.py
[2023-02-16 21:04:18,747] {scheduler_job.py:633} INFO - Processing file /home/airflow/.local/lib/python3.6/site-packages/airflow/example_dags/example_python_operator.py for tasks to queue
[2023-02-16 21:04:18,747] {logging_mixin.py:104} INFO - [2023-02-16 21:04:18,747] {dagbag.py:496} INFO - Filling up the DagBag from /home/airflow/.local/lib/python3.6/site-packages/airflow/example_dags/example_python_operator.py
[2023-02-16 21:04:18,758] {scheduler_job.py:643} INFO - DAG(s) dict_keys(['example_python_operator']) retrieved from /home/airflow/.local/lib/python3.6/site-packages/airflow/example_dags/example_python_operator.py
[2023-02-16 21:04:18,793] {logging_mixin.py:104} INFO - [2023-02-16 21:04:18,792] {dag.py:1833} INFO - Sync 1 DAGs
[2023-02-16 21:04:18,806] {logging_mixin.py:104} INFO - [2023-02-16 21:04:18,805] {dag.py:2306} INFO - Setting next_dagrun for example_python_operator to None
[2023-02-16 21:04:18,814] {scheduler_job.py:190} INFO - Processing /home/airflow/.local/lib/python3.6/site-packages/airflow/example_dags/example_python_operator.py took 0.070 seconds
[2023-02-16 21:04:49,405] {scheduler_job.py:182} INFO - Started process (PID=2495) to work on /home/airflow/.local/lib/python3.6/site-packages/airflow/example_dags/example_python_operator.py
[2023-02-16 21:04:49,406] {scheduler_job.py:633} INFO - Processing file /home/airflow/.local/lib/python3.6/site-packages/airflow/example_dags/example_python_operator.py for tasks to queue
[2023-02-16 21:04:49,406] {logging_mixin.py:104} INFO - [2023-02-16 21:04:49,406] {dagbag.py:496} INFO - Filling up the DagBag from /home/airflow/.local/lib/python3.6/site-packages/airflow/example_dags/example_python_operator.py
[2023-02-16 21:04:49,419] {scheduler_job.py:643} INFO - DAG(s) dict_keys(['example_python_operator']) retrieved from /home/airflow/.local/lib/python3.6/site-packages/airflow/example_dags/example_python_operator.py
[2023-02-16 21:04:49,444] {logging_mixin.py:104} INFO - [2023-02-16 21:04:49,444] {dag.py:1833} INFO - Sync 1 DAGs
[2023-02-16 21:04:49,462] {logging_mixin.py:104} INFO - [2023-02-16 21:04:49,462] {dag.py:2306} INFO - Setting next_dagrun for example_python_operator to None
[2023-02-16 21:04:49,484] {scheduler_job.py:190} INFO - Processing /home/airflow/.local/lib/python3.6/site-packages/airflow/example_dags/example_python_operator.py took 0.082 seconds
[2023-02-16 21:05:19,924] {scheduler_job.py:182} INFO - Started process (PID=2546) to work on /home/airflow/.local/lib/python3.6/site-packages/airflow/example_dags/example_python_operator.py
[2023-02-16 21:05:19,924] {scheduler_job.py:633} INFO - Processing file /home/airflow/.local/lib/python3.6/site-packages/airflow/example_dags/example_python_operator.py for tasks to queue
[2023-02-16 21:05:19,925] {logging_mixin.py:104} INFO - [2023-02-16 21:05:19,925] {dagbag.py:496} INFO - Filling up the DagBag from /home/airflow/.local/lib/python3.6/site-packages/airflow/example_dags/example_python_operator.py
[2023-02-16 21:05:19,937] {scheduler_job.py:643} INFO - DAG(s) dict_keys(['example_python_operator']) retrieved from /home/airflow/.local/lib/python3.6/site-packages/airflow/example_dags/example_python_operator.py
[2023-02-16 21:05:19,962] {logging_mixin.py:104} INFO - [2023-02-16 21:05:19,962] {dag.py:1833} INFO - Sync 1 DAGs
[2023-02-16 21:05:19,976] {logging_mixin.py:104} INFO - [2023-02-16 21:05:19,976] {dag.py:2306} INFO - Setting next_dagrun for example_python_operator to None
[2023-02-16 21:05:19,984] {scheduler_job.py:190} INFO - Processing /home/airflow/.local/lib/python3.6/site-packages/airflow/example_dags/example_python_operator.py took 0.063 seconds
[2023-02-16 21:05:50,632] {scheduler_job.py:182} INFO - Started process (PID=2607) to work on /home/airflow/.local/lib/python3.6/site-packages/airflow/example_dags/example_python_operator.py
[2023-02-16 21:05:50,633] {scheduler_job.py:633} INFO - Processing file /home/airflow/.local/lib/python3.6/site-packages/airflow/example_dags/example_python_operator.py for tasks to queue
[2023-02-16 21:05:50,633] {logging_mixin.py:104} INFO - [2023-02-16 21:05:50,633] {dagbag.py:496} INFO - Filling up the DagBag from /home/airflow/.local/lib/python3.6/site-packages/airflow/example_dags/example_python_operator.py
[2023-02-16 21:05:50,644] {scheduler_job.py:643} INFO - DAG(s) dict_keys(['example_python_operator']) retrieved from /home/airflow/.local/lib/python3.6/site-packages/airflow/example_dags/example_python_operator.py
[2023-02-16 21:05:50,663] {logging_mixin.py:104} INFO - [2023-02-16 21:05:50,663] {dag.py:1833} INFO - Sync 1 DAGs
[2023-02-16 21:05:50,682] {logging_mixin.py:104} INFO - [2023-02-16 21:05:50,682] {dag.py:2306} INFO - Setting next_dagrun for example_python_operator to None
[2023-02-16 21:05:50,691] {scheduler_job.py:190} INFO - Processing /home/airflow/.local/lib/python3.6/site-packages/airflow/example_dags/example_python_operator.py took 0.062 seconds
[2023-02-16 21:06:21,288] {scheduler_job.py:182} INFO - Started process (PID=2658) to work on /home/airflow/.local/lib/python3.6/site-packages/airflow/example_dags/example_python_operator.py
[2023-02-16 21:06:21,289] {scheduler_job.py:633} INFO - Processing file /home/airflow/.local/lib/python3.6/site-packages/airflow/example_dags/example_python_operator.py for tasks to queue
[2023-02-16 21:06:21,290] {logging_mixin.py:104} INFO - [2023-02-16 21:06:21,290] {dagbag.py:496} INFO - Filling up the DagBag from /home/airflow/.local/lib/python3.6/site-packages/airflow/example_dags/example_python_operator.py
[2023-02-16 21:06:21,303] {scheduler_job.py:643} INFO - DAG(s) dict_keys(['example_python_operator']) retrieved from /home/airflow/.local/lib/python3.6/site-packages/airflow/example_dags/example_python_operator.py
[2023-02-16 21:06:21,322] {logging_mixin.py:104} INFO - [2023-02-16 21:06:21,322] {dag.py:1833} INFO - Sync 1 DAGs
[2023-02-16 21:06:21,335] {logging_mixin.py:104} INFO - [2023-02-16 21:06:21,335] {dag.py:2306} INFO - Setting next_dagrun for example_python_operator to None
[2023-02-16 21:06:21,343] {scheduler_job.py:190} INFO - Processing /home/airflow/.local/lib/python3.6/site-packages/airflow/example_dags/example_python_operator.py took 0.058 seconds
[2023-02-16 21:06:51,928] {scheduler_job.py:182} INFO - Started process (PID=2719) to work on /home/airflow/.local/lib/python3.6/site-packages/airflow/example_dags/example_python_operator.py
[2023-02-16 21:06:51,929] {scheduler_job.py:633} INFO - Processing file /home/airflow/.local/lib/python3.6/site-packages/airflow/example_dags/example_python_operator.py for tasks to queue
[2023-02-16 21:06:51,930] {logging_mixin.py:104} INFO - [2023-02-16 21:06:51,930] {dagbag.py:496} INFO - Filling up the DagBag from /home/airflow/.local/lib/python3.6/site-packages/airflow/example_dags/example_python_operator.py
[2023-02-16 21:06:51,943] {scheduler_job.py:643} INFO - DAG(s) dict_keys(['example_python_operator']) retrieved from /home/airflow/.local/lib/python3.6/site-packages/airflow/example_dags/example_python_operator.py
[2023-02-16 21:06:51,989] {logging_mixin.py:104} INFO - [2023-02-16 21:06:51,989] {dag.py:1833} INFO - Sync 1 DAGs
[2023-02-16 21:06:52,005] {logging_mixin.py:104} INFO - [2023-02-16 21:06:52,005] {dag.py:2306} INFO - Setting next_dagrun for example_python_operator to None
[2023-02-16 21:06:52,015] {scheduler_job.py:190} INFO - Processing /home/airflow/.local/lib/python3.6/site-packages/airflow/example_dags/example_python_operator.py took 0.090 seconds
[2023-02-16 21:07:22,510] {scheduler_job.py:182} INFO - Started process (PID=2770) to work on /home/airflow/.local/lib/python3.6/site-packages/airflow/example_dags/example_python_operator.py
[2023-02-16 21:07:22,511] {scheduler_job.py:633} INFO - Processing file /home/airflow/.local/lib/python3.6/site-packages/airflow/example_dags/example_python_operator.py for tasks to queue
[2023-02-16 21:07:22,511] {logging_mixin.py:104} INFO - [2023-02-16 21:07:22,511] {dagbag.py:496} INFO - Filling up the DagBag from /home/airflow/.local/lib/python3.6/site-packages/airflow/example_dags/example_python_operator.py
[2023-02-16 21:07:22,522] {scheduler_job.py:643} INFO - DAG(s) dict_keys(['example_python_operator']) retrieved from /home/airflow/.local/lib/python3.6/site-packages/airflow/example_dags/example_python_operator.py
[2023-02-16 21:07:22,540] {logging_mixin.py:104} INFO - [2023-02-16 21:07:22,540] {dag.py:1833} INFO - Sync 1 DAGs
[2023-02-16 21:07:22,552] {logging_mixin.py:104} INFO - [2023-02-16 21:07:22,552] {dag.py:2306} INFO - Setting next_dagrun for example_python_operator to None
[2023-02-16 21:07:22,560] {scheduler_job.py:190} INFO - Processing /home/airflow/.local/lib/python3.6/site-packages/airflow/example_dags/example_python_operator.py took 0.052 seconds
[2023-02-16 21:07:53,003] {scheduler_job.py:182} INFO - Started process (PID=2831) to work on /home/airflow/.local/lib/python3.6/site-packages/airflow/example_dags/example_python_operator.py
[2023-02-16 21:07:53,004] {scheduler_job.py:633} INFO - Processing file /home/airflow/.local/lib/python3.6/site-packages/airflow/example_dags/example_python_operator.py for tasks to queue
[2023-02-16 21:07:53,005] {logging_mixin.py:104} INFO - [2023-02-16 21:07:53,005] {dagbag.py:496} INFO - Filling up the DagBag from /home/airflow/.local/lib/python3.6/site-packages/airflow/example_dags/example_python_operator.py
[2023-02-16 21:07:53,017] {scheduler_job.py:643} INFO - DAG(s) dict_keys(['example_python_operator']) retrieved from /home/airflow/.local/lib/python3.6/site-packages/airflow/example_dags/example_python_operator.py
[2023-02-16 21:07:53,043] {logging_mixin.py:104} INFO - [2023-02-16 21:07:53,042] {dag.py:1833} INFO - Sync 1 DAGs
[2023-02-16 21:07:53,089] {logging_mixin.py:104} INFO - [2023-02-16 21:07:53,089] {dag.py:2306} INFO - Setting next_dagrun for example_python_operator to None
[2023-02-16 21:07:53,099] {scheduler_job.py:190} INFO - Processing /home/airflow/.local/lib/python3.6/site-packages/airflow/example_dags/example_python_operator.py took 0.099 seconds
[2023-02-16 21:08:23,718] {scheduler_job.py:182} INFO - Started process (PID=2882) to work on /home/airflow/.local/lib/python3.6/site-packages/airflow/example_dags/example_python_operator.py
[2023-02-16 21:08:23,720] {scheduler_job.py:633} INFO - Processing file /home/airflow/.local/lib/python3.6/site-packages/airflow/example_dags/example_python_operator.py for tasks to queue
[2023-02-16 21:08:23,720] {logging_mixin.py:104} INFO - [2023-02-16 21:08:23,720] {dagbag.py:496} INFO - Filling up the DagBag from /home/airflow/.local/lib/python3.6/site-packages/airflow/example_dags/example_python_operator.py
[2023-02-16 21:08:23,731] {scheduler_job.py:643} INFO - DAG(s) dict_keys(['example_python_operator']) retrieved from /home/airflow/.local/lib/python3.6/site-packages/airflow/example_dags/example_python_operator.py
[2023-02-16 21:08:23,751] {logging_mixin.py:104} INFO - [2023-02-16 21:08:23,751] {dag.py:1833} INFO - Sync 1 DAGs
[2023-02-16 21:08:23,764] {logging_mixin.py:104} INFO - [2023-02-16 21:08:23,764] {dag.py:2306} INFO - Setting next_dagrun for example_python_operator to None
[2023-02-16 21:08:23,773] {scheduler_job.py:190} INFO - Processing /home/airflow/.local/lib/python3.6/site-packages/airflow/example_dags/example_python_operator.py took 0.057 seconds
[2023-02-16 21:08:54,010] {scheduler_job.py:182} INFO - Started process (PID=2942) to work on /home/airflow/.local/lib/python3.6/site-packages/airflow/example_dags/example_python_operator.py
[2023-02-16 21:08:54,011] {scheduler_job.py:633} INFO - Processing file /home/airflow/.local/lib/python3.6/site-packages/airflow/example_dags/example_python_operator.py for tasks to queue
[2023-02-16 21:08:54,012] {logging_mixin.py:104} INFO - [2023-02-16 21:08:54,011] {dagbag.py:496} INFO - Filling up the DagBag from /home/airflow/.local/lib/python3.6/site-packages/airflow/example_dags/example_python_operator.py
[2023-02-16 21:08:54,022] {scheduler_job.py:643} INFO - DAG(s) dict_keys(['example_python_operator']) retrieved from /home/airflow/.local/lib/python3.6/site-packages/airflow/example_dags/example_python_operator.py
[2023-02-16 21:08:54,043] {logging_mixin.py:104} INFO - [2023-02-16 21:08:54,043] {dag.py:1833} INFO - Sync 1 DAGs
[2023-02-16 21:08:54,056] {logging_mixin.py:104} INFO - [2023-02-16 21:08:54,056] {dag.py:2306} INFO - Setting next_dagrun for example_python_operator to None
[2023-02-16 21:08:54,064] {scheduler_job.py:190} INFO - Processing /home/airflow/.local/lib/python3.6/site-packages/airflow/example_dags/example_python_operator.py took 0.056 seconds
[2023-02-16 21:09:24,427] {scheduler_job.py:182} INFO - Started process (PID=2993) to work on /home/airflow/.local/lib/python3.6/site-packages/airflow/example_dags/example_python_operator.py
[2023-02-16 21:09:24,428] {scheduler_job.py:633} INFO - Processing file /home/airflow/.local/lib/python3.6/site-packages/airflow/example_dags/example_python_operator.py for tasks to queue
[2023-02-16 21:09:24,429] {logging_mixin.py:104} INFO - [2023-02-16 21:09:24,429] {dagbag.py:496} INFO - Filling up the DagBag from /home/airflow/.local/lib/python3.6/site-packages/airflow/example_dags/example_python_operator.py
[2023-02-16 21:09:24,442] {scheduler_job.py:643} INFO - DAG(s) dict_keys(['example_python_operator']) retrieved from /home/airflow/.local/lib/python3.6/site-packages/airflow/example_dags/example_python_operator.py
[2023-02-16 21:09:24,466] {logging_mixin.py:104} INFO - [2023-02-16 21:09:24,466] {dag.py:1833} INFO - Sync 1 DAGs
[2023-02-16 21:09:24,481] {logging_mixin.py:104} INFO - [2023-02-16 21:09:24,481] {dag.py:2306} INFO - Setting next_dagrun for example_python_operator to None
[2023-02-16 21:09:24,491] {scheduler_job.py:190} INFO - Processing /home/airflow/.local/lib/python3.6/site-packages/airflow/example_dags/example_python_operator.py took 0.066 seconds
[2023-02-16 21:09:55,114] {scheduler_job.py:182} INFO - Started process (PID=3054) to work on /home/airflow/.local/lib/python3.6/site-packages/airflow/example_dags/example_python_operator.py
[2023-02-16 21:09:55,114] {scheduler_job.py:633} INFO - Processing file /home/airflow/.local/lib/python3.6/site-packages/airflow/example_dags/example_python_operator.py for tasks to queue
[2023-02-16 21:09:55,115] {logging_mixin.py:104} INFO - [2023-02-16 21:09:55,115] {dagbag.py:496} INFO - Filling up the DagBag from /home/airflow/.local/lib/python3.6/site-packages/airflow/example_dags/example_python_operator.py
[2023-02-16 21:09:55,127] {scheduler_job.py:643} INFO - DAG(s) dict_keys(['example_python_operator']) retrieved from /home/airflow/.local/lib/python3.6/site-packages/airflow/example_dags/example_python_operator.py
[2023-02-16 21:09:55,150] {logging_mixin.py:104} INFO - [2023-02-16 21:09:55,150] {dag.py:1833} INFO - Sync 1 DAGs
[2023-02-16 21:09:55,184] {logging_mixin.py:104} INFO - [2023-02-16 21:09:55,184] {dag.py:2306} INFO - Setting next_dagrun for example_python_operator to None
[2023-02-16 21:09:55,193] {scheduler_job.py:190} INFO - Processing /home/airflow/.local/lib/python3.6/site-packages/airflow/example_dags/example_python_operator.py took 0.082 seconds
[2023-02-16 21:10:25,362] {scheduler_job.py:182} INFO - Started process (PID=3105) to work on /home/airflow/.local/lib/python3.6/site-packages/airflow/example_dags/example_python_operator.py
[2023-02-16 21:10:25,363] {scheduler_job.py:633} INFO - Processing file /home/airflow/.local/lib/python3.6/site-packages/airflow/example_dags/example_python_operator.py for tasks to queue
[2023-02-16 21:10:25,363] {logging_mixin.py:104} INFO - [2023-02-16 21:10:25,363] {dagbag.py:496} INFO - Filling up the DagBag from /home/airflow/.local/lib/python3.6/site-packages/airflow/example_dags/example_python_operator.py
[2023-02-16 21:10:25,374] {scheduler_job.py:643} INFO - DAG(s) dict_keys(['example_python_operator']) retrieved from /home/airflow/.local/lib/python3.6/site-packages/airflow/example_dags/example_python_operator.py
[2023-02-16 21:10:25,397] {logging_mixin.py:104} INFO - [2023-02-16 21:10:25,397] {dag.py:1833} INFO - Sync 1 DAGs
[2023-02-16 21:10:25,415] {logging_mixin.py:104} INFO - [2023-02-16 21:10:25,415] {dag.py:2306} INFO - Setting next_dagrun for example_python_operator to None
[2023-02-16 21:10:25,425] {scheduler_job.py:190} INFO - Processing /home/airflow/.local/lib/python3.6/site-packages/airflow/example_dags/example_python_operator.py took 0.065 seconds
[2023-02-16 21:10:56,500] {scheduler_job.py:182} INFO - Started process (PID=3166) to work on /home/airflow/.local/lib/python3.6/site-packages/airflow/example_dags/example_python_operator.py
[2023-02-16 21:10:56,501] {scheduler_job.py:633} INFO - Processing file /home/airflow/.local/lib/python3.6/site-packages/airflow/example_dags/example_python_operator.py for tasks to queue
[2023-02-16 21:10:56,501] {logging_mixin.py:104} INFO - [2023-02-16 21:10:56,501] {dagbag.py:496} INFO - Filling up the DagBag from /home/airflow/.local/lib/python3.6/site-packages/airflow/example_dags/example_python_operator.py
[2023-02-16 21:10:56,514] {scheduler_job.py:643} INFO - DAG(s) dict_keys(['example_python_operator']) retrieved from /home/airflow/.local/lib/python3.6/site-packages/airflow/example_dags/example_python_operator.py
[2023-02-16 21:10:56,612] {logging_mixin.py:104} INFO - [2023-02-16 21:10:56,612] {dag.py:1833} INFO - Sync 1 DAGs
[2023-02-16 21:10:56,696] {logging_mixin.py:104} INFO - [2023-02-16 21:10:56,696] {dag.py:2306} INFO - Setting next_dagrun for example_python_operator to None
[2023-02-16 21:10:56,707] {scheduler_job.py:190} INFO - Processing /home/airflow/.local/lib/python3.6/site-packages/airflow/example_dags/example_python_operator.py took 0.210 seconds
[2023-02-16 21:11:27,437] {scheduler_job.py:182} INFO - Started process (PID=3216) to work on /home/airflow/.local/lib/python3.6/site-packages/airflow/example_dags/example_python_operator.py
[2023-02-16 21:11:27,438] {scheduler_job.py:633} INFO - Processing file /home/airflow/.local/lib/python3.6/site-packages/airflow/example_dags/example_python_operator.py for tasks to queue
[2023-02-16 21:11:27,439] {logging_mixin.py:104} INFO - [2023-02-16 21:11:27,439] {dagbag.py:496} INFO - Filling up the DagBag from /home/airflow/.local/lib/python3.6/site-packages/airflow/example_dags/example_python_operator.py
[2023-02-16 21:11:27,450] {scheduler_job.py:643} INFO - DAG(s) dict_keys(['example_python_operator']) retrieved from /home/airflow/.local/lib/python3.6/site-packages/airflow/example_dags/example_python_operator.py
[2023-02-16 21:11:27,468] {logging_mixin.py:104} INFO - [2023-02-16 21:11:27,467] {dag.py:1833} INFO - Sync 1 DAGs
[2023-02-16 21:11:27,480] {logging_mixin.py:104} INFO - [2023-02-16 21:11:27,480] {dag.py:2306} INFO - Setting next_dagrun for example_python_operator to None
[2023-02-16 21:11:27,488] {scheduler_job.py:190} INFO - Processing /home/airflow/.local/lib/python3.6/site-packages/airflow/example_dags/example_python_operator.py took 0.053 seconds
[2023-02-16 21:11:57,849] {scheduler_job.py:182} INFO - Started process (PID=3277) to work on /home/airflow/.local/lib/python3.6/site-packages/airflow/example_dags/example_python_operator.py
[2023-02-16 21:11:57,850] {scheduler_job.py:633} INFO - Processing file /home/airflow/.local/lib/python3.6/site-packages/airflow/example_dags/example_python_operator.py for tasks to queue
[2023-02-16 21:11:57,850] {logging_mixin.py:104} INFO - [2023-02-16 21:11:57,850] {dagbag.py:496} INFO - Filling up the DagBag from /home/airflow/.local/lib/python3.6/site-packages/airflow/example_dags/example_python_operator.py
[2023-02-16 21:11:57,861] {scheduler_job.py:643} INFO - DAG(s) dict_keys(['example_python_operator']) retrieved from /home/airflow/.local/lib/python3.6/site-packages/airflow/example_dags/example_python_operator.py
[2023-02-16 21:11:57,880] {logging_mixin.py:104} INFO - [2023-02-16 21:11:57,879] {dag.py:1833} INFO - Sync 1 DAGs
[2023-02-16 21:11:57,893] {logging_mixin.py:104} INFO - [2023-02-16 21:11:57,893] {dag.py:2306} INFO - Setting next_dagrun for example_python_operator to None
[2023-02-16 21:11:57,902] {scheduler_job.py:190} INFO - Processing /home/airflow/.local/lib/python3.6/site-packages/airflow/example_dags/example_python_operator.py took 0.055 seconds
[2023-02-16 21:12:28,236] {scheduler_job.py:182} INFO - Started process (PID=3328) to work on /home/airflow/.local/lib/python3.6/site-packages/airflow/example_dags/example_python_operator.py
[2023-02-16 21:12:28,237] {scheduler_job.py:633} INFO - Processing file /home/airflow/.local/lib/python3.6/site-packages/airflow/example_dags/example_python_operator.py for tasks to queue
[2023-02-16 21:12:28,237] {logging_mixin.py:104} INFO - [2023-02-16 21:12:28,237] {dagbag.py:496} INFO - Filling up the DagBag from /home/airflow/.local/lib/python3.6/site-packages/airflow/example_dags/example_python_operator.py
[2023-02-16 21:12:28,249] {scheduler_job.py:643} INFO - DAG(s) dict_keys(['example_python_operator']) retrieved from /home/airflow/.local/lib/python3.6/site-packages/airflow/example_dags/example_python_operator.py
[2023-02-16 21:12:28,271] {logging_mixin.py:104} INFO - [2023-02-16 21:12:28,271] {dag.py:1833} INFO - Sync 1 DAGs
[2023-02-16 21:12:28,286] {logging_mixin.py:104} INFO - [2023-02-16 21:12:28,286] {dag.py:2306} INFO - Setting next_dagrun for example_python_operator to None
[2023-02-16 21:12:28,293] {scheduler_job.py:190} INFO - Processing /home/airflow/.local/lib/python3.6/site-packages/airflow/example_dags/example_python_operator.py took 0.060 seconds
[2023-02-16 21:12:58,711] {scheduler_job.py:182} INFO - Started process (PID=3389) to work on /home/airflow/.local/lib/python3.6/site-packages/airflow/example_dags/example_python_operator.py
[2023-02-16 21:12:58,712] {scheduler_job.py:633} INFO - Processing file /home/airflow/.local/lib/python3.6/site-packages/airflow/example_dags/example_python_operator.py for tasks to queue
[2023-02-16 21:12:58,712] {logging_mixin.py:104} INFO - [2023-02-16 21:12:58,712] {dagbag.py:496} INFO - Filling up the DagBag from /home/airflow/.local/lib/python3.6/site-packages/airflow/example_dags/example_python_operator.py
[2023-02-16 21:12:58,783] {scheduler_job.py:643} INFO - DAG(s) dict_keys(['example_python_operator']) retrieved from /home/airflow/.local/lib/python3.6/site-packages/airflow/example_dags/example_python_operator.py
[2023-02-16 21:12:58,803] {logging_mixin.py:104} INFO - [2023-02-16 21:12:58,803] {dag.py:1833} INFO - Sync 1 DAGs
[2023-02-16 21:12:58,816] {logging_mixin.py:104} INFO - [2023-02-16 21:12:58,816] {dag.py:2306} INFO - Setting next_dagrun for example_python_operator to None
[2023-02-16 21:12:58,824] {scheduler_job.py:190} INFO - Processing /home/airflow/.local/lib/python3.6/site-packages/airflow/example_dags/example_python_operator.py took 0.116 seconds
[2023-02-16 21:13:29,300] {scheduler_job.py:182} INFO - Started process (PID=3439) to work on /home/airflow/.local/lib/python3.6/site-packages/airflow/example_dags/example_python_operator.py
[2023-02-16 21:13:29,301] {scheduler_job.py:633} INFO - Processing file /home/airflow/.local/lib/python3.6/site-packages/airflow/example_dags/example_python_operator.py for tasks to queue
[2023-02-16 21:13:29,302] {logging_mixin.py:104} INFO - [2023-02-16 21:13:29,302] {dagbag.py:496} INFO - Filling up the DagBag from /home/airflow/.local/lib/python3.6/site-packages/airflow/example_dags/example_python_operator.py
[2023-02-16 21:13:29,314] {scheduler_job.py:643} INFO - DAG(s) dict_keys(['example_python_operator']) retrieved from /home/airflow/.local/lib/python3.6/site-packages/airflow/example_dags/example_python_operator.py
[2023-02-16 21:13:29,335] {logging_mixin.py:104} INFO - [2023-02-16 21:13:29,335] {dag.py:1833} INFO - Sync 1 DAGs
[2023-02-16 21:13:29,349] {logging_mixin.py:104} INFO - [2023-02-16 21:13:29,349] {dag.py:2306} INFO - Setting next_dagrun for example_python_operator to None
[2023-02-16 21:13:29,358] {scheduler_job.py:190} INFO - Processing /home/airflow/.local/lib/python3.6/site-packages/airflow/example_dags/example_python_operator.py took 0.061 seconds
[2023-02-16 21:13:59,755] {scheduler_job.py:182} INFO - Started process (PID=3497) to work on /home/airflow/.local/lib/python3.6/site-packages/airflow/example_dags/example_python_operator.py
[2023-02-16 21:13:59,755] {scheduler_job.py:633} INFO - Processing file /home/airflow/.local/lib/python3.6/site-packages/airflow/example_dags/example_python_operator.py for tasks to queue
[2023-02-16 21:13:59,756] {logging_mixin.py:104} INFO - [2023-02-16 21:13:59,756] {dagbag.py:496} INFO - Filling up the DagBag from /home/airflow/.local/lib/python3.6/site-packages/airflow/example_dags/example_python_operator.py
[2023-02-16 21:13:59,769] {scheduler_job.py:643} INFO - DAG(s) dict_keys(['example_python_operator']) retrieved from /home/airflow/.local/lib/python3.6/site-packages/airflow/example_dags/example_python_operator.py
[2023-02-16 21:13:59,790] {logging_mixin.py:104} INFO - [2023-02-16 21:13:59,790] {dag.py:1833} INFO - Sync 1 DAGs
[2023-02-16 21:13:59,803] {logging_mixin.py:104} INFO - [2023-02-16 21:13:59,803] {dag.py:2306} INFO - Setting next_dagrun for example_python_operator to None
[2023-02-16 21:13:59,812] {scheduler_job.py:190} INFO - Processing /home/airflow/.local/lib/python3.6/site-packages/airflow/example_dags/example_python_operator.py took 0.060 seconds
[2023-02-16 21:14:30,164] {scheduler_job.py:182} INFO - Started process (PID=3551) to work on /home/airflow/.local/lib/python3.6/site-packages/airflow/example_dags/example_python_operator.py
[2023-02-16 21:14:30,165] {scheduler_job.py:633} INFO - Processing file /home/airflow/.local/lib/python3.6/site-packages/airflow/example_dags/example_python_operator.py for tasks to queue
[2023-02-16 21:14:30,165] {logging_mixin.py:104} INFO - [2023-02-16 21:14:30,165] {dagbag.py:496} INFO - Filling up the DagBag from /home/airflow/.local/lib/python3.6/site-packages/airflow/example_dags/example_python_operator.py
[2023-02-16 21:14:30,176] {scheduler_job.py:643} INFO - DAG(s) dict_keys(['example_python_operator']) retrieved from /home/airflow/.local/lib/python3.6/site-packages/airflow/example_dags/example_python_operator.py
[2023-02-16 21:14:30,194] {logging_mixin.py:104} INFO - [2023-02-16 21:14:30,194] {dag.py:1833} INFO - Sync 1 DAGs
[2023-02-16 21:14:30,208] {logging_mixin.py:104} INFO - [2023-02-16 21:14:30,208] {dag.py:2306} INFO - Setting next_dagrun for example_python_operator to None
[2023-02-16 21:14:30,216] {scheduler_job.py:190} INFO - Processing /home/airflow/.local/lib/python3.6/site-packages/airflow/example_dags/example_python_operator.py took 0.054 seconds
[2023-02-16 21:15:00,474] {scheduler_job.py:182} INFO - Started process (PID=3602) to work on /home/airflow/.local/lib/python3.6/site-packages/airflow/example_dags/example_python_operator.py
[2023-02-16 21:15:00,475] {scheduler_job.py:633} INFO - Processing file /home/airflow/.local/lib/python3.6/site-packages/airflow/example_dags/example_python_operator.py for tasks to queue
[2023-02-16 21:15:00,475] {logging_mixin.py:104} INFO - [2023-02-16 21:15:00,475] {dagbag.py:496} INFO - Filling up the DagBag from /home/airflow/.local/lib/python3.6/site-packages/airflow/example_dags/example_python_operator.py
[2023-02-16 21:15:00,488] {scheduler_job.py:643} INFO - DAG(s) dict_keys(['example_python_operator']) retrieved from /home/airflow/.local/lib/python3.6/site-packages/airflow/example_dags/example_python_operator.py
[2023-02-16 21:15:00,508] {logging_mixin.py:104} INFO - [2023-02-16 21:15:00,508] {dag.py:1833} INFO - Sync 1 DAGs
[2023-02-16 21:15:00,522] {logging_mixin.py:104} INFO - [2023-02-16 21:15:00,522] {dag.py:2306} INFO - Setting next_dagrun for example_python_operator to None
[2023-02-16 21:15:00,531] {scheduler_job.py:190} INFO - Processing /home/airflow/.local/lib/python3.6/site-packages/airflow/example_dags/example_python_operator.py took 0.060 seconds
[2023-02-16 21:15:30,900] {scheduler_job.py:182} INFO - Started process (PID=3663) to work on /home/airflow/.local/lib/python3.6/site-packages/airflow/example_dags/example_python_operator.py
[2023-02-16 21:15:30,901] {scheduler_job.py:633} INFO - Processing file /home/airflow/.local/lib/python3.6/site-packages/airflow/example_dags/example_python_operator.py for tasks to queue
[2023-02-16 21:15:30,902] {logging_mixin.py:104} INFO - [2023-02-16 21:15:30,902] {dagbag.py:496} INFO - Filling up the DagBag from /home/airflow/.local/lib/python3.6/site-packages/airflow/example_dags/example_python_operator.py
[2023-02-16 21:15:30,915] {scheduler_job.py:643} INFO - DAG(s) dict_keys(['example_python_operator']) retrieved from /home/airflow/.local/lib/python3.6/site-packages/airflow/example_dags/example_python_operator.py
[2023-02-16 21:15:30,937] {logging_mixin.py:104} INFO - [2023-02-16 21:15:30,937] {dag.py:1833} INFO - Sync 1 DAGs
[2023-02-16 21:15:30,955] {logging_mixin.py:104} INFO - [2023-02-16 21:15:30,954] {dag.py:2306} INFO - Setting next_dagrun for example_python_operator to None
[2023-02-16 21:15:30,965] {scheduler_job.py:190} INFO - Processing /home/airflow/.local/lib/python3.6/site-packages/airflow/example_dags/example_python_operator.py took 0.068 seconds
[2023-02-16 21:16:01,455] {scheduler_job.py:182} INFO - Started process (PID=3723) to work on /home/airflow/.local/lib/python3.6/site-packages/airflow/example_dags/example_python_operator.py
[2023-02-16 21:16:01,456] {scheduler_job.py:633} INFO - Processing file /home/airflow/.local/lib/python3.6/site-packages/airflow/example_dags/example_python_operator.py for tasks to queue
[2023-02-16 21:16:01,457] {logging_mixin.py:104} INFO - [2023-02-16 21:16:01,457] {dagbag.py:496} INFO - Filling up the DagBag from /home/airflow/.local/lib/python3.6/site-packages/airflow/example_dags/example_python_operator.py
[2023-02-16 21:16:01,469] {scheduler_job.py:643} INFO - DAG(s) dict_keys(['example_python_operator']) retrieved from /home/airflow/.local/lib/python3.6/site-packages/airflow/example_dags/example_python_operator.py
[2023-02-16 21:16:01,494] {logging_mixin.py:104} INFO - [2023-02-16 21:16:01,494] {dag.py:1833} INFO - Sync 1 DAGs
[2023-02-16 21:16:01,508] {logging_mixin.py:104} INFO - [2023-02-16 21:16:01,508] {dag.py:2306} INFO - Setting next_dagrun for example_python_operator to None
[2023-02-16 21:16:01,517] {scheduler_job.py:190} INFO - Processing /home/airflow/.local/lib/python3.6/site-packages/airflow/example_dags/example_python_operator.py took 0.065 seconds
[2023-02-16 21:16:31,785] {scheduler_job.py:182} INFO - Started process (PID=3775) to work on /home/airflow/.local/lib/python3.6/site-packages/airflow/example_dags/example_python_operator.py
[2023-02-16 21:16:31,786] {scheduler_job.py:633} INFO - Processing file /home/airflow/.local/lib/python3.6/site-packages/airflow/example_dags/example_python_operator.py for tasks to queue
[2023-02-16 21:16:31,787] {logging_mixin.py:104} INFO - [2023-02-16 21:16:31,787] {dagbag.py:496} INFO - Filling up the DagBag from /home/airflow/.local/lib/python3.6/site-packages/airflow/example_dags/example_python_operator.py
[2023-02-16 21:16:31,799] {scheduler_job.py:643} INFO - DAG(s) dict_keys(['example_python_operator']) retrieved from /home/airflow/.local/lib/python3.6/site-packages/airflow/example_dags/example_python_operator.py
[2023-02-16 21:16:31,818] {logging_mixin.py:104} INFO - [2023-02-16 21:16:31,818] {dag.py:1833} INFO - Sync 1 DAGs
[2023-02-16 21:16:31,831] {logging_mixin.py:104} INFO - [2023-02-16 21:16:31,831] {dag.py:2306} INFO - Setting next_dagrun for example_python_operator to None
[2023-02-16 21:16:31,840] {scheduler_job.py:190} INFO - Processing /home/airflow/.local/lib/python3.6/site-packages/airflow/example_dags/example_python_operator.py took 0.057 seconds
[2023-02-16 21:17:02,255] {scheduler_job.py:182} INFO - Started process (PID=3836) to work on /home/airflow/.local/lib/python3.6/site-packages/airflow/example_dags/example_python_operator.py
[2023-02-16 21:17:02,256] {scheduler_job.py:633} INFO - Processing file /home/airflow/.local/lib/python3.6/site-packages/airflow/example_dags/example_python_operator.py for tasks to queue
[2023-02-16 21:17:02,256] {logging_mixin.py:104} INFO - [2023-02-16 21:17:02,256] {dagbag.py:496} INFO - Filling up the DagBag from /home/airflow/.local/lib/python3.6/site-packages/airflow/example_dags/example_python_operator.py
[2023-02-16 21:17:02,269] {scheduler_job.py:643} INFO - DAG(s) dict_keys(['example_python_operator']) retrieved from /home/airflow/.local/lib/python3.6/site-packages/airflow/example_dags/example_python_operator.py
[2023-02-16 21:17:02,291] {logging_mixin.py:104} INFO - [2023-02-16 21:17:02,290] {dag.py:1833} INFO - Sync 1 DAGs
[2023-02-16 21:17:02,304] {logging_mixin.py:104} INFO - [2023-02-16 21:17:02,304] {dag.py:2306} INFO - Setting next_dagrun for example_python_operator to None
[2023-02-16 21:17:02,311] {scheduler_job.py:190} INFO - Processing /home/airflow/.local/lib/python3.6/site-packages/airflow/example_dags/example_python_operator.py took 0.058 seconds
[2023-02-16 21:17:32,728] {scheduler_job.py:182} INFO - Started process (PID=3887) to work on /home/airflow/.local/lib/python3.6/site-packages/airflow/example_dags/example_python_operator.py
[2023-02-16 21:17:32,728] {scheduler_job.py:633} INFO - Processing file /home/airflow/.local/lib/python3.6/site-packages/airflow/example_dags/example_python_operator.py for tasks to queue
[2023-02-16 21:17:32,729] {logging_mixin.py:104} INFO - [2023-02-16 21:17:32,729] {dagbag.py:496} INFO - Filling up the DagBag from /home/airflow/.local/lib/python3.6/site-packages/airflow/example_dags/example_python_operator.py
[2023-02-16 21:17:32,741] {scheduler_job.py:643} INFO - DAG(s) dict_keys(['example_python_operator']) retrieved from /home/airflow/.local/lib/python3.6/site-packages/airflow/example_dags/example_python_operator.py
[2023-02-16 21:17:32,762] {logging_mixin.py:104} INFO - [2023-02-16 21:17:32,762] {dag.py:1833} INFO - Sync 1 DAGs
[2023-02-16 21:17:32,776] {logging_mixin.py:104} INFO - [2023-02-16 21:17:32,776] {dag.py:2306} INFO - Setting next_dagrun for example_python_operator to None
[2023-02-16 21:17:32,784] {scheduler_job.py:190} INFO - Processing /home/airflow/.local/lib/python3.6/site-packages/airflow/example_dags/example_python_operator.py took 0.059 seconds
[2023-02-16 21:18:03,068] {scheduler_job.py:182} INFO - Started process (PID=3948) to work on /home/airflow/.local/lib/python3.6/site-packages/airflow/example_dags/example_python_operator.py
[2023-02-16 21:18:03,069] {scheduler_job.py:633} INFO - Processing file /home/airflow/.local/lib/python3.6/site-packages/airflow/example_dags/example_python_operator.py for tasks to queue
[2023-02-16 21:18:03,070] {logging_mixin.py:104} INFO - [2023-02-16 21:18:03,070] {dagbag.py:496} INFO - Filling up the DagBag from /home/airflow/.local/lib/python3.6/site-packages/airflow/example_dags/example_python_operator.py
[2023-02-16 21:18:03,081] {scheduler_job.py:643} INFO - DAG(s) dict_keys(['example_python_operator']) retrieved from /home/airflow/.local/lib/python3.6/site-packages/airflow/example_dags/example_python_operator.py
[2023-02-16 21:18:03,105] {logging_mixin.py:104} INFO - [2023-02-16 21:18:03,105] {dag.py:1833} INFO - Sync 1 DAGs
[2023-02-16 21:18:03,121] {logging_mixin.py:104} INFO - [2023-02-16 21:18:03,121] {dag.py:2306} INFO - Setting next_dagrun for example_python_operator to None
[2023-02-16 21:18:03,130] {scheduler_job.py:190} INFO - Processing /home/airflow/.local/lib/python3.6/site-packages/airflow/example_dags/example_python_operator.py took 0.064 seconds
[2023-02-16 21:18:33,459] {scheduler_job.py:182} INFO - Started process (PID=3999) to work on /home/airflow/.local/lib/python3.6/site-packages/airflow/example_dags/example_python_operator.py
[2023-02-16 21:18:33,460] {scheduler_job.py:633} INFO - Processing file /home/airflow/.local/lib/python3.6/site-packages/airflow/example_dags/example_python_operator.py for tasks to queue
[2023-02-16 21:18:33,461] {logging_mixin.py:104} INFO - [2023-02-16 21:18:33,461] {dagbag.py:496} INFO - Filling up the DagBag from /home/airflow/.local/lib/python3.6/site-packages/airflow/example_dags/example_python_operator.py
[2023-02-16 21:18:33,470] {scheduler_job.py:643} INFO - DAG(s) dict_keys(['example_python_operator']) retrieved from /home/airflow/.local/lib/python3.6/site-packages/airflow/example_dags/example_python_operator.py
[2023-02-16 21:18:33,487] {logging_mixin.py:104} INFO - [2023-02-16 21:18:33,487] {dag.py:1833} INFO - Sync 1 DAGs
[2023-02-16 21:18:33,499] {logging_mixin.py:104} INFO - [2023-02-16 21:18:33,499] {dag.py:2306} INFO - Setting next_dagrun for example_python_operator to None
[2023-02-16 21:18:33,506] {scheduler_job.py:190} INFO - Processing /home/airflow/.local/lib/python3.6/site-packages/airflow/example_dags/example_python_operator.py took 0.049 seconds
[2023-02-16 21:19:03,830] {scheduler_job.py:182} INFO - Started process (PID=4060) to work on /home/airflow/.local/lib/python3.6/site-packages/airflow/example_dags/example_python_operator.py
[2023-02-16 21:19:03,831] {scheduler_job.py:633} INFO - Processing file /home/airflow/.local/lib/python3.6/site-packages/airflow/example_dags/example_python_operator.py for tasks to queue
[2023-02-16 21:19:03,831] {logging_mixin.py:104} INFO - [2023-02-16 21:19:03,831] {dagbag.py:496} INFO - Filling up the DagBag from /home/airflow/.local/lib/python3.6/site-packages/airflow/example_dags/example_python_operator.py
[2023-02-16 21:19:03,844] {scheduler_job.py:643} INFO - DAG(s) dict_keys(['example_python_operator']) retrieved from /home/airflow/.local/lib/python3.6/site-packages/airflow/example_dags/example_python_operator.py
[2023-02-16 21:19:03,865] {logging_mixin.py:104} INFO - [2023-02-16 21:19:03,865] {dag.py:1833} INFO - Sync 1 DAGs
[2023-02-16 21:19:03,879] {logging_mixin.py:104} INFO - [2023-02-16 21:19:03,879] {dag.py:2306} INFO - Setting next_dagrun for example_python_operator to None
[2023-02-16 21:19:03,889] {scheduler_job.py:190} INFO - Processing /home/airflow/.local/lib/python3.6/site-packages/airflow/example_dags/example_python_operator.py took 0.062 seconds
[2023-02-16 21:19:34,411] {scheduler_job.py:182} INFO - Started process (PID=4111) to work on /home/airflow/.local/lib/python3.6/site-packages/airflow/example_dags/example_python_operator.py
[2023-02-16 21:19:34,411] {scheduler_job.py:633} INFO - Processing file /home/airflow/.local/lib/python3.6/site-packages/airflow/example_dags/example_python_operator.py for tasks to queue
[2023-02-16 21:19:34,412] {logging_mixin.py:104} INFO - [2023-02-16 21:19:34,412] {dagbag.py:496} INFO - Filling up the DagBag from /home/airflow/.local/lib/python3.6/site-packages/airflow/example_dags/example_python_operator.py
[2023-02-16 21:19:34,424] {scheduler_job.py:643} INFO - DAG(s) dict_keys(['example_python_operator']) retrieved from /home/airflow/.local/lib/python3.6/site-packages/airflow/example_dags/example_python_operator.py
[2023-02-16 21:19:34,444] {logging_mixin.py:104} INFO - [2023-02-16 21:19:34,443] {dag.py:1833} INFO - Sync 1 DAGs
[2023-02-16 21:19:34,459] {logging_mixin.py:104} INFO - [2023-02-16 21:19:34,459] {dag.py:2306} INFO - Setting next_dagrun for example_python_operator to None
[2023-02-16 21:19:34,467] {scheduler_job.py:190} INFO - Processing /home/airflow/.local/lib/python3.6/site-packages/airflow/example_dags/example_python_operator.py took 0.059 seconds
[2023-02-16 21:20:04,789] {scheduler_job.py:182} INFO - Started process (PID=4172) to work on /home/airflow/.local/lib/python3.6/site-packages/airflow/example_dags/example_python_operator.py
[2023-02-16 21:20:04,790] {scheduler_job.py:633} INFO - Processing file /home/airflow/.local/lib/python3.6/site-packages/airflow/example_dags/example_python_operator.py for tasks to queue
[2023-02-16 21:20:04,791] {logging_mixin.py:104} INFO - [2023-02-16 21:20:04,790] {dagbag.py:496} INFO - Filling up the DagBag from /home/airflow/.local/lib/python3.6/site-packages/airflow/example_dags/example_python_operator.py
[2023-02-16 21:20:04,801] {scheduler_job.py:643} INFO - DAG(s) dict_keys(['example_python_operator']) retrieved from /home/airflow/.local/lib/python3.6/site-packages/airflow/example_dags/example_python_operator.py
[2023-02-16 21:20:04,820] {logging_mixin.py:104} INFO - [2023-02-16 21:20:04,819] {dag.py:1833} INFO - Sync 1 DAGs
[2023-02-16 21:20:04,832] {logging_mixin.py:104} INFO - [2023-02-16 21:20:04,832] {dag.py:2306} INFO - Setting next_dagrun for example_python_operator to None
[2023-02-16 21:20:04,840] {scheduler_job.py:190} INFO - Processing /home/airflow/.local/lib/python3.6/site-packages/airflow/example_dags/example_python_operator.py took 0.053 seconds
[2023-02-16 21:20:35,308] {scheduler_job.py:182} INFO - Started process (PID=4223) to work on /home/airflow/.local/lib/python3.6/site-packages/airflow/example_dags/example_python_operator.py
[2023-02-16 21:20:35,309] {scheduler_job.py:633} INFO - Processing file /home/airflow/.local/lib/python3.6/site-packages/airflow/example_dags/example_python_operator.py for tasks to queue
[2023-02-16 21:20:35,309] {logging_mixin.py:104} INFO - [2023-02-16 21:20:35,309] {dagbag.py:496} INFO - Filling up the DagBag from /home/airflow/.local/lib/python3.6/site-packages/airflow/example_dags/example_python_operator.py
[2023-02-16 21:20:35,320] {scheduler_job.py:643} INFO - DAG(s) dict_keys(['example_python_operator']) retrieved from /home/airflow/.local/lib/python3.6/site-packages/airflow/example_dags/example_python_operator.py
[2023-02-16 21:20:35,340] {logging_mixin.py:104} INFO - [2023-02-16 21:20:35,340] {dag.py:1833} INFO - Sync 1 DAGs
[2023-02-16 21:20:35,352] {logging_mixin.py:104} INFO - [2023-02-16 21:20:35,352] {dag.py:2306} INFO - Setting next_dagrun for example_python_operator to None
[2023-02-16 21:20:35,360] {scheduler_job.py:190} INFO - Processing /home/airflow/.local/lib/python3.6/site-packages/airflow/example_dags/example_python_operator.py took 0.054 seconds
[2023-02-16 21:21:06,194] {scheduler_job.py:182} INFO - Started process (PID=4284) to work on /home/airflow/.local/lib/python3.6/site-packages/airflow/example_dags/example_python_operator.py
[2023-02-16 21:21:06,195] {scheduler_job.py:633} INFO - Processing file /home/airflow/.local/lib/python3.6/site-packages/airflow/example_dags/example_python_operator.py for tasks to queue
[2023-02-16 21:21:06,195] {logging_mixin.py:104} INFO - [2023-02-16 21:21:06,195] {dagbag.py:496} INFO - Filling up the DagBag from /home/airflow/.local/lib/python3.6/site-packages/airflow/example_dags/example_python_operator.py
[2023-02-16 21:21:06,207] {scheduler_job.py:643} INFO - DAG(s) dict_keys(['example_python_operator']) retrieved from /home/airflow/.local/lib/python3.6/site-packages/airflow/example_dags/example_python_operator.py
[2023-02-16 21:21:06,233] {logging_mixin.py:104} INFO - [2023-02-16 21:21:06,233] {dag.py:1833} INFO - Sync 1 DAGs
[2023-02-16 21:21:06,251] {logging_mixin.py:104} INFO - [2023-02-16 21:21:06,251] {dag.py:2306} INFO - Setting next_dagrun for example_python_operator to None
[2023-02-16 21:21:06,262] {scheduler_job.py:190} INFO - Processing /home/airflow/.local/lib/python3.6/site-packages/airflow/example_dags/example_python_operator.py took 0.071 seconds
[2023-02-16 21:21:37,038] {scheduler_job.py:182} INFO - Started process (PID=4335) to work on /home/airflow/.local/lib/python3.6/site-packages/airflow/example_dags/example_python_operator.py
[2023-02-16 21:21:37,039] {scheduler_job.py:633} INFO - Processing file /home/airflow/.local/lib/python3.6/site-packages/airflow/example_dags/example_python_operator.py for tasks to queue
[2023-02-16 21:21:37,040] {logging_mixin.py:104} INFO - [2023-02-16 21:21:37,040] {dagbag.py:496} INFO - Filling up the DagBag from /home/airflow/.local/lib/python3.6/site-packages/airflow/example_dags/example_python_operator.py
[2023-02-16 21:21:37,050] {scheduler_job.py:643} INFO - DAG(s) dict_keys(['example_python_operator']) retrieved from /home/airflow/.local/lib/python3.6/site-packages/airflow/example_dags/example_python_operator.py
[2023-02-16 21:21:37,070] {logging_mixin.py:104} INFO - [2023-02-16 21:21:37,070] {dag.py:1833} INFO - Sync 1 DAGs
[2023-02-16 21:21:37,084] {logging_mixin.py:104} INFO - [2023-02-16 21:21:37,084] {dag.py:2306} INFO - Setting next_dagrun for example_python_operator to None
[2023-02-16 21:21:37,093] {scheduler_job.py:190} INFO - Processing /home/airflow/.local/lib/python3.6/site-packages/airflow/example_dags/example_python_operator.py took 0.057 seconds
[2023-02-16 21:22:07,842] {scheduler_job.py:182} INFO - Started process (PID=4396) to work on /home/airflow/.local/lib/python3.6/site-packages/airflow/example_dags/example_python_operator.py
[2023-02-16 21:22:07,843] {scheduler_job.py:633} INFO - Processing file /home/airflow/.local/lib/python3.6/site-packages/airflow/example_dags/example_python_operator.py for tasks to queue
[2023-02-16 21:22:07,844] {logging_mixin.py:104} INFO - [2023-02-16 21:22:07,844] {dagbag.py:496} INFO - Filling up the DagBag from /home/airflow/.local/lib/python3.6/site-packages/airflow/example_dags/example_python_operator.py
[2023-02-16 21:22:07,855] {scheduler_job.py:643} INFO - DAG(s) dict_keys(['example_python_operator']) retrieved from /home/airflow/.local/lib/python3.6/site-packages/airflow/example_dags/example_python_operator.py
[2023-02-16 21:22:07,876] {logging_mixin.py:104} INFO - [2023-02-16 21:22:07,876] {dag.py:1833} INFO - Sync 1 DAGs
[2023-02-16 21:22:07,892] {logging_mixin.py:104} INFO - [2023-02-16 21:22:07,892] {dag.py:2306} INFO - Setting next_dagrun for example_python_operator to None
[2023-02-16 21:22:07,902] {scheduler_job.py:190} INFO - Processing /home/airflow/.local/lib/python3.6/site-packages/airflow/example_dags/example_python_operator.py took 0.062 seconds
