[2023-02-16 20:47:35,393] {scheduler_job.py:182} INFO - Started process (PID=499) to work on /home/airflow/.local/lib/python3.6/site-packages/airflow/example_dags/example_xcom.py
[2023-02-16 20:47:35,394] {scheduler_job.py:633} INFO - Processing file /home/airflow/.local/lib/python3.6/site-packages/airflow/example_dags/example_xcom.py for tasks to queue
[2023-02-16 20:47:35,394] {logging_mixin.py:104} INFO - [2023-02-16 20:47:35,394] {dagbag.py:496} INFO - Filling up the DagBag from /home/airflow/.local/lib/python3.6/site-packages/airflow/example_dags/example_xcom.py
[2023-02-16 20:47:35,483] {scheduler_job.py:643} INFO - DAG(s) dict_keys(['example_xcom']) retrieved from /home/airflow/.local/lib/python3.6/site-packages/airflow/example_dags/example_xcom.py
[2023-02-16 20:47:40,789] {logging_mixin.py:104} INFO - [2023-02-16 20:47:40,789] {dag.py:1833} INFO - Sync 1 DAGs
[2023-02-16 20:47:40,799] {logging_mixin.py:104} INFO - [2023-02-16 20:47:40,798] {dag.py:1852} INFO - Creating ORM DAG for example_xcom
[2023-02-16 20:47:40,804] {logging_mixin.py:104} INFO - [2023-02-16 20:47:40,804] {dag.py:2306} INFO - Setting next_dagrun for example_xcom to 2023-02-14 00:00:00+00:00
[2023-02-16 20:47:40,815] {scheduler_job.py:190} INFO - Processing /home/airflow/.local/lib/python3.6/site-packages/airflow/example_dags/example_xcom.py took 5.425 seconds
[2023-02-16 20:48:11,514] {scheduler_job.py:182} INFO - Started process (PID=678) to work on /home/airflow/.local/lib/python3.6/site-packages/airflow/example_dags/example_xcom.py
[2023-02-16 20:48:11,515] {scheduler_job.py:633} INFO - Processing file /home/airflow/.local/lib/python3.6/site-packages/airflow/example_dags/example_xcom.py for tasks to queue
[2023-02-16 20:48:11,515] {logging_mixin.py:104} INFO - [2023-02-16 20:48:11,515] {dagbag.py:496} INFO - Filling up the DagBag from /home/airflow/.local/lib/python3.6/site-packages/airflow/example_dags/example_xcom.py
[2023-02-16 20:48:11,526] {scheduler_job.py:643} INFO - DAG(s) dict_keys(['example_xcom']) retrieved from /home/airflow/.local/lib/python3.6/site-packages/airflow/example_dags/example_xcom.py
[2023-02-16 20:48:11,545] {logging_mixin.py:104} INFO - [2023-02-16 20:48:11,545] {dag.py:1833} INFO - Sync 1 DAGs
[2023-02-16 20:48:11,559] {logging_mixin.py:104} INFO - [2023-02-16 20:48:11,559] {dag.py:2306} INFO - Setting next_dagrun for example_xcom to 2023-02-14 00:00:00+00:00
[2023-02-16 20:48:11,569] {scheduler_job.py:190} INFO - Processing /home/airflow/.local/lib/python3.6/site-packages/airflow/example_dags/example_xcom.py took 0.058 seconds
[2023-02-16 20:48:41,613] {scheduler_job.py:182} INFO - Started process (PID=739) to work on /home/airflow/.local/lib/python3.6/site-packages/airflow/example_dags/example_xcom.py
[2023-02-16 20:48:41,614] {scheduler_job.py:633} INFO - Processing file /home/airflow/.local/lib/python3.6/site-packages/airflow/example_dags/example_xcom.py for tasks to queue
[2023-02-16 20:48:41,614] {logging_mixin.py:104} INFO - [2023-02-16 20:48:41,614] {dagbag.py:496} INFO - Filling up the DagBag from /home/airflow/.local/lib/python3.6/site-packages/airflow/example_dags/example_xcom.py
[2023-02-16 20:48:41,625] {scheduler_job.py:643} INFO - DAG(s) dict_keys(['example_xcom']) retrieved from /home/airflow/.local/lib/python3.6/site-packages/airflow/example_dags/example_xcom.py
[2023-02-16 20:48:41,644] {logging_mixin.py:104} INFO - [2023-02-16 20:48:41,644] {dag.py:1833} INFO - Sync 1 DAGs
[2023-02-16 20:48:41,657] {logging_mixin.py:104} INFO - [2023-02-16 20:48:41,657] {dag.py:2306} INFO - Setting next_dagrun for example_xcom to 2023-02-14 00:00:00+00:00
[2023-02-16 20:48:41,665] {scheduler_job.py:190} INFO - Processing /home/airflow/.local/lib/python3.6/site-packages/airflow/example_dags/example_xcom.py took 0.055 seconds
[2023-02-16 20:49:11,898] {scheduler_job.py:182} INFO - Started process (PID=790) to work on /home/airflow/.local/lib/python3.6/site-packages/airflow/example_dags/example_xcom.py
[2023-02-16 20:49:11,898] {scheduler_job.py:633} INFO - Processing file /home/airflow/.local/lib/python3.6/site-packages/airflow/example_dags/example_xcom.py for tasks to queue
[2023-02-16 20:49:11,899] {logging_mixin.py:104} INFO - [2023-02-16 20:49:11,899] {dagbag.py:496} INFO - Filling up the DagBag from /home/airflow/.local/lib/python3.6/site-packages/airflow/example_dags/example_xcom.py
[2023-02-16 20:49:11,909] {scheduler_job.py:643} INFO - DAG(s) dict_keys(['example_xcom']) retrieved from /home/airflow/.local/lib/python3.6/site-packages/airflow/example_dags/example_xcom.py
[2023-02-16 20:49:11,927] {logging_mixin.py:104} INFO - [2023-02-16 20:49:11,927] {dag.py:1833} INFO - Sync 1 DAGs
[2023-02-16 20:49:11,942] {logging_mixin.py:104} INFO - [2023-02-16 20:49:11,942] {dag.py:2306} INFO - Setting next_dagrun for example_xcom to 2023-02-14 00:00:00+00:00
[2023-02-16 20:49:11,950] {scheduler_job.py:190} INFO - Processing /home/airflow/.local/lib/python3.6/site-packages/airflow/example_dags/example_xcom.py took 0.055 seconds
[2023-02-16 20:49:42,356] {scheduler_job.py:182} INFO - Started process (PID=851) to work on /home/airflow/.local/lib/python3.6/site-packages/airflow/example_dags/example_xcom.py
[2023-02-16 20:49:42,357] {scheduler_job.py:633} INFO - Processing file /home/airflow/.local/lib/python3.6/site-packages/airflow/example_dags/example_xcom.py for tasks to queue
[2023-02-16 20:49:42,357] {logging_mixin.py:104} INFO - [2023-02-16 20:49:42,357] {dagbag.py:496} INFO - Filling up the DagBag from /home/airflow/.local/lib/python3.6/site-packages/airflow/example_dags/example_xcom.py
[2023-02-16 20:49:42,367] {scheduler_job.py:643} INFO - DAG(s) dict_keys(['example_xcom']) retrieved from /home/airflow/.local/lib/python3.6/site-packages/airflow/example_dags/example_xcom.py
[2023-02-16 20:49:42,385] {logging_mixin.py:104} INFO - [2023-02-16 20:49:42,385] {dag.py:1833} INFO - Sync 1 DAGs
[2023-02-16 20:49:42,399] {logging_mixin.py:104} INFO - [2023-02-16 20:49:42,399] {dag.py:2306} INFO - Setting next_dagrun for example_xcom to 2023-02-14 00:00:00+00:00
[2023-02-16 20:49:42,408] {scheduler_job.py:190} INFO - Processing /home/airflow/.local/lib/python3.6/site-packages/airflow/example_dags/example_xcom.py took 0.055 seconds
[2023-02-16 20:50:12,995] {scheduler_job.py:182} INFO - Started process (PID=902) to work on /home/airflow/.local/lib/python3.6/site-packages/airflow/example_dags/example_xcom.py
[2023-02-16 20:50:12,996] {scheduler_job.py:633} INFO - Processing file /home/airflow/.local/lib/python3.6/site-packages/airflow/example_dags/example_xcom.py for tasks to queue
[2023-02-16 20:50:12,996] {logging_mixin.py:104} INFO - [2023-02-16 20:50:12,996] {dagbag.py:496} INFO - Filling up the DagBag from /home/airflow/.local/lib/python3.6/site-packages/airflow/example_dags/example_xcom.py
[2023-02-16 20:50:13,007] {scheduler_job.py:643} INFO - DAG(s) dict_keys(['example_xcom']) retrieved from /home/airflow/.local/lib/python3.6/site-packages/airflow/example_dags/example_xcom.py
[2023-02-16 20:50:13,024] {logging_mixin.py:104} INFO - [2023-02-16 20:50:13,024] {dag.py:1833} INFO - Sync 1 DAGs
[2023-02-16 20:50:13,037] {logging_mixin.py:104} INFO - [2023-02-16 20:50:13,037] {dag.py:2306} INFO - Setting next_dagrun for example_xcom to 2023-02-14 00:00:00+00:00
[2023-02-16 20:50:13,045] {scheduler_job.py:190} INFO - Processing /home/airflow/.local/lib/python3.6/site-packages/airflow/example_dags/example_xcom.py took 0.052 seconds
[2023-02-16 20:50:43,125] {scheduler_job.py:182} INFO - Started process (PID=964) to work on /home/airflow/.local/lib/python3.6/site-packages/airflow/example_dags/example_xcom.py
[2023-02-16 20:50:43,126] {scheduler_job.py:633} INFO - Processing file /home/airflow/.local/lib/python3.6/site-packages/airflow/example_dags/example_xcom.py for tasks to queue
[2023-02-16 20:50:43,126] {logging_mixin.py:104} INFO - [2023-02-16 20:50:43,126] {dagbag.py:496} INFO - Filling up the DagBag from /home/airflow/.local/lib/python3.6/site-packages/airflow/example_dags/example_xcom.py
[2023-02-16 20:50:43,136] {scheduler_job.py:643} INFO - DAG(s) dict_keys(['example_xcom']) retrieved from /home/airflow/.local/lib/python3.6/site-packages/airflow/example_dags/example_xcom.py
[2023-02-16 20:50:43,157] {logging_mixin.py:104} INFO - [2023-02-16 20:50:43,157] {dag.py:1833} INFO - Sync 1 DAGs
[2023-02-16 20:50:43,188] {logging_mixin.py:104} INFO - [2023-02-16 20:50:43,188] {dag.py:2306} INFO - Setting next_dagrun for example_xcom to 2023-02-14 00:00:00+00:00
[2023-02-16 20:50:43,198] {scheduler_job.py:190} INFO - Processing /home/airflow/.local/lib/python3.6/site-packages/airflow/example_dags/example_xcom.py took 0.075 seconds
[2023-02-16 20:51:13,544] {scheduler_job.py:182} INFO - Started process (PID=1015) to work on /home/airflow/.local/lib/python3.6/site-packages/airflow/example_dags/example_xcom.py
[2023-02-16 20:51:13,545] {scheduler_job.py:633} INFO - Processing file /home/airflow/.local/lib/python3.6/site-packages/airflow/example_dags/example_xcom.py for tasks to queue
[2023-02-16 20:51:13,546] {logging_mixin.py:104} INFO - [2023-02-16 20:51:13,546] {dagbag.py:496} INFO - Filling up the DagBag from /home/airflow/.local/lib/python3.6/site-packages/airflow/example_dags/example_xcom.py
[2023-02-16 20:51:13,556] {scheduler_job.py:643} INFO - DAG(s) dict_keys(['example_xcom']) retrieved from /home/airflow/.local/lib/python3.6/site-packages/airflow/example_dags/example_xcom.py
[2023-02-16 20:51:13,577] {logging_mixin.py:104} INFO - [2023-02-16 20:51:13,577] {dag.py:1833} INFO - Sync 1 DAGs
[2023-02-16 20:51:13,592] {logging_mixin.py:104} INFO - [2023-02-16 20:51:13,592] {dag.py:2306} INFO - Setting next_dagrun for example_xcom to 2023-02-14 00:00:00+00:00
[2023-02-16 20:51:13,601] {scheduler_job.py:190} INFO - Processing /home/airflow/.local/lib/python3.6/site-packages/airflow/example_dags/example_xcom.py took 0.059 seconds
[2023-02-16 20:51:44,122] {scheduler_job.py:182} INFO - Started process (PID=1076) to work on /home/airflow/.local/lib/python3.6/site-packages/airflow/example_dags/example_xcom.py
[2023-02-16 20:51:44,123] {scheduler_job.py:633} INFO - Processing file /home/airflow/.local/lib/python3.6/site-packages/airflow/example_dags/example_xcom.py for tasks to queue
[2023-02-16 20:51:44,124] {logging_mixin.py:104} INFO - [2023-02-16 20:51:44,124] {dagbag.py:496} INFO - Filling up the DagBag from /home/airflow/.local/lib/python3.6/site-packages/airflow/example_dags/example_xcom.py
[2023-02-16 20:51:44,133] {scheduler_job.py:643} INFO - DAG(s) dict_keys(['example_xcom']) retrieved from /home/airflow/.local/lib/python3.6/site-packages/airflow/example_dags/example_xcom.py
[2023-02-16 20:51:44,152] {logging_mixin.py:104} INFO - [2023-02-16 20:51:44,152] {dag.py:1833} INFO - Sync 1 DAGs
[2023-02-16 20:51:44,165] {logging_mixin.py:104} INFO - [2023-02-16 20:51:44,165] {dag.py:2306} INFO - Setting next_dagrun for example_xcom to 2023-02-14 00:00:00+00:00
[2023-02-16 20:51:44,173] {scheduler_job.py:190} INFO - Processing /home/airflow/.local/lib/python3.6/site-packages/airflow/example_dags/example_xcom.py took 0.053 seconds
[2023-02-16 20:52:14,646] {scheduler_job.py:182} INFO - Started process (PID=1127) to work on /home/airflow/.local/lib/python3.6/site-packages/airflow/example_dags/example_xcom.py
[2023-02-16 20:52:14,647] {scheduler_job.py:633} INFO - Processing file /home/airflow/.local/lib/python3.6/site-packages/airflow/example_dags/example_xcom.py for tasks to queue
[2023-02-16 20:52:14,648] {logging_mixin.py:104} INFO - [2023-02-16 20:52:14,647] {dagbag.py:496} INFO - Filling up the DagBag from /home/airflow/.local/lib/python3.6/site-packages/airflow/example_dags/example_xcom.py
[2023-02-16 20:52:14,658] {scheduler_job.py:643} INFO - DAG(s) dict_keys(['example_xcom']) retrieved from /home/airflow/.local/lib/python3.6/site-packages/airflow/example_dags/example_xcom.py
[2023-02-16 20:52:14,677] {logging_mixin.py:104} INFO - [2023-02-16 20:52:14,677] {dag.py:1833} INFO - Sync 1 DAGs
[2023-02-16 20:52:14,691] {logging_mixin.py:104} INFO - [2023-02-16 20:52:14,691] {dag.py:2306} INFO - Setting next_dagrun for example_xcom to 2023-02-14 00:00:00+00:00
[2023-02-16 20:52:14,700] {scheduler_job.py:190} INFO - Processing /home/airflow/.local/lib/python3.6/site-packages/airflow/example_dags/example_xcom.py took 0.056 seconds
[2023-02-16 20:52:45,256] {scheduler_job.py:182} INFO - Started process (PID=1188) to work on /home/airflow/.local/lib/python3.6/site-packages/airflow/example_dags/example_xcom.py
[2023-02-16 20:52:45,257] {scheduler_job.py:633} INFO - Processing file /home/airflow/.local/lib/python3.6/site-packages/airflow/example_dags/example_xcom.py for tasks to queue
[2023-02-16 20:52:45,258] {logging_mixin.py:104} INFO - [2023-02-16 20:52:45,258] {dagbag.py:496} INFO - Filling up the DagBag from /home/airflow/.local/lib/python3.6/site-packages/airflow/example_dags/example_xcom.py
[2023-02-16 20:52:45,287] {scheduler_job.py:643} INFO - DAG(s) dict_keys(['example_xcom']) retrieved from /home/airflow/.local/lib/python3.6/site-packages/airflow/example_dags/example_xcom.py
[2023-02-16 20:52:45,348] {logging_mixin.py:104} INFO - [2023-02-16 20:52:45,347] {dag.py:1833} INFO - Sync 1 DAGs
[2023-02-16 20:52:45,390] {logging_mixin.py:104} INFO - [2023-02-16 20:52:45,390] {dag.py:2306} INFO - Setting next_dagrun for example_xcom to 2023-02-14 00:00:00+00:00
[2023-02-16 20:52:45,405] {scheduler_job.py:190} INFO - Processing /home/airflow/.local/lib/python3.6/site-packages/airflow/example_dags/example_xcom.py took 0.153 seconds
[2023-02-16 20:53:15,488] {scheduler_job.py:182} INFO - Started process (PID=1236) to work on /home/airflow/.local/lib/python3.6/site-packages/airflow/example_dags/example_xcom.py
[2023-02-16 20:53:15,490] {scheduler_job.py:633} INFO - Processing file /home/airflow/.local/lib/python3.6/site-packages/airflow/example_dags/example_xcom.py for tasks to queue
[2023-02-16 20:53:15,490] {logging_mixin.py:104} INFO - [2023-02-16 20:53:15,490] {dagbag.py:496} INFO - Filling up the DagBag from /home/airflow/.local/lib/python3.6/site-packages/airflow/example_dags/example_xcom.py
[2023-02-16 20:53:15,503] {scheduler_job.py:643} INFO - DAG(s) dict_keys(['example_xcom']) retrieved from /home/airflow/.local/lib/python3.6/site-packages/airflow/example_dags/example_xcom.py
[2023-02-16 20:53:15,604] {logging_mixin.py:104} INFO - [2023-02-16 20:53:15,603] {dag.py:1833} INFO - Sync 1 DAGs
[2023-02-16 20:53:15,692] {logging_mixin.py:104} INFO - [2023-02-16 20:53:15,692] {dag.py:2306} INFO - Setting next_dagrun for example_xcom to 2023-02-14 00:00:00+00:00
[2023-02-16 20:53:15,704] {scheduler_job.py:190} INFO - Processing /home/airflow/.local/lib/python3.6/site-packages/airflow/example_dags/example_xcom.py took 0.219 seconds
[2023-02-16 20:53:45,747] {scheduler_job.py:182} INFO - Started process (PID=1280) to work on /home/airflow/.local/lib/python3.6/site-packages/airflow/example_dags/example_xcom.py
[2023-02-16 20:53:45,787] {scheduler_job.py:633} INFO - Processing file /home/airflow/.local/lib/python3.6/site-packages/airflow/example_dags/example_xcom.py for tasks to queue
[2023-02-16 20:53:45,787] {logging_mixin.py:104} INFO - [2023-02-16 20:53:45,787] {dagbag.py:496} INFO - Filling up the DagBag from /home/airflow/.local/lib/python3.6/site-packages/airflow/example_dags/example_xcom.py
[2023-02-16 20:53:45,802] {scheduler_job.py:643} INFO - DAG(s) dict_keys(['example_xcom']) retrieved from /home/airflow/.local/lib/python3.6/site-packages/airflow/example_dags/example_xcom.py
[2023-02-16 20:53:45,883] {logging_mixin.py:104} INFO - [2023-02-16 20:53:45,883] {dag.py:1833} INFO - Sync 1 DAGs
[2023-02-16 20:53:45,905] {logging_mixin.py:104} INFO - [2023-02-16 20:53:45,905] {dag.py:2306} INFO - Setting next_dagrun for example_xcom to 2023-02-14 00:00:00+00:00
[2023-02-16 20:53:45,920] {scheduler_job.py:190} INFO - Processing /home/airflow/.local/lib/python3.6/site-packages/airflow/example_dags/example_xcom.py took 0.177 seconds
[2023-02-16 20:54:16,486] {scheduler_job.py:182} INFO - Started process (PID=1341) to work on /home/airflow/.local/lib/python3.6/site-packages/airflow/example_dags/example_xcom.py
[2023-02-16 20:54:16,487] {scheduler_job.py:633} INFO - Processing file /home/airflow/.local/lib/python3.6/site-packages/airflow/example_dags/example_xcom.py for tasks to queue
[2023-02-16 20:54:16,488] {logging_mixin.py:104} INFO - [2023-02-16 20:54:16,488] {dagbag.py:496} INFO - Filling up the DagBag from /home/airflow/.local/lib/python3.6/site-packages/airflow/example_dags/example_xcom.py
[2023-02-16 20:54:16,499] {scheduler_job.py:643} INFO - DAG(s) dict_keys(['example_xcom']) retrieved from /home/airflow/.local/lib/python3.6/site-packages/airflow/example_dags/example_xcom.py
[2023-02-16 20:54:16,522] {logging_mixin.py:104} INFO - [2023-02-16 20:54:16,521] {dag.py:1833} INFO - Sync 1 DAGs
[2023-02-16 20:54:16,538] {logging_mixin.py:104} INFO - [2023-02-16 20:54:16,538] {dag.py:2306} INFO - Setting next_dagrun for example_xcom to 2023-02-14 00:00:00+00:00
[2023-02-16 20:54:16,549] {scheduler_job.py:190} INFO - Processing /home/airflow/.local/lib/python3.6/site-packages/airflow/example_dags/example_xcom.py took 0.065 seconds
[2023-02-16 20:54:46,868] {scheduler_job.py:182} INFO - Started process (PID=1392) to work on /home/airflow/.local/lib/python3.6/site-packages/airflow/example_dags/example_xcom.py
[2023-02-16 20:54:46,869] {scheduler_job.py:633} INFO - Processing file /home/airflow/.local/lib/python3.6/site-packages/airflow/example_dags/example_xcom.py for tasks to queue
[2023-02-16 20:54:46,870] {logging_mixin.py:104} INFO - [2023-02-16 20:54:46,870] {dagbag.py:496} INFO - Filling up the DagBag from /home/airflow/.local/lib/python3.6/site-packages/airflow/example_dags/example_xcom.py
[2023-02-16 20:54:46,896] {scheduler_job.py:643} INFO - DAG(s) dict_keys(['example_xcom']) retrieved from /home/airflow/.local/lib/python3.6/site-packages/airflow/example_dags/example_xcom.py
[2023-02-16 20:54:46,922] {logging_mixin.py:104} INFO - [2023-02-16 20:54:46,922] {dag.py:1833} INFO - Sync 1 DAGs
[2023-02-16 20:54:46,994] {logging_mixin.py:104} INFO - [2023-02-16 20:54:46,994] {dag.py:2306} INFO - Setting next_dagrun for example_xcom to 2023-02-14 00:00:00+00:00
[2023-02-16 20:54:47,011] {scheduler_job.py:190} INFO - Processing /home/airflow/.local/lib/python3.6/site-packages/airflow/example_dags/example_xcom.py took 0.147 seconds
[2023-02-16 20:55:17,445] {scheduler_job.py:182} INFO - Started process (PID=1453) to work on /home/airflow/.local/lib/python3.6/site-packages/airflow/example_dags/example_xcom.py
[2023-02-16 20:55:17,446] {scheduler_job.py:633} INFO - Processing file /home/airflow/.local/lib/python3.6/site-packages/airflow/example_dags/example_xcom.py for tasks to queue
[2023-02-16 20:55:17,446] {logging_mixin.py:104} INFO - [2023-02-16 20:55:17,446] {dagbag.py:496} INFO - Filling up the DagBag from /home/airflow/.local/lib/python3.6/site-packages/airflow/example_dags/example_xcom.py
[2023-02-16 20:55:17,457] {scheduler_job.py:643} INFO - DAG(s) dict_keys(['example_xcom']) retrieved from /home/airflow/.local/lib/python3.6/site-packages/airflow/example_dags/example_xcom.py
[2023-02-16 20:55:17,482] {logging_mixin.py:104} INFO - [2023-02-16 20:55:17,481] {dag.py:1833} INFO - Sync 1 DAGs
[2023-02-16 20:55:17,507] {logging_mixin.py:104} INFO - [2023-02-16 20:55:17,507] {dag.py:2306} INFO - Setting next_dagrun for example_xcom to 2023-02-14 00:00:00+00:00
[2023-02-16 20:55:17,520] {scheduler_job.py:190} INFO - Processing /home/airflow/.local/lib/python3.6/site-packages/airflow/example_dags/example_xcom.py took 0.079 seconds
[2023-02-16 20:55:48,075] {scheduler_job.py:182} INFO - Started process (PID=1505) to work on /home/airflow/.local/lib/python3.6/site-packages/airflow/example_dags/example_xcom.py
[2023-02-16 20:55:48,076] {scheduler_job.py:633} INFO - Processing file /home/airflow/.local/lib/python3.6/site-packages/airflow/example_dags/example_xcom.py for tasks to queue
[2023-02-16 20:55:48,077] {logging_mixin.py:104} INFO - [2023-02-16 20:55:48,077] {dagbag.py:496} INFO - Filling up the DagBag from /home/airflow/.local/lib/python3.6/site-packages/airflow/example_dags/example_xcom.py
[2023-02-16 20:55:48,092] {scheduler_job.py:643} INFO - DAG(s) dict_keys(['example_xcom']) retrieved from /home/airflow/.local/lib/python3.6/site-packages/airflow/example_dags/example_xcom.py
[2023-02-16 20:55:48,122] {logging_mixin.py:104} INFO - [2023-02-16 20:55:48,122] {dag.py:1833} INFO - Sync 1 DAGs
[2023-02-16 20:55:48,153] {logging_mixin.py:104} INFO - [2023-02-16 20:55:48,153] {dag.py:2306} INFO - Setting next_dagrun for example_xcom to 2023-02-14 00:00:00+00:00
[2023-02-16 20:55:48,169] {scheduler_job.py:190} INFO - Processing /home/airflow/.local/lib/python3.6/site-packages/airflow/example_dags/example_xcom.py took 0.099 seconds
[2023-02-16 20:56:18,630] {scheduler_job.py:182} INFO - Started process (PID=1558) to work on /home/airflow/.local/lib/python3.6/site-packages/airflow/example_dags/example_xcom.py
[2023-02-16 20:56:18,631] {scheduler_job.py:633} INFO - Processing file /home/airflow/.local/lib/python3.6/site-packages/airflow/example_dags/example_xcom.py for tasks to queue
[2023-02-16 20:56:18,632] {logging_mixin.py:104} INFO - [2023-02-16 20:56:18,632] {dagbag.py:496} INFO - Filling up the DagBag from /home/airflow/.local/lib/python3.6/site-packages/airflow/example_dags/example_xcom.py
[2023-02-16 20:56:18,643] {scheduler_job.py:643} INFO - DAG(s) dict_keys(['example_xcom']) retrieved from /home/airflow/.local/lib/python3.6/site-packages/airflow/example_dags/example_xcom.py
[2023-02-16 20:56:18,662] {logging_mixin.py:104} INFO - [2023-02-16 20:56:18,662] {dag.py:1833} INFO - Sync 1 DAGs
[2023-02-16 20:56:18,704] {logging_mixin.py:104} INFO - [2023-02-16 20:56:18,703] {dag.py:2306} INFO - Setting next_dagrun for example_xcom to 2023-02-14 00:00:00+00:00
[2023-02-16 20:56:18,715] {scheduler_job.py:190} INFO - Processing /home/airflow/.local/lib/python3.6/site-packages/airflow/example_dags/example_xcom.py took 0.088 seconds
[2023-02-16 20:56:49,265] {scheduler_job.py:182} INFO - Started process (PID=1617) to work on /home/airflow/.local/lib/python3.6/site-packages/airflow/example_dags/example_xcom.py
[2023-02-16 20:56:49,266] {scheduler_job.py:633} INFO - Processing file /home/airflow/.local/lib/python3.6/site-packages/airflow/example_dags/example_xcom.py for tasks to queue
[2023-02-16 20:56:49,266] {logging_mixin.py:104} INFO - [2023-02-16 20:56:49,266] {dagbag.py:496} INFO - Filling up the DagBag from /home/airflow/.local/lib/python3.6/site-packages/airflow/example_dags/example_xcom.py
[2023-02-16 20:56:49,276] {scheduler_job.py:643} INFO - DAG(s) dict_keys(['example_xcom']) retrieved from /home/airflow/.local/lib/python3.6/site-packages/airflow/example_dags/example_xcom.py
[2023-02-16 20:56:49,297] {logging_mixin.py:104} INFO - [2023-02-16 20:56:49,297] {dag.py:1833} INFO - Sync 1 DAGs
[2023-02-16 20:56:49,317] {logging_mixin.py:104} INFO - [2023-02-16 20:56:49,317] {dag.py:2306} INFO - Setting next_dagrun for example_xcom to 2023-02-14 00:00:00+00:00
[2023-02-16 20:56:49,325] {scheduler_job.py:190} INFO - Processing /home/airflow/.local/lib/python3.6/site-packages/airflow/example_dags/example_xcom.py took 0.062 seconds
[2023-02-16 20:57:19,912] {scheduler_job.py:182} INFO - Started process (PID=1668) to work on /home/airflow/.local/lib/python3.6/site-packages/airflow/example_dags/example_xcom.py
[2023-02-16 20:57:19,913] {scheduler_job.py:633} INFO - Processing file /home/airflow/.local/lib/python3.6/site-packages/airflow/example_dags/example_xcom.py for tasks to queue
[2023-02-16 20:57:19,914] {logging_mixin.py:104} INFO - [2023-02-16 20:57:19,914] {dagbag.py:496} INFO - Filling up the DagBag from /home/airflow/.local/lib/python3.6/site-packages/airflow/example_dags/example_xcom.py
[2023-02-16 20:57:19,924] {scheduler_job.py:643} INFO - DAG(s) dict_keys(['example_xcom']) retrieved from /home/airflow/.local/lib/python3.6/site-packages/airflow/example_dags/example_xcom.py
[2023-02-16 20:57:19,943] {logging_mixin.py:104} INFO - [2023-02-16 20:57:19,943] {dag.py:1833} INFO - Sync 1 DAGs
[2023-02-16 20:57:19,957] {logging_mixin.py:104} INFO - [2023-02-16 20:57:19,956] {dag.py:2306} INFO - Setting next_dagrun for example_xcom to 2023-02-14 00:00:00+00:00
[2023-02-16 20:57:19,964] {scheduler_job.py:190} INFO - Processing /home/airflow/.local/lib/python3.6/site-packages/airflow/example_dags/example_xcom.py took 0.054 seconds
[2023-02-16 20:57:50,114] {scheduler_job.py:182} INFO - Started process (PID=1729) to work on /home/airflow/.local/lib/python3.6/site-packages/airflow/example_dags/example_xcom.py
[2023-02-16 20:57:50,115] {scheduler_job.py:633} INFO - Processing file /home/airflow/.local/lib/python3.6/site-packages/airflow/example_dags/example_xcom.py for tasks to queue
[2023-02-16 20:57:50,116] {logging_mixin.py:104} INFO - [2023-02-16 20:57:50,116] {dagbag.py:496} INFO - Filling up the DagBag from /home/airflow/.local/lib/python3.6/site-packages/airflow/example_dags/example_xcom.py
[2023-02-16 20:57:50,126] {scheduler_job.py:643} INFO - DAG(s) dict_keys(['example_xcom']) retrieved from /home/airflow/.local/lib/python3.6/site-packages/airflow/example_dags/example_xcom.py
[2023-02-16 20:57:50,144] {logging_mixin.py:104} INFO - [2023-02-16 20:57:50,144] {dag.py:1833} INFO - Sync 1 DAGs
[2023-02-16 20:57:50,188] {logging_mixin.py:104} INFO - [2023-02-16 20:57:50,188] {dag.py:2306} INFO - Setting next_dagrun for example_xcom to 2023-02-14 00:00:00+00:00
[2023-02-16 20:57:50,196] {scheduler_job.py:190} INFO - Processing /home/airflow/.local/lib/python3.6/site-packages/airflow/example_dags/example_xcom.py took 0.084 seconds
[2023-02-16 20:58:20,922] {scheduler_job.py:182} INFO - Started process (PID=1780) to work on /home/airflow/.local/lib/python3.6/site-packages/airflow/example_dags/example_xcom.py
[2023-02-16 20:58:20,923] {scheduler_job.py:633} INFO - Processing file /home/airflow/.local/lib/python3.6/site-packages/airflow/example_dags/example_xcom.py for tasks to queue
[2023-02-16 20:58:20,924] {logging_mixin.py:104} INFO - [2023-02-16 20:58:20,923] {dagbag.py:496} INFO - Filling up the DagBag from /home/airflow/.local/lib/python3.6/site-packages/airflow/example_dags/example_xcom.py
[2023-02-16 20:58:20,933] {scheduler_job.py:643} INFO - DAG(s) dict_keys(['example_xcom']) retrieved from /home/airflow/.local/lib/python3.6/site-packages/airflow/example_dags/example_xcom.py
[2023-02-16 20:58:20,955] {logging_mixin.py:104} INFO - [2023-02-16 20:58:20,955] {dag.py:1833} INFO - Sync 1 DAGs
[2023-02-16 20:58:20,969] {logging_mixin.py:104} INFO - [2023-02-16 20:58:20,969] {dag.py:2306} INFO - Setting next_dagrun for example_xcom to 2023-02-14 00:00:00+00:00
[2023-02-16 20:58:20,978] {scheduler_job.py:190} INFO - Processing /home/airflow/.local/lib/python3.6/site-packages/airflow/example_dags/example_xcom.py took 0.058 seconds
[2023-02-16 20:58:51,051] {scheduler_job.py:182} INFO - Started process (PID=1841) to work on /home/airflow/.local/lib/python3.6/site-packages/airflow/example_dags/example_xcom.py
[2023-02-16 20:58:51,052] {scheduler_job.py:633} INFO - Processing file /home/airflow/.local/lib/python3.6/site-packages/airflow/example_dags/example_xcom.py for tasks to queue
[2023-02-16 20:58:51,052] {logging_mixin.py:104} INFO - [2023-02-16 20:58:51,052] {dagbag.py:496} INFO - Filling up the DagBag from /home/airflow/.local/lib/python3.6/site-packages/airflow/example_dags/example_xcom.py
[2023-02-16 20:58:51,061] {scheduler_job.py:643} INFO - DAG(s) dict_keys(['example_xcom']) retrieved from /home/airflow/.local/lib/python3.6/site-packages/airflow/example_dags/example_xcom.py
[2023-02-16 20:58:51,082] {logging_mixin.py:104} INFO - [2023-02-16 20:58:51,082] {dag.py:1833} INFO - Sync 1 DAGs
[2023-02-16 20:58:51,095] {logging_mixin.py:104} INFO - [2023-02-16 20:58:51,095] {dag.py:2306} INFO - Setting next_dagrun for example_xcom to 2023-02-14 00:00:00+00:00
[2023-02-16 20:58:51,104] {scheduler_job.py:190} INFO - Processing /home/airflow/.local/lib/python3.6/site-packages/airflow/example_dags/example_xcom.py took 0.055 seconds
[2023-02-16 20:59:21,222] {scheduler_job.py:182} INFO - Started process (PID=1892) to work on /home/airflow/.local/lib/python3.6/site-packages/airflow/example_dags/example_xcom.py
[2023-02-16 20:59:21,223] {scheduler_job.py:633} INFO - Processing file /home/airflow/.local/lib/python3.6/site-packages/airflow/example_dags/example_xcom.py for tasks to queue
[2023-02-16 20:59:21,223] {logging_mixin.py:104} INFO - [2023-02-16 20:59:21,223] {dagbag.py:496} INFO - Filling up the DagBag from /home/airflow/.local/lib/python3.6/site-packages/airflow/example_dags/example_xcom.py
[2023-02-16 20:59:21,235] {scheduler_job.py:643} INFO - DAG(s) dict_keys(['example_xcom']) retrieved from /home/airflow/.local/lib/python3.6/site-packages/airflow/example_dags/example_xcom.py
[2023-02-16 20:59:21,259] {logging_mixin.py:104} INFO - [2023-02-16 20:59:21,259] {dag.py:1833} INFO - Sync 1 DAGs
[2023-02-16 20:59:21,295] {logging_mixin.py:104} INFO - [2023-02-16 20:59:21,295] {dag.py:2306} INFO - Setting next_dagrun for example_xcom to 2023-02-14 00:00:00+00:00
[2023-02-16 20:59:21,304] {scheduler_job.py:190} INFO - Processing /home/airflow/.local/lib/python3.6/site-packages/airflow/example_dags/example_xcom.py took 0.085 seconds
[2023-02-16 20:59:51,811] {scheduler_job.py:182} INFO - Started process (PID=1953) to work on /home/airflow/.local/lib/python3.6/site-packages/airflow/example_dags/example_xcom.py
[2023-02-16 20:59:51,811] {scheduler_job.py:633} INFO - Processing file /home/airflow/.local/lib/python3.6/site-packages/airflow/example_dags/example_xcom.py for tasks to queue
[2023-02-16 20:59:51,813] {logging_mixin.py:104} INFO - [2023-02-16 20:59:51,812] {dagbag.py:496} INFO - Filling up the DagBag from /home/airflow/.local/lib/python3.6/site-packages/airflow/example_dags/example_xcom.py
[2023-02-16 20:59:51,825] {scheduler_job.py:643} INFO - DAG(s) dict_keys(['example_xcom']) retrieved from /home/airflow/.local/lib/python3.6/site-packages/airflow/example_dags/example_xcom.py
[2023-02-16 20:59:51,846] {logging_mixin.py:104} INFO - [2023-02-16 20:59:51,846] {dag.py:1833} INFO - Sync 1 DAGs
[2023-02-16 20:59:51,862] {logging_mixin.py:104} INFO - [2023-02-16 20:59:51,862] {dag.py:2306} INFO - Setting next_dagrun for example_xcom to 2023-02-14 00:00:00+00:00
[2023-02-16 20:59:51,871] {scheduler_job.py:190} INFO - Processing /home/airflow/.local/lib/python3.6/site-packages/airflow/example_dags/example_xcom.py took 0.063 seconds
[2023-02-16 21:00:22,218] {scheduler_job.py:182} INFO - Started process (PID=2004) to work on /home/airflow/.local/lib/python3.6/site-packages/airflow/example_dags/example_xcom.py
[2023-02-16 21:00:22,219] {scheduler_job.py:633} INFO - Processing file /home/airflow/.local/lib/python3.6/site-packages/airflow/example_dags/example_xcom.py for tasks to queue
[2023-02-16 21:00:22,219] {logging_mixin.py:104} INFO - [2023-02-16 21:00:22,219] {dagbag.py:496} INFO - Filling up the DagBag from /home/airflow/.local/lib/python3.6/site-packages/airflow/example_dags/example_xcom.py
[2023-02-16 21:00:22,228] {scheduler_job.py:643} INFO - DAG(s) dict_keys(['example_xcom']) retrieved from /home/airflow/.local/lib/python3.6/site-packages/airflow/example_dags/example_xcom.py
[2023-02-16 21:00:22,248] {logging_mixin.py:104} INFO - [2023-02-16 21:00:22,248] {dag.py:1833} INFO - Sync 1 DAGs
[2023-02-16 21:00:22,262] {logging_mixin.py:104} INFO - [2023-02-16 21:00:22,262] {dag.py:2306} INFO - Setting next_dagrun for example_xcom to 2023-02-14 00:00:00+00:00
[2023-02-16 21:00:22,272] {scheduler_job.py:190} INFO - Processing /home/airflow/.local/lib/python3.6/site-packages/airflow/example_dags/example_xcom.py took 0.056 seconds
[2023-02-16 21:00:52,722] {scheduler_job.py:182} INFO - Started process (PID=2065) to work on /home/airflow/.local/lib/python3.6/site-packages/airflow/example_dags/example_xcom.py
[2023-02-16 21:00:52,723] {scheduler_job.py:633} INFO - Processing file /home/airflow/.local/lib/python3.6/site-packages/airflow/example_dags/example_xcom.py for tasks to queue
[2023-02-16 21:00:52,724] {logging_mixin.py:104} INFO - [2023-02-16 21:00:52,723] {dagbag.py:496} INFO - Filling up the DagBag from /home/airflow/.local/lib/python3.6/site-packages/airflow/example_dags/example_xcom.py
[2023-02-16 21:00:52,735] {scheduler_job.py:643} INFO - DAG(s) dict_keys(['example_xcom']) retrieved from /home/airflow/.local/lib/python3.6/site-packages/airflow/example_dags/example_xcom.py
[2023-02-16 21:00:52,753] {logging_mixin.py:104} INFO - [2023-02-16 21:00:52,753] {dag.py:1833} INFO - Sync 1 DAGs
[2023-02-16 21:00:52,768] {logging_mixin.py:104} INFO - [2023-02-16 21:00:52,768] {dag.py:2306} INFO - Setting next_dagrun for example_xcom to 2023-02-14 00:00:00+00:00
[2023-02-16 21:00:52,776] {scheduler_job.py:190} INFO - Processing /home/airflow/.local/lib/python3.6/site-packages/airflow/example_dags/example_xcom.py took 0.057 seconds
[2023-02-16 21:01:23,210] {scheduler_job.py:182} INFO - Started process (PID=2116) to work on /home/airflow/.local/lib/python3.6/site-packages/airflow/example_dags/example_xcom.py
[2023-02-16 21:01:23,211] {scheduler_job.py:633} INFO - Processing file /home/airflow/.local/lib/python3.6/site-packages/airflow/example_dags/example_xcom.py for tasks to queue
[2023-02-16 21:01:23,211] {logging_mixin.py:104} INFO - [2023-02-16 21:01:23,211] {dagbag.py:496} INFO - Filling up the DagBag from /home/airflow/.local/lib/python3.6/site-packages/airflow/example_dags/example_xcom.py
[2023-02-16 21:01:23,222] {scheduler_job.py:643} INFO - DAG(s) dict_keys(['example_xcom']) retrieved from /home/airflow/.local/lib/python3.6/site-packages/airflow/example_dags/example_xcom.py
[2023-02-16 21:01:23,239] {logging_mixin.py:104} INFO - [2023-02-16 21:01:23,239] {dag.py:1833} INFO - Sync 1 DAGs
[2023-02-16 21:01:23,254] {logging_mixin.py:104} INFO - [2023-02-16 21:01:23,254] {dag.py:2306} INFO - Setting next_dagrun for example_xcom to 2023-02-14 00:00:00+00:00
[2023-02-16 21:01:23,262] {scheduler_job.py:190} INFO - Processing /home/airflow/.local/lib/python3.6/site-packages/airflow/example_dags/example_xcom.py took 0.054 seconds
[2023-02-16 21:01:53,461] {scheduler_job.py:182} INFO - Started process (PID=2177) to work on /home/airflow/.local/lib/python3.6/site-packages/airflow/example_dags/example_xcom.py
[2023-02-16 21:01:53,462] {scheduler_job.py:633} INFO - Processing file /home/airflow/.local/lib/python3.6/site-packages/airflow/example_dags/example_xcom.py for tasks to queue
[2023-02-16 21:01:53,463] {logging_mixin.py:104} INFO - [2023-02-16 21:01:53,463] {dagbag.py:496} INFO - Filling up the DagBag from /home/airflow/.local/lib/python3.6/site-packages/airflow/example_dags/example_xcom.py
[2023-02-16 21:01:53,475] {scheduler_job.py:643} INFO - DAG(s) dict_keys(['example_xcom']) retrieved from /home/airflow/.local/lib/python3.6/site-packages/airflow/example_dags/example_xcom.py
[2023-02-16 21:01:53,492] {logging_mixin.py:104} INFO - [2023-02-16 21:01:53,492] {dag.py:1833} INFO - Sync 1 DAGs
[2023-02-16 21:01:53,507] {logging_mixin.py:104} INFO - [2023-02-16 21:01:53,506] {dag.py:2306} INFO - Setting next_dagrun for example_xcom to 2023-02-14 00:00:00+00:00
[2023-02-16 21:01:53,515] {scheduler_job.py:190} INFO - Processing /home/airflow/.local/lib/python3.6/site-packages/airflow/example_dags/example_xcom.py took 0.056 seconds
[2023-02-16 21:02:24,132] {scheduler_job.py:182} INFO - Started process (PID=2229) to work on /home/airflow/.local/lib/python3.6/site-packages/airflow/example_dags/example_xcom.py
[2023-02-16 21:02:24,133] {scheduler_job.py:633} INFO - Processing file /home/airflow/.local/lib/python3.6/site-packages/airflow/example_dags/example_xcom.py for tasks to queue
[2023-02-16 21:02:24,134] {logging_mixin.py:104} INFO - [2023-02-16 21:02:24,134] {dagbag.py:496} INFO - Filling up the DagBag from /home/airflow/.local/lib/python3.6/site-packages/airflow/example_dags/example_xcom.py
[2023-02-16 21:02:24,146] {scheduler_job.py:643} INFO - DAG(s) dict_keys(['example_xcom']) retrieved from /home/airflow/.local/lib/python3.6/site-packages/airflow/example_dags/example_xcom.py
[2023-02-16 21:02:24,164] {logging_mixin.py:104} INFO - [2023-02-16 21:02:24,163] {dag.py:1833} INFO - Sync 1 DAGs
[2023-02-16 21:02:24,176] {logging_mixin.py:104} INFO - [2023-02-16 21:02:24,176] {dag.py:2306} INFO - Setting next_dagrun for example_xcom to 2023-02-14 00:00:00+00:00
[2023-02-16 21:02:24,184] {scheduler_job.py:190} INFO - Processing /home/airflow/.local/lib/python3.6/site-packages/airflow/example_dags/example_xcom.py took 0.054 seconds
[2023-02-16 21:02:54,588] {scheduler_job.py:182} INFO - Started process (PID=2290) to work on /home/airflow/.local/lib/python3.6/site-packages/airflow/example_dags/example_xcom.py
[2023-02-16 21:02:54,588] {scheduler_job.py:633} INFO - Processing file /home/airflow/.local/lib/python3.6/site-packages/airflow/example_dags/example_xcom.py for tasks to queue
[2023-02-16 21:02:54,589] {logging_mixin.py:104} INFO - [2023-02-16 21:02:54,589] {dagbag.py:496} INFO - Filling up the DagBag from /home/airflow/.local/lib/python3.6/site-packages/airflow/example_dags/example_xcom.py
[2023-02-16 21:02:54,602] {scheduler_job.py:643} INFO - DAG(s) dict_keys(['example_xcom']) retrieved from /home/airflow/.local/lib/python3.6/site-packages/airflow/example_dags/example_xcom.py
[2023-02-16 21:02:54,624] {logging_mixin.py:104} INFO - [2023-02-16 21:02:54,624] {dag.py:1833} INFO - Sync 1 DAGs
[2023-02-16 21:02:54,641] {logging_mixin.py:104} INFO - [2023-02-16 21:02:54,641] {dag.py:2306} INFO - Setting next_dagrun for example_xcom to 2023-02-14 00:00:00+00:00
[2023-02-16 21:02:54,653] {scheduler_job.py:190} INFO - Processing /home/airflow/.local/lib/python3.6/site-packages/airflow/example_dags/example_xcom.py took 0.068 seconds
[2023-02-16 21:03:24,831] {scheduler_job.py:182} INFO - Started process (PID=2341) to work on /home/airflow/.local/lib/python3.6/site-packages/airflow/example_dags/example_xcom.py
[2023-02-16 21:03:24,834] {scheduler_job.py:633} INFO - Processing file /home/airflow/.local/lib/python3.6/site-packages/airflow/example_dags/example_xcom.py for tasks to queue
[2023-02-16 21:03:24,834] {logging_mixin.py:104} INFO - [2023-02-16 21:03:24,834] {dagbag.py:496} INFO - Filling up the DagBag from /home/airflow/.local/lib/python3.6/site-packages/airflow/example_dags/example_xcom.py
[2023-02-16 21:03:24,843] {scheduler_job.py:643} INFO - DAG(s) dict_keys(['example_xcom']) retrieved from /home/airflow/.local/lib/python3.6/site-packages/airflow/example_dags/example_xcom.py
[2023-02-16 21:03:24,861] {logging_mixin.py:104} INFO - [2023-02-16 21:03:24,861] {dag.py:1833} INFO - Sync 1 DAGs
[2023-02-16 21:03:24,888] {logging_mixin.py:104} INFO - [2023-02-16 21:03:24,887] {dag.py:2306} INFO - Setting next_dagrun for example_xcom to 2023-02-14 00:00:00+00:00
[2023-02-16 21:03:24,896] {scheduler_job.py:190} INFO - Processing /home/airflow/.local/lib/python3.6/site-packages/airflow/example_dags/example_xcom.py took 0.067 seconds
[2023-02-16 21:03:56,184] {scheduler_job.py:182} INFO - Started process (PID=2392) to work on /home/airflow/.local/lib/python3.6/site-packages/airflow/example_dags/example_xcom.py
[2023-02-16 21:03:56,185] {scheduler_job.py:633} INFO - Processing file /home/airflow/.local/lib/python3.6/site-packages/airflow/example_dags/example_xcom.py for tasks to queue
[2023-02-16 21:03:56,185] {logging_mixin.py:104} INFO - [2023-02-16 21:03:56,185] {dagbag.py:496} INFO - Filling up the DagBag from /home/airflow/.local/lib/python3.6/site-packages/airflow/example_dags/example_xcom.py
[2023-02-16 21:03:56,196] {scheduler_job.py:643} INFO - DAG(s) dict_keys(['example_xcom']) retrieved from /home/airflow/.local/lib/python3.6/site-packages/airflow/example_dags/example_xcom.py
[2023-02-16 21:03:56,216] {logging_mixin.py:104} INFO - [2023-02-16 21:03:56,216] {dag.py:1833} INFO - Sync 1 DAGs
[2023-02-16 21:03:56,292] {logging_mixin.py:104} INFO - [2023-02-16 21:03:56,291] {dag.py:2306} INFO - Setting next_dagrun for example_xcom to 2023-02-14 00:00:00+00:00
[2023-02-16 21:03:56,301] {scheduler_job.py:190} INFO - Processing /home/airflow/.local/lib/python3.6/site-packages/airflow/example_dags/example_xcom.py took 0.180 seconds
[2023-02-16 21:04:27,267] {scheduler_job.py:182} INFO - Started process (PID=2453) to work on /home/airflow/.local/lib/python3.6/site-packages/airflow/example_dags/example_xcom.py
[2023-02-16 21:04:27,268] {scheduler_job.py:633} INFO - Processing file /home/airflow/.local/lib/python3.6/site-packages/airflow/example_dags/example_xcom.py for tasks to queue
[2023-02-16 21:04:27,268] {logging_mixin.py:104} INFO - [2023-02-16 21:04:27,268] {dagbag.py:496} INFO - Filling up the DagBag from /home/airflow/.local/lib/python3.6/site-packages/airflow/example_dags/example_xcom.py
[2023-02-16 21:04:27,282] {scheduler_job.py:643} INFO - DAG(s) dict_keys(['example_xcom']) retrieved from /home/airflow/.local/lib/python3.6/site-packages/airflow/example_dags/example_xcom.py
[2023-02-16 21:04:27,304] {logging_mixin.py:104} INFO - [2023-02-16 21:04:27,304] {dag.py:1833} INFO - Sync 1 DAGs
[2023-02-16 21:04:27,317] {logging_mixin.py:104} INFO - [2023-02-16 21:04:27,317] {dag.py:2306} INFO - Setting next_dagrun for example_xcom to 2023-02-14 00:00:00+00:00
[2023-02-16 21:04:27,325] {scheduler_job.py:190} INFO - Processing /home/airflow/.local/lib/python3.6/site-packages/airflow/example_dags/example_xcom.py took 0.061 seconds
[2023-02-16 21:04:57,928] {scheduler_job.py:182} INFO - Started process (PID=2504) to work on /home/airflow/.local/lib/python3.6/site-packages/airflow/example_dags/example_xcom.py
[2023-02-16 21:04:57,928] {scheduler_job.py:633} INFO - Processing file /home/airflow/.local/lib/python3.6/site-packages/airflow/example_dags/example_xcom.py for tasks to queue
[2023-02-16 21:04:57,929] {logging_mixin.py:104} INFO - [2023-02-16 21:04:57,929] {dagbag.py:496} INFO - Filling up the DagBag from /home/airflow/.local/lib/python3.6/site-packages/airflow/example_dags/example_xcom.py
[2023-02-16 21:04:57,939] {scheduler_job.py:643} INFO - DAG(s) dict_keys(['example_xcom']) retrieved from /home/airflow/.local/lib/python3.6/site-packages/airflow/example_dags/example_xcom.py
[2023-02-16 21:04:57,958] {logging_mixin.py:104} INFO - [2023-02-16 21:04:57,958] {dag.py:1833} INFO - Sync 1 DAGs
[2023-02-16 21:04:57,971] {logging_mixin.py:104} INFO - [2023-02-16 21:04:57,971] {dag.py:2306} INFO - Setting next_dagrun for example_xcom to 2023-02-14 00:00:00+00:00
[2023-02-16 21:04:57,979] {scheduler_job.py:190} INFO - Processing /home/airflow/.local/lib/python3.6/site-packages/airflow/example_dags/example_xcom.py took 0.054 seconds
[2023-02-16 21:05:28,724] {scheduler_job.py:182} INFO - Started process (PID=2565) to work on /home/airflow/.local/lib/python3.6/site-packages/airflow/example_dags/example_xcom.py
[2023-02-16 21:05:28,725] {scheduler_job.py:633} INFO - Processing file /home/airflow/.local/lib/python3.6/site-packages/airflow/example_dags/example_xcom.py for tasks to queue
[2023-02-16 21:05:28,726] {logging_mixin.py:104} INFO - [2023-02-16 21:05:28,725] {dagbag.py:496} INFO - Filling up the DagBag from /home/airflow/.local/lib/python3.6/site-packages/airflow/example_dags/example_xcom.py
[2023-02-16 21:05:28,736] {scheduler_job.py:643} INFO - DAG(s) dict_keys(['example_xcom']) retrieved from /home/airflow/.local/lib/python3.6/site-packages/airflow/example_dags/example_xcom.py
[2023-02-16 21:05:28,756] {logging_mixin.py:104} INFO - [2023-02-16 21:05:28,756] {dag.py:1833} INFO - Sync 1 DAGs
[2023-02-16 21:05:28,769] {logging_mixin.py:104} INFO - [2023-02-16 21:05:28,769] {dag.py:2306} INFO - Setting next_dagrun for example_xcom to 2023-02-14 00:00:00+00:00
[2023-02-16 21:05:28,777] {scheduler_job.py:190} INFO - Processing /home/airflow/.local/lib/python3.6/site-packages/airflow/example_dags/example_xcom.py took 0.057 seconds
[2023-02-16 21:05:59,228] {scheduler_job.py:182} INFO - Started process (PID=2616) to work on /home/airflow/.local/lib/python3.6/site-packages/airflow/example_dags/example_xcom.py
[2023-02-16 21:05:59,229] {scheduler_job.py:633} INFO - Processing file /home/airflow/.local/lib/python3.6/site-packages/airflow/example_dags/example_xcom.py for tasks to queue
[2023-02-16 21:05:59,230] {logging_mixin.py:104} INFO - [2023-02-16 21:05:59,230] {dagbag.py:496} INFO - Filling up the DagBag from /home/airflow/.local/lib/python3.6/site-packages/airflow/example_dags/example_xcom.py
[2023-02-16 21:05:59,240] {scheduler_job.py:643} INFO - DAG(s) dict_keys(['example_xcom']) retrieved from /home/airflow/.local/lib/python3.6/site-packages/airflow/example_dags/example_xcom.py
[2023-02-16 21:05:59,258] {logging_mixin.py:104} INFO - [2023-02-16 21:05:59,258] {dag.py:1833} INFO - Sync 1 DAGs
[2023-02-16 21:05:59,272] {logging_mixin.py:104} INFO - [2023-02-16 21:05:59,272] {dag.py:2306} INFO - Setting next_dagrun for example_xcom to 2023-02-14 00:00:00+00:00
[2023-02-16 21:05:59,280] {scheduler_job.py:190} INFO - Processing /home/airflow/.local/lib/python3.6/site-packages/airflow/example_dags/example_xcom.py took 0.054 seconds
[2023-02-16 21:06:29,843] {scheduler_job.py:182} INFO - Started process (PID=2677) to work on /home/airflow/.local/lib/python3.6/site-packages/airflow/example_dags/example_xcom.py
[2023-02-16 21:06:29,844] {scheduler_job.py:633} INFO - Processing file /home/airflow/.local/lib/python3.6/site-packages/airflow/example_dags/example_xcom.py for tasks to queue
[2023-02-16 21:06:29,844] {logging_mixin.py:104} INFO - [2023-02-16 21:06:29,844] {dagbag.py:496} INFO - Filling up the DagBag from /home/airflow/.local/lib/python3.6/site-packages/airflow/example_dags/example_xcom.py
[2023-02-16 21:06:29,854] {scheduler_job.py:643} INFO - DAG(s) dict_keys(['example_xcom']) retrieved from /home/airflow/.local/lib/python3.6/site-packages/airflow/example_dags/example_xcom.py
[2023-02-16 21:06:29,872] {logging_mixin.py:104} INFO - [2023-02-16 21:06:29,872] {dag.py:1833} INFO - Sync 1 DAGs
[2023-02-16 21:06:29,885] {logging_mixin.py:104} INFO - [2023-02-16 21:06:29,885] {dag.py:2306} INFO - Setting next_dagrun for example_xcom to 2023-02-14 00:00:00+00:00
[2023-02-16 21:06:29,893] {scheduler_job.py:190} INFO - Processing /home/airflow/.local/lib/python3.6/site-packages/airflow/example_dags/example_xcom.py took 0.053 seconds
[2023-02-16 21:07:00,520] {scheduler_job.py:182} INFO - Started process (PID=2728) to work on /home/airflow/.local/lib/python3.6/site-packages/airflow/example_dags/example_xcom.py
[2023-02-16 21:07:00,521] {scheduler_job.py:633} INFO - Processing file /home/airflow/.local/lib/python3.6/site-packages/airflow/example_dags/example_xcom.py for tasks to queue
[2023-02-16 21:07:00,521] {logging_mixin.py:104} INFO - [2023-02-16 21:07:00,521] {dagbag.py:496} INFO - Filling up the DagBag from /home/airflow/.local/lib/python3.6/site-packages/airflow/example_dags/example_xcom.py
[2023-02-16 21:07:00,532] {scheduler_job.py:643} INFO - DAG(s) dict_keys(['example_xcom']) retrieved from /home/airflow/.local/lib/python3.6/site-packages/airflow/example_dags/example_xcom.py
[2023-02-16 21:07:00,550] {logging_mixin.py:104} INFO - [2023-02-16 21:07:00,550] {dag.py:1833} INFO - Sync 1 DAGs
[2023-02-16 21:07:00,563] {logging_mixin.py:104} INFO - [2023-02-16 21:07:00,563] {dag.py:2306} INFO - Setting next_dagrun for example_xcom to 2023-02-14 00:00:00+00:00
[2023-02-16 21:07:00,571] {scheduler_job.py:190} INFO - Processing /home/airflow/.local/lib/python3.6/site-packages/airflow/example_dags/example_xcom.py took 0.053 seconds
[2023-02-16 21:07:30,964] {scheduler_job.py:182} INFO - Started process (PID=2789) to work on /home/airflow/.local/lib/python3.6/site-packages/airflow/example_dags/example_xcom.py
[2023-02-16 21:07:30,965] {scheduler_job.py:633} INFO - Processing file /home/airflow/.local/lib/python3.6/site-packages/airflow/example_dags/example_xcom.py for tasks to queue
[2023-02-16 21:07:30,965] {logging_mixin.py:104} INFO - [2023-02-16 21:07:30,965] {dagbag.py:496} INFO - Filling up the DagBag from /home/airflow/.local/lib/python3.6/site-packages/airflow/example_dags/example_xcom.py
[2023-02-16 21:07:30,975] {scheduler_job.py:643} INFO - DAG(s) dict_keys(['example_xcom']) retrieved from /home/airflow/.local/lib/python3.6/site-packages/airflow/example_dags/example_xcom.py
[2023-02-16 21:07:30,992] {logging_mixin.py:104} INFO - [2023-02-16 21:07:30,992] {dag.py:1833} INFO - Sync 1 DAGs
[2023-02-16 21:07:31,005] {logging_mixin.py:104} INFO - [2023-02-16 21:07:31,005] {dag.py:2306} INFO - Setting next_dagrun for example_xcom to 2023-02-14 00:00:00+00:00
[2023-02-16 21:07:31,014] {scheduler_job.py:190} INFO - Processing /home/airflow/.local/lib/python3.6/site-packages/airflow/example_dags/example_xcom.py took 0.052 seconds
[2023-02-16 21:08:01,447] {scheduler_job.py:182} INFO - Started process (PID=2840) to work on /home/airflow/.local/lib/python3.6/site-packages/airflow/example_dags/example_xcom.py
[2023-02-16 21:08:01,448] {scheduler_job.py:633} INFO - Processing file /home/airflow/.local/lib/python3.6/site-packages/airflow/example_dags/example_xcom.py for tasks to queue
[2023-02-16 21:08:01,448] {logging_mixin.py:104} INFO - [2023-02-16 21:08:01,448] {dagbag.py:496} INFO - Filling up the DagBag from /home/airflow/.local/lib/python3.6/site-packages/airflow/example_dags/example_xcom.py
[2023-02-16 21:08:01,459] {scheduler_job.py:643} INFO - DAG(s) dict_keys(['example_xcom']) retrieved from /home/airflow/.local/lib/python3.6/site-packages/airflow/example_dags/example_xcom.py
[2023-02-16 21:08:01,477] {logging_mixin.py:104} INFO - [2023-02-16 21:08:01,477] {dag.py:1833} INFO - Sync 1 DAGs
[2023-02-16 21:08:01,490] {logging_mixin.py:104} INFO - [2023-02-16 21:08:01,490] {dag.py:2306} INFO - Setting next_dagrun for example_xcom to 2023-02-14 00:00:00+00:00
[2023-02-16 21:08:01,498] {scheduler_job.py:190} INFO - Processing /home/airflow/.local/lib/python3.6/site-packages/airflow/example_dags/example_xcom.py took 0.054 seconds
[2023-02-16 21:08:32,507] {scheduler_job.py:182} INFO - Started process (PID=2901) to work on /home/airflow/.local/lib/python3.6/site-packages/airflow/example_dags/example_xcom.py
[2023-02-16 21:08:32,508] {scheduler_job.py:633} INFO - Processing file /home/airflow/.local/lib/python3.6/site-packages/airflow/example_dags/example_xcom.py for tasks to queue
[2023-02-16 21:08:32,509] {logging_mixin.py:104} INFO - [2023-02-16 21:08:32,509] {dagbag.py:496} INFO - Filling up the DagBag from /home/airflow/.local/lib/python3.6/site-packages/airflow/example_dags/example_xcom.py
[2023-02-16 21:08:32,519] {scheduler_job.py:643} INFO - DAG(s) dict_keys(['example_xcom']) retrieved from /home/airflow/.local/lib/python3.6/site-packages/airflow/example_dags/example_xcom.py
[2023-02-16 21:08:32,599] {logging_mixin.py:104} INFO - [2023-02-16 21:08:32,599] {dag.py:1833} INFO - Sync 1 DAGs
[2023-02-16 21:08:32,618] {logging_mixin.py:104} INFO - [2023-02-16 21:08:32,617] {dag.py:2306} INFO - Setting next_dagrun for example_xcom to 2023-02-14 00:00:00+00:00
[2023-02-16 21:08:32,630] {scheduler_job.py:190} INFO - Processing /home/airflow/.local/lib/python3.6/site-packages/airflow/example_dags/example_xcom.py took 0.125 seconds
[2023-02-16 21:09:03,472] {scheduler_job.py:182} INFO - Started process (PID=2951) to work on /home/airflow/.local/lib/python3.6/site-packages/airflow/example_dags/example_xcom.py
[2023-02-16 21:09:03,473] {scheduler_job.py:633} INFO - Processing file /home/airflow/.local/lib/python3.6/site-packages/airflow/example_dags/example_xcom.py for tasks to queue
[2023-02-16 21:09:03,473] {logging_mixin.py:104} INFO - [2023-02-16 21:09:03,473] {dagbag.py:496} INFO - Filling up the DagBag from /home/airflow/.local/lib/python3.6/site-packages/airflow/example_dags/example_xcom.py
[2023-02-16 21:09:03,484] {scheduler_job.py:643} INFO - DAG(s) dict_keys(['example_xcom']) retrieved from /home/airflow/.local/lib/python3.6/site-packages/airflow/example_dags/example_xcom.py
[2023-02-16 21:09:03,505] {logging_mixin.py:104} INFO - [2023-02-16 21:09:03,504] {dag.py:1833} INFO - Sync 1 DAGs
[2023-02-16 21:09:03,517] {logging_mixin.py:104} INFO - [2023-02-16 21:09:03,517] {dag.py:2306} INFO - Setting next_dagrun for example_xcom to 2023-02-14 00:00:00+00:00
[2023-02-16 21:09:03,525] {scheduler_job.py:190} INFO - Processing /home/airflow/.local/lib/python3.6/site-packages/airflow/example_dags/example_xcom.py took 0.056 seconds
[2023-02-16 21:09:33,998] {scheduler_job.py:182} INFO - Started process (PID=3012) to work on /home/airflow/.local/lib/python3.6/site-packages/airflow/example_dags/example_xcom.py
[2023-02-16 21:09:33,999] {scheduler_job.py:633} INFO - Processing file /home/airflow/.local/lib/python3.6/site-packages/airflow/example_dags/example_xcom.py for tasks to queue
[2023-02-16 21:09:34,000] {logging_mixin.py:104} INFO - [2023-02-16 21:09:33,999] {dagbag.py:496} INFO - Filling up the DagBag from /home/airflow/.local/lib/python3.6/site-packages/airflow/example_dags/example_xcom.py
[2023-02-16 21:09:34,009] {scheduler_job.py:643} INFO - DAG(s) dict_keys(['example_xcom']) retrieved from /home/airflow/.local/lib/python3.6/site-packages/airflow/example_dags/example_xcom.py
[2023-02-16 21:09:34,026] {logging_mixin.py:104} INFO - [2023-02-16 21:09:34,026] {dag.py:1833} INFO - Sync 1 DAGs
[2023-02-16 21:09:34,040] {logging_mixin.py:104} INFO - [2023-02-16 21:09:34,040] {dag.py:2306} INFO - Setting next_dagrun for example_xcom to 2023-02-14 00:00:00+00:00
[2023-02-16 21:09:34,048] {scheduler_job.py:190} INFO - Processing /home/airflow/.local/lib/python3.6/site-packages/airflow/example_dags/example_xcom.py took 0.052 seconds
[2023-02-16 21:10:04,807] {scheduler_job.py:182} INFO - Started process (PID=3070) to work on /home/airflow/.local/lib/python3.6/site-packages/airflow/example_dags/example_xcom.py
[2023-02-16 21:10:04,808] {scheduler_job.py:633} INFO - Processing file /home/airflow/.local/lib/python3.6/site-packages/airflow/example_dags/example_xcom.py for tasks to queue
[2023-02-16 21:10:04,809] {logging_mixin.py:104} INFO - [2023-02-16 21:10:04,809] {dagbag.py:496} INFO - Filling up the DagBag from /home/airflow/.local/lib/python3.6/site-packages/airflow/example_dags/example_xcom.py
[2023-02-16 21:10:04,823] {scheduler_job.py:643} INFO - DAG(s) dict_keys(['example_xcom']) retrieved from /home/airflow/.local/lib/python3.6/site-packages/airflow/example_dags/example_xcom.py
[2023-02-16 21:10:04,846] {logging_mixin.py:104} INFO - [2023-02-16 21:10:04,846] {dag.py:1833} INFO - Sync 1 DAGs
[2023-02-16 21:10:04,886] {logging_mixin.py:104} INFO - [2023-02-16 21:10:04,886] {dag.py:2306} INFO - Setting next_dagrun for example_xcom to 2023-02-14 00:00:00+00:00
[2023-02-16 21:10:04,897] {scheduler_job.py:190} INFO - Processing /home/airflow/.local/lib/python3.6/site-packages/airflow/example_dags/example_xcom.py took 0.094 seconds
[2023-02-16 21:10:35,968] {scheduler_job.py:182} INFO - Started process (PID=3124) to work on /home/airflow/.local/lib/python3.6/site-packages/airflow/example_dags/example_xcom.py
[2023-02-16 21:10:35,969] {scheduler_job.py:633} INFO - Processing file /home/airflow/.local/lib/python3.6/site-packages/airflow/example_dags/example_xcom.py for tasks to queue
[2023-02-16 21:10:35,970] {logging_mixin.py:104} INFO - [2023-02-16 21:10:35,970] {dagbag.py:496} INFO - Filling up the DagBag from /home/airflow/.local/lib/python3.6/site-packages/airflow/example_dags/example_xcom.py
[2023-02-16 21:10:35,983] {scheduler_job.py:643} INFO - DAG(s) dict_keys(['example_xcom']) retrieved from /home/airflow/.local/lib/python3.6/site-packages/airflow/example_dags/example_xcom.py
[2023-02-16 21:10:36,007] {logging_mixin.py:104} INFO - [2023-02-16 21:10:36,007] {dag.py:1833} INFO - Sync 1 DAGs
[2023-02-16 21:10:36,025] {logging_mixin.py:104} INFO - [2023-02-16 21:10:36,025] {dag.py:2306} INFO - Setting next_dagrun for example_xcom to 2023-02-14 00:00:00+00:00
[2023-02-16 21:10:36,036] {scheduler_job.py:190} INFO - Processing /home/airflow/.local/lib/python3.6/site-packages/airflow/example_dags/example_xcom.py took 0.070 seconds
[2023-02-16 21:11:06,439] {scheduler_job.py:182} INFO - Started process (PID=3175) to work on /home/airflow/.local/lib/python3.6/site-packages/airflow/example_dags/example_xcom.py
[2023-02-16 21:11:06,440] {scheduler_job.py:633} INFO - Processing file /home/airflow/.local/lib/python3.6/site-packages/airflow/example_dags/example_xcom.py for tasks to queue
[2023-02-16 21:11:06,440] {logging_mixin.py:104} INFO - [2023-02-16 21:11:06,440] {dagbag.py:496} INFO - Filling up the DagBag from /home/airflow/.local/lib/python3.6/site-packages/airflow/example_dags/example_xcom.py
[2023-02-16 21:11:06,450] {scheduler_job.py:643} INFO - DAG(s) dict_keys(['example_xcom']) retrieved from /home/airflow/.local/lib/python3.6/site-packages/airflow/example_dags/example_xcom.py
[2023-02-16 21:11:06,489] {logging_mixin.py:104} INFO - [2023-02-16 21:11:06,489] {dag.py:1833} INFO - Sync 1 DAGs
[2023-02-16 21:11:06,502] {logging_mixin.py:104} INFO - [2023-02-16 21:11:06,502] {dag.py:2306} INFO - Setting next_dagrun for example_xcom to 2023-02-14 00:00:00+00:00
[2023-02-16 21:11:06,509] {scheduler_job.py:190} INFO - Processing /home/airflow/.local/lib/python3.6/site-packages/airflow/example_dags/example_xcom.py took 0.074 seconds
[2023-02-16 21:11:37,045] {scheduler_job.py:182} INFO - Started process (PID=3236) to work on /home/airflow/.local/lib/python3.6/site-packages/airflow/example_dags/example_xcom.py
[2023-02-16 21:11:37,046] {scheduler_job.py:633} INFO - Processing file /home/airflow/.local/lib/python3.6/site-packages/airflow/example_dags/example_xcom.py for tasks to queue
[2023-02-16 21:11:37,047] {logging_mixin.py:104} INFO - [2023-02-16 21:11:37,047] {dagbag.py:496} INFO - Filling up the DagBag from /home/airflow/.local/lib/python3.6/site-packages/airflow/example_dags/example_xcom.py
[2023-02-16 21:11:37,057] {scheduler_job.py:643} INFO - DAG(s) dict_keys(['example_xcom']) retrieved from /home/airflow/.local/lib/python3.6/site-packages/airflow/example_dags/example_xcom.py
[2023-02-16 21:11:37,076] {logging_mixin.py:104} INFO - [2023-02-16 21:11:37,076] {dag.py:1833} INFO - Sync 1 DAGs
[2023-02-16 21:11:37,089] {logging_mixin.py:104} INFO - [2023-02-16 21:11:37,089] {dag.py:2306} INFO - Setting next_dagrun for example_xcom to 2023-02-14 00:00:00+00:00
[2023-02-16 21:11:37,098] {scheduler_job.py:190} INFO - Processing /home/airflow/.local/lib/python3.6/site-packages/airflow/example_dags/example_xcom.py took 0.055 seconds
[2023-02-16 21:12:07,431] {scheduler_job.py:182} INFO - Started process (PID=3287) to work on /home/airflow/.local/lib/python3.6/site-packages/airflow/example_dags/example_xcom.py
[2023-02-16 21:12:07,432] {scheduler_job.py:633} INFO - Processing file /home/airflow/.local/lib/python3.6/site-packages/airflow/example_dags/example_xcom.py for tasks to queue
[2023-02-16 21:12:07,432] {logging_mixin.py:104} INFO - [2023-02-16 21:12:07,432] {dagbag.py:496} INFO - Filling up the DagBag from /home/airflow/.local/lib/python3.6/site-packages/airflow/example_dags/example_xcom.py
[2023-02-16 21:12:07,441] {scheduler_job.py:643} INFO - DAG(s) dict_keys(['example_xcom']) retrieved from /home/airflow/.local/lib/python3.6/site-packages/airflow/example_dags/example_xcom.py
[2023-02-16 21:12:07,458] {logging_mixin.py:104} INFO - [2023-02-16 21:12:07,458] {dag.py:1833} INFO - Sync 1 DAGs
[2023-02-16 21:12:07,470] {logging_mixin.py:104} INFO - [2023-02-16 21:12:07,470] {dag.py:2306} INFO - Setting next_dagrun for example_xcom to 2023-02-14 00:00:00+00:00
[2023-02-16 21:12:07,478] {scheduler_job.py:190} INFO - Processing /home/airflow/.local/lib/python3.6/site-packages/airflow/example_dags/example_xcom.py took 0.050 seconds
[2023-02-16 21:12:37,721] {scheduler_job.py:182} INFO - Started process (PID=3348) to work on /home/airflow/.local/lib/python3.6/site-packages/airflow/example_dags/example_xcom.py
[2023-02-16 21:12:37,722] {scheduler_job.py:633} INFO - Processing file /home/airflow/.local/lib/python3.6/site-packages/airflow/example_dags/example_xcom.py for tasks to queue
[2023-02-16 21:12:37,723] {logging_mixin.py:104} INFO - [2023-02-16 21:12:37,723] {dagbag.py:496} INFO - Filling up the DagBag from /home/airflow/.local/lib/python3.6/site-packages/airflow/example_dags/example_xcom.py
[2023-02-16 21:12:37,735] {scheduler_job.py:643} INFO - DAG(s) dict_keys(['example_xcom']) retrieved from /home/airflow/.local/lib/python3.6/site-packages/airflow/example_dags/example_xcom.py
[2023-02-16 21:12:37,757] {logging_mixin.py:104} INFO - [2023-02-16 21:12:37,757] {dag.py:1833} INFO - Sync 1 DAGs
[2023-02-16 21:12:37,774] {logging_mixin.py:104} INFO - [2023-02-16 21:12:37,774] {dag.py:2306} INFO - Setting next_dagrun for example_xcom to 2023-02-14 00:00:00+00:00
[2023-02-16 21:12:37,784] {scheduler_job.py:190} INFO - Processing /home/airflow/.local/lib/python3.6/site-packages/airflow/example_dags/example_xcom.py took 0.065 seconds
[2023-02-16 21:13:08,404] {scheduler_job.py:182} INFO - Started process (PID=3399) to work on /home/airflow/.local/lib/python3.6/site-packages/airflow/example_dags/example_xcom.py
[2023-02-16 21:13:08,405] {scheduler_job.py:633} INFO - Processing file /home/airflow/.local/lib/python3.6/site-packages/airflow/example_dags/example_xcom.py for tasks to queue
[2023-02-16 21:13:08,406] {logging_mixin.py:104} INFO - [2023-02-16 21:13:08,406] {dagbag.py:496} INFO - Filling up the DagBag from /home/airflow/.local/lib/python3.6/site-packages/airflow/example_dags/example_xcom.py
[2023-02-16 21:13:08,417] {scheduler_job.py:643} INFO - DAG(s) dict_keys(['example_xcom']) retrieved from /home/airflow/.local/lib/python3.6/site-packages/airflow/example_dags/example_xcom.py
[2023-02-16 21:13:08,437] {logging_mixin.py:104} INFO - [2023-02-16 21:13:08,437] {dag.py:1833} INFO - Sync 1 DAGs
[2023-02-16 21:13:08,488] {logging_mixin.py:104} INFO - [2023-02-16 21:13:08,488] {dag.py:2306} INFO - Setting next_dagrun for example_xcom to 2023-02-14 00:00:00+00:00
[2023-02-16 21:13:08,497] {scheduler_job.py:190} INFO - Processing /home/airflow/.local/lib/python3.6/site-packages/airflow/example_dags/example_xcom.py took 0.096 seconds
[2023-02-16 21:13:38,838] {scheduler_job.py:182} INFO - Started process (PID=3460) to work on /home/airflow/.local/lib/python3.6/site-packages/airflow/example_dags/example_xcom.py
[2023-02-16 21:13:38,839] {scheduler_job.py:633} INFO - Processing file /home/airflow/.local/lib/python3.6/site-packages/airflow/example_dags/example_xcom.py for tasks to queue
[2023-02-16 21:13:38,840] {logging_mixin.py:104} INFO - [2023-02-16 21:13:38,840] {dagbag.py:496} INFO - Filling up the DagBag from /home/airflow/.local/lib/python3.6/site-packages/airflow/example_dags/example_xcom.py
[2023-02-16 21:13:38,849] {scheduler_job.py:643} INFO - DAG(s) dict_keys(['example_xcom']) retrieved from /home/airflow/.local/lib/python3.6/site-packages/airflow/example_dags/example_xcom.py
[2023-02-16 21:13:38,864] {logging_mixin.py:104} INFO - [2023-02-16 21:13:38,864] {dag.py:1833} INFO - Sync 1 DAGs
[2023-02-16 21:13:38,876] {logging_mixin.py:104} INFO - [2023-02-16 21:13:38,876] {dag.py:2306} INFO - Setting next_dagrun for example_xcom to 2023-02-14 00:00:00+00:00
[2023-02-16 21:13:38,884] {scheduler_job.py:190} INFO - Processing /home/airflow/.local/lib/python3.6/site-packages/airflow/example_dags/example_xcom.py took 0.048 seconds
[2023-02-16 21:14:09,297] {scheduler_job.py:182} INFO - Started process (PID=3511) to work on /home/airflow/.local/lib/python3.6/site-packages/airflow/example_dags/example_xcom.py
[2023-02-16 21:14:09,298] {scheduler_job.py:633} INFO - Processing file /home/airflow/.local/lib/python3.6/site-packages/airflow/example_dags/example_xcom.py for tasks to queue
[2023-02-16 21:14:09,298] {logging_mixin.py:104} INFO - [2023-02-16 21:14:09,298] {dagbag.py:496} INFO - Filling up the DagBag from /home/airflow/.local/lib/python3.6/site-packages/airflow/example_dags/example_xcom.py
[2023-02-16 21:14:09,307] {scheduler_job.py:643} INFO - DAG(s) dict_keys(['example_xcom']) retrieved from /home/airflow/.local/lib/python3.6/site-packages/airflow/example_dags/example_xcom.py
[2023-02-16 21:14:09,326] {logging_mixin.py:104} INFO - [2023-02-16 21:14:09,325] {dag.py:1833} INFO - Sync 1 DAGs
[2023-02-16 21:14:09,339] {logging_mixin.py:104} INFO - [2023-02-16 21:14:09,339] {dag.py:2306} INFO - Setting next_dagrun for example_xcom to 2023-02-14 00:00:00+00:00
[2023-02-16 21:14:09,349] {scheduler_job.py:190} INFO - Processing /home/airflow/.local/lib/python3.6/site-packages/airflow/example_dags/example_xcom.py took 0.054 seconds
[2023-02-16 21:14:39,700] {scheduler_job.py:182} INFO - Started process (PID=3572) to work on /home/airflow/.local/lib/python3.6/site-packages/airflow/example_dags/example_xcom.py
[2023-02-16 21:14:39,701] {scheduler_job.py:633} INFO - Processing file /home/airflow/.local/lib/python3.6/site-packages/airflow/example_dags/example_xcom.py for tasks to queue
[2023-02-16 21:14:39,702] {logging_mixin.py:104} INFO - [2023-02-16 21:14:39,702] {dagbag.py:496} INFO - Filling up the DagBag from /home/airflow/.local/lib/python3.6/site-packages/airflow/example_dags/example_xcom.py
[2023-02-16 21:14:39,713] {scheduler_job.py:643} INFO - DAG(s) dict_keys(['example_xcom']) retrieved from /home/airflow/.local/lib/python3.6/site-packages/airflow/example_dags/example_xcom.py
[2023-02-16 21:14:39,731] {logging_mixin.py:104} INFO - [2023-02-16 21:14:39,731] {dag.py:1833} INFO - Sync 1 DAGs
[2023-02-16 21:14:39,744] {logging_mixin.py:104} INFO - [2023-02-16 21:14:39,744] {dag.py:2306} INFO - Setting next_dagrun for example_xcom to 2023-02-14 00:00:00+00:00
[2023-02-16 21:14:39,753] {scheduler_job.py:190} INFO - Processing /home/airflow/.local/lib/python3.6/site-packages/airflow/example_dags/example_xcom.py took 0.055 seconds
[2023-02-16 21:15:10,079] {scheduler_job.py:182} INFO - Started process (PID=3623) to work on /home/airflow/.local/lib/python3.6/site-packages/airflow/example_dags/example_xcom.py
[2023-02-16 21:15:10,080] {scheduler_job.py:633} INFO - Processing file /home/airflow/.local/lib/python3.6/site-packages/airflow/example_dags/example_xcom.py for tasks to queue
[2023-02-16 21:15:10,080] {logging_mixin.py:104} INFO - [2023-02-16 21:15:10,080] {dagbag.py:496} INFO - Filling up the DagBag from /home/airflow/.local/lib/python3.6/site-packages/airflow/example_dags/example_xcom.py
[2023-02-16 21:15:10,090] {scheduler_job.py:643} INFO - DAG(s) dict_keys(['example_xcom']) retrieved from /home/airflow/.local/lib/python3.6/site-packages/airflow/example_dags/example_xcom.py
[2023-02-16 21:15:10,111] {logging_mixin.py:104} INFO - [2023-02-16 21:15:10,110] {dag.py:1833} INFO - Sync 1 DAGs
[2023-02-16 21:15:10,125] {logging_mixin.py:104} INFO - [2023-02-16 21:15:10,125] {dag.py:2306} INFO - Setting next_dagrun for example_xcom to 2023-02-14 00:00:00+00:00
[2023-02-16 21:15:10,133] {scheduler_job.py:190} INFO - Processing /home/airflow/.local/lib/python3.6/site-packages/airflow/example_dags/example_xcom.py took 0.056 seconds
[2023-02-16 21:15:40,614] {scheduler_job.py:182} INFO - Started process (PID=3684) to work on /home/airflow/.local/lib/python3.6/site-packages/airflow/example_dags/example_xcom.py
[2023-02-16 21:15:40,615] {scheduler_job.py:633} INFO - Processing file /home/airflow/.local/lib/python3.6/site-packages/airflow/example_dags/example_xcom.py for tasks to queue
[2023-02-16 21:15:40,616] {logging_mixin.py:104} INFO - [2023-02-16 21:15:40,616] {dagbag.py:496} INFO - Filling up the DagBag from /home/airflow/.local/lib/python3.6/site-packages/airflow/example_dags/example_xcom.py
[2023-02-16 21:15:40,626] {scheduler_job.py:643} INFO - DAG(s) dict_keys(['example_xcom']) retrieved from /home/airflow/.local/lib/python3.6/site-packages/airflow/example_dags/example_xcom.py
[2023-02-16 21:15:40,644] {logging_mixin.py:104} INFO - [2023-02-16 21:15:40,644] {dag.py:1833} INFO - Sync 1 DAGs
[2023-02-16 21:15:40,656] {logging_mixin.py:104} INFO - [2023-02-16 21:15:40,656] {dag.py:2306} INFO - Setting next_dagrun for example_xcom to 2023-02-14 00:00:00+00:00
[2023-02-16 21:15:40,663] {scheduler_job.py:190} INFO - Processing /home/airflow/.local/lib/python3.6/site-packages/airflow/example_dags/example_xcom.py took 0.051 seconds
[2023-02-16 21:16:11,105] {scheduler_job.py:182} INFO - Started process (PID=3735) to work on /home/airflow/.local/lib/python3.6/site-packages/airflow/example_dags/example_xcom.py
[2023-02-16 21:16:11,105] {scheduler_job.py:633} INFO - Processing file /home/airflow/.local/lib/python3.6/site-packages/airflow/example_dags/example_xcom.py for tasks to queue
[2023-02-16 21:16:11,106] {logging_mixin.py:104} INFO - [2023-02-16 21:16:11,106] {dagbag.py:496} INFO - Filling up the DagBag from /home/airflow/.local/lib/python3.6/site-packages/airflow/example_dags/example_xcom.py
[2023-02-16 21:16:11,115] {scheduler_job.py:643} INFO - DAG(s) dict_keys(['example_xcom']) retrieved from /home/airflow/.local/lib/python3.6/site-packages/airflow/example_dags/example_xcom.py
[2023-02-16 21:16:11,133] {logging_mixin.py:104} INFO - [2023-02-16 21:16:11,133] {dag.py:1833} INFO - Sync 1 DAGs
[2023-02-16 21:16:11,146] {logging_mixin.py:104} INFO - [2023-02-16 21:16:11,146] {dag.py:2306} INFO - Setting next_dagrun for example_xcom to 2023-02-14 00:00:00+00:00
[2023-02-16 21:16:11,153] {scheduler_job.py:190} INFO - Processing /home/airflow/.local/lib/python3.6/site-packages/airflow/example_dags/example_xcom.py took 0.051 seconds
[2023-02-16 21:16:41,451] {scheduler_job.py:182} INFO - Started process (PID=3796) to work on /home/airflow/.local/lib/python3.6/site-packages/airflow/example_dags/example_xcom.py
[2023-02-16 21:16:41,452] {scheduler_job.py:633} INFO - Processing file /home/airflow/.local/lib/python3.6/site-packages/airflow/example_dags/example_xcom.py for tasks to queue
[2023-02-16 21:16:41,453] {logging_mixin.py:104} INFO - [2023-02-16 21:16:41,452] {dagbag.py:496} INFO - Filling up the DagBag from /home/airflow/.local/lib/python3.6/site-packages/airflow/example_dags/example_xcom.py
[2023-02-16 21:16:41,462] {scheduler_job.py:643} INFO - DAG(s) dict_keys(['example_xcom']) retrieved from /home/airflow/.local/lib/python3.6/site-packages/airflow/example_dags/example_xcom.py
[2023-02-16 21:16:41,480] {logging_mixin.py:104} INFO - [2023-02-16 21:16:41,480] {dag.py:1833} INFO - Sync 1 DAGs
[2023-02-16 21:16:41,493] {logging_mixin.py:104} INFO - [2023-02-16 21:16:41,493] {dag.py:2306} INFO - Setting next_dagrun for example_xcom to 2023-02-14 00:00:00+00:00
[2023-02-16 21:16:41,501] {scheduler_job.py:190} INFO - Processing /home/airflow/.local/lib/python3.6/site-packages/airflow/example_dags/example_xcom.py took 0.052 seconds
[2023-02-16 21:17:11,939] {scheduler_job.py:182} INFO - Started process (PID=3847) to work on /home/airflow/.local/lib/python3.6/site-packages/airflow/example_dags/example_xcom.py
[2023-02-16 21:17:11,940] {scheduler_job.py:633} INFO - Processing file /home/airflow/.local/lib/python3.6/site-packages/airflow/example_dags/example_xcom.py for tasks to queue
[2023-02-16 21:17:11,940] {logging_mixin.py:104} INFO - [2023-02-16 21:17:11,940] {dagbag.py:496} INFO - Filling up the DagBag from /home/airflow/.local/lib/python3.6/site-packages/airflow/example_dags/example_xcom.py
[2023-02-16 21:17:11,950] {scheduler_job.py:643} INFO - DAG(s) dict_keys(['example_xcom']) retrieved from /home/airflow/.local/lib/python3.6/site-packages/airflow/example_dags/example_xcom.py
[2023-02-16 21:17:11,970] {logging_mixin.py:104} INFO - [2023-02-16 21:17:11,970] {dag.py:1833} INFO - Sync 1 DAGs
[2023-02-16 21:17:11,984] {logging_mixin.py:104} INFO - [2023-02-16 21:17:11,984] {dag.py:2306} INFO - Setting next_dagrun for example_xcom to 2023-02-14 00:00:00+00:00
[2023-02-16 21:17:11,993] {scheduler_job.py:190} INFO - Processing /home/airflow/.local/lib/python3.6/site-packages/airflow/example_dags/example_xcom.py took 0.057 seconds
[2023-02-16 21:17:42,333] {scheduler_job.py:182} INFO - Started process (PID=3908) to work on /home/airflow/.local/lib/python3.6/site-packages/airflow/example_dags/example_xcom.py
[2023-02-16 21:17:42,334] {scheduler_job.py:633} INFO - Processing file /home/airflow/.local/lib/python3.6/site-packages/airflow/example_dags/example_xcom.py for tasks to queue
[2023-02-16 21:17:42,335] {logging_mixin.py:104} INFO - [2023-02-16 21:17:42,335] {dagbag.py:496} INFO - Filling up the DagBag from /home/airflow/.local/lib/python3.6/site-packages/airflow/example_dags/example_xcom.py
[2023-02-16 21:17:42,345] {scheduler_job.py:643} INFO - DAG(s) dict_keys(['example_xcom']) retrieved from /home/airflow/.local/lib/python3.6/site-packages/airflow/example_dags/example_xcom.py
[2023-02-16 21:17:42,365] {logging_mixin.py:104} INFO - [2023-02-16 21:17:42,365] {dag.py:1833} INFO - Sync 1 DAGs
[2023-02-16 21:17:42,378] {logging_mixin.py:104} INFO - [2023-02-16 21:17:42,377] {dag.py:2306} INFO - Setting next_dagrun for example_xcom to 2023-02-14 00:00:00+00:00
[2023-02-16 21:17:42,386] {scheduler_job.py:190} INFO - Processing /home/airflow/.local/lib/python3.6/site-packages/airflow/example_dags/example_xcom.py took 0.055 seconds
[2023-02-16 21:18:12,843] {scheduler_job.py:182} INFO - Started process (PID=3959) to work on /home/airflow/.local/lib/python3.6/site-packages/airflow/example_dags/example_xcom.py
[2023-02-16 21:18:12,845] {scheduler_job.py:633} INFO - Processing file /home/airflow/.local/lib/python3.6/site-packages/airflow/example_dags/example_xcom.py for tasks to queue
[2023-02-16 21:18:12,846] {logging_mixin.py:104} INFO - [2023-02-16 21:18:12,845] {dagbag.py:496} INFO - Filling up the DagBag from /home/airflow/.local/lib/python3.6/site-packages/airflow/example_dags/example_xcom.py
[2023-02-16 21:18:12,862] {scheduler_job.py:643} INFO - DAG(s) dict_keys(['example_xcom']) retrieved from /home/airflow/.local/lib/python3.6/site-packages/airflow/example_dags/example_xcom.py
[2023-02-16 21:18:12,889] {logging_mixin.py:104} INFO - [2023-02-16 21:18:12,888] {dag.py:1833} INFO - Sync 1 DAGs
[2023-02-16 21:18:12,908] {logging_mixin.py:104} INFO - [2023-02-16 21:18:12,908] {dag.py:2306} INFO - Setting next_dagrun for example_xcom to 2023-02-14 00:00:00+00:00
[2023-02-16 21:18:12,920] {scheduler_job.py:190} INFO - Processing /home/airflow/.local/lib/python3.6/site-packages/airflow/example_dags/example_xcom.py took 0.082 seconds
[2023-02-16 21:18:43,059] {scheduler_job.py:182} INFO - Started process (PID=4020) to work on /home/airflow/.local/lib/python3.6/site-packages/airflow/example_dags/example_xcom.py
[2023-02-16 21:18:43,060] {scheduler_job.py:633} INFO - Processing file /home/airflow/.local/lib/python3.6/site-packages/airflow/example_dags/example_xcom.py for tasks to queue
[2023-02-16 21:18:43,061] {logging_mixin.py:104} INFO - [2023-02-16 21:18:43,061] {dagbag.py:496} INFO - Filling up the DagBag from /home/airflow/.local/lib/python3.6/site-packages/airflow/example_dags/example_xcom.py
[2023-02-16 21:18:43,070] {scheduler_job.py:643} INFO - DAG(s) dict_keys(['example_xcom']) retrieved from /home/airflow/.local/lib/python3.6/site-packages/airflow/example_dags/example_xcom.py
[2023-02-16 21:18:43,089] {logging_mixin.py:104} INFO - [2023-02-16 21:18:43,089] {dag.py:1833} INFO - Sync 1 DAGs
[2023-02-16 21:18:43,105] {logging_mixin.py:104} INFO - [2023-02-16 21:18:43,105] {dag.py:2306} INFO - Setting next_dagrun for example_xcom to 2023-02-14 00:00:00+00:00
[2023-02-16 21:18:43,115] {scheduler_job.py:190} INFO - Processing /home/airflow/.local/lib/python3.6/site-packages/airflow/example_dags/example_xcom.py took 0.058 seconds
[2023-02-16 21:19:13,574] {scheduler_job.py:182} INFO - Started process (PID=4071) to work on /home/airflow/.local/lib/python3.6/site-packages/airflow/example_dags/example_xcom.py
[2023-02-16 21:19:13,575] {scheduler_job.py:633} INFO - Processing file /home/airflow/.local/lib/python3.6/site-packages/airflow/example_dags/example_xcom.py for tasks to queue
[2023-02-16 21:19:13,575] {logging_mixin.py:104} INFO - [2023-02-16 21:19:13,575] {dagbag.py:496} INFO - Filling up the DagBag from /home/airflow/.local/lib/python3.6/site-packages/airflow/example_dags/example_xcom.py
[2023-02-16 21:19:13,586] {scheduler_job.py:643} INFO - DAG(s) dict_keys(['example_xcom']) retrieved from /home/airflow/.local/lib/python3.6/site-packages/airflow/example_dags/example_xcom.py
[2023-02-16 21:19:13,608] {logging_mixin.py:104} INFO - [2023-02-16 21:19:13,608] {dag.py:1833} INFO - Sync 1 DAGs
[2023-02-16 21:19:13,625] {logging_mixin.py:104} INFO - [2023-02-16 21:19:13,625] {dag.py:2306} INFO - Setting next_dagrun for example_xcom to 2023-02-14 00:00:00+00:00
[2023-02-16 21:19:13,634] {scheduler_job.py:190} INFO - Processing /home/airflow/.local/lib/python3.6/site-packages/airflow/example_dags/example_xcom.py took 0.064 seconds
[2023-02-16 21:19:43,961] {scheduler_job.py:182} INFO - Started process (PID=4132) to work on /home/airflow/.local/lib/python3.6/site-packages/airflow/example_dags/example_xcom.py
[2023-02-16 21:19:43,962] {scheduler_job.py:633} INFO - Processing file /home/airflow/.local/lib/python3.6/site-packages/airflow/example_dags/example_xcom.py for tasks to queue
[2023-02-16 21:19:43,963] {logging_mixin.py:104} INFO - [2023-02-16 21:19:43,962] {dagbag.py:496} INFO - Filling up the DagBag from /home/airflow/.local/lib/python3.6/site-packages/airflow/example_dags/example_xcom.py
[2023-02-16 21:19:43,974] {scheduler_job.py:643} INFO - DAG(s) dict_keys(['example_xcom']) retrieved from /home/airflow/.local/lib/python3.6/site-packages/airflow/example_dags/example_xcom.py
[2023-02-16 21:19:43,992] {logging_mixin.py:104} INFO - [2023-02-16 21:19:43,992] {dag.py:1833} INFO - Sync 1 DAGs
[2023-02-16 21:19:44,006] {logging_mixin.py:104} INFO - [2023-02-16 21:19:44,005] {dag.py:2306} INFO - Setting next_dagrun for example_xcom to 2023-02-14 00:00:00+00:00
[2023-02-16 21:19:44,014] {scheduler_job.py:190} INFO - Processing /home/airflow/.local/lib/python3.6/site-packages/airflow/example_dags/example_xcom.py took 0.057 seconds
[2023-02-16 21:20:14,477] {scheduler_job.py:182} INFO - Started process (PID=4192) to work on /home/airflow/.local/lib/python3.6/site-packages/airflow/example_dags/example_xcom.py
[2023-02-16 21:20:14,478] {scheduler_job.py:633} INFO - Processing file /home/airflow/.local/lib/python3.6/site-packages/airflow/example_dags/example_xcom.py for tasks to queue
[2023-02-16 21:20:14,478] {logging_mixin.py:104} INFO - [2023-02-16 21:20:14,478] {dagbag.py:496} INFO - Filling up the DagBag from /home/airflow/.local/lib/python3.6/site-packages/airflow/example_dags/example_xcom.py
[2023-02-16 21:20:14,491] {scheduler_job.py:643} INFO - DAG(s) dict_keys(['example_xcom']) retrieved from /home/airflow/.local/lib/python3.6/site-packages/airflow/example_dags/example_xcom.py
[2023-02-16 21:20:14,512] {logging_mixin.py:104} INFO - [2023-02-16 21:20:14,512] {dag.py:1833} INFO - Sync 1 DAGs
[2023-02-16 21:20:14,528] {logging_mixin.py:104} INFO - [2023-02-16 21:20:14,528] {dag.py:2306} INFO - Setting next_dagrun for example_xcom to 2023-02-14 00:00:00+00:00
[2023-02-16 21:20:14,537] {scheduler_job.py:190} INFO - Processing /home/airflow/.local/lib/python3.6/site-packages/airflow/example_dags/example_xcom.py took 0.063 seconds
[2023-02-16 21:20:45,047] {scheduler_job.py:182} INFO - Started process (PID=4244) to work on /home/airflow/.local/lib/python3.6/site-packages/airflow/example_dags/example_xcom.py
[2023-02-16 21:20:45,048] {scheduler_job.py:633} INFO - Processing file /home/airflow/.local/lib/python3.6/site-packages/airflow/example_dags/example_xcom.py for tasks to queue
[2023-02-16 21:20:45,048] {logging_mixin.py:104} INFO - [2023-02-16 21:20:45,048] {dagbag.py:496} INFO - Filling up the DagBag from /home/airflow/.local/lib/python3.6/site-packages/airflow/example_dags/example_xcom.py
[2023-02-16 21:20:45,061] {scheduler_job.py:643} INFO - DAG(s) dict_keys(['example_xcom']) retrieved from /home/airflow/.local/lib/python3.6/site-packages/airflow/example_dags/example_xcom.py
[2023-02-16 21:20:45,089] {logging_mixin.py:104} INFO - [2023-02-16 21:20:45,088] {dag.py:1833} INFO - Sync 1 DAGs
[2023-02-16 21:20:45,108] {logging_mixin.py:104} INFO - [2023-02-16 21:20:45,107] {dag.py:2306} INFO - Setting next_dagrun for example_xcom to 2023-02-14 00:00:00+00:00
[2023-02-16 21:20:45,118] {scheduler_job.py:190} INFO - Processing /home/airflow/.local/lib/python3.6/site-packages/airflow/example_dags/example_xcom.py took 0.075 seconds
[2023-02-16 21:21:16,096] {scheduler_job.py:182} INFO - Started process (PID=4295) to work on /home/airflow/.local/lib/python3.6/site-packages/airflow/example_dags/example_xcom.py
[2023-02-16 21:21:16,097] {scheduler_job.py:633} INFO - Processing file /home/airflow/.local/lib/python3.6/site-packages/airflow/example_dags/example_xcom.py for tasks to queue
[2023-02-16 21:21:16,098] {logging_mixin.py:104} INFO - [2023-02-16 21:21:16,098] {dagbag.py:496} INFO - Filling up the DagBag from /home/airflow/.local/lib/python3.6/site-packages/airflow/example_dags/example_xcom.py
[2023-02-16 21:21:16,107] {scheduler_job.py:643} INFO - DAG(s) dict_keys(['example_xcom']) retrieved from /home/airflow/.local/lib/python3.6/site-packages/airflow/example_dags/example_xcom.py
[2023-02-16 21:21:16,125] {logging_mixin.py:104} INFO - [2023-02-16 21:21:16,125] {dag.py:1833} INFO - Sync 1 DAGs
[2023-02-16 21:21:16,137] {logging_mixin.py:104} INFO - [2023-02-16 21:21:16,137] {dag.py:2306} INFO - Setting next_dagrun for example_xcom to 2023-02-14 00:00:00+00:00
[2023-02-16 21:21:16,145] {scheduler_job.py:190} INFO - Processing /home/airflow/.local/lib/python3.6/site-packages/airflow/example_dags/example_xcom.py took 0.050 seconds
[2023-02-16 21:21:46,882] {scheduler_job.py:182} INFO - Started process (PID=4356) to work on /home/airflow/.local/lib/python3.6/site-packages/airflow/example_dags/example_xcom.py
[2023-02-16 21:21:46,883] {scheduler_job.py:633} INFO - Processing file /home/airflow/.local/lib/python3.6/site-packages/airflow/example_dags/example_xcom.py for tasks to queue
[2023-02-16 21:21:46,884] {logging_mixin.py:104} INFO - [2023-02-16 21:21:46,883] {dagbag.py:496} INFO - Filling up the DagBag from /home/airflow/.local/lib/python3.6/site-packages/airflow/example_dags/example_xcom.py
[2023-02-16 21:21:46,898] {scheduler_job.py:643} INFO - DAG(s) dict_keys(['example_xcom']) retrieved from /home/airflow/.local/lib/python3.6/site-packages/airflow/example_dags/example_xcom.py
[2023-02-16 21:21:46,922] {logging_mixin.py:104} INFO - [2023-02-16 21:21:46,922] {dag.py:1833} INFO - Sync 1 DAGs
[2023-02-16 21:21:46,941] {logging_mixin.py:104} INFO - [2023-02-16 21:21:46,940] {dag.py:2306} INFO - Setting next_dagrun for example_xcom to 2023-02-14 00:00:00+00:00
[2023-02-16 21:21:46,952] {scheduler_job.py:190} INFO - Processing /home/airflow/.local/lib/python3.6/site-packages/airflow/example_dags/example_xcom.py took 0.074 seconds
[2023-02-16 21:22:17,850] {scheduler_job.py:182} INFO - Started process (PID=4414) to work on /home/airflow/.local/lib/python3.6/site-packages/airflow/example_dags/example_xcom.py
[2023-02-16 21:22:17,851] {scheduler_job.py:633} INFO - Processing file /home/airflow/.local/lib/python3.6/site-packages/airflow/example_dags/example_xcom.py for tasks to queue
[2023-02-16 21:22:17,852] {logging_mixin.py:104} INFO - [2023-02-16 21:22:17,851] {dagbag.py:496} INFO - Filling up the DagBag from /home/airflow/.local/lib/python3.6/site-packages/airflow/example_dags/example_xcom.py
[2023-02-16 21:22:17,861] {scheduler_job.py:643} INFO - DAG(s) dict_keys(['example_xcom']) retrieved from /home/airflow/.local/lib/python3.6/site-packages/airflow/example_dags/example_xcom.py
[2023-02-16 21:22:17,878] {logging_mixin.py:104} INFO - [2023-02-16 21:22:17,878] {dag.py:1833} INFO - Sync 1 DAGs
[2023-02-16 21:22:17,899] {logging_mixin.py:104} INFO - [2023-02-16 21:22:17,898] {dag.py:2306} INFO - Setting next_dagrun for example_xcom to 2023-02-14 00:00:00+00:00
[2023-02-16 21:22:17,911] {scheduler_job.py:190} INFO - Processing /home/airflow/.local/lib/python3.6/site-packages/airflow/example_dags/example_xcom.py took 0.064 seconds
