[2023-02-16 20:46:35,995] {scheduler_job.py:182} INFO - Started process (PID=116) to work on /home/airflow/.local/lib/python3.6/site-packages/airflow/example_dags/example_branch_day_of_week_operator.py
[2023-02-16 20:46:35,996] {scheduler_job.py:633} INFO - Processing file /home/airflow/.local/lib/python3.6/site-packages/airflow/example_dags/example_branch_day_of_week_operator.py for tasks to queue
[2023-02-16 20:46:35,996] {logging_mixin.py:104} INFO - [2023-02-16 20:46:35,996] {dagbag.py:496} INFO - Filling up the DagBag from /home/airflow/.local/lib/python3.6/site-packages/airflow/example_dags/example_branch_day_of_week_operator.py
[2023-02-16 20:46:36,089] {scheduler_job.py:643} INFO - DAG(s) dict_keys(['example_weekday_branch_operator']) retrieved from /home/airflow/.local/lib/python3.6/site-packages/airflow/example_dags/example_branch_day_of_week_operator.py
[2023-02-16 20:46:54,086] {logging_mixin.py:104} INFO - [2023-02-16 20:46:54,086] {dag.py:1833} INFO - Sync 1 DAGs
[2023-02-16 20:46:54,098] {logging_mixin.py:104} INFO - [2023-02-16 20:46:54,097] {dag.py:1852} INFO - Creating ORM DAG for example_weekday_branch_operator
[2023-02-16 20:46:54,192] {logging_mixin.py:104} INFO - [2023-02-16 20:46:54,192] {dag.py:2306} INFO - Setting next_dagrun for example_weekday_branch_operator to 2023-02-14 00:00:00+00:00
[2023-02-16 20:46:54,288] {scheduler_job.py:190} INFO - Processing /home/airflow/.local/lib/python3.6/site-packages/airflow/example_dags/example_branch_day_of_week_operator.py took 18.296 seconds
[2023-02-16 20:47:53,001] {scheduler_job.py:182} INFO - Started process (PID=647) to work on /home/airflow/.local/lib/python3.6/site-packages/airflow/example_dags/example_branch_day_of_week_operator.py
[2023-02-16 20:47:53,003] {scheduler_job.py:633} INFO - Processing file /home/airflow/.local/lib/python3.6/site-packages/airflow/example_dags/example_branch_day_of_week_operator.py for tasks to queue
[2023-02-16 20:47:53,003] {logging_mixin.py:104} INFO - [2023-02-16 20:47:53,003] {dagbag.py:496} INFO - Filling up the DagBag from /home/airflow/.local/lib/python3.6/site-packages/airflow/example_dags/example_branch_day_of_week_operator.py
[2023-02-16 20:47:53,016] {scheduler_job.py:643} INFO - DAG(s) dict_keys(['example_weekday_branch_operator']) retrieved from /home/airflow/.local/lib/python3.6/site-packages/airflow/example_dags/example_branch_day_of_week_operator.py
[2023-02-16 20:47:53,082] {logging_mixin.py:104} INFO - [2023-02-16 20:47:53,043] {dag.py:1833} INFO - Sync 1 DAGs
[2023-02-16 20:47:53,101] {logging_mixin.py:104} INFO - [2023-02-16 20:47:53,101] {dag.py:2306} INFO - Setting next_dagrun for example_weekday_branch_operator to 2023-02-14 00:00:00+00:00
[2023-02-16 20:47:53,110] {scheduler_job.py:190} INFO - Processing /home/airflow/.local/lib/python3.6/site-packages/airflow/example_dags/example_branch_day_of_week_operator.py took 0.112 seconds
[2023-02-16 20:48:23,278] {scheduler_job.py:182} INFO - Started process (PID=698) to work on /home/airflow/.local/lib/python3.6/site-packages/airflow/example_dags/example_branch_day_of_week_operator.py
[2023-02-16 20:48:23,280] {scheduler_job.py:633} INFO - Processing file /home/airflow/.local/lib/python3.6/site-packages/airflow/example_dags/example_branch_day_of_week_operator.py for tasks to queue
[2023-02-16 20:48:23,280] {logging_mixin.py:104} INFO - [2023-02-16 20:48:23,280] {dagbag.py:496} INFO - Filling up the DagBag from /home/airflow/.local/lib/python3.6/site-packages/airflow/example_dags/example_branch_day_of_week_operator.py
[2023-02-16 20:48:23,293] {scheduler_job.py:643} INFO - DAG(s) dict_keys(['example_weekday_branch_operator']) retrieved from /home/airflow/.local/lib/python3.6/site-packages/airflow/example_dags/example_branch_day_of_week_operator.py
[2023-02-16 20:48:23,319] {logging_mixin.py:104} INFO - [2023-02-16 20:48:23,319] {dag.py:1833} INFO - Sync 1 DAGs
[2023-02-16 20:48:23,338] {logging_mixin.py:104} INFO - [2023-02-16 20:48:23,338] {dag.py:2306} INFO - Setting next_dagrun for example_weekday_branch_operator to 2023-02-14 00:00:00+00:00
[2023-02-16 20:48:23,347] {scheduler_job.py:190} INFO - Processing /home/airflow/.local/lib/python3.6/site-packages/airflow/example_dags/example_branch_day_of_week_operator.py took 0.073 seconds
[2023-02-16 20:48:53,554] {scheduler_job.py:182} INFO - Started process (PID=759) to work on /home/airflow/.local/lib/python3.6/site-packages/airflow/example_dags/example_branch_day_of_week_operator.py
[2023-02-16 20:48:53,555] {scheduler_job.py:633} INFO - Processing file /home/airflow/.local/lib/python3.6/site-packages/airflow/example_dags/example_branch_day_of_week_operator.py for tasks to queue
[2023-02-16 20:48:53,555] {logging_mixin.py:104} INFO - [2023-02-16 20:48:53,555] {dagbag.py:496} INFO - Filling up the DagBag from /home/airflow/.local/lib/python3.6/site-packages/airflow/example_dags/example_branch_day_of_week_operator.py
[2023-02-16 20:48:53,567] {scheduler_job.py:643} INFO - DAG(s) dict_keys(['example_weekday_branch_operator']) retrieved from /home/airflow/.local/lib/python3.6/site-packages/airflow/example_dags/example_branch_day_of_week_operator.py
[2023-02-16 20:48:53,588] {logging_mixin.py:104} INFO - [2023-02-16 20:48:53,588] {dag.py:1833} INFO - Sync 1 DAGs
[2023-02-16 20:48:53,605] {logging_mixin.py:104} INFO - [2023-02-16 20:48:53,605] {dag.py:2306} INFO - Setting next_dagrun for example_weekday_branch_operator to 2023-02-14 00:00:00+00:00
[2023-02-16 20:48:53,613] {scheduler_job.py:190} INFO - Processing /home/airflow/.local/lib/python3.6/site-packages/airflow/example_dags/example_branch_day_of_week_operator.py took 0.062 seconds
[2023-02-16 20:49:24,166] {scheduler_job.py:182} INFO - Started process (PID=808) to work on /home/airflow/.local/lib/python3.6/site-packages/airflow/example_dags/example_branch_day_of_week_operator.py
[2023-02-16 20:49:24,167] {scheduler_job.py:633} INFO - Processing file /home/airflow/.local/lib/python3.6/site-packages/airflow/example_dags/example_branch_day_of_week_operator.py for tasks to queue
[2023-02-16 20:49:24,167] {logging_mixin.py:104} INFO - [2023-02-16 20:49:24,167] {dagbag.py:496} INFO - Filling up the DagBag from /home/airflow/.local/lib/python3.6/site-packages/airflow/example_dags/example_branch_day_of_week_operator.py
[2023-02-16 20:49:24,178] {scheduler_job.py:643} INFO - DAG(s) dict_keys(['example_weekday_branch_operator']) retrieved from /home/airflow/.local/lib/python3.6/site-packages/airflow/example_dags/example_branch_day_of_week_operator.py
[2023-02-16 20:49:24,198] {logging_mixin.py:104} INFO - [2023-02-16 20:49:24,198] {dag.py:1833} INFO - Sync 1 DAGs
[2023-02-16 20:49:24,213] {logging_mixin.py:104} INFO - [2023-02-16 20:49:24,213] {dag.py:2306} INFO - Setting next_dagrun for example_weekday_branch_operator to 2023-02-14 00:00:00+00:00
[2023-02-16 20:49:24,221] {scheduler_job.py:190} INFO - Processing /home/airflow/.local/lib/python3.6/site-packages/airflow/example_dags/example_branch_day_of_week_operator.py took 0.057 seconds
[2023-02-16 20:49:54,592] {scheduler_job.py:182} INFO - Started process (PID=869) to work on /home/airflow/.local/lib/python3.6/site-packages/airflow/example_dags/example_branch_day_of_week_operator.py
[2023-02-16 20:49:54,592] {scheduler_job.py:633} INFO - Processing file /home/airflow/.local/lib/python3.6/site-packages/airflow/example_dags/example_branch_day_of_week_operator.py for tasks to queue
[2023-02-16 20:49:54,593] {logging_mixin.py:104} INFO - [2023-02-16 20:49:54,593] {dagbag.py:496} INFO - Filling up the DagBag from /home/airflow/.local/lib/python3.6/site-packages/airflow/example_dags/example_branch_day_of_week_operator.py
[2023-02-16 20:49:54,602] {scheduler_job.py:643} INFO - DAG(s) dict_keys(['example_weekday_branch_operator']) retrieved from /home/airflow/.local/lib/python3.6/site-packages/airflow/example_dags/example_branch_day_of_week_operator.py
[2023-02-16 20:49:54,621] {logging_mixin.py:104} INFO - [2023-02-16 20:49:54,621] {dag.py:1833} INFO - Sync 1 DAGs
[2023-02-16 20:49:54,636] {logging_mixin.py:104} INFO - [2023-02-16 20:49:54,636] {dag.py:2306} INFO - Setting next_dagrun for example_weekday_branch_operator to 2023-02-14 00:00:00+00:00
[2023-02-16 20:49:54,643] {scheduler_job.py:190} INFO - Processing /home/airflow/.local/lib/python3.6/site-packages/airflow/example_dags/example_branch_day_of_week_operator.py took 0.054 seconds
[2023-02-16 20:50:25,340] {scheduler_job.py:182} INFO - Started process (PID=920) to work on /home/airflow/.local/lib/python3.6/site-packages/airflow/example_dags/example_branch_day_of_week_operator.py
[2023-02-16 20:50:25,341] {scheduler_job.py:633} INFO - Processing file /home/airflow/.local/lib/python3.6/site-packages/airflow/example_dags/example_branch_day_of_week_operator.py for tasks to queue
[2023-02-16 20:50:25,342] {logging_mixin.py:104} INFO - [2023-02-16 20:50:25,342] {dagbag.py:496} INFO - Filling up the DagBag from /home/airflow/.local/lib/python3.6/site-packages/airflow/example_dags/example_branch_day_of_week_operator.py
[2023-02-16 20:50:25,353] {scheduler_job.py:643} INFO - DAG(s) dict_keys(['example_weekday_branch_operator']) retrieved from /home/airflow/.local/lib/python3.6/site-packages/airflow/example_dags/example_branch_day_of_week_operator.py
[2023-02-16 20:50:25,374] {logging_mixin.py:104} INFO - [2023-02-16 20:50:25,374] {dag.py:1833} INFO - Sync 1 DAGs
[2023-02-16 20:50:25,392] {logging_mixin.py:104} INFO - [2023-02-16 20:50:25,392] {dag.py:2306} INFO - Setting next_dagrun for example_weekday_branch_operator to 2023-02-14 00:00:00+00:00
[2023-02-16 20:50:25,400] {scheduler_job.py:190} INFO - Processing /home/airflow/.local/lib/python3.6/site-packages/airflow/example_dags/example_branch_day_of_week_operator.py took 0.062 seconds
[2023-02-16 20:50:55,481] {scheduler_job.py:182} INFO - Started process (PID=982) to work on /home/airflow/.local/lib/python3.6/site-packages/airflow/example_dags/example_branch_day_of_week_operator.py
[2023-02-16 20:50:55,482] {scheduler_job.py:633} INFO - Processing file /home/airflow/.local/lib/python3.6/site-packages/airflow/example_dags/example_branch_day_of_week_operator.py for tasks to queue
[2023-02-16 20:50:55,482] {logging_mixin.py:104} INFO - [2023-02-16 20:50:55,482] {dagbag.py:496} INFO - Filling up the DagBag from /home/airflow/.local/lib/python3.6/site-packages/airflow/example_dags/example_branch_day_of_week_operator.py
[2023-02-16 20:50:55,493] {scheduler_job.py:643} INFO - DAG(s) dict_keys(['example_weekday_branch_operator']) retrieved from /home/airflow/.local/lib/python3.6/site-packages/airflow/example_dags/example_branch_day_of_week_operator.py
[2023-02-16 20:50:55,513] {logging_mixin.py:104} INFO - [2023-02-16 20:50:55,513] {dag.py:1833} INFO - Sync 1 DAGs
[2023-02-16 20:50:55,530] {logging_mixin.py:104} INFO - [2023-02-16 20:50:55,530] {dag.py:2306} INFO - Setting next_dagrun for example_weekday_branch_operator to 2023-02-14 00:00:00+00:00
[2023-02-16 20:50:55,538] {scheduler_job.py:190} INFO - Processing /home/airflow/.local/lib/python3.6/site-packages/airflow/example_dags/example_branch_day_of_week_operator.py took 0.059 seconds
[2023-02-16 20:51:25,895] {scheduler_job.py:182} INFO - Started process (PID=1033) to work on /home/airflow/.local/lib/python3.6/site-packages/airflow/example_dags/example_branch_day_of_week_operator.py
[2023-02-16 20:51:25,896] {scheduler_job.py:633} INFO - Processing file /home/airflow/.local/lib/python3.6/site-packages/airflow/example_dags/example_branch_day_of_week_operator.py for tasks to queue
[2023-02-16 20:51:25,896] {logging_mixin.py:104} INFO - [2023-02-16 20:51:25,896] {dagbag.py:496} INFO - Filling up the DagBag from /home/airflow/.local/lib/python3.6/site-packages/airflow/example_dags/example_branch_day_of_week_operator.py
[2023-02-16 20:51:25,907] {scheduler_job.py:643} INFO - DAG(s) dict_keys(['example_weekday_branch_operator']) retrieved from /home/airflow/.local/lib/python3.6/site-packages/airflow/example_dags/example_branch_day_of_week_operator.py
[2023-02-16 20:51:25,925] {logging_mixin.py:104} INFO - [2023-02-16 20:51:25,925] {dag.py:1833} INFO - Sync 1 DAGs
[2023-02-16 20:51:25,941] {logging_mixin.py:104} INFO - [2023-02-16 20:51:25,940] {dag.py:2306} INFO - Setting next_dagrun for example_weekday_branch_operator to 2023-02-14 00:00:00+00:00
[2023-02-16 20:51:25,948] {scheduler_job.py:190} INFO - Processing /home/airflow/.local/lib/python3.6/site-packages/airflow/example_dags/example_branch_day_of_week_operator.py took 0.056 seconds
[2023-02-16 20:51:56,445] {scheduler_job.py:182} INFO - Started process (PID=1094) to work on /home/airflow/.local/lib/python3.6/site-packages/airflow/example_dags/example_branch_day_of_week_operator.py
[2023-02-16 20:51:56,446] {scheduler_job.py:633} INFO - Processing file /home/airflow/.local/lib/python3.6/site-packages/airflow/example_dags/example_branch_day_of_week_operator.py for tasks to queue
[2023-02-16 20:51:56,447] {logging_mixin.py:104} INFO - [2023-02-16 20:51:56,447] {dagbag.py:496} INFO - Filling up the DagBag from /home/airflow/.local/lib/python3.6/site-packages/airflow/example_dags/example_branch_day_of_week_operator.py
[2023-02-16 20:51:56,459] {scheduler_job.py:643} INFO - DAG(s) dict_keys(['example_weekday_branch_operator']) retrieved from /home/airflow/.local/lib/python3.6/site-packages/airflow/example_dags/example_branch_day_of_week_operator.py
[2023-02-16 20:51:56,481] {logging_mixin.py:104} INFO - [2023-02-16 20:51:56,480] {dag.py:1833} INFO - Sync 1 DAGs
[2023-02-16 20:51:56,499] {logging_mixin.py:104} INFO - [2023-02-16 20:51:56,499] {dag.py:2306} INFO - Setting next_dagrun for example_weekday_branch_operator to 2023-02-14 00:00:00+00:00
[2023-02-16 20:51:56,509] {scheduler_job.py:190} INFO - Processing /home/airflow/.local/lib/python3.6/site-packages/airflow/example_dags/example_branch_day_of_week_operator.py took 0.067 seconds
[2023-02-16 20:52:27,025] {scheduler_job.py:182} INFO - Started process (PID=1145) to work on /home/airflow/.local/lib/python3.6/site-packages/airflow/example_dags/example_branch_day_of_week_operator.py
[2023-02-16 20:52:27,025] {scheduler_job.py:633} INFO - Processing file /home/airflow/.local/lib/python3.6/site-packages/airflow/example_dags/example_branch_day_of_week_operator.py for tasks to queue
[2023-02-16 20:52:27,026] {logging_mixin.py:104} INFO - [2023-02-16 20:52:27,026] {dagbag.py:496} INFO - Filling up the DagBag from /home/airflow/.local/lib/python3.6/site-packages/airflow/example_dags/example_branch_day_of_week_operator.py
[2023-02-16 20:52:27,039] {scheduler_job.py:643} INFO - DAG(s) dict_keys(['example_weekday_branch_operator']) retrieved from /home/airflow/.local/lib/python3.6/site-packages/airflow/example_dags/example_branch_day_of_week_operator.py
[2023-02-16 20:52:27,066] {logging_mixin.py:104} INFO - [2023-02-16 20:52:27,065] {dag.py:1833} INFO - Sync 1 DAGs
[2023-02-16 20:52:27,090] {logging_mixin.py:104} INFO - [2023-02-16 20:52:27,090] {dag.py:2306} INFO - Setting next_dagrun for example_weekday_branch_operator to 2023-02-14 00:00:00+00:00
[2023-02-16 20:52:27,103] {scheduler_job.py:190} INFO - Processing /home/airflow/.local/lib/python3.6/site-packages/airflow/example_dags/example_branch_day_of_week_operator.py took 0.081 seconds
[2023-02-16 20:52:57,697] {scheduler_job.py:182} INFO - Started process (PID=1206) to work on /home/airflow/.local/lib/python3.6/site-packages/airflow/example_dags/example_branch_day_of_week_operator.py
[2023-02-16 20:52:57,698] {scheduler_job.py:633} INFO - Processing file /home/airflow/.local/lib/python3.6/site-packages/airflow/example_dags/example_branch_day_of_week_operator.py for tasks to queue
[2023-02-16 20:52:57,699] {logging_mixin.py:104} INFO - [2023-02-16 20:52:57,699] {dagbag.py:496} INFO - Filling up the DagBag from /home/airflow/.local/lib/python3.6/site-packages/airflow/example_dags/example_branch_day_of_week_operator.py
[2023-02-16 20:52:57,783] {scheduler_job.py:643} INFO - DAG(s) dict_keys(['example_weekday_branch_operator']) retrieved from /home/airflow/.local/lib/python3.6/site-packages/airflow/example_dags/example_branch_day_of_week_operator.py
[2023-02-16 20:52:57,807] {logging_mixin.py:104} INFO - [2023-02-16 20:52:57,807] {dag.py:1833} INFO - Sync 1 DAGs
[2023-02-16 20:52:57,901] {logging_mixin.py:104} INFO - [2023-02-16 20:52:57,901] {dag.py:2306} INFO - Setting next_dagrun for example_weekday_branch_operator to 2023-02-14 00:00:00+00:00
[2023-02-16 20:52:57,993] {scheduler_job.py:190} INFO - Processing /home/airflow/.local/lib/python3.6/site-packages/airflow/example_dags/example_branch_day_of_week_operator.py took 0.299 seconds
[2023-02-16 20:53:28,890] {scheduler_job.py:182} INFO - Started process (PID=1247) to work on /home/airflow/.local/lib/python3.6/site-packages/airflow/example_dags/example_branch_day_of_week_operator.py
[2023-02-16 20:53:28,891] {scheduler_job.py:633} INFO - Processing file /home/airflow/.local/lib/python3.6/site-packages/airflow/example_dags/example_branch_day_of_week_operator.py for tasks to queue
[2023-02-16 20:53:28,891] {logging_mixin.py:104} INFO - [2023-02-16 20:53:28,891] {dagbag.py:496} INFO - Filling up the DagBag from /home/airflow/.local/lib/python3.6/site-packages/airflow/example_dags/example_branch_day_of_week_operator.py
[2023-02-16 20:53:28,907] {scheduler_job.py:643} INFO - DAG(s) dict_keys(['example_weekday_branch_operator']) retrieved from /home/airflow/.local/lib/python3.6/site-packages/airflow/example_dags/example_branch_day_of_week_operator.py
[2023-02-16 20:53:29,005] {logging_mixin.py:104} INFO - [2023-02-16 20:53:29,005] {dag.py:1833} INFO - Sync 1 DAGs
[2023-02-16 20:53:29,099] {logging_mixin.py:104} INFO - [2023-02-16 20:53:29,099] {dag.py:2306} INFO - Setting next_dagrun for example_weekday_branch_operator to 2023-02-14 00:00:00+00:00
[2023-02-16 20:53:29,185] {scheduler_job.py:190} INFO - Processing /home/airflow/.local/lib/python3.6/site-packages/airflow/example_dags/example_branch_day_of_week_operator.py took 0.299 seconds
[2023-02-16 20:54:00,055] {scheduler_job.py:182} INFO - Started process (PID=1298) to work on /home/airflow/.local/lib/python3.6/site-packages/airflow/example_dags/example_branch_day_of_week_operator.py
[2023-02-16 20:54:00,056] {scheduler_job.py:633} INFO - Processing file /home/airflow/.local/lib/python3.6/site-packages/airflow/example_dags/example_branch_day_of_week_operator.py for tasks to queue
[2023-02-16 20:54:00,057] {logging_mixin.py:104} INFO - [2023-02-16 20:54:00,057] {dagbag.py:496} INFO - Filling up the DagBag from /home/airflow/.local/lib/python3.6/site-packages/airflow/example_dags/example_branch_day_of_week_operator.py
[2023-02-16 20:54:00,068] {scheduler_job.py:643} INFO - DAG(s) dict_keys(['example_weekday_branch_operator']) retrieved from /home/airflow/.local/lib/python3.6/site-packages/airflow/example_dags/example_branch_day_of_week_operator.py
[2023-02-16 20:54:00,091] {logging_mixin.py:104} INFO - [2023-02-16 20:54:00,091] {dag.py:1833} INFO - Sync 1 DAGs
[2023-02-16 20:54:00,111] {logging_mixin.py:104} INFO - [2023-02-16 20:54:00,111] {dag.py:2306} INFO - Setting next_dagrun for example_weekday_branch_operator to 2023-02-14 00:00:00+00:00
[2023-02-16 20:54:00,125] {scheduler_job.py:190} INFO - Processing /home/airflow/.local/lib/python3.6/site-packages/airflow/example_dags/example_branch_day_of_week_operator.py took 0.073 seconds
[2023-02-16 20:54:30,732] {scheduler_job.py:182} INFO - Started process (PID=1359) to work on /home/airflow/.local/lib/python3.6/site-packages/airflow/example_dags/example_branch_day_of_week_operator.py
[2023-02-16 20:54:30,733] {scheduler_job.py:633} INFO - Processing file /home/airflow/.local/lib/python3.6/site-packages/airflow/example_dags/example_branch_day_of_week_operator.py for tasks to queue
[2023-02-16 20:54:30,734] {logging_mixin.py:104} INFO - [2023-02-16 20:54:30,734] {dagbag.py:496} INFO - Filling up the DagBag from /home/airflow/.local/lib/python3.6/site-packages/airflow/example_dags/example_branch_day_of_week_operator.py
[2023-02-16 20:54:30,744] {scheduler_job.py:643} INFO - DAG(s) dict_keys(['example_weekday_branch_operator']) retrieved from /home/airflow/.local/lib/python3.6/site-packages/airflow/example_dags/example_branch_day_of_week_operator.py
[2023-02-16 20:54:30,763] {logging_mixin.py:104} INFO - [2023-02-16 20:54:30,763] {dag.py:1833} INFO - Sync 1 DAGs
[2023-02-16 20:54:30,779] {logging_mixin.py:104} INFO - [2023-02-16 20:54:30,778] {dag.py:2306} INFO - Setting next_dagrun for example_weekday_branch_operator to 2023-02-14 00:00:00+00:00
[2023-02-16 20:54:30,789] {scheduler_job.py:190} INFO - Processing /home/airflow/.local/lib/python3.6/site-packages/airflow/example_dags/example_branch_day_of_week_operator.py took 0.059 seconds
[2023-02-16 20:55:01,289] {scheduler_job.py:182} INFO - Started process (PID=1410) to work on /home/airflow/.local/lib/python3.6/site-packages/airflow/example_dags/example_branch_day_of_week_operator.py
[2023-02-16 20:55:01,290] {scheduler_job.py:633} INFO - Processing file /home/airflow/.local/lib/python3.6/site-packages/airflow/example_dags/example_branch_day_of_week_operator.py for tasks to queue
[2023-02-16 20:55:01,290] {logging_mixin.py:104} INFO - [2023-02-16 20:55:01,290] {dagbag.py:496} INFO - Filling up the DagBag from /home/airflow/.local/lib/python3.6/site-packages/airflow/example_dags/example_branch_day_of_week_operator.py
[2023-02-16 20:55:01,304] {scheduler_job.py:643} INFO - DAG(s) dict_keys(['example_weekday_branch_operator']) retrieved from /home/airflow/.local/lib/python3.6/site-packages/airflow/example_dags/example_branch_day_of_week_operator.py
[2023-02-16 20:55:01,327] {logging_mixin.py:104} INFO - [2023-02-16 20:55:01,327] {dag.py:1833} INFO - Sync 1 DAGs
[2023-02-16 20:55:01,347] {logging_mixin.py:104} INFO - [2023-02-16 20:55:01,347] {dag.py:2306} INFO - Setting next_dagrun for example_weekday_branch_operator to 2023-02-14 00:00:00+00:00
[2023-02-16 20:55:01,361] {scheduler_job.py:190} INFO - Processing /home/airflow/.local/lib/python3.6/site-packages/airflow/example_dags/example_branch_day_of_week_operator.py took 0.076 seconds
[2023-02-16 20:55:31,713] {scheduler_job.py:182} INFO - Started process (PID=1472) to work on /home/airflow/.local/lib/python3.6/site-packages/airflow/example_dags/example_branch_day_of_week_operator.py
[2023-02-16 20:55:31,714] {scheduler_job.py:633} INFO - Processing file /home/airflow/.local/lib/python3.6/site-packages/airflow/example_dags/example_branch_day_of_week_operator.py for tasks to queue
[2023-02-16 20:55:31,714] {logging_mixin.py:104} INFO - [2023-02-16 20:55:31,714] {dagbag.py:496} INFO - Filling up the DagBag from /home/airflow/.local/lib/python3.6/site-packages/airflow/example_dags/example_branch_day_of_week_operator.py
[2023-02-16 20:55:31,726] {scheduler_job.py:643} INFO - DAG(s) dict_keys(['example_weekday_branch_operator']) retrieved from /home/airflow/.local/lib/python3.6/site-packages/airflow/example_dags/example_branch_day_of_week_operator.py
[2023-02-16 20:55:31,753] {logging_mixin.py:104} INFO - [2023-02-16 20:55:31,753] {dag.py:1833} INFO - Sync 1 DAGs
[2023-02-16 20:55:31,775] {logging_mixin.py:104} INFO - [2023-02-16 20:55:31,775] {dag.py:2306} INFO - Setting next_dagrun for example_weekday_branch_operator to 2023-02-14 00:00:00+00:00
[2023-02-16 20:55:31,785] {scheduler_job.py:190} INFO - Processing /home/airflow/.local/lib/python3.6/site-packages/airflow/example_dags/example_branch_day_of_week_operator.py took 0.075 seconds
[2023-02-16 20:56:02,469] {scheduler_job.py:182} INFO - Started process (PID=1523) to work on /home/airflow/.local/lib/python3.6/site-packages/airflow/example_dags/example_branch_day_of_week_operator.py
[2023-02-16 20:56:02,470] {scheduler_job.py:633} INFO - Processing file /home/airflow/.local/lib/python3.6/site-packages/airflow/example_dags/example_branch_day_of_week_operator.py for tasks to queue
[2023-02-16 20:56:02,471] {logging_mixin.py:104} INFO - [2023-02-16 20:56:02,471] {dagbag.py:496} INFO - Filling up the DagBag from /home/airflow/.local/lib/python3.6/site-packages/airflow/example_dags/example_branch_day_of_week_operator.py
[2023-02-16 20:56:02,483] {scheduler_job.py:643} INFO - DAG(s) dict_keys(['example_weekday_branch_operator']) retrieved from /home/airflow/.local/lib/python3.6/site-packages/airflow/example_dags/example_branch_day_of_week_operator.py
[2023-02-16 20:56:02,505] {logging_mixin.py:104} INFO - [2023-02-16 20:56:02,505] {dag.py:1833} INFO - Sync 1 DAGs
[2023-02-16 20:56:02,524] {logging_mixin.py:104} INFO - [2023-02-16 20:56:02,524] {dag.py:2306} INFO - Setting next_dagrun for example_weekday_branch_operator to 2023-02-14 00:00:00+00:00
[2023-02-16 20:56:02,534] {scheduler_job.py:190} INFO - Processing /home/airflow/.local/lib/python3.6/site-packages/airflow/example_dags/example_branch_day_of_week_operator.py took 0.068 seconds
[2023-02-16 20:56:32,960] {scheduler_job.py:182} INFO - Started process (PID=1584) to work on /home/airflow/.local/lib/python3.6/site-packages/airflow/example_dags/example_branch_day_of_week_operator.py
[2023-02-16 20:56:32,961] {scheduler_job.py:633} INFO - Processing file /home/airflow/.local/lib/python3.6/site-packages/airflow/example_dags/example_branch_day_of_week_operator.py for tasks to queue
[2023-02-16 20:56:32,961] {logging_mixin.py:104} INFO - [2023-02-16 20:56:32,961] {dagbag.py:496} INFO - Filling up the DagBag from /home/airflow/.local/lib/python3.6/site-packages/airflow/example_dags/example_branch_day_of_week_operator.py
[2023-02-16 20:56:32,974] {scheduler_job.py:643} INFO - DAG(s) dict_keys(['example_weekday_branch_operator']) retrieved from /home/airflow/.local/lib/python3.6/site-packages/airflow/example_dags/example_branch_day_of_week_operator.py
[2023-02-16 20:56:32,993] {logging_mixin.py:104} INFO - [2023-02-16 20:56:32,993] {dag.py:1833} INFO - Sync 1 DAGs
[2023-02-16 20:56:33,012] {logging_mixin.py:104} INFO - [2023-02-16 20:56:33,012] {dag.py:2306} INFO - Setting next_dagrun for example_weekday_branch_operator to 2023-02-14 00:00:00+00:00
[2023-02-16 20:56:33,021] {scheduler_job.py:190} INFO - Processing /home/airflow/.local/lib/python3.6/site-packages/airflow/example_dags/example_branch_day_of_week_operator.py took 0.063 seconds
[2023-02-16 20:57:03,585] {scheduler_job.py:182} INFO - Started process (PID=1635) to work on /home/airflow/.local/lib/python3.6/site-packages/airflow/example_dags/example_branch_day_of_week_operator.py
[2023-02-16 20:57:03,586] {scheduler_job.py:633} INFO - Processing file /home/airflow/.local/lib/python3.6/site-packages/airflow/example_dags/example_branch_day_of_week_operator.py for tasks to queue
[2023-02-16 20:57:03,586] {logging_mixin.py:104} INFO - [2023-02-16 20:57:03,586] {dagbag.py:496} INFO - Filling up the DagBag from /home/airflow/.local/lib/python3.6/site-packages/airflow/example_dags/example_branch_day_of_week_operator.py
[2023-02-16 20:57:03,599] {scheduler_job.py:643} INFO - DAG(s) dict_keys(['example_weekday_branch_operator']) retrieved from /home/airflow/.local/lib/python3.6/site-packages/airflow/example_dags/example_branch_day_of_week_operator.py
[2023-02-16 20:57:03,623] {logging_mixin.py:104} INFO - [2023-02-16 20:57:03,623] {dag.py:1833} INFO - Sync 1 DAGs
[2023-02-16 20:57:03,643] {logging_mixin.py:104} INFO - [2023-02-16 20:57:03,643] {dag.py:2306} INFO - Setting next_dagrun for example_weekday_branch_operator to 2023-02-14 00:00:00+00:00
[2023-02-16 20:57:03,652] {scheduler_job.py:190} INFO - Processing /home/airflow/.local/lib/python3.6/site-packages/airflow/example_dags/example_branch_day_of_week_operator.py took 0.069 seconds
[2023-02-16 20:57:34,157] {scheduler_job.py:182} INFO - Started process (PID=1686) to work on /home/airflow/.local/lib/python3.6/site-packages/airflow/example_dags/example_branch_day_of_week_operator.py
[2023-02-16 20:57:34,158] {scheduler_job.py:633} INFO - Processing file /home/airflow/.local/lib/python3.6/site-packages/airflow/example_dags/example_branch_day_of_week_operator.py for tasks to queue
[2023-02-16 20:57:34,158] {logging_mixin.py:104} INFO - [2023-02-16 20:57:34,158] {dagbag.py:496} INFO - Filling up the DagBag from /home/airflow/.local/lib/python3.6/site-packages/airflow/example_dags/example_branch_day_of_week_operator.py
[2023-02-16 20:57:34,170] {scheduler_job.py:643} INFO - DAG(s) dict_keys(['example_weekday_branch_operator']) retrieved from /home/airflow/.local/lib/python3.6/site-packages/airflow/example_dags/example_branch_day_of_week_operator.py
[2023-02-16 20:57:34,193] {logging_mixin.py:104} INFO - [2023-02-16 20:57:34,193] {dag.py:1833} INFO - Sync 1 DAGs
[2023-02-16 20:57:34,216] {logging_mixin.py:104} INFO - [2023-02-16 20:57:34,216] {dag.py:2306} INFO - Setting next_dagrun for example_weekday_branch_operator to 2023-02-14 00:00:00+00:00
[2023-02-16 20:57:34,229] {scheduler_job.py:190} INFO - Processing /home/airflow/.local/lib/python3.6/site-packages/airflow/example_dags/example_branch_day_of_week_operator.py took 0.074 seconds
[2023-02-16 20:58:04,360] {scheduler_job.py:182} INFO - Started process (PID=1747) to work on /home/airflow/.local/lib/python3.6/site-packages/airflow/example_dags/example_branch_day_of_week_operator.py
[2023-02-16 20:58:04,361] {scheduler_job.py:633} INFO - Processing file /home/airflow/.local/lib/python3.6/site-packages/airflow/example_dags/example_branch_day_of_week_operator.py for tasks to queue
[2023-02-16 20:58:04,361] {logging_mixin.py:104} INFO - [2023-02-16 20:58:04,361] {dagbag.py:496} INFO - Filling up the DagBag from /home/airflow/.local/lib/python3.6/site-packages/airflow/example_dags/example_branch_day_of_week_operator.py
[2023-02-16 20:58:04,374] {scheduler_job.py:643} INFO - DAG(s) dict_keys(['example_weekday_branch_operator']) retrieved from /home/airflow/.local/lib/python3.6/site-packages/airflow/example_dags/example_branch_day_of_week_operator.py
[2023-02-16 20:58:04,396] {logging_mixin.py:104} INFO - [2023-02-16 20:58:04,396] {dag.py:1833} INFO - Sync 1 DAGs
[2023-02-16 20:58:04,415] {logging_mixin.py:104} INFO - [2023-02-16 20:58:04,415] {dag.py:2306} INFO - Setting next_dagrun for example_weekday_branch_operator to 2023-02-14 00:00:00+00:00
[2023-02-16 20:58:04,426] {scheduler_job.py:190} INFO - Processing /home/airflow/.local/lib/python3.6/site-packages/airflow/example_dags/example_branch_day_of_week_operator.py took 0.069 seconds
[2023-02-16 20:58:35,184] {scheduler_job.py:182} INFO - Started process (PID=1798) to work on /home/airflow/.local/lib/python3.6/site-packages/airflow/example_dags/example_branch_day_of_week_operator.py
[2023-02-16 20:58:35,186] {scheduler_job.py:633} INFO - Processing file /home/airflow/.local/lib/python3.6/site-packages/airflow/example_dags/example_branch_day_of_week_operator.py for tasks to queue
[2023-02-16 20:58:35,186] {logging_mixin.py:104} INFO - [2023-02-16 20:58:35,186] {dagbag.py:496} INFO - Filling up the DagBag from /home/airflow/.local/lib/python3.6/site-packages/airflow/example_dags/example_branch_day_of_week_operator.py
[2023-02-16 20:58:35,196] {scheduler_job.py:643} INFO - DAG(s) dict_keys(['example_weekday_branch_operator']) retrieved from /home/airflow/.local/lib/python3.6/site-packages/airflow/example_dags/example_branch_day_of_week_operator.py
[2023-02-16 20:58:35,220] {logging_mixin.py:104} INFO - [2023-02-16 20:58:35,220] {dag.py:1833} INFO - Sync 1 DAGs
[2023-02-16 20:58:35,238] {logging_mixin.py:104} INFO - [2023-02-16 20:58:35,238] {dag.py:2306} INFO - Setting next_dagrun for example_weekday_branch_operator to 2023-02-14 00:00:00+00:00
[2023-02-16 20:58:35,248] {scheduler_job.py:190} INFO - Processing /home/airflow/.local/lib/python3.6/site-packages/airflow/example_dags/example_branch_day_of_week_operator.py took 0.066 seconds
[2023-02-16 20:59:05,292] {scheduler_job.py:182} INFO - Started process (PID=1859) to work on /home/airflow/.local/lib/python3.6/site-packages/airflow/example_dags/example_branch_day_of_week_operator.py
[2023-02-16 20:59:05,293] {scheduler_job.py:633} INFO - Processing file /home/airflow/.local/lib/python3.6/site-packages/airflow/example_dags/example_branch_day_of_week_operator.py for tasks to queue
[2023-02-16 20:59:05,294] {logging_mixin.py:104} INFO - [2023-02-16 20:59:05,293] {dagbag.py:496} INFO - Filling up the DagBag from /home/airflow/.local/lib/python3.6/site-packages/airflow/example_dags/example_branch_day_of_week_operator.py
[2023-02-16 20:59:05,304] {scheduler_job.py:643} INFO - DAG(s) dict_keys(['example_weekday_branch_operator']) retrieved from /home/airflow/.local/lib/python3.6/site-packages/airflow/example_dags/example_branch_day_of_week_operator.py
[2023-02-16 20:59:05,331] {logging_mixin.py:104} INFO - [2023-02-16 20:59:05,331] {dag.py:1833} INFO - Sync 1 DAGs
[2023-02-16 20:59:05,347] {logging_mixin.py:104} INFO - [2023-02-16 20:59:05,347] {dag.py:2306} INFO - Setting next_dagrun for example_weekday_branch_operator to 2023-02-14 00:00:00+00:00
[2023-02-16 20:59:05,355] {scheduler_job.py:190} INFO - Processing /home/airflow/.local/lib/python3.6/site-packages/airflow/example_dags/example_branch_day_of_week_operator.py took 0.065 seconds
[2023-02-16 20:59:35,593] {scheduler_job.py:182} INFO - Started process (PID=1910) to work on /home/airflow/.local/lib/python3.6/site-packages/airflow/example_dags/example_branch_day_of_week_operator.py
[2023-02-16 20:59:35,594] {scheduler_job.py:633} INFO - Processing file /home/airflow/.local/lib/python3.6/site-packages/airflow/example_dags/example_branch_day_of_week_operator.py for tasks to queue
[2023-02-16 20:59:35,595] {logging_mixin.py:104} INFO - [2023-02-16 20:59:35,594] {dagbag.py:496} INFO - Filling up the DagBag from /home/airflow/.local/lib/python3.6/site-packages/airflow/example_dags/example_branch_day_of_week_operator.py
[2023-02-16 20:59:35,605] {scheduler_job.py:643} INFO - DAG(s) dict_keys(['example_weekday_branch_operator']) retrieved from /home/airflow/.local/lib/python3.6/site-packages/airflow/example_dags/example_branch_day_of_week_operator.py
[2023-02-16 20:59:35,645] {logging_mixin.py:104} INFO - [2023-02-16 20:59:35,645] {dag.py:1833} INFO - Sync 1 DAGs
[2023-02-16 20:59:35,662] {logging_mixin.py:104} INFO - [2023-02-16 20:59:35,662] {dag.py:2306} INFO - Setting next_dagrun for example_weekday_branch_operator to 2023-02-14 00:00:00+00:00
[2023-02-16 20:59:35,670] {scheduler_job.py:190} INFO - Processing /home/airflow/.local/lib/python3.6/site-packages/airflow/example_dags/example_branch_day_of_week_operator.py took 0.080 seconds
[2023-02-16 21:00:06,041] {scheduler_job.py:182} INFO - Started process (PID=1971) to work on /home/airflow/.local/lib/python3.6/site-packages/airflow/example_dags/example_branch_day_of_week_operator.py
[2023-02-16 21:00:06,042] {scheduler_job.py:633} INFO - Processing file /home/airflow/.local/lib/python3.6/site-packages/airflow/example_dags/example_branch_day_of_week_operator.py for tasks to queue
[2023-02-16 21:00:06,042] {logging_mixin.py:104} INFO - [2023-02-16 21:00:06,042] {dagbag.py:496} INFO - Filling up the DagBag from /home/airflow/.local/lib/python3.6/site-packages/airflow/example_dags/example_branch_day_of_week_operator.py
[2023-02-16 21:00:06,053] {scheduler_job.py:643} INFO - DAG(s) dict_keys(['example_weekday_branch_operator']) retrieved from /home/airflow/.local/lib/python3.6/site-packages/airflow/example_dags/example_branch_day_of_week_operator.py
[2023-02-16 21:00:06,073] {logging_mixin.py:104} INFO - [2023-02-16 21:00:06,073] {dag.py:1833} INFO - Sync 1 DAGs
[2023-02-16 21:00:06,090] {logging_mixin.py:104} INFO - [2023-02-16 21:00:06,090] {dag.py:2306} INFO - Setting next_dagrun for example_weekday_branch_operator to 2023-02-14 00:00:00+00:00
[2023-02-16 21:00:06,098] {scheduler_job.py:190} INFO - Processing /home/airflow/.local/lib/python3.6/site-packages/airflow/example_dags/example_branch_day_of_week_operator.py took 0.059 seconds
[2023-02-16 21:00:36,563] {scheduler_job.py:182} INFO - Started process (PID=2022) to work on /home/airflow/.local/lib/python3.6/site-packages/airflow/example_dags/example_branch_day_of_week_operator.py
[2023-02-16 21:00:36,564] {scheduler_job.py:633} INFO - Processing file /home/airflow/.local/lib/python3.6/site-packages/airflow/example_dags/example_branch_day_of_week_operator.py for tasks to queue
[2023-02-16 21:00:36,564] {logging_mixin.py:104} INFO - [2023-02-16 21:00:36,564] {dagbag.py:496} INFO - Filling up the DagBag from /home/airflow/.local/lib/python3.6/site-packages/airflow/example_dags/example_branch_day_of_week_operator.py
[2023-02-16 21:00:36,575] {scheduler_job.py:643} INFO - DAG(s) dict_keys(['example_weekday_branch_operator']) retrieved from /home/airflow/.local/lib/python3.6/site-packages/airflow/example_dags/example_branch_day_of_week_operator.py
[2023-02-16 21:00:36,595] {logging_mixin.py:104} INFO - [2023-02-16 21:00:36,595] {dag.py:1833} INFO - Sync 1 DAGs
[2023-02-16 21:00:36,613] {logging_mixin.py:104} INFO - [2023-02-16 21:00:36,613] {dag.py:2306} INFO - Setting next_dagrun for example_weekday_branch_operator to 2023-02-14 00:00:00+00:00
[2023-02-16 21:00:36,623] {scheduler_job.py:190} INFO - Processing /home/airflow/.local/lib/python3.6/site-packages/airflow/example_dags/example_branch_day_of_week_operator.py took 0.062 seconds
[2023-02-16 21:01:06,954] {scheduler_job.py:182} INFO - Started process (PID=2083) to work on /home/airflow/.local/lib/python3.6/site-packages/airflow/example_dags/example_branch_day_of_week_operator.py
[2023-02-16 21:01:06,954] {scheduler_job.py:633} INFO - Processing file /home/airflow/.local/lib/python3.6/site-packages/airflow/example_dags/example_branch_day_of_week_operator.py for tasks to queue
[2023-02-16 21:01:06,955] {logging_mixin.py:104} INFO - [2023-02-16 21:01:06,955] {dagbag.py:496} INFO - Filling up the DagBag from /home/airflow/.local/lib/python3.6/site-packages/airflow/example_dags/example_branch_day_of_week_operator.py
[2023-02-16 21:01:06,968] {scheduler_job.py:643} INFO - DAG(s) dict_keys(['example_weekday_branch_operator']) retrieved from /home/airflow/.local/lib/python3.6/site-packages/airflow/example_dags/example_branch_day_of_week_operator.py
[2023-02-16 21:01:06,989] {logging_mixin.py:104} INFO - [2023-02-16 21:01:06,989] {dag.py:1833} INFO - Sync 1 DAGs
[2023-02-16 21:01:07,011] {logging_mixin.py:104} INFO - [2023-02-16 21:01:07,011] {dag.py:2306} INFO - Setting next_dagrun for example_weekday_branch_operator to 2023-02-14 00:00:00+00:00
[2023-02-16 21:01:07,020] {scheduler_job.py:190} INFO - Processing /home/airflow/.local/lib/python3.6/site-packages/airflow/example_dags/example_branch_day_of_week_operator.py took 0.069 seconds
[2023-02-16 21:01:37,430] {scheduler_job.py:182} INFO - Started process (PID=2134) to work on /home/airflow/.local/lib/python3.6/site-packages/airflow/example_dags/example_branch_day_of_week_operator.py
[2023-02-16 21:01:37,431] {scheduler_job.py:633} INFO - Processing file /home/airflow/.local/lib/python3.6/site-packages/airflow/example_dags/example_branch_day_of_week_operator.py for tasks to queue
[2023-02-16 21:01:37,431] {logging_mixin.py:104} INFO - [2023-02-16 21:01:37,431] {dagbag.py:496} INFO - Filling up the DagBag from /home/airflow/.local/lib/python3.6/site-packages/airflow/example_dags/example_branch_day_of_week_operator.py
[2023-02-16 21:01:37,443] {scheduler_job.py:643} INFO - DAG(s) dict_keys(['example_weekday_branch_operator']) retrieved from /home/airflow/.local/lib/python3.6/site-packages/airflow/example_dags/example_branch_day_of_week_operator.py
[2023-02-16 21:01:37,462] {logging_mixin.py:104} INFO - [2023-02-16 21:01:37,462] {dag.py:1833} INFO - Sync 1 DAGs
[2023-02-16 21:01:37,477] {logging_mixin.py:104} INFO - [2023-02-16 21:01:37,477] {dag.py:2306} INFO - Setting next_dagrun for example_weekday_branch_operator to 2023-02-14 00:00:00+00:00
[2023-02-16 21:01:37,485] {scheduler_job.py:190} INFO - Processing /home/airflow/.local/lib/python3.6/site-packages/airflow/example_dags/example_branch_day_of_week_operator.py took 0.058 seconds
[2023-02-16 21:02:07,727] {scheduler_job.py:182} INFO - Started process (PID=2196) to work on /home/airflow/.local/lib/python3.6/site-packages/airflow/example_dags/example_branch_day_of_week_operator.py
[2023-02-16 21:02:07,728] {scheduler_job.py:633} INFO - Processing file /home/airflow/.local/lib/python3.6/site-packages/airflow/example_dags/example_branch_day_of_week_operator.py for tasks to queue
[2023-02-16 21:02:07,729] {logging_mixin.py:104} INFO - [2023-02-16 21:02:07,728] {dagbag.py:496} INFO - Filling up the DagBag from /home/airflow/.local/lib/python3.6/site-packages/airflow/example_dags/example_branch_day_of_week_operator.py
[2023-02-16 21:02:07,740] {scheduler_job.py:643} INFO - DAG(s) dict_keys(['example_weekday_branch_operator']) retrieved from /home/airflow/.local/lib/python3.6/site-packages/airflow/example_dags/example_branch_day_of_week_operator.py
[2023-02-16 21:02:07,760] {logging_mixin.py:104} INFO - [2023-02-16 21:02:07,760] {dag.py:1833} INFO - Sync 1 DAGs
[2023-02-16 21:02:07,775] {logging_mixin.py:104} INFO - [2023-02-16 21:02:07,775] {dag.py:2306} INFO - Setting next_dagrun for example_weekday_branch_operator to 2023-02-14 00:00:00+00:00
[2023-02-16 21:02:07,783] {scheduler_job.py:190} INFO - Processing /home/airflow/.local/lib/python3.6/site-packages/airflow/example_dags/example_branch_day_of_week_operator.py took 0.058 seconds
[2023-02-16 21:02:38,421] {scheduler_job.py:182} INFO - Started process (PID=2247) to work on /home/airflow/.local/lib/python3.6/site-packages/airflow/example_dags/example_branch_day_of_week_operator.py
[2023-02-16 21:02:38,422] {scheduler_job.py:633} INFO - Processing file /home/airflow/.local/lib/python3.6/site-packages/airflow/example_dags/example_branch_day_of_week_operator.py for tasks to queue
[2023-02-16 21:02:38,422] {logging_mixin.py:104} INFO - [2023-02-16 21:02:38,422] {dagbag.py:496} INFO - Filling up the DagBag from /home/airflow/.local/lib/python3.6/site-packages/airflow/example_dags/example_branch_day_of_week_operator.py
[2023-02-16 21:02:38,435] {scheduler_job.py:643} INFO - DAG(s) dict_keys(['example_weekday_branch_operator']) retrieved from /home/airflow/.local/lib/python3.6/site-packages/airflow/example_dags/example_branch_day_of_week_operator.py
[2023-02-16 21:02:38,455] {logging_mixin.py:104} INFO - [2023-02-16 21:02:38,455] {dag.py:1833} INFO - Sync 1 DAGs
[2023-02-16 21:02:38,475] {logging_mixin.py:104} INFO - [2023-02-16 21:02:38,474] {dag.py:2306} INFO - Setting next_dagrun for example_weekday_branch_operator to 2023-02-14 00:00:00+00:00
[2023-02-16 21:02:38,482] {scheduler_job.py:190} INFO - Processing /home/airflow/.local/lib/python3.6/site-packages/airflow/example_dags/example_branch_day_of_week_operator.py took 0.064 seconds
[2023-02-16 21:03:08,889] {scheduler_job.py:182} INFO - Started process (PID=2308) to work on /home/airflow/.local/lib/python3.6/site-packages/airflow/example_dags/example_branch_day_of_week_operator.py
[2023-02-16 21:03:08,895] {scheduler_job.py:633} INFO - Processing file /home/airflow/.local/lib/python3.6/site-packages/airflow/example_dags/example_branch_day_of_week_operator.py for tasks to queue
[2023-02-16 21:03:08,897] {logging_mixin.py:104} INFO - [2023-02-16 21:03:08,897] {dagbag.py:496} INFO - Filling up the DagBag from /home/airflow/.local/lib/python3.6/site-packages/airflow/example_dags/example_branch_day_of_week_operator.py
[2023-02-16 21:03:08,910] {scheduler_job.py:643} INFO - DAG(s) dict_keys(['example_weekday_branch_operator']) retrieved from /home/airflow/.local/lib/python3.6/site-packages/airflow/example_dags/example_branch_day_of_week_operator.py
[2023-02-16 21:03:08,932] {logging_mixin.py:104} INFO - [2023-02-16 21:03:08,932] {dag.py:1833} INFO - Sync 1 DAGs
[2023-02-16 21:03:08,993] {logging_mixin.py:104} INFO - [2023-02-16 21:03:08,993] {dag.py:2306} INFO - Setting next_dagrun for example_weekday_branch_operator to 2023-02-14 00:00:00+00:00
[2023-02-16 21:03:09,001] {scheduler_job.py:190} INFO - Processing /home/airflow/.local/lib/python3.6/site-packages/airflow/example_dags/example_branch_day_of_week_operator.py took 0.115 seconds
[2023-02-16 21:03:39,142] {scheduler_job.py:182} INFO - Started process (PID=2359) to work on /home/airflow/.local/lib/python3.6/site-packages/airflow/example_dags/example_branch_day_of_week_operator.py
[2023-02-16 21:03:39,143] {scheduler_job.py:633} INFO - Processing file /home/airflow/.local/lib/python3.6/site-packages/airflow/example_dags/example_branch_day_of_week_operator.py for tasks to queue
[2023-02-16 21:03:39,143] {logging_mixin.py:104} INFO - [2023-02-16 21:03:39,143] {dagbag.py:496} INFO - Filling up the DagBag from /home/airflow/.local/lib/python3.6/site-packages/airflow/example_dags/example_branch_day_of_week_operator.py
[2023-02-16 21:03:39,153] {scheduler_job.py:643} INFO - DAG(s) dict_keys(['example_weekday_branch_operator']) retrieved from /home/airflow/.local/lib/python3.6/site-packages/airflow/example_dags/example_branch_day_of_week_operator.py
[2023-02-16 21:03:39,171] {logging_mixin.py:104} INFO - [2023-02-16 21:03:39,171] {dag.py:1833} INFO - Sync 1 DAGs
[2023-02-16 21:03:39,189] {logging_mixin.py:104} INFO - [2023-02-16 21:03:39,188] {dag.py:2306} INFO - Setting next_dagrun for example_weekday_branch_operator to 2023-02-14 00:00:00+00:00
[2023-02-16 21:03:39,202] {scheduler_job.py:190} INFO - Processing /home/airflow/.local/lib/python3.6/site-packages/airflow/example_dags/example_branch_day_of_week_operator.py took 0.063 seconds
[2023-02-16 21:04:09,538] {scheduler_job.py:182} INFO - Started process (PID=2410) to work on /home/airflow/.local/lib/python3.6/site-packages/airflow/example_dags/example_branch_day_of_week_operator.py
[2023-02-16 21:04:09,539] {scheduler_job.py:633} INFO - Processing file /home/airflow/.local/lib/python3.6/site-packages/airflow/example_dags/example_branch_day_of_week_operator.py for tasks to queue
[2023-02-16 21:04:09,542] {logging_mixin.py:104} INFO - [2023-02-16 21:04:09,542] {dagbag.py:496} INFO - Filling up the DagBag from /home/airflow/.local/lib/python3.6/site-packages/airflow/example_dags/example_branch_day_of_week_operator.py
[2023-02-16 21:04:09,553] {scheduler_job.py:643} INFO - DAG(s) dict_keys(['example_weekday_branch_operator']) retrieved from /home/airflow/.local/lib/python3.6/site-packages/airflow/example_dags/example_branch_day_of_week_operator.py
[2023-02-16 21:04:09,573] {logging_mixin.py:104} INFO - [2023-02-16 21:04:09,573] {dag.py:1833} INFO - Sync 1 DAGs
[2023-02-16 21:04:09,588] {logging_mixin.py:104} INFO - [2023-02-16 21:04:09,588] {dag.py:2306} INFO - Setting next_dagrun for example_weekday_branch_operator to 2023-02-14 00:00:00+00:00
[2023-02-16 21:04:09,596] {scheduler_job.py:190} INFO - Processing /home/airflow/.local/lib/python3.6/site-packages/airflow/example_dags/example_branch_day_of_week_operator.py took 0.060 seconds
[2023-02-16 21:04:39,644] {scheduler_job.py:182} INFO - Started process (PID=2471) to work on /home/airflow/.local/lib/python3.6/site-packages/airflow/example_dags/example_branch_day_of_week_operator.py
[2023-02-16 21:04:39,645] {scheduler_job.py:633} INFO - Processing file /home/airflow/.local/lib/python3.6/site-packages/airflow/example_dags/example_branch_day_of_week_operator.py for tasks to queue
[2023-02-16 21:04:39,646] {logging_mixin.py:104} INFO - [2023-02-16 21:04:39,646] {dagbag.py:496} INFO - Filling up the DagBag from /home/airflow/.local/lib/python3.6/site-packages/airflow/example_dags/example_branch_day_of_week_operator.py
[2023-02-16 21:04:39,656] {scheduler_job.py:643} INFO - DAG(s) dict_keys(['example_weekday_branch_operator']) retrieved from /home/airflow/.local/lib/python3.6/site-packages/airflow/example_dags/example_branch_day_of_week_operator.py
[2023-02-16 21:04:39,679] {logging_mixin.py:104} INFO - [2023-02-16 21:04:39,679] {dag.py:1833} INFO - Sync 1 DAGs
[2023-02-16 21:04:39,699] {logging_mixin.py:104} INFO - [2023-02-16 21:04:39,699] {dag.py:2306} INFO - Setting next_dagrun for example_weekday_branch_operator to 2023-02-14 00:00:00+00:00
[2023-02-16 21:04:39,709] {scheduler_job.py:190} INFO - Processing /home/airflow/.local/lib/python3.6/site-packages/airflow/example_dags/example_branch_day_of_week_operator.py took 0.067 seconds
[2023-02-16 21:05:10,187] {scheduler_job.py:182} INFO - Started process (PID=2522) to work on /home/airflow/.local/lib/python3.6/site-packages/airflow/example_dags/example_branch_day_of_week_operator.py
[2023-02-16 21:05:10,188] {scheduler_job.py:633} INFO - Processing file /home/airflow/.local/lib/python3.6/site-packages/airflow/example_dags/example_branch_day_of_week_operator.py for tasks to queue
[2023-02-16 21:05:10,188] {logging_mixin.py:104} INFO - [2023-02-16 21:05:10,188] {dagbag.py:496} INFO - Filling up the DagBag from /home/airflow/.local/lib/python3.6/site-packages/airflow/example_dags/example_branch_day_of_week_operator.py
[2023-02-16 21:05:10,198] {scheduler_job.py:643} INFO - DAG(s) dict_keys(['example_weekday_branch_operator']) retrieved from /home/airflow/.local/lib/python3.6/site-packages/airflow/example_dags/example_branch_day_of_week_operator.py
[2023-02-16 21:05:10,217] {logging_mixin.py:104} INFO - [2023-02-16 21:05:10,217] {dag.py:1833} INFO - Sync 1 DAGs
[2023-02-16 21:05:10,233] {logging_mixin.py:104} INFO - [2023-02-16 21:05:10,233] {dag.py:2306} INFO - Setting next_dagrun for example_weekday_branch_operator to 2023-02-14 00:00:00+00:00
[2023-02-16 21:05:10,241] {scheduler_job.py:190} INFO - Processing /home/airflow/.local/lib/python3.6/site-packages/airflow/example_dags/example_branch_day_of_week_operator.py took 0.056 seconds
[2023-02-16 21:05:40,979] {scheduler_job.py:182} INFO - Started process (PID=2583) to work on /home/airflow/.local/lib/python3.6/site-packages/airflow/example_dags/example_branch_day_of_week_operator.py
[2023-02-16 21:05:40,979] {scheduler_job.py:633} INFO - Processing file /home/airflow/.local/lib/python3.6/site-packages/airflow/example_dags/example_branch_day_of_week_operator.py for tasks to queue
[2023-02-16 21:05:40,980] {logging_mixin.py:104} INFO - [2023-02-16 21:05:40,980] {dagbag.py:496} INFO - Filling up the DagBag from /home/airflow/.local/lib/python3.6/site-packages/airflow/example_dags/example_branch_day_of_week_operator.py
[2023-02-16 21:05:40,990] {scheduler_job.py:643} INFO - DAG(s) dict_keys(['example_weekday_branch_operator']) retrieved from /home/airflow/.local/lib/python3.6/site-packages/airflow/example_dags/example_branch_day_of_week_operator.py
[2023-02-16 21:05:41,009] {logging_mixin.py:104} INFO - [2023-02-16 21:05:41,009] {dag.py:1833} INFO - Sync 1 DAGs
[2023-02-16 21:05:41,026] {logging_mixin.py:104} INFO - [2023-02-16 21:05:41,026] {dag.py:2306} INFO - Setting next_dagrun for example_weekday_branch_operator to 2023-02-14 00:00:00+00:00
[2023-02-16 21:05:41,034] {scheduler_job.py:190} INFO - Processing /home/airflow/.local/lib/python3.6/site-packages/airflow/example_dags/example_branch_day_of_week_operator.py took 0.058 seconds
[2023-02-16 21:06:11,531] {scheduler_job.py:182} INFO - Started process (PID=2634) to work on /home/airflow/.local/lib/python3.6/site-packages/airflow/example_dags/example_branch_day_of_week_operator.py
[2023-02-16 21:06:11,532] {scheduler_job.py:633} INFO - Processing file /home/airflow/.local/lib/python3.6/site-packages/airflow/example_dags/example_branch_day_of_week_operator.py for tasks to queue
[2023-02-16 21:06:11,532] {logging_mixin.py:104} INFO - [2023-02-16 21:06:11,532] {dagbag.py:496} INFO - Filling up the DagBag from /home/airflow/.local/lib/python3.6/site-packages/airflow/example_dags/example_branch_day_of_week_operator.py
[2023-02-16 21:06:11,542] {scheduler_job.py:643} INFO - DAG(s) dict_keys(['example_weekday_branch_operator']) retrieved from /home/airflow/.local/lib/python3.6/site-packages/airflow/example_dags/example_branch_day_of_week_operator.py
[2023-02-16 21:06:11,561] {logging_mixin.py:104} INFO - [2023-02-16 21:06:11,561] {dag.py:1833} INFO - Sync 1 DAGs
[2023-02-16 21:06:11,578] {logging_mixin.py:104} INFO - [2023-02-16 21:06:11,578] {dag.py:2306} INFO - Setting next_dagrun for example_weekday_branch_operator to 2023-02-14 00:00:00+00:00
[2023-02-16 21:06:11,586] {scheduler_job.py:190} INFO - Processing /home/airflow/.local/lib/python3.6/site-packages/airflow/example_dags/example_branch_day_of_week_operator.py took 0.057 seconds
[2023-02-16 21:06:42,095] {scheduler_job.py:182} INFO - Started process (PID=2695) to work on /home/airflow/.local/lib/python3.6/site-packages/airflow/example_dags/example_branch_day_of_week_operator.py
[2023-02-16 21:06:42,095] {scheduler_job.py:633} INFO - Processing file /home/airflow/.local/lib/python3.6/site-packages/airflow/example_dags/example_branch_day_of_week_operator.py for tasks to queue
[2023-02-16 21:06:42,096] {logging_mixin.py:104} INFO - [2023-02-16 21:06:42,096] {dagbag.py:496} INFO - Filling up the DagBag from /home/airflow/.local/lib/python3.6/site-packages/airflow/example_dags/example_branch_day_of_week_operator.py
[2023-02-16 21:06:42,108] {scheduler_job.py:643} INFO - DAG(s) dict_keys(['example_weekday_branch_operator']) retrieved from /home/airflow/.local/lib/python3.6/site-packages/airflow/example_dags/example_branch_day_of_week_operator.py
[2023-02-16 21:06:42,133] {logging_mixin.py:104} INFO - [2023-02-16 21:06:42,133] {dag.py:1833} INFO - Sync 1 DAGs
[2023-02-16 21:06:42,155] {logging_mixin.py:104} INFO - [2023-02-16 21:06:42,155] {dag.py:2306} INFO - Setting next_dagrun for example_weekday_branch_operator to 2023-02-14 00:00:00+00:00
[2023-02-16 21:06:42,164] {scheduler_job.py:190} INFO - Processing /home/airflow/.local/lib/python3.6/site-packages/airflow/example_dags/example_branch_day_of_week_operator.py took 0.072 seconds
[2023-02-16 21:07:12,796] {scheduler_job.py:182} INFO - Started process (PID=2746) to work on /home/airflow/.local/lib/python3.6/site-packages/airflow/example_dags/example_branch_day_of_week_operator.py
[2023-02-16 21:07:12,797] {scheduler_job.py:633} INFO - Processing file /home/airflow/.local/lib/python3.6/site-packages/airflow/example_dags/example_branch_day_of_week_operator.py for tasks to queue
[2023-02-16 21:07:12,798] {logging_mixin.py:104} INFO - [2023-02-16 21:07:12,798] {dagbag.py:496} INFO - Filling up the DagBag from /home/airflow/.local/lib/python3.6/site-packages/airflow/example_dags/example_branch_day_of_week_operator.py
[2023-02-16 21:07:12,813] {scheduler_job.py:643} INFO - DAG(s) dict_keys(['example_weekday_branch_operator']) retrieved from /home/airflow/.local/lib/python3.6/site-packages/airflow/example_dags/example_branch_day_of_week_operator.py
[2023-02-16 21:07:12,837] {logging_mixin.py:104} INFO - [2023-02-16 21:07:12,837] {dag.py:1833} INFO - Sync 1 DAGs
[2023-02-16 21:07:12,858] {logging_mixin.py:104} INFO - [2023-02-16 21:07:12,858] {dag.py:2306} INFO - Setting next_dagrun for example_weekday_branch_operator to 2023-02-14 00:00:00+00:00
[2023-02-16 21:07:12,870] {scheduler_job.py:190} INFO - Processing /home/airflow/.local/lib/python3.6/site-packages/airflow/example_dags/example_branch_day_of_week_operator.py took 0.078 seconds
[2023-02-16 21:07:43,251] {scheduler_job.py:182} INFO - Started process (PID=2807) to work on /home/airflow/.local/lib/python3.6/site-packages/airflow/example_dags/example_branch_day_of_week_operator.py
[2023-02-16 21:07:43,253] {scheduler_job.py:633} INFO - Processing file /home/airflow/.local/lib/python3.6/site-packages/airflow/example_dags/example_branch_day_of_week_operator.py for tasks to queue
[2023-02-16 21:07:43,254] {logging_mixin.py:104} INFO - [2023-02-16 21:07:43,253] {dagbag.py:496} INFO - Filling up the DagBag from /home/airflow/.local/lib/python3.6/site-packages/airflow/example_dags/example_branch_day_of_week_operator.py
[2023-02-16 21:07:43,268] {scheduler_job.py:643} INFO - DAG(s) dict_keys(['example_weekday_branch_operator']) retrieved from /home/airflow/.local/lib/python3.6/site-packages/airflow/example_dags/example_branch_day_of_week_operator.py
[2023-02-16 21:07:43,292] {logging_mixin.py:104} INFO - [2023-02-16 21:07:43,291] {dag.py:1833} INFO - Sync 1 DAGs
[2023-02-16 21:07:43,309] {logging_mixin.py:104} INFO - [2023-02-16 21:07:43,309] {dag.py:2306} INFO - Setting next_dagrun for example_weekday_branch_operator to 2023-02-14 00:00:00+00:00
[2023-02-16 21:07:43,320] {scheduler_job.py:190} INFO - Processing /home/airflow/.local/lib/python3.6/site-packages/airflow/example_dags/example_branch_day_of_week_operator.py took 0.072 seconds
[2023-02-16 21:08:13,740] {scheduler_job.py:182} INFO - Started process (PID=2858) to work on /home/airflow/.local/lib/python3.6/site-packages/airflow/example_dags/example_branch_day_of_week_operator.py
[2023-02-16 21:08:13,742] {scheduler_job.py:633} INFO - Processing file /home/airflow/.local/lib/python3.6/site-packages/airflow/example_dags/example_branch_day_of_week_operator.py for tasks to queue
[2023-02-16 21:08:13,742] {logging_mixin.py:104} INFO - [2023-02-16 21:08:13,742] {dagbag.py:496} INFO - Filling up the DagBag from /home/airflow/.local/lib/python3.6/site-packages/airflow/example_dags/example_branch_day_of_week_operator.py
[2023-02-16 21:08:13,754] {scheduler_job.py:643} INFO - DAG(s) dict_keys(['example_weekday_branch_operator']) retrieved from /home/airflow/.local/lib/python3.6/site-packages/airflow/example_dags/example_branch_day_of_week_operator.py
[2023-02-16 21:08:13,773] {logging_mixin.py:104} INFO - [2023-02-16 21:08:13,773] {dag.py:1833} INFO - Sync 1 DAGs
[2023-02-16 21:08:13,790] {logging_mixin.py:104} INFO - [2023-02-16 21:08:13,790] {dag.py:2306} INFO - Setting next_dagrun for example_weekday_branch_operator to 2023-02-14 00:00:00+00:00
[2023-02-16 21:08:13,797] {scheduler_job.py:190} INFO - Processing /home/airflow/.local/lib/python3.6/site-packages/airflow/example_dags/example_branch_day_of_week_operator.py took 0.060 seconds
[2023-02-16 21:08:43,951] {scheduler_job.py:182} INFO - Started process (PID=2918) to work on /home/airflow/.local/lib/python3.6/site-packages/airflow/example_dags/example_branch_day_of_week_operator.py
[2023-02-16 21:08:43,952] {scheduler_job.py:633} INFO - Processing file /home/airflow/.local/lib/python3.6/site-packages/airflow/example_dags/example_branch_day_of_week_operator.py for tasks to queue
[2023-02-16 21:08:43,953] {logging_mixin.py:104} INFO - [2023-02-16 21:08:43,953] {dagbag.py:496} INFO - Filling up the DagBag from /home/airflow/.local/lib/python3.6/site-packages/airflow/example_dags/example_branch_day_of_week_operator.py
[2023-02-16 21:08:43,969] {scheduler_job.py:643} INFO - DAG(s) dict_keys(['example_weekday_branch_operator']) retrieved from /home/airflow/.local/lib/python3.6/site-packages/airflow/example_dags/example_branch_day_of_week_operator.py
[2023-02-16 21:08:43,998] {logging_mixin.py:104} INFO - [2023-02-16 21:08:43,998] {dag.py:1833} INFO - Sync 1 DAGs
[2023-02-16 21:08:44,019] {logging_mixin.py:104} INFO - [2023-02-16 21:08:44,019] {dag.py:2306} INFO - Setting next_dagrun for example_weekday_branch_operator to 2023-02-14 00:00:00+00:00
[2023-02-16 21:08:44,033] {scheduler_job.py:190} INFO - Processing /home/airflow/.local/lib/python3.6/site-packages/airflow/example_dags/example_branch_day_of_week_operator.py took 0.086 seconds
[2023-02-16 21:09:14,732] {scheduler_job.py:182} INFO - Started process (PID=2969) to work on /home/airflow/.local/lib/python3.6/site-packages/airflow/example_dags/example_branch_day_of_week_operator.py
[2023-02-16 21:09:14,733] {scheduler_job.py:633} INFO - Processing file /home/airflow/.local/lib/python3.6/site-packages/airflow/example_dags/example_branch_day_of_week_operator.py for tasks to queue
[2023-02-16 21:09:14,733] {logging_mixin.py:104} INFO - [2023-02-16 21:09:14,733] {dagbag.py:496} INFO - Filling up the DagBag from /home/airflow/.local/lib/python3.6/site-packages/airflow/example_dags/example_branch_day_of_week_operator.py
[2023-02-16 21:09:14,744] {scheduler_job.py:643} INFO - DAG(s) dict_keys(['example_weekday_branch_operator']) retrieved from /home/airflow/.local/lib/python3.6/site-packages/airflow/example_dags/example_branch_day_of_week_operator.py
[2023-02-16 21:09:14,764] {logging_mixin.py:104} INFO - [2023-02-16 21:09:14,764] {dag.py:1833} INFO - Sync 1 DAGs
[2023-02-16 21:09:14,780] {logging_mixin.py:104} INFO - [2023-02-16 21:09:14,780] {dag.py:2306} INFO - Setting next_dagrun for example_weekday_branch_operator to 2023-02-14 00:00:00+00:00
[2023-02-16 21:09:14,791] {scheduler_job.py:190} INFO - Processing /home/airflow/.local/lib/python3.6/site-packages/airflow/example_dags/example_branch_day_of_week_operator.py took 0.062 seconds
[2023-02-16 21:09:45,277] {scheduler_job.py:182} INFO - Started process (PID=3030) to work on /home/airflow/.local/lib/python3.6/site-packages/airflow/example_dags/example_branch_day_of_week_operator.py
[2023-02-16 21:09:45,277] {scheduler_job.py:633} INFO - Processing file /home/airflow/.local/lib/python3.6/site-packages/airflow/example_dags/example_branch_day_of_week_operator.py for tasks to queue
[2023-02-16 21:09:45,278] {logging_mixin.py:104} INFO - [2023-02-16 21:09:45,278] {dagbag.py:496} INFO - Filling up the DagBag from /home/airflow/.local/lib/python3.6/site-packages/airflow/example_dags/example_branch_day_of_week_operator.py
[2023-02-16 21:09:45,288] {scheduler_job.py:643} INFO - DAG(s) dict_keys(['example_weekday_branch_operator']) retrieved from /home/airflow/.local/lib/python3.6/site-packages/airflow/example_dags/example_branch_day_of_week_operator.py
[2023-02-16 21:09:45,308] {logging_mixin.py:104} INFO - [2023-02-16 21:09:45,307] {dag.py:1833} INFO - Sync 1 DAGs
[2023-02-16 21:09:45,323] {logging_mixin.py:104} INFO - [2023-02-16 21:09:45,323] {dag.py:2306} INFO - Setting next_dagrun for example_weekday_branch_operator to 2023-02-14 00:00:00+00:00
[2023-02-16 21:09:45,332] {scheduler_job.py:190} INFO - Processing /home/airflow/.local/lib/python3.6/site-packages/airflow/example_dags/example_branch_day_of_week_operator.py took 0.058 seconds
[2023-02-16 21:10:15,405] {scheduler_job.py:182} INFO - Started process (PID=3081) to work on /home/airflow/.local/lib/python3.6/site-packages/airflow/example_dags/example_branch_day_of_week_operator.py
[2023-02-16 21:10:15,406] {scheduler_job.py:633} INFO - Processing file /home/airflow/.local/lib/python3.6/site-packages/airflow/example_dags/example_branch_day_of_week_operator.py for tasks to queue
[2023-02-16 21:10:15,408] {logging_mixin.py:104} INFO - [2023-02-16 21:10:15,407] {dagbag.py:496} INFO - Filling up the DagBag from /home/airflow/.local/lib/python3.6/site-packages/airflow/example_dags/example_branch_day_of_week_operator.py
[2023-02-16 21:10:15,423] {scheduler_job.py:643} INFO - DAG(s) dict_keys(['example_weekday_branch_operator']) retrieved from /home/airflow/.local/lib/python3.6/site-packages/airflow/example_dags/example_branch_day_of_week_operator.py
[2023-02-16 21:10:15,444] {logging_mixin.py:104} INFO - [2023-02-16 21:10:15,444] {dag.py:1833} INFO - Sync 1 DAGs
[2023-02-16 21:10:15,462] {logging_mixin.py:104} INFO - [2023-02-16 21:10:15,462] {dag.py:2306} INFO - Setting next_dagrun for example_weekday_branch_operator to 2023-02-14 00:00:00+00:00
[2023-02-16 21:10:15,473] {scheduler_job.py:190} INFO - Processing /home/airflow/.local/lib/python3.6/site-packages/airflow/example_dags/example_branch_day_of_week_operator.py took 0.070 seconds
[2023-02-16 21:10:46,217] {scheduler_job.py:182} INFO - Started process (PID=3142) to work on /home/airflow/.local/lib/python3.6/site-packages/airflow/example_dags/example_branch_day_of_week_operator.py
[2023-02-16 21:10:46,218] {scheduler_job.py:633} INFO - Processing file /home/airflow/.local/lib/python3.6/site-packages/airflow/example_dags/example_branch_day_of_week_operator.py for tasks to queue
[2023-02-16 21:10:46,218] {logging_mixin.py:104} INFO - [2023-02-16 21:10:46,218] {dagbag.py:496} INFO - Filling up the DagBag from /home/airflow/.local/lib/python3.6/site-packages/airflow/example_dags/example_branch_day_of_week_operator.py
[2023-02-16 21:10:46,229] {scheduler_job.py:643} INFO - DAG(s) dict_keys(['example_weekday_branch_operator']) retrieved from /home/airflow/.local/lib/python3.6/site-packages/airflow/example_dags/example_branch_day_of_week_operator.py
[2023-02-16 21:10:46,255] {logging_mixin.py:104} INFO - [2023-02-16 21:10:46,254] {dag.py:1833} INFO - Sync 1 DAGs
[2023-02-16 21:10:46,274] {logging_mixin.py:104} INFO - [2023-02-16 21:10:46,274] {dag.py:2306} INFO - Setting next_dagrun for example_weekday_branch_operator to 2023-02-14 00:00:00+00:00
[2023-02-16 21:10:46,284] {scheduler_job.py:190} INFO - Processing /home/airflow/.local/lib/python3.6/site-packages/airflow/example_dags/example_branch_day_of_week_operator.py took 0.070 seconds
[2023-02-16 21:11:16,707] {scheduler_job.py:182} INFO - Started process (PID=3193) to work on /home/airflow/.local/lib/python3.6/site-packages/airflow/example_dags/example_branch_day_of_week_operator.py
[2023-02-16 21:11:16,708] {scheduler_job.py:633} INFO - Processing file /home/airflow/.local/lib/python3.6/site-packages/airflow/example_dags/example_branch_day_of_week_operator.py for tasks to queue
[2023-02-16 21:11:16,708] {logging_mixin.py:104} INFO - [2023-02-16 21:11:16,708] {dagbag.py:496} INFO - Filling up the DagBag from /home/airflow/.local/lib/python3.6/site-packages/airflow/example_dags/example_branch_day_of_week_operator.py
[2023-02-16 21:11:16,718] {scheduler_job.py:643} INFO - DAG(s) dict_keys(['example_weekday_branch_operator']) retrieved from /home/airflow/.local/lib/python3.6/site-packages/airflow/example_dags/example_branch_day_of_week_operator.py
[2023-02-16 21:11:16,738] {logging_mixin.py:104} INFO - [2023-02-16 21:11:16,738] {dag.py:1833} INFO - Sync 1 DAGs
[2023-02-16 21:11:16,754] {logging_mixin.py:104} INFO - [2023-02-16 21:11:16,754] {dag.py:2306} INFO - Setting next_dagrun for example_weekday_branch_operator to 2023-02-14 00:00:00+00:00
[2023-02-16 21:11:16,763] {scheduler_job.py:190} INFO - Processing /home/airflow/.local/lib/python3.6/site-packages/airflow/example_dags/example_branch_day_of_week_operator.py took 0.059 seconds
[2023-02-16 21:11:47,259] {scheduler_job.py:182} INFO - Started process (PID=3254) to work on /home/airflow/.local/lib/python3.6/site-packages/airflow/example_dags/example_branch_day_of_week_operator.py
[2023-02-16 21:11:47,260] {scheduler_job.py:633} INFO - Processing file /home/airflow/.local/lib/python3.6/site-packages/airflow/example_dags/example_branch_day_of_week_operator.py for tasks to queue
[2023-02-16 21:11:47,260] {logging_mixin.py:104} INFO - [2023-02-16 21:11:47,260] {dagbag.py:496} INFO - Filling up the DagBag from /home/airflow/.local/lib/python3.6/site-packages/airflow/example_dags/example_branch_day_of_week_operator.py
[2023-02-16 21:11:47,271] {scheduler_job.py:643} INFO - DAG(s) dict_keys(['example_weekday_branch_operator']) retrieved from /home/airflow/.local/lib/python3.6/site-packages/airflow/example_dags/example_branch_day_of_week_operator.py
[2023-02-16 21:11:47,292] {logging_mixin.py:104} INFO - [2023-02-16 21:11:47,292] {dag.py:1833} INFO - Sync 1 DAGs
[2023-02-16 21:11:47,307] {logging_mixin.py:104} INFO - [2023-02-16 21:11:47,307] {dag.py:2306} INFO - Setting next_dagrun for example_weekday_branch_operator to 2023-02-14 00:00:00+00:00
[2023-02-16 21:11:47,316] {scheduler_job.py:190} INFO - Processing /home/airflow/.local/lib/python3.6/site-packages/airflow/example_dags/example_branch_day_of_week_operator.py took 0.059 seconds
[2023-02-16 21:12:17,644] {scheduler_job.py:182} INFO - Started process (PID=3305) to work on /home/airflow/.local/lib/python3.6/site-packages/airflow/example_dags/example_branch_day_of_week_operator.py
[2023-02-16 21:12:17,645] {scheduler_job.py:633} INFO - Processing file /home/airflow/.local/lib/python3.6/site-packages/airflow/example_dags/example_branch_day_of_week_operator.py for tasks to queue
[2023-02-16 21:12:17,645] {logging_mixin.py:104} INFO - [2023-02-16 21:12:17,645] {dagbag.py:496} INFO - Filling up the DagBag from /home/airflow/.local/lib/python3.6/site-packages/airflow/example_dags/example_branch_day_of_week_operator.py
[2023-02-16 21:12:17,656] {scheduler_job.py:643} INFO - DAG(s) dict_keys(['example_weekday_branch_operator']) retrieved from /home/airflow/.local/lib/python3.6/site-packages/airflow/example_dags/example_branch_day_of_week_operator.py
[2023-02-16 21:12:17,675] {logging_mixin.py:104} INFO - [2023-02-16 21:12:17,674] {dag.py:1833} INFO - Sync 1 DAGs
[2023-02-16 21:12:17,691] {logging_mixin.py:104} INFO - [2023-02-16 21:12:17,691] {dag.py:2306} INFO - Setting next_dagrun for example_weekday_branch_operator to 2023-02-14 00:00:00+00:00
[2023-02-16 21:12:17,701] {scheduler_job.py:190} INFO - Processing /home/airflow/.local/lib/python3.6/site-packages/airflow/example_dags/example_branch_day_of_week_operator.py took 0.059 seconds
[2023-02-16 21:12:48,049] {scheduler_job.py:182} INFO - Started process (PID=3366) to work on /home/airflow/.local/lib/python3.6/site-packages/airflow/example_dags/example_branch_day_of_week_operator.py
[2023-02-16 21:12:48,050] {scheduler_job.py:633} INFO - Processing file /home/airflow/.local/lib/python3.6/site-packages/airflow/example_dags/example_branch_day_of_week_operator.py for tasks to queue
[2023-02-16 21:12:48,051] {logging_mixin.py:104} INFO - [2023-02-16 21:12:48,051] {dagbag.py:496} INFO - Filling up the DagBag from /home/airflow/.local/lib/python3.6/site-packages/airflow/example_dags/example_branch_day_of_week_operator.py
[2023-02-16 21:12:48,064] {scheduler_job.py:643} INFO - DAG(s) dict_keys(['example_weekday_branch_operator']) retrieved from /home/airflow/.local/lib/python3.6/site-packages/airflow/example_dags/example_branch_day_of_week_operator.py
[2023-02-16 21:12:48,083] {logging_mixin.py:104} INFO - [2023-02-16 21:12:48,083] {dag.py:1833} INFO - Sync 1 DAGs
[2023-02-16 21:12:48,100] {logging_mixin.py:104} INFO - [2023-02-16 21:12:48,100] {dag.py:2306} INFO - Setting next_dagrun for example_weekday_branch_operator to 2023-02-14 00:00:00+00:00
[2023-02-16 21:12:48,108] {scheduler_job.py:190} INFO - Processing /home/airflow/.local/lib/python3.6/site-packages/airflow/example_dags/example_branch_day_of_week_operator.py took 0.061 seconds
[2023-02-16 21:13:18,751] {scheduler_job.py:182} INFO - Started process (PID=3417) to work on /home/airflow/.local/lib/python3.6/site-packages/airflow/example_dags/example_branch_day_of_week_operator.py
[2023-02-16 21:13:18,753] {scheduler_job.py:633} INFO - Processing file /home/airflow/.local/lib/python3.6/site-packages/airflow/example_dags/example_branch_day_of_week_operator.py for tasks to queue
[2023-02-16 21:13:18,753] {logging_mixin.py:104} INFO - [2023-02-16 21:13:18,753] {dagbag.py:496} INFO - Filling up the DagBag from /home/airflow/.local/lib/python3.6/site-packages/airflow/example_dags/example_branch_day_of_week_operator.py
[2023-02-16 21:13:18,762] {scheduler_job.py:643} INFO - DAG(s) dict_keys(['example_weekday_branch_operator']) retrieved from /home/airflow/.local/lib/python3.6/site-packages/airflow/example_dags/example_branch_day_of_week_operator.py
[2023-02-16 21:13:18,782] {logging_mixin.py:104} INFO - [2023-02-16 21:13:18,782] {dag.py:1833} INFO - Sync 1 DAGs
[2023-02-16 21:13:18,799] {logging_mixin.py:104} INFO - [2023-02-16 21:13:18,799] {dag.py:2306} INFO - Setting next_dagrun for example_weekday_branch_operator to 2023-02-14 00:00:00+00:00
[2023-02-16 21:13:18,807] {scheduler_job.py:190} INFO - Processing /home/airflow/.local/lib/python3.6/site-packages/airflow/example_dags/example_branch_day_of_week_operator.py took 0.058 seconds
[2023-02-16 21:13:49,220] {scheduler_job.py:182} INFO - Started process (PID=3478) to work on /home/airflow/.local/lib/python3.6/site-packages/airflow/example_dags/example_branch_day_of_week_operator.py
[2023-02-16 21:13:49,221] {scheduler_job.py:633} INFO - Processing file /home/airflow/.local/lib/python3.6/site-packages/airflow/example_dags/example_branch_day_of_week_operator.py for tasks to queue
[2023-02-16 21:13:49,221] {logging_mixin.py:104} INFO - [2023-02-16 21:13:49,221] {dagbag.py:496} INFO - Filling up the DagBag from /home/airflow/.local/lib/python3.6/site-packages/airflow/example_dags/example_branch_day_of_week_operator.py
[2023-02-16 21:13:49,233] {scheduler_job.py:643} INFO - DAG(s) dict_keys(['example_weekday_branch_operator']) retrieved from /home/airflow/.local/lib/python3.6/site-packages/airflow/example_dags/example_branch_day_of_week_operator.py
[2023-02-16 21:13:49,255] {logging_mixin.py:104} INFO - [2023-02-16 21:13:49,255] {dag.py:1833} INFO - Sync 1 DAGs
[2023-02-16 21:13:49,274] {logging_mixin.py:104} INFO - [2023-02-16 21:13:49,274] {dag.py:2306} INFO - Setting next_dagrun for example_weekday_branch_operator to 2023-02-14 00:00:00+00:00
[2023-02-16 21:13:49,285] {scheduler_job.py:190} INFO - Processing /home/airflow/.local/lib/python3.6/site-packages/airflow/example_dags/example_branch_day_of_week_operator.py took 0.068 seconds
[2023-02-16 21:14:19,666] {scheduler_job.py:182} INFO - Started process (PID=3529) to work on /home/airflow/.local/lib/python3.6/site-packages/airflow/example_dags/example_branch_day_of_week_operator.py
[2023-02-16 21:14:19,667] {scheduler_job.py:633} INFO - Processing file /home/airflow/.local/lib/python3.6/site-packages/airflow/example_dags/example_branch_day_of_week_operator.py for tasks to queue
[2023-02-16 21:14:19,667] {logging_mixin.py:104} INFO - [2023-02-16 21:14:19,667] {dagbag.py:496} INFO - Filling up the DagBag from /home/airflow/.local/lib/python3.6/site-packages/airflow/example_dags/example_branch_day_of_week_operator.py
[2023-02-16 21:14:19,679] {scheduler_job.py:643} INFO - DAG(s) dict_keys(['example_weekday_branch_operator']) retrieved from /home/airflow/.local/lib/python3.6/site-packages/airflow/example_dags/example_branch_day_of_week_operator.py
[2023-02-16 21:14:19,700] {logging_mixin.py:104} INFO - [2023-02-16 21:14:19,700] {dag.py:1833} INFO - Sync 1 DAGs
[2023-02-16 21:14:19,718] {logging_mixin.py:104} INFO - [2023-02-16 21:14:19,718] {dag.py:2306} INFO - Setting next_dagrun for example_weekday_branch_operator to 2023-02-14 00:00:00+00:00
[2023-02-16 21:14:19,728] {scheduler_job.py:190} INFO - Processing /home/airflow/.local/lib/python3.6/site-packages/airflow/example_dags/example_branch_day_of_week_operator.py took 0.065 seconds
[2023-02-16 21:14:49,926] {scheduler_job.py:182} INFO - Started process (PID=3590) to work on /home/airflow/.local/lib/python3.6/site-packages/airflow/example_dags/example_branch_day_of_week_operator.py
[2023-02-16 21:14:49,926] {scheduler_job.py:633} INFO - Processing file /home/airflow/.local/lib/python3.6/site-packages/airflow/example_dags/example_branch_day_of_week_operator.py for tasks to queue
[2023-02-16 21:14:49,927] {logging_mixin.py:104} INFO - [2023-02-16 21:14:49,927] {dagbag.py:496} INFO - Filling up the DagBag from /home/airflow/.local/lib/python3.6/site-packages/airflow/example_dags/example_branch_day_of_week_operator.py
[2023-02-16 21:14:49,937] {scheduler_job.py:643} INFO - DAG(s) dict_keys(['example_weekday_branch_operator']) retrieved from /home/airflow/.local/lib/python3.6/site-packages/airflow/example_dags/example_branch_day_of_week_operator.py
[2023-02-16 21:14:49,955] {logging_mixin.py:104} INFO - [2023-02-16 21:14:49,955] {dag.py:1833} INFO - Sync 1 DAGs
[2023-02-16 21:14:49,971] {logging_mixin.py:104} INFO - [2023-02-16 21:14:49,971] {dag.py:2306} INFO - Setting next_dagrun for example_weekday_branch_operator to 2023-02-14 00:00:00+00:00
[2023-02-16 21:14:49,978] {scheduler_job.py:190} INFO - Processing /home/airflow/.local/lib/python3.6/site-packages/airflow/example_dags/example_branch_day_of_week_operator.py took 0.055 seconds
[2023-02-16 21:15:20,394] {scheduler_job.py:182} INFO - Started process (PID=3641) to work on /home/airflow/.local/lib/python3.6/site-packages/airflow/example_dags/example_branch_day_of_week_operator.py
[2023-02-16 21:15:20,394] {scheduler_job.py:633} INFO - Processing file /home/airflow/.local/lib/python3.6/site-packages/airflow/example_dags/example_branch_day_of_week_operator.py for tasks to queue
[2023-02-16 21:15:20,395] {logging_mixin.py:104} INFO - [2023-02-16 21:15:20,395] {dagbag.py:496} INFO - Filling up the DagBag from /home/airflow/.local/lib/python3.6/site-packages/airflow/example_dags/example_branch_day_of_week_operator.py
[2023-02-16 21:15:20,405] {scheduler_job.py:643} INFO - DAG(s) dict_keys(['example_weekday_branch_operator']) retrieved from /home/airflow/.local/lib/python3.6/site-packages/airflow/example_dags/example_branch_day_of_week_operator.py
[2023-02-16 21:15:20,426] {logging_mixin.py:104} INFO - [2023-02-16 21:15:20,425] {dag.py:1833} INFO - Sync 1 DAGs
[2023-02-16 21:15:20,441] {logging_mixin.py:104} INFO - [2023-02-16 21:15:20,441] {dag.py:2306} INFO - Setting next_dagrun for example_weekday_branch_operator to 2023-02-14 00:00:00+00:00
[2023-02-16 21:15:20,448] {scheduler_job.py:190} INFO - Processing /home/airflow/.local/lib/python3.6/site-packages/airflow/example_dags/example_branch_day_of_week_operator.py took 0.057 seconds
[2023-02-16 21:15:50,861] {scheduler_job.py:182} INFO - Started process (PID=3702) to work on /home/airflow/.local/lib/python3.6/site-packages/airflow/example_dags/example_branch_day_of_week_operator.py
[2023-02-16 21:15:50,862] {scheduler_job.py:633} INFO - Processing file /home/airflow/.local/lib/python3.6/site-packages/airflow/example_dags/example_branch_day_of_week_operator.py for tasks to queue
[2023-02-16 21:15:50,862] {logging_mixin.py:104} INFO - [2023-02-16 21:15:50,862] {dagbag.py:496} INFO - Filling up the DagBag from /home/airflow/.local/lib/python3.6/site-packages/airflow/example_dags/example_branch_day_of_week_operator.py
[2023-02-16 21:15:50,872] {scheduler_job.py:643} INFO - DAG(s) dict_keys(['example_weekday_branch_operator']) retrieved from /home/airflow/.local/lib/python3.6/site-packages/airflow/example_dags/example_branch_day_of_week_operator.py
[2023-02-16 21:15:50,894] {logging_mixin.py:104} INFO - [2023-02-16 21:15:50,894] {dag.py:1833} INFO - Sync 1 DAGs
[2023-02-16 21:15:50,914] {logging_mixin.py:104} INFO - [2023-02-16 21:15:50,914] {dag.py:2306} INFO - Setting next_dagrun for example_weekday_branch_operator to 2023-02-14 00:00:00+00:00
[2023-02-16 21:15:50,926] {scheduler_job.py:190} INFO - Processing /home/airflow/.local/lib/python3.6/site-packages/airflow/example_dags/example_branch_day_of_week_operator.py took 0.067 seconds
[2023-02-16 21:16:21,347] {scheduler_job.py:182} INFO - Started process (PID=3753) to work on /home/airflow/.local/lib/python3.6/site-packages/airflow/example_dags/example_branch_day_of_week_operator.py
[2023-02-16 21:16:21,348] {scheduler_job.py:633} INFO - Processing file /home/airflow/.local/lib/python3.6/site-packages/airflow/example_dags/example_branch_day_of_week_operator.py for tasks to queue
[2023-02-16 21:16:21,348] {logging_mixin.py:104} INFO - [2023-02-16 21:16:21,348] {dagbag.py:496} INFO - Filling up the DagBag from /home/airflow/.local/lib/python3.6/site-packages/airflow/example_dags/example_branch_day_of_week_operator.py
[2023-02-16 21:16:21,361] {scheduler_job.py:643} INFO - DAG(s) dict_keys(['example_weekday_branch_operator']) retrieved from /home/airflow/.local/lib/python3.6/site-packages/airflow/example_dags/example_branch_day_of_week_operator.py
[2023-02-16 21:16:21,385] {logging_mixin.py:104} INFO - [2023-02-16 21:16:21,385] {dag.py:1833} INFO - Sync 1 DAGs
[2023-02-16 21:16:21,403] {logging_mixin.py:104} INFO - [2023-02-16 21:16:21,403] {dag.py:2306} INFO - Setting next_dagrun for example_weekday_branch_operator to 2023-02-14 00:00:00+00:00
[2023-02-16 21:16:21,411] {scheduler_job.py:190} INFO - Processing /home/airflow/.local/lib/python3.6/site-packages/airflow/example_dags/example_branch_day_of_week_operator.py took 0.067 seconds
[2023-02-16 21:16:51,681] {scheduler_job.py:182} INFO - Started process (PID=3814) to work on /home/airflow/.local/lib/python3.6/site-packages/airflow/example_dags/example_branch_day_of_week_operator.py
[2023-02-16 21:16:51,682] {scheduler_job.py:633} INFO - Processing file /home/airflow/.local/lib/python3.6/site-packages/airflow/example_dags/example_branch_day_of_week_operator.py for tasks to queue
[2023-02-16 21:16:51,683] {logging_mixin.py:104} INFO - [2023-02-16 21:16:51,683] {dagbag.py:496} INFO - Filling up the DagBag from /home/airflow/.local/lib/python3.6/site-packages/airflow/example_dags/example_branch_day_of_week_operator.py
[2023-02-16 21:16:51,694] {scheduler_job.py:643} INFO - DAG(s) dict_keys(['example_weekday_branch_operator']) retrieved from /home/airflow/.local/lib/python3.6/site-packages/airflow/example_dags/example_branch_day_of_week_operator.py
[2023-02-16 21:16:51,715] {logging_mixin.py:104} INFO - [2023-02-16 21:16:51,715] {dag.py:1833} INFO - Sync 1 DAGs
[2023-02-16 21:16:51,733] {logging_mixin.py:104} INFO - [2023-02-16 21:16:51,733] {dag.py:2306} INFO - Setting next_dagrun for example_weekday_branch_operator to 2023-02-14 00:00:00+00:00
[2023-02-16 21:16:51,741] {scheduler_job.py:190} INFO - Processing /home/airflow/.local/lib/python3.6/site-packages/airflow/example_dags/example_branch_day_of_week_operator.py took 0.063 seconds
[2023-02-16 21:17:22,192] {scheduler_job.py:182} INFO - Started process (PID=3865) to work on /home/airflow/.local/lib/python3.6/site-packages/airflow/example_dags/example_branch_day_of_week_operator.py
[2023-02-16 21:17:22,193] {scheduler_job.py:633} INFO - Processing file /home/airflow/.local/lib/python3.6/site-packages/airflow/example_dags/example_branch_day_of_week_operator.py for tasks to queue
[2023-02-16 21:17:22,193] {logging_mixin.py:104} INFO - [2023-02-16 21:17:22,193] {dagbag.py:496} INFO - Filling up the DagBag from /home/airflow/.local/lib/python3.6/site-packages/airflow/example_dags/example_branch_day_of_week_operator.py
[2023-02-16 21:17:22,205] {scheduler_job.py:643} INFO - DAG(s) dict_keys(['example_weekday_branch_operator']) retrieved from /home/airflow/.local/lib/python3.6/site-packages/airflow/example_dags/example_branch_day_of_week_operator.py
[2023-02-16 21:17:22,224] {logging_mixin.py:104} INFO - [2023-02-16 21:17:22,224] {dag.py:1833} INFO - Sync 1 DAGs
[2023-02-16 21:17:22,240] {logging_mixin.py:104} INFO - [2023-02-16 21:17:22,240] {dag.py:2306} INFO - Setting next_dagrun for example_weekday_branch_operator to 2023-02-14 00:00:00+00:00
[2023-02-16 21:17:22,248] {scheduler_job.py:190} INFO - Processing /home/airflow/.local/lib/python3.6/site-packages/airflow/example_dags/example_branch_day_of_week_operator.py took 0.058 seconds
[2023-02-16 21:17:52,612] {scheduler_job.py:182} INFO - Started process (PID=3926) to work on /home/airflow/.local/lib/python3.6/site-packages/airflow/example_dags/example_branch_day_of_week_operator.py
[2023-02-16 21:17:52,613] {scheduler_job.py:633} INFO - Processing file /home/airflow/.local/lib/python3.6/site-packages/airflow/example_dags/example_branch_day_of_week_operator.py for tasks to queue
[2023-02-16 21:17:52,614] {logging_mixin.py:104} INFO - [2023-02-16 21:17:52,614] {dagbag.py:496} INFO - Filling up the DagBag from /home/airflow/.local/lib/python3.6/site-packages/airflow/example_dags/example_branch_day_of_week_operator.py
[2023-02-16 21:17:52,624] {scheduler_job.py:643} INFO - DAG(s) dict_keys(['example_weekday_branch_operator']) retrieved from /home/airflow/.local/lib/python3.6/site-packages/airflow/example_dags/example_branch_day_of_week_operator.py
[2023-02-16 21:17:52,646] {logging_mixin.py:104} INFO - [2023-02-16 21:17:52,646] {dag.py:1833} INFO - Sync 1 DAGs
[2023-02-16 21:17:52,663] {logging_mixin.py:104} INFO - [2023-02-16 21:17:52,663] {dag.py:2306} INFO - Setting next_dagrun for example_weekday_branch_operator to 2023-02-14 00:00:00+00:00
[2023-02-16 21:17:52,671] {scheduler_job.py:190} INFO - Processing /home/airflow/.local/lib/python3.6/site-packages/airflow/example_dags/example_branch_day_of_week_operator.py took 0.061 seconds
[2023-02-16 21:18:23,065] {scheduler_job.py:182} INFO - Started process (PID=3977) to work on /home/airflow/.local/lib/python3.6/site-packages/airflow/example_dags/example_branch_day_of_week_operator.py
[2023-02-16 21:18:23,066] {scheduler_job.py:633} INFO - Processing file /home/airflow/.local/lib/python3.6/site-packages/airflow/example_dags/example_branch_day_of_week_operator.py for tasks to queue
[2023-02-16 21:18:23,067] {logging_mixin.py:104} INFO - [2023-02-16 21:18:23,067] {dagbag.py:496} INFO - Filling up the DagBag from /home/airflow/.local/lib/python3.6/site-packages/airflow/example_dags/example_branch_day_of_week_operator.py
[2023-02-16 21:18:23,077] {scheduler_job.py:643} INFO - DAG(s) dict_keys(['example_weekday_branch_operator']) retrieved from /home/airflow/.local/lib/python3.6/site-packages/airflow/example_dags/example_branch_day_of_week_operator.py
[2023-02-16 21:18:23,096] {logging_mixin.py:104} INFO - [2023-02-16 21:18:23,096] {dag.py:1833} INFO - Sync 1 DAGs
[2023-02-16 21:18:23,110] {logging_mixin.py:104} INFO - [2023-02-16 21:18:23,110] {dag.py:2306} INFO - Setting next_dagrun for example_weekday_branch_operator to 2023-02-14 00:00:00+00:00
[2023-02-16 21:18:23,118] {scheduler_job.py:190} INFO - Processing /home/airflow/.local/lib/python3.6/site-packages/airflow/example_dags/example_branch_day_of_week_operator.py took 0.055 seconds
[2023-02-16 21:18:53,367] {scheduler_job.py:182} INFO - Started process (PID=4038) to work on /home/airflow/.local/lib/python3.6/site-packages/airflow/example_dags/example_branch_day_of_week_operator.py
[2023-02-16 21:18:53,368] {scheduler_job.py:633} INFO - Processing file /home/airflow/.local/lib/python3.6/site-packages/airflow/example_dags/example_branch_day_of_week_operator.py for tasks to queue
[2023-02-16 21:18:53,369] {logging_mixin.py:104} INFO - [2023-02-16 21:18:53,369] {dagbag.py:496} INFO - Filling up the DagBag from /home/airflow/.local/lib/python3.6/site-packages/airflow/example_dags/example_branch_day_of_week_operator.py
[2023-02-16 21:18:53,379] {scheduler_job.py:643} INFO - DAG(s) dict_keys(['example_weekday_branch_operator']) retrieved from /home/airflow/.local/lib/python3.6/site-packages/airflow/example_dags/example_branch_day_of_week_operator.py
[2023-02-16 21:18:53,397] {logging_mixin.py:104} INFO - [2023-02-16 21:18:53,397] {dag.py:1833} INFO - Sync 1 DAGs
[2023-02-16 21:18:53,412] {logging_mixin.py:104} INFO - [2023-02-16 21:18:53,412] {dag.py:2306} INFO - Setting next_dagrun for example_weekday_branch_operator to 2023-02-14 00:00:00+00:00
[2023-02-16 21:18:53,421] {scheduler_job.py:190} INFO - Processing /home/airflow/.local/lib/python3.6/site-packages/airflow/example_dags/example_branch_day_of_week_operator.py took 0.056 seconds
[2023-02-16 21:19:23,813] {scheduler_job.py:182} INFO - Started process (PID=4089) to work on /home/airflow/.local/lib/python3.6/site-packages/airflow/example_dags/example_branch_day_of_week_operator.py
[2023-02-16 21:19:23,814] {scheduler_job.py:633} INFO - Processing file /home/airflow/.local/lib/python3.6/site-packages/airflow/example_dags/example_branch_day_of_week_operator.py for tasks to queue
[2023-02-16 21:19:23,815] {logging_mixin.py:104} INFO - [2023-02-16 21:19:23,815] {dagbag.py:496} INFO - Filling up the DagBag from /home/airflow/.local/lib/python3.6/site-packages/airflow/example_dags/example_branch_day_of_week_operator.py
[2023-02-16 21:19:23,824] {scheduler_job.py:643} INFO - DAG(s) dict_keys(['example_weekday_branch_operator']) retrieved from /home/airflow/.local/lib/python3.6/site-packages/airflow/example_dags/example_branch_day_of_week_operator.py
[2023-02-16 21:19:23,845] {logging_mixin.py:104} INFO - [2023-02-16 21:19:23,845] {dag.py:1833} INFO - Sync 1 DAGs
[2023-02-16 21:19:23,862] {logging_mixin.py:104} INFO - [2023-02-16 21:19:23,862] {dag.py:2306} INFO - Setting next_dagrun for example_weekday_branch_operator to 2023-02-14 00:00:00+00:00
[2023-02-16 21:19:23,870] {scheduler_job.py:190} INFO - Processing /home/airflow/.local/lib/python3.6/site-packages/airflow/example_dags/example_branch_day_of_week_operator.py took 0.059 seconds
[2023-02-16 21:19:54,260] {scheduler_job.py:182} INFO - Started process (PID=4150) to work on /home/airflow/.local/lib/python3.6/site-packages/airflow/example_dags/example_branch_day_of_week_operator.py
[2023-02-16 21:19:54,261] {scheduler_job.py:633} INFO - Processing file /home/airflow/.local/lib/python3.6/site-packages/airflow/example_dags/example_branch_day_of_week_operator.py for tasks to queue
[2023-02-16 21:19:54,261] {logging_mixin.py:104} INFO - [2023-02-16 21:19:54,261] {dagbag.py:496} INFO - Filling up the DagBag from /home/airflow/.local/lib/python3.6/site-packages/airflow/example_dags/example_branch_day_of_week_operator.py
[2023-02-16 21:19:54,273] {scheduler_job.py:643} INFO - DAG(s) dict_keys(['example_weekday_branch_operator']) retrieved from /home/airflow/.local/lib/python3.6/site-packages/airflow/example_dags/example_branch_day_of_week_operator.py
[2023-02-16 21:19:54,292] {logging_mixin.py:104} INFO - [2023-02-16 21:19:54,292] {dag.py:1833} INFO - Sync 1 DAGs
[2023-02-16 21:19:54,309] {logging_mixin.py:104} INFO - [2023-02-16 21:19:54,309] {dag.py:2306} INFO - Setting next_dagrun for example_weekday_branch_operator to 2023-02-14 00:00:00+00:00
[2023-02-16 21:19:54,318] {scheduler_job.py:190} INFO - Processing /home/airflow/.local/lib/python3.6/site-packages/airflow/example_dags/example_branch_day_of_week_operator.py took 0.060 seconds
[2023-02-16 21:20:24,785] {scheduler_job.py:182} INFO - Started process (PID=4201) to work on /home/airflow/.local/lib/python3.6/site-packages/airflow/example_dags/example_branch_day_of_week_operator.py
[2023-02-16 21:20:24,786] {scheduler_job.py:633} INFO - Processing file /home/airflow/.local/lib/python3.6/site-packages/airflow/example_dags/example_branch_day_of_week_operator.py for tasks to queue
[2023-02-16 21:20:24,787] {logging_mixin.py:104} INFO - [2023-02-16 21:20:24,786] {dagbag.py:496} INFO - Filling up the DagBag from /home/airflow/.local/lib/python3.6/site-packages/airflow/example_dags/example_branch_day_of_week_operator.py
[2023-02-16 21:20:24,802] {scheduler_job.py:643} INFO - DAG(s) dict_keys(['example_weekday_branch_operator']) retrieved from /home/airflow/.local/lib/python3.6/site-packages/airflow/example_dags/example_branch_day_of_week_operator.py
[2023-02-16 21:20:24,827] {logging_mixin.py:104} INFO - [2023-02-16 21:20:24,827] {dag.py:1833} INFO - Sync 1 DAGs
[2023-02-16 21:20:24,850] {logging_mixin.py:104} INFO - [2023-02-16 21:20:24,849] {dag.py:2306} INFO - Setting next_dagrun for example_weekday_branch_operator to 2023-02-14 00:00:00+00:00
[2023-02-16 21:20:24,861] {scheduler_job.py:190} INFO - Processing /home/airflow/.local/lib/python3.6/site-packages/airflow/example_dags/example_branch_day_of_week_operator.py took 0.080 seconds
[2023-02-16 21:20:55,316] {scheduler_job.py:182} INFO - Started process (PID=4262) to work on /home/airflow/.local/lib/python3.6/site-packages/airflow/example_dags/example_branch_day_of_week_operator.py
[2023-02-16 21:20:55,317] {scheduler_job.py:633} INFO - Processing file /home/airflow/.local/lib/python3.6/site-packages/airflow/example_dags/example_branch_day_of_week_operator.py for tasks to queue
[2023-02-16 21:20:55,318] {logging_mixin.py:104} INFO - [2023-02-16 21:20:55,318] {dagbag.py:496} INFO - Filling up the DagBag from /home/airflow/.local/lib/python3.6/site-packages/airflow/example_dags/example_branch_day_of_week_operator.py
[2023-02-16 21:20:55,331] {scheduler_job.py:643} INFO - DAG(s) dict_keys(['example_weekday_branch_operator']) retrieved from /home/airflow/.local/lib/python3.6/site-packages/airflow/example_dags/example_branch_day_of_week_operator.py
[2023-02-16 21:20:55,355] {logging_mixin.py:104} INFO - [2023-02-16 21:20:55,354] {dag.py:1833} INFO - Sync 1 DAGs
[2023-02-16 21:20:55,377] {logging_mixin.py:104} INFO - [2023-02-16 21:20:55,377] {dag.py:2306} INFO - Setting next_dagrun for example_weekday_branch_operator to 2023-02-14 00:00:00+00:00
[2023-02-16 21:20:55,387] {scheduler_job.py:190} INFO - Processing /home/airflow/.local/lib/python3.6/site-packages/airflow/example_dags/example_branch_day_of_week_operator.py took 0.073 seconds
[2023-02-16 21:21:25,440] {scheduler_job.py:182} INFO - Started process (PID=4313) to work on /home/airflow/.local/lib/python3.6/site-packages/airflow/example_dags/example_branch_day_of_week_operator.py
[2023-02-16 21:21:25,441] {scheduler_job.py:633} INFO - Processing file /home/airflow/.local/lib/python3.6/site-packages/airflow/example_dags/example_branch_day_of_week_operator.py for tasks to queue
[2023-02-16 21:21:25,442] {logging_mixin.py:104} INFO - [2023-02-16 21:21:25,441] {dagbag.py:496} INFO - Filling up the DagBag from /home/airflow/.local/lib/python3.6/site-packages/airflow/example_dags/example_branch_day_of_week_operator.py
[2023-02-16 21:21:25,453] {scheduler_job.py:643} INFO - DAG(s) dict_keys(['example_weekday_branch_operator']) retrieved from /home/airflow/.local/lib/python3.6/site-packages/airflow/example_dags/example_branch_day_of_week_operator.py
[2023-02-16 21:21:25,474] {logging_mixin.py:104} INFO - [2023-02-16 21:21:25,474] {dag.py:1833} INFO - Sync 1 DAGs
[2023-02-16 21:21:25,493] {logging_mixin.py:104} INFO - [2023-02-16 21:21:25,492] {dag.py:2306} INFO - Setting next_dagrun for example_weekday_branch_operator to 2023-02-14 00:00:00+00:00
[2023-02-16 21:21:25,502] {scheduler_job.py:190} INFO - Processing /home/airflow/.local/lib/python3.6/site-packages/airflow/example_dags/example_branch_day_of_week_operator.py took 0.065 seconds
[2023-02-16 21:21:56,204] {scheduler_job.py:182} INFO - Started process (PID=4374) to work on /home/airflow/.local/lib/python3.6/site-packages/airflow/example_dags/example_branch_day_of_week_operator.py
[2023-02-16 21:21:56,205] {scheduler_job.py:633} INFO - Processing file /home/airflow/.local/lib/python3.6/site-packages/airflow/example_dags/example_branch_day_of_week_operator.py for tasks to queue
[2023-02-16 21:21:56,205] {logging_mixin.py:104} INFO - [2023-02-16 21:21:56,205] {dagbag.py:496} INFO - Filling up the DagBag from /home/airflow/.local/lib/python3.6/site-packages/airflow/example_dags/example_branch_day_of_week_operator.py
[2023-02-16 21:21:56,218] {scheduler_job.py:643} INFO - DAG(s) dict_keys(['example_weekday_branch_operator']) retrieved from /home/airflow/.local/lib/python3.6/site-packages/airflow/example_dags/example_branch_day_of_week_operator.py
[2023-02-16 21:21:56,244] {logging_mixin.py:104} INFO - [2023-02-16 21:21:56,243] {dag.py:1833} INFO - Sync 1 DAGs
[2023-02-16 21:21:56,264] {logging_mixin.py:104} INFO - [2023-02-16 21:21:56,264] {dag.py:2306} INFO - Setting next_dagrun for example_weekday_branch_operator to 2023-02-14 00:00:00+00:00
[2023-02-16 21:21:56,273] {scheduler_job.py:190} INFO - Processing /home/airflow/.local/lib/python3.6/site-packages/airflow/example_dags/example_branch_day_of_week_operator.py took 0.072 seconds
[2023-02-16 21:22:26,530] {scheduler_job.py:182} INFO - Started process (PID=4425) to work on /home/airflow/.local/lib/python3.6/site-packages/airflow/example_dags/example_branch_day_of_week_operator.py
[2023-02-16 21:22:26,532] {scheduler_job.py:633} INFO - Processing file /home/airflow/.local/lib/python3.6/site-packages/airflow/example_dags/example_branch_day_of_week_operator.py for tasks to queue
[2023-02-16 21:22:26,532] {logging_mixin.py:104} INFO - [2023-02-16 21:22:26,532] {dagbag.py:496} INFO - Filling up the DagBag from /home/airflow/.local/lib/python3.6/site-packages/airflow/example_dags/example_branch_day_of_week_operator.py
[2023-02-16 21:22:26,544] {scheduler_job.py:643} INFO - DAG(s) dict_keys(['example_weekday_branch_operator']) retrieved from /home/airflow/.local/lib/python3.6/site-packages/airflow/example_dags/example_branch_day_of_week_operator.py
[2023-02-16 21:22:26,567] {logging_mixin.py:104} INFO - [2023-02-16 21:22:26,567] {dag.py:1833} INFO - Sync 1 DAGs
[2023-02-16 21:22:26,584] {logging_mixin.py:104} INFO - [2023-02-16 21:22:26,584] {dag.py:2306} INFO - Setting next_dagrun for example_weekday_branch_operator to 2023-02-14 00:00:00+00:00
[2023-02-16 21:22:26,597] {scheduler_job.py:190} INFO - Processing /home/airflow/.local/lib/python3.6/site-packages/airflow/example_dags/example_branch_day_of_week_operator.py took 0.070 seconds
