[2023-02-16 20:46:54,099] {scheduler_job.py:182} INFO - Started process (PID=161) to work on /home/airflow/.local/lib/python3.6/site-packages/airflow/example_dags/example_branch_operator.py
[2023-02-16 20:46:54,100] {scheduler_job.py:633} INFO - Processing file /home/airflow/.local/lib/python3.6/site-packages/airflow/example_dags/example_branch_operator.py for tasks to queue
[2023-02-16 20:46:54,100] {logging_mixin.py:104} INFO - [2023-02-16 20:46:54,100] {dagbag.py:496} INFO - Filling up the DagBag from /home/airflow/.local/lib/python3.6/site-packages/airflow/example_dags/example_branch_operator.py
[2023-02-16 20:46:54,282] {scheduler_job.py:643} INFO - DAG(s) dict_keys(['example_branch_operator']) retrieved from /home/airflow/.local/lib/python3.6/site-packages/airflow/example_dags/example_branch_operator.py
[2023-02-16 20:47:08,606] {logging_mixin.py:104} INFO - [2023-02-16 20:47:08,606] {dag.py:1833} INFO - Sync 1 DAGs
[2023-02-16 20:47:08,620] {logging_mixin.py:104} INFO - [2023-02-16 20:47:08,618] {dag.py:1852} INFO - Creating ORM DAG for example_branch_operator
[2023-02-16 20:47:08,630] {logging_mixin.py:104} INFO - [2023-02-16 20:47:08,630] {dag.py:2306} INFO - Setting next_dagrun for example_branch_operator to 2023-02-14 00:00:00+00:00
[2023-02-16 20:47:08,644] {scheduler_job.py:190} INFO - Processing /home/airflow/.local/lib/python3.6/site-packages/airflow/example_dags/example_branch_operator.py took 14.548 seconds
[2023-02-16 20:47:53,126] {scheduler_job.py:182} INFO - Started process (PID=649) to work on /home/airflow/.local/lib/python3.6/site-packages/airflow/example_dags/example_branch_operator.py
[2023-02-16 20:47:53,127] {scheduler_job.py:633} INFO - Processing file /home/airflow/.local/lib/python3.6/site-packages/airflow/example_dags/example_branch_operator.py for tasks to queue
[2023-02-16 20:47:53,127] {logging_mixin.py:104} INFO - [2023-02-16 20:47:53,127] {dagbag.py:496} INFO - Filling up the DagBag from /home/airflow/.local/lib/python3.6/site-packages/airflow/example_dags/example_branch_operator.py
[2023-02-16 20:47:53,140] {scheduler_job.py:643} INFO - DAG(s) dict_keys(['example_branch_operator']) retrieved from /home/airflow/.local/lib/python3.6/site-packages/airflow/example_dags/example_branch_operator.py
[2023-02-16 20:47:53,191] {logging_mixin.py:104} INFO - [2023-02-16 20:47:53,191] {dag.py:1833} INFO - Sync 1 DAGs
[2023-02-16 20:47:53,207] {logging_mixin.py:104} INFO - [2023-02-16 20:47:53,206] {dag.py:2306} INFO - Setting next_dagrun for example_branch_operator to 2023-02-14 00:00:00+00:00
[2023-02-16 20:47:53,216] {scheduler_job.py:190} INFO - Processing /home/airflow/.local/lib/python3.6/site-packages/airflow/example_dags/example_branch_operator.py took 0.092 seconds
[2023-02-16 20:48:23,365] {scheduler_job.py:182} INFO - Started process (PID=700) to work on /home/airflow/.local/lib/python3.6/site-packages/airflow/example_dags/example_branch_operator.py
[2023-02-16 20:48:23,366] {scheduler_job.py:633} INFO - Processing file /home/airflow/.local/lib/python3.6/site-packages/airflow/example_dags/example_branch_operator.py for tasks to queue
[2023-02-16 20:48:23,367] {logging_mixin.py:104} INFO - [2023-02-16 20:48:23,367] {dagbag.py:496} INFO - Filling up the DagBag from /home/airflow/.local/lib/python3.6/site-packages/airflow/example_dags/example_branch_operator.py
[2023-02-16 20:48:23,380] {scheduler_job.py:643} INFO - DAG(s) dict_keys(['example_branch_operator']) retrieved from /home/airflow/.local/lib/python3.6/site-packages/airflow/example_dags/example_branch_operator.py
[2023-02-16 20:48:23,404] {logging_mixin.py:104} INFO - [2023-02-16 20:48:23,404] {dag.py:1833} INFO - Sync 1 DAGs
[2023-02-16 20:48:23,421] {logging_mixin.py:104} INFO - [2023-02-16 20:48:23,421] {dag.py:2306} INFO - Setting next_dagrun for example_branch_operator to 2023-02-14 00:00:00+00:00
[2023-02-16 20:48:23,432] {scheduler_job.py:190} INFO - Processing /home/airflow/.local/lib/python3.6/site-packages/airflow/example_dags/example_branch_operator.py took 0.070 seconds
[2023-02-16 20:48:53,631] {scheduler_job.py:182} INFO - Started process (PID=761) to work on /home/airflow/.local/lib/python3.6/site-packages/airflow/example_dags/example_branch_operator.py
[2023-02-16 20:48:53,632] {scheduler_job.py:633} INFO - Processing file /home/airflow/.local/lib/python3.6/site-packages/airflow/example_dags/example_branch_operator.py for tasks to queue
[2023-02-16 20:48:53,632] {logging_mixin.py:104} INFO - [2023-02-16 20:48:53,632] {dagbag.py:496} INFO - Filling up the DagBag from /home/airflow/.local/lib/python3.6/site-packages/airflow/example_dags/example_branch_operator.py
[2023-02-16 20:48:53,645] {scheduler_job.py:643} INFO - DAG(s) dict_keys(['example_branch_operator']) retrieved from /home/airflow/.local/lib/python3.6/site-packages/airflow/example_dags/example_branch_operator.py
[2023-02-16 20:48:53,666] {logging_mixin.py:104} INFO - [2023-02-16 20:48:53,666] {dag.py:1833} INFO - Sync 1 DAGs
[2023-02-16 20:48:53,685] {logging_mixin.py:104} INFO - [2023-02-16 20:48:53,685] {dag.py:2306} INFO - Setting next_dagrun for example_branch_operator to 2023-02-14 00:00:00+00:00
[2023-02-16 20:48:53,694] {scheduler_job.py:190} INFO - Processing /home/airflow/.local/lib/python3.6/site-packages/airflow/example_dags/example_branch_operator.py took 0.066 seconds
[2023-02-16 20:49:24,241] {scheduler_job.py:182} INFO - Started process (PID=810) to work on /home/airflow/.local/lib/python3.6/site-packages/airflow/example_dags/example_branch_operator.py
[2023-02-16 20:49:24,242] {scheduler_job.py:633} INFO - Processing file /home/airflow/.local/lib/python3.6/site-packages/airflow/example_dags/example_branch_operator.py for tasks to queue
[2023-02-16 20:49:24,242] {logging_mixin.py:104} INFO - [2023-02-16 20:49:24,242] {dagbag.py:496} INFO - Filling up the DagBag from /home/airflow/.local/lib/python3.6/site-packages/airflow/example_dags/example_branch_operator.py
[2023-02-16 20:49:24,256] {scheduler_job.py:643} INFO - DAG(s) dict_keys(['example_branch_operator']) retrieved from /home/airflow/.local/lib/python3.6/site-packages/airflow/example_dags/example_branch_operator.py
[2023-02-16 20:49:24,276] {logging_mixin.py:104} INFO - [2023-02-16 20:49:24,275] {dag.py:1833} INFO - Sync 1 DAGs
[2023-02-16 20:49:24,291] {logging_mixin.py:104} INFO - [2023-02-16 20:49:24,291] {dag.py:2306} INFO - Setting next_dagrun for example_branch_operator to 2023-02-14 00:00:00+00:00
[2023-02-16 20:49:24,300] {scheduler_job.py:190} INFO - Processing /home/airflow/.local/lib/python3.6/site-packages/airflow/example_dags/example_branch_operator.py took 0.061 seconds
[2023-02-16 20:49:54,661] {scheduler_job.py:182} INFO - Started process (PID=871) to work on /home/airflow/.local/lib/python3.6/site-packages/airflow/example_dags/example_branch_operator.py
[2023-02-16 20:49:54,662] {scheduler_job.py:633} INFO - Processing file /home/airflow/.local/lib/python3.6/site-packages/airflow/example_dags/example_branch_operator.py for tasks to queue
[2023-02-16 20:49:54,663] {logging_mixin.py:104} INFO - [2023-02-16 20:49:54,663] {dagbag.py:496} INFO - Filling up the DagBag from /home/airflow/.local/lib/python3.6/site-packages/airflow/example_dags/example_branch_operator.py
[2023-02-16 20:49:54,678] {scheduler_job.py:643} INFO - DAG(s) dict_keys(['example_branch_operator']) retrieved from /home/airflow/.local/lib/python3.6/site-packages/airflow/example_dags/example_branch_operator.py
[2023-02-16 20:49:54,701] {logging_mixin.py:104} INFO - [2023-02-16 20:49:54,700] {dag.py:1833} INFO - Sync 1 DAGs
[2023-02-16 20:49:54,718] {logging_mixin.py:104} INFO - [2023-02-16 20:49:54,718] {dag.py:2306} INFO - Setting next_dagrun for example_branch_operator to 2023-02-14 00:00:00+00:00
[2023-02-16 20:49:54,726] {scheduler_job.py:190} INFO - Processing /home/airflow/.local/lib/python3.6/site-packages/airflow/example_dags/example_branch_operator.py took 0.068 seconds
[2023-02-16 20:50:25,414] {scheduler_job.py:182} INFO - Started process (PID=922) to work on /home/airflow/.local/lib/python3.6/site-packages/airflow/example_dags/example_branch_operator.py
[2023-02-16 20:50:25,415] {scheduler_job.py:633} INFO - Processing file /home/airflow/.local/lib/python3.6/site-packages/airflow/example_dags/example_branch_operator.py for tasks to queue
[2023-02-16 20:50:25,416] {logging_mixin.py:104} INFO - [2023-02-16 20:50:25,415] {dagbag.py:496} INFO - Filling up the DagBag from /home/airflow/.local/lib/python3.6/site-packages/airflow/example_dags/example_branch_operator.py
[2023-02-16 20:50:25,428] {scheduler_job.py:643} INFO - DAG(s) dict_keys(['example_branch_operator']) retrieved from /home/airflow/.local/lib/python3.6/site-packages/airflow/example_dags/example_branch_operator.py
[2023-02-16 20:50:25,446] {logging_mixin.py:104} INFO - [2023-02-16 20:50:25,446] {dag.py:1833} INFO - Sync 1 DAGs
[2023-02-16 20:50:25,461] {logging_mixin.py:104} INFO - [2023-02-16 20:50:25,460] {dag.py:2306} INFO - Setting next_dagrun for example_branch_operator to 2023-02-14 00:00:00+00:00
[2023-02-16 20:50:25,468] {scheduler_job.py:190} INFO - Processing /home/airflow/.local/lib/python3.6/site-packages/airflow/example_dags/example_branch_operator.py took 0.057 seconds
[2023-02-16 20:50:55,554] {scheduler_job.py:182} INFO - Started process (PID=984) to work on /home/airflow/.local/lib/python3.6/site-packages/airflow/example_dags/example_branch_operator.py
[2023-02-16 20:50:55,555] {scheduler_job.py:633} INFO - Processing file /home/airflow/.local/lib/python3.6/site-packages/airflow/example_dags/example_branch_operator.py for tasks to queue
[2023-02-16 20:50:55,555] {logging_mixin.py:104} INFO - [2023-02-16 20:50:55,555] {dagbag.py:496} INFO - Filling up the DagBag from /home/airflow/.local/lib/python3.6/site-packages/airflow/example_dags/example_branch_operator.py
[2023-02-16 20:50:55,568] {scheduler_job.py:643} INFO - DAG(s) dict_keys(['example_branch_operator']) retrieved from /home/airflow/.local/lib/python3.6/site-packages/airflow/example_dags/example_branch_operator.py
[2023-02-16 20:50:55,589] {logging_mixin.py:104} INFO - [2023-02-16 20:50:55,589] {dag.py:1833} INFO - Sync 1 DAGs
[2023-02-16 20:50:55,605] {logging_mixin.py:104} INFO - [2023-02-16 20:50:55,605] {dag.py:2306} INFO - Setting next_dagrun for example_branch_operator to 2023-02-14 00:00:00+00:00
[2023-02-16 20:50:55,613] {scheduler_job.py:190} INFO - Processing /home/airflow/.local/lib/python3.6/site-packages/airflow/example_dags/example_branch_operator.py took 0.062 seconds
[2023-02-16 20:51:25,965] {scheduler_job.py:182} INFO - Started process (PID=1035) to work on /home/airflow/.local/lib/python3.6/site-packages/airflow/example_dags/example_branch_operator.py
[2023-02-16 20:51:25,965] {scheduler_job.py:633} INFO - Processing file /home/airflow/.local/lib/python3.6/site-packages/airflow/example_dags/example_branch_operator.py for tasks to queue
[2023-02-16 20:51:25,966] {logging_mixin.py:104} INFO - [2023-02-16 20:51:25,966] {dagbag.py:496} INFO - Filling up the DagBag from /home/airflow/.local/lib/python3.6/site-packages/airflow/example_dags/example_branch_operator.py
[2023-02-16 20:51:25,980] {scheduler_job.py:643} INFO - DAG(s) dict_keys(['example_branch_operator']) retrieved from /home/airflow/.local/lib/python3.6/site-packages/airflow/example_dags/example_branch_operator.py
[2023-02-16 20:51:26,000] {logging_mixin.py:104} INFO - [2023-02-16 20:51:26,000] {dag.py:1833} INFO - Sync 1 DAGs
[2023-02-16 20:51:26,016] {logging_mixin.py:104} INFO - [2023-02-16 20:51:26,016] {dag.py:2306} INFO - Setting next_dagrun for example_branch_operator to 2023-02-14 00:00:00+00:00
[2023-02-16 20:51:26,024] {scheduler_job.py:190} INFO - Processing /home/airflow/.local/lib/python3.6/site-packages/airflow/example_dags/example_branch_operator.py took 0.062 seconds
[2023-02-16 20:51:56,530] {scheduler_job.py:182} INFO - Started process (PID=1096) to work on /home/airflow/.local/lib/python3.6/site-packages/airflow/example_dags/example_branch_operator.py
[2023-02-16 20:51:56,531] {scheduler_job.py:633} INFO - Processing file /home/airflow/.local/lib/python3.6/site-packages/airflow/example_dags/example_branch_operator.py for tasks to queue
[2023-02-16 20:51:56,532] {logging_mixin.py:104} INFO - [2023-02-16 20:51:56,532] {dagbag.py:496} INFO - Filling up the DagBag from /home/airflow/.local/lib/python3.6/site-packages/airflow/example_dags/example_branch_operator.py
[2023-02-16 20:51:56,546] {scheduler_job.py:643} INFO - DAG(s) dict_keys(['example_branch_operator']) retrieved from /home/airflow/.local/lib/python3.6/site-packages/airflow/example_dags/example_branch_operator.py
[2023-02-16 20:51:56,568] {logging_mixin.py:104} INFO - [2023-02-16 20:51:56,568] {dag.py:1833} INFO - Sync 1 DAGs
[2023-02-16 20:51:56,585] {logging_mixin.py:104} INFO - [2023-02-16 20:51:56,585] {dag.py:2306} INFO - Setting next_dagrun for example_branch_operator to 2023-02-14 00:00:00+00:00
[2023-02-16 20:51:56,594] {scheduler_job.py:190} INFO - Processing /home/airflow/.local/lib/python3.6/site-packages/airflow/example_dags/example_branch_operator.py took 0.066 seconds
[2023-02-16 20:52:27,126] {scheduler_job.py:182} INFO - Started process (PID=1147) to work on /home/airflow/.local/lib/python3.6/site-packages/airflow/example_dags/example_branch_operator.py
[2023-02-16 20:52:27,130] {scheduler_job.py:633} INFO - Processing file /home/airflow/.local/lib/python3.6/site-packages/airflow/example_dags/example_branch_operator.py for tasks to queue
[2023-02-16 20:52:27,130] {logging_mixin.py:104} INFO - [2023-02-16 20:52:27,130] {dagbag.py:496} INFO - Filling up the DagBag from /home/airflow/.local/lib/python3.6/site-packages/airflow/example_dags/example_branch_operator.py
[2023-02-16 20:52:27,147] {scheduler_job.py:643} INFO - DAG(s) dict_keys(['example_branch_operator']) retrieved from /home/airflow/.local/lib/python3.6/site-packages/airflow/example_dags/example_branch_operator.py
[2023-02-16 20:52:27,177] {logging_mixin.py:104} INFO - [2023-02-16 20:52:27,177] {dag.py:1833} INFO - Sync 1 DAGs
[2023-02-16 20:52:27,203] {logging_mixin.py:104} INFO - [2023-02-16 20:52:27,203] {dag.py:2306} INFO - Setting next_dagrun for example_branch_operator to 2023-02-14 00:00:00+00:00
[2023-02-16 20:52:27,222] {scheduler_job.py:190} INFO - Processing /home/airflow/.local/lib/python3.6/site-packages/airflow/example_dags/example_branch_operator.py took 0.098 seconds
[2023-02-16 20:52:58,084] {scheduler_job.py:182} INFO - Started process (PID=1208) to work on /home/airflow/.local/lib/python3.6/site-packages/airflow/example_dags/example_branch_operator.py
[2023-02-16 20:52:58,085] {scheduler_job.py:633} INFO - Processing file /home/airflow/.local/lib/python3.6/site-packages/airflow/example_dags/example_branch_operator.py for tasks to queue
[2023-02-16 20:52:58,086] {logging_mixin.py:104} INFO - [2023-02-16 20:52:58,086] {dagbag.py:496} INFO - Filling up the DagBag from /home/airflow/.local/lib/python3.6/site-packages/airflow/example_dags/example_branch_operator.py
[2023-02-16 20:52:58,109] {scheduler_job.py:643} INFO - DAG(s) dict_keys(['example_branch_operator']) retrieved from /home/airflow/.local/lib/python3.6/site-packages/airflow/example_dags/example_branch_operator.py
[2023-02-16 20:52:58,294] {logging_mixin.py:104} INFO - [2023-02-16 20:52:58,294] {dag.py:1833} INFO - Sync 1 DAGs
[2023-02-16 20:52:58,314] {logging_mixin.py:104} INFO - [2023-02-16 20:52:58,314] {dag.py:2306} INFO - Setting next_dagrun for example_branch_operator to 2023-02-14 00:00:00+00:00
[2023-02-16 20:52:58,399] {scheduler_job.py:190} INFO - Processing /home/airflow/.local/lib/python3.6/site-packages/airflow/example_dags/example_branch_operator.py took 0.361 seconds
[2023-02-16 20:53:29,205] {scheduler_job.py:182} INFO - Started process (PID=1249) to work on /home/airflow/.local/lib/python3.6/site-packages/airflow/example_dags/example_branch_operator.py
[2023-02-16 20:53:29,283] {scheduler_job.py:633} INFO - Processing file /home/airflow/.local/lib/python3.6/site-packages/airflow/example_dags/example_branch_operator.py for tasks to queue
[2023-02-16 20:53:29,284] {logging_mixin.py:104} INFO - [2023-02-16 20:53:29,284] {dagbag.py:496} INFO - Filling up the DagBag from /home/airflow/.local/lib/python3.6/site-packages/airflow/example_dags/example_branch_operator.py
[2023-02-16 20:53:29,303] {scheduler_job.py:643} INFO - DAG(s) dict_keys(['example_branch_operator']) retrieved from /home/airflow/.local/lib/python3.6/site-packages/airflow/example_dags/example_branch_operator.py
[2023-02-16 20:53:29,486] {logging_mixin.py:104} INFO - [2023-02-16 20:53:29,486] {dag.py:1833} INFO - Sync 1 DAGs
[2023-02-16 20:53:29,603] {logging_mixin.py:104} INFO - [2023-02-16 20:53:29,603] {dag.py:2306} INFO - Setting next_dagrun for example_branch_operator to 2023-02-14 00:00:00+00:00
[2023-02-16 20:53:29,692] {scheduler_job.py:190} INFO - Processing /home/airflow/.local/lib/python3.6/site-packages/airflow/example_dags/example_branch_operator.py took 0.491 seconds
[2023-02-16 20:54:00,144] {scheduler_job.py:182} INFO - Started process (PID=1300) to work on /home/airflow/.local/lib/python3.6/site-packages/airflow/example_dags/example_branch_operator.py
[2023-02-16 20:54:00,145] {scheduler_job.py:633} INFO - Processing file /home/airflow/.local/lib/python3.6/site-packages/airflow/example_dags/example_branch_operator.py for tasks to queue
[2023-02-16 20:54:00,145] {logging_mixin.py:104} INFO - [2023-02-16 20:54:00,145] {dagbag.py:496} INFO - Filling up the DagBag from /home/airflow/.local/lib/python3.6/site-packages/airflow/example_dags/example_branch_operator.py
[2023-02-16 20:54:00,160] {scheduler_job.py:643} INFO - DAG(s) dict_keys(['example_branch_operator']) retrieved from /home/airflow/.local/lib/python3.6/site-packages/airflow/example_dags/example_branch_operator.py
[2023-02-16 20:54:00,204] {logging_mixin.py:104} INFO - [2023-02-16 20:54:00,204] {dag.py:1833} INFO - Sync 1 DAGs
[2023-02-16 20:54:00,229] {logging_mixin.py:104} INFO - [2023-02-16 20:54:00,229] {dag.py:2306} INFO - Setting next_dagrun for example_branch_operator to 2023-02-14 00:00:00+00:00
[2023-02-16 20:54:00,241] {scheduler_job.py:190} INFO - Processing /home/airflow/.local/lib/python3.6/site-packages/airflow/example_dags/example_branch_operator.py took 0.100 seconds
[2023-02-16 20:54:30,803] {scheduler_job.py:182} INFO - Started process (PID=1361) to work on /home/airflow/.local/lib/python3.6/site-packages/airflow/example_dags/example_branch_operator.py
[2023-02-16 20:54:30,803] {scheduler_job.py:633} INFO - Processing file /home/airflow/.local/lib/python3.6/site-packages/airflow/example_dags/example_branch_operator.py for tasks to queue
[2023-02-16 20:54:30,804] {logging_mixin.py:104} INFO - [2023-02-16 20:54:30,804] {dagbag.py:496} INFO - Filling up the DagBag from /home/airflow/.local/lib/python3.6/site-packages/airflow/example_dags/example_branch_operator.py
[2023-02-16 20:54:30,818] {scheduler_job.py:643} INFO - DAG(s) dict_keys(['example_branch_operator']) retrieved from /home/airflow/.local/lib/python3.6/site-packages/airflow/example_dags/example_branch_operator.py
[2023-02-16 20:54:30,841] {logging_mixin.py:104} INFO - [2023-02-16 20:54:30,841] {dag.py:1833} INFO - Sync 1 DAGs
[2023-02-16 20:54:30,860] {logging_mixin.py:104} INFO - [2023-02-16 20:54:30,860] {dag.py:2306} INFO - Setting next_dagrun for example_branch_operator to 2023-02-14 00:00:00+00:00
[2023-02-16 20:54:30,870] {scheduler_job.py:190} INFO - Processing /home/airflow/.local/lib/python3.6/site-packages/airflow/example_dags/example_branch_operator.py took 0.070 seconds
[2023-02-16 20:55:01,371] {scheduler_job.py:182} INFO - Started process (PID=1412) to work on /home/airflow/.local/lib/python3.6/site-packages/airflow/example_dags/example_branch_operator.py
[2023-02-16 20:55:01,372] {scheduler_job.py:633} INFO - Processing file /home/airflow/.local/lib/python3.6/site-packages/airflow/example_dags/example_branch_operator.py for tasks to queue
[2023-02-16 20:55:01,373] {logging_mixin.py:104} INFO - [2023-02-16 20:55:01,373] {dagbag.py:496} INFO - Filling up the DagBag from /home/airflow/.local/lib/python3.6/site-packages/airflow/example_dags/example_branch_operator.py
[2023-02-16 20:55:01,386] {scheduler_job.py:643} INFO - DAG(s) dict_keys(['example_branch_operator']) retrieved from /home/airflow/.local/lib/python3.6/site-packages/airflow/example_dags/example_branch_operator.py
[2023-02-16 20:55:01,406] {logging_mixin.py:104} INFO - [2023-02-16 20:55:01,406] {dag.py:1833} INFO - Sync 1 DAGs
[2023-02-16 20:55:01,426] {logging_mixin.py:104} INFO - [2023-02-16 20:55:01,426] {dag.py:2306} INFO - Setting next_dagrun for example_branch_operator to 2023-02-14 00:00:00+00:00
[2023-02-16 20:55:01,437] {scheduler_job.py:190} INFO - Processing /home/airflow/.local/lib/python3.6/site-packages/airflow/example_dags/example_branch_operator.py took 0.069 seconds
[2023-02-16 20:55:31,816] {scheduler_job.py:182} INFO - Started process (PID=1474) to work on /home/airflow/.local/lib/python3.6/site-packages/airflow/example_dags/example_branch_operator.py
[2023-02-16 20:55:31,817] {scheduler_job.py:633} INFO - Processing file /home/airflow/.local/lib/python3.6/site-packages/airflow/example_dags/example_branch_operator.py for tasks to queue
[2023-02-16 20:55:31,818] {logging_mixin.py:104} INFO - [2023-02-16 20:55:31,818] {dagbag.py:496} INFO - Filling up the DagBag from /home/airflow/.local/lib/python3.6/site-packages/airflow/example_dags/example_branch_operator.py
[2023-02-16 20:55:31,837] {scheduler_job.py:643} INFO - DAG(s) dict_keys(['example_branch_operator']) retrieved from /home/airflow/.local/lib/python3.6/site-packages/airflow/example_dags/example_branch_operator.py
[2023-02-16 20:55:31,868] {logging_mixin.py:104} INFO - [2023-02-16 20:55:31,868] {dag.py:1833} INFO - Sync 1 DAGs
[2023-02-16 20:55:31,889] {logging_mixin.py:104} INFO - [2023-02-16 20:55:31,889] {dag.py:2306} INFO - Setting next_dagrun for example_branch_operator to 2023-02-14 00:00:00+00:00
[2023-02-16 20:55:31,901] {scheduler_job.py:190} INFO - Processing /home/airflow/.local/lib/python3.6/site-packages/airflow/example_dags/example_branch_operator.py took 0.088 seconds
[2023-02-16 20:56:02,558] {scheduler_job.py:182} INFO - Started process (PID=1525) to work on /home/airflow/.local/lib/python3.6/site-packages/airflow/example_dags/example_branch_operator.py
[2023-02-16 20:56:02,560] {scheduler_job.py:633} INFO - Processing file /home/airflow/.local/lib/python3.6/site-packages/airflow/example_dags/example_branch_operator.py for tasks to queue
[2023-02-16 20:56:02,561] {logging_mixin.py:104} INFO - [2023-02-16 20:56:02,561] {dagbag.py:496} INFO - Filling up the DagBag from /home/airflow/.local/lib/python3.6/site-packages/airflow/example_dags/example_branch_operator.py
[2023-02-16 20:56:02,577] {scheduler_job.py:643} INFO - DAG(s) dict_keys(['example_branch_operator']) retrieved from /home/airflow/.local/lib/python3.6/site-packages/airflow/example_dags/example_branch_operator.py
[2023-02-16 20:56:02,602] {logging_mixin.py:104} INFO - [2023-02-16 20:56:02,602] {dag.py:1833} INFO - Sync 1 DAGs
[2023-02-16 20:56:02,626] {logging_mixin.py:104} INFO - [2023-02-16 20:56:02,626] {dag.py:2306} INFO - Setting next_dagrun for example_branch_operator to 2023-02-14 00:00:00+00:00
[2023-02-16 20:56:02,636] {scheduler_job.py:190} INFO - Processing /home/airflow/.local/lib/python3.6/site-packages/airflow/example_dags/example_branch_operator.py took 0.081 seconds
[2023-02-16 20:56:33,038] {scheduler_job.py:182} INFO - Started process (PID=1586) to work on /home/airflow/.local/lib/python3.6/site-packages/airflow/example_dags/example_branch_operator.py
[2023-02-16 20:56:33,039] {scheduler_job.py:633} INFO - Processing file /home/airflow/.local/lib/python3.6/site-packages/airflow/example_dags/example_branch_operator.py for tasks to queue
[2023-02-16 20:56:33,040] {logging_mixin.py:104} INFO - [2023-02-16 20:56:33,040] {dagbag.py:496} INFO - Filling up the DagBag from /home/airflow/.local/lib/python3.6/site-packages/airflow/example_dags/example_branch_operator.py
[2023-02-16 20:56:33,058] {scheduler_job.py:643} INFO - DAG(s) dict_keys(['example_branch_operator']) retrieved from /home/airflow/.local/lib/python3.6/site-packages/airflow/example_dags/example_branch_operator.py
[2023-02-16 20:56:33,082] {logging_mixin.py:104} INFO - [2023-02-16 20:56:33,082] {dag.py:1833} INFO - Sync 1 DAGs
[2023-02-16 20:56:33,098] {logging_mixin.py:104} INFO - [2023-02-16 20:56:33,098] {dag.py:2306} INFO - Setting next_dagrun for example_branch_operator to 2023-02-14 00:00:00+00:00
[2023-02-16 20:56:33,107] {scheduler_job.py:190} INFO - Processing /home/airflow/.local/lib/python3.6/site-packages/airflow/example_dags/example_branch_operator.py took 0.071 seconds
[2023-02-16 20:57:03,670] {scheduler_job.py:182} INFO - Started process (PID=1637) to work on /home/airflow/.local/lib/python3.6/site-packages/airflow/example_dags/example_branch_operator.py
[2023-02-16 20:57:03,671] {scheduler_job.py:633} INFO - Processing file /home/airflow/.local/lib/python3.6/site-packages/airflow/example_dags/example_branch_operator.py for tasks to queue
[2023-02-16 20:57:03,682] {logging_mixin.py:104} INFO - [2023-02-16 20:57:03,682] {dagbag.py:496} INFO - Filling up the DagBag from /home/airflow/.local/lib/python3.6/site-packages/airflow/example_dags/example_branch_operator.py
[2023-02-16 20:57:03,695] {scheduler_job.py:643} INFO - DAG(s) dict_keys(['example_branch_operator']) retrieved from /home/airflow/.local/lib/python3.6/site-packages/airflow/example_dags/example_branch_operator.py
[2023-02-16 20:57:03,719] {logging_mixin.py:104} INFO - [2023-02-16 20:57:03,718] {dag.py:1833} INFO - Sync 1 DAGs
[2023-02-16 20:57:03,739] {logging_mixin.py:104} INFO - [2023-02-16 20:57:03,739] {dag.py:2306} INFO - Setting next_dagrun for example_branch_operator to 2023-02-14 00:00:00+00:00
[2023-02-16 20:57:03,748] {scheduler_job.py:190} INFO - Processing /home/airflow/.local/lib/python3.6/site-packages/airflow/example_dags/example_branch_operator.py took 0.081 seconds
[2023-02-16 20:57:34,245] {scheduler_job.py:182} INFO - Started process (PID=1688) to work on /home/airflow/.local/lib/python3.6/site-packages/airflow/example_dags/example_branch_operator.py
[2023-02-16 20:57:34,246] {scheduler_job.py:633} INFO - Processing file /home/airflow/.local/lib/python3.6/site-packages/airflow/example_dags/example_branch_operator.py for tasks to queue
[2023-02-16 20:57:34,246] {logging_mixin.py:104} INFO - [2023-02-16 20:57:34,246] {dagbag.py:496} INFO - Filling up the DagBag from /home/airflow/.local/lib/python3.6/site-packages/airflow/example_dags/example_branch_operator.py
[2023-02-16 20:57:34,259] {scheduler_job.py:643} INFO - DAG(s) dict_keys(['example_branch_operator']) retrieved from /home/airflow/.local/lib/python3.6/site-packages/airflow/example_dags/example_branch_operator.py
[2023-02-16 20:57:34,281] {logging_mixin.py:104} INFO - [2023-02-16 20:57:34,281] {dag.py:1833} INFO - Sync 1 DAGs
[2023-02-16 20:57:34,297] {logging_mixin.py:104} INFO - [2023-02-16 20:57:34,296] {dag.py:2306} INFO - Setting next_dagrun for example_branch_operator to 2023-02-14 00:00:00+00:00
[2023-02-16 20:57:34,305] {scheduler_job.py:190} INFO - Processing /home/airflow/.local/lib/python3.6/site-packages/airflow/example_dags/example_branch_operator.py took 0.063 seconds
[2023-02-16 20:58:04,448] {scheduler_job.py:182} INFO - Started process (PID=1749) to work on /home/airflow/.local/lib/python3.6/site-packages/airflow/example_dags/example_branch_operator.py
[2023-02-16 20:58:04,449] {scheduler_job.py:633} INFO - Processing file /home/airflow/.local/lib/python3.6/site-packages/airflow/example_dags/example_branch_operator.py for tasks to queue
[2023-02-16 20:58:04,449] {logging_mixin.py:104} INFO - [2023-02-16 20:58:04,449] {dagbag.py:496} INFO - Filling up the DagBag from /home/airflow/.local/lib/python3.6/site-packages/airflow/example_dags/example_branch_operator.py
[2023-02-16 20:58:04,465] {scheduler_job.py:643} INFO - DAG(s) dict_keys(['example_branch_operator']) retrieved from /home/airflow/.local/lib/python3.6/site-packages/airflow/example_dags/example_branch_operator.py
[2023-02-16 20:58:04,488] {logging_mixin.py:104} INFO - [2023-02-16 20:58:04,488] {dag.py:1833} INFO - Sync 1 DAGs
[2023-02-16 20:58:04,505] {logging_mixin.py:104} INFO - [2023-02-16 20:58:04,505] {dag.py:2306} INFO - Setting next_dagrun for example_branch_operator to 2023-02-14 00:00:00+00:00
[2023-02-16 20:58:04,513] {scheduler_job.py:190} INFO - Processing /home/airflow/.local/lib/python3.6/site-packages/airflow/example_dags/example_branch_operator.py took 0.069 seconds
[2023-02-16 20:58:35,267] {scheduler_job.py:182} INFO - Started process (PID=1800) to work on /home/airflow/.local/lib/python3.6/site-packages/airflow/example_dags/example_branch_operator.py
[2023-02-16 20:58:35,268] {scheduler_job.py:633} INFO - Processing file /home/airflow/.local/lib/python3.6/site-packages/airflow/example_dags/example_branch_operator.py for tasks to queue
[2023-02-16 20:58:35,268] {logging_mixin.py:104} INFO - [2023-02-16 20:58:35,268] {dagbag.py:496} INFO - Filling up the DagBag from /home/airflow/.local/lib/python3.6/site-packages/airflow/example_dags/example_branch_operator.py
[2023-02-16 20:58:35,281] {scheduler_job.py:643} INFO - DAG(s) dict_keys(['example_branch_operator']) retrieved from /home/airflow/.local/lib/python3.6/site-packages/airflow/example_dags/example_branch_operator.py
[2023-02-16 20:58:35,306] {logging_mixin.py:104} INFO - [2023-02-16 20:58:35,306] {dag.py:1833} INFO - Sync 1 DAGs
[2023-02-16 20:58:35,321] {logging_mixin.py:104} INFO - [2023-02-16 20:58:35,321] {dag.py:2306} INFO - Setting next_dagrun for example_branch_operator to 2023-02-14 00:00:00+00:00
[2023-02-16 20:58:35,329] {scheduler_job.py:190} INFO - Processing /home/airflow/.local/lib/python3.6/site-packages/airflow/example_dags/example_branch_operator.py took 0.065 seconds
[2023-02-16 20:59:05,371] {scheduler_job.py:182} INFO - Started process (PID=1861) to work on /home/airflow/.local/lib/python3.6/site-packages/airflow/example_dags/example_branch_operator.py
[2023-02-16 20:59:05,372] {scheduler_job.py:633} INFO - Processing file /home/airflow/.local/lib/python3.6/site-packages/airflow/example_dags/example_branch_operator.py for tasks to queue
[2023-02-16 20:59:05,372] {logging_mixin.py:104} INFO - [2023-02-16 20:59:05,372] {dagbag.py:496} INFO - Filling up the DagBag from /home/airflow/.local/lib/python3.6/site-packages/airflow/example_dags/example_branch_operator.py
[2023-02-16 20:59:05,387] {scheduler_job.py:643} INFO - DAG(s) dict_keys(['example_branch_operator']) retrieved from /home/airflow/.local/lib/python3.6/site-packages/airflow/example_dags/example_branch_operator.py
[2023-02-16 20:59:05,409] {logging_mixin.py:104} INFO - [2023-02-16 20:59:05,409] {dag.py:1833} INFO - Sync 1 DAGs
[2023-02-16 20:59:05,428] {logging_mixin.py:104} INFO - [2023-02-16 20:59:05,427] {dag.py:2306} INFO - Setting next_dagrun for example_branch_operator to 2023-02-14 00:00:00+00:00
[2023-02-16 20:59:05,436] {scheduler_job.py:190} INFO - Processing /home/airflow/.local/lib/python3.6/site-packages/airflow/example_dags/example_branch_operator.py took 0.067 seconds
[2023-02-16 20:59:35,690] {scheduler_job.py:182} INFO - Started process (PID=1912) to work on /home/airflow/.local/lib/python3.6/site-packages/airflow/example_dags/example_branch_operator.py
[2023-02-16 20:59:35,691] {scheduler_job.py:633} INFO - Processing file /home/airflow/.local/lib/python3.6/site-packages/airflow/example_dags/example_branch_operator.py for tasks to queue
[2023-02-16 20:59:35,692] {logging_mixin.py:104} INFO - [2023-02-16 20:59:35,692] {dagbag.py:496} INFO - Filling up the DagBag from /home/airflow/.local/lib/python3.6/site-packages/airflow/example_dags/example_branch_operator.py
[2023-02-16 20:59:35,708] {scheduler_job.py:643} INFO - DAG(s) dict_keys(['example_branch_operator']) retrieved from /home/airflow/.local/lib/python3.6/site-packages/airflow/example_dags/example_branch_operator.py
[2023-02-16 20:59:35,734] {logging_mixin.py:104} INFO - [2023-02-16 20:59:35,734] {dag.py:1833} INFO - Sync 1 DAGs
[2023-02-16 20:59:35,753] {logging_mixin.py:104} INFO - [2023-02-16 20:59:35,753] {dag.py:2306} INFO - Setting next_dagrun for example_branch_operator to 2023-02-14 00:00:00+00:00
[2023-02-16 20:59:35,762] {scheduler_job.py:190} INFO - Processing /home/airflow/.local/lib/python3.6/site-packages/airflow/example_dags/example_branch_operator.py took 0.075 seconds
[2023-02-16 21:00:06,112] {scheduler_job.py:182} INFO - Started process (PID=1973) to work on /home/airflow/.local/lib/python3.6/site-packages/airflow/example_dags/example_branch_operator.py
[2023-02-16 21:00:06,113] {scheduler_job.py:633} INFO - Processing file /home/airflow/.local/lib/python3.6/site-packages/airflow/example_dags/example_branch_operator.py for tasks to queue
[2023-02-16 21:00:06,114] {logging_mixin.py:104} INFO - [2023-02-16 21:00:06,114] {dagbag.py:496} INFO - Filling up the DagBag from /home/airflow/.local/lib/python3.6/site-packages/airflow/example_dags/example_branch_operator.py
[2023-02-16 21:00:06,130] {scheduler_job.py:643} INFO - DAG(s) dict_keys(['example_branch_operator']) retrieved from /home/airflow/.local/lib/python3.6/site-packages/airflow/example_dags/example_branch_operator.py
[2023-02-16 21:00:06,151] {logging_mixin.py:104} INFO - [2023-02-16 21:00:06,151] {dag.py:1833} INFO - Sync 1 DAGs
[2023-02-16 21:00:06,168] {logging_mixin.py:104} INFO - [2023-02-16 21:00:06,167] {dag.py:2306} INFO - Setting next_dagrun for example_branch_operator to 2023-02-14 00:00:00+00:00
[2023-02-16 21:00:06,176] {scheduler_job.py:190} INFO - Processing /home/airflow/.local/lib/python3.6/site-packages/airflow/example_dags/example_branch_operator.py took 0.066 seconds
[2023-02-16 21:00:36,654] {scheduler_job.py:182} INFO - Started process (PID=2024) to work on /home/airflow/.local/lib/python3.6/site-packages/airflow/example_dags/example_branch_operator.py
[2023-02-16 21:00:36,655] {scheduler_job.py:633} INFO - Processing file /home/airflow/.local/lib/python3.6/site-packages/airflow/example_dags/example_branch_operator.py for tasks to queue
[2023-02-16 21:00:36,655] {logging_mixin.py:104} INFO - [2023-02-16 21:00:36,655] {dagbag.py:496} INFO - Filling up the DagBag from /home/airflow/.local/lib/python3.6/site-packages/airflow/example_dags/example_branch_operator.py
[2023-02-16 21:00:36,688] {scheduler_job.py:643} INFO - DAG(s) dict_keys(['example_branch_operator']) retrieved from /home/airflow/.local/lib/python3.6/site-packages/airflow/example_dags/example_branch_operator.py
[2023-02-16 21:00:36,712] {logging_mixin.py:104} INFO - [2023-02-16 21:00:36,712] {dag.py:1833} INFO - Sync 1 DAGs
[2023-02-16 21:00:36,729] {logging_mixin.py:104} INFO - [2023-02-16 21:00:36,728] {dag.py:2306} INFO - Setting next_dagrun for example_branch_operator to 2023-02-14 00:00:00+00:00
[2023-02-16 21:00:36,737] {scheduler_job.py:190} INFO - Processing /home/airflow/.local/lib/python3.6/site-packages/airflow/example_dags/example_branch_operator.py took 0.086 seconds
[2023-02-16 21:01:07,038] {scheduler_job.py:182} INFO - Started process (PID=2085) to work on /home/airflow/.local/lib/python3.6/site-packages/airflow/example_dags/example_branch_operator.py
[2023-02-16 21:01:07,038] {scheduler_job.py:633} INFO - Processing file /home/airflow/.local/lib/python3.6/site-packages/airflow/example_dags/example_branch_operator.py for tasks to queue
[2023-02-16 21:01:07,039] {logging_mixin.py:104} INFO - [2023-02-16 21:01:07,039] {dagbag.py:496} INFO - Filling up the DagBag from /home/airflow/.local/lib/python3.6/site-packages/airflow/example_dags/example_branch_operator.py
[2023-02-16 21:01:07,055] {scheduler_job.py:643} INFO - DAG(s) dict_keys(['example_branch_operator']) retrieved from /home/airflow/.local/lib/python3.6/site-packages/airflow/example_dags/example_branch_operator.py
[2023-02-16 21:01:07,091] {logging_mixin.py:104} INFO - [2023-02-16 21:01:07,090] {dag.py:1833} INFO - Sync 1 DAGs
[2023-02-16 21:01:07,109] {logging_mixin.py:104} INFO - [2023-02-16 21:01:07,109] {dag.py:2306} INFO - Setting next_dagrun for example_branch_operator to 2023-02-14 00:00:00+00:00
[2023-02-16 21:01:07,121] {scheduler_job.py:190} INFO - Processing /home/airflow/.local/lib/python3.6/site-packages/airflow/example_dags/example_branch_operator.py took 0.086 seconds
[2023-02-16 21:01:37,506] {scheduler_job.py:182} INFO - Started process (PID=2136) to work on /home/airflow/.local/lib/python3.6/site-packages/airflow/example_dags/example_branch_operator.py
[2023-02-16 21:01:37,507] {scheduler_job.py:633} INFO - Processing file /home/airflow/.local/lib/python3.6/site-packages/airflow/example_dags/example_branch_operator.py for tasks to queue
[2023-02-16 21:01:37,507] {logging_mixin.py:104} INFO - [2023-02-16 21:01:37,507] {dagbag.py:496} INFO - Filling up the DagBag from /home/airflow/.local/lib/python3.6/site-packages/airflow/example_dags/example_branch_operator.py
[2023-02-16 21:01:37,523] {scheduler_job.py:643} INFO - DAG(s) dict_keys(['example_branch_operator']) retrieved from /home/airflow/.local/lib/python3.6/site-packages/airflow/example_dags/example_branch_operator.py
[2023-02-16 21:01:37,544] {logging_mixin.py:104} INFO - [2023-02-16 21:01:37,544] {dag.py:1833} INFO - Sync 1 DAGs
[2023-02-16 21:01:37,559] {logging_mixin.py:104} INFO - [2023-02-16 21:01:37,559] {dag.py:2306} INFO - Setting next_dagrun for example_branch_operator to 2023-02-14 00:00:00+00:00
[2023-02-16 21:01:37,567] {scheduler_job.py:190} INFO - Processing /home/airflow/.local/lib/python3.6/site-packages/airflow/example_dags/example_branch_operator.py took 0.063 seconds
[2023-02-16 21:02:07,797] {scheduler_job.py:182} INFO - Started process (PID=2198) to work on /home/airflow/.local/lib/python3.6/site-packages/airflow/example_dags/example_branch_operator.py
[2023-02-16 21:02:07,798] {scheduler_job.py:633} INFO - Processing file /home/airflow/.local/lib/python3.6/site-packages/airflow/example_dags/example_branch_operator.py for tasks to queue
[2023-02-16 21:02:07,798] {logging_mixin.py:104} INFO - [2023-02-16 21:02:07,798] {dagbag.py:496} INFO - Filling up the DagBag from /home/airflow/.local/lib/python3.6/site-packages/airflow/example_dags/example_branch_operator.py
[2023-02-16 21:02:07,813] {scheduler_job.py:643} INFO - DAG(s) dict_keys(['example_branch_operator']) retrieved from /home/airflow/.local/lib/python3.6/site-packages/airflow/example_dags/example_branch_operator.py
[2023-02-16 21:02:07,834] {logging_mixin.py:104} INFO - [2023-02-16 21:02:07,834] {dag.py:1833} INFO - Sync 1 DAGs
[2023-02-16 21:02:07,852] {logging_mixin.py:104} INFO - [2023-02-16 21:02:07,852] {dag.py:2306} INFO - Setting next_dagrun for example_branch_operator to 2023-02-14 00:00:00+00:00
[2023-02-16 21:02:07,860] {scheduler_job.py:190} INFO - Processing /home/airflow/.local/lib/python3.6/site-packages/airflow/example_dags/example_branch_operator.py took 0.065 seconds
[2023-02-16 21:02:38,497] {scheduler_job.py:182} INFO - Started process (PID=2249) to work on /home/airflow/.local/lib/python3.6/site-packages/airflow/example_dags/example_branch_operator.py
[2023-02-16 21:02:38,498] {scheduler_job.py:633} INFO - Processing file /home/airflow/.local/lib/python3.6/site-packages/airflow/example_dags/example_branch_operator.py for tasks to queue
[2023-02-16 21:02:38,499] {logging_mixin.py:104} INFO - [2023-02-16 21:02:38,499] {dagbag.py:496} INFO - Filling up the DagBag from /home/airflow/.local/lib/python3.6/site-packages/airflow/example_dags/example_branch_operator.py
[2023-02-16 21:02:38,513] {scheduler_job.py:643} INFO - DAG(s) dict_keys(['example_branch_operator']) retrieved from /home/airflow/.local/lib/python3.6/site-packages/airflow/example_dags/example_branch_operator.py
[2023-02-16 21:02:38,533] {logging_mixin.py:104} INFO - [2023-02-16 21:02:38,533] {dag.py:1833} INFO - Sync 1 DAGs
[2023-02-16 21:02:38,550] {logging_mixin.py:104} INFO - [2023-02-16 21:02:38,550] {dag.py:2306} INFO - Setting next_dagrun for example_branch_operator to 2023-02-14 00:00:00+00:00
[2023-02-16 21:02:38,558] {scheduler_job.py:190} INFO - Processing /home/airflow/.local/lib/python3.6/site-packages/airflow/example_dags/example_branch_operator.py took 0.064 seconds
[2023-02-16 21:03:09,042] {scheduler_job.py:182} INFO - Started process (PID=2310) to work on /home/airflow/.local/lib/python3.6/site-packages/airflow/example_dags/example_branch_operator.py
[2023-02-16 21:03:09,045] {scheduler_job.py:633} INFO - Processing file /home/airflow/.local/lib/python3.6/site-packages/airflow/example_dags/example_branch_operator.py for tasks to queue
[2023-02-16 21:03:09,046] {logging_mixin.py:104} INFO - [2023-02-16 21:03:09,045] {dagbag.py:496} INFO - Filling up the DagBag from /home/airflow/.local/lib/python3.6/site-packages/airflow/example_dags/example_branch_operator.py
[2023-02-16 21:03:09,058] {scheduler_job.py:643} INFO - DAG(s) dict_keys(['example_branch_operator']) retrieved from /home/airflow/.local/lib/python3.6/site-packages/airflow/example_dags/example_branch_operator.py
[2023-02-16 21:03:09,078] {logging_mixin.py:104} INFO - [2023-02-16 21:03:09,078] {dag.py:1833} INFO - Sync 1 DAGs
[2023-02-16 21:03:09,094] {logging_mixin.py:104} INFO - [2023-02-16 21:03:09,094] {dag.py:2306} INFO - Setting next_dagrun for example_branch_operator to 2023-02-14 00:00:00+00:00
[2023-02-16 21:03:09,102] {scheduler_job.py:190} INFO - Processing /home/airflow/.local/lib/python3.6/site-packages/airflow/example_dags/example_branch_operator.py took 0.063 seconds
[2023-02-16 21:03:39,216] {scheduler_job.py:182} INFO - Started process (PID=2361) to work on /home/airflow/.local/lib/python3.6/site-packages/airflow/example_dags/example_branch_operator.py
[2023-02-16 21:03:39,217] {scheduler_job.py:633} INFO - Processing file /home/airflow/.local/lib/python3.6/site-packages/airflow/example_dags/example_branch_operator.py for tasks to queue
[2023-02-16 21:03:39,217] {logging_mixin.py:104} INFO - [2023-02-16 21:03:39,217] {dagbag.py:496} INFO - Filling up the DagBag from /home/airflow/.local/lib/python3.6/site-packages/airflow/example_dags/example_branch_operator.py
[2023-02-16 21:03:39,233] {scheduler_job.py:643} INFO - DAG(s) dict_keys(['example_branch_operator']) retrieved from /home/airflow/.local/lib/python3.6/site-packages/airflow/example_dags/example_branch_operator.py
[2023-02-16 21:03:39,256] {logging_mixin.py:104} INFO - [2023-02-16 21:03:39,256] {dag.py:1833} INFO - Sync 1 DAGs
[2023-02-16 21:03:39,272] {logging_mixin.py:104} INFO - [2023-02-16 21:03:39,272] {dag.py:2306} INFO - Setting next_dagrun for example_branch_operator to 2023-02-14 00:00:00+00:00
[2023-02-16 21:03:39,280] {scheduler_job.py:190} INFO - Processing /home/airflow/.local/lib/python3.6/site-packages/airflow/example_dags/example_branch_operator.py took 0.067 seconds
[2023-02-16 21:04:09,612] {scheduler_job.py:182} INFO - Started process (PID=2412) to work on /home/airflow/.local/lib/python3.6/site-packages/airflow/example_dags/example_branch_operator.py
[2023-02-16 21:04:09,612] {scheduler_job.py:633} INFO - Processing file /home/airflow/.local/lib/python3.6/site-packages/airflow/example_dags/example_branch_operator.py for tasks to queue
[2023-02-16 21:04:09,613] {logging_mixin.py:104} INFO - [2023-02-16 21:04:09,613] {dagbag.py:496} INFO - Filling up the DagBag from /home/airflow/.local/lib/python3.6/site-packages/airflow/example_dags/example_branch_operator.py
[2023-02-16 21:04:09,625] {scheduler_job.py:643} INFO - DAG(s) dict_keys(['example_branch_operator']) retrieved from /home/airflow/.local/lib/python3.6/site-packages/airflow/example_dags/example_branch_operator.py
[2023-02-16 21:04:09,643] {logging_mixin.py:104} INFO - [2023-02-16 21:04:09,643] {dag.py:1833} INFO - Sync 1 DAGs
[2023-02-16 21:04:09,658] {logging_mixin.py:104} INFO - [2023-02-16 21:04:09,658] {dag.py:2306} INFO - Setting next_dagrun for example_branch_operator to 2023-02-14 00:00:00+00:00
[2023-02-16 21:04:09,665] {scheduler_job.py:190} INFO - Processing /home/airflow/.local/lib/python3.6/site-packages/airflow/example_dags/example_branch_operator.py took 0.056 seconds
[2023-02-16 21:04:39,714] {scheduler_job.py:182} INFO - Started process (PID=2473) to work on /home/airflow/.local/lib/python3.6/site-packages/airflow/example_dags/example_branch_operator.py
[2023-02-16 21:04:39,715] {scheduler_job.py:633} INFO - Processing file /home/airflow/.local/lib/python3.6/site-packages/airflow/example_dags/example_branch_operator.py for tasks to queue
[2023-02-16 21:04:39,716] {logging_mixin.py:104} INFO - [2023-02-16 21:04:39,716] {dagbag.py:496} INFO - Filling up the DagBag from /home/airflow/.local/lib/python3.6/site-packages/airflow/example_dags/example_branch_operator.py
[2023-02-16 21:04:39,728] {scheduler_job.py:643} INFO - DAG(s) dict_keys(['example_branch_operator']) retrieved from /home/airflow/.local/lib/python3.6/site-packages/airflow/example_dags/example_branch_operator.py
[2023-02-16 21:04:39,747] {logging_mixin.py:104} INFO - [2023-02-16 21:04:39,747] {dag.py:1833} INFO - Sync 1 DAGs
[2023-02-16 21:04:39,763] {logging_mixin.py:104} INFO - [2023-02-16 21:04:39,763] {dag.py:2306} INFO - Setting next_dagrun for example_branch_operator to 2023-02-14 00:00:00+00:00
[2023-02-16 21:04:39,771] {scheduler_job.py:190} INFO - Processing /home/airflow/.local/lib/python3.6/site-packages/airflow/example_dags/example_branch_operator.py took 0.060 seconds
[2023-02-16 21:05:10,257] {scheduler_job.py:182} INFO - Started process (PID=2524) to work on /home/airflow/.local/lib/python3.6/site-packages/airflow/example_dags/example_branch_operator.py
[2023-02-16 21:05:10,257] {scheduler_job.py:633} INFO - Processing file /home/airflow/.local/lib/python3.6/site-packages/airflow/example_dags/example_branch_operator.py for tasks to queue
[2023-02-16 21:05:10,258] {logging_mixin.py:104} INFO - [2023-02-16 21:05:10,258] {dagbag.py:496} INFO - Filling up the DagBag from /home/airflow/.local/lib/python3.6/site-packages/airflow/example_dags/example_branch_operator.py
[2023-02-16 21:05:10,271] {scheduler_job.py:643} INFO - DAG(s) dict_keys(['example_branch_operator']) retrieved from /home/airflow/.local/lib/python3.6/site-packages/airflow/example_dags/example_branch_operator.py
[2023-02-16 21:05:10,291] {logging_mixin.py:104} INFO - [2023-02-16 21:05:10,291] {dag.py:1833} INFO - Sync 1 DAGs
[2023-02-16 21:05:10,306] {logging_mixin.py:104} INFO - [2023-02-16 21:05:10,306] {dag.py:2306} INFO - Setting next_dagrun for example_branch_operator to 2023-02-14 00:00:00+00:00
[2023-02-16 21:05:10,315] {scheduler_job.py:190} INFO - Processing /home/airflow/.local/lib/python3.6/site-packages/airflow/example_dags/example_branch_operator.py took 0.060 seconds
[2023-02-16 21:05:41,049] {scheduler_job.py:182} INFO - Started process (PID=2585) to work on /home/airflow/.local/lib/python3.6/site-packages/airflow/example_dags/example_branch_operator.py
[2023-02-16 21:05:41,050] {scheduler_job.py:633} INFO - Processing file /home/airflow/.local/lib/python3.6/site-packages/airflow/example_dags/example_branch_operator.py for tasks to queue
[2023-02-16 21:05:41,050] {logging_mixin.py:104} INFO - [2023-02-16 21:05:41,050] {dagbag.py:496} INFO - Filling up the DagBag from /home/airflow/.local/lib/python3.6/site-packages/airflow/example_dags/example_branch_operator.py
[2023-02-16 21:05:41,063] {scheduler_job.py:643} INFO - DAG(s) dict_keys(['example_branch_operator']) retrieved from /home/airflow/.local/lib/python3.6/site-packages/airflow/example_dags/example_branch_operator.py
[2023-02-16 21:05:41,081] {logging_mixin.py:104} INFO - [2023-02-16 21:05:41,081] {dag.py:1833} INFO - Sync 1 DAGs
[2023-02-16 21:05:41,096] {logging_mixin.py:104} INFO - [2023-02-16 21:05:41,096] {dag.py:2306} INFO - Setting next_dagrun for example_branch_operator to 2023-02-14 00:00:00+00:00
[2023-02-16 21:05:41,103] {scheduler_job.py:190} INFO - Processing /home/airflow/.local/lib/python3.6/site-packages/airflow/example_dags/example_branch_operator.py took 0.057 seconds
[2023-02-16 21:06:11,610] {scheduler_job.py:182} INFO - Started process (PID=2636) to work on /home/airflow/.local/lib/python3.6/site-packages/airflow/example_dags/example_branch_operator.py
[2023-02-16 21:06:11,610] {scheduler_job.py:633} INFO - Processing file /home/airflow/.local/lib/python3.6/site-packages/airflow/example_dags/example_branch_operator.py for tasks to queue
[2023-02-16 21:06:11,611] {logging_mixin.py:104} INFO - [2023-02-16 21:06:11,611] {dagbag.py:496} INFO - Filling up the DagBag from /home/airflow/.local/lib/python3.6/site-packages/airflow/example_dags/example_branch_operator.py
[2023-02-16 21:06:11,697] {scheduler_job.py:643} INFO - DAG(s) dict_keys(['example_branch_operator']) retrieved from /home/airflow/.local/lib/python3.6/site-packages/airflow/example_dags/example_branch_operator.py
[2023-02-16 21:06:11,716] {logging_mixin.py:104} INFO - [2023-02-16 21:06:11,716] {dag.py:1833} INFO - Sync 1 DAGs
[2023-02-16 21:06:11,734] {logging_mixin.py:104} INFO - [2023-02-16 21:06:11,733] {dag.py:2306} INFO - Setting next_dagrun for example_branch_operator to 2023-02-14 00:00:00+00:00
[2023-02-16 21:06:11,743] {scheduler_job.py:190} INFO - Processing /home/airflow/.local/lib/python3.6/site-packages/airflow/example_dags/example_branch_operator.py took 0.135 seconds
[2023-02-16 21:06:42,177] {scheduler_job.py:182} INFO - Started process (PID=2697) to work on /home/airflow/.local/lib/python3.6/site-packages/airflow/example_dags/example_branch_operator.py
[2023-02-16 21:06:42,177] {scheduler_job.py:633} INFO - Processing file /home/airflow/.local/lib/python3.6/site-packages/airflow/example_dags/example_branch_operator.py for tasks to queue
[2023-02-16 21:06:42,178] {logging_mixin.py:104} INFO - [2023-02-16 21:06:42,178] {dagbag.py:496} INFO - Filling up the DagBag from /home/airflow/.local/lib/python3.6/site-packages/airflow/example_dags/example_branch_operator.py
[2023-02-16 21:06:42,191] {scheduler_job.py:643} INFO - DAG(s) dict_keys(['example_branch_operator']) retrieved from /home/airflow/.local/lib/python3.6/site-packages/airflow/example_dags/example_branch_operator.py
[2023-02-16 21:06:42,215] {logging_mixin.py:104} INFO - [2023-02-16 21:06:42,215] {dag.py:1833} INFO - Sync 1 DAGs
[2023-02-16 21:06:42,237] {logging_mixin.py:104} INFO - [2023-02-16 21:06:42,237] {dag.py:2306} INFO - Setting next_dagrun for example_branch_operator to 2023-02-14 00:00:00+00:00
[2023-02-16 21:06:42,248] {scheduler_job.py:190} INFO - Processing /home/airflow/.local/lib/python3.6/site-packages/airflow/example_dags/example_branch_operator.py took 0.074 seconds
[2023-02-16 21:07:12,902] {scheduler_job.py:182} INFO - Started process (PID=2748) to work on /home/airflow/.local/lib/python3.6/site-packages/airflow/example_dags/example_branch_operator.py
[2023-02-16 21:07:12,903] {scheduler_job.py:633} INFO - Processing file /home/airflow/.local/lib/python3.6/site-packages/airflow/example_dags/example_branch_operator.py for tasks to queue
[2023-02-16 21:07:12,904] {logging_mixin.py:104} INFO - [2023-02-16 21:07:12,904] {dagbag.py:496} INFO - Filling up the DagBag from /home/airflow/.local/lib/python3.6/site-packages/airflow/example_dags/example_branch_operator.py
[2023-02-16 21:07:12,920] {scheduler_job.py:643} INFO - DAG(s) dict_keys(['example_branch_operator']) retrieved from /home/airflow/.local/lib/python3.6/site-packages/airflow/example_dags/example_branch_operator.py
[2023-02-16 21:07:12,948] {logging_mixin.py:104} INFO - [2023-02-16 21:07:12,948] {dag.py:1833} INFO - Sync 1 DAGs
[2023-02-16 21:07:12,969] {logging_mixin.py:104} INFO - [2023-02-16 21:07:12,969] {dag.py:2306} INFO - Setting next_dagrun for example_branch_operator to 2023-02-14 00:00:00+00:00
[2023-02-16 21:07:12,980] {scheduler_job.py:190} INFO - Processing /home/airflow/.local/lib/python3.6/site-packages/airflow/example_dags/example_branch_operator.py took 0.081 seconds
[2023-02-16 21:07:43,342] {scheduler_job.py:182} INFO - Started process (PID=2809) to work on /home/airflow/.local/lib/python3.6/site-packages/airflow/example_dags/example_branch_operator.py
[2023-02-16 21:07:43,343] {scheduler_job.py:633} INFO - Processing file /home/airflow/.local/lib/python3.6/site-packages/airflow/example_dags/example_branch_operator.py for tasks to queue
[2023-02-16 21:07:43,344] {logging_mixin.py:104} INFO - [2023-02-16 21:07:43,344] {dagbag.py:496} INFO - Filling up the DagBag from /home/airflow/.local/lib/python3.6/site-packages/airflow/example_dags/example_branch_operator.py
[2023-02-16 21:07:43,362] {scheduler_job.py:643} INFO - DAG(s) dict_keys(['example_branch_operator']) retrieved from /home/airflow/.local/lib/python3.6/site-packages/airflow/example_dags/example_branch_operator.py
[2023-02-16 21:07:43,389] {logging_mixin.py:104} INFO - [2023-02-16 21:07:43,389] {dag.py:1833} INFO - Sync 1 DAGs
[2023-02-16 21:07:43,410] {logging_mixin.py:104} INFO - [2023-02-16 21:07:43,410] {dag.py:2306} INFO - Setting next_dagrun for example_branch_operator to 2023-02-14 00:00:00+00:00
[2023-02-16 21:07:43,420] {scheduler_job.py:190} INFO - Processing /home/airflow/.local/lib/python3.6/site-packages/airflow/example_dags/example_branch_operator.py took 0.081 seconds
[2023-02-16 21:08:13,813] {scheduler_job.py:182} INFO - Started process (PID=2860) to work on /home/airflow/.local/lib/python3.6/site-packages/airflow/example_dags/example_branch_operator.py
[2023-02-16 21:08:13,814] {scheduler_job.py:633} INFO - Processing file /home/airflow/.local/lib/python3.6/site-packages/airflow/example_dags/example_branch_operator.py for tasks to queue
[2023-02-16 21:08:13,815] {logging_mixin.py:104} INFO - [2023-02-16 21:08:13,814] {dagbag.py:496} INFO - Filling up the DagBag from /home/airflow/.local/lib/python3.6/site-packages/airflow/example_dags/example_branch_operator.py
[2023-02-16 21:08:13,827] {scheduler_job.py:643} INFO - DAG(s) dict_keys(['example_branch_operator']) retrieved from /home/airflow/.local/lib/python3.6/site-packages/airflow/example_dags/example_branch_operator.py
[2023-02-16 21:08:13,849] {logging_mixin.py:104} INFO - [2023-02-16 21:08:13,849] {dag.py:1833} INFO - Sync 1 DAGs
[2023-02-16 21:08:13,865] {logging_mixin.py:104} INFO - [2023-02-16 21:08:13,865] {dag.py:2306} INFO - Setting next_dagrun for example_branch_operator to 2023-02-14 00:00:00+00:00
[2023-02-16 21:08:13,873] {scheduler_job.py:190} INFO - Processing /home/airflow/.local/lib/python3.6/site-packages/airflow/example_dags/example_branch_operator.py took 0.063 seconds
[2023-02-16 21:08:44,059] {scheduler_job.py:182} INFO - Started process (PID=2920) to work on /home/airflow/.local/lib/python3.6/site-packages/airflow/example_dags/example_branch_operator.py
[2023-02-16 21:08:44,061] {scheduler_job.py:633} INFO - Processing file /home/airflow/.local/lib/python3.6/site-packages/airflow/example_dags/example_branch_operator.py for tasks to queue
[2023-02-16 21:08:44,061] {logging_mixin.py:104} INFO - [2023-02-16 21:08:44,061] {dagbag.py:496} INFO - Filling up the DagBag from /home/airflow/.local/lib/python3.6/site-packages/airflow/example_dags/example_branch_operator.py
[2023-02-16 21:08:44,082] {scheduler_job.py:643} INFO - DAG(s) dict_keys(['example_branch_operator']) retrieved from /home/airflow/.local/lib/python3.6/site-packages/airflow/example_dags/example_branch_operator.py
[2023-02-16 21:08:44,142] {logging_mixin.py:104} INFO - [2023-02-16 21:08:44,142] {dag.py:1833} INFO - Sync 1 DAGs
[2023-02-16 21:08:44,164] {logging_mixin.py:104} INFO - [2023-02-16 21:08:44,164] {dag.py:2306} INFO - Setting next_dagrun for example_branch_operator to 2023-02-14 00:00:00+00:00
[2023-02-16 21:08:44,179] {scheduler_job.py:190} INFO - Processing /home/airflow/.local/lib/python3.6/site-packages/airflow/example_dags/example_branch_operator.py took 0.124 seconds
[2023-02-16 21:09:14,828] {scheduler_job.py:182} INFO - Started process (PID=2971) to work on /home/airflow/.local/lib/python3.6/site-packages/airflow/example_dags/example_branch_operator.py
[2023-02-16 21:09:14,829] {scheduler_job.py:633} INFO - Processing file /home/airflow/.local/lib/python3.6/site-packages/airflow/example_dags/example_branch_operator.py for tasks to queue
[2023-02-16 21:09:14,830] {logging_mixin.py:104} INFO - [2023-02-16 21:09:14,830] {dagbag.py:496} INFO - Filling up the DagBag from /home/airflow/.local/lib/python3.6/site-packages/airflow/example_dags/example_branch_operator.py
[2023-02-16 21:09:14,844] {scheduler_job.py:643} INFO - DAG(s) dict_keys(['example_branch_operator']) retrieved from /home/airflow/.local/lib/python3.6/site-packages/airflow/example_dags/example_branch_operator.py
[2023-02-16 21:09:14,865] {logging_mixin.py:104} INFO - [2023-02-16 21:09:14,865] {dag.py:1833} INFO - Sync 1 DAGs
[2023-02-16 21:09:14,880] {logging_mixin.py:104} INFO - [2023-02-16 21:09:14,880] {dag.py:2306} INFO - Setting next_dagrun for example_branch_operator to 2023-02-14 00:00:00+00:00
[2023-02-16 21:09:14,888] {scheduler_job.py:190} INFO - Processing /home/airflow/.local/lib/python3.6/site-packages/airflow/example_dags/example_branch_operator.py took 0.063 seconds
[2023-02-16 21:09:45,348] {scheduler_job.py:182} INFO - Started process (PID=3032) to work on /home/airflow/.local/lib/python3.6/site-packages/airflow/example_dags/example_branch_operator.py
[2023-02-16 21:09:45,349] {scheduler_job.py:633} INFO - Processing file /home/airflow/.local/lib/python3.6/site-packages/airflow/example_dags/example_branch_operator.py for tasks to queue
[2023-02-16 21:09:45,349] {logging_mixin.py:104} INFO - [2023-02-16 21:09:45,349] {dagbag.py:496} INFO - Filling up the DagBag from /home/airflow/.local/lib/python3.6/site-packages/airflow/example_dags/example_branch_operator.py
[2023-02-16 21:09:45,361] {scheduler_job.py:643} INFO - DAG(s) dict_keys(['example_branch_operator']) retrieved from /home/airflow/.local/lib/python3.6/site-packages/airflow/example_dags/example_branch_operator.py
[2023-02-16 21:09:45,379] {logging_mixin.py:104} INFO - [2023-02-16 21:09:45,379] {dag.py:1833} INFO - Sync 1 DAGs
[2023-02-16 21:09:45,394] {logging_mixin.py:104} INFO - [2023-02-16 21:09:45,394] {dag.py:2306} INFO - Setting next_dagrun for example_branch_operator to 2023-02-14 00:00:00+00:00
[2023-02-16 21:09:45,401] {scheduler_job.py:190} INFO - Processing /home/airflow/.local/lib/python3.6/site-packages/airflow/example_dags/example_branch_operator.py took 0.056 seconds
[2023-02-16 21:10:15,489] {scheduler_job.py:182} INFO - Started process (PID=3083) to work on /home/airflow/.local/lib/python3.6/site-packages/airflow/example_dags/example_branch_operator.py
[2023-02-16 21:10:15,489] {scheduler_job.py:633} INFO - Processing file /home/airflow/.local/lib/python3.6/site-packages/airflow/example_dags/example_branch_operator.py for tasks to queue
[2023-02-16 21:10:15,490] {logging_mixin.py:104} INFO - [2023-02-16 21:10:15,490] {dagbag.py:496} INFO - Filling up the DagBag from /home/airflow/.local/lib/python3.6/site-packages/airflow/example_dags/example_branch_operator.py
[2023-02-16 21:10:15,503] {scheduler_job.py:643} INFO - DAG(s) dict_keys(['example_branch_operator']) retrieved from /home/airflow/.local/lib/python3.6/site-packages/airflow/example_dags/example_branch_operator.py
[2023-02-16 21:10:15,527] {logging_mixin.py:104} INFO - [2023-02-16 21:10:15,527] {dag.py:1833} INFO - Sync 1 DAGs
[2023-02-16 21:10:15,546] {logging_mixin.py:104} INFO - [2023-02-16 21:10:15,546] {dag.py:2306} INFO - Setting next_dagrun for example_branch_operator to 2023-02-14 00:00:00+00:00
[2023-02-16 21:10:15,555] {scheduler_job.py:190} INFO - Processing /home/airflow/.local/lib/python3.6/site-packages/airflow/example_dags/example_branch_operator.py took 0.069 seconds
[2023-02-16 21:10:46,305] {scheduler_job.py:182} INFO - Started process (PID=3144) to work on /home/airflow/.local/lib/python3.6/site-packages/airflow/example_dags/example_branch_operator.py
[2023-02-16 21:10:46,306] {scheduler_job.py:633} INFO - Processing file /home/airflow/.local/lib/python3.6/site-packages/airflow/example_dags/example_branch_operator.py for tasks to queue
[2023-02-16 21:10:46,307] {logging_mixin.py:104} INFO - [2023-02-16 21:10:46,306] {dagbag.py:496} INFO - Filling up the DagBag from /home/airflow/.local/lib/python3.6/site-packages/airflow/example_dags/example_branch_operator.py
[2023-02-16 21:10:46,323] {scheduler_job.py:643} INFO - DAG(s) dict_keys(['example_branch_operator']) retrieved from /home/airflow/.local/lib/python3.6/site-packages/airflow/example_dags/example_branch_operator.py
[2023-02-16 21:10:46,346] {logging_mixin.py:104} INFO - [2023-02-16 21:10:46,346] {dag.py:1833} INFO - Sync 1 DAGs
[2023-02-16 21:10:46,361] {logging_mixin.py:104} INFO - [2023-02-16 21:10:46,361] {dag.py:2306} INFO - Setting next_dagrun for example_branch_operator to 2023-02-14 00:00:00+00:00
[2023-02-16 21:10:46,370] {scheduler_job.py:190} INFO - Processing /home/airflow/.local/lib/python3.6/site-packages/airflow/example_dags/example_branch_operator.py took 0.068 seconds
[2023-02-16 21:11:16,779] {scheduler_job.py:182} INFO - Started process (PID=3195) to work on /home/airflow/.local/lib/python3.6/site-packages/airflow/example_dags/example_branch_operator.py
[2023-02-16 21:11:16,780] {scheduler_job.py:633} INFO - Processing file /home/airflow/.local/lib/python3.6/site-packages/airflow/example_dags/example_branch_operator.py for tasks to queue
[2023-02-16 21:11:16,780] {logging_mixin.py:104} INFO - [2023-02-16 21:11:16,780] {dagbag.py:496} INFO - Filling up the DagBag from /home/airflow/.local/lib/python3.6/site-packages/airflow/example_dags/example_branch_operator.py
[2023-02-16 21:11:16,794] {scheduler_job.py:643} INFO - DAG(s) dict_keys(['example_branch_operator']) retrieved from /home/airflow/.local/lib/python3.6/site-packages/airflow/example_dags/example_branch_operator.py
[2023-02-16 21:11:16,814] {logging_mixin.py:104} INFO - [2023-02-16 21:11:16,814] {dag.py:1833} INFO - Sync 1 DAGs
[2023-02-16 21:11:16,831] {logging_mixin.py:104} INFO - [2023-02-16 21:11:16,831] {dag.py:2306} INFO - Setting next_dagrun for example_branch_operator to 2023-02-14 00:00:00+00:00
[2023-02-16 21:11:16,839] {scheduler_job.py:190} INFO - Processing /home/airflow/.local/lib/python3.6/site-packages/airflow/example_dags/example_branch_operator.py took 0.062 seconds
[2023-02-16 21:11:47,331] {scheduler_job.py:182} INFO - Started process (PID=3256) to work on /home/airflow/.local/lib/python3.6/site-packages/airflow/example_dags/example_branch_operator.py
[2023-02-16 21:11:47,332] {scheduler_job.py:633} INFO - Processing file /home/airflow/.local/lib/python3.6/site-packages/airflow/example_dags/example_branch_operator.py for tasks to queue
[2023-02-16 21:11:47,332] {logging_mixin.py:104} INFO - [2023-02-16 21:11:47,332] {dagbag.py:496} INFO - Filling up the DagBag from /home/airflow/.local/lib/python3.6/site-packages/airflow/example_dags/example_branch_operator.py
[2023-02-16 21:11:47,345] {scheduler_job.py:643} INFO - DAG(s) dict_keys(['example_branch_operator']) retrieved from /home/airflow/.local/lib/python3.6/site-packages/airflow/example_dags/example_branch_operator.py
[2023-02-16 21:11:47,366] {logging_mixin.py:104} INFO - [2023-02-16 21:11:47,366] {dag.py:1833} INFO - Sync 1 DAGs
[2023-02-16 21:11:47,385] {logging_mixin.py:104} INFO - [2023-02-16 21:11:47,385] {dag.py:2306} INFO - Setting next_dagrun for example_branch_operator to 2023-02-14 00:00:00+00:00
[2023-02-16 21:11:47,393] {scheduler_job.py:190} INFO - Processing /home/airflow/.local/lib/python3.6/site-packages/airflow/example_dags/example_branch_operator.py took 0.065 seconds
[2023-02-16 21:12:17,716] {scheduler_job.py:182} INFO - Started process (PID=3307) to work on /home/airflow/.local/lib/python3.6/site-packages/airflow/example_dags/example_branch_operator.py
[2023-02-16 21:12:17,716] {scheduler_job.py:633} INFO - Processing file /home/airflow/.local/lib/python3.6/site-packages/airflow/example_dags/example_branch_operator.py for tasks to queue
[2023-02-16 21:12:17,717] {logging_mixin.py:104} INFO - [2023-02-16 21:12:17,717] {dagbag.py:496} INFO - Filling up the DagBag from /home/airflow/.local/lib/python3.6/site-packages/airflow/example_dags/example_branch_operator.py
[2023-02-16 21:12:17,730] {scheduler_job.py:643} INFO - DAG(s) dict_keys(['example_branch_operator']) retrieved from /home/airflow/.local/lib/python3.6/site-packages/airflow/example_dags/example_branch_operator.py
[2023-02-16 21:12:17,749] {logging_mixin.py:104} INFO - [2023-02-16 21:12:17,749] {dag.py:1833} INFO - Sync 1 DAGs
[2023-02-16 21:12:17,765] {logging_mixin.py:104} INFO - [2023-02-16 21:12:17,764] {dag.py:2306} INFO - Setting next_dagrun for example_branch_operator to 2023-02-14 00:00:00+00:00
[2023-02-16 21:12:17,773] {scheduler_job.py:190} INFO - Processing /home/airflow/.local/lib/python3.6/site-packages/airflow/example_dags/example_branch_operator.py took 0.060 seconds
[2023-02-16 21:12:48,124] {scheduler_job.py:182} INFO - Started process (PID=3368) to work on /home/airflow/.local/lib/python3.6/site-packages/airflow/example_dags/example_branch_operator.py
[2023-02-16 21:12:48,125] {scheduler_job.py:633} INFO - Processing file /home/airflow/.local/lib/python3.6/site-packages/airflow/example_dags/example_branch_operator.py for tasks to queue
[2023-02-16 21:12:48,126] {logging_mixin.py:104} INFO - [2023-02-16 21:12:48,126] {dagbag.py:496} INFO - Filling up the DagBag from /home/airflow/.local/lib/python3.6/site-packages/airflow/example_dags/example_branch_operator.py
[2023-02-16 21:12:48,139] {scheduler_job.py:643} INFO - DAG(s) dict_keys(['example_branch_operator']) retrieved from /home/airflow/.local/lib/python3.6/site-packages/airflow/example_dags/example_branch_operator.py
[2023-02-16 21:12:48,162] {logging_mixin.py:104} INFO - [2023-02-16 21:12:48,162] {dag.py:1833} INFO - Sync 1 DAGs
[2023-02-16 21:12:48,177] {logging_mixin.py:104} INFO - [2023-02-16 21:12:48,177] {dag.py:2306} INFO - Setting next_dagrun for example_branch_operator to 2023-02-14 00:00:00+00:00
[2023-02-16 21:12:48,186] {scheduler_job.py:190} INFO - Processing /home/airflow/.local/lib/python3.6/site-packages/airflow/example_dags/example_branch_operator.py took 0.064 seconds
[2023-02-16 21:13:18,843] {scheduler_job.py:182} INFO - Started process (PID=3419) to work on /home/airflow/.local/lib/python3.6/site-packages/airflow/example_dags/example_branch_operator.py
[2023-02-16 21:13:18,844] {scheduler_job.py:633} INFO - Processing file /home/airflow/.local/lib/python3.6/site-packages/airflow/example_dags/example_branch_operator.py for tasks to queue
[2023-02-16 21:13:18,845] {logging_mixin.py:104} INFO - [2023-02-16 21:13:18,845] {dagbag.py:496} INFO - Filling up the DagBag from /home/airflow/.local/lib/python3.6/site-packages/airflow/example_dags/example_branch_operator.py
[2023-02-16 21:13:18,858] {scheduler_job.py:643} INFO - DAG(s) dict_keys(['example_branch_operator']) retrieved from /home/airflow/.local/lib/python3.6/site-packages/airflow/example_dags/example_branch_operator.py
[2023-02-16 21:13:18,876] {logging_mixin.py:104} INFO - [2023-02-16 21:13:18,876] {dag.py:1833} INFO - Sync 1 DAGs
[2023-02-16 21:13:18,893] {logging_mixin.py:104} INFO - [2023-02-16 21:13:18,893] {dag.py:2306} INFO - Setting next_dagrun for example_branch_operator to 2023-02-14 00:00:00+00:00
[2023-02-16 21:13:18,903] {scheduler_job.py:190} INFO - Processing /home/airflow/.local/lib/python3.6/site-packages/airflow/example_dags/example_branch_operator.py took 0.063 seconds
[2023-02-16 21:13:49,300] {scheduler_job.py:182} INFO - Started process (PID=3480) to work on /home/airflow/.local/lib/python3.6/site-packages/airflow/example_dags/example_branch_operator.py
[2023-02-16 21:13:49,300] {scheduler_job.py:633} INFO - Processing file /home/airflow/.local/lib/python3.6/site-packages/airflow/example_dags/example_branch_operator.py for tasks to queue
[2023-02-16 21:13:49,301] {logging_mixin.py:104} INFO - [2023-02-16 21:13:49,301] {dagbag.py:496} INFO - Filling up the DagBag from /home/airflow/.local/lib/python3.6/site-packages/airflow/example_dags/example_branch_operator.py
[2023-02-16 21:13:49,313] {scheduler_job.py:643} INFO - DAG(s) dict_keys(['example_branch_operator']) retrieved from /home/airflow/.local/lib/python3.6/site-packages/airflow/example_dags/example_branch_operator.py
[2023-02-16 21:13:49,334] {logging_mixin.py:104} INFO - [2023-02-16 21:13:49,333] {dag.py:1833} INFO - Sync 1 DAGs
[2023-02-16 21:13:49,350] {logging_mixin.py:104} INFO - [2023-02-16 21:13:49,350] {dag.py:2306} INFO - Setting next_dagrun for example_branch_operator to 2023-02-14 00:00:00+00:00
[2023-02-16 21:13:49,358] {scheduler_job.py:190} INFO - Processing /home/airflow/.local/lib/python3.6/site-packages/airflow/example_dags/example_branch_operator.py took 0.061 seconds
[2023-02-16 21:14:19,748] {scheduler_job.py:182} INFO - Started process (PID=3531) to work on /home/airflow/.local/lib/python3.6/site-packages/airflow/example_dags/example_branch_operator.py
[2023-02-16 21:14:19,750] {scheduler_job.py:633} INFO - Processing file /home/airflow/.local/lib/python3.6/site-packages/airflow/example_dags/example_branch_operator.py for tasks to queue
[2023-02-16 21:14:19,750] {logging_mixin.py:104} INFO - [2023-02-16 21:14:19,750] {dagbag.py:496} INFO - Filling up the DagBag from /home/airflow/.local/lib/python3.6/site-packages/airflow/example_dags/example_branch_operator.py
[2023-02-16 21:14:19,764] {scheduler_job.py:643} INFO - DAG(s) dict_keys(['example_branch_operator']) retrieved from /home/airflow/.local/lib/python3.6/site-packages/airflow/example_dags/example_branch_operator.py
[2023-02-16 21:14:19,788] {logging_mixin.py:104} INFO - [2023-02-16 21:14:19,787] {dag.py:1833} INFO - Sync 1 DAGs
[2023-02-16 21:14:19,805] {logging_mixin.py:104} INFO - [2023-02-16 21:14:19,805] {dag.py:2306} INFO - Setting next_dagrun for example_branch_operator to 2023-02-14 00:00:00+00:00
[2023-02-16 21:14:19,814] {scheduler_job.py:190} INFO - Processing /home/airflow/.local/lib/python3.6/site-packages/airflow/example_dags/example_branch_operator.py took 0.068 seconds
[2023-02-16 21:14:49,994] {scheduler_job.py:182} INFO - Started process (PID=3592) to work on /home/airflow/.local/lib/python3.6/site-packages/airflow/example_dags/example_branch_operator.py
[2023-02-16 21:14:49,995] {scheduler_job.py:633} INFO - Processing file /home/airflow/.local/lib/python3.6/site-packages/airflow/example_dags/example_branch_operator.py for tasks to queue
[2023-02-16 21:14:49,996] {logging_mixin.py:104} INFO - [2023-02-16 21:14:49,995] {dagbag.py:496} INFO - Filling up the DagBag from /home/airflow/.local/lib/python3.6/site-packages/airflow/example_dags/example_branch_operator.py
[2023-02-16 21:14:50,009] {scheduler_job.py:643} INFO - DAG(s) dict_keys(['example_branch_operator']) retrieved from /home/airflow/.local/lib/python3.6/site-packages/airflow/example_dags/example_branch_operator.py
[2023-02-16 21:14:50,029] {logging_mixin.py:104} INFO - [2023-02-16 21:14:50,028] {dag.py:1833} INFO - Sync 1 DAGs
[2023-02-16 21:14:50,044] {logging_mixin.py:104} INFO - [2023-02-16 21:14:50,044] {dag.py:2306} INFO - Setting next_dagrun for example_branch_operator to 2023-02-14 00:00:00+00:00
[2023-02-16 21:14:50,054] {scheduler_job.py:190} INFO - Processing /home/airflow/.local/lib/python3.6/site-packages/airflow/example_dags/example_branch_operator.py took 0.062 seconds
[2023-02-16 21:15:20,461] {scheduler_job.py:182} INFO - Started process (PID=3643) to work on /home/airflow/.local/lib/python3.6/site-packages/airflow/example_dags/example_branch_operator.py
[2023-02-16 21:15:20,462] {scheduler_job.py:633} INFO - Processing file /home/airflow/.local/lib/python3.6/site-packages/airflow/example_dags/example_branch_operator.py for tasks to queue
[2023-02-16 21:15:20,462] {logging_mixin.py:104} INFO - [2023-02-16 21:15:20,462] {dagbag.py:496} INFO - Filling up the DagBag from /home/airflow/.local/lib/python3.6/site-packages/airflow/example_dags/example_branch_operator.py
[2023-02-16 21:15:20,475] {scheduler_job.py:643} INFO - DAG(s) dict_keys(['example_branch_operator']) retrieved from /home/airflow/.local/lib/python3.6/site-packages/airflow/example_dags/example_branch_operator.py
[2023-02-16 21:15:20,494] {logging_mixin.py:104} INFO - [2023-02-16 21:15:20,494] {dag.py:1833} INFO - Sync 1 DAGs
[2023-02-16 21:15:20,509] {logging_mixin.py:104} INFO - [2023-02-16 21:15:20,509] {dag.py:2306} INFO - Setting next_dagrun for example_branch_operator to 2023-02-14 00:00:00+00:00
[2023-02-16 21:15:20,516] {scheduler_job.py:190} INFO - Processing /home/airflow/.local/lib/python3.6/site-packages/airflow/example_dags/example_branch_operator.py took 0.057 seconds
[2023-02-16 21:15:50,969] {scheduler_job.py:182} INFO - Started process (PID=3704) to work on /home/airflow/.local/lib/python3.6/site-packages/airflow/example_dags/example_branch_operator.py
[2023-02-16 21:15:50,970] {scheduler_job.py:633} INFO - Processing file /home/airflow/.local/lib/python3.6/site-packages/airflow/example_dags/example_branch_operator.py for tasks to queue
[2023-02-16 21:15:50,971] {logging_mixin.py:104} INFO - [2023-02-16 21:15:50,971] {dagbag.py:496} INFO - Filling up the DagBag from /home/airflow/.local/lib/python3.6/site-packages/airflow/example_dags/example_branch_operator.py
[2023-02-16 21:15:50,985] {scheduler_job.py:643} INFO - DAG(s) dict_keys(['example_branch_operator']) retrieved from /home/airflow/.local/lib/python3.6/site-packages/airflow/example_dags/example_branch_operator.py
[2023-02-16 21:15:51,007] {logging_mixin.py:104} INFO - [2023-02-16 21:15:51,007] {dag.py:1833} INFO - Sync 1 DAGs
[2023-02-16 21:15:51,026] {logging_mixin.py:104} INFO - [2023-02-16 21:15:51,026] {dag.py:2306} INFO - Setting next_dagrun for example_branch_operator to 2023-02-14 00:00:00+00:00
[2023-02-16 21:15:51,038] {scheduler_job.py:190} INFO - Processing /home/airflow/.local/lib/python3.6/site-packages/airflow/example_dags/example_branch_operator.py took 0.072 seconds
[2023-02-16 21:16:21,425] {scheduler_job.py:182} INFO - Started process (PID=3755) to work on /home/airflow/.local/lib/python3.6/site-packages/airflow/example_dags/example_branch_operator.py
[2023-02-16 21:16:21,426] {scheduler_job.py:633} INFO - Processing file /home/airflow/.local/lib/python3.6/site-packages/airflow/example_dags/example_branch_operator.py for tasks to queue
[2023-02-16 21:16:21,427] {logging_mixin.py:104} INFO - [2023-02-16 21:16:21,427] {dagbag.py:496} INFO - Filling up the DagBag from /home/airflow/.local/lib/python3.6/site-packages/airflow/example_dags/example_branch_operator.py
[2023-02-16 21:16:21,444] {scheduler_job.py:643} INFO - DAG(s) dict_keys(['example_branch_operator']) retrieved from /home/airflow/.local/lib/python3.6/site-packages/airflow/example_dags/example_branch_operator.py
[2023-02-16 21:16:21,467] {logging_mixin.py:104} INFO - [2023-02-16 21:16:21,467] {dag.py:1833} INFO - Sync 1 DAGs
[2023-02-16 21:16:21,485] {logging_mixin.py:104} INFO - [2023-02-16 21:16:21,485] {dag.py:2306} INFO - Setting next_dagrun for example_branch_operator to 2023-02-14 00:00:00+00:00
[2023-02-16 21:16:21,493] {scheduler_job.py:190} INFO - Processing /home/airflow/.local/lib/python3.6/site-packages/airflow/example_dags/example_branch_operator.py took 0.071 seconds
[2023-02-16 21:16:51,757] {scheduler_job.py:182} INFO - Started process (PID=3816) to work on /home/airflow/.local/lib/python3.6/site-packages/airflow/example_dags/example_branch_operator.py
[2023-02-16 21:16:51,758] {scheduler_job.py:633} INFO - Processing file /home/airflow/.local/lib/python3.6/site-packages/airflow/example_dags/example_branch_operator.py for tasks to queue
[2023-02-16 21:16:51,758] {logging_mixin.py:104} INFO - [2023-02-16 21:16:51,758] {dagbag.py:496} INFO - Filling up the DagBag from /home/airflow/.local/lib/python3.6/site-packages/airflow/example_dags/example_branch_operator.py
[2023-02-16 21:16:51,771] {scheduler_job.py:643} INFO - DAG(s) dict_keys(['example_branch_operator']) retrieved from /home/airflow/.local/lib/python3.6/site-packages/airflow/example_dags/example_branch_operator.py
[2023-02-16 21:16:51,790] {logging_mixin.py:104} INFO - [2023-02-16 21:16:51,790] {dag.py:1833} INFO - Sync 1 DAGs
[2023-02-16 21:16:51,807] {logging_mixin.py:104} INFO - [2023-02-16 21:16:51,807] {dag.py:2306} INFO - Setting next_dagrun for example_branch_operator to 2023-02-14 00:00:00+00:00
[2023-02-16 21:16:51,818] {scheduler_job.py:190} INFO - Processing /home/airflow/.local/lib/python3.6/site-packages/airflow/example_dags/example_branch_operator.py took 0.063 seconds
[2023-02-16 21:17:22,262] {scheduler_job.py:182} INFO - Started process (PID=3867) to work on /home/airflow/.local/lib/python3.6/site-packages/airflow/example_dags/example_branch_operator.py
[2023-02-16 21:17:22,262] {scheduler_job.py:633} INFO - Processing file /home/airflow/.local/lib/python3.6/site-packages/airflow/example_dags/example_branch_operator.py for tasks to queue
[2023-02-16 21:17:22,263] {logging_mixin.py:104} INFO - [2023-02-16 21:17:22,263] {dagbag.py:496} INFO - Filling up the DagBag from /home/airflow/.local/lib/python3.6/site-packages/airflow/example_dags/example_branch_operator.py
[2023-02-16 21:17:22,275] {scheduler_job.py:643} INFO - DAG(s) dict_keys(['example_branch_operator']) retrieved from /home/airflow/.local/lib/python3.6/site-packages/airflow/example_dags/example_branch_operator.py
[2023-02-16 21:17:22,295] {logging_mixin.py:104} INFO - [2023-02-16 21:17:22,295] {dag.py:1833} INFO - Sync 1 DAGs
[2023-02-16 21:17:22,310] {logging_mixin.py:104} INFO - [2023-02-16 21:17:22,310] {dag.py:2306} INFO - Setting next_dagrun for example_branch_operator to 2023-02-14 00:00:00+00:00
[2023-02-16 21:17:22,318] {scheduler_job.py:190} INFO - Processing /home/airflow/.local/lib/python3.6/site-packages/airflow/example_dags/example_branch_operator.py took 0.059 seconds
[2023-02-16 21:17:52,693] {scheduler_job.py:182} INFO - Started process (PID=3928) to work on /home/airflow/.local/lib/python3.6/site-packages/airflow/example_dags/example_branch_operator.py
[2023-02-16 21:17:52,694] {scheduler_job.py:633} INFO - Processing file /home/airflow/.local/lib/python3.6/site-packages/airflow/example_dags/example_branch_operator.py for tasks to queue
[2023-02-16 21:17:52,694] {logging_mixin.py:104} INFO - [2023-02-16 21:17:52,694] {dagbag.py:496} INFO - Filling up the DagBag from /home/airflow/.local/lib/python3.6/site-packages/airflow/example_dags/example_branch_operator.py
[2023-02-16 21:17:52,709] {scheduler_job.py:643} INFO - DAG(s) dict_keys(['example_branch_operator']) retrieved from /home/airflow/.local/lib/python3.6/site-packages/airflow/example_dags/example_branch_operator.py
[2023-02-16 21:17:52,732] {logging_mixin.py:104} INFO - [2023-02-16 21:17:52,731] {dag.py:1833} INFO - Sync 1 DAGs
[2023-02-16 21:17:52,750] {logging_mixin.py:104} INFO - [2023-02-16 21:17:52,750] {dag.py:2306} INFO - Setting next_dagrun for example_branch_operator to 2023-02-14 00:00:00+00:00
[2023-02-16 21:17:52,761] {scheduler_job.py:190} INFO - Processing /home/airflow/.local/lib/python3.6/site-packages/airflow/example_dags/example_branch_operator.py took 0.071 seconds
[2023-02-16 21:18:23,130] {scheduler_job.py:182} INFO - Started process (PID=3979) to work on /home/airflow/.local/lib/python3.6/site-packages/airflow/example_dags/example_branch_operator.py
[2023-02-16 21:18:23,131] {scheduler_job.py:633} INFO - Processing file /home/airflow/.local/lib/python3.6/site-packages/airflow/example_dags/example_branch_operator.py for tasks to queue
[2023-02-16 21:18:23,132] {logging_mixin.py:104} INFO - [2023-02-16 21:18:23,132] {dagbag.py:496} INFO - Filling up the DagBag from /home/airflow/.local/lib/python3.6/site-packages/airflow/example_dags/example_branch_operator.py
[2023-02-16 21:18:23,143] {scheduler_job.py:643} INFO - DAG(s) dict_keys(['example_branch_operator']) retrieved from /home/airflow/.local/lib/python3.6/site-packages/airflow/example_dags/example_branch_operator.py
[2023-02-16 21:18:23,162] {logging_mixin.py:104} INFO - [2023-02-16 21:18:23,162] {dag.py:1833} INFO - Sync 1 DAGs
[2023-02-16 21:18:23,177] {logging_mixin.py:104} INFO - [2023-02-16 21:18:23,176] {dag.py:2306} INFO - Setting next_dagrun for example_branch_operator to 2023-02-14 00:00:00+00:00
[2023-02-16 21:18:23,184] {scheduler_job.py:190} INFO - Processing /home/airflow/.local/lib/python3.6/site-packages/airflow/example_dags/example_branch_operator.py took 0.056 seconds
[2023-02-16 21:18:53,438] {scheduler_job.py:182} INFO - Started process (PID=4040) to work on /home/airflow/.local/lib/python3.6/site-packages/airflow/example_dags/example_branch_operator.py
[2023-02-16 21:18:53,439] {scheduler_job.py:633} INFO - Processing file /home/airflow/.local/lib/python3.6/site-packages/airflow/example_dags/example_branch_operator.py for tasks to queue
[2023-02-16 21:18:53,440] {logging_mixin.py:104} INFO - [2023-02-16 21:18:53,440] {dagbag.py:496} INFO - Filling up the DagBag from /home/airflow/.local/lib/python3.6/site-packages/airflow/example_dags/example_branch_operator.py
[2023-02-16 21:18:53,453] {scheduler_job.py:643} INFO - DAG(s) dict_keys(['example_branch_operator']) retrieved from /home/airflow/.local/lib/python3.6/site-packages/airflow/example_dags/example_branch_operator.py
[2023-02-16 21:18:53,472] {logging_mixin.py:104} INFO - [2023-02-16 21:18:53,472] {dag.py:1833} INFO - Sync 1 DAGs
[2023-02-16 21:18:53,488] {logging_mixin.py:104} INFO - [2023-02-16 21:18:53,488] {dag.py:2306} INFO - Setting next_dagrun for example_branch_operator to 2023-02-14 00:00:00+00:00
[2023-02-16 21:18:53,497] {scheduler_job.py:190} INFO - Processing /home/airflow/.local/lib/python3.6/site-packages/airflow/example_dags/example_branch_operator.py took 0.061 seconds
[2023-02-16 21:19:23,884] {scheduler_job.py:182} INFO - Started process (PID=4091) to work on /home/airflow/.local/lib/python3.6/site-packages/airflow/example_dags/example_branch_operator.py
[2023-02-16 21:19:23,885] {scheduler_job.py:633} INFO - Processing file /home/airflow/.local/lib/python3.6/site-packages/airflow/example_dags/example_branch_operator.py for tasks to queue
[2023-02-16 21:19:23,886] {logging_mixin.py:104} INFO - [2023-02-16 21:19:23,885] {dagbag.py:496} INFO - Filling up the DagBag from /home/airflow/.local/lib/python3.6/site-packages/airflow/example_dags/example_branch_operator.py
[2023-02-16 21:19:23,899] {scheduler_job.py:643} INFO - DAG(s) dict_keys(['example_branch_operator']) retrieved from /home/airflow/.local/lib/python3.6/site-packages/airflow/example_dags/example_branch_operator.py
[2023-02-16 21:19:23,933] {logging_mixin.py:104} INFO - [2023-02-16 21:19:23,932] {dag.py:1833} INFO - Sync 1 DAGs
[2023-02-16 21:19:23,949] {logging_mixin.py:104} INFO - [2023-02-16 21:19:23,949] {dag.py:2306} INFO - Setting next_dagrun for example_branch_operator to 2023-02-14 00:00:00+00:00
[2023-02-16 21:19:23,958] {scheduler_job.py:190} INFO - Processing /home/airflow/.local/lib/python3.6/site-packages/airflow/example_dags/example_branch_operator.py took 0.077 seconds
[2023-02-16 21:19:54,355] {scheduler_job.py:182} INFO - Started process (PID=4152) to work on /home/airflow/.local/lib/python3.6/site-packages/airflow/example_dags/example_branch_operator.py
[2023-02-16 21:19:54,356] {scheduler_job.py:633} INFO - Processing file /home/airflow/.local/lib/python3.6/site-packages/airflow/example_dags/example_branch_operator.py for tasks to queue
[2023-02-16 21:19:54,356] {logging_mixin.py:104} INFO - [2023-02-16 21:19:54,356] {dagbag.py:496} INFO - Filling up the DagBag from /home/airflow/.local/lib/python3.6/site-packages/airflow/example_dags/example_branch_operator.py
[2023-02-16 21:19:54,369] {scheduler_job.py:643} INFO - DAG(s) dict_keys(['example_branch_operator']) retrieved from /home/airflow/.local/lib/python3.6/site-packages/airflow/example_dags/example_branch_operator.py
[2023-02-16 21:19:54,388] {logging_mixin.py:104} INFO - [2023-02-16 21:19:54,388] {dag.py:1833} INFO - Sync 1 DAGs
[2023-02-16 21:19:54,404] {logging_mixin.py:104} INFO - [2023-02-16 21:19:54,404] {dag.py:2306} INFO - Setting next_dagrun for example_branch_operator to 2023-02-14 00:00:00+00:00
[2023-02-16 21:19:54,413] {scheduler_job.py:190} INFO - Processing /home/airflow/.local/lib/python3.6/site-packages/airflow/example_dags/example_branch_operator.py took 0.061 seconds
[2023-02-16 21:20:24,902] {scheduler_job.py:182} INFO - Started process (PID=4203) to work on /home/airflow/.local/lib/python3.6/site-packages/airflow/example_dags/example_branch_operator.py
[2023-02-16 21:20:24,903] {scheduler_job.py:633} INFO - Processing file /home/airflow/.local/lib/python3.6/site-packages/airflow/example_dags/example_branch_operator.py for tasks to queue
[2023-02-16 21:20:24,904] {logging_mixin.py:104} INFO - [2023-02-16 21:20:24,903] {dagbag.py:496} INFO - Filling up the DagBag from /home/airflow/.local/lib/python3.6/site-packages/airflow/example_dags/example_branch_operator.py
[2023-02-16 21:20:24,919] {scheduler_job.py:643} INFO - DAG(s) dict_keys(['example_branch_operator']) retrieved from /home/airflow/.local/lib/python3.6/site-packages/airflow/example_dags/example_branch_operator.py
[2023-02-16 21:20:24,939] {logging_mixin.py:104} INFO - [2023-02-16 21:20:24,939] {dag.py:1833} INFO - Sync 1 DAGs
[2023-02-16 21:20:24,958] {logging_mixin.py:104} INFO - [2023-02-16 21:20:24,958] {dag.py:2306} INFO - Setting next_dagrun for example_branch_operator to 2023-02-14 00:00:00+00:00
[2023-02-16 21:20:24,968] {scheduler_job.py:190} INFO - Processing /home/airflow/.local/lib/python3.6/site-packages/airflow/example_dags/example_branch_operator.py took 0.071 seconds
[2023-02-16 21:20:55,403] {scheduler_job.py:182} INFO - Started process (PID=4264) to work on /home/airflow/.local/lib/python3.6/site-packages/airflow/example_dags/example_branch_operator.py
[2023-02-16 21:20:55,404] {scheduler_job.py:633} INFO - Processing file /home/airflow/.local/lib/python3.6/site-packages/airflow/example_dags/example_branch_operator.py for tasks to queue
[2023-02-16 21:20:55,404] {logging_mixin.py:104} INFO - [2023-02-16 21:20:55,404] {dagbag.py:496} INFO - Filling up the DagBag from /home/airflow/.local/lib/python3.6/site-packages/airflow/example_dags/example_branch_operator.py
[2023-02-16 21:20:55,419] {scheduler_job.py:643} INFO - DAG(s) dict_keys(['example_branch_operator']) retrieved from /home/airflow/.local/lib/python3.6/site-packages/airflow/example_dags/example_branch_operator.py
[2023-02-16 21:20:55,445] {logging_mixin.py:104} INFO - [2023-02-16 21:20:55,445] {dag.py:1833} INFO - Sync 1 DAGs
[2023-02-16 21:20:55,461] {logging_mixin.py:104} INFO - [2023-02-16 21:20:55,461] {dag.py:2306} INFO - Setting next_dagrun for example_branch_operator to 2023-02-14 00:00:00+00:00
[2023-02-16 21:20:55,470] {scheduler_job.py:190} INFO - Processing /home/airflow/.local/lib/python3.6/site-packages/airflow/example_dags/example_branch_operator.py took 0.070 seconds
[2023-02-16 21:21:25,522] {scheduler_job.py:182} INFO - Started process (PID=4315) to work on /home/airflow/.local/lib/python3.6/site-packages/airflow/example_dags/example_branch_operator.py
[2023-02-16 21:21:25,523] {scheduler_job.py:633} INFO - Processing file /home/airflow/.local/lib/python3.6/site-packages/airflow/example_dags/example_branch_operator.py for tasks to queue
[2023-02-16 21:21:25,524] {logging_mixin.py:104} INFO - [2023-02-16 21:21:25,524] {dagbag.py:496} INFO - Filling up the DagBag from /home/airflow/.local/lib/python3.6/site-packages/airflow/example_dags/example_branch_operator.py
[2023-02-16 21:21:25,539] {scheduler_job.py:643} INFO - DAG(s) dict_keys(['example_branch_operator']) retrieved from /home/airflow/.local/lib/python3.6/site-packages/airflow/example_dags/example_branch_operator.py
[2023-02-16 21:21:25,563] {logging_mixin.py:104} INFO - [2023-02-16 21:21:25,563] {dag.py:1833} INFO - Sync 1 DAGs
[2023-02-16 21:21:25,583] {logging_mixin.py:104} INFO - [2023-02-16 21:21:25,583] {dag.py:2306} INFO - Setting next_dagrun for example_branch_operator to 2023-02-14 00:00:00+00:00
[2023-02-16 21:21:25,593] {scheduler_job.py:190} INFO - Processing /home/airflow/.local/lib/python3.6/site-packages/airflow/example_dags/example_branch_operator.py took 0.074 seconds
[2023-02-16 21:21:56,287] {scheduler_job.py:182} INFO - Started process (PID=4376) to work on /home/airflow/.local/lib/python3.6/site-packages/airflow/example_dags/example_branch_operator.py
[2023-02-16 21:21:56,288] {scheduler_job.py:633} INFO - Processing file /home/airflow/.local/lib/python3.6/site-packages/airflow/example_dags/example_branch_operator.py for tasks to queue
[2023-02-16 21:21:56,288] {logging_mixin.py:104} INFO - [2023-02-16 21:21:56,288] {dagbag.py:496} INFO - Filling up the DagBag from /home/airflow/.local/lib/python3.6/site-packages/airflow/example_dags/example_branch_operator.py
[2023-02-16 21:21:56,302] {scheduler_job.py:643} INFO - DAG(s) dict_keys(['example_branch_operator']) retrieved from /home/airflow/.local/lib/python3.6/site-packages/airflow/example_dags/example_branch_operator.py
[2023-02-16 21:21:56,322] {logging_mixin.py:104} INFO - [2023-02-16 21:21:56,321] {dag.py:1833} INFO - Sync 1 DAGs
[2023-02-16 21:21:56,337] {logging_mixin.py:104} INFO - [2023-02-16 21:21:56,337] {dag.py:2306} INFO - Setting next_dagrun for example_branch_operator to 2023-02-14 00:00:00+00:00
[2023-02-16 21:21:56,346] {scheduler_job.py:190} INFO - Processing /home/airflow/.local/lib/python3.6/site-packages/airflow/example_dags/example_branch_operator.py took 0.062 seconds
[2023-02-16 21:22:26,620] {scheduler_job.py:182} INFO - Started process (PID=4427) to work on /home/airflow/.local/lib/python3.6/site-packages/airflow/example_dags/example_branch_operator.py
[2023-02-16 21:22:26,621] {scheduler_job.py:633} INFO - Processing file /home/airflow/.local/lib/python3.6/site-packages/airflow/example_dags/example_branch_operator.py for tasks to queue
[2023-02-16 21:22:26,622] {logging_mixin.py:104} INFO - [2023-02-16 21:22:26,621] {dagbag.py:496} INFO - Filling up the DagBag from /home/airflow/.local/lib/python3.6/site-packages/airflow/example_dags/example_branch_operator.py
[2023-02-16 21:22:26,639] {scheduler_job.py:643} INFO - DAG(s) dict_keys(['example_branch_operator']) retrieved from /home/airflow/.local/lib/python3.6/site-packages/airflow/example_dags/example_branch_operator.py
[2023-02-16 21:22:26,668] {logging_mixin.py:104} INFO - [2023-02-16 21:22:26,667] {dag.py:1833} INFO - Sync 1 DAGs
[2023-02-16 21:22:26,689] {logging_mixin.py:104} INFO - [2023-02-16 21:22:26,689] {dag.py:2306} INFO - Setting next_dagrun for example_branch_operator to 2023-02-14 00:00:00+00:00
[2023-02-16 21:22:26,703] {scheduler_job.py:190} INFO - Processing /home/airflow/.local/lib/python3.6/site-packages/airflow/example_dags/example_branch_operator.py took 0.087 seconds
