[2023-02-16 20:47:26,624] {scheduler_job.py:182} INFO - Started process (PID=420) to work on /home/airflow/.local/lib/python3.6/site-packages/airflow/example_dags/example_subdag_operator.py
[2023-02-16 20:47:26,625] {scheduler_job.py:633} INFO - Processing file /home/airflow/.local/lib/python3.6/site-packages/airflow/example_dags/example_subdag_operator.py for tasks to queue
[2023-02-16 20:47:26,626] {logging_mixin.py:104} INFO - [2023-02-16 20:47:26,626] {dagbag.py:496} INFO - Filling up the DagBag from /home/airflow/.local/lib/python3.6/site-packages/airflow/example_dags/example_subdag_operator.py
[2023-02-16 20:47:26,659] {scheduler_job.py:643} INFO - DAG(s) dict_keys(['example_subdag_operator.section-1', 'example_subdag_operator.section-2', 'example_subdag_operator']) retrieved from /home/airflow/.local/lib/python3.6/site-packages/airflow/example_dags/example_subdag_operator.py
[2023-02-16 20:47:30,109] {logging_mixin.py:104} INFO - [2023-02-16 20:47:30,109] {dag.py:1833} INFO - Sync 3 DAGs
[2023-02-16 20:47:30,121] {logging_mixin.py:104} INFO - [2023-02-16 20:47:30,120] {dag.py:1852} INFO - Creating ORM DAG for example_subdag_operator.section-1
[2023-02-16 20:47:30,121] {logging_mixin.py:104} INFO - [2023-02-16 20:47:30,121] {dag.py:1852} INFO - Creating ORM DAG for example_subdag_operator
[2023-02-16 20:47:30,122] {logging_mixin.py:104} INFO - [2023-02-16 20:47:30,122] {dag.py:1852} INFO - Creating ORM DAG for example_subdag_operator.section-2
[2023-02-16 20:47:30,126] {logging_mixin.py:104} INFO - [2023-02-16 20:47:30,126] {dag.py:2306} INFO - Setting next_dagrun for example_subdag_operator to 2023-02-14 00:00:00+00:00
[2023-02-16 20:47:30,127] {logging_mixin.py:104} INFO - [2023-02-16 20:47:30,127] {dag.py:2306} INFO - Setting next_dagrun for example_subdag_operator.section-1 to None
[2023-02-16 20:47:30,127] {logging_mixin.py:104} INFO - [2023-02-16 20:47:30,127] {dag.py:2306} INFO - Setting next_dagrun for example_subdag_operator.section-2 to None
[2023-02-16 20:47:30,136] {logging_mixin.py:104} INFO - [2023-02-16 20:47:30,136] {dag.py:1833} INFO - Sync 2 DAGs
[2023-02-16 20:47:30,183] {logging_mixin.py:104} INFO - [2023-02-16 20:47:30,183] {dag.py:2306} INFO - Setting next_dagrun for example_subdag_operator.section-1 to None
[2023-02-16 20:47:30,183] {logging_mixin.py:104} INFO - [2023-02-16 20:47:30,183] {dag.py:2306} INFO - Setting next_dagrun for example_subdag_operator.section-2 to None
[2023-02-16 20:47:30,192] {scheduler_job.py:190} INFO - Processing /home/airflow/.local/lib/python3.6/site-packages/airflow/example_dags/example_subdag_operator.py took 3.571 seconds
[2023-02-16 20:48:00,275] {scheduler_job.py:182} INFO - Started process (PID=672) to work on /home/airflow/.local/lib/python3.6/site-packages/airflow/example_dags/example_subdag_operator.py
[2023-02-16 20:48:00,276] {scheduler_job.py:633} INFO - Processing file /home/airflow/.local/lib/python3.6/site-packages/airflow/example_dags/example_subdag_operator.py for tasks to queue
[2023-02-16 20:48:00,276] {logging_mixin.py:104} INFO - [2023-02-16 20:48:00,276] {dagbag.py:496} INFO - Filling up the DagBag from /home/airflow/.local/lib/python3.6/site-packages/airflow/example_dags/example_subdag_operator.py
[2023-02-16 20:48:00,303] {scheduler_job.py:643} INFO - DAG(s) dict_keys(['example_subdag_operator.section-1', 'example_subdag_operator.section-2', 'example_subdag_operator']) retrieved from /home/airflow/.local/lib/python3.6/site-packages/airflow/example_dags/example_subdag_operator.py
[2023-02-16 20:48:00,314] {logging_mixin.py:104} INFO - [2023-02-16 20:48:00,314] {dag.py:1833} INFO - Sync 3 DAGs
[2023-02-16 20:48:00,327] {logging_mixin.py:104} INFO - [2023-02-16 20:48:00,327] {dag.py:2306} INFO - Setting next_dagrun for example_subdag_operator to 2023-02-14 00:00:00+00:00
[2023-02-16 20:48:00,328] {logging_mixin.py:104} INFO - [2023-02-16 20:48:00,328] {dag.py:2306} INFO - Setting next_dagrun for example_subdag_operator.section-1 to None
[2023-02-16 20:48:00,328] {logging_mixin.py:104} INFO - [2023-02-16 20:48:00,328] {dag.py:2306} INFO - Setting next_dagrun for example_subdag_operator.section-2 to None
[2023-02-16 20:48:00,334] {logging_mixin.py:104} INFO - [2023-02-16 20:48:00,334] {dag.py:1833} INFO - Sync 2 DAGs
[2023-02-16 20:48:00,340] {logging_mixin.py:104} INFO - [2023-02-16 20:48:00,340] {dag.py:2306} INFO - Setting next_dagrun for example_subdag_operator.section-1 to None
[2023-02-16 20:48:00,340] {logging_mixin.py:104} INFO - [2023-02-16 20:48:00,340] {dag.py:2306} INFO - Setting next_dagrun for example_subdag_operator.section-2 to None
[2023-02-16 20:48:00,346] {scheduler_job.py:190} INFO - Processing /home/airflow/.local/lib/python3.6/site-packages/airflow/example_dags/example_subdag_operator.py took 0.073 seconds
