[2023-02-16 20:46:09,987] {scheduler_job.py:182} INFO - Started process (PID=73) to work on /home/airflow/.local/lib/python3.6/site-packages/airflow/example_dags/example_branch_datetime_operator.py
[2023-02-16 20:46:09,988] {scheduler_job.py:633} INFO - Processing file /home/airflow/.local/lib/python3.6/site-packages/airflow/example_dags/example_branch_datetime_operator.py for tasks to queue
[2023-02-16 20:46:09,989] {logging_mixin.py:104} INFO - [2023-02-16 20:46:09,988] {dagbag.py:496} INFO - Filling up the DagBag from /home/airflow/.local/lib/python3.6/site-packages/airflow/example_dags/example_branch_datetime_operator.py
[2023-02-16 20:46:10,086] {scheduler_job.py:643} INFO - DAG(s) dict_keys(['example_branch_datetime_operator_2']) retrieved from /home/airflow/.local/lib/python3.6/site-packages/airflow/example_dags/example_branch_datetime_operator.py
[2023-02-16 20:46:35,591] {logging_mixin.py:104} INFO - [2023-02-16 20:46:35,590] {dag.py:1833} INFO - Sync 1 DAGs
[2023-02-16 20:46:35,687] {logging_mixin.py:104} INFO - [2023-02-16 20:46:35,686] {dag.py:1852} INFO - Creating ORM DAG for example_branch_datetime_operator_2
[2023-02-16 20:46:35,697] {logging_mixin.py:104} INFO - [2023-02-16 20:46:35,696] {dag.py:2306} INFO - Setting next_dagrun for example_branch_datetime_operator_2 to 2023-02-14 00:00:00+00:00
[2023-02-16 20:46:35,798] {scheduler_job.py:190} INFO - Processing /home/airflow/.local/lib/python3.6/site-packages/airflow/example_dags/example_branch_datetime_operator.py took 25.813 seconds
[2023-02-16 20:47:52,894] {scheduler_job.py:182} INFO - Started process (PID=646) to work on /home/airflow/.local/lib/python3.6/site-packages/airflow/example_dags/example_branch_datetime_operator.py
[2023-02-16 20:47:52,895] {scheduler_job.py:633} INFO - Processing file /home/airflow/.local/lib/python3.6/site-packages/airflow/example_dags/example_branch_datetime_operator.py for tasks to queue
[2023-02-16 20:47:52,895] {logging_mixin.py:104} INFO - [2023-02-16 20:47:52,895] {dagbag.py:496} INFO - Filling up the DagBag from /home/airflow/.local/lib/python3.6/site-packages/airflow/example_dags/example_branch_datetime_operator.py
[2023-02-16 20:47:52,909] {scheduler_job.py:643} INFO - DAG(s) dict_keys(['example_branch_datetime_operator_2']) retrieved from /home/airflow/.local/lib/python3.6/site-packages/airflow/example_dags/example_branch_datetime_operator.py
[2023-02-16 20:47:52,928] {logging_mixin.py:104} INFO - [2023-02-16 20:47:52,928] {dag.py:1833} INFO - Sync 1 DAGs
[2023-02-16 20:47:52,986] {logging_mixin.py:104} INFO - [2023-02-16 20:47:52,986] {dag.py:2306} INFO - Setting next_dagrun for example_branch_datetime_operator_2 to 2023-02-14 00:00:00+00:00
[2023-02-16 20:47:52,998] {scheduler_job.py:190} INFO - Processing /home/airflow/.local/lib/python3.6/site-packages/airflow/example_dags/example_branch_datetime_operator.py took 0.107 seconds
[2023-02-16 20:48:23,043] {scheduler_job.py:182} INFO - Started process (PID=697) to work on /home/airflow/.local/lib/python3.6/site-packages/airflow/example_dags/example_branch_datetime_operator.py
[2023-02-16 20:48:23,044] {scheduler_job.py:633} INFO - Processing file /home/airflow/.local/lib/python3.6/site-packages/airflow/example_dags/example_branch_datetime_operator.py for tasks to queue
[2023-02-16 20:48:23,045] {logging_mixin.py:104} INFO - [2023-02-16 20:48:23,045] {dagbag.py:496} INFO - Filling up the DagBag from /home/airflow/.local/lib/python3.6/site-packages/airflow/example_dags/example_branch_datetime_operator.py
[2023-02-16 20:48:23,055] {scheduler_job.py:643} INFO - DAG(s) dict_keys(['example_branch_datetime_operator_2']) retrieved from /home/airflow/.local/lib/python3.6/site-packages/airflow/example_dags/example_branch_datetime_operator.py
[2023-02-16 20:48:23,076] {logging_mixin.py:104} INFO - [2023-02-16 20:48:23,076] {dag.py:1833} INFO - Sync 1 DAGs
[2023-02-16 20:48:23,096] {logging_mixin.py:104} INFO - [2023-02-16 20:48:23,096] {dag.py:2306} INFO - Setting next_dagrun for example_branch_datetime_operator_2 to 2023-02-14 00:00:00+00:00
[2023-02-16 20:48:23,108] {scheduler_job.py:190} INFO - Processing /home/airflow/.local/lib/python3.6/site-packages/airflow/example_dags/example_branch_datetime_operator.py took 0.067 seconds
[2023-02-16 20:48:53,224] {scheduler_job.py:182} INFO - Started process (PID=757) to work on /home/airflow/.local/lib/python3.6/site-packages/airflow/example_dags/example_branch_datetime_operator.py
[2023-02-16 20:48:53,225] {scheduler_job.py:633} INFO - Processing file /home/airflow/.local/lib/python3.6/site-packages/airflow/example_dags/example_branch_datetime_operator.py for tasks to queue
[2023-02-16 20:48:53,225] {logging_mixin.py:104} INFO - [2023-02-16 20:48:53,225] {dagbag.py:496} INFO - Filling up the DagBag from /home/airflow/.local/lib/python3.6/site-packages/airflow/example_dags/example_branch_datetime_operator.py
[2023-02-16 20:48:53,236] {scheduler_job.py:643} INFO - DAG(s) dict_keys(['example_branch_datetime_operator_2']) retrieved from /home/airflow/.local/lib/python3.6/site-packages/airflow/example_dags/example_branch_datetime_operator.py
[2023-02-16 20:48:53,265] {logging_mixin.py:104} INFO - [2023-02-16 20:48:53,265] {dag.py:1833} INFO - Sync 1 DAGs
[2023-02-16 20:48:53,280] {logging_mixin.py:104} INFO - [2023-02-16 20:48:53,280] {dag.py:2306} INFO - Setting next_dagrun for example_branch_datetime_operator_2 to 2023-02-14 00:00:00+00:00
[2023-02-16 20:48:53,289] {scheduler_job.py:190} INFO - Processing /home/airflow/.local/lib/python3.6/site-packages/airflow/example_dags/example_branch_datetime_operator.py took 0.068 seconds
[2023-02-16 20:49:24,093] {scheduler_job.py:182} INFO - Started process (PID=807) to work on /home/airflow/.local/lib/python3.6/site-packages/airflow/example_dags/example_branch_datetime_operator.py
[2023-02-16 20:49:24,094] {scheduler_job.py:633} INFO - Processing file /home/airflow/.local/lib/python3.6/site-packages/airflow/example_dags/example_branch_datetime_operator.py for tasks to queue
[2023-02-16 20:49:24,094] {logging_mixin.py:104} INFO - [2023-02-16 20:49:24,094] {dagbag.py:496} INFO - Filling up the DagBag from /home/airflow/.local/lib/python3.6/site-packages/airflow/example_dags/example_branch_datetime_operator.py
[2023-02-16 20:49:24,105] {scheduler_job.py:643} INFO - DAG(s) dict_keys(['example_branch_datetime_operator_2']) retrieved from /home/airflow/.local/lib/python3.6/site-packages/airflow/example_dags/example_branch_datetime_operator.py
[2023-02-16 20:49:24,126] {logging_mixin.py:104} INFO - [2023-02-16 20:49:24,126] {dag.py:1833} INFO - Sync 1 DAGs
[2023-02-16 20:49:24,142] {logging_mixin.py:104} INFO - [2023-02-16 20:49:24,142] {dag.py:2306} INFO - Setting next_dagrun for example_branch_datetime_operator_2 to 2023-02-14 00:00:00+00:00
[2023-02-16 20:49:24,150] {scheduler_job.py:190} INFO - Processing /home/airflow/.local/lib/python3.6/site-packages/airflow/example_dags/example_branch_datetime_operator.py took 0.060 seconds
[2023-02-16 20:49:54,524] {scheduler_job.py:182} INFO - Started process (PID=868) to work on /home/airflow/.local/lib/python3.6/site-packages/airflow/example_dags/example_branch_datetime_operator.py
[2023-02-16 20:49:54,524] {scheduler_job.py:633} INFO - Processing file /home/airflow/.local/lib/python3.6/site-packages/airflow/example_dags/example_branch_datetime_operator.py for tasks to queue
[2023-02-16 20:49:54,525] {logging_mixin.py:104} INFO - [2023-02-16 20:49:54,525] {dagbag.py:496} INFO - Filling up the DagBag from /home/airflow/.local/lib/python3.6/site-packages/airflow/example_dags/example_branch_datetime_operator.py
[2023-02-16 20:49:54,535] {scheduler_job.py:643} INFO - DAG(s) dict_keys(['example_branch_datetime_operator_2']) retrieved from /home/airflow/.local/lib/python3.6/site-packages/airflow/example_dags/example_branch_datetime_operator.py
[2023-02-16 20:49:54,556] {logging_mixin.py:104} INFO - [2023-02-16 20:49:54,556] {dag.py:1833} INFO - Sync 1 DAGs
[2023-02-16 20:49:54,571] {logging_mixin.py:104} INFO - [2023-02-16 20:49:54,571] {dag.py:2306} INFO - Setting next_dagrun for example_branch_datetime_operator_2 to 2023-02-14 00:00:00+00:00
[2023-02-16 20:49:54,579] {scheduler_job.py:190} INFO - Processing /home/airflow/.local/lib/python3.6/site-packages/airflow/example_dags/example_branch_datetime_operator.py took 0.058 seconds
[2023-02-16 20:50:25,244] {scheduler_job.py:182} INFO - Started process (PID=919) to work on /home/airflow/.local/lib/python3.6/site-packages/airflow/example_dags/example_branch_datetime_operator.py
[2023-02-16 20:50:25,245] {scheduler_job.py:633} INFO - Processing file /home/airflow/.local/lib/python3.6/site-packages/airflow/example_dags/example_branch_datetime_operator.py for tasks to queue
[2023-02-16 20:50:25,246] {logging_mixin.py:104} INFO - [2023-02-16 20:50:25,246] {dagbag.py:496} INFO - Filling up the DagBag from /home/airflow/.local/lib/python3.6/site-packages/airflow/example_dags/example_branch_datetime_operator.py
[2023-02-16 20:50:25,255] {scheduler_job.py:643} INFO - DAG(s) dict_keys(['example_branch_datetime_operator_2']) retrieved from /home/airflow/.local/lib/python3.6/site-packages/airflow/example_dags/example_branch_datetime_operator.py
[2023-02-16 20:50:25,273] {logging_mixin.py:104} INFO - [2023-02-16 20:50:25,273] {dag.py:1833} INFO - Sync 1 DAGs
[2023-02-16 20:50:25,290] {logging_mixin.py:104} INFO - [2023-02-16 20:50:25,290] {dag.py:2306} INFO - Setting next_dagrun for example_branch_datetime_operator_2 to 2023-02-14 00:00:00+00:00
[2023-02-16 20:50:25,298] {scheduler_job.py:190} INFO - Processing /home/airflow/.local/lib/python3.6/site-packages/airflow/example_dags/example_branch_datetime_operator.py took 0.057 seconds
[2023-02-16 20:50:55,411] {scheduler_job.py:182} INFO - Started process (PID=981) to work on /home/airflow/.local/lib/python3.6/site-packages/airflow/example_dags/example_branch_datetime_operator.py
[2023-02-16 20:50:55,412] {scheduler_job.py:633} INFO - Processing file /home/airflow/.local/lib/python3.6/site-packages/airflow/example_dags/example_branch_datetime_operator.py for tasks to queue
[2023-02-16 20:50:55,413] {logging_mixin.py:104} INFO - [2023-02-16 20:50:55,413] {dagbag.py:496} INFO - Filling up the DagBag from /home/airflow/.local/lib/python3.6/site-packages/airflow/example_dags/example_branch_datetime_operator.py
[2023-02-16 20:50:55,424] {scheduler_job.py:643} INFO - DAG(s) dict_keys(['example_branch_datetime_operator_2']) retrieved from /home/airflow/.local/lib/python3.6/site-packages/airflow/example_dags/example_branch_datetime_operator.py
[2023-02-16 20:50:55,443] {logging_mixin.py:104} INFO - [2023-02-16 20:50:55,442] {dag.py:1833} INFO - Sync 1 DAGs
[2023-02-16 20:50:55,458] {logging_mixin.py:104} INFO - [2023-02-16 20:50:55,458] {dag.py:2306} INFO - Setting next_dagrun for example_branch_datetime_operator_2 to 2023-02-14 00:00:00+00:00
[2023-02-16 20:50:55,466] {scheduler_job.py:190} INFO - Processing /home/airflow/.local/lib/python3.6/site-packages/airflow/example_dags/example_branch_datetime_operator.py took 0.057 seconds
[2023-02-16 20:51:25,830] {scheduler_job.py:182} INFO - Started process (PID=1032) to work on /home/airflow/.local/lib/python3.6/site-packages/airflow/example_dags/example_branch_datetime_operator.py
[2023-02-16 20:51:25,831] {scheduler_job.py:633} INFO - Processing file /home/airflow/.local/lib/python3.6/site-packages/airflow/example_dags/example_branch_datetime_operator.py for tasks to queue
[2023-02-16 20:51:25,831] {logging_mixin.py:104} INFO - [2023-02-16 20:51:25,831] {dagbag.py:496} INFO - Filling up the DagBag from /home/airflow/.local/lib/python3.6/site-packages/airflow/example_dags/example_branch_datetime_operator.py
[2023-02-16 20:51:25,843] {scheduler_job.py:643} INFO - DAG(s) dict_keys(['example_branch_datetime_operator_2']) retrieved from /home/airflow/.local/lib/python3.6/site-packages/airflow/example_dags/example_branch_datetime_operator.py
[2023-02-16 20:51:25,861] {logging_mixin.py:104} INFO - [2023-02-16 20:51:25,861] {dag.py:1833} INFO - Sync 1 DAGs
[2023-02-16 20:51:25,878] {logging_mixin.py:104} INFO - [2023-02-16 20:51:25,878] {dag.py:2306} INFO - Setting next_dagrun for example_branch_datetime_operator_2 to 2023-02-14 00:00:00+00:00
[2023-02-16 20:51:25,886] {scheduler_job.py:190} INFO - Processing /home/airflow/.local/lib/python3.6/site-packages/airflow/example_dags/example_branch_datetime_operator.py took 0.059 seconds
[2023-02-16 20:51:56,353] {scheduler_job.py:182} INFO - Started process (PID=1093) to work on /home/airflow/.local/lib/python3.6/site-packages/airflow/example_dags/example_branch_datetime_operator.py
[2023-02-16 20:51:56,354] {scheduler_job.py:633} INFO - Processing file /home/airflow/.local/lib/python3.6/site-packages/airflow/example_dags/example_branch_datetime_operator.py for tasks to queue
[2023-02-16 20:51:56,355] {logging_mixin.py:104} INFO - [2023-02-16 20:51:56,354] {dagbag.py:496} INFO - Filling up the DagBag from /home/airflow/.local/lib/python3.6/site-packages/airflow/example_dags/example_branch_datetime_operator.py
[2023-02-16 20:51:56,367] {scheduler_job.py:643} INFO - DAG(s) dict_keys(['example_branch_datetime_operator_2']) retrieved from /home/airflow/.local/lib/python3.6/site-packages/airflow/example_dags/example_branch_datetime_operator.py
[2023-02-16 20:51:56,397] {logging_mixin.py:104} INFO - [2023-02-16 20:51:56,397] {dag.py:1833} INFO - Sync 1 DAGs
[2023-02-16 20:51:56,416] {logging_mixin.py:104} INFO - [2023-02-16 20:51:56,416] {dag.py:2306} INFO - Setting next_dagrun for example_branch_datetime_operator_2 to 2023-02-14 00:00:00+00:00
[2023-02-16 20:51:56,426] {scheduler_job.py:190} INFO - Processing /home/airflow/.local/lib/python3.6/site-packages/airflow/example_dags/example_branch_datetime_operator.py took 0.076 seconds
[2023-02-16 20:52:26,914] {scheduler_job.py:182} INFO - Started process (PID=1144) to work on /home/airflow/.local/lib/python3.6/site-packages/airflow/example_dags/example_branch_datetime_operator.py
[2023-02-16 20:52:26,915] {scheduler_job.py:633} INFO - Processing file /home/airflow/.local/lib/python3.6/site-packages/airflow/example_dags/example_branch_datetime_operator.py for tasks to queue
[2023-02-16 20:52:26,916] {logging_mixin.py:104} INFO - [2023-02-16 20:52:26,916] {dagbag.py:496} INFO - Filling up the DagBag from /home/airflow/.local/lib/python3.6/site-packages/airflow/example_dags/example_branch_datetime_operator.py
[2023-02-16 20:52:26,929] {scheduler_job.py:643} INFO - DAG(s) dict_keys(['example_branch_datetime_operator_2']) retrieved from /home/airflow/.local/lib/python3.6/site-packages/airflow/example_dags/example_branch_datetime_operator.py
[2023-02-16 20:52:26,967] {logging_mixin.py:104} INFO - [2023-02-16 20:52:26,967] {dag.py:1833} INFO - Sync 1 DAGs
[2023-02-16 20:52:26,991] {logging_mixin.py:104} INFO - [2023-02-16 20:52:26,990] {dag.py:2306} INFO - Setting next_dagrun for example_branch_datetime_operator_2 to 2023-02-14 00:00:00+00:00
[2023-02-16 20:52:27,004] {scheduler_job.py:190} INFO - Processing /home/airflow/.local/lib/python3.6/site-packages/airflow/example_dags/example_branch_datetime_operator.py took 0.093 seconds
[2023-02-16 20:52:57,198] {scheduler_job.py:182} INFO - Started process (PID=1204) to work on /home/airflow/.local/lib/python3.6/site-packages/airflow/example_dags/example_branch_datetime_operator.py
[2023-02-16 20:52:57,200] {scheduler_job.py:633} INFO - Processing file /home/airflow/.local/lib/python3.6/site-packages/airflow/example_dags/example_branch_datetime_operator.py for tasks to queue
[2023-02-16 20:52:57,202] {logging_mixin.py:104} INFO - [2023-02-16 20:52:57,201] {dagbag.py:496} INFO - Filling up the DagBag from /home/airflow/.local/lib/python3.6/site-packages/airflow/example_dags/example_branch_datetime_operator.py
[2023-02-16 20:52:57,301] {scheduler_job.py:643} INFO - DAG(s) dict_keys(['example_branch_datetime_operator_2']) retrieved from /home/airflow/.local/lib/python3.6/site-packages/airflow/example_dags/example_branch_datetime_operator.py
[2023-02-16 20:52:57,483] {logging_mixin.py:104} INFO - [2023-02-16 20:52:57,483] {dag.py:1833} INFO - Sync 1 DAGs
[2023-02-16 20:52:57,587] {logging_mixin.py:104} INFO - [2023-02-16 20:52:57,587] {dag.py:2306} INFO - Setting next_dagrun for example_branch_datetime_operator_2 to 2023-02-14 00:00:00+00:00
[2023-02-16 20:52:57,599] {scheduler_job.py:190} INFO - Processing /home/airflow/.local/lib/python3.6/site-packages/airflow/example_dags/example_branch_datetime_operator.py took 0.409 seconds
[2023-02-16 20:53:28,396] {scheduler_job.py:182} INFO - Started process (PID=1246) to work on /home/airflow/.local/lib/python3.6/site-packages/airflow/example_dags/example_branch_datetime_operator.py
[2023-02-16 20:53:28,401] {scheduler_job.py:633} INFO - Processing file /home/airflow/.local/lib/python3.6/site-packages/airflow/example_dags/example_branch_datetime_operator.py for tasks to queue
[2023-02-16 20:53:28,401] {logging_mixin.py:104} INFO - [2023-02-16 20:53:28,401] {dagbag.py:496} INFO - Filling up the DagBag from /home/airflow/.local/lib/python3.6/site-packages/airflow/example_dags/example_branch_datetime_operator.py
[2023-02-16 20:53:28,490] {scheduler_job.py:643} INFO - DAG(s) dict_keys(['example_branch_datetime_operator_2']) retrieved from /home/airflow/.local/lib/python3.6/site-packages/airflow/example_dags/example_branch_datetime_operator.py
[2023-02-16 20:53:28,685] {logging_mixin.py:104} INFO - [2023-02-16 20:53:28,685] {dag.py:1833} INFO - Sync 1 DAGs
[2023-02-16 20:53:28,787] {logging_mixin.py:104} INFO - [2023-02-16 20:53:28,787] {dag.py:2306} INFO - Setting next_dagrun for example_branch_datetime_operator_2 to 2023-02-14 00:00:00+00:00
[2023-02-16 20:53:28,803] {scheduler_job.py:190} INFO - Processing /home/airflow/.local/lib/python3.6/site-packages/airflow/example_dags/example_branch_datetime_operator.py took 0.414 seconds
[2023-02-16 20:53:58,974] {scheduler_job.py:182} INFO - Started process (PID=1297) to work on /home/airflow/.local/lib/python3.6/site-packages/airflow/example_dags/example_branch_datetime_operator.py
[2023-02-16 20:53:58,974] {scheduler_job.py:633} INFO - Processing file /home/airflow/.local/lib/python3.6/site-packages/airflow/example_dags/example_branch_datetime_operator.py for tasks to queue
[2023-02-16 20:53:58,975] {logging_mixin.py:104} INFO - [2023-02-16 20:53:58,975] {dagbag.py:496} INFO - Filling up the DagBag from /home/airflow/.local/lib/python3.6/site-packages/airflow/example_dags/example_branch_datetime_operator.py
[2023-02-16 20:53:58,985] {scheduler_job.py:643} INFO - DAG(s) dict_keys(['example_branch_datetime_operator_2']) retrieved from /home/airflow/.local/lib/python3.6/site-packages/airflow/example_dags/example_branch_datetime_operator.py
[2023-02-16 20:53:59,005] {logging_mixin.py:104} INFO - [2023-02-16 20:53:59,005] {dag.py:1833} INFO - Sync 1 DAGs
[2023-02-16 20:53:59,025] {logging_mixin.py:104} INFO - [2023-02-16 20:53:59,025] {dag.py:2306} INFO - Setting next_dagrun for example_branch_datetime_operator_2 to 2023-02-14 00:00:00+00:00
[2023-02-16 20:53:59,038] {scheduler_job.py:190} INFO - Processing /home/airflow/.local/lib/python3.6/site-packages/airflow/example_dags/example_branch_datetime_operator.py took 0.067 seconds
[2023-02-16 20:54:29,712] {scheduler_job.py:182} INFO - Started process (PID=1358) to work on /home/airflow/.local/lib/python3.6/site-packages/airflow/example_dags/example_branch_datetime_operator.py
[2023-02-16 20:54:29,713] {scheduler_job.py:633} INFO - Processing file /home/airflow/.local/lib/python3.6/site-packages/airflow/example_dags/example_branch_datetime_operator.py for tasks to queue
[2023-02-16 20:54:29,713] {logging_mixin.py:104} INFO - [2023-02-16 20:54:29,713] {dagbag.py:496} INFO - Filling up the DagBag from /home/airflow/.local/lib/python3.6/site-packages/airflow/example_dags/example_branch_datetime_operator.py
[2023-02-16 20:54:29,725] {scheduler_job.py:643} INFO - DAG(s) dict_keys(['example_branch_datetime_operator_2']) retrieved from /home/airflow/.local/lib/python3.6/site-packages/airflow/example_dags/example_branch_datetime_operator.py
[2023-02-16 20:54:29,745] {logging_mixin.py:104} INFO - [2023-02-16 20:54:29,745] {dag.py:1833} INFO - Sync 1 DAGs
[2023-02-16 20:54:29,800] {logging_mixin.py:104} INFO - [2023-02-16 20:54:29,800] {dag.py:2306} INFO - Setting next_dagrun for example_branch_datetime_operator_2 to 2023-02-14 00:00:00+00:00
[2023-02-16 20:54:29,813] {scheduler_job.py:190} INFO - Processing /home/airflow/.local/lib/python3.6/site-packages/airflow/example_dags/example_branch_datetime_operator.py took 0.104 seconds
[2023-02-16 20:55:00,238] {scheduler_job.py:182} INFO - Started process (PID=1409) to work on /home/airflow/.local/lib/python3.6/site-packages/airflow/example_dags/example_branch_datetime_operator.py
[2023-02-16 20:55:00,239] {scheduler_job.py:633} INFO - Processing file /home/airflow/.local/lib/python3.6/site-packages/airflow/example_dags/example_branch_datetime_operator.py for tasks to queue
[2023-02-16 20:55:00,240] {logging_mixin.py:104} INFO - [2023-02-16 20:55:00,239] {dagbag.py:496} INFO - Filling up the DagBag from /home/airflow/.local/lib/python3.6/site-packages/airflow/example_dags/example_branch_datetime_operator.py
[2023-02-16 20:55:00,250] {scheduler_job.py:643} INFO - DAG(s) dict_keys(['example_branch_datetime_operator_2']) retrieved from /home/airflow/.local/lib/python3.6/site-packages/airflow/example_dags/example_branch_datetime_operator.py
[2023-02-16 20:55:00,273] {logging_mixin.py:104} INFO - [2023-02-16 20:55:00,273] {dag.py:1833} INFO - Sync 1 DAGs
[2023-02-16 20:55:00,294] {logging_mixin.py:104} INFO - [2023-02-16 20:55:00,294] {dag.py:2306} INFO - Setting next_dagrun for example_branch_datetime_operator_2 to 2023-02-14 00:00:00+00:00
[2023-02-16 20:55:00,307] {scheduler_job.py:190} INFO - Processing /home/airflow/.local/lib/python3.6/site-packages/airflow/example_dags/example_branch_datetime_operator.py took 0.071 seconds
[2023-02-16 20:55:30,615] {scheduler_job.py:182} INFO - Started process (PID=1471) to work on /home/airflow/.local/lib/python3.6/site-packages/airflow/example_dags/example_branch_datetime_operator.py
[2023-02-16 20:55:30,616] {scheduler_job.py:633} INFO - Processing file /home/airflow/.local/lib/python3.6/site-packages/airflow/example_dags/example_branch_datetime_operator.py for tasks to queue
[2023-02-16 20:55:30,617] {logging_mixin.py:104} INFO - [2023-02-16 20:55:30,617] {dagbag.py:496} INFO - Filling up the DagBag from /home/airflow/.local/lib/python3.6/site-packages/airflow/example_dags/example_branch_datetime_operator.py
[2023-02-16 20:55:30,630] {scheduler_job.py:643} INFO - DAG(s) dict_keys(['example_branch_datetime_operator_2']) retrieved from /home/airflow/.local/lib/python3.6/site-packages/airflow/example_dags/example_branch_datetime_operator.py
[2023-02-16 20:55:30,657] {logging_mixin.py:104} INFO - [2023-02-16 20:55:30,657] {dag.py:1833} INFO - Sync 1 DAGs
[2023-02-16 20:55:30,679] {logging_mixin.py:104} INFO - [2023-02-16 20:55:30,678] {dag.py:2306} INFO - Setting next_dagrun for example_branch_datetime_operator_2 to 2023-02-14 00:00:00+00:00
[2023-02-16 20:55:30,689] {scheduler_job.py:190} INFO - Processing /home/airflow/.local/lib/python3.6/site-packages/airflow/example_dags/example_branch_datetime_operator.py took 0.077 seconds
[2023-02-16 20:56:01,448] {scheduler_job.py:182} INFO - Started process (PID=1522) to work on /home/airflow/.local/lib/python3.6/site-packages/airflow/example_dags/example_branch_datetime_operator.py
[2023-02-16 20:56:01,450] {scheduler_job.py:633} INFO - Processing file /home/airflow/.local/lib/python3.6/site-packages/airflow/example_dags/example_branch_datetime_operator.py for tasks to queue
[2023-02-16 20:56:01,450] {logging_mixin.py:104} INFO - [2023-02-16 20:56:01,450] {dagbag.py:496} INFO - Filling up the DagBag from /home/airflow/.local/lib/python3.6/site-packages/airflow/example_dags/example_branch_datetime_operator.py
[2023-02-16 20:56:01,464] {scheduler_job.py:643} INFO - DAG(s) dict_keys(['example_branch_datetime_operator_2']) retrieved from /home/airflow/.local/lib/python3.6/site-packages/airflow/example_dags/example_branch_datetime_operator.py
[2023-02-16 20:56:01,487] {logging_mixin.py:104} INFO - [2023-02-16 20:56:01,487] {dag.py:1833} INFO - Sync 1 DAGs
[2023-02-16 20:56:01,509] {logging_mixin.py:104} INFO - [2023-02-16 20:56:01,509] {dag.py:2306} INFO - Setting next_dagrun for example_branch_datetime_operator_2 to 2023-02-14 00:00:00+00:00
[2023-02-16 20:56:01,521] {scheduler_job.py:190} INFO - Processing /home/airflow/.local/lib/python3.6/site-packages/airflow/example_dags/example_branch_datetime_operator.py took 0.076 seconds
[2023-02-16 20:56:31,937] {scheduler_job.py:182} INFO - Started process (PID=1583) to work on /home/airflow/.local/lib/python3.6/site-packages/airflow/example_dags/example_branch_datetime_operator.py
[2023-02-16 20:56:31,938] {scheduler_job.py:633} INFO - Processing file /home/airflow/.local/lib/python3.6/site-packages/airflow/example_dags/example_branch_datetime_operator.py for tasks to queue
[2023-02-16 20:56:31,938] {logging_mixin.py:104} INFO - [2023-02-16 20:56:31,938] {dagbag.py:496} INFO - Filling up the DagBag from /home/airflow/.local/lib/python3.6/site-packages/airflow/example_dags/example_branch_datetime_operator.py
[2023-02-16 20:56:31,950] {scheduler_job.py:643} INFO - DAG(s) dict_keys(['example_branch_datetime_operator_2']) retrieved from /home/airflow/.local/lib/python3.6/site-packages/airflow/example_dags/example_branch_datetime_operator.py
[2023-02-16 20:56:31,970] {logging_mixin.py:104} INFO - [2023-02-16 20:56:31,970] {dag.py:1833} INFO - Sync 1 DAGs
[2023-02-16 20:56:31,989] {logging_mixin.py:104} INFO - [2023-02-16 20:56:31,989] {dag.py:2306} INFO - Setting next_dagrun for example_branch_datetime_operator_2 to 2023-02-14 00:00:00+00:00
[2023-02-16 20:56:31,999] {scheduler_job.py:190} INFO - Processing /home/airflow/.local/lib/python3.6/site-packages/airflow/example_dags/example_branch_datetime_operator.py took 0.065 seconds
[2023-02-16 20:57:02,502] {scheduler_job.py:182} INFO - Started process (PID=1634) to work on /home/airflow/.local/lib/python3.6/site-packages/airflow/example_dags/example_branch_datetime_operator.py
[2023-02-16 20:57:02,503] {scheduler_job.py:633} INFO - Processing file /home/airflow/.local/lib/python3.6/site-packages/airflow/example_dags/example_branch_datetime_operator.py for tasks to queue
[2023-02-16 20:57:02,503] {logging_mixin.py:104} INFO - [2023-02-16 20:57:02,503] {dagbag.py:496} INFO - Filling up the DagBag from /home/airflow/.local/lib/python3.6/site-packages/airflow/example_dags/example_branch_datetime_operator.py
[2023-02-16 20:57:02,513] {scheduler_job.py:643} INFO - DAG(s) dict_keys(['example_branch_datetime_operator_2']) retrieved from /home/airflow/.local/lib/python3.6/site-packages/airflow/example_dags/example_branch_datetime_operator.py
[2023-02-16 20:57:02,533] {logging_mixin.py:104} INFO - [2023-02-16 20:57:02,533] {dag.py:1833} INFO - Sync 1 DAGs
[2023-02-16 20:57:02,556] {logging_mixin.py:104} INFO - [2023-02-16 20:57:02,555] {dag.py:2306} INFO - Setting next_dagrun for example_branch_datetime_operator_2 to 2023-02-14 00:00:00+00:00
[2023-02-16 20:57:02,568] {scheduler_job.py:190} INFO - Processing /home/airflow/.local/lib/python3.6/site-packages/airflow/example_dags/example_branch_datetime_operator.py took 0.069 seconds
[2023-02-16 20:57:33,048] {scheduler_job.py:182} INFO - Started process (PID=1684) to work on /home/airflow/.local/lib/python3.6/site-packages/airflow/example_dags/example_branch_datetime_operator.py
[2023-02-16 20:57:33,049] {scheduler_job.py:633} INFO - Processing file /home/airflow/.local/lib/python3.6/site-packages/airflow/example_dags/example_branch_datetime_operator.py for tasks to queue
[2023-02-16 20:57:33,049] {logging_mixin.py:104} INFO - [2023-02-16 20:57:33,049] {dagbag.py:496} INFO - Filling up the DagBag from /home/airflow/.local/lib/python3.6/site-packages/airflow/example_dags/example_branch_datetime_operator.py
[2023-02-16 20:57:33,059] {scheduler_job.py:643} INFO - DAG(s) dict_keys(['example_branch_datetime_operator_2']) retrieved from /home/airflow/.local/lib/python3.6/site-packages/airflow/example_dags/example_branch_datetime_operator.py
[2023-02-16 20:57:33,079] {logging_mixin.py:104} INFO - [2023-02-16 20:57:33,078] {dag.py:1833} INFO - Sync 1 DAGs
[2023-02-16 20:57:33,101] {logging_mixin.py:104} INFO - [2023-02-16 20:57:33,101] {dag.py:2306} INFO - Setting next_dagrun for example_branch_datetime_operator_2 to 2023-02-14 00:00:00+00:00
[2023-02-16 20:57:33,111] {scheduler_job.py:190} INFO - Processing /home/airflow/.local/lib/python3.6/site-packages/airflow/example_dags/example_branch_datetime_operator.py took 0.066 seconds
[2023-02-16 20:58:03,270] {scheduler_job.py:182} INFO - Started process (PID=1745) to work on /home/airflow/.local/lib/python3.6/site-packages/airflow/example_dags/example_branch_datetime_operator.py
[2023-02-16 20:58:03,271] {scheduler_job.py:633} INFO - Processing file /home/airflow/.local/lib/python3.6/site-packages/airflow/example_dags/example_branch_datetime_operator.py for tasks to queue
[2023-02-16 20:58:03,271] {logging_mixin.py:104} INFO - [2023-02-16 20:58:03,271] {dagbag.py:496} INFO - Filling up the DagBag from /home/airflow/.local/lib/python3.6/site-packages/airflow/example_dags/example_branch_datetime_operator.py
[2023-02-16 20:58:03,284] {scheduler_job.py:643} INFO - DAG(s) dict_keys(['example_branch_datetime_operator_2']) retrieved from /home/airflow/.local/lib/python3.6/site-packages/airflow/example_dags/example_branch_datetime_operator.py
[2023-02-16 20:58:03,304] {logging_mixin.py:104} INFO - [2023-02-16 20:58:03,303] {dag.py:1833} INFO - Sync 1 DAGs
[2023-02-16 20:58:03,322] {logging_mixin.py:104} INFO - [2023-02-16 20:58:03,322] {dag.py:2306} INFO - Setting next_dagrun for example_branch_datetime_operator_2 to 2023-02-14 00:00:00+00:00
[2023-02-16 20:58:03,331] {scheduler_job.py:190} INFO - Processing /home/airflow/.local/lib/python3.6/site-packages/airflow/example_dags/example_branch_datetime_operator.py took 0.063 seconds
[2023-02-16 20:58:34,073] {scheduler_job.py:182} INFO - Started process (PID=1796) to work on /home/airflow/.local/lib/python3.6/site-packages/airflow/example_dags/example_branch_datetime_operator.py
[2023-02-16 20:58:34,074] {scheduler_job.py:633} INFO - Processing file /home/airflow/.local/lib/python3.6/site-packages/airflow/example_dags/example_branch_datetime_operator.py for tasks to queue
[2023-02-16 20:58:34,075] {logging_mixin.py:104} INFO - [2023-02-16 20:58:34,075] {dagbag.py:496} INFO - Filling up the DagBag from /home/airflow/.local/lib/python3.6/site-packages/airflow/example_dags/example_branch_datetime_operator.py
[2023-02-16 20:58:34,087] {scheduler_job.py:643} INFO - DAG(s) dict_keys(['example_branch_datetime_operator_2']) retrieved from /home/airflow/.local/lib/python3.6/site-packages/airflow/example_dags/example_branch_datetime_operator.py
[2023-02-16 20:58:34,111] {logging_mixin.py:104} INFO - [2023-02-16 20:58:34,111] {dag.py:1833} INFO - Sync 1 DAGs
[2023-02-16 20:58:34,132] {logging_mixin.py:104} INFO - [2023-02-16 20:58:34,132] {dag.py:2306} INFO - Setting next_dagrun for example_branch_datetime_operator_2 to 2023-02-14 00:00:00+00:00
[2023-02-16 20:58:34,142] {scheduler_job.py:190} INFO - Processing /home/airflow/.local/lib/python3.6/site-packages/airflow/example_dags/example_branch_datetime_operator.py took 0.073 seconds
[2023-02-16 20:59:04,193] {scheduler_job.py:182} INFO - Started process (PID=1857) to work on /home/airflow/.local/lib/python3.6/site-packages/airflow/example_dags/example_branch_datetime_operator.py
[2023-02-16 20:59:04,193] {scheduler_job.py:633} INFO - Processing file /home/airflow/.local/lib/python3.6/site-packages/airflow/example_dags/example_branch_datetime_operator.py for tasks to queue
[2023-02-16 20:59:04,194] {logging_mixin.py:104} INFO - [2023-02-16 20:59:04,194] {dagbag.py:496} INFO - Filling up the DagBag from /home/airflow/.local/lib/python3.6/site-packages/airflow/example_dags/example_branch_datetime_operator.py
[2023-02-16 20:59:04,204] {scheduler_job.py:643} INFO - DAG(s) dict_keys(['example_branch_datetime_operator_2']) retrieved from /home/airflow/.local/lib/python3.6/site-packages/airflow/example_dags/example_branch_datetime_operator.py
[2023-02-16 20:59:04,229] {logging_mixin.py:104} INFO - [2023-02-16 20:59:04,229] {dag.py:1833} INFO - Sync 1 DAGs
[2023-02-16 20:59:04,251] {logging_mixin.py:104} INFO - [2023-02-16 20:59:04,250] {dag.py:2306} INFO - Setting next_dagrun for example_branch_datetime_operator_2 to 2023-02-14 00:00:00+00:00
[2023-02-16 20:59:04,261] {scheduler_job.py:190} INFO - Processing /home/airflow/.local/lib/python3.6/site-packages/airflow/example_dags/example_branch_datetime_operator.py took 0.071 seconds
[2023-02-16 20:59:34,467] {scheduler_job.py:182} INFO - Started process (PID=1908) to work on /home/airflow/.local/lib/python3.6/site-packages/airflow/example_dags/example_branch_datetime_operator.py
[2023-02-16 20:59:34,468] {scheduler_job.py:633} INFO - Processing file /home/airflow/.local/lib/python3.6/site-packages/airflow/example_dags/example_branch_datetime_operator.py for tasks to queue
[2023-02-16 20:59:34,468] {logging_mixin.py:104} INFO - [2023-02-16 20:59:34,468] {dagbag.py:496} INFO - Filling up the DagBag from /home/airflow/.local/lib/python3.6/site-packages/airflow/example_dags/example_branch_datetime_operator.py
[2023-02-16 20:59:34,478] {scheduler_job.py:643} INFO - DAG(s) dict_keys(['example_branch_datetime_operator_2']) retrieved from /home/airflow/.local/lib/python3.6/site-packages/airflow/example_dags/example_branch_datetime_operator.py
[2023-02-16 20:59:34,499] {logging_mixin.py:104} INFO - [2023-02-16 20:59:34,498] {dag.py:1833} INFO - Sync 1 DAGs
[2023-02-16 20:59:34,514] {logging_mixin.py:104} INFO - [2023-02-16 20:59:34,514] {dag.py:2306} INFO - Setting next_dagrun for example_branch_datetime_operator_2 to 2023-02-14 00:00:00+00:00
[2023-02-16 20:59:34,523] {scheduler_job.py:190} INFO - Processing /home/airflow/.local/lib/python3.6/site-packages/airflow/example_dags/example_branch_datetime_operator.py took 0.058 seconds
[2023-02-16 21:00:04,950] {scheduler_job.py:182} INFO - Started process (PID=1969) to work on /home/airflow/.local/lib/python3.6/site-packages/airflow/example_dags/example_branch_datetime_operator.py
[2023-02-16 21:00:04,951] {scheduler_job.py:633} INFO - Processing file /home/airflow/.local/lib/python3.6/site-packages/airflow/example_dags/example_branch_datetime_operator.py for tasks to queue
[2023-02-16 21:00:04,952] {logging_mixin.py:104} INFO - [2023-02-16 21:00:04,952] {dagbag.py:496} INFO - Filling up the DagBag from /home/airflow/.local/lib/python3.6/site-packages/airflow/example_dags/example_branch_datetime_operator.py
[2023-02-16 21:00:04,961] {scheduler_job.py:643} INFO - DAG(s) dict_keys(['example_branch_datetime_operator_2']) retrieved from /home/airflow/.local/lib/python3.6/site-packages/airflow/example_dags/example_branch_datetime_operator.py
[2023-02-16 21:00:04,982] {logging_mixin.py:104} INFO - [2023-02-16 21:00:04,982] {dag.py:1833} INFO - Sync 1 DAGs
[2023-02-16 21:00:05,001] {logging_mixin.py:104} INFO - [2023-02-16 21:00:05,001] {dag.py:2306} INFO - Setting next_dagrun for example_branch_datetime_operator_2 to 2023-02-14 00:00:00+00:00
[2023-02-16 21:00:05,009] {scheduler_job.py:190} INFO - Processing /home/airflow/.local/lib/python3.6/site-packages/airflow/example_dags/example_branch_datetime_operator.py took 0.061 seconds
[2023-02-16 21:00:35,458] {scheduler_job.py:182} INFO - Started process (PID=2020) to work on /home/airflow/.local/lib/python3.6/site-packages/airflow/example_dags/example_branch_datetime_operator.py
[2023-02-16 21:00:35,462] {scheduler_job.py:633} INFO - Processing file /home/airflow/.local/lib/python3.6/site-packages/airflow/example_dags/example_branch_datetime_operator.py for tasks to queue
[2023-02-16 21:00:35,463] {logging_mixin.py:104} INFO - [2023-02-16 21:00:35,463] {dagbag.py:496} INFO - Filling up the DagBag from /home/airflow/.local/lib/python3.6/site-packages/airflow/example_dags/example_branch_datetime_operator.py
[2023-02-16 21:00:35,474] {scheduler_job.py:643} INFO - DAG(s) dict_keys(['example_branch_datetime_operator_2']) retrieved from /home/airflow/.local/lib/python3.6/site-packages/airflow/example_dags/example_branch_datetime_operator.py
[2023-02-16 21:00:35,493] {logging_mixin.py:104} INFO - [2023-02-16 21:00:35,493] {dag.py:1833} INFO - Sync 1 DAGs
[2023-02-16 21:00:35,510] {logging_mixin.py:104} INFO - [2023-02-16 21:00:35,510] {dag.py:2306} INFO - Setting next_dagrun for example_branch_datetime_operator_2 to 2023-02-14 00:00:00+00:00
[2023-02-16 21:00:35,519] {scheduler_job.py:190} INFO - Processing /home/airflow/.local/lib/python3.6/site-packages/airflow/example_dags/example_branch_datetime_operator.py took 0.064 seconds
[2023-02-16 21:01:05,869] {scheduler_job.py:182} INFO - Started process (PID=2081) to work on /home/airflow/.local/lib/python3.6/site-packages/airflow/example_dags/example_branch_datetime_operator.py
[2023-02-16 21:01:05,870] {scheduler_job.py:633} INFO - Processing file /home/airflow/.local/lib/python3.6/site-packages/airflow/example_dags/example_branch_datetime_operator.py for tasks to queue
[2023-02-16 21:01:05,870] {logging_mixin.py:104} INFO - [2023-02-16 21:01:05,870] {dagbag.py:496} INFO - Filling up the DagBag from /home/airflow/.local/lib/python3.6/site-packages/airflow/example_dags/example_branch_datetime_operator.py
[2023-02-16 21:01:05,882] {scheduler_job.py:643} INFO - DAG(s) dict_keys(['example_branch_datetime_operator_2']) retrieved from /home/airflow/.local/lib/python3.6/site-packages/airflow/example_dags/example_branch_datetime_operator.py
[2023-02-16 21:01:05,902] {logging_mixin.py:104} INFO - [2023-02-16 21:01:05,902] {dag.py:1833} INFO - Sync 1 DAGs
[2023-02-16 21:01:05,920] {logging_mixin.py:104} INFO - [2023-02-16 21:01:05,920] {dag.py:2306} INFO - Setting next_dagrun for example_branch_datetime_operator_2 to 2023-02-14 00:00:00+00:00
[2023-02-16 21:01:05,928] {scheduler_job.py:190} INFO - Processing /home/airflow/.local/lib/python3.6/site-packages/airflow/example_dags/example_branch_datetime_operator.py took 0.062 seconds
[2023-02-16 21:01:36,350] {scheduler_job.py:182} INFO - Started process (PID=2132) to work on /home/airflow/.local/lib/python3.6/site-packages/airflow/example_dags/example_branch_datetime_operator.py
[2023-02-16 21:01:36,351] {scheduler_job.py:633} INFO - Processing file /home/airflow/.local/lib/python3.6/site-packages/airflow/example_dags/example_branch_datetime_operator.py for tasks to queue
[2023-02-16 21:01:36,352] {logging_mixin.py:104} INFO - [2023-02-16 21:01:36,352] {dagbag.py:496} INFO - Filling up the DagBag from /home/airflow/.local/lib/python3.6/site-packages/airflow/example_dags/example_branch_datetime_operator.py
[2023-02-16 21:01:36,365] {scheduler_job.py:643} INFO - DAG(s) dict_keys(['example_branch_datetime_operator_2']) retrieved from /home/airflow/.local/lib/python3.6/site-packages/airflow/example_dags/example_branch_datetime_operator.py
[2023-02-16 21:01:36,383] {logging_mixin.py:104} INFO - [2023-02-16 21:01:36,383] {dag.py:1833} INFO - Sync 1 DAGs
[2023-02-16 21:01:36,399] {logging_mixin.py:104} INFO - [2023-02-16 21:01:36,399] {dag.py:2306} INFO - Setting next_dagrun for example_branch_datetime_operator_2 to 2023-02-14 00:00:00+00:00
[2023-02-16 21:01:36,408] {scheduler_job.py:190} INFO - Processing /home/airflow/.local/lib/python3.6/site-packages/airflow/example_dags/example_branch_datetime_operator.py took 0.060 seconds
[2023-02-16 21:02:06,640] {scheduler_job.py:182} INFO - Started process (PID=2194) to work on /home/airflow/.local/lib/python3.6/site-packages/airflow/example_dags/example_branch_datetime_operator.py
[2023-02-16 21:02:06,641] {scheduler_job.py:633} INFO - Processing file /home/airflow/.local/lib/python3.6/site-packages/airflow/example_dags/example_branch_datetime_operator.py for tasks to queue
[2023-02-16 21:02:06,641] {logging_mixin.py:104} INFO - [2023-02-16 21:02:06,641] {dagbag.py:496} INFO - Filling up the DagBag from /home/airflow/.local/lib/python3.6/site-packages/airflow/example_dags/example_branch_datetime_operator.py
[2023-02-16 21:02:06,653] {scheduler_job.py:643} INFO - DAG(s) dict_keys(['example_branch_datetime_operator_2']) retrieved from /home/airflow/.local/lib/python3.6/site-packages/airflow/example_dags/example_branch_datetime_operator.py
[2023-02-16 21:02:06,671] {logging_mixin.py:104} INFO - [2023-02-16 21:02:06,671] {dag.py:1833} INFO - Sync 1 DAGs
[2023-02-16 21:02:06,689] {logging_mixin.py:104} INFO - [2023-02-16 21:02:06,688] {dag.py:2306} INFO - Setting next_dagrun for example_branch_datetime_operator_2 to 2023-02-14 00:00:00+00:00
[2023-02-16 21:02:06,703] {scheduler_job.py:190} INFO - Processing /home/airflow/.local/lib/python3.6/site-packages/airflow/example_dags/example_branch_datetime_operator.py took 0.065 seconds
[2023-02-16 21:02:37,314] {scheduler_job.py:182} INFO - Started process (PID=2245) to work on /home/airflow/.local/lib/python3.6/site-packages/airflow/example_dags/example_branch_datetime_operator.py
[2023-02-16 21:02:37,315] {scheduler_job.py:633} INFO - Processing file /home/airflow/.local/lib/python3.6/site-packages/airflow/example_dags/example_branch_datetime_operator.py for tasks to queue
[2023-02-16 21:02:37,315] {logging_mixin.py:104} INFO - [2023-02-16 21:02:37,315] {dagbag.py:496} INFO - Filling up the DagBag from /home/airflow/.local/lib/python3.6/site-packages/airflow/example_dags/example_branch_datetime_operator.py
[2023-02-16 21:02:37,331] {scheduler_job.py:643} INFO - DAG(s) dict_keys(['example_branch_datetime_operator_2']) retrieved from /home/airflow/.local/lib/python3.6/site-packages/airflow/example_dags/example_branch_datetime_operator.py
[2023-02-16 21:02:37,356] {logging_mixin.py:104} INFO - [2023-02-16 21:02:37,356] {dag.py:1833} INFO - Sync 1 DAGs
[2023-02-16 21:02:37,378] {logging_mixin.py:104} INFO - [2023-02-16 21:02:37,378] {dag.py:2306} INFO - Setting next_dagrun for example_branch_datetime_operator_2 to 2023-02-14 00:00:00+00:00
[2023-02-16 21:02:37,390] {scheduler_job.py:190} INFO - Processing /home/airflow/.local/lib/python3.6/site-packages/airflow/example_dags/example_branch_datetime_operator.py took 0.080 seconds
[2023-02-16 21:03:07,790] {scheduler_job.py:182} INFO - Started process (PID=2306) to work on /home/airflow/.local/lib/python3.6/site-packages/airflow/example_dags/example_branch_datetime_operator.py
[2023-02-16 21:03:07,793] {scheduler_job.py:633} INFO - Processing file /home/airflow/.local/lib/python3.6/site-packages/airflow/example_dags/example_branch_datetime_operator.py for tasks to queue
[2023-02-16 21:03:07,793] {logging_mixin.py:104} INFO - [2023-02-16 21:03:07,793] {dagbag.py:496} INFO - Filling up the DagBag from /home/airflow/.local/lib/python3.6/site-packages/airflow/example_dags/example_branch_datetime_operator.py
[2023-02-16 21:03:07,803] {scheduler_job.py:643} INFO - DAG(s) dict_keys(['example_branch_datetime_operator_2']) retrieved from /home/airflow/.local/lib/python3.6/site-packages/airflow/example_dags/example_branch_datetime_operator.py
[2023-02-16 21:03:07,821] {logging_mixin.py:104} INFO - [2023-02-16 21:03:07,821] {dag.py:1833} INFO - Sync 1 DAGs
[2023-02-16 21:03:07,838] {logging_mixin.py:104} INFO - [2023-02-16 21:03:07,837] {dag.py:2306} INFO - Setting next_dagrun for example_branch_datetime_operator_2 to 2023-02-14 00:00:00+00:00
[2023-02-16 21:03:07,847] {scheduler_job.py:190} INFO - Processing /home/airflow/.local/lib/python3.6/site-packages/airflow/example_dags/example_branch_datetime_operator.py took 0.059 seconds
[2023-02-16 21:03:38,060] {scheduler_job.py:182} INFO - Started process (PID=2357) to work on /home/airflow/.local/lib/python3.6/site-packages/airflow/example_dags/example_branch_datetime_operator.py
[2023-02-16 21:03:38,061] {scheduler_job.py:633} INFO - Processing file /home/airflow/.local/lib/python3.6/site-packages/airflow/example_dags/example_branch_datetime_operator.py for tasks to queue
[2023-02-16 21:03:38,061] {logging_mixin.py:104} INFO - [2023-02-16 21:03:38,061] {dagbag.py:496} INFO - Filling up the DagBag from /home/airflow/.local/lib/python3.6/site-packages/airflow/example_dags/example_branch_datetime_operator.py
[2023-02-16 21:03:38,071] {scheduler_job.py:643} INFO - DAG(s) dict_keys(['example_branch_datetime_operator_2']) retrieved from /home/airflow/.local/lib/python3.6/site-packages/airflow/example_dags/example_branch_datetime_operator.py
[2023-02-16 21:03:38,090] {logging_mixin.py:104} INFO - [2023-02-16 21:03:38,089] {dag.py:1833} INFO - Sync 1 DAGs
[2023-02-16 21:03:38,109] {logging_mixin.py:104} INFO - [2023-02-16 21:03:38,109] {dag.py:2306} INFO - Setting next_dagrun for example_branch_datetime_operator_2 to 2023-02-14 00:00:00+00:00
[2023-02-16 21:03:38,118] {scheduler_job.py:190} INFO - Processing /home/airflow/.local/lib/python3.6/site-packages/airflow/example_dags/example_branch_datetime_operator.py took 0.060 seconds
[2023-02-16 21:04:08,462] {scheduler_job.py:182} INFO - Started process (PID=2408) to work on /home/airflow/.local/lib/python3.6/site-packages/airflow/example_dags/example_branch_datetime_operator.py
[2023-02-16 21:04:08,463] {scheduler_job.py:633} INFO - Processing file /home/airflow/.local/lib/python3.6/site-packages/airflow/example_dags/example_branch_datetime_operator.py for tasks to queue
[2023-02-16 21:04:08,464] {logging_mixin.py:104} INFO - [2023-02-16 21:04:08,463] {dagbag.py:496} INFO - Filling up the DagBag from /home/airflow/.local/lib/python3.6/site-packages/airflow/example_dags/example_branch_datetime_operator.py
[2023-02-16 21:04:08,474] {scheduler_job.py:643} INFO - DAG(s) dict_keys(['example_branch_datetime_operator_2']) retrieved from /home/airflow/.local/lib/python3.6/site-packages/airflow/example_dags/example_branch_datetime_operator.py
[2023-02-16 21:04:08,492] {logging_mixin.py:104} INFO - [2023-02-16 21:04:08,491] {dag.py:1833} INFO - Sync 1 DAGs
[2023-02-16 21:04:08,508] {logging_mixin.py:104} INFO - [2023-02-16 21:04:08,507] {dag.py:2306} INFO - Setting next_dagrun for example_branch_datetime_operator_2 to 2023-02-14 00:00:00+00:00
[2023-02-16 21:04:08,515] {scheduler_job.py:190} INFO - Processing /home/airflow/.local/lib/python3.6/site-packages/airflow/example_dags/example_branch_datetime_operator.py took 0.055 seconds
[2023-02-16 21:04:38,546] {scheduler_job.py:182} INFO - Started process (PID=2469) to work on /home/airflow/.local/lib/python3.6/site-packages/airflow/example_dags/example_branch_datetime_operator.py
[2023-02-16 21:04:38,547] {scheduler_job.py:633} INFO - Processing file /home/airflow/.local/lib/python3.6/site-packages/airflow/example_dags/example_branch_datetime_operator.py for tasks to queue
[2023-02-16 21:04:38,547] {logging_mixin.py:104} INFO - [2023-02-16 21:04:38,547] {dagbag.py:496} INFO - Filling up the DagBag from /home/airflow/.local/lib/python3.6/site-packages/airflow/example_dags/example_branch_datetime_operator.py
[2023-02-16 21:04:38,559] {scheduler_job.py:643} INFO - DAG(s) dict_keys(['example_branch_datetime_operator_2']) retrieved from /home/airflow/.local/lib/python3.6/site-packages/airflow/example_dags/example_branch_datetime_operator.py
[2023-02-16 21:04:38,583] {logging_mixin.py:104} INFO - [2023-02-16 21:04:38,583] {dag.py:1833} INFO - Sync 1 DAGs
[2023-02-16 21:04:38,602] {logging_mixin.py:104} INFO - [2023-02-16 21:04:38,602] {dag.py:2306} INFO - Setting next_dagrun for example_branch_datetime_operator_2 to 2023-02-14 00:00:00+00:00
[2023-02-16 21:04:38,613] {scheduler_job.py:190} INFO - Processing /home/airflow/.local/lib/python3.6/site-packages/airflow/example_dags/example_branch_datetime_operator.py took 0.070 seconds
[2023-02-16 21:05:09,115] {scheduler_job.py:182} INFO - Started process (PID=2520) to work on /home/airflow/.local/lib/python3.6/site-packages/airflow/example_dags/example_branch_datetime_operator.py
[2023-02-16 21:05:09,116] {scheduler_job.py:633} INFO - Processing file /home/airflow/.local/lib/python3.6/site-packages/airflow/example_dags/example_branch_datetime_operator.py for tasks to queue
[2023-02-16 21:05:09,116] {logging_mixin.py:104} INFO - [2023-02-16 21:05:09,116] {dagbag.py:496} INFO - Filling up the DagBag from /home/airflow/.local/lib/python3.6/site-packages/airflow/example_dags/example_branch_datetime_operator.py
[2023-02-16 21:05:09,126] {scheduler_job.py:643} INFO - DAG(s) dict_keys(['example_branch_datetime_operator_2']) retrieved from /home/airflow/.local/lib/python3.6/site-packages/airflow/example_dags/example_branch_datetime_operator.py
[2023-02-16 21:05:09,143] {logging_mixin.py:104} INFO - [2023-02-16 21:05:09,142] {dag.py:1833} INFO - Sync 1 DAGs
[2023-02-16 21:05:09,157] {logging_mixin.py:104} INFO - [2023-02-16 21:05:09,157] {dag.py:2306} INFO - Setting next_dagrun for example_branch_datetime_operator_2 to 2023-02-14 00:00:00+00:00
[2023-02-16 21:05:09,166] {scheduler_job.py:190} INFO - Processing /home/airflow/.local/lib/python3.6/site-packages/airflow/example_dags/example_branch_datetime_operator.py took 0.053 seconds
[2023-02-16 21:05:39,904] {scheduler_job.py:182} INFO - Started process (PID=2581) to work on /home/airflow/.local/lib/python3.6/site-packages/airflow/example_dags/example_branch_datetime_operator.py
[2023-02-16 21:05:39,905] {scheduler_job.py:633} INFO - Processing file /home/airflow/.local/lib/python3.6/site-packages/airflow/example_dags/example_branch_datetime_operator.py for tasks to queue
[2023-02-16 21:05:39,905] {logging_mixin.py:104} INFO - [2023-02-16 21:05:39,905] {dagbag.py:496} INFO - Filling up the DagBag from /home/airflow/.local/lib/python3.6/site-packages/airflow/example_dags/example_branch_datetime_operator.py
[2023-02-16 21:05:39,915] {scheduler_job.py:643} INFO - DAG(s) dict_keys(['example_branch_datetime_operator_2']) retrieved from /home/airflow/.local/lib/python3.6/site-packages/airflow/example_dags/example_branch_datetime_operator.py
[2023-02-16 21:05:39,932] {logging_mixin.py:104} INFO - [2023-02-16 21:05:39,932] {dag.py:1833} INFO - Sync 1 DAGs
[2023-02-16 21:05:39,947] {logging_mixin.py:104} INFO - [2023-02-16 21:05:39,947] {dag.py:2306} INFO - Setting next_dagrun for example_branch_datetime_operator_2 to 2023-02-14 00:00:00+00:00
[2023-02-16 21:05:39,954] {scheduler_job.py:190} INFO - Processing /home/airflow/.local/lib/python3.6/site-packages/airflow/example_dags/example_branch_datetime_operator.py took 0.053 seconds
[2023-02-16 21:06:10,420] {scheduler_job.py:182} INFO - Started process (PID=2632) to work on /home/airflow/.local/lib/python3.6/site-packages/airflow/example_dags/example_branch_datetime_operator.py
[2023-02-16 21:06:10,421] {scheduler_job.py:633} INFO - Processing file /home/airflow/.local/lib/python3.6/site-packages/airflow/example_dags/example_branch_datetime_operator.py for tasks to queue
[2023-02-16 21:06:10,422] {logging_mixin.py:104} INFO - [2023-02-16 21:06:10,422] {dagbag.py:496} INFO - Filling up the DagBag from /home/airflow/.local/lib/python3.6/site-packages/airflow/example_dags/example_branch_datetime_operator.py
[2023-02-16 21:06:10,433] {scheduler_job.py:643} INFO - DAG(s) dict_keys(['example_branch_datetime_operator_2']) retrieved from /home/airflow/.local/lib/python3.6/site-packages/airflow/example_dags/example_branch_datetime_operator.py
[2023-02-16 21:06:10,454] {logging_mixin.py:104} INFO - [2023-02-16 21:06:10,454] {dag.py:1833} INFO - Sync 1 DAGs
[2023-02-16 21:06:10,471] {logging_mixin.py:104} INFO - [2023-02-16 21:06:10,471] {dag.py:2306} INFO - Setting next_dagrun for example_branch_datetime_operator_2 to 2023-02-14 00:00:00+00:00
[2023-02-16 21:06:10,481] {scheduler_job.py:190} INFO - Processing /home/airflow/.local/lib/python3.6/site-packages/airflow/example_dags/example_branch_datetime_operator.py took 0.064 seconds
[2023-02-16 21:06:41,020] {scheduler_job.py:182} INFO - Started process (PID=2693) to work on /home/airflow/.local/lib/python3.6/site-packages/airflow/example_dags/example_branch_datetime_operator.py
[2023-02-16 21:06:41,020] {scheduler_job.py:633} INFO - Processing file /home/airflow/.local/lib/python3.6/site-packages/airflow/example_dags/example_branch_datetime_operator.py for tasks to queue
[2023-02-16 21:06:41,021] {logging_mixin.py:104} INFO - [2023-02-16 21:06:41,021] {dagbag.py:496} INFO - Filling up the DagBag from /home/airflow/.local/lib/python3.6/site-packages/airflow/example_dags/example_branch_datetime_operator.py
[2023-02-16 21:06:41,031] {scheduler_job.py:643} INFO - DAG(s) dict_keys(['example_branch_datetime_operator_2']) retrieved from /home/airflow/.local/lib/python3.6/site-packages/airflow/example_dags/example_branch_datetime_operator.py
[2023-02-16 21:06:41,049] {logging_mixin.py:104} INFO - [2023-02-16 21:06:41,049] {dag.py:1833} INFO - Sync 1 DAGs
[2023-02-16 21:06:41,064] {logging_mixin.py:104} INFO - [2023-02-16 21:06:41,064] {dag.py:2306} INFO - Setting next_dagrun for example_branch_datetime_operator_2 to 2023-02-14 00:00:00+00:00
[2023-02-16 21:06:41,072] {scheduler_job.py:190} INFO - Processing /home/airflow/.local/lib/python3.6/site-packages/airflow/example_dags/example_branch_datetime_operator.py took 0.054 seconds
[2023-02-16 21:07:11,714] {scheduler_job.py:182} INFO - Started process (PID=2744) to work on /home/airflow/.local/lib/python3.6/site-packages/airflow/example_dags/example_branch_datetime_operator.py
[2023-02-16 21:07:11,715] {scheduler_job.py:633} INFO - Processing file /home/airflow/.local/lib/python3.6/site-packages/airflow/example_dags/example_branch_datetime_operator.py for tasks to queue
[2023-02-16 21:07:11,716] {logging_mixin.py:104} INFO - [2023-02-16 21:07:11,716] {dagbag.py:496} INFO - Filling up the DagBag from /home/airflow/.local/lib/python3.6/site-packages/airflow/example_dags/example_branch_datetime_operator.py
[2023-02-16 21:07:11,728] {scheduler_job.py:643} INFO - DAG(s) dict_keys(['example_branch_datetime_operator_2']) retrieved from /home/airflow/.local/lib/python3.6/site-packages/airflow/example_dags/example_branch_datetime_operator.py
[2023-02-16 21:07:11,746] {logging_mixin.py:104} INFO - [2023-02-16 21:07:11,745] {dag.py:1833} INFO - Sync 1 DAGs
[2023-02-16 21:07:11,761] {logging_mixin.py:104} INFO - [2023-02-16 21:07:11,761] {dag.py:2306} INFO - Setting next_dagrun for example_branch_datetime_operator_2 to 2023-02-14 00:00:00+00:00
[2023-02-16 21:07:11,770] {scheduler_job.py:190} INFO - Processing /home/airflow/.local/lib/python3.6/site-packages/airflow/example_dags/example_branch_datetime_operator.py took 0.058 seconds
[2023-02-16 21:07:42,173] {scheduler_job.py:182} INFO - Started process (PID=2805) to work on /home/airflow/.local/lib/python3.6/site-packages/airflow/example_dags/example_branch_datetime_operator.py
[2023-02-16 21:07:42,174] {scheduler_job.py:633} INFO - Processing file /home/airflow/.local/lib/python3.6/site-packages/airflow/example_dags/example_branch_datetime_operator.py for tasks to queue
[2023-02-16 21:07:42,174] {logging_mixin.py:104} INFO - [2023-02-16 21:07:42,174] {dagbag.py:496} INFO - Filling up the DagBag from /home/airflow/.local/lib/python3.6/site-packages/airflow/example_dags/example_branch_datetime_operator.py
[2023-02-16 21:07:42,188] {scheduler_job.py:643} INFO - DAG(s) dict_keys(['example_branch_datetime_operator_2']) retrieved from /home/airflow/.local/lib/python3.6/site-packages/airflow/example_dags/example_branch_datetime_operator.py
[2023-02-16 21:07:42,205] {logging_mixin.py:104} INFO - [2023-02-16 21:07:42,205] {dag.py:1833} INFO - Sync 1 DAGs
[2023-02-16 21:07:42,220] {logging_mixin.py:104} INFO - [2023-02-16 21:07:42,220] {dag.py:2306} INFO - Setting next_dagrun for example_branch_datetime_operator_2 to 2023-02-14 00:00:00+00:00
[2023-02-16 21:07:42,228] {scheduler_job.py:190} INFO - Processing /home/airflow/.local/lib/python3.6/site-packages/airflow/example_dags/example_branch_datetime_operator.py took 0.058 seconds
[2023-02-16 21:08:12,663] {scheduler_job.py:182} INFO - Started process (PID=2856) to work on /home/airflow/.local/lib/python3.6/site-packages/airflow/example_dags/example_branch_datetime_operator.py
[2023-02-16 21:08:12,664] {scheduler_job.py:633} INFO - Processing file /home/airflow/.local/lib/python3.6/site-packages/airflow/example_dags/example_branch_datetime_operator.py for tasks to queue
[2023-02-16 21:08:12,665] {logging_mixin.py:104} INFO - [2023-02-16 21:08:12,664] {dagbag.py:496} INFO - Filling up the DagBag from /home/airflow/.local/lib/python3.6/site-packages/airflow/example_dags/example_branch_datetime_operator.py
[2023-02-16 21:08:12,674] {scheduler_job.py:643} INFO - DAG(s) dict_keys(['example_branch_datetime_operator_2']) retrieved from /home/airflow/.local/lib/python3.6/site-packages/airflow/example_dags/example_branch_datetime_operator.py
[2023-02-16 21:08:12,692] {logging_mixin.py:104} INFO - [2023-02-16 21:08:12,691] {dag.py:1833} INFO - Sync 1 DAGs
[2023-02-16 21:08:12,707] {logging_mixin.py:104} INFO - [2023-02-16 21:08:12,707] {dag.py:2306} INFO - Setting next_dagrun for example_branch_datetime_operator_2 to 2023-02-14 00:00:00+00:00
[2023-02-16 21:08:12,715] {scheduler_job.py:190} INFO - Processing /home/airflow/.local/lib/python3.6/site-packages/airflow/example_dags/example_branch_datetime_operator.py took 0.055 seconds
[2023-02-16 21:08:42,849] {scheduler_job.py:182} INFO - Started process (PID=2916) to work on /home/airflow/.local/lib/python3.6/site-packages/airflow/example_dags/example_branch_datetime_operator.py
[2023-02-16 21:08:42,850] {scheduler_job.py:633} INFO - Processing file /home/airflow/.local/lib/python3.6/site-packages/airflow/example_dags/example_branch_datetime_operator.py for tasks to queue
[2023-02-16 21:08:42,851] {logging_mixin.py:104} INFO - [2023-02-16 21:08:42,851] {dagbag.py:496} INFO - Filling up the DagBag from /home/airflow/.local/lib/python3.6/site-packages/airflow/example_dags/example_branch_datetime_operator.py
[2023-02-16 21:08:42,865] {scheduler_job.py:643} INFO - DAG(s) dict_keys(['example_branch_datetime_operator_2']) retrieved from /home/airflow/.local/lib/python3.6/site-packages/airflow/example_dags/example_branch_datetime_operator.py
[2023-02-16 21:08:42,889] {logging_mixin.py:104} INFO - [2023-02-16 21:08:42,889] {dag.py:1833} INFO - Sync 1 DAGs
[2023-02-16 21:08:42,910] {logging_mixin.py:104} INFO - [2023-02-16 21:08:42,910] {dag.py:2306} INFO - Setting next_dagrun for example_branch_datetime_operator_2 to 2023-02-14 00:00:00+00:00
[2023-02-16 21:08:42,921] {scheduler_job.py:190} INFO - Processing /home/airflow/.local/lib/python3.6/site-packages/airflow/example_dags/example_branch_datetime_operator.py took 0.075 seconds
[2023-02-16 21:09:13,643] {scheduler_job.py:182} INFO - Started process (PID=2967) to work on /home/airflow/.local/lib/python3.6/site-packages/airflow/example_dags/example_branch_datetime_operator.py
[2023-02-16 21:09:13,644] {scheduler_job.py:633} INFO - Processing file /home/airflow/.local/lib/python3.6/site-packages/airflow/example_dags/example_branch_datetime_operator.py for tasks to queue
[2023-02-16 21:09:13,644] {logging_mixin.py:104} INFO - [2023-02-16 21:09:13,644] {dagbag.py:496} INFO - Filling up the DagBag from /home/airflow/.local/lib/python3.6/site-packages/airflow/example_dags/example_branch_datetime_operator.py
[2023-02-16 21:09:13,655] {scheduler_job.py:643} INFO - DAG(s) dict_keys(['example_branch_datetime_operator_2']) retrieved from /home/airflow/.local/lib/python3.6/site-packages/airflow/example_dags/example_branch_datetime_operator.py
[2023-02-16 21:09:13,674] {logging_mixin.py:104} INFO - [2023-02-16 21:09:13,674] {dag.py:1833} INFO - Sync 1 DAGs
[2023-02-16 21:09:13,691] {logging_mixin.py:104} INFO - [2023-02-16 21:09:13,691] {dag.py:2306} INFO - Setting next_dagrun for example_branch_datetime_operator_2 to 2023-02-14 00:00:00+00:00
[2023-02-16 21:09:13,699] {scheduler_job.py:190} INFO - Processing /home/airflow/.local/lib/python3.6/site-packages/airflow/example_dags/example_branch_datetime_operator.py took 0.059 seconds
[2023-02-16 21:09:44,193] {scheduler_job.py:182} INFO - Started process (PID=3028) to work on /home/airflow/.local/lib/python3.6/site-packages/airflow/example_dags/example_branch_datetime_operator.py
[2023-02-16 21:09:44,194] {scheduler_job.py:633} INFO - Processing file /home/airflow/.local/lib/python3.6/site-packages/airflow/example_dags/example_branch_datetime_operator.py for tasks to queue
[2023-02-16 21:09:44,194] {logging_mixin.py:104} INFO - [2023-02-16 21:09:44,194] {dagbag.py:496} INFO - Filling up the DagBag from /home/airflow/.local/lib/python3.6/site-packages/airflow/example_dags/example_branch_datetime_operator.py
[2023-02-16 21:09:44,206] {scheduler_job.py:643} INFO - DAG(s) dict_keys(['example_branch_datetime_operator_2']) retrieved from /home/airflow/.local/lib/python3.6/site-packages/airflow/example_dags/example_branch_datetime_operator.py
[2023-02-16 21:09:44,226] {logging_mixin.py:104} INFO - [2023-02-16 21:09:44,226] {dag.py:1833} INFO - Sync 1 DAGs
[2023-02-16 21:09:44,246] {logging_mixin.py:104} INFO - [2023-02-16 21:09:44,245] {dag.py:2306} INFO - Setting next_dagrun for example_branch_datetime_operator_2 to 2023-02-14 00:00:00+00:00
[2023-02-16 21:09:44,254] {scheduler_job.py:190} INFO - Processing /home/airflow/.local/lib/python3.6/site-packages/airflow/example_dags/example_branch_datetime_operator.py took 0.064 seconds
[2023-02-16 21:10:14,291] {scheduler_job.py:182} INFO - Started process (PID=3079) to work on /home/airflow/.local/lib/python3.6/site-packages/airflow/example_dags/example_branch_datetime_operator.py
[2023-02-16 21:10:14,292] {scheduler_job.py:633} INFO - Processing file /home/airflow/.local/lib/python3.6/site-packages/airflow/example_dags/example_branch_datetime_operator.py for tasks to queue
[2023-02-16 21:10:14,292] {logging_mixin.py:104} INFO - [2023-02-16 21:10:14,292] {dagbag.py:496} INFO - Filling up the DagBag from /home/airflow/.local/lib/python3.6/site-packages/airflow/example_dags/example_branch_datetime_operator.py
[2023-02-16 21:10:14,303] {scheduler_job.py:643} INFO - DAG(s) dict_keys(['example_branch_datetime_operator_2']) retrieved from /home/airflow/.local/lib/python3.6/site-packages/airflow/example_dags/example_branch_datetime_operator.py
[2023-02-16 21:10:14,348] {logging_mixin.py:104} INFO - [2023-02-16 21:10:14,348] {dag.py:1833} INFO - Sync 1 DAGs
[2023-02-16 21:10:14,366] {logging_mixin.py:104} INFO - [2023-02-16 21:10:14,366] {dag.py:2306} INFO - Setting next_dagrun for example_branch_datetime_operator_2 to 2023-02-14 00:00:00+00:00
[2023-02-16 21:10:14,377] {scheduler_job.py:190} INFO - Processing /home/airflow/.local/lib/python3.6/site-packages/airflow/example_dags/example_branch_datetime_operator.py took 0.089 seconds
[2023-02-16 21:10:45,137] {scheduler_job.py:182} INFO - Started process (PID=3140) to work on /home/airflow/.local/lib/python3.6/site-packages/airflow/example_dags/example_branch_datetime_operator.py
[2023-02-16 21:10:45,138] {scheduler_job.py:633} INFO - Processing file /home/airflow/.local/lib/python3.6/site-packages/airflow/example_dags/example_branch_datetime_operator.py for tasks to queue
[2023-02-16 21:10:45,139] {logging_mixin.py:104} INFO - [2023-02-16 21:10:45,139] {dagbag.py:496} INFO - Filling up the DagBag from /home/airflow/.local/lib/python3.6/site-packages/airflow/example_dags/example_branch_datetime_operator.py
[2023-02-16 21:10:45,149] {scheduler_job.py:643} INFO - DAG(s) dict_keys(['example_branch_datetime_operator_2']) retrieved from /home/airflow/.local/lib/python3.6/site-packages/airflow/example_dags/example_branch_datetime_operator.py
[2023-02-16 21:10:45,168] {logging_mixin.py:104} INFO - [2023-02-16 21:10:45,167] {dag.py:1833} INFO - Sync 1 DAGs
[2023-02-16 21:10:45,185] {logging_mixin.py:104} INFO - [2023-02-16 21:10:45,185] {dag.py:2306} INFO - Setting next_dagrun for example_branch_datetime_operator_2 to 2023-02-14 00:00:00+00:00
[2023-02-16 21:10:45,193] {scheduler_job.py:190} INFO - Processing /home/airflow/.local/lib/python3.6/site-packages/airflow/example_dags/example_branch_datetime_operator.py took 0.058 seconds
[2023-02-16 21:11:15,631] {scheduler_job.py:182} INFO - Started process (PID=3191) to work on /home/airflow/.local/lib/python3.6/site-packages/airflow/example_dags/example_branch_datetime_operator.py
[2023-02-16 21:11:15,632] {scheduler_job.py:633} INFO - Processing file /home/airflow/.local/lib/python3.6/site-packages/airflow/example_dags/example_branch_datetime_operator.py for tasks to queue
[2023-02-16 21:11:15,632] {logging_mixin.py:104} INFO - [2023-02-16 21:11:15,632] {dagbag.py:496} INFO - Filling up the DagBag from /home/airflow/.local/lib/python3.6/site-packages/airflow/example_dags/example_branch_datetime_operator.py
[2023-02-16 21:11:15,641] {scheduler_job.py:643} INFO - DAG(s) dict_keys(['example_branch_datetime_operator_2']) retrieved from /home/airflow/.local/lib/python3.6/site-packages/airflow/example_dags/example_branch_datetime_operator.py
[2023-02-16 21:11:15,658] {logging_mixin.py:104} INFO - [2023-02-16 21:11:15,658] {dag.py:1833} INFO - Sync 1 DAGs
[2023-02-16 21:11:15,675] {logging_mixin.py:104} INFO - [2023-02-16 21:11:15,675] {dag.py:2306} INFO - Setting next_dagrun for example_branch_datetime_operator_2 to 2023-02-14 00:00:00+00:00
[2023-02-16 21:11:15,683] {scheduler_job.py:190} INFO - Processing /home/airflow/.local/lib/python3.6/site-packages/airflow/example_dags/example_branch_datetime_operator.py took 0.055 seconds
[2023-02-16 21:11:46,178] {scheduler_job.py:182} INFO - Started process (PID=3252) to work on /home/airflow/.local/lib/python3.6/site-packages/airflow/example_dags/example_branch_datetime_operator.py
[2023-02-16 21:11:46,179] {scheduler_job.py:633} INFO - Processing file /home/airflow/.local/lib/python3.6/site-packages/airflow/example_dags/example_branch_datetime_operator.py for tasks to queue
[2023-02-16 21:11:46,179] {logging_mixin.py:104} INFO - [2023-02-16 21:11:46,179] {dagbag.py:496} INFO - Filling up the DagBag from /home/airflow/.local/lib/python3.6/site-packages/airflow/example_dags/example_branch_datetime_operator.py
[2023-02-16 21:11:46,188] {scheduler_job.py:643} INFO - DAG(s) dict_keys(['example_branch_datetime_operator_2']) retrieved from /home/airflow/.local/lib/python3.6/site-packages/airflow/example_dags/example_branch_datetime_operator.py
[2023-02-16 21:11:46,207] {logging_mixin.py:104} INFO - [2023-02-16 21:11:46,207] {dag.py:1833} INFO - Sync 1 DAGs
[2023-02-16 21:11:46,224] {logging_mixin.py:104} INFO - [2023-02-16 21:11:46,224] {dag.py:2306} INFO - Setting next_dagrun for example_branch_datetime_operator_2 to 2023-02-14 00:00:00+00:00
[2023-02-16 21:11:46,236] {scheduler_job.py:190} INFO - Processing /home/airflow/.local/lib/python3.6/site-packages/airflow/example_dags/example_branch_datetime_operator.py took 0.060 seconds
[2023-02-16 21:12:16,569] {scheduler_job.py:182} INFO - Started process (PID=3303) to work on /home/airflow/.local/lib/python3.6/site-packages/airflow/example_dags/example_branch_datetime_operator.py
[2023-02-16 21:12:16,570] {scheduler_job.py:633} INFO - Processing file /home/airflow/.local/lib/python3.6/site-packages/airflow/example_dags/example_branch_datetime_operator.py for tasks to queue
[2023-02-16 21:12:16,570] {logging_mixin.py:104} INFO - [2023-02-16 21:12:16,570] {dagbag.py:496} INFO - Filling up the DagBag from /home/airflow/.local/lib/python3.6/site-packages/airflow/example_dags/example_branch_datetime_operator.py
[2023-02-16 21:12:16,580] {scheduler_job.py:643} INFO - DAG(s) dict_keys(['example_branch_datetime_operator_2']) retrieved from /home/airflow/.local/lib/python3.6/site-packages/airflow/example_dags/example_branch_datetime_operator.py
[2023-02-16 21:12:16,597] {logging_mixin.py:104} INFO - [2023-02-16 21:12:16,597] {dag.py:1833} INFO - Sync 1 DAGs
[2023-02-16 21:12:16,613] {logging_mixin.py:104} INFO - [2023-02-16 21:12:16,613] {dag.py:2306} INFO - Setting next_dagrun for example_branch_datetime_operator_2 to 2023-02-14 00:00:00+00:00
[2023-02-16 21:12:16,622] {scheduler_job.py:190} INFO - Processing /home/airflow/.local/lib/python3.6/site-packages/airflow/example_dags/example_branch_datetime_operator.py took 0.055 seconds
[2023-02-16 21:12:46,965] {scheduler_job.py:182} INFO - Started process (PID=3364) to work on /home/airflow/.local/lib/python3.6/site-packages/airflow/example_dags/example_branch_datetime_operator.py
[2023-02-16 21:12:46,966] {scheduler_job.py:633} INFO - Processing file /home/airflow/.local/lib/python3.6/site-packages/airflow/example_dags/example_branch_datetime_operator.py for tasks to queue
[2023-02-16 21:12:46,967] {logging_mixin.py:104} INFO - [2023-02-16 21:12:46,967] {dagbag.py:496} INFO - Filling up the DagBag from /home/airflow/.local/lib/python3.6/site-packages/airflow/example_dags/example_branch_datetime_operator.py
[2023-02-16 21:12:46,980] {scheduler_job.py:643} INFO - DAG(s) dict_keys(['example_branch_datetime_operator_2']) retrieved from /home/airflow/.local/lib/python3.6/site-packages/airflow/example_dags/example_branch_datetime_operator.py
[2023-02-16 21:12:47,000] {logging_mixin.py:104} INFO - [2023-02-16 21:12:47,000] {dag.py:1833} INFO - Sync 1 DAGs
[2023-02-16 21:12:47,018] {logging_mixin.py:104} INFO - [2023-02-16 21:12:47,018] {dag.py:2306} INFO - Setting next_dagrun for example_branch_datetime_operator_2 to 2023-02-14 00:00:00+00:00
[2023-02-16 21:12:47,026] {scheduler_job.py:190} INFO - Processing /home/airflow/.local/lib/python3.6/site-packages/airflow/example_dags/example_branch_datetime_operator.py took 0.064 seconds
[2023-02-16 21:13:17,609] {scheduler_job.py:182} INFO - Started process (PID=3415) to work on /home/airflow/.local/lib/python3.6/site-packages/airflow/example_dags/example_branch_datetime_operator.py
[2023-02-16 21:13:17,611] {scheduler_job.py:633} INFO - Processing file /home/airflow/.local/lib/python3.6/site-packages/airflow/example_dags/example_branch_datetime_operator.py for tasks to queue
[2023-02-16 21:13:17,612] {logging_mixin.py:104} INFO - [2023-02-16 21:13:17,612] {dagbag.py:496} INFO - Filling up the DagBag from /home/airflow/.local/lib/python3.6/site-packages/airflow/example_dags/example_branch_datetime_operator.py
[2023-02-16 21:13:17,631] {scheduler_job.py:643} INFO - DAG(s) dict_keys(['example_branch_datetime_operator_2']) retrieved from /home/airflow/.local/lib/python3.6/site-packages/airflow/example_dags/example_branch_datetime_operator.py
[2023-02-16 21:13:17,700] {logging_mixin.py:104} INFO - [2023-02-16 21:13:17,699] {dag.py:1833} INFO - Sync 1 DAGs
[2023-02-16 21:13:17,720] {logging_mixin.py:104} INFO - [2023-02-16 21:13:17,720] {dag.py:2306} INFO - Setting next_dagrun for example_branch_datetime_operator_2 to 2023-02-14 00:00:00+00:00
[2023-02-16 21:13:17,731] {scheduler_job.py:190} INFO - Processing /home/airflow/.local/lib/python3.6/site-packages/airflow/example_dags/example_branch_datetime_operator.py took 0.127 seconds
[2023-02-16 21:13:48,014] {scheduler_job.py:182} INFO - Started process (PID=3476) to work on /home/airflow/.local/lib/python3.6/site-packages/airflow/example_dags/example_branch_datetime_operator.py
[2023-02-16 21:13:48,015] {scheduler_job.py:633} INFO - Processing file /home/airflow/.local/lib/python3.6/site-packages/airflow/example_dags/example_branch_datetime_operator.py for tasks to queue
[2023-02-16 21:13:48,017] {logging_mixin.py:104} INFO - [2023-02-16 21:13:48,017] {dagbag.py:496} INFO - Filling up the DagBag from /home/airflow/.local/lib/python3.6/site-packages/airflow/example_dags/example_branch_datetime_operator.py
[2023-02-16 21:13:48,040] {scheduler_job.py:643} INFO - DAG(s) dict_keys(['example_branch_datetime_operator_2']) retrieved from /home/airflow/.local/lib/python3.6/site-packages/airflow/example_dags/example_branch_datetime_operator.py
[2023-02-16 21:13:48,121] {logging_mixin.py:104} INFO - [2023-02-16 21:13:48,120] {dag.py:1833} INFO - Sync 1 DAGs
[2023-02-16 21:13:48,152] {logging_mixin.py:104} INFO - [2023-02-16 21:13:48,152] {dag.py:2306} INFO - Setting next_dagrun for example_branch_datetime_operator_2 to 2023-02-14 00:00:00+00:00
[2023-02-16 21:13:48,193] {scheduler_job.py:190} INFO - Processing /home/airflow/.local/lib/python3.6/site-packages/airflow/example_dags/example_branch_datetime_operator.py took 0.192 seconds
[2023-02-16 21:14:18,554] {scheduler_job.py:182} INFO - Started process (PID=3527) to work on /home/airflow/.local/lib/python3.6/site-packages/airflow/example_dags/example_branch_datetime_operator.py
[2023-02-16 21:14:18,555] {scheduler_job.py:633} INFO - Processing file /home/airflow/.local/lib/python3.6/site-packages/airflow/example_dags/example_branch_datetime_operator.py for tasks to queue
[2023-02-16 21:14:18,555] {logging_mixin.py:104} INFO - [2023-02-16 21:14:18,555] {dagbag.py:496} INFO - Filling up the DagBag from /home/airflow/.local/lib/python3.6/site-packages/airflow/example_dags/example_branch_datetime_operator.py
[2023-02-16 21:14:18,567] {scheduler_job.py:643} INFO - DAG(s) dict_keys(['example_branch_datetime_operator_2']) retrieved from /home/airflow/.local/lib/python3.6/site-packages/airflow/example_dags/example_branch_datetime_operator.py
[2023-02-16 21:14:18,608] {logging_mixin.py:104} INFO - [2023-02-16 21:14:18,607] {dag.py:1833} INFO - Sync 1 DAGs
[2023-02-16 21:14:18,627] {logging_mixin.py:104} INFO - [2023-02-16 21:14:18,627] {dag.py:2306} INFO - Setting next_dagrun for example_branch_datetime_operator_2 to 2023-02-14 00:00:00+00:00
[2023-02-16 21:14:18,634] {scheduler_job.py:190} INFO - Processing /home/airflow/.local/lib/python3.6/site-packages/airflow/example_dags/example_branch_datetime_operator.py took 0.083 seconds
[2023-02-16 21:14:48,845] {scheduler_job.py:182} INFO - Started process (PID=3587) to work on /home/airflow/.local/lib/python3.6/site-packages/airflow/example_dags/example_branch_datetime_operator.py
[2023-02-16 21:14:48,846] {scheduler_job.py:633} INFO - Processing file /home/airflow/.local/lib/python3.6/site-packages/airflow/example_dags/example_branch_datetime_operator.py for tasks to queue
[2023-02-16 21:14:48,846] {logging_mixin.py:104} INFO - [2023-02-16 21:14:48,846] {dagbag.py:496} INFO - Filling up the DagBag from /home/airflow/.local/lib/python3.6/site-packages/airflow/example_dags/example_branch_datetime_operator.py
[2023-02-16 21:14:48,855] {scheduler_job.py:643} INFO - DAG(s) dict_keys(['example_branch_datetime_operator_2']) retrieved from /home/airflow/.local/lib/python3.6/site-packages/airflow/example_dags/example_branch_datetime_operator.py
[2023-02-16 21:14:48,874] {logging_mixin.py:104} INFO - [2023-02-16 21:14:48,874] {dag.py:1833} INFO - Sync 1 DAGs
[2023-02-16 21:14:48,891] {logging_mixin.py:104} INFO - [2023-02-16 21:14:48,891] {dag.py:2306} INFO - Setting next_dagrun for example_branch_datetime_operator_2 to 2023-02-14 00:00:00+00:00
[2023-02-16 21:14:48,900] {scheduler_job.py:190} INFO - Processing /home/airflow/.local/lib/python3.6/site-packages/airflow/example_dags/example_branch_datetime_operator.py took 0.057 seconds
[2023-02-16 21:15:19,305] {scheduler_job.py:182} INFO - Started process (PID=3639) to work on /home/airflow/.local/lib/python3.6/site-packages/airflow/example_dags/example_branch_datetime_operator.py
[2023-02-16 21:15:19,306] {scheduler_job.py:633} INFO - Processing file /home/airflow/.local/lib/python3.6/site-packages/airflow/example_dags/example_branch_datetime_operator.py for tasks to queue
[2023-02-16 21:15:19,307] {logging_mixin.py:104} INFO - [2023-02-16 21:15:19,307] {dagbag.py:496} INFO - Filling up the DagBag from /home/airflow/.local/lib/python3.6/site-packages/airflow/example_dags/example_branch_datetime_operator.py
[2023-02-16 21:15:19,319] {scheduler_job.py:643} INFO - DAG(s) dict_keys(['example_branch_datetime_operator_2']) retrieved from /home/airflow/.local/lib/python3.6/site-packages/airflow/example_dags/example_branch_datetime_operator.py
[2023-02-16 21:15:19,338] {logging_mixin.py:104} INFO - [2023-02-16 21:15:19,338] {dag.py:1833} INFO - Sync 1 DAGs
[2023-02-16 21:15:19,354] {logging_mixin.py:104} INFO - [2023-02-16 21:15:19,354] {dag.py:2306} INFO - Setting next_dagrun for example_branch_datetime_operator_2 to 2023-02-14 00:00:00+00:00
[2023-02-16 21:15:19,362] {scheduler_job.py:190} INFO - Processing /home/airflow/.local/lib/python3.6/site-packages/airflow/example_dags/example_branch_datetime_operator.py took 0.060 seconds
[2023-02-16 21:15:49,753] {scheduler_job.py:182} INFO - Started process (PID=3700) to work on /home/airflow/.local/lib/python3.6/site-packages/airflow/example_dags/example_branch_datetime_operator.py
[2023-02-16 21:15:49,754] {scheduler_job.py:633} INFO - Processing file /home/airflow/.local/lib/python3.6/site-packages/airflow/example_dags/example_branch_datetime_operator.py for tasks to queue
[2023-02-16 21:15:49,755] {logging_mixin.py:104} INFO - [2023-02-16 21:15:49,755] {dagbag.py:496} INFO - Filling up the DagBag from /home/airflow/.local/lib/python3.6/site-packages/airflow/example_dags/example_branch_datetime_operator.py
[2023-02-16 21:15:49,765] {scheduler_job.py:643} INFO - DAG(s) dict_keys(['example_branch_datetime_operator_2']) retrieved from /home/airflow/.local/lib/python3.6/site-packages/airflow/example_dags/example_branch_datetime_operator.py
[2023-02-16 21:15:49,786] {logging_mixin.py:104} INFO - [2023-02-16 21:15:49,786] {dag.py:1833} INFO - Sync 1 DAGs
[2023-02-16 21:15:49,804] {logging_mixin.py:104} INFO - [2023-02-16 21:15:49,804] {dag.py:2306} INFO - Setting next_dagrun for example_branch_datetime_operator_2 to 2023-02-14 00:00:00+00:00
[2023-02-16 21:15:49,812] {scheduler_job.py:190} INFO - Processing /home/airflow/.local/lib/python3.6/site-packages/airflow/example_dags/example_branch_datetime_operator.py took 0.062 seconds
[2023-02-16 21:16:20,272] {scheduler_job.py:182} INFO - Started process (PID=3751) to work on /home/airflow/.local/lib/python3.6/site-packages/airflow/example_dags/example_branch_datetime_operator.py
[2023-02-16 21:16:20,273] {scheduler_job.py:633} INFO - Processing file /home/airflow/.local/lib/python3.6/site-packages/airflow/example_dags/example_branch_datetime_operator.py for tasks to queue
[2023-02-16 21:16:20,273] {logging_mixin.py:104} INFO - [2023-02-16 21:16:20,273] {dagbag.py:496} INFO - Filling up the DagBag from /home/airflow/.local/lib/python3.6/site-packages/airflow/example_dags/example_branch_datetime_operator.py
[2023-02-16 21:16:20,282] {scheduler_job.py:643} INFO - DAG(s) dict_keys(['example_branch_datetime_operator_2']) retrieved from /home/airflow/.local/lib/python3.6/site-packages/airflow/example_dags/example_branch_datetime_operator.py
[2023-02-16 21:16:20,301] {logging_mixin.py:104} INFO - [2023-02-16 21:16:20,300] {dag.py:1833} INFO - Sync 1 DAGs
[2023-02-16 21:16:20,317] {logging_mixin.py:104} INFO - [2023-02-16 21:16:20,317] {dag.py:2306} INFO - Setting next_dagrun for example_branch_datetime_operator_2 to 2023-02-14 00:00:00+00:00
[2023-02-16 21:16:20,324] {scheduler_job.py:190} INFO - Processing /home/airflow/.local/lib/python3.6/site-packages/airflow/example_dags/example_branch_datetime_operator.py took 0.055 seconds
[2023-02-16 21:16:50,600] {scheduler_job.py:182} INFO - Started process (PID=3812) to work on /home/airflow/.local/lib/python3.6/site-packages/airflow/example_dags/example_branch_datetime_operator.py
[2023-02-16 21:16:50,601] {scheduler_job.py:633} INFO - Processing file /home/airflow/.local/lib/python3.6/site-packages/airflow/example_dags/example_branch_datetime_operator.py for tasks to queue
[2023-02-16 21:16:50,601] {logging_mixin.py:104} INFO - [2023-02-16 21:16:50,601] {dagbag.py:496} INFO - Filling up the DagBag from /home/airflow/.local/lib/python3.6/site-packages/airflow/example_dags/example_branch_datetime_operator.py
[2023-02-16 21:16:50,613] {scheduler_job.py:643} INFO - DAG(s) dict_keys(['example_branch_datetime_operator_2']) retrieved from /home/airflow/.local/lib/python3.6/site-packages/airflow/example_dags/example_branch_datetime_operator.py
[2023-02-16 21:16:50,631] {logging_mixin.py:104} INFO - [2023-02-16 21:16:50,631] {dag.py:1833} INFO - Sync 1 DAGs
[2023-02-16 21:16:50,646] {logging_mixin.py:104} INFO - [2023-02-16 21:16:50,646] {dag.py:2306} INFO - Setting next_dagrun for example_branch_datetime_operator_2 to 2023-02-14 00:00:00+00:00
[2023-02-16 21:16:50,657] {scheduler_job.py:190} INFO - Processing /home/airflow/.local/lib/python3.6/site-packages/airflow/example_dags/example_branch_datetime_operator.py took 0.059 seconds
[2023-02-16 21:17:21,116] {scheduler_job.py:182} INFO - Started process (PID=3863) to work on /home/airflow/.local/lib/python3.6/site-packages/airflow/example_dags/example_branch_datetime_operator.py
[2023-02-16 21:17:21,117] {scheduler_job.py:633} INFO - Processing file /home/airflow/.local/lib/python3.6/site-packages/airflow/example_dags/example_branch_datetime_operator.py for tasks to queue
[2023-02-16 21:17:21,117] {logging_mixin.py:104} INFO - [2023-02-16 21:17:21,117] {dagbag.py:496} INFO - Filling up the DagBag from /home/airflow/.local/lib/python3.6/site-packages/airflow/example_dags/example_branch_datetime_operator.py
[2023-02-16 21:17:21,127] {scheduler_job.py:643} INFO - DAG(s) dict_keys(['example_branch_datetime_operator_2']) retrieved from /home/airflow/.local/lib/python3.6/site-packages/airflow/example_dags/example_branch_datetime_operator.py
[2023-02-16 21:17:21,144] {logging_mixin.py:104} INFO - [2023-02-16 21:17:21,144] {dag.py:1833} INFO - Sync 1 DAGs
[2023-02-16 21:17:21,161] {logging_mixin.py:104} INFO - [2023-02-16 21:17:21,161] {dag.py:2306} INFO - Setting next_dagrun for example_branch_datetime_operator_2 to 2023-02-14 00:00:00+00:00
[2023-02-16 21:17:21,169] {scheduler_job.py:190} INFO - Processing /home/airflow/.local/lib/python3.6/site-packages/airflow/example_dags/example_branch_datetime_operator.py took 0.055 seconds
[2023-02-16 21:17:51,531] {scheduler_job.py:182} INFO - Started process (PID=3924) to work on /home/airflow/.local/lib/python3.6/site-packages/airflow/example_dags/example_branch_datetime_operator.py
[2023-02-16 21:17:51,532] {scheduler_job.py:633} INFO - Processing file /home/airflow/.local/lib/python3.6/site-packages/airflow/example_dags/example_branch_datetime_operator.py for tasks to queue
[2023-02-16 21:17:51,532] {logging_mixin.py:104} INFO - [2023-02-16 21:17:51,532] {dagbag.py:496} INFO - Filling up the DagBag from /home/airflow/.local/lib/python3.6/site-packages/airflow/example_dags/example_branch_datetime_operator.py
[2023-02-16 21:17:51,543] {scheduler_job.py:643} INFO - DAG(s) dict_keys(['example_branch_datetime_operator_2']) retrieved from /home/airflow/.local/lib/python3.6/site-packages/airflow/example_dags/example_branch_datetime_operator.py
[2023-02-16 21:17:51,563] {logging_mixin.py:104} INFO - [2023-02-16 21:17:51,563] {dag.py:1833} INFO - Sync 1 DAGs
[2023-02-16 21:17:51,580] {logging_mixin.py:104} INFO - [2023-02-16 21:17:51,580] {dag.py:2306} INFO - Setting next_dagrun for example_branch_datetime_operator_2 to 2023-02-14 00:00:00+00:00
[2023-02-16 21:17:51,588] {scheduler_job.py:190} INFO - Processing /home/airflow/.local/lib/python3.6/site-packages/airflow/example_dags/example_branch_datetime_operator.py took 0.060 seconds
[2023-02-16 21:18:21,986] {scheduler_job.py:182} INFO - Started process (PID=3975) to work on /home/airflow/.local/lib/python3.6/site-packages/airflow/example_dags/example_branch_datetime_operator.py
[2023-02-16 21:18:21,988] {scheduler_job.py:633} INFO - Processing file /home/airflow/.local/lib/python3.6/site-packages/airflow/example_dags/example_branch_datetime_operator.py for tasks to queue
[2023-02-16 21:18:21,988] {logging_mixin.py:104} INFO - [2023-02-16 21:18:21,988] {dagbag.py:496} INFO - Filling up the DagBag from /home/airflow/.local/lib/python3.6/site-packages/airflow/example_dags/example_branch_datetime_operator.py
[2023-02-16 21:18:21,998] {scheduler_job.py:643} INFO - DAG(s) dict_keys(['example_branch_datetime_operator_2']) retrieved from /home/airflow/.local/lib/python3.6/site-packages/airflow/example_dags/example_branch_datetime_operator.py
[2023-02-16 21:18:22,018] {logging_mixin.py:104} INFO - [2023-02-16 21:18:22,018] {dag.py:1833} INFO - Sync 1 DAGs
[2023-02-16 21:18:22,035] {logging_mixin.py:104} INFO - [2023-02-16 21:18:22,035] {dag.py:2306} INFO - Setting next_dagrun for example_branch_datetime_operator_2 to 2023-02-14 00:00:00+00:00
[2023-02-16 21:18:22,042] {scheduler_job.py:190} INFO - Processing /home/airflow/.local/lib/python3.6/site-packages/airflow/example_dags/example_branch_datetime_operator.py took 0.058 seconds
[2023-02-16 21:18:52,265] {scheduler_job.py:182} INFO - Started process (PID=4036) to work on /home/airflow/.local/lib/python3.6/site-packages/airflow/example_dags/example_branch_datetime_operator.py
[2023-02-16 21:18:52,267] {scheduler_job.py:633} INFO - Processing file /home/airflow/.local/lib/python3.6/site-packages/airflow/example_dags/example_branch_datetime_operator.py for tasks to queue
[2023-02-16 21:18:52,268] {logging_mixin.py:104} INFO - [2023-02-16 21:18:52,268] {dagbag.py:496} INFO - Filling up the DagBag from /home/airflow/.local/lib/python3.6/site-packages/airflow/example_dags/example_branch_datetime_operator.py
[2023-02-16 21:18:52,280] {scheduler_job.py:643} INFO - DAG(s) dict_keys(['example_branch_datetime_operator_2']) retrieved from /home/airflow/.local/lib/python3.6/site-packages/airflow/example_dags/example_branch_datetime_operator.py
[2023-02-16 21:18:52,302] {logging_mixin.py:104} INFO - [2023-02-16 21:18:52,301] {dag.py:1833} INFO - Sync 1 DAGs
[2023-02-16 21:18:52,324] {logging_mixin.py:104} INFO - [2023-02-16 21:18:52,323] {dag.py:2306} INFO - Setting next_dagrun for example_branch_datetime_operator_2 to 2023-02-14 00:00:00+00:00
[2023-02-16 21:18:52,335] {scheduler_job.py:190} INFO - Processing /home/airflow/.local/lib/python3.6/site-packages/airflow/example_dags/example_branch_datetime_operator.py took 0.072 seconds
[2023-02-16 21:19:22,739] {scheduler_job.py:182} INFO - Started process (PID=4087) to work on /home/airflow/.local/lib/python3.6/site-packages/airflow/example_dags/example_branch_datetime_operator.py
[2023-02-16 21:19:22,739] {scheduler_job.py:633} INFO - Processing file /home/airflow/.local/lib/python3.6/site-packages/airflow/example_dags/example_branch_datetime_operator.py for tasks to queue
[2023-02-16 21:19:22,740] {logging_mixin.py:104} INFO - [2023-02-16 21:19:22,740] {dagbag.py:496} INFO - Filling up the DagBag from /home/airflow/.local/lib/python3.6/site-packages/airflow/example_dags/example_branch_datetime_operator.py
[2023-02-16 21:19:22,749] {scheduler_job.py:643} INFO - DAG(s) dict_keys(['example_branch_datetime_operator_2']) retrieved from /home/airflow/.local/lib/python3.6/site-packages/airflow/example_dags/example_branch_datetime_operator.py
[2023-02-16 21:19:22,766] {logging_mixin.py:104} INFO - [2023-02-16 21:19:22,766] {dag.py:1833} INFO - Sync 1 DAGs
[2023-02-16 21:19:22,781] {logging_mixin.py:104} INFO - [2023-02-16 21:19:22,781] {dag.py:2306} INFO - Setting next_dagrun for example_branch_datetime_operator_2 to 2023-02-14 00:00:00+00:00
[2023-02-16 21:19:22,789] {scheduler_job.py:190} INFO - Processing /home/airflow/.local/lib/python3.6/site-packages/airflow/example_dags/example_branch_datetime_operator.py took 0.053 seconds
[2023-02-16 21:19:53,172] {scheduler_job.py:182} INFO - Started process (PID=4148) to work on /home/airflow/.local/lib/python3.6/site-packages/airflow/example_dags/example_branch_datetime_operator.py
[2023-02-16 21:19:53,173] {scheduler_job.py:633} INFO - Processing file /home/airflow/.local/lib/python3.6/site-packages/airflow/example_dags/example_branch_datetime_operator.py for tasks to queue
[2023-02-16 21:19:53,173] {logging_mixin.py:104} INFO - [2023-02-16 21:19:53,173] {dagbag.py:496} INFO - Filling up the DagBag from /home/airflow/.local/lib/python3.6/site-packages/airflow/example_dags/example_branch_datetime_operator.py
[2023-02-16 21:19:53,183] {scheduler_job.py:643} INFO - DAG(s) dict_keys(['example_branch_datetime_operator_2']) retrieved from /home/airflow/.local/lib/python3.6/site-packages/airflow/example_dags/example_branch_datetime_operator.py
[2023-02-16 21:19:53,202] {logging_mixin.py:104} INFO - [2023-02-16 21:19:53,202] {dag.py:1833} INFO - Sync 1 DAGs
[2023-02-16 21:19:53,218] {logging_mixin.py:104} INFO - [2023-02-16 21:19:53,217] {dag.py:2306} INFO - Setting next_dagrun for example_branch_datetime_operator_2 to 2023-02-14 00:00:00+00:00
[2023-02-16 21:19:53,227] {scheduler_job.py:190} INFO - Processing /home/airflow/.local/lib/python3.6/site-packages/airflow/example_dags/example_branch_datetime_operator.py took 0.057 seconds
[2023-02-16 21:20:23,645] {scheduler_job.py:182} INFO - Started process (PID=4199) to work on /home/airflow/.local/lib/python3.6/site-packages/airflow/example_dags/example_branch_datetime_operator.py
[2023-02-16 21:20:23,645] {scheduler_job.py:633} INFO - Processing file /home/airflow/.local/lib/python3.6/site-packages/airflow/example_dags/example_branch_datetime_operator.py for tasks to queue
[2023-02-16 21:20:23,646] {logging_mixin.py:104} INFO - [2023-02-16 21:20:23,646] {dagbag.py:496} INFO - Filling up the DagBag from /home/airflow/.local/lib/python3.6/site-packages/airflow/example_dags/example_branch_datetime_operator.py
[2023-02-16 21:20:23,657] {scheduler_job.py:643} INFO - DAG(s) dict_keys(['example_branch_datetime_operator_2']) retrieved from /home/airflow/.local/lib/python3.6/site-packages/airflow/example_dags/example_branch_datetime_operator.py
[2023-02-16 21:20:23,680] {logging_mixin.py:104} INFO - [2023-02-16 21:20:23,680] {dag.py:1833} INFO - Sync 1 DAGs
[2023-02-16 21:20:23,706] {logging_mixin.py:104} INFO - [2023-02-16 21:20:23,706] {dag.py:2306} INFO - Setting next_dagrun for example_branch_datetime_operator_2 to 2023-02-14 00:00:00+00:00
[2023-02-16 21:20:23,719] {scheduler_job.py:190} INFO - Processing /home/airflow/.local/lib/python3.6/site-packages/airflow/example_dags/example_branch_datetime_operator.py took 0.077 seconds
[2023-02-16 21:20:54,214] {scheduler_job.py:182} INFO - Started process (PID=4260) to work on /home/airflow/.local/lib/python3.6/site-packages/airflow/example_dags/example_branch_datetime_operator.py
[2023-02-16 21:20:54,216] {scheduler_job.py:633} INFO - Processing file /home/airflow/.local/lib/python3.6/site-packages/airflow/example_dags/example_branch_datetime_operator.py for tasks to queue
[2023-02-16 21:20:54,216] {logging_mixin.py:104} INFO - [2023-02-16 21:20:54,216] {dagbag.py:496} INFO - Filling up the DagBag from /home/airflow/.local/lib/python3.6/site-packages/airflow/example_dags/example_branch_datetime_operator.py
[2023-02-16 21:20:54,233] {scheduler_job.py:643} INFO - DAG(s) dict_keys(['example_branch_datetime_operator_2']) retrieved from /home/airflow/.local/lib/python3.6/site-packages/airflow/example_dags/example_branch_datetime_operator.py
[2023-02-16 21:20:54,261] {logging_mixin.py:104} INFO - [2023-02-16 21:20:54,261] {dag.py:1833} INFO - Sync 1 DAGs
[2023-02-16 21:20:54,285] {logging_mixin.py:104} INFO - [2023-02-16 21:20:54,285] {dag.py:2306} INFO - Setting next_dagrun for example_branch_datetime_operator_2 to 2023-02-14 00:00:00+00:00
[2023-02-16 21:20:54,294] {scheduler_job.py:190} INFO - Processing /home/airflow/.local/lib/python3.6/site-packages/airflow/example_dags/example_branch_datetime_operator.py took 0.083 seconds
[2023-02-16 21:21:24,370] {scheduler_job.py:182} INFO - Started process (PID=4311) to work on /home/airflow/.local/lib/python3.6/site-packages/airflow/example_dags/example_branch_datetime_operator.py
[2023-02-16 21:21:24,370] {scheduler_job.py:633} INFO - Processing file /home/airflow/.local/lib/python3.6/site-packages/airflow/example_dags/example_branch_datetime_operator.py for tasks to queue
[2023-02-16 21:21:24,371] {logging_mixin.py:104} INFO - [2023-02-16 21:21:24,371] {dagbag.py:496} INFO - Filling up the DagBag from /home/airflow/.local/lib/python3.6/site-packages/airflow/example_dags/example_branch_datetime_operator.py
[2023-02-16 21:21:24,381] {scheduler_job.py:643} INFO - DAG(s) dict_keys(['example_branch_datetime_operator_2']) retrieved from /home/airflow/.local/lib/python3.6/site-packages/airflow/example_dags/example_branch_datetime_operator.py
[2023-02-16 21:21:24,399] {logging_mixin.py:104} INFO - [2023-02-16 21:21:24,399] {dag.py:1833} INFO - Sync 1 DAGs
[2023-02-16 21:21:24,413] {logging_mixin.py:104} INFO - [2023-02-16 21:21:24,413] {dag.py:2306} INFO - Setting next_dagrun for example_branch_datetime_operator_2 to 2023-02-14 00:00:00+00:00
[2023-02-16 21:21:24,421] {scheduler_job.py:190} INFO - Processing /home/airflow/.local/lib/python3.6/site-packages/airflow/example_dags/example_branch_datetime_operator.py took 0.054 seconds
[2023-02-16 21:21:55,118] {scheduler_job.py:182} INFO - Started process (PID=4372) to work on /home/airflow/.local/lib/python3.6/site-packages/airflow/example_dags/example_branch_datetime_operator.py
[2023-02-16 21:21:55,120] {scheduler_job.py:633} INFO - Processing file /home/airflow/.local/lib/python3.6/site-packages/airflow/example_dags/example_branch_datetime_operator.py for tasks to queue
[2023-02-16 21:21:55,120] {logging_mixin.py:104} INFO - [2023-02-16 21:21:55,120] {dagbag.py:496} INFO - Filling up the DagBag from /home/airflow/.local/lib/python3.6/site-packages/airflow/example_dags/example_branch_datetime_operator.py
[2023-02-16 21:21:55,133] {scheduler_job.py:643} INFO - DAG(s) dict_keys(['example_branch_datetime_operator_2']) retrieved from /home/airflow/.local/lib/python3.6/site-packages/airflow/example_dags/example_branch_datetime_operator.py
[2023-02-16 21:21:55,154] {logging_mixin.py:104} INFO - [2023-02-16 21:21:55,154] {dag.py:1833} INFO - Sync 1 DAGs
[2023-02-16 21:21:55,171] {logging_mixin.py:104} INFO - [2023-02-16 21:21:55,171] {dag.py:2306} INFO - Setting next_dagrun for example_branch_datetime_operator_2 to 2023-02-14 00:00:00+00:00
[2023-02-16 21:21:55,182] {scheduler_job.py:190} INFO - Processing /home/airflow/.local/lib/python3.6/site-packages/airflow/example_dags/example_branch_datetime_operator.py took 0.067 seconds
[2023-02-16 21:22:25,427] {scheduler_job.py:182} INFO - Started process (PID=4423) to work on /home/airflow/.local/lib/python3.6/site-packages/airflow/example_dags/example_branch_datetime_operator.py
[2023-02-16 21:22:25,427] {scheduler_job.py:633} INFO - Processing file /home/airflow/.local/lib/python3.6/site-packages/airflow/example_dags/example_branch_datetime_operator.py for tasks to queue
[2023-02-16 21:22:25,428] {logging_mixin.py:104} INFO - [2023-02-16 21:22:25,428] {dagbag.py:496} INFO - Filling up the DagBag from /home/airflow/.local/lib/python3.6/site-packages/airflow/example_dags/example_branch_datetime_operator.py
[2023-02-16 21:22:25,439] {scheduler_job.py:643} INFO - DAG(s) dict_keys(['example_branch_datetime_operator_2']) retrieved from /home/airflow/.local/lib/python3.6/site-packages/airflow/example_dags/example_branch_datetime_operator.py
[2023-02-16 21:22:25,460] {logging_mixin.py:104} INFO - [2023-02-16 21:22:25,460] {dag.py:1833} INFO - Sync 1 DAGs
[2023-02-16 21:22:25,480] {logging_mixin.py:104} INFO - [2023-02-16 21:22:25,480] {dag.py:2306} INFO - Setting next_dagrun for example_branch_datetime_operator_2 to 2023-02-14 00:00:00+00:00
[2023-02-16 21:22:25,492] {scheduler_job.py:190} INFO - Processing /home/airflow/.local/lib/python3.6/site-packages/airflow/example_dags/example_branch_datetime_operator.py took 0.068 seconds
