[2023-02-16 20:47:11,837] {scheduler_job.py:182} INFO - Started process (PID=241) to work on /home/airflow/.local/lib/python3.6/site-packages/airflow/example_dags/example_kubernetes_executor.py
[2023-02-16 20:47:11,838] {scheduler_job.py:633} INFO - Processing file /home/airflow/.local/lib/python3.6/site-packages/airflow/example_dags/example_kubernetes_executor.py for tasks to queue
[2023-02-16 20:47:11,839] {logging_mixin.py:104} INFO - [2023-02-16 20:47:11,839] {dagbag.py:496} INFO - Filling up the DagBag from /home/airflow/.local/lib/python3.6/site-packages/airflow/example_dags/example_kubernetes_executor.py
[2023-02-16 20:47:11,851] {scheduler_job.py:643} INFO - DAG(s) dict_keys(['example_kubernetes_executor']) retrieved from /home/airflow/.local/lib/python3.6/site-packages/airflow/example_dags/example_kubernetes_executor.py
[2023-02-16 20:47:14,409] {logging_mixin.py:104} INFO - [2023-02-16 20:47:14,409] {dag.py:1833} INFO - Sync 1 DAGs
[2023-02-16 20:47:14,419] {logging_mixin.py:104} INFO - [2023-02-16 20:47:14,418] {dag.py:1852} INFO - Creating ORM DAG for example_kubernetes_executor
[2023-02-16 20:47:14,424] {logging_mixin.py:104} INFO - [2023-02-16 20:47:14,424] {dag.py:2306} INFO - Setting next_dagrun for example_kubernetes_executor to None
[2023-02-16 20:47:14,436] {scheduler_job.py:190} INFO - Processing /home/airflow/.local/lib/python3.6/site-packages/airflow/example_dags/example_kubernetes_executor.py took 2.601 seconds
[2023-02-16 20:47:53,842] {scheduler_job.py:182} INFO - Started process (PID=654) to work on /home/airflow/.local/lib/python3.6/site-packages/airflow/example_dags/example_kubernetes_executor.py
[2023-02-16 20:47:53,843] {scheduler_job.py:633} INFO - Processing file /home/airflow/.local/lib/python3.6/site-packages/airflow/example_dags/example_kubernetes_executor.py for tasks to queue
[2023-02-16 20:47:53,844] {logging_mixin.py:104} INFO - [2023-02-16 20:47:53,844] {dagbag.py:496} INFO - Filling up the DagBag from /home/airflow/.local/lib/python3.6/site-packages/airflow/example_dags/example_kubernetes_executor.py
[2023-02-16 20:47:53,885] {scheduler_job.py:643} INFO - DAG(s) dict_keys(['example_kubernetes_executor']) retrieved from /home/airflow/.local/lib/python3.6/site-packages/airflow/example_dags/example_kubernetes_executor.py
[2023-02-16 20:47:53,920] {logging_mixin.py:104} INFO - [2023-02-16 20:47:53,919] {dag.py:1833} INFO - Sync 1 DAGs
[2023-02-16 20:47:53,934] {logging_mixin.py:104} INFO - [2023-02-16 20:47:53,934] {dag.py:2306} INFO - Setting next_dagrun for example_kubernetes_executor to None
[2023-02-16 20:47:53,944] {scheduler_job.py:190} INFO - Processing /home/airflow/.local/lib/python3.6/site-packages/airflow/example_dags/example_kubernetes_executor.py took 0.104 seconds
[2023-02-16 20:48:24,828] {scheduler_job.py:182} INFO - Started process (PID=714) to work on /home/airflow/.local/lib/python3.6/site-packages/airflow/example_dags/example_kubernetes_executor.py
[2023-02-16 20:48:24,829] {scheduler_job.py:633} INFO - Processing file /home/airflow/.local/lib/python3.6/site-packages/airflow/example_dags/example_kubernetes_executor.py for tasks to queue
[2023-02-16 20:48:24,829] {logging_mixin.py:104} INFO - [2023-02-16 20:48:24,829] {dagbag.py:496} INFO - Filling up the DagBag from /home/airflow/.local/lib/python3.6/site-packages/airflow/example_dags/example_kubernetes_executor.py
[2023-02-16 20:48:24,841] {scheduler_job.py:643} INFO - DAG(s) dict_keys(['example_kubernetes_executor']) retrieved from /home/airflow/.local/lib/python3.6/site-packages/airflow/example_dags/example_kubernetes_executor.py
[2023-02-16 20:48:24,861] {logging_mixin.py:104} INFO - [2023-02-16 20:48:24,861] {dag.py:1833} INFO - Sync 1 DAGs
[2023-02-16 20:48:24,875] {logging_mixin.py:104} INFO - [2023-02-16 20:48:24,875] {dag.py:2306} INFO - Setting next_dagrun for example_kubernetes_executor to None
[2023-02-16 20:48:24,884] {scheduler_job.py:190} INFO - Processing /home/airflow/.local/lib/python3.6/site-packages/airflow/example_dags/example_kubernetes_executor.py took 0.060 seconds
[2023-02-16 20:48:56,000] {scheduler_job.py:182} INFO - Started process (PID=766) to work on /home/airflow/.local/lib/python3.6/site-packages/airflow/example_dags/example_kubernetes_executor.py
[2023-02-16 20:48:56,001] {scheduler_job.py:633} INFO - Processing file /home/airflow/.local/lib/python3.6/site-packages/airflow/example_dags/example_kubernetes_executor.py for tasks to queue
[2023-02-16 20:48:56,001] {logging_mixin.py:104} INFO - [2023-02-16 20:48:56,001] {dagbag.py:496} INFO - Filling up the DagBag from /home/airflow/.local/lib/python3.6/site-packages/airflow/example_dags/example_kubernetes_executor.py
[2023-02-16 20:48:56,012] {scheduler_job.py:643} INFO - DAG(s) dict_keys(['example_kubernetes_executor']) retrieved from /home/airflow/.local/lib/python3.6/site-packages/airflow/example_dags/example_kubernetes_executor.py
[2023-02-16 20:48:56,032] {logging_mixin.py:104} INFO - [2023-02-16 20:48:56,032] {dag.py:1833} INFO - Sync 1 DAGs
[2023-02-16 20:48:56,046] {logging_mixin.py:104} INFO - [2023-02-16 20:48:56,046] {dag.py:2306} INFO - Setting next_dagrun for example_kubernetes_executor to None
[2023-02-16 20:48:56,054] {scheduler_job.py:190} INFO - Processing /home/airflow/.local/lib/python3.6/site-packages/airflow/example_dags/example_kubernetes_executor.py took 0.057 seconds
[2023-02-16 20:49:26,740] {scheduler_job.py:182} INFO - Started process (PID=826) to work on /home/airflow/.local/lib/python3.6/site-packages/airflow/example_dags/example_kubernetes_executor.py
[2023-02-16 20:49:26,741] {scheduler_job.py:633} INFO - Processing file /home/airflow/.local/lib/python3.6/site-packages/airflow/example_dags/example_kubernetes_executor.py for tasks to queue
[2023-02-16 20:49:26,741] {logging_mixin.py:104} INFO - [2023-02-16 20:49:26,741] {dagbag.py:496} INFO - Filling up the DagBag from /home/airflow/.local/lib/python3.6/site-packages/airflow/example_dags/example_kubernetes_executor.py
[2023-02-16 20:49:26,752] {scheduler_job.py:643} INFO - DAG(s) dict_keys(['example_kubernetes_executor']) retrieved from /home/airflow/.local/lib/python3.6/site-packages/airflow/example_dags/example_kubernetes_executor.py
[2023-02-16 20:49:26,773] {logging_mixin.py:104} INFO - [2023-02-16 20:49:26,773] {dag.py:1833} INFO - Sync 1 DAGs
[2023-02-16 20:49:26,787] {logging_mixin.py:104} INFO - [2023-02-16 20:49:26,787] {dag.py:2306} INFO - Setting next_dagrun for example_kubernetes_executor to None
[2023-02-16 20:49:26,796] {scheduler_job.py:190} INFO - Processing /home/airflow/.local/lib/python3.6/site-packages/airflow/example_dags/example_kubernetes_executor.py took 0.058 seconds
[2023-02-16 20:49:57,153] {scheduler_job.py:182} INFO - Started process (PID=878) to work on /home/airflow/.local/lib/python3.6/site-packages/airflow/example_dags/example_kubernetes_executor.py
[2023-02-16 20:49:57,154] {scheduler_job.py:633} INFO - Processing file /home/airflow/.local/lib/python3.6/site-packages/airflow/example_dags/example_kubernetes_executor.py for tasks to queue
[2023-02-16 20:49:57,155] {logging_mixin.py:104} INFO - [2023-02-16 20:49:57,155] {dagbag.py:496} INFO - Filling up the DagBag from /home/airflow/.local/lib/python3.6/site-packages/airflow/example_dags/example_kubernetes_executor.py
[2023-02-16 20:49:57,170] {scheduler_job.py:643} INFO - DAG(s) dict_keys(['example_kubernetes_executor']) retrieved from /home/airflow/.local/lib/python3.6/site-packages/airflow/example_dags/example_kubernetes_executor.py
[2023-02-16 20:49:57,198] {logging_mixin.py:104} INFO - [2023-02-16 20:49:57,198] {dag.py:1833} INFO - Sync 1 DAGs
[2023-02-16 20:49:57,219] {logging_mixin.py:104} INFO - [2023-02-16 20:49:57,219] {dag.py:2306} INFO - Setting next_dagrun for example_kubernetes_executor to None
[2023-02-16 20:49:57,234] {scheduler_job.py:190} INFO - Processing /home/airflow/.local/lib/python3.6/site-packages/airflow/example_dags/example_kubernetes_executor.py took 0.084 seconds
[2023-02-16 20:50:28,189] {scheduler_job.py:182} INFO - Started process (PID=939) to work on /home/airflow/.local/lib/python3.6/site-packages/airflow/example_dags/example_kubernetes_executor.py
[2023-02-16 20:50:28,190] {scheduler_job.py:633} INFO - Processing file /home/airflow/.local/lib/python3.6/site-packages/airflow/example_dags/example_kubernetes_executor.py for tasks to queue
[2023-02-16 20:50:28,190] {logging_mixin.py:104} INFO - [2023-02-16 20:50:28,190] {dagbag.py:496} INFO - Filling up the DagBag from /home/airflow/.local/lib/python3.6/site-packages/airflow/example_dags/example_kubernetes_executor.py
[2023-02-16 20:50:28,202] {scheduler_job.py:643} INFO - DAG(s) dict_keys(['example_kubernetes_executor']) retrieved from /home/airflow/.local/lib/python3.6/site-packages/airflow/example_dags/example_kubernetes_executor.py
[2023-02-16 20:50:28,224] {logging_mixin.py:104} INFO - [2023-02-16 20:50:28,224] {dag.py:1833} INFO - Sync 1 DAGs
[2023-02-16 20:50:28,239] {logging_mixin.py:104} INFO - [2023-02-16 20:50:28,239] {dag.py:2306} INFO - Setting next_dagrun for example_kubernetes_executor to None
[2023-02-16 20:50:28,250] {scheduler_job.py:190} INFO - Processing /home/airflow/.local/lib/python3.6/site-packages/airflow/example_dags/example_kubernetes_executor.py took 0.064 seconds
[2023-02-16 20:50:58,884] {scheduler_job.py:182} INFO - Started process (PID=991) to work on /home/airflow/.local/lib/python3.6/site-packages/airflow/example_dags/example_kubernetes_executor.py
[2023-02-16 20:50:58,885] {scheduler_job.py:633} INFO - Processing file /home/airflow/.local/lib/python3.6/site-packages/airflow/example_dags/example_kubernetes_executor.py for tasks to queue
[2023-02-16 20:50:58,885] {logging_mixin.py:104} INFO - [2023-02-16 20:50:58,885] {dagbag.py:496} INFO - Filling up the DagBag from /home/airflow/.local/lib/python3.6/site-packages/airflow/example_dags/example_kubernetes_executor.py
[2023-02-16 20:50:58,898] {scheduler_job.py:643} INFO - DAG(s) dict_keys(['example_kubernetes_executor']) retrieved from /home/airflow/.local/lib/python3.6/site-packages/airflow/example_dags/example_kubernetes_executor.py
[2023-02-16 20:50:58,922] {logging_mixin.py:104} INFO - [2023-02-16 20:50:58,922] {dag.py:1833} INFO - Sync 1 DAGs
[2023-02-16 20:50:58,938] {logging_mixin.py:104} INFO - [2023-02-16 20:50:58,938] {dag.py:2306} INFO - Setting next_dagrun for example_kubernetes_executor to None
[2023-02-16 20:50:58,948] {scheduler_job.py:190} INFO - Processing /home/airflow/.local/lib/python3.6/site-packages/airflow/example_dags/example_kubernetes_executor.py took 0.068 seconds
[2023-02-16 20:51:29,576] {scheduler_job.py:182} INFO - Started process (PID=1052) to work on /home/airflow/.local/lib/python3.6/site-packages/airflow/example_dags/example_kubernetes_executor.py
[2023-02-16 20:51:29,577] {scheduler_job.py:633} INFO - Processing file /home/airflow/.local/lib/python3.6/site-packages/airflow/example_dags/example_kubernetes_executor.py for tasks to queue
[2023-02-16 20:51:29,578] {logging_mixin.py:104} INFO - [2023-02-16 20:51:29,577] {dagbag.py:496} INFO - Filling up the DagBag from /home/airflow/.local/lib/python3.6/site-packages/airflow/example_dags/example_kubernetes_executor.py
[2023-02-16 20:51:29,589] {scheduler_job.py:643} INFO - DAG(s) dict_keys(['example_kubernetes_executor']) retrieved from /home/airflow/.local/lib/python3.6/site-packages/airflow/example_dags/example_kubernetes_executor.py
[2023-02-16 20:51:29,611] {logging_mixin.py:104} INFO - [2023-02-16 20:51:29,611] {dag.py:1833} INFO - Sync 1 DAGs
[2023-02-16 20:51:29,628] {logging_mixin.py:104} INFO - [2023-02-16 20:51:29,628] {dag.py:2306} INFO - Setting next_dagrun for example_kubernetes_executor to None
[2023-02-16 20:51:29,637] {scheduler_job.py:190} INFO - Processing /home/airflow/.local/lib/python3.6/site-packages/airflow/example_dags/example_kubernetes_executor.py took 0.064 seconds
[2023-02-16 20:52:00,074] {scheduler_job.py:182} INFO - Started process (PID=1103) to work on /home/airflow/.local/lib/python3.6/site-packages/airflow/example_dags/example_kubernetes_executor.py
[2023-02-16 20:52:00,075] {scheduler_job.py:633} INFO - Processing file /home/airflow/.local/lib/python3.6/site-packages/airflow/example_dags/example_kubernetes_executor.py for tasks to queue
[2023-02-16 20:52:00,075] {logging_mixin.py:104} INFO - [2023-02-16 20:52:00,075] {dagbag.py:496} INFO - Filling up the DagBag from /home/airflow/.local/lib/python3.6/site-packages/airflow/example_dags/example_kubernetes_executor.py
[2023-02-16 20:52:00,088] {scheduler_job.py:643} INFO - DAG(s) dict_keys(['example_kubernetes_executor']) retrieved from /home/airflow/.local/lib/python3.6/site-packages/airflow/example_dags/example_kubernetes_executor.py
[2023-02-16 20:52:00,112] {logging_mixin.py:104} INFO - [2023-02-16 20:52:00,112] {dag.py:1833} INFO - Sync 1 DAGs
[2023-02-16 20:52:00,129] {logging_mixin.py:104} INFO - [2023-02-16 20:52:00,129] {dag.py:2306} INFO - Setting next_dagrun for example_kubernetes_executor to None
[2023-02-16 20:52:00,140] {scheduler_job.py:190} INFO - Processing /home/airflow/.local/lib/python3.6/site-packages/airflow/example_dags/example_kubernetes_executor.py took 0.069 seconds
[2023-02-16 20:52:30,594] {scheduler_job.py:182} INFO - Started process (PID=1164) to work on /home/airflow/.local/lib/python3.6/site-packages/airflow/example_dags/example_kubernetes_executor.py
[2023-02-16 20:52:30,595] {scheduler_job.py:633} INFO - Processing file /home/airflow/.local/lib/python3.6/site-packages/airflow/example_dags/example_kubernetes_executor.py for tasks to queue
[2023-02-16 20:52:30,595] {logging_mixin.py:104} INFO - [2023-02-16 20:52:30,595] {dagbag.py:496} INFO - Filling up the DagBag from /home/airflow/.local/lib/python3.6/site-packages/airflow/example_dags/example_kubernetes_executor.py
[2023-02-16 20:52:30,606] {scheduler_job.py:643} INFO - DAG(s) dict_keys(['example_kubernetes_executor']) retrieved from /home/airflow/.local/lib/python3.6/site-packages/airflow/example_dags/example_kubernetes_executor.py
[2023-02-16 20:52:30,630] {logging_mixin.py:104} INFO - [2023-02-16 20:52:30,630] {dag.py:1833} INFO - Sync 1 DAGs
[2023-02-16 20:52:30,648] {logging_mixin.py:104} INFO - [2023-02-16 20:52:30,647] {dag.py:2306} INFO - Setting next_dagrun for example_kubernetes_executor to None
[2023-02-16 20:52:30,659] {scheduler_job.py:190} INFO - Processing /home/airflow/.local/lib/python3.6/site-packages/airflow/example_dags/example_kubernetes_executor.py took 0.068 seconds
[2023-02-16 20:53:01,494] {scheduler_job.py:182} INFO - Started process (PID=1215) to work on /home/airflow/.local/lib/python3.6/site-packages/airflow/example_dags/example_kubernetes_executor.py
[2023-02-16 20:53:01,495] {scheduler_job.py:633} INFO - Processing file /home/airflow/.local/lib/python3.6/site-packages/airflow/example_dags/example_kubernetes_executor.py for tasks to queue
[2023-02-16 20:53:01,496] {logging_mixin.py:104} INFO - [2023-02-16 20:53:01,496] {dagbag.py:496} INFO - Filling up the DagBag from /home/airflow/.local/lib/python3.6/site-packages/airflow/example_dags/example_kubernetes_executor.py
[2023-02-16 20:53:01,591] {scheduler_job.py:643} INFO - DAG(s) dict_keys(['example_kubernetes_executor']) retrieved from /home/airflow/.local/lib/python3.6/site-packages/airflow/example_dags/example_kubernetes_executor.py
[2023-02-16 20:53:06,620] {logging_mixin.py:104} INFO - [2023-02-16 20:53:06,620] {dag.py:1833} INFO - Sync 1 DAGs
[2023-02-16 20:53:06,637] {logging_mixin.py:104} INFO - [2023-02-16 20:53:06,637] {dag.py:2306} INFO - Setting next_dagrun for example_kubernetes_executor to None
[2023-02-16 20:53:06,695] {scheduler_job.py:190} INFO - Processing /home/airflow/.local/lib/python3.6/site-packages/airflow/example_dags/example_kubernetes_executor.py took 5.204 seconds
[2023-02-16 20:53:37,294] {scheduler_job.py:182} INFO - Started process (PID=1275) to work on /home/airflow/.local/lib/python3.6/site-packages/airflow/example_dags/example_kubernetes_executor.py
[2023-02-16 20:53:37,296] {scheduler_job.py:633} INFO - Processing file /home/airflow/.local/lib/python3.6/site-packages/airflow/example_dags/example_kubernetes_executor.py for tasks to queue
[2023-02-16 20:53:37,297] {logging_mixin.py:104} INFO - [2023-02-16 20:53:37,297] {dagbag.py:496} INFO - Filling up the DagBag from /home/airflow/.local/lib/python3.6/site-packages/airflow/example_dags/example_kubernetes_executor.py
[2023-02-16 20:53:37,389] {scheduler_job.py:643} INFO - DAG(s) dict_keys(['example_kubernetes_executor']) retrieved from /home/airflow/.local/lib/python3.6/site-packages/airflow/example_dags/example_kubernetes_executor.py
[2023-02-16 20:53:37,584] {logging_mixin.py:104} INFO - [2023-02-16 20:53:37,583] {dag.py:1833} INFO - Sync 1 DAGs
[2023-02-16 20:53:37,691] {logging_mixin.py:104} INFO - [2023-02-16 20:53:37,691] {dag.py:2306} INFO - Setting next_dagrun for example_kubernetes_executor to None
[2023-02-16 20:53:37,892] {scheduler_job.py:190} INFO - Processing /home/airflow/.local/lib/python3.6/site-packages/airflow/example_dags/example_kubernetes_executor.py took 0.601 seconds
[2023-02-16 20:54:08,318] {scheduler_job.py:182} INFO - Started process (PID=1326) to work on /home/airflow/.local/lib/python3.6/site-packages/airflow/example_dags/example_kubernetes_executor.py
[2023-02-16 20:54:08,319] {scheduler_job.py:633} INFO - Processing file /home/airflow/.local/lib/python3.6/site-packages/airflow/example_dags/example_kubernetes_executor.py for tasks to queue
[2023-02-16 20:54:08,320] {logging_mixin.py:104} INFO - [2023-02-16 20:54:08,320] {dagbag.py:496} INFO - Filling up the DagBag from /home/airflow/.local/lib/python3.6/site-packages/airflow/example_dags/example_kubernetes_executor.py
[2023-02-16 20:54:08,331] {scheduler_job.py:643} INFO - DAG(s) dict_keys(['example_kubernetes_executor']) retrieved from /home/airflow/.local/lib/python3.6/site-packages/airflow/example_dags/example_kubernetes_executor.py
[2023-02-16 20:54:08,351] {logging_mixin.py:104} INFO - [2023-02-16 20:54:08,351] {dag.py:1833} INFO - Sync 1 DAGs
[2023-02-16 20:54:08,364] {logging_mixin.py:104} INFO - [2023-02-16 20:54:08,364] {dag.py:2306} INFO - Setting next_dagrun for example_kubernetes_executor to None
[2023-02-16 20:54:08,374] {scheduler_job.py:190} INFO - Processing /home/airflow/.local/lib/python3.6/site-packages/airflow/example_dags/example_kubernetes_executor.py took 0.058 seconds
[2023-02-16 20:54:38,618] {scheduler_job.py:182} INFO - Started process (PID=1377) to work on /home/airflow/.local/lib/python3.6/site-packages/airflow/example_dags/example_kubernetes_executor.py
[2023-02-16 20:54:38,620] {scheduler_job.py:633} INFO - Processing file /home/airflow/.local/lib/python3.6/site-packages/airflow/example_dags/example_kubernetes_executor.py for tasks to queue
[2023-02-16 20:54:38,621] {logging_mixin.py:104} INFO - [2023-02-16 20:54:38,620] {dagbag.py:496} INFO - Filling up the DagBag from /home/airflow/.local/lib/python3.6/site-packages/airflow/example_dags/example_kubernetes_executor.py
[2023-02-16 20:54:38,637] {scheduler_job.py:643} INFO - DAG(s) dict_keys(['example_kubernetes_executor']) retrieved from /home/airflow/.local/lib/python3.6/site-packages/airflow/example_dags/example_kubernetes_executor.py
[2023-02-16 20:54:38,663] {logging_mixin.py:104} INFO - [2023-02-16 20:54:38,663] {dag.py:1833} INFO - Sync 1 DAGs
[2023-02-16 20:54:38,684] {logging_mixin.py:104} INFO - [2023-02-16 20:54:38,684] {dag.py:2306} INFO - Setting next_dagrun for example_kubernetes_executor to None
[2023-02-16 20:54:38,693] {scheduler_job.py:190} INFO - Processing /home/airflow/.local/lib/python3.6/site-packages/airflow/example_dags/example_kubernetes_executor.py took 0.079 seconds
[2023-02-16 20:55:09,250] {scheduler_job.py:182} INFO - Started process (PID=1438) to work on /home/airflow/.local/lib/python3.6/site-packages/airflow/example_dags/example_kubernetes_executor.py
[2023-02-16 20:55:09,251] {scheduler_job.py:633} INFO - Processing file /home/airflow/.local/lib/python3.6/site-packages/airflow/example_dags/example_kubernetes_executor.py for tasks to queue
[2023-02-16 20:55:09,252] {logging_mixin.py:104} INFO - [2023-02-16 20:55:09,251] {dagbag.py:496} INFO - Filling up the DagBag from /home/airflow/.local/lib/python3.6/site-packages/airflow/example_dags/example_kubernetes_executor.py
[2023-02-16 20:55:09,262] {scheduler_job.py:643} INFO - DAG(s) dict_keys(['example_kubernetes_executor']) retrieved from /home/airflow/.local/lib/python3.6/site-packages/airflow/example_dags/example_kubernetes_executor.py
[2023-02-16 20:55:09,280] {logging_mixin.py:104} INFO - [2023-02-16 20:55:09,280] {dag.py:1833} INFO - Sync 1 DAGs
[2023-02-16 20:55:09,297] {logging_mixin.py:104} INFO - [2023-02-16 20:55:09,297] {dag.py:2306} INFO - Setting next_dagrun for example_kubernetes_executor to None
[2023-02-16 20:55:09,306] {scheduler_job.py:190} INFO - Processing /home/airflow/.local/lib/python3.6/site-packages/airflow/example_dags/example_kubernetes_executor.py took 0.058 seconds
[2023-02-16 20:55:39,894] {scheduler_job.py:182} INFO - Started process (PID=1490) to work on /home/airflow/.local/lib/python3.6/site-packages/airflow/example_dags/example_kubernetes_executor.py
[2023-02-16 20:55:39,895] {scheduler_job.py:633} INFO - Processing file /home/airflow/.local/lib/python3.6/site-packages/airflow/example_dags/example_kubernetes_executor.py for tasks to queue
[2023-02-16 20:55:39,896] {logging_mixin.py:104} INFO - [2023-02-16 20:55:39,896] {dagbag.py:496} INFO - Filling up the DagBag from /home/airflow/.local/lib/python3.6/site-packages/airflow/example_dags/example_kubernetes_executor.py
[2023-02-16 20:55:39,906] {scheduler_job.py:643} INFO - DAG(s) dict_keys(['example_kubernetes_executor']) retrieved from /home/airflow/.local/lib/python3.6/site-packages/airflow/example_dags/example_kubernetes_executor.py
[2023-02-16 20:55:39,926] {logging_mixin.py:104} INFO - [2023-02-16 20:55:39,925] {dag.py:1833} INFO - Sync 1 DAGs
[2023-02-16 20:55:39,940] {logging_mixin.py:104} INFO - [2023-02-16 20:55:39,940] {dag.py:2306} INFO - Setting next_dagrun for example_kubernetes_executor to None
[2023-02-16 20:55:39,948] {scheduler_job.py:190} INFO - Processing /home/airflow/.local/lib/python3.6/site-packages/airflow/example_dags/example_kubernetes_executor.py took 0.055 seconds
[2023-02-16 20:56:10,468] {scheduler_job.py:182} INFO - Started process (PID=1551) to work on /home/airflow/.local/lib/python3.6/site-packages/airflow/example_dags/example_kubernetes_executor.py
[2023-02-16 20:56:10,470] {scheduler_job.py:633} INFO - Processing file /home/airflow/.local/lib/python3.6/site-packages/airflow/example_dags/example_kubernetes_executor.py for tasks to queue
[2023-02-16 20:56:10,471] {logging_mixin.py:104} INFO - [2023-02-16 20:56:10,470] {dagbag.py:496} INFO - Filling up the DagBag from /home/airflow/.local/lib/python3.6/site-packages/airflow/example_dags/example_kubernetes_executor.py
[2023-02-16 20:56:10,480] {scheduler_job.py:643} INFO - DAG(s) dict_keys(['example_kubernetes_executor']) retrieved from /home/airflow/.local/lib/python3.6/site-packages/airflow/example_dags/example_kubernetes_executor.py
[2023-02-16 20:56:10,500] {logging_mixin.py:104} INFO - [2023-02-16 20:56:10,500] {dag.py:1833} INFO - Sync 1 DAGs
[2023-02-16 20:56:10,516] {logging_mixin.py:104} INFO - [2023-02-16 20:56:10,516] {dag.py:2306} INFO - Setting next_dagrun for example_kubernetes_executor to None
[2023-02-16 20:56:10,524] {scheduler_job.py:190} INFO - Processing /home/airflow/.local/lib/python3.6/site-packages/airflow/example_dags/example_kubernetes_executor.py took 0.058 seconds
[2023-02-16 20:56:41,070] {scheduler_job.py:182} INFO - Started process (PID=1602) to work on /home/airflow/.local/lib/python3.6/site-packages/airflow/example_dags/example_kubernetes_executor.py
[2023-02-16 20:56:41,071] {scheduler_job.py:633} INFO - Processing file /home/airflow/.local/lib/python3.6/site-packages/airflow/example_dags/example_kubernetes_executor.py for tasks to queue
[2023-02-16 20:56:41,072] {logging_mixin.py:104} INFO - [2023-02-16 20:56:41,072] {dagbag.py:496} INFO - Filling up the DagBag from /home/airflow/.local/lib/python3.6/site-packages/airflow/example_dags/example_kubernetes_executor.py
[2023-02-16 20:56:41,084] {scheduler_job.py:643} INFO - DAG(s) dict_keys(['example_kubernetes_executor']) retrieved from /home/airflow/.local/lib/python3.6/site-packages/airflow/example_dags/example_kubernetes_executor.py
[2023-02-16 20:56:41,110] {logging_mixin.py:104} INFO - [2023-02-16 20:56:41,110] {dag.py:1833} INFO - Sync 1 DAGs
[2023-02-16 20:56:41,126] {logging_mixin.py:104} INFO - [2023-02-16 20:56:41,126] {dag.py:2306} INFO - Setting next_dagrun for example_kubernetes_executor to None
[2023-02-16 20:56:41,136] {scheduler_job.py:190} INFO - Processing /home/airflow/.local/lib/python3.6/site-packages/airflow/example_dags/example_kubernetes_executor.py took 0.068 seconds
[2023-02-16 20:57:11,495] {scheduler_job.py:182} INFO - Started process (PID=1663) to work on /home/airflow/.local/lib/python3.6/site-packages/airflow/example_dags/example_kubernetes_executor.py
[2023-02-16 20:57:11,496] {scheduler_job.py:633} INFO - Processing file /home/airflow/.local/lib/python3.6/site-packages/airflow/example_dags/example_kubernetes_executor.py for tasks to queue
[2023-02-16 20:57:11,497] {logging_mixin.py:104} INFO - [2023-02-16 20:57:11,497] {dagbag.py:496} INFO - Filling up the DagBag from /home/airflow/.local/lib/python3.6/site-packages/airflow/example_dags/example_kubernetes_executor.py
[2023-02-16 20:57:11,584] {scheduler_job.py:643} INFO - DAG(s) dict_keys(['example_kubernetes_executor']) retrieved from /home/airflow/.local/lib/python3.6/site-packages/airflow/example_dags/example_kubernetes_executor.py
[2023-02-16 20:57:11,683] {logging_mixin.py:104} INFO - [2023-02-16 20:57:11,682] {dag.py:1833} INFO - Sync 1 DAGs
[2023-02-16 20:57:11,715] {logging_mixin.py:104} INFO - [2023-02-16 20:57:11,715] {dag.py:2306} INFO - Setting next_dagrun for example_kubernetes_executor to None
[2023-02-16 20:57:11,728] {scheduler_job.py:190} INFO - Processing /home/airflow/.local/lib/python3.6/site-packages/airflow/example_dags/example_kubernetes_executor.py took 0.236 seconds
[2023-02-16 20:57:41,936] {scheduler_job.py:182} INFO - Started process (PID=1714) to work on /home/airflow/.local/lib/python3.6/site-packages/airflow/example_dags/example_kubernetes_executor.py
[2023-02-16 20:57:41,937] {scheduler_job.py:633} INFO - Processing file /home/airflow/.local/lib/python3.6/site-packages/airflow/example_dags/example_kubernetes_executor.py for tasks to queue
[2023-02-16 20:57:41,937] {logging_mixin.py:104} INFO - [2023-02-16 20:57:41,937] {dagbag.py:496} INFO - Filling up the DagBag from /home/airflow/.local/lib/python3.6/site-packages/airflow/example_dags/example_kubernetes_executor.py
[2023-02-16 20:57:41,948] {scheduler_job.py:643} INFO - DAG(s) dict_keys(['example_kubernetes_executor']) retrieved from /home/airflow/.local/lib/python3.6/site-packages/airflow/example_dags/example_kubernetes_executor.py
[2023-02-16 20:57:41,969] {logging_mixin.py:104} INFO - [2023-02-16 20:57:41,969] {dag.py:1833} INFO - Sync 1 DAGs
[2023-02-16 20:57:41,983] {logging_mixin.py:104} INFO - [2023-02-16 20:57:41,983] {dag.py:2306} INFO - Setting next_dagrun for example_kubernetes_executor to None
[2023-02-16 20:57:41,991] {scheduler_job.py:190} INFO - Processing /home/airflow/.local/lib/python3.6/site-packages/airflow/example_dags/example_kubernetes_executor.py took 0.058 seconds
[2023-02-16 20:58:12,754] {scheduler_job.py:182} INFO - Started process (PID=1775) to work on /home/airflow/.local/lib/python3.6/site-packages/airflow/example_dags/example_kubernetes_executor.py
[2023-02-16 20:58:12,755] {scheduler_job.py:633} INFO - Processing file /home/airflow/.local/lib/python3.6/site-packages/airflow/example_dags/example_kubernetes_executor.py for tasks to queue
[2023-02-16 20:58:12,755] {logging_mixin.py:104} INFO - [2023-02-16 20:58:12,755] {dagbag.py:496} INFO - Filling up the DagBag from /home/airflow/.local/lib/python3.6/site-packages/airflow/example_dags/example_kubernetes_executor.py
[2023-02-16 20:58:12,766] {scheduler_job.py:643} INFO - DAG(s) dict_keys(['example_kubernetes_executor']) retrieved from /home/airflow/.local/lib/python3.6/site-packages/airflow/example_dags/example_kubernetes_executor.py
[2023-02-16 20:58:12,789] {logging_mixin.py:104} INFO - [2023-02-16 20:58:12,788] {dag.py:1833} INFO - Sync 1 DAGs
[2023-02-16 20:58:12,802] {logging_mixin.py:104} INFO - [2023-02-16 20:58:12,802] {dag.py:2306} INFO - Setting next_dagrun for example_kubernetes_executor to None
[2023-02-16 20:58:12,811] {scheduler_job.py:190} INFO - Processing /home/airflow/.local/lib/python3.6/site-packages/airflow/example_dags/example_kubernetes_executor.py took 0.060 seconds
[2023-02-16 20:58:43,622] {scheduler_job.py:182} INFO - Started process (PID=1826) to work on /home/airflow/.local/lib/python3.6/site-packages/airflow/example_dags/example_kubernetes_executor.py
[2023-02-16 20:58:43,623] {scheduler_job.py:633} INFO - Processing file /home/airflow/.local/lib/python3.6/site-packages/airflow/example_dags/example_kubernetes_executor.py for tasks to queue
[2023-02-16 20:58:43,624] {logging_mixin.py:104} INFO - [2023-02-16 20:58:43,624] {dagbag.py:496} INFO - Filling up the DagBag from /home/airflow/.local/lib/python3.6/site-packages/airflow/example_dags/example_kubernetes_executor.py
[2023-02-16 20:58:43,635] {scheduler_job.py:643} INFO - DAG(s) dict_keys(['example_kubernetes_executor']) retrieved from /home/airflow/.local/lib/python3.6/site-packages/airflow/example_dags/example_kubernetes_executor.py
[2023-02-16 20:58:43,660] {logging_mixin.py:104} INFO - [2023-02-16 20:58:43,660] {dag.py:1833} INFO - Sync 1 DAGs
[2023-02-16 20:58:43,697] {logging_mixin.py:104} INFO - [2023-02-16 20:58:43,696] {dag.py:2306} INFO - Setting next_dagrun for example_kubernetes_executor to None
[2023-02-16 20:58:43,707] {scheduler_job.py:190} INFO - Processing /home/airflow/.local/lib/python3.6/site-packages/airflow/example_dags/example_kubernetes_executor.py took 0.087 seconds
[2023-02-16 20:59:13,866] {scheduler_job.py:182} INFO - Started process (PID=1886) to work on /home/airflow/.local/lib/python3.6/site-packages/airflow/example_dags/example_kubernetes_executor.py
[2023-02-16 20:59:13,866] {scheduler_job.py:633} INFO - Processing file /home/airflow/.local/lib/python3.6/site-packages/airflow/example_dags/example_kubernetes_executor.py for tasks to queue
[2023-02-16 20:59:13,882] {logging_mixin.py:104} INFO - [2023-02-16 20:59:13,867] {dagbag.py:496} INFO - Filling up the DagBag from /home/airflow/.local/lib/python3.6/site-packages/airflow/example_dags/example_kubernetes_executor.py
[2023-02-16 20:59:13,894] {scheduler_job.py:643} INFO - DAG(s) dict_keys(['example_kubernetes_executor']) retrieved from /home/airflow/.local/lib/python3.6/site-packages/airflow/example_dags/example_kubernetes_executor.py
[2023-02-16 20:59:13,939] {logging_mixin.py:104} INFO - [2023-02-16 20:59:13,938] {dag.py:1833} INFO - Sync 1 DAGs
[2023-02-16 20:59:13,986] {logging_mixin.py:104} INFO - [2023-02-16 20:59:13,986] {dag.py:2306} INFO - Setting next_dagrun for example_kubernetes_executor to None
[2023-02-16 20:59:13,997] {scheduler_job.py:190} INFO - Processing /home/airflow/.local/lib/python3.6/site-packages/airflow/example_dags/example_kubernetes_executor.py took 0.133 seconds
[2023-02-16 20:59:44,367] {scheduler_job.py:182} INFO - Started process (PID=1933) to work on /home/airflow/.local/lib/python3.6/site-packages/airflow/example_dags/example_kubernetes_executor.py
[2023-02-16 20:59:44,368] {scheduler_job.py:633} INFO - Processing file /home/airflow/.local/lib/python3.6/site-packages/airflow/example_dags/example_kubernetes_executor.py for tasks to queue
[2023-02-16 20:59:44,368] {logging_mixin.py:104} INFO - [2023-02-16 20:59:44,368] {dagbag.py:496} INFO - Filling up the DagBag from /home/airflow/.local/lib/python3.6/site-packages/airflow/example_dags/example_kubernetes_executor.py
[2023-02-16 20:59:44,379] {scheduler_job.py:643} INFO - DAG(s) dict_keys(['example_kubernetes_executor']) retrieved from /home/airflow/.local/lib/python3.6/site-packages/airflow/example_dags/example_kubernetes_executor.py
[2023-02-16 20:59:44,398] {logging_mixin.py:104} INFO - [2023-02-16 20:59:44,398] {dag.py:1833} INFO - Sync 1 DAGs
[2023-02-16 20:59:44,410] {logging_mixin.py:104} INFO - [2023-02-16 20:59:44,410] {dag.py:2306} INFO - Setting next_dagrun for example_kubernetes_executor to None
[2023-02-16 20:59:44,419] {scheduler_job.py:190} INFO - Processing /home/airflow/.local/lib/python3.6/site-packages/airflow/example_dags/example_kubernetes_executor.py took 0.054 seconds
[2023-02-16 21:00:14,649] {scheduler_job.py:182} INFO - Started process (PID=1993) to work on /home/airflow/.local/lib/python3.6/site-packages/airflow/example_dags/example_kubernetes_executor.py
[2023-02-16 21:00:14,650] {scheduler_job.py:633} INFO - Processing file /home/airflow/.local/lib/python3.6/site-packages/airflow/example_dags/example_kubernetes_executor.py for tasks to queue
[2023-02-16 21:00:14,650] {logging_mixin.py:104} INFO - [2023-02-16 21:00:14,650] {dagbag.py:496} INFO - Filling up the DagBag from /home/airflow/.local/lib/python3.6/site-packages/airflow/example_dags/example_kubernetes_executor.py
[2023-02-16 21:00:14,662] {scheduler_job.py:643} INFO - DAG(s) dict_keys(['example_kubernetes_executor']) retrieved from /home/airflow/.local/lib/python3.6/site-packages/airflow/example_dags/example_kubernetes_executor.py
[2023-02-16 21:00:14,681] {logging_mixin.py:104} INFO - [2023-02-16 21:00:14,681] {dag.py:1833} INFO - Sync 1 DAGs
[2023-02-16 21:00:14,694] {logging_mixin.py:104} INFO - [2023-02-16 21:00:14,694] {dag.py:2306} INFO - Setting next_dagrun for example_kubernetes_executor to None
[2023-02-16 21:00:14,704] {scheduler_job.py:190} INFO - Processing /home/airflow/.local/lib/python3.6/site-packages/airflow/example_dags/example_kubernetes_executor.py took 0.057 seconds
[2023-02-16 21:00:45,215] {scheduler_job.py:182} INFO - Started process (PID=2045) to work on /home/airflow/.local/lib/python3.6/site-packages/airflow/example_dags/example_kubernetes_executor.py
[2023-02-16 21:00:45,216] {scheduler_job.py:633} INFO - Processing file /home/airflow/.local/lib/python3.6/site-packages/airflow/example_dags/example_kubernetes_executor.py for tasks to queue
[2023-02-16 21:00:45,216] {logging_mixin.py:104} INFO - [2023-02-16 21:00:45,216] {dagbag.py:496} INFO - Filling up the DagBag from /home/airflow/.local/lib/python3.6/site-packages/airflow/example_dags/example_kubernetes_executor.py
[2023-02-16 21:00:45,229] {scheduler_job.py:643} INFO - DAG(s) dict_keys(['example_kubernetes_executor']) retrieved from /home/airflow/.local/lib/python3.6/site-packages/airflow/example_dags/example_kubernetes_executor.py
[2023-02-16 21:00:45,248] {logging_mixin.py:104} INFO - [2023-02-16 21:00:45,248] {dag.py:1833} INFO - Sync 1 DAGs
[2023-02-16 21:00:45,262] {logging_mixin.py:104} INFO - [2023-02-16 21:00:45,262] {dag.py:2306} INFO - Setting next_dagrun for example_kubernetes_executor to None
[2023-02-16 21:00:45,272] {scheduler_job.py:190} INFO - Processing /home/airflow/.local/lib/python3.6/site-packages/airflow/example_dags/example_kubernetes_executor.py took 0.059 seconds
[2023-02-16 21:01:15,703] {scheduler_job.py:182} INFO - Started process (PID=2105) to work on /home/airflow/.local/lib/python3.6/site-packages/airflow/example_dags/example_kubernetes_executor.py
[2023-02-16 21:01:15,704] {scheduler_job.py:633} INFO - Processing file /home/airflow/.local/lib/python3.6/site-packages/airflow/example_dags/example_kubernetes_executor.py for tasks to queue
[2023-02-16 21:01:15,704] {logging_mixin.py:104} INFO - [2023-02-16 21:01:15,704] {dagbag.py:496} INFO - Filling up the DagBag from /home/airflow/.local/lib/python3.6/site-packages/airflow/example_dags/example_kubernetes_executor.py
[2023-02-16 21:01:15,717] {scheduler_job.py:643} INFO - DAG(s) dict_keys(['example_kubernetes_executor']) retrieved from /home/airflow/.local/lib/python3.6/site-packages/airflow/example_dags/example_kubernetes_executor.py
[2023-02-16 21:01:15,735] {logging_mixin.py:104} INFO - [2023-02-16 21:01:15,734] {dag.py:1833} INFO - Sync 1 DAGs
[2023-02-16 21:01:15,748] {logging_mixin.py:104} INFO - [2023-02-16 21:01:15,748] {dag.py:2306} INFO - Setting next_dagrun for example_kubernetes_executor to None
[2023-02-16 21:01:15,757] {scheduler_job.py:190} INFO - Processing /home/airflow/.local/lib/python3.6/site-packages/airflow/example_dags/example_kubernetes_executor.py took 0.057 seconds
[2023-02-16 21:01:46,153] {scheduler_job.py:182} INFO - Started process (PID=2157) to work on /home/airflow/.local/lib/python3.6/site-packages/airflow/example_dags/example_kubernetes_executor.py
[2023-02-16 21:01:46,154] {scheduler_job.py:633} INFO - Processing file /home/airflow/.local/lib/python3.6/site-packages/airflow/example_dags/example_kubernetes_executor.py for tasks to queue
[2023-02-16 21:01:46,155] {logging_mixin.py:104} INFO - [2023-02-16 21:01:46,155] {dagbag.py:496} INFO - Filling up the DagBag from /home/airflow/.local/lib/python3.6/site-packages/airflow/example_dags/example_kubernetes_executor.py
[2023-02-16 21:01:46,172] {scheduler_job.py:643} INFO - DAG(s) dict_keys(['example_kubernetes_executor']) retrieved from /home/airflow/.local/lib/python3.6/site-packages/airflow/example_dags/example_kubernetes_executor.py
[2023-02-16 21:01:46,226] {logging_mixin.py:104} INFO - [2023-02-16 21:01:46,226] {dag.py:1833} INFO - Sync 1 DAGs
[2023-02-16 21:01:46,251] {logging_mixin.py:104} INFO - [2023-02-16 21:01:46,251] {dag.py:2306} INFO - Setting next_dagrun for example_kubernetes_executor to None
[2023-02-16 21:01:46,265] {scheduler_job.py:190} INFO - Processing /home/airflow/.local/lib/python3.6/site-packages/airflow/example_dags/example_kubernetes_executor.py took 0.115 seconds
[2023-02-16 21:02:16,398] {scheduler_job.py:182} INFO - Started process (PID=2218) to work on /home/airflow/.local/lib/python3.6/site-packages/airflow/example_dags/example_kubernetes_executor.py
[2023-02-16 21:02:16,398] {scheduler_job.py:633} INFO - Processing file /home/airflow/.local/lib/python3.6/site-packages/airflow/example_dags/example_kubernetes_executor.py for tasks to queue
[2023-02-16 21:02:16,399] {logging_mixin.py:104} INFO - [2023-02-16 21:02:16,399] {dagbag.py:496} INFO - Filling up the DagBag from /home/airflow/.local/lib/python3.6/site-packages/airflow/example_dags/example_kubernetes_executor.py
[2023-02-16 21:02:16,412] {scheduler_job.py:643} INFO - DAG(s) dict_keys(['example_kubernetes_executor']) retrieved from /home/airflow/.local/lib/python3.6/site-packages/airflow/example_dags/example_kubernetes_executor.py
[2023-02-16 21:02:16,431] {logging_mixin.py:104} INFO - [2023-02-16 21:02:16,431] {dag.py:1833} INFO - Sync 1 DAGs
[2023-02-16 21:02:16,443] {logging_mixin.py:104} INFO - [2023-02-16 21:02:16,443] {dag.py:2306} INFO - Setting next_dagrun for example_kubernetes_executor to None
[2023-02-16 21:02:16,451] {scheduler_job.py:190} INFO - Processing /home/airflow/.local/lib/python3.6/site-packages/airflow/example_dags/example_kubernetes_executor.py took 0.056 seconds
[2023-02-16 21:02:47,175] {scheduler_job.py:182} INFO - Started process (PID=2269) to work on /home/airflow/.local/lib/python3.6/site-packages/airflow/example_dags/example_kubernetes_executor.py
[2023-02-16 21:02:47,175] {scheduler_job.py:633} INFO - Processing file /home/airflow/.local/lib/python3.6/site-packages/airflow/example_dags/example_kubernetes_executor.py for tasks to queue
[2023-02-16 21:02:47,176] {logging_mixin.py:104} INFO - [2023-02-16 21:02:47,176] {dagbag.py:496} INFO - Filling up the DagBag from /home/airflow/.local/lib/python3.6/site-packages/airflow/example_dags/example_kubernetes_executor.py
[2023-02-16 21:02:47,188] {scheduler_job.py:643} INFO - DAG(s) dict_keys(['example_kubernetes_executor']) retrieved from /home/airflow/.local/lib/python3.6/site-packages/airflow/example_dags/example_kubernetes_executor.py
[2023-02-16 21:02:47,212] {logging_mixin.py:104} INFO - [2023-02-16 21:02:47,212] {dag.py:1833} INFO - Sync 1 DAGs
[2023-02-16 21:02:47,227] {logging_mixin.py:104} INFO - [2023-02-16 21:02:47,227] {dag.py:2306} INFO - Setting next_dagrun for example_kubernetes_executor to None
[2023-02-16 21:02:47,289] {scheduler_job.py:190} INFO - Processing /home/airflow/.local/lib/python3.6/site-packages/airflow/example_dags/example_kubernetes_executor.py took 0.117 seconds
[2023-02-16 21:03:17,611] {scheduler_job.py:182} INFO - Started process (PID=2327) to work on /home/airflow/.local/lib/python3.6/site-packages/airflow/example_dags/example_kubernetes_executor.py
[2023-02-16 21:03:17,615] {scheduler_job.py:633} INFO - Processing file /home/airflow/.local/lib/python3.6/site-packages/airflow/example_dags/example_kubernetes_executor.py for tasks to queue
[2023-02-16 21:03:17,615] {logging_mixin.py:104} INFO - [2023-02-16 21:03:17,615] {dagbag.py:496} INFO - Filling up the DagBag from /home/airflow/.local/lib/python3.6/site-packages/airflow/example_dags/example_kubernetes_executor.py
[2023-02-16 21:03:17,628] {scheduler_job.py:643} INFO - DAG(s) dict_keys(['example_kubernetes_executor']) retrieved from /home/airflow/.local/lib/python3.6/site-packages/airflow/example_dags/example_kubernetes_executor.py
[2023-02-16 21:03:17,698] {logging_mixin.py:104} INFO - [2023-02-16 21:03:17,698] {dag.py:1833} INFO - Sync 1 DAGs
[2023-02-16 21:03:17,717] {logging_mixin.py:104} INFO - [2023-02-16 21:03:17,717] {dag.py:2306} INFO - Setting next_dagrun for example_kubernetes_executor to None
[2023-02-16 21:03:17,792] {scheduler_job.py:190} INFO - Processing /home/airflow/.local/lib/python3.6/site-packages/airflow/example_dags/example_kubernetes_executor.py took 0.184 seconds
[2023-02-16 21:03:47,977] {scheduler_job.py:182} INFO - Started process (PID=2381) to work on /home/airflow/.local/lib/python3.6/site-packages/airflow/example_dags/example_kubernetes_executor.py
[2023-02-16 21:03:47,978] {scheduler_job.py:633} INFO - Processing file /home/airflow/.local/lib/python3.6/site-packages/airflow/example_dags/example_kubernetes_executor.py for tasks to queue
[2023-02-16 21:03:47,979] {logging_mixin.py:104} INFO - [2023-02-16 21:03:47,979] {dagbag.py:496} INFO - Filling up the DagBag from /home/airflow/.local/lib/python3.6/site-packages/airflow/example_dags/example_kubernetes_executor.py
[2023-02-16 21:03:47,999] {scheduler_job.py:643} INFO - DAG(s) dict_keys(['example_kubernetes_executor']) retrieved from /home/airflow/.local/lib/python3.6/site-packages/airflow/example_dags/example_kubernetes_executor.py
[2023-02-16 21:03:48,039] {logging_mixin.py:104} INFO - [2023-02-16 21:03:48,038] {dag.py:1833} INFO - Sync 1 DAGs
[2023-02-16 21:03:48,174] {logging_mixin.py:104} INFO - [2023-02-16 21:03:48,174] {dag.py:2306} INFO - Setting next_dagrun for example_kubernetes_executor to None
[2023-02-16 21:03:48,224] {scheduler_job.py:190} INFO - Processing /home/airflow/.local/lib/python3.6/site-packages/airflow/example_dags/example_kubernetes_executor.py took 0.291 seconds
[2023-02-16 21:04:18,677] {scheduler_job.py:182} INFO - Started process (PID=2432) to work on /home/airflow/.local/lib/python3.6/site-packages/airflow/example_dags/example_kubernetes_executor.py
[2023-02-16 21:04:18,678] {scheduler_job.py:633} INFO - Processing file /home/airflow/.local/lib/python3.6/site-packages/airflow/example_dags/example_kubernetes_executor.py for tasks to queue
[2023-02-16 21:04:18,678] {logging_mixin.py:104} INFO - [2023-02-16 21:04:18,678] {dagbag.py:496} INFO - Filling up the DagBag from /home/airflow/.local/lib/python3.6/site-packages/airflow/example_dags/example_kubernetes_executor.py
[2023-02-16 21:04:18,689] {scheduler_job.py:643} INFO - DAG(s) dict_keys(['example_kubernetes_executor']) retrieved from /home/airflow/.local/lib/python3.6/site-packages/airflow/example_dags/example_kubernetes_executor.py
[2023-02-16 21:04:18,708] {logging_mixin.py:104} INFO - [2023-02-16 21:04:18,708] {dag.py:1833} INFO - Sync 1 DAGs
[2023-02-16 21:04:18,723] {logging_mixin.py:104} INFO - [2023-02-16 21:04:18,723] {dag.py:2306} INFO - Setting next_dagrun for example_kubernetes_executor to None
[2023-02-16 21:04:18,731] {scheduler_job.py:190} INFO - Processing /home/airflow/.local/lib/python3.6/site-packages/airflow/example_dags/example_kubernetes_executor.py took 0.057 seconds
[2023-02-16 21:04:49,299] {scheduler_job.py:182} INFO - Started process (PID=2493) to work on /home/airflow/.local/lib/python3.6/site-packages/airflow/example_dags/example_kubernetes_executor.py
[2023-02-16 21:04:49,300] {scheduler_job.py:633} INFO - Processing file /home/airflow/.local/lib/python3.6/site-packages/airflow/example_dags/example_kubernetes_executor.py for tasks to queue
[2023-02-16 21:04:49,301] {logging_mixin.py:104} INFO - [2023-02-16 21:04:49,301] {dagbag.py:496} INFO - Filling up the DagBag from /home/airflow/.local/lib/python3.6/site-packages/airflow/example_dags/example_kubernetes_executor.py
[2023-02-16 21:04:49,315] {scheduler_job.py:643} INFO - DAG(s) dict_keys(['example_kubernetes_executor']) retrieved from /home/airflow/.local/lib/python3.6/site-packages/airflow/example_dags/example_kubernetes_executor.py
[2023-02-16 21:04:49,341] {logging_mixin.py:104} INFO - [2023-02-16 21:04:49,340] {dag.py:1833} INFO - Sync 1 DAGs
[2023-02-16 21:04:49,361] {logging_mixin.py:104} INFO - [2023-02-16 21:04:49,361] {dag.py:2306} INFO - Setting next_dagrun for example_kubernetes_executor to None
[2023-02-16 21:04:49,386] {scheduler_job.py:190} INFO - Processing /home/airflow/.local/lib/python3.6/site-packages/airflow/example_dags/example_kubernetes_executor.py took 0.090 seconds
[2023-02-16 21:05:19,826] {scheduler_job.py:182} INFO - Started process (PID=2544) to work on /home/airflow/.local/lib/python3.6/site-packages/airflow/example_dags/example_kubernetes_executor.py
[2023-02-16 21:05:19,828] {scheduler_job.py:633} INFO - Processing file /home/airflow/.local/lib/python3.6/site-packages/airflow/example_dags/example_kubernetes_executor.py for tasks to queue
[2023-02-16 21:05:19,828] {logging_mixin.py:104} INFO - [2023-02-16 21:05:19,828] {dagbag.py:496} INFO - Filling up the DagBag from /home/airflow/.local/lib/python3.6/site-packages/airflow/example_dags/example_kubernetes_executor.py
[2023-02-16 21:05:19,841] {scheduler_job.py:643} INFO - DAG(s) dict_keys(['example_kubernetes_executor']) retrieved from /home/airflow/.local/lib/python3.6/site-packages/airflow/example_dags/example_kubernetes_executor.py
[2023-02-16 21:05:19,860] {logging_mixin.py:104} INFO - [2023-02-16 21:05:19,860] {dag.py:1833} INFO - Sync 1 DAGs
[2023-02-16 21:05:19,876] {logging_mixin.py:104} INFO - [2023-02-16 21:05:19,875] {dag.py:2306} INFO - Setting next_dagrun for example_kubernetes_executor to None
[2023-02-16 21:05:19,892] {scheduler_job.py:190} INFO - Processing /home/airflow/.local/lib/python3.6/site-packages/airflow/example_dags/example_kubernetes_executor.py took 0.068 seconds
[2023-02-16 21:05:50,532] {scheduler_job.py:182} INFO - Started process (PID=2605) to work on /home/airflow/.local/lib/python3.6/site-packages/airflow/example_dags/example_kubernetes_executor.py
[2023-02-16 21:05:50,532] {scheduler_job.py:633} INFO - Processing file /home/airflow/.local/lib/python3.6/site-packages/airflow/example_dags/example_kubernetes_executor.py for tasks to queue
[2023-02-16 21:05:50,533] {logging_mixin.py:104} INFO - [2023-02-16 21:05:50,533] {dagbag.py:496} INFO - Filling up the DagBag from /home/airflow/.local/lib/python3.6/site-packages/airflow/example_dags/example_kubernetes_executor.py
[2023-02-16 21:05:50,544] {scheduler_job.py:643} INFO - DAG(s) dict_keys(['example_kubernetes_executor']) retrieved from /home/airflow/.local/lib/python3.6/site-packages/airflow/example_dags/example_kubernetes_executor.py
[2023-02-16 21:05:50,566] {logging_mixin.py:104} INFO - [2023-02-16 21:05:50,566] {dag.py:1833} INFO - Sync 1 DAGs
[2023-02-16 21:05:50,603] {logging_mixin.py:104} INFO - [2023-02-16 21:05:50,602] {dag.py:2306} INFO - Setting next_dagrun for example_kubernetes_executor to None
[2023-02-16 21:05:50,614] {scheduler_job.py:190} INFO - Processing /home/airflow/.local/lib/python3.6/site-packages/airflow/example_dags/example_kubernetes_executor.py took 0.085 seconds
[2023-02-16 21:06:21,212] {scheduler_job.py:182} INFO - Started process (PID=2656) to work on /home/airflow/.local/lib/python3.6/site-packages/airflow/example_dags/example_kubernetes_executor.py
[2023-02-16 21:06:21,213] {scheduler_job.py:633} INFO - Processing file /home/airflow/.local/lib/python3.6/site-packages/airflow/example_dags/example_kubernetes_executor.py for tasks to queue
[2023-02-16 21:06:21,214] {logging_mixin.py:104} INFO - [2023-02-16 21:06:21,213] {dagbag.py:496} INFO - Filling up the DagBag from /home/airflow/.local/lib/python3.6/site-packages/airflow/example_dags/example_kubernetes_executor.py
[2023-02-16 21:06:21,227] {scheduler_job.py:643} INFO - DAG(s) dict_keys(['example_kubernetes_executor']) retrieved from /home/airflow/.local/lib/python3.6/site-packages/airflow/example_dags/example_kubernetes_executor.py
[2023-02-16 21:06:21,247] {logging_mixin.py:104} INFO - [2023-02-16 21:06:21,247] {dag.py:1833} INFO - Sync 1 DAGs
[2023-02-16 21:06:21,260] {logging_mixin.py:104} INFO - [2023-02-16 21:06:21,260] {dag.py:2306} INFO - Setting next_dagrun for example_kubernetes_executor to None
[2023-02-16 21:06:21,270] {scheduler_job.py:190} INFO - Processing /home/airflow/.local/lib/python3.6/site-packages/airflow/example_dags/example_kubernetes_executor.py took 0.061 seconds
[2023-02-16 21:06:51,822] {scheduler_job.py:182} INFO - Started process (PID=2717) to work on /home/airflow/.local/lib/python3.6/site-packages/airflow/example_dags/example_kubernetes_executor.py
[2023-02-16 21:06:51,823] {scheduler_job.py:633} INFO - Processing file /home/airflow/.local/lib/python3.6/site-packages/airflow/example_dags/example_kubernetes_executor.py for tasks to queue
[2023-02-16 21:06:51,824] {logging_mixin.py:104} INFO - [2023-02-16 21:06:51,824] {dagbag.py:496} INFO - Filling up the DagBag from /home/airflow/.local/lib/python3.6/site-packages/airflow/example_dags/example_kubernetes_executor.py
[2023-02-16 21:06:51,837] {scheduler_job.py:643} INFO - DAG(s) dict_keys(['example_kubernetes_executor']) retrieved from /home/airflow/.local/lib/python3.6/site-packages/airflow/example_dags/example_kubernetes_executor.py
[2023-02-16 21:06:51,868] {logging_mixin.py:104} INFO - [2023-02-16 21:06:51,867] {dag.py:1833} INFO - Sync 1 DAGs
[2023-02-16 21:06:51,889] {logging_mixin.py:104} INFO - [2023-02-16 21:06:51,889] {dag.py:2306} INFO - Setting next_dagrun for example_kubernetes_executor to None
[2023-02-16 21:06:51,905] {scheduler_job.py:190} INFO - Processing /home/airflow/.local/lib/python3.6/site-packages/airflow/example_dags/example_kubernetes_executor.py took 0.085 seconds
[2023-02-16 21:07:22,438] {scheduler_job.py:182} INFO - Started process (PID=2768) to work on /home/airflow/.local/lib/python3.6/site-packages/airflow/example_dags/example_kubernetes_executor.py
[2023-02-16 21:07:22,438] {scheduler_job.py:633} INFO - Processing file /home/airflow/.local/lib/python3.6/site-packages/airflow/example_dags/example_kubernetes_executor.py for tasks to queue
[2023-02-16 21:07:22,439] {logging_mixin.py:104} INFO - [2023-02-16 21:07:22,439] {dagbag.py:496} INFO - Filling up the DagBag from /home/airflow/.local/lib/python3.6/site-packages/airflow/example_dags/example_kubernetes_executor.py
[2023-02-16 21:07:22,450] {scheduler_job.py:643} INFO - DAG(s) dict_keys(['example_kubernetes_executor']) retrieved from /home/airflow/.local/lib/python3.6/site-packages/airflow/example_dags/example_kubernetes_executor.py
[2023-02-16 21:07:22,469] {logging_mixin.py:104} INFO - [2023-02-16 21:07:22,469] {dag.py:1833} INFO - Sync 1 DAGs
[2023-02-16 21:07:22,485] {logging_mixin.py:104} INFO - [2023-02-16 21:07:22,484] {dag.py:2306} INFO - Setting next_dagrun for example_kubernetes_executor to None
[2023-02-16 21:07:22,494] {scheduler_job.py:190} INFO - Processing /home/airflow/.local/lib/python3.6/site-packages/airflow/example_dags/example_kubernetes_executor.py took 0.059 seconds
[2023-02-16 21:07:52,928] {scheduler_job.py:182} INFO - Started process (PID=2829) to work on /home/airflow/.local/lib/python3.6/site-packages/airflow/example_dags/example_kubernetes_executor.py
[2023-02-16 21:07:52,929] {scheduler_job.py:633} INFO - Processing file /home/airflow/.local/lib/python3.6/site-packages/airflow/example_dags/example_kubernetes_executor.py for tasks to queue
[2023-02-16 21:07:52,930] {logging_mixin.py:104} INFO - [2023-02-16 21:07:52,930] {dagbag.py:496} INFO - Filling up the DagBag from /home/airflow/.local/lib/python3.6/site-packages/airflow/example_dags/example_kubernetes_executor.py
[2023-02-16 21:07:52,941] {scheduler_job.py:643} INFO - DAG(s) dict_keys(['example_kubernetes_executor']) retrieved from /home/airflow/.local/lib/python3.6/site-packages/airflow/example_dags/example_kubernetes_executor.py
[2023-02-16 21:07:52,961] {logging_mixin.py:104} INFO - [2023-02-16 21:07:52,961] {dag.py:1833} INFO - Sync 1 DAGs
[2023-02-16 21:07:52,976] {logging_mixin.py:104} INFO - [2023-02-16 21:07:52,976] {dag.py:2306} INFO - Setting next_dagrun for example_kubernetes_executor to None
[2023-02-16 21:07:52,986] {scheduler_job.py:190} INFO - Processing /home/airflow/.local/lib/python3.6/site-packages/airflow/example_dags/example_kubernetes_executor.py took 0.061 seconds
[2023-02-16 21:08:23,642] {scheduler_job.py:182} INFO - Started process (PID=2880) to work on /home/airflow/.local/lib/python3.6/site-packages/airflow/example_dags/example_kubernetes_executor.py
[2023-02-16 21:08:23,644] {scheduler_job.py:633} INFO - Processing file /home/airflow/.local/lib/python3.6/site-packages/airflow/example_dags/example_kubernetes_executor.py for tasks to queue
[2023-02-16 21:08:23,645] {logging_mixin.py:104} INFO - [2023-02-16 21:08:23,644] {dagbag.py:496} INFO - Filling up the DagBag from /home/airflow/.local/lib/python3.6/site-packages/airflow/example_dags/example_kubernetes_executor.py
[2023-02-16 21:08:23,656] {scheduler_job.py:643} INFO - DAG(s) dict_keys(['example_kubernetes_executor']) retrieved from /home/airflow/.local/lib/python3.6/site-packages/airflow/example_dags/example_kubernetes_executor.py
[2023-02-16 21:08:23,679] {logging_mixin.py:104} INFO - [2023-02-16 21:08:23,678] {dag.py:1833} INFO - Sync 1 DAGs
[2023-02-16 21:08:23,693] {logging_mixin.py:104} INFO - [2023-02-16 21:08:23,693] {dag.py:2306} INFO - Setting next_dagrun for example_kubernetes_executor to None
[2023-02-16 21:08:23,702] {scheduler_job.py:190} INFO - Processing /home/airflow/.local/lib/python3.6/site-packages/airflow/example_dags/example_kubernetes_executor.py took 0.062 seconds
[2023-02-16 21:08:53,925] {scheduler_job.py:182} INFO - Started process (PID=2940) to work on /home/airflow/.local/lib/python3.6/site-packages/airflow/example_dags/example_kubernetes_executor.py
[2023-02-16 21:08:53,927] {scheduler_job.py:633} INFO - Processing file /home/airflow/.local/lib/python3.6/site-packages/airflow/example_dags/example_kubernetes_executor.py for tasks to queue
[2023-02-16 21:08:53,929] {logging_mixin.py:104} INFO - [2023-02-16 21:08:53,929] {dagbag.py:496} INFO - Filling up the DagBag from /home/airflow/.local/lib/python3.6/site-packages/airflow/example_dags/example_kubernetes_executor.py
[2023-02-16 21:08:53,941] {scheduler_job.py:643} INFO - DAG(s) dict_keys(['example_kubernetes_executor']) retrieved from /home/airflow/.local/lib/python3.6/site-packages/airflow/example_dags/example_kubernetes_executor.py
[2023-02-16 21:08:53,967] {logging_mixin.py:104} INFO - [2023-02-16 21:08:53,967] {dag.py:1833} INFO - Sync 1 DAGs
[2023-02-16 21:08:53,983] {logging_mixin.py:104} INFO - [2023-02-16 21:08:53,983] {dag.py:2306} INFO - Setting next_dagrun for example_kubernetes_executor to None
[2023-02-16 21:08:53,993] {scheduler_job.py:190} INFO - Processing /home/airflow/.local/lib/python3.6/site-packages/airflow/example_dags/example_kubernetes_executor.py took 0.071 seconds
[2023-02-16 21:09:24,361] {scheduler_job.py:182} INFO - Started process (PID=2991) to work on /home/airflow/.local/lib/python3.6/site-packages/airflow/example_dags/example_kubernetes_executor.py
[2023-02-16 21:09:24,362] {scheduler_job.py:633} INFO - Processing file /home/airflow/.local/lib/python3.6/site-packages/airflow/example_dags/example_kubernetes_executor.py for tasks to queue
[2023-02-16 21:09:24,363] {logging_mixin.py:104} INFO - [2023-02-16 21:09:24,362] {dagbag.py:496} INFO - Filling up the DagBag from /home/airflow/.local/lib/python3.6/site-packages/airflow/example_dags/example_kubernetes_executor.py
[2023-02-16 21:09:24,372] {scheduler_job.py:643} INFO - DAG(s) dict_keys(['example_kubernetes_executor']) retrieved from /home/airflow/.local/lib/python3.6/site-packages/airflow/example_dags/example_kubernetes_executor.py
[2023-02-16 21:09:24,390] {logging_mixin.py:104} INFO - [2023-02-16 21:09:24,390] {dag.py:1833} INFO - Sync 1 DAGs
[2023-02-16 21:09:24,403] {logging_mixin.py:104} INFO - [2023-02-16 21:09:24,403] {dag.py:2306} INFO - Setting next_dagrun for example_kubernetes_executor to None
[2023-02-16 21:09:24,413] {scheduler_job.py:190} INFO - Processing /home/airflow/.local/lib/python3.6/site-packages/airflow/example_dags/example_kubernetes_executor.py took 0.053 seconds
[2023-02-16 21:09:54,982] {scheduler_job.py:182} INFO - Started process (PID=3052) to work on /home/airflow/.local/lib/python3.6/site-packages/airflow/example_dags/example_kubernetes_executor.py
[2023-02-16 21:09:54,983] {scheduler_job.py:633} INFO - Processing file /home/airflow/.local/lib/python3.6/site-packages/airflow/example_dags/example_kubernetes_executor.py for tasks to queue
[2023-02-16 21:09:54,983] {logging_mixin.py:104} INFO - [2023-02-16 21:09:54,983] {dagbag.py:496} INFO - Filling up the DagBag from /home/airflow/.local/lib/python3.6/site-packages/airflow/example_dags/example_kubernetes_executor.py
[2023-02-16 21:09:54,995] {scheduler_job.py:643} INFO - DAG(s) dict_keys(['example_kubernetes_executor']) retrieved from /home/airflow/.local/lib/python3.6/site-packages/airflow/example_dags/example_kubernetes_executor.py
[2023-02-16 21:09:55,068] {logging_mixin.py:104} INFO - [2023-02-16 21:09:55,067] {dag.py:1833} INFO - Sync 1 DAGs
[2023-02-16 21:09:55,081] {logging_mixin.py:104} INFO - [2023-02-16 21:09:55,081] {dag.py:2306} INFO - Setting next_dagrun for example_kubernetes_executor to None
[2023-02-16 21:09:55,091] {scheduler_job.py:190} INFO - Processing /home/airflow/.local/lib/python3.6/site-packages/airflow/example_dags/example_kubernetes_executor.py took 0.112 seconds
[2023-02-16 21:10:25,269] {scheduler_job.py:182} INFO - Started process (PID=3103) to work on /home/airflow/.local/lib/python3.6/site-packages/airflow/example_dags/example_kubernetes_executor.py
[2023-02-16 21:10:25,270] {scheduler_job.py:633} INFO - Processing file /home/airflow/.local/lib/python3.6/site-packages/airflow/example_dags/example_kubernetes_executor.py for tasks to queue
[2023-02-16 21:10:25,270] {logging_mixin.py:104} INFO - [2023-02-16 21:10:25,270] {dagbag.py:496} INFO - Filling up the DagBag from /home/airflow/.local/lib/python3.6/site-packages/airflow/example_dags/example_kubernetes_executor.py
[2023-02-16 21:10:25,281] {scheduler_job.py:643} INFO - DAG(s) dict_keys(['example_kubernetes_executor']) retrieved from /home/airflow/.local/lib/python3.6/site-packages/airflow/example_dags/example_kubernetes_executor.py
[2023-02-16 21:10:25,321] {logging_mixin.py:104} INFO - [2023-02-16 21:10:25,321] {dag.py:1833} INFO - Sync 1 DAGs
[2023-02-16 21:10:25,336] {logging_mixin.py:104} INFO - [2023-02-16 21:10:25,336] {dag.py:2306} INFO - Setting next_dagrun for example_kubernetes_executor to None
[2023-02-16 21:10:25,344] {scheduler_job.py:190} INFO - Processing /home/airflow/.local/lib/python3.6/site-packages/airflow/example_dags/example_kubernetes_executor.py took 0.078 seconds
[2023-02-16 21:10:56,085] {scheduler_job.py:182} INFO - Started process (PID=3164) to work on /home/airflow/.local/lib/python3.6/site-packages/airflow/example_dags/example_kubernetes_executor.py
[2023-02-16 21:10:56,086] {scheduler_job.py:633} INFO - Processing file /home/airflow/.local/lib/python3.6/site-packages/airflow/example_dags/example_kubernetes_executor.py for tasks to queue
[2023-02-16 21:10:56,086] {logging_mixin.py:104} INFO - [2023-02-16 21:10:56,086] {dagbag.py:496} INFO - Filling up the DagBag from /home/airflow/.local/lib/python3.6/site-packages/airflow/example_dags/example_kubernetes_executor.py
[2023-02-16 21:10:56,101] {scheduler_job.py:643} INFO - DAG(s) dict_keys(['example_kubernetes_executor']) retrieved from /home/airflow/.local/lib/python3.6/site-packages/airflow/example_dags/example_kubernetes_executor.py
[2023-02-16 21:10:56,198] {logging_mixin.py:104} INFO - [2023-02-16 21:10:56,197] {dag.py:1833} INFO - Sync 1 DAGs
[2023-02-16 21:10:56,211] {logging_mixin.py:104} INFO - [2023-02-16 21:10:56,211] {dag.py:2306} INFO - Setting next_dagrun for example_kubernetes_executor to None
[2023-02-16 21:10:56,290] {scheduler_job.py:190} INFO - Processing /home/airflow/.local/lib/python3.6/site-packages/airflow/example_dags/example_kubernetes_executor.py took 0.256 seconds
[2023-02-16 21:11:26,425] {scheduler_job.py:182} INFO - Started process (PID=3214) to work on /home/airflow/.local/lib/python3.6/site-packages/airflow/example_dags/example_kubernetes_executor.py
[2023-02-16 21:11:26,426] {scheduler_job.py:633} INFO - Processing file /home/airflow/.local/lib/python3.6/site-packages/airflow/example_dags/example_kubernetes_executor.py for tasks to queue
[2023-02-16 21:11:26,427] {logging_mixin.py:104} INFO - [2023-02-16 21:11:26,427] {dagbag.py:496} INFO - Filling up the DagBag from /home/airflow/.local/lib/python3.6/site-packages/airflow/example_dags/example_kubernetes_executor.py
[2023-02-16 21:11:26,437] {scheduler_job.py:643} INFO - DAG(s) dict_keys(['example_kubernetes_executor']) retrieved from /home/airflow/.local/lib/python3.6/site-packages/airflow/example_dags/example_kubernetes_executor.py
[2023-02-16 21:11:26,457] {logging_mixin.py:104} INFO - [2023-02-16 21:11:26,456] {dag.py:1833} INFO - Sync 1 DAGs
[2023-02-16 21:11:26,469] {logging_mixin.py:104} INFO - [2023-02-16 21:11:26,469] {dag.py:2306} INFO - Setting next_dagrun for example_kubernetes_executor to None
[2023-02-16 21:11:26,477] {scheduler_job.py:190} INFO - Processing /home/airflow/.local/lib/python3.6/site-packages/airflow/example_dags/example_kubernetes_executor.py took 0.054 seconds
[2023-02-16 21:11:56,696] {scheduler_job.py:182} INFO - Started process (PID=3272) to work on /home/airflow/.local/lib/python3.6/site-packages/airflow/example_dags/example_kubernetes_executor.py
[2023-02-16 21:11:56,697] {scheduler_job.py:633} INFO - Processing file /home/airflow/.local/lib/python3.6/site-packages/airflow/example_dags/example_kubernetes_executor.py for tasks to queue
[2023-02-16 21:11:56,697] {logging_mixin.py:104} INFO - [2023-02-16 21:11:56,697] {dagbag.py:496} INFO - Filling up the DagBag from /home/airflow/.local/lib/python3.6/site-packages/airflow/example_dags/example_kubernetes_executor.py
[2023-02-16 21:11:56,707] {scheduler_job.py:643} INFO - DAG(s) dict_keys(['example_kubernetes_executor']) retrieved from /home/airflow/.local/lib/python3.6/site-packages/airflow/example_dags/example_kubernetes_executor.py
[2023-02-16 21:11:56,724] {logging_mixin.py:104} INFO - [2023-02-16 21:11:56,724] {dag.py:1833} INFO - Sync 1 DAGs
[2023-02-16 21:11:56,737] {logging_mixin.py:104} INFO - [2023-02-16 21:11:56,737] {dag.py:2306} INFO - Setting next_dagrun for example_kubernetes_executor to None
[2023-02-16 21:11:56,745] {scheduler_job.py:190} INFO - Processing /home/airflow/.local/lib/python3.6/site-packages/airflow/example_dags/example_kubernetes_executor.py took 0.052 seconds
[2023-02-16 21:12:26,986] {scheduler_job.py:182} INFO - Started process (PID=3324) to work on /home/airflow/.local/lib/python3.6/site-packages/airflow/example_dags/example_kubernetes_executor.py
[2023-02-16 21:12:26,986] {scheduler_job.py:633} INFO - Processing file /home/airflow/.local/lib/python3.6/site-packages/airflow/example_dags/example_kubernetes_executor.py for tasks to queue
[2023-02-16 21:12:26,987] {logging_mixin.py:104} INFO - [2023-02-16 21:12:26,987] {dagbag.py:496} INFO - Filling up the DagBag from /home/airflow/.local/lib/python3.6/site-packages/airflow/example_dags/example_kubernetes_executor.py
[2023-02-16 21:12:26,996] {scheduler_job.py:643} INFO - DAG(s) dict_keys(['example_kubernetes_executor']) retrieved from /home/airflow/.local/lib/python3.6/site-packages/airflow/example_dags/example_kubernetes_executor.py
[2023-02-16 21:12:27,015] {logging_mixin.py:104} INFO - [2023-02-16 21:12:27,014] {dag.py:1833} INFO - Sync 1 DAGs
[2023-02-16 21:12:27,027] {logging_mixin.py:104} INFO - [2023-02-16 21:12:27,027] {dag.py:2306} INFO - Setting next_dagrun for example_kubernetes_executor to None
[2023-02-16 21:12:27,035] {scheduler_job.py:190} INFO - Processing /home/airflow/.local/lib/python3.6/site-packages/airflow/example_dags/example_kubernetes_executor.py took 0.052 seconds
[2023-02-16 21:12:57,735] {scheduler_job.py:182} INFO - Started process (PID=3385) to work on /home/airflow/.local/lib/python3.6/site-packages/airflow/example_dags/example_kubernetes_executor.py
[2023-02-16 21:12:57,736] {scheduler_job.py:633} INFO - Processing file /home/airflow/.local/lib/python3.6/site-packages/airflow/example_dags/example_kubernetes_executor.py for tasks to queue
[2023-02-16 21:12:57,736] {logging_mixin.py:104} INFO - [2023-02-16 21:12:57,736] {dagbag.py:496} INFO - Filling up the DagBag from /home/airflow/.local/lib/python3.6/site-packages/airflow/example_dags/example_kubernetes_executor.py
[2023-02-16 21:12:57,783] {scheduler_job.py:643} INFO - DAG(s) dict_keys(['example_kubernetes_executor']) retrieved from /home/airflow/.local/lib/python3.6/site-packages/airflow/example_dags/example_kubernetes_executor.py
[2023-02-16 21:12:57,808] {logging_mixin.py:104} INFO - [2023-02-16 21:12:57,808] {dag.py:1833} INFO - Sync 1 DAGs
[2023-02-16 21:12:57,898] {logging_mixin.py:104} INFO - [2023-02-16 21:12:57,898] {dag.py:2306} INFO - Setting next_dagrun for example_kubernetes_executor to None
[2023-02-16 21:12:57,986] {scheduler_job.py:190} INFO - Processing /home/airflow/.local/lib/python3.6/site-packages/airflow/example_dags/example_kubernetes_executor.py took 0.253 seconds
[2023-02-16 21:13:28,126] {scheduler_job.py:182} INFO - Started process (PID=3435) to work on /home/airflow/.local/lib/python3.6/site-packages/airflow/example_dags/example_kubernetes_executor.py
[2023-02-16 21:13:28,127] {scheduler_job.py:633} INFO - Processing file /home/airflow/.local/lib/python3.6/site-packages/airflow/example_dags/example_kubernetes_executor.py for tasks to queue
[2023-02-16 21:13:28,127] {logging_mixin.py:104} INFO - [2023-02-16 21:13:28,127] {dagbag.py:496} INFO - Filling up the DagBag from /home/airflow/.local/lib/python3.6/site-packages/airflow/example_dags/example_kubernetes_executor.py
[2023-02-16 21:13:28,138] {scheduler_job.py:643} INFO - DAG(s) dict_keys(['example_kubernetes_executor']) retrieved from /home/airflow/.local/lib/python3.6/site-packages/airflow/example_dags/example_kubernetes_executor.py
[2023-02-16 21:13:28,158] {logging_mixin.py:104} INFO - [2023-02-16 21:13:28,158] {dag.py:1833} INFO - Sync 1 DAGs
[2023-02-16 21:13:28,172] {logging_mixin.py:104} INFO - [2023-02-16 21:13:28,172] {dag.py:2306} INFO - Setting next_dagrun for example_kubernetes_executor to None
[2023-02-16 21:13:28,181] {scheduler_job.py:190} INFO - Processing /home/airflow/.local/lib/python3.6/site-packages/airflow/example_dags/example_kubernetes_executor.py took 0.057 seconds
[2023-02-16 21:13:58,560] {scheduler_job.py:182} INFO - Started process (PID=3486) to work on /home/airflow/.local/lib/python3.6/site-packages/airflow/example_dags/example_kubernetes_executor.py
[2023-02-16 21:13:58,561] {scheduler_job.py:633} INFO - Processing file /home/airflow/.local/lib/python3.6/site-packages/airflow/example_dags/example_kubernetes_executor.py for tasks to queue
[2023-02-16 21:13:58,561] {logging_mixin.py:104} INFO - [2023-02-16 21:13:58,561] {dagbag.py:496} INFO - Filling up the DagBag from /home/airflow/.local/lib/python3.6/site-packages/airflow/example_dags/example_kubernetes_executor.py
[2023-02-16 21:13:58,572] {scheduler_job.py:643} INFO - DAG(s) dict_keys(['example_kubernetes_executor']) retrieved from /home/airflow/.local/lib/python3.6/site-packages/airflow/example_dags/example_kubernetes_executor.py
[2023-02-16 21:13:58,598] {logging_mixin.py:104} INFO - [2023-02-16 21:13:58,598] {dag.py:1833} INFO - Sync 1 DAGs
[2023-02-16 21:13:58,611] {logging_mixin.py:104} INFO - [2023-02-16 21:13:58,611] {dag.py:2306} INFO - Setting next_dagrun for example_kubernetes_executor to None
[2023-02-16 21:13:58,627] {scheduler_job.py:190} INFO - Processing /home/airflow/.local/lib/python3.6/site-packages/airflow/example_dags/example_kubernetes_executor.py took 0.069 seconds
[2023-02-16 21:14:28,953] {scheduler_job.py:182} INFO - Started process (PID=3547) to work on /home/airflow/.local/lib/python3.6/site-packages/airflow/example_dags/example_kubernetes_executor.py
[2023-02-16 21:14:28,955] {scheduler_job.py:633} INFO - Processing file /home/airflow/.local/lib/python3.6/site-packages/airflow/example_dags/example_kubernetes_executor.py for tasks to queue
[2023-02-16 21:14:28,956] {logging_mixin.py:104} INFO - [2023-02-16 21:14:28,956] {dagbag.py:496} INFO - Filling up the DagBag from /home/airflow/.local/lib/python3.6/site-packages/airflow/example_dags/example_kubernetes_executor.py
[2023-02-16 21:14:28,966] {scheduler_job.py:643} INFO - DAG(s) dict_keys(['example_kubernetes_executor']) retrieved from /home/airflow/.local/lib/python3.6/site-packages/airflow/example_dags/example_kubernetes_executor.py
[2023-02-16 21:14:28,984] {logging_mixin.py:104} INFO - [2023-02-16 21:14:28,984] {dag.py:1833} INFO - Sync 1 DAGs
[2023-02-16 21:14:28,996] {logging_mixin.py:104} INFO - [2023-02-16 21:14:28,996] {dag.py:2306} INFO - Setting next_dagrun for example_kubernetes_executor to None
[2023-02-16 21:14:29,004] {scheduler_job.py:190} INFO - Processing /home/airflow/.local/lib/python3.6/site-packages/airflow/example_dags/example_kubernetes_executor.py took 0.053 seconds
[2023-02-16 21:14:59,279] {scheduler_job.py:182} INFO - Started process (PID=3598) to work on /home/airflow/.local/lib/python3.6/site-packages/airflow/example_dags/example_kubernetes_executor.py
[2023-02-16 21:14:59,282] {scheduler_job.py:633} INFO - Processing file /home/airflow/.local/lib/python3.6/site-packages/airflow/example_dags/example_kubernetes_executor.py for tasks to queue
[2023-02-16 21:14:59,283] {logging_mixin.py:104} INFO - [2023-02-16 21:14:59,283] {dagbag.py:496} INFO - Filling up the DagBag from /home/airflow/.local/lib/python3.6/site-packages/airflow/example_dags/example_kubernetes_executor.py
[2023-02-16 21:14:59,315] {scheduler_job.py:643} INFO - DAG(s) dict_keys(['example_kubernetes_executor']) retrieved from /home/airflow/.local/lib/python3.6/site-packages/airflow/example_dags/example_kubernetes_executor.py
[2023-02-16 21:14:59,350] {logging_mixin.py:104} INFO - [2023-02-16 21:14:59,350] {dag.py:1833} INFO - Sync 1 DAGs
[2023-02-16 21:14:59,366] {logging_mixin.py:104} INFO - [2023-02-16 21:14:59,366] {dag.py:2306} INFO - Setting next_dagrun for example_kubernetes_executor to None
[2023-02-16 21:14:59,376] {scheduler_job.py:190} INFO - Processing /home/airflow/.local/lib/python3.6/site-packages/airflow/example_dags/example_kubernetes_executor.py took 0.103 seconds
[2023-02-16 21:15:29,651] {scheduler_job.py:182} INFO - Started process (PID=3659) to work on /home/airflow/.local/lib/python3.6/site-packages/airflow/example_dags/example_kubernetes_executor.py
[2023-02-16 21:15:29,652] {scheduler_job.py:633} INFO - Processing file /home/airflow/.local/lib/python3.6/site-packages/airflow/example_dags/example_kubernetes_executor.py for tasks to queue
[2023-02-16 21:15:29,653] {logging_mixin.py:104} INFO - [2023-02-16 21:15:29,653] {dagbag.py:496} INFO - Filling up the DagBag from /home/airflow/.local/lib/python3.6/site-packages/airflow/example_dags/example_kubernetes_executor.py
[2023-02-16 21:15:29,663] {scheduler_job.py:643} INFO - DAG(s) dict_keys(['example_kubernetes_executor']) retrieved from /home/airflow/.local/lib/python3.6/site-packages/airflow/example_dags/example_kubernetes_executor.py
[2023-02-16 21:15:29,681] {logging_mixin.py:104} INFO - [2023-02-16 21:15:29,681] {dag.py:1833} INFO - Sync 1 DAGs
[2023-02-16 21:15:29,694] {logging_mixin.py:104} INFO - [2023-02-16 21:15:29,694] {dag.py:2306} INFO - Setting next_dagrun for example_kubernetes_executor to None
[2023-02-16 21:15:29,702] {scheduler_job.py:190} INFO - Processing /home/airflow/.local/lib/python3.6/site-packages/airflow/example_dags/example_kubernetes_executor.py took 0.053 seconds
[2023-02-16 21:16:00,280] {scheduler_job.py:182} INFO - Started process (PID=3710) to work on /home/airflow/.local/lib/python3.6/site-packages/airflow/example_dags/example_kubernetes_executor.py
[2023-02-16 21:16:00,281] {scheduler_job.py:633} INFO - Processing file /home/airflow/.local/lib/python3.6/site-packages/airflow/example_dags/example_kubernetes_executor.py for tasks to queue
[2023-02-16 21:16:00,281] {logging_mixin.py:104} INFO - [2023-02-16 21:16:00,281] {dagbag.py:496} INFO - Filling up the DagBag from /home/airflow/.local/lib/python3.6/site-packages/airflow/example_dags/example_kubernetes_executor.py
[2023-02-16 21:16:00,292] {scheduler_job.py:643} INFO - DAG(s) dict_keys(['example_kubernetes_executor']) retrieved from /home/airflow/.local/lib/python3.6/site-packages/airflow/example_dags/example_kubernetes_executor.py
[2023-02-16 21:16:00,311] {logging_mixin.py:104} INFO - [2023-02-16 21:16:00,310] {dag.py:1833} INFO - Sync 1 DAGs
[2023-02-16 21:16:00,323] {logging_mixin.py:104} INFO - [2023-02-16 21:16:00,323] {dag.py:2306} INFO - Setting next_dagrun for example_kubernetes_executor to None
[2023-02-16 21:16:00,332] {scheduler_job.py:190} INFO - Processing /home/airflow/.local/lib/python3.6/site-packages/airflow/example_dags/example_kubernetes_executor.py took 0.055 seconds
[2023-02-16 21:16:30,695] {scheduler_job.py:182} INFO - Started process (PID=3771) to work on /home/airflow/.local/lib/python3.6/site-packages/airflow/example_dags/example_kubernetes_executor.py
[2023-02-16 21:16:30,696] {scheduler_job.py:633} INFO - Processing file /home/airflow/.local/lib/python3.6/site-packages/airflow/example_dags/example_kubernetes_executor.py for tasks to queue
[2023-02-16 21:16:30,696] {logging_mixin.py:104} INFO - [2023-02-16 21:16:30,696] {dagbag.py:496} INFO - Filling up the DagBag from /home/airflow/.local/lib/python3.6/site-packages/airflow/example_dags/example_kubernetes_executor.py
[2023-02-16 21:16:30,707] {scheduler_job.py:643} INFO - DAG(s) dict_keys(['example_kubernetes_executor']) retrieved from /home/airflow/.local/lib/python3.6/site-packages/airflow/example_dags/example_kubernetes_executor.py
[2023-02-16 21:16:30,727] {logging_mixin.py:104} INFO - [2023-02-16 21:16:30,727] {dag.py:1833} INFO - Sync 1 DAGs
[2023-02-16 21:16:30,739] {logging_mixin.py:104} INFO - [2023-02-16 21:16:30,739] {dag.py:2306} INFO - Setting next_dagrun for example_kubernetes_executor to None
[2023-02-16 21:16:30,746] {scheduler_job.py:190} INFO - Processing /home/airflow/.local/lib/python3.6/site-packages/airflow/example_dags/example_kubernetes_executor.py took 0.054 seconds
[2023-02-16 21:17:01,087] {scheduler_job.py:182} INFO - Started process (PID=3829) to work on /home/airflow/.local/lib/python3.6/site-packages/airflow/example_dags/example_kubernetes_executor.py
[2023-02-16 21:17:01,088] {scheduler_job.py:633} INFO - Processing file /home/airflow/.local/lib/python3.6/site-packages/airflow/example_dags/example_kubernetes_executor.py for tasks to queue
[2023-02-16 21:17:01,089] {logging_mixin.py:104} INFO - [2023-02-16 21:17:01,089] {dagbag.py:496} INFO - Filling up the DagBag from /home/airflow/.local/lib/python3.6/site-packages/airflow/example_dags/example_kubernetes_executor.py
[2023-02-16 21:17:01,101] {scheduler_job.py:643} INFO - DAG(s) dict_keys(['example_kubernetes_executor']) retrieved from /home/airflow/.local/lib/python3.6/site-packages/airflow/example_dags/example_kubernetes_executor.py
[2023-02-16 21:17:01,199] {logging_mixin.py:104} INFO - [2023-02-16 21:17:01,199] {dag.py:1833} INFO - Sync 1 DAGs
[2023-02-16 21:17:01,214] {logging_mixin.py:104} INFO - [2023-02-16 21:17:01,214] {dag.py:2306} INFO - Setting next_dagrun for example_kubernetes_executor to None
[2023-02-16 21:17:01,223] {scheduler_job.py:190} INFO - Processing /home/airflow/.local/lib/python3.6/site-packages/airflow/example_dags/example_kubernetes_executor.py took 0.138 seconds
[2023-02-16 21:17:31,537] {scheduler_job.py:182} INFO - Started process (PID=3883) to work on /home/airflow/.local/lib/python3.6/site-packages/airflow/example_dags/example_kubernetes_executor.py
[2023-02-16 21:17:31,538] {scheduler_job.py:633} INFO - Processing file /home/airflow/.local/lib/python3.6/site-packages/airflow/example_dags/example_kubernetes_executor.py for tasks to queue
[2023-02-16 21:17:31,539] {logging_mixin.py:104} INFO - [2023-02-16 21:17:31,538] {dagbag.py:496} INFO - Filling up the DagBag from /home/airflow/.local/lib/python3.6/site-packages/airflow/example_dags/example_kubernetes_executor.py
[2023-02-16 21:17:31,550] {scheduler_job.py:643} INFO - DAG(s) dict_keys(['example_kubernetes_executor']) retrieved from /home/airflow/.local/lib/python3.6/site-packages/airflow/example_dags/example_kubernetes_executor.py
[2023-02-16 21:17:31,569] {logging_mixin.py:104} INFO - [2023-02-16 21:17:31,569] {dag.py:1833} INFO - Sync 1 DAGs
[2023-02-16 21:17:31,581] {logging_mixin.py:104} INFO - [2023-02-16 21:17:31,581] {dag.py:2306} INFO - Setting next_dagrun for example_kubernetes_executor to None
[2023-02-16 21:17:31,589] {scheduler_job.py:190} INFO - Processing /home/airflow/.local/lib/python3.6/site-packages/airflow/example_dags/example_kubernetes_executor.py took 0.054 seconds
[2023-02-16 21:18:01,909] {scheduler_job.py:182} INFO - Started process (PID=3943) to work on /home/airflow/.local/lib/python3.6/site-packages/airflow/example_dags/example_kubernetes_executor.py
[2023-02-16 21:18:01,910] {scheduler_job.py:633} INFO - Processing file /home/airflow/.local/lib/python3.6/site-packages/airflow/example_dags/example_kubernetes_executor.py for tasks to queue
[2023-02-16 21:18:01,910] {logging_mixin.py:104} INFO - [2023-02-16 21:18:01,910] {dagbag.py:496} INFO - Filling up the DagBag from /home/airflow/.local/lib/python3.6/site-packages/airflow/example_dags/example_kubernetes_executor.py
[2023-02-16 21:18:01,922] {scheduler_job.py:643} INFO - DAG(s) dict_keys(['example_kubernetes_executor']) retrieved from /home/airflow/.local/lib/python3.6/site-packages/airflow/example_dags/example_kubernetes_executor.py
[2023-02-16 21:18:01,941] {logging_mixin.py:104} INFO - [2023-02-16 21:18:01,941] {dag.py:1833} INFO - Sync 1 DAGs
[2023-02-16 21:18:01,954] {logging_mixin.py:104} INFO - [2023-02-16 21:18:01,954] {dag.py:2306} INFO - Setting next_dagrun for example_kubernetes_executor to None
[2023-02-16 21:18:01,961] {scheduler_job.py:190} INFO - Processing /home/airflow/.local/lib/python3.6/site-packages/airflow/example_dags/example_kubernetes_executor.py took 0.055 seconds
[2023-02-16 21:18:32,381] {scheduler_job.py:182} INFO - Started process (PID=3995) to work on /home/airflow/.local/lib/python3.6/site-packages/airflow/example_dags/example_kubernetes_executor.py
[2023-02-16 21:18:32,382] {scheduler_job.py:633} INFO - Processing file /home/airflow/.local/lib/python3.6/site-packages/airflow/example_dags/example_kubernetes_executor.py for tasks to queue
[2023-02-16 21:18:32,383] {logging_mixin.py:104} INFO - [2023-02-16 21:18:32,383] {dagbag.py:496} INFO - Filling up the DagBag from /home/airflow/.local/lib/python3.6/site-packages/airflow/example_dags/example_kubernetes_executor.py
[2023-02-16 21:18:32,392] {scheduler_job.py:643} INFO - DAG(s) dict_keys(['example_kubernetes_executor']) retrieved from /home/airflow/.local/lib/python3.6/site-packages/airflow/example_dags/example_kubernetes_executor.py
[2023-02-16 21:18:32,410] {logging_mixin.py:104} INFO - [2023-02-16 21:18:32,410] {dag.py:1833} INFO - Sync 1 DAGs
[2023-02-16 21:18:32,423] {logging_mixin.py:104} INFO - [2023-02-16 21:18:32,423] {dag.py:2306} INFO - Setting next_dagrun for example_kubernetes_executor to None
[2023-02-16 21:18:32,431] {scheduler_job.py:190} INFO - Processing /home/airflow/.local/lib/python3.6/site-packages/airflow/example_dags/example_kubernetes_executor.py took 0.052 seconds
[2023-02-16 21:19:02,623] {scheduler_job.py:182} INFO - Started process (PID=4056) to work on /home/airflow/.local/lib/python3.6/site-packages/airflow/example_dags/example_kubernetes_executor.py
[2023-02-16 21:19:02,624] {scheduler_job.py:633} INFO - Processing file /home/airflow/.local/lib/python3.6/site-packages/airflow/example_dags/example_kubernetes_executor.py for tasks to queue
[2023-02-16 21:19:02,625] {logging_mixin.py:104} INFO - [2023-02-16 21:19:02,625] {dagbag.py:496} INFO - Filling up the DagBag from /home/airflow/.local/lib/python3.6/site-packages/airflow/example_dags/example_kubernetes_executor.py
[2023-02-16 21:19:02,637] {scheduler_job.py:643} INFO - DAG(s) dict_keys(['example_kubernetes_executor']) retrieved from /home/airflow/.local/lib/python3.6/site-packages/airflow/example_dags/example_kubernetes_executor.py
[2023-02-16 21:19:02,663] {logging_mixin.py:104} INFO - [2023-02-16 21:19:02,663] {dag.py:1833} INFO - Sync 1 DAGs
[2023-02-16 21:19:02,683] {logging_mixin.py:104} INFO - [2023-02-16 21:19:02,683] {dag.py:2306} INFO - Setting next_dagrun for example_kubernetes_executor to None
[2023-02-16 21:19:02,693] {scheduler_job.py:190} INFO - Processing /home/airflow/.local/lib/python3.6/site-packages/airflow/example_dags/example_kubernetes_executor.py took 0.073 seconds
[2023-02-16 21:19:33,191] {scheduler_job.py:182} INFO - Started process (PID=4107) to work on /home/airflow/.local/lib/python3.6/site-packages/airflow/example_dags/example_kubernetes_executor.py
[2023-02-16 21:19:33,191] {scheduler_job.py:633} INFO - Processing file /home/airflow/.local/lib/python3.6/site-packages/airflow/example_dags/example_kubernetes_executor.py for tasks to queue
[2023-02-16 21:19:33,192] {logging_mixin.py:104} INFO - [2023-02-16 21:19:33,192] {dagbag.py:496} INFO - Filling up the DagBag from /home/airflow/.local/lib/python3.6/site-packages/airflow/example_dags/example_kubernetes_executor.py
[2023-02-16 21:19:33,202] {scheduler_job.py:643} INFO - DAG(s) dict_keys(['example_kubernetes_executor']) retrieved from /home/airflow/.local/lib/python3.6/site-packages/airflow/example_dags/example_kubernetes_executor.py
[2023-02-16 21:19:33,244] {logging_mixin.py:104} INFO - [2023-02-16 21:19:33,244] {dag.py:1833} INFO - Sync 1 DAGs
[2023-02-16 21:19:33,259] {logging_mixin.py:104} INFO - [2023-02-16 21:19:33,259] {dag.py:2306} INFO - Setting next_dagrun for example_kubernetes_executor to None
[2023-02-16 21:19:33,270] {scheduler_job.py:190} INFO - Processing /home/airflow/.local/lib/python3.6/site-packages/airflow/example_dags/example_kubernetes_executor.py took 0.082 seconds
[2023-02-16 21:20:03,627] {scheduler_job.py:182} INFO - Started process (PID=4168) to work on /home/airflow/.local/lib/python3.6/site-packages/airflow/example_dags/example_kubernetes_executor.py
[2023-02-16 21:20:03,627] {scheduler_job.py:633} INFO - Processing file /home/airflow/.local/lib/python3.6/site-packages/airflow/example_dags/example_kubernetes_executor.py for tasks to queue
[2023-02-16 21:20:03,628] {logging_mixin.py:104} INFO - [2023-02-16 21:20:03,628] {dagbag.py:496} INFO - Filling up the DagBag from /home/airflow/.local/lib/python3.6/site-packages/airflow/example_dags/example_kubernetes_executor.py
[2023-02-16 21:20:03,638] {scheduler_job.py:643} INFO - DAG(s) dict_keys(['example_kubernetes_executor']) retrieved from /home/airflow/.local/lib/python3.6/site-packages/airflow/example_dags/example_kubernetes_executor.py
[2023-02-16 21:20:03,655] {logging_mixin.py:104} INFO - [2023-02-16 21:20:03,655] {dag.py:1833} INFO - Sync 1 DAGs
[2023-02-16 21:20:03,669] {logging_mixin.py:104} INFO - [2023-02-16 21:20:03,669] {dag.py:2306} INFO - Setting next_dagrun for example_kubernetes_executor to None
[2023-02-16 21:20:03,677] {scheduler_job.py:190} INFO - Processing /home/airflow/.local/lib/python3.6/site-packages/airflow/example_dags/example_kubernetes_executor.py took 0.053 seconds
[2023-02-16 21:20:34,127] {scheduler_job.py:182} INFO - Started process (PID=4219) to work on /home/airflow/.local/lib/python3.6/site-packages/airflow/example_dags/example_kubernetes_executor.py
[2023-02-16 21:20:34,128] {scheduler_job.py:633} INFO - Processing file /home/airflow/.local/lib/python3.6/site-packages/airflow/example_dags/example_kubernetes_executor.py for tasks to queue
[2023-02-16 21:20:34,129] {logging_mixin.py:104} INFO - [2023-02-16 21:20:34,128] {dagbag.py:496} INFO - Filling up the DagBag from /home/airflow/.local/lib/python3.6/site-packages/airflow/example_dags/example_kubernetes_executor.py
[2023-02-16 21:20:34,140] {scheduler_job.py:643} INFO - DAG(s) dict_keys(['example_kubernetes_executor']) retrieved from /home/airflow/.local/lib/python3.6/site-packages/airflow/example_dags/example_kubernetes_executor.py
[2023-02-16 21:20:34,159] {logging_mixin.py:104} INFO - [2023-02-16 21:20:34,159] {dag.py:1833} INFO - Sync 1 DAGs
[2023-02-16 21:20:34,172] {logging_mixin.py:104} INFO - [2023-02-16 21:20:34,172] {dag.py:2306} INFO - Setting next_dagrun for example_kubernetes_executor to None
[2023-02-16 21:20:34,180] {scheduler_job.py:190} INFO - Processing /home/airflow/.local/lib/python3.6/site-packages/airflow/example_dags/example_kubernetes_executor.py took 0.055 seconds
[2023-02-16 21:21:04,715] {scheduler_job.py:182} INFO - Started process (PID=4280) to work on /home/airflow/.local/lib/python3.6/site-packages/airflow/example_dags/example_kubernetes_executor.py
[2023-02-16 21:21:04,716] {scheduler_job.py:633} INFO - Processing file /home/airflow/.local/lib/python3.6/site-packages/airflow/example_dags/example_kubernetes_executor.py for tasks to queue
[2023-02-16 21:21:04,716] {logging_mixin.py:104} INFO - [2023-02-16 21:21:04,716] {dagbag.py:496} INFO - Filling up the DagBag from /home/airflow/.local/lib/python3.6/site-packages/airflow/example_dags/example_kubernetes_executor.py
[2023-02-16 21:21:04,728] {scheduler_job.py:643} INFO - DAG(s) dict_keys(['example_kubernetes_executor']) retrieved from /home/airflow/.local/lib/python3.6/site-packages/airflow/example_dags/example_kubernetes_executor.py
[2023-02-16 21:21:04,749] {logging_mixin.py:104} INFO - [2023-02-16 21:21:04,749] {dag.py:1833} INFO - Sync 1 DAGs
[2023-02-16 21:21:04,767] {logging_mixin.py:104} INFO - [2023-02-16 21:21:04,767] {dag.py:2306} INFO - Setting next_dagrun for example_kubernetes_executor to None
[2023-02-16 21:21:04,781] {scheduler_job.py:190} INFO - Processing /home/airflow/.local/lib/python3.6/site-packages/airflow/example_dags/example_kubernetes_executor.py took 0.068 seconds
[2023-02-16 21:21:34,818] {scheduler_job.py:182} INFO - Started process (PID=4331) to work on /home/airflow/.local/lib/python3.6/site-packages/airflow/example_dags/example_kubernetes_executor.py
[2023-02-16 21:21:34,819] {scheduler_job.py:633} INFO - Processing file /home/airflow/.local/lib/python3.6/site-packages/airflow/example_dags/example_kubernetes_executor.py for tasks to queue
[2023-02-16 21:21:34,819] {logging_mixin.py:104} INFO - [2023-02-16 21:21:34,819] {dagbag.py:496} INFO - Filling up the DagBag from /home/airflow/.local/lib/python3.6/site-packages/airflow/example_dags/example_kubernetes_executor.py
[2023-02-16 21:21:34,829] {scheduler_job.py:643} INFO - DAG(s) dict_keys(['example_kubernetes_executor']) retrieved from /home/airflow/.local/lib/python3.6/site-packages/airflow/example_dags/example_kubernetes_executor.py
[2023-02-16 21:21:34,848] {logging_mixin.py:104} INFO - [2023-02-16 21:21:34,848] {dag.py:1833} INFO - Sync 1 DAGs
[2023-02-16 21:21:34,861] {logging_mixin.py:104} INFO - [2023-02-16 21:21:34,861] {dag.py:2306} INFO - Setting next_dagrun for example_kubernetes_executor to None
[2023-02-16 21:21:34,870] {scheduler_job.py:190} INFO - Processing /home/airflow/.local/lib/python3.6/site-packages/airflow/example_dags/example_kubernetes_executor.py took 0.054 seconds
[2023-02-16 21:22:05,617] {scheduler_job.py:182} INFO - Started process (PID=4389) to work on /home/airflow/.local/lib/python3.6/site-packages/airflow/example_dags/example_kubernetes_executor.py
[2023-02-16 21:22:05,618] {scheduler_job.py:633} INFO - Processing file /home/airflow/.local/lib/python3.6/site-packages/airflow/example_dags/example_kubernetes_executor.py for tasks to queue
[2023-02-16 21:22:05,618] {logging_mixin.py:104} INFO - [2023-02-16 21:22:05,618] {dagbag.py:496} INFO - Filling up the DagBag from /home/airflow/.local/lib/python3.6/site-packages/airflow/example_dags/example_kubernetes_executor.py
[2023-02-16 21:22:05,634] {scheduler_job.py:643} INFO - DAG(s) dict_keys(['example_kubernetes_executor']) retrieved from /home/airflow/.local/lib/python3.6/site-packages/airflow/example_dags/example_kubernetes_executor.py
[2023-02-16 21:22:05,657] {logging_mixin.py:104} INFO - [2023-02-16 21:22:05,657] {dag.py:1833} INFO - Sync 1 DAGs
[2023-02-16 21:22:05,670] {logging_mixin.py:104} INFO - [2023-02-16 21:22:05,670] {dag.py:2306} INFO - Setting next_dagrun for example_kubernetes_executor to None
[2023-02-16 21:22:05,677] {scheduler_job.py:190} INFO - Processing /home/airflow/.local/lib/python3.6/site-packages/airflow/example_dags/example_kubernetes_executor.py took 0.063 seconds
