[2023-02-16 20:47:17,507] {scheduler_job.py:182} INFO - Started process (PID=333) to work on /home/airflow/.local/lib/python3.6/site-packages/airflow/example_dags/example_nested_branch_dag.py
[2023-02-16 20:47:17,508] {scheduler_job.py:633} INFO - Processing file /home/airflow/.local/lib/python3.6/site-packages/airflow/example_dags/example_nested_branch_dag.py for tasks to queue
[2023-02-16 20:47:17,508] {logging_mixin.py:104} INFO - [2023-02-16 20:47:17,508] {dagbag.py:496} INFO - Filling up the DagBag from /home/airflow/.local/lib/python3.6/site-packages/airflow/example_dags/example_nested_branch_dag.py
[2023-02-16 20:47:17,523] {scheduler_job.py:643} INFO - DAG(s) dict_keys(['example_nested_branch_dag']) retrieved from /home/airflow/.local/lib/python3.6/site-packages/airflow/example_dags/example_nested_branch_dag.py
[2023-02-16 20:47:20,218] {logging_mixin.py:104} INFO - [2023-02-16 20:47:20,218] {dag.py:1833} INFO - Sync 1 DAGs
[2023-02-16 20:47:20,230] {logging_mixin.py:104} INFO - [2023-02-16 20:47:20,229] {dag.py:1852} INFO - Creating ORM DAG for example_nested_branch_dag
[2023-02-16 20:47:20,238] {logging_mixin.py:104} INFO - [2023-02-16 20:47:20,238] {dag.py:2306} INFO - Setting next_dagrun for example_nested_branch_dag to 2023-02-14 00:00:00+00:00
[2023-02-16 20:47:20,248] {scheduler_job.py:190} INFO - Processing /home/airflow/.local/lib/python3.6/site-packages/airflow/example_dags/example_nested_branch_dag.py took 2.744 seconds
[2023-02-16 20:47:54,137] {scheduler_job.py:182} INFO - Started process (PID=658) to work on /home/airflow/.local/lib/python3.6/site-packages/airflow/example_dags/example_nested_branch_dag.py
[2023-02-16 20:47:54,138] {scheduler_job.py:633} INFO - Processing file /home/airflow/.local/lib/python3.6/site-packages/airflow/example_dags/example_nested_branch_dag.py for tasks to queue
[2023-02-16 20:47:54,138] {logging_mixin.py:104} INFO - [2023-02-16 20:47:54,138] {dagbag.py:496} INFO - Filling up the DagBag from /home/airflow/.local/lib/python3.6/site-packages/airflow/example_dags/example_nested_branch_dag.py
[2023-02-16 20:47:54,153] {scheduler_job.py:643} INFO - DAG(s) dict_keys(['example_nested_branch_dag']) retrieved from /home/airflow/.local/lib/python3.6/site-packages/airflow/example_dags/example_nested_branch_dag.py
[2023-02-16 20:47:54,201] {logging_mixin.py:104} INFO - [2023-02-16 20:47:54,200] {dag.py:1833} INFO - Sync 1 DAGs
[2023-02-16 20:47:54,217] {logging_mixin.py:104} INFO - [2023-02-16 20:47:54,216] {dag.py:2306} INFO - Setting next_dagrun for example_nested_branch_dag to 2023-02-14 00:00:00+00:00
[2023-02-16 20:47:54,225] {scheduler_job.py:190} INFO - Processing /home/airflow/.local/lib/python3.6/site-packages/airflow/example_dags/example_nested_branch_dag.py took 0.091 seconds
[2023-02-16 20:48:25,075] {scheduler_job.py:182} INFO - Started process (PID=719) to work on /home/airflow/.local/lib/python3.6/site-packages/airflow/example_dags/example_nested_branch_dag.py
[2023-02-16 20:48:25,077] {scheduler_job.py:633} INFO - Processing file /home/airflow/.local/lib/python3.6/site-packages/airflow/example_dags/example_nested_branch_dag.py for tasks to queue
[2023-02-16 20:48:25,077] {logging_mixin.py:104} INFO - [2023-02-16 20:48:25,077] {dagbag.py:496} INFO - Filling up the DagBag from /home/airflow/.local/lib/python3.6/site-packages/airflow/example_dags/example_nested_branch_dag.py
[2023-02-16 20:48:25,090] {scheduler_job.py:643} INFO - DAG(s) dict_keys(['example_nested_branch_dag']) retrieved from /home/airflow/.local/lib/python3.6/site-packages/airflow/example_dags/example_nested_branch_dag.py
[2023-02-16 20:48:25,111] {logging_mixin.py:104} INFO - [2023-02-16 20:48:25,110] {dag.py:1833} INFO - Sync 1 DAGs
[2023-02-16 20:48:25,128] {logging_mixin.py:104} INFO - [2023-02-16 20:48:25,128] {dag.py:2306} INFO - Setting next_dagrun for example_nested_branch_dag to 2023-02-14 00:00:00+00:00
[2023-02-16 20:48:25,138] {scheduler_job.py:190} INFO - Processing /home/airflow/.local/lib/python3.6/site-packages/airflow/example_dags/example_nested_branch_dag.py took 0.065 seconds
[2023-02-16 20:48:56,149] {scheduler_job.py:182} INFO - Started process (PID=770) to work on /home/airflow/.local/lib/python3.6/site-packages/airflow/example_dags/example_nested_branch_dag.py
[2023-02-16 20:48:56,149] {scheduler_job.py:633} INFO - Processing file /home/airflow/.local/lib/python3.6/site-packages/airflow/example_dags/example_nested_branch_dag.py for tasks to queue
[2023-02-16 20:48:56,150] {logging_mixin.py:104} INFO - [2023-02-16 20:48:56,150] {dagbag.py:496} INFO - Filling up the DagBag from /home/airflow/.local/lib/python3.6/site-packages/airflow/example_dags/example_nested_branch_dag.py
[2023-02-16 20:48:56,162] {scheduler_job.py:643} INFO - DAG(s) dict_keys(['example_nested_branch_dag']) retrieved from /home/airflow/.local/lib/python3.6/site-packages/airflow/example_dags/example_nested_branch_dag.py
[2023-02-16 20:48:56,180] {logging_mixin.py:104} INFO - [2023-02-16 20:48:56,180] {dag.py:1833} INFO - Sync 1 DAGs
[2023-02-16 20:48:56,197] {logging_mixin.py:104} INFO - [2023-02-16 20:48:56,197] {dag.py:2306} INFO - Setting next_dagrun for example_nested_branch_dag to 2023-02-14 00:00:00+00:00
[2023-02-16 20:48:56,205] {scheduler_job.py:190} INFO - Processing /home/airflow/.local/lib/python3.6/site-packages/airflow/example_dags/example_nested_branch_dag.py took 0.059 seconds
[2023-02-16 20:49:26,969] {scheduler_job.py:182} INFO - Started process (PID=831) to work on /home/airflow/.local/lib/python3.6/site-packages/airflow/example_dags/example_nested_branch_dag.py
[2023-02-16 20:49:26,970] {scheduler_job.py:633} INFO - Processing file /home/airflow/.local/lib/python3.6/site-packages/airflow/example_dags/example_nested_branch_dag.py for tasks to queue
[2023-02-16 20:49:26,982] {logging_mixin.py:104} INFO - [2023-02-16 20:49:26,982] {dagbag.py:496} INFO - Filling up the DagBag from /home/airflow/.local/lib/python3.6/site-packages/airflow/example_dags/example_nested_branch_dag.py
[2023-02-16 20:49:26,996] {scheduler_job.py:643} INFO - DAG(s) dict_keys(['example_nested_branch_dag']) retrieved from /home/airflow/.local/lib/python3.6/site-packages/airflow/example_dags/example_nested_branch_dag.py
[2023-02-16 20:49:27,043] {logging_mixin.py:104} INFO - [2023-02-16 20:49:27,043] {dag.py:1833} INFO - Sync 1 DAGs
[2023-02-16 20:49:27,067] {logging_mixin.py:104} INFO - [2023-02-16 20:49:27,067] {dag.py:2306} INFO - Setting next_dagrun for example_nested_branch_dag to 2023-02-14 00:00:00+00:00
[2023-02-16 20:49:27,094] {scheduler_job.py:190} INFO - Processing /home/airflow/.local/lib/python3.6/site-packages/airflow/example_dags/example_nested_branch_dag.py took 0.127 seconds
[2023-02-16 20:49:57,445] {scheduler_job.py:182} INFO - Started process (PID=882) to work on /home/airflow/.local/lib/python3.6/site-packages/airflow/example_dags/example_nested_branch_dag.py
[2023-02-16 20:49:57,445] {scheduler_job.py:633} INFO - Processing file /home/airflow/.local/lib/python3.6/site-packages/airflow/example_dags/example_nested_branch_dag.py for tasks to queue
[2023-02-16 20:49:57,446] {logging_mixin.py:104} INFO - [2023-02-16 20:49:57,446] {dagbag.py:496} INFO - Filling up the DagBag from /home/airflow/.local/lib/python3.6/site-packages/airflow/example_dags/example_nested_branch_dag.py
[2023-02-16 20:49:57,460] {scheduler_job.py:643} INFO - DAG(s) dict_keys(['example_nested_branch_dag']) retrieved from /home/airflow/.local/lib/python3.6/site-packages/airflow/example_dags/example_nested_branch_dag.py
[2023-02-16 20:49:57,503] {logging_mixin.py:104} INFO - [2023-02-16 20:49:57,503] {dag.py:1833} INFO - Sync 1 DAGs
[2023-02-16 20:49:57,525] {logging_mixin.py:104} INFO - [2023-02-16 20:49:57,525] {dag.py:2306} INFO - Setting next_dagrun for example_nested_branch_dag to 2023-02-14 00:00:00+00:00
[2023-02-16 20:49:57,543] {scheduler_job.py:190} INFO - Processing /home/airflow/.local/lib/python3.6/site-packages/airflow/example_dags/example_nested_branch_dag.py took 0.102 seconds
[2023-02-16 20:50:28,419] {scheduler_job.py:182} INFO - Started process (PID=943) to work on /home/airflow/.local/lib/python3.6/site-packages/airflow/example_dags/example_nested_branch_dag.py
[2023-02-16 20:50:28,420] {scheduler_job.py:633} INFO - Processing file /home/airflow/.local/lib/python3.6/site-packages/airflow/example_dags/example_nested_branch_dag.py for tasks to queue
[2023-02-16 20:50:28,421] {logging_mixin.py:104} INFO - [2023-02-16 20:50:28,420] {dagbag.py:496} INFO - Filling up the DagBag from /home/airflow/.local/lib/python3.6/site-packages/airflow/example_dags/example_nested_branch_dag.py
[2023-02-16 20:50:28,435] {scheduler_job.py:643} INFO - DAG(s) dict_keys(['example_nested_branch_dag']) retrieved from /home/airflow/.local/lib/python3.6/site-packages/airflow/example_dags/example_nested_branch_dag.py
[2023-02-16 20:50:28,501] {logging_mixin.py:104} INFO - [2023-02-16 20:50:28,501] {dag.py:1833} INFO - Sync 1 DAGs
[2023-02-16 20:50:28,521] {logging_mixin.py:104} INFO - [2023-02-16 20:50:28,521] {dag.py:2306} INFO - Setting next_dagrun for example_nested_branch_dag to 2023-02-14 00:00:00+00:00
[2023-02-16 20:50:28,534] {scheduler_job.py:190} INFO - Processing /home/airflow/.local/lib/python3.6/site-packages/airflow/example_dags/example_nested_branch_dag.py took 0.117 seconds
[2023-02-16 20:50:59,145] {scheduler_job.py:182} INFO - Started process (PID=995) to work on /home/airflow/.local/lib/python3.6/site-packages/airflow/example_dags/example_nested_branch_dag.py
[2023-02-16 20:50:59,146] {scheduler_job.py:633} INFO - Processing file /home/airflow/.local/lib/python3.6/site-packages/airflow/example_dags/example_nested_branch_dag.py for tasks to queue
[2023-02-16 20:50:59,147] {logging_mixin.py:104} INFO - [2023-02-16 20:50:59,147] {dagbag.py:496} INFO - Filling up the DagBag from /home/airflow/.local/lib/python3.6/site-packages/airflow/example_dags/example_nested_branch_dag.py
[2023-02-16 20:50:59,162] {scheduler_job.py:643} INFO - DAG(s) dict_keys(['example_nested_branch_dag']) retrieved from /home/airflow/.local/lib/python3.6/site-packages/airflow/example_dags/example_nested_branch_dag.py
[2023-02-16 20:50:59,187] {logging_mixin.py:104} INFO - [2023-02-16 20:50:59,187] {dag.py:1833} INFO - Sync 1 DAGs
[2023-02-16 20:50:59,205] {logging_mixin.py:104} INFO - [2023-02-16 20:50:59,205] {dag.py:2306} INFO - Setting next_dagrun for example_nested_branch_dag to 2023-02-14 00:00:00+00:00
[2023-02-16 20:50:59,220] {scheduler_job.py:190} INFO - Processing /home/airflow/.local/lib/python3.6/site-packages/airflow/example_dags/example_nested_branch_dag.py took 0.078 seconds
[2023-02-16 20:51:29,749] {scheduler_job.py:182} INFO - Started process (PID=1056) to work on /home/airflow/.local/lib/python3.6/site-packages/airflow/example_dags/example_nested_branch_dag.py
[2023-02-16 20:51:29,750] {scheduler_job.py:633} INFO - Processing file /home/airflow/.local/lib/python3.6/site-packages/airflow/example_dags/example_nested_branch_dag.py for tasks to queue
[2023-02-16 20:51:29,750] {logging_mixin.py:104} INFO - [2023-02-16 20:51:29,750] {dagbag.py:496} INFO - Filling up the DagBag from /home/airflow/.local/lib/python3.6/site-packages/airflow/example_dags/example_nested_branch_dag.py
[2023-02-16 20:51:29,763] {scheduler_job.py:643} INFO - DAG(s) dict_keys(['example_nested_branch_dag']) retrieved from /home/airflow/.local/lib/python3.6/site-packages/airflow/example_dags/example_nested_branch_dag.py
[2023-02-16 20:51:29,783] {logging_mixin.py:104} INFO - [2023-02-16 20:51:29,782] {dag.py:1833} INFO - Sync 1 DAGs
[2023-02-16 20:51:29,799] {logging_mixin.py:104} INFO - [2023-02-16 20:51:29,799] {dag.py:2306} INFO - Setting next_dagrun for example_nested_branch_dag to 2023-02-14 00:00:00+00:00
[2023-02-16 20:51:29,807] {scheduler_job.py:190} INFO - Processing /home/airflow/.local/lib/python3.6/site-packages/airflow/example_dags/example_nested_branch_dag.py took 0.060 seconds
[2023-02-16 20:52:00,248] {scheduler_job.py:182} INFO - Started process (PID=1107) to work on /home/airflow/.local/lib/python3.6/site-packages/airflow/example_dags/example_nested_branch_dag.py
[2023-02-16 20:52:00,249] {scheduler_job.py:633} INFO - Processing file /home/airflow/.local/lib/python3.6/site-packages/airflow/example_dags/example_nested_branch_dag.py for tasks to queue
[2023-02-16 20:52:00,250] {logging_mixin.py:104} INFO - [2023-02-16 20:52:00,250] {dagbag.py:496} INFO - Filling up the DagBag from /home/airflow/.local/lib/python3.6/site-packages/airflow/example_dags/example_nested_branch_dag.py
[2023-02-16 20:52:00,264] {scheduler_job.py:643} INFO - DAG(s) dict_keys(['example_nested_branch_dag']) retrieved from /home/airflow/.local/lib/python3.6/site-packages/airflow/example_dags/example_nested_branch_dag.py
[2023-02-16 20:52:00,286] {logging_mixin.py:104} INFO - [2023-02-16 20:52:00,286] {dag.py:1833} INFO - Sync 1 DAGs
[2023-02-16 20:52:00,305] {logging_mixin.py:104} INFO - [2023-02-16 20:52:00,305] {dag.py:2306} INFO - Setting next_dagrun for example_nested_branch_dag to 2023-02-14 00:00:00+00:00
[2023-02-16 20:52:00,316] {scheduler_job.py:190} INFO - Processing /home/airflow/.local/lib/python3.6/site-packages/airflow/example_dags/example_nested_branch_dag.py took 0.070 seconds
[2023-02-16 20:52:30,858] {scheduler_job.py:182} INFO - Started process (PID=1168) to work on /home/airflow/.local/lib/python3.6/site-packages/airflow/example_dags/example_nested_branch_dag.py
[2023-02-16 20:52:30,859] {scheduler_job.py:633} INFO - Processing file /home/airflow/.local/lib/python3.6/site-packages/airflow/example_dags/example_nested_branch_dag.py for tasks to queue
[2023-02-16 20:52:30,860] {logging_mixin.py:104} INFO - [2023-02-16 20:52:30,859] {dagbag.py:496} INFO - Filling up the DagBag from /home/airflow/.local/lib/python3.6/site-packages/airflow/example_dags/example_nested_branch_dag.py
[2023-02-16 20:52:30,876] {scheduler_job.py:643} INFO - DAG(s) dict_keys(['example_nested_branch_dag']) retrieved from /home/airflow/.local/lib/python3.6/site-packages/airflow/example_dags/example_nested_branch_dag.py
[2023-02-16 20:52:30,902] {logging_mixin.py:104} INFO - [2023-02-16 20:52:30,902] {dag.py:1833} INFO - Sync 1 DAGs
[2023-02-16 20:52:30,922] {logging_mixin.py:104} INFO - [2023-02-16 20:52:30,922] {dag.py:2306} INFO - Setting next_dagrun for example_nested_branch_dag to 2023-02-14 00:00:00+00:00
[2023-02-16 20:52:30,934] {scheduler_job.py:190} INFO - Processing /home/airflow/.local/lib/python3.6/site-packages/airflow/example_dags/example_nested_branch_dag.py took 0.079 seconds
[2023-02-16 20:53:04,198] {scheduler_job.py:182} INFO - Started process (PID=1219) to work on /home/airflow/.local/lib/python3.6/site-packages/airflow/example_dags/example_nested_branch_dag.py
[2023-02-16 20:53:04,283] {scheduler_job.py:633} INFO - Processing file /home/airflow/.local/lib/python3.6/site-packages/airflow/example_dags/example_nested_branch_dag.py for tasks to queue
[2023-02-16 20:53:04,284] {logging_mixin.py:104} INFO - [2023-02-16 20:53:04,284] {dagbag.py:496} INFO - Filling up the DagBag from /home/airflow/.local/lib/python3.6/site-packages/airflow/example_dags/example_nested_branch_dag.py
[2023-02-16 20:53:04,300] {scheduler_job.py:643} INFO - DAG(s) dict_keys(['example_nested_branch_dag']) retrieved from /home/airflow/.local/lib/python3.6/site-packages/airflow/example_dags/example_nested_branch_dag.py
[2023-02-16 20:53:04,489] {logging_mixin.py:104} INFO - [2023-02-16 20:53:04,489] {dag.py:1833} INFO - Sync 1 DAGs
[2023-02-16 20:53:04,591] {logging_mixin.py:104} INFO - [2023-02-16 20:53:04,591] {dag.py:2306} INFO - Setting next_dagrun for example_nested_branch_dag to 2023-02-14 00:00:00+00:00
[2023-02-16 20:53:04,604] {scheduler_job.py:190} INFO - Processing /home/airflow/.local/lib/python3.6/site-packages/airflow/example_dags/example_nested_branch_dag.py took 0.410 seconds
[2023-02-16 20:53:35,099] {scheduler_job.py:182} INFO - Started process (PID=1268) to work on /home/airflow/.local/lib/python3.6/site-packages/airflow/example_dags/example_nested_branch_dag.py
[2023-02-16 20:53:35,100] {scheduler_job.py:633} INFO - Processing file /home/airflow/.local/lib/python3.6/site-packages/airflow/example_dags/example_nested_branch_dag.py for tasks to queue
[2023-02-16 20:53:35,101] {logging_mixin.py:104} INFO - [2023-02-16 20:53:35,100] {dagbag.py:496} INFO - Filling up the DagBag from /home/airflow/.local/lib/python3.6/site-packages/airflow/example_dags/example_nested_branch_dag.py
[2023-02-16 20:53:35,114] {scheduler_job.py:643} INFO - DAG(s) dict_keys(['example_nested_branch_dag']) retrieved from /home/airflow/.local/lib/python3.6/site-packages/airflow/example_dags/example_nested_branch_dag.py
[2023-02-16 20:53:35,294] {logging_mixin.py:104} INFO - [2023-02-16 20:53:35,294] {dag.py:1833} INFO - Sync 1 DAGs
[2023-02-16 20:53:35,390] {logging_mixin.py:104} INFO - [2023-02-16 20:53:35,390] {dag.py:2306} INFO - Setting next_dagrun for example_nested_branch_dag to 2023-02-14 00:00:00+00:00
[2023-02-16 20:53:35,402] {scheduler_job.py:190} INFO - Processing /home/airflow/.local/lib/python3.6/site-packages/airflow/example_dags/example_nested_branch_dag.py took 0.306 seconds
[2023-02-16 20:54:06,018] {scheduler_job.py:182} INFO - Started process (PID=1320) to work on /home/airflow/.local/lib/python3.6/site-packages/airflow/example_dags/example_nested_branch_dag.py
[2023-02-16 20:54:06,019] {scheduler_job.py:633} INFO - Processing file /home/airflow/.local/lib/python3.6/site-packages/airflow/example_dags/example_nested_branch_dag.py for tasks to queue
[2023-02-16 20:54:06,019] {logging_mixin.py:104} INFO - [2023-02-16 20:54:06,019] {dagbag.py:496} INFO - Filling up the DagBag from /home/airflow/.local/lib/python3.6/site-packages/airflow/example_dags/example_nested_branch_dag.py
[2023-02-16 20:54:06,033] {scheduler_job.py:643} INFO - DAG(s) dict_keys(['example_nested_branch_dag']) retrieved from /home/airflow/.local/lib/python3.6/site-packages/airflow/example_dags/example_nested_branch_dag.py
[2023-02-16 20:54:06,099] {logging_mixin.py:104} INFO - [2023-02-16 20:54:06,099] {dag.py:1833} INFO - Sync 1 DAGs
[2023-02-16 20:54:06,122] {logging_mixin.py:104} INFO - [2023-02-16 20:54:06,122] {dag.py:2306} INFO - Setting next_dagrun for example_nested_branch_dag to 2023-02-14 00:00:00+00:00
[2023-02-16 20:54:06,132] {scheduler_job.py:190} INFO - Processing /home/airflow/.local/lib/python3.6/site-packages/airflow/example_dags/example_nested_branch_dag.py took 0.117 seconds
[2023-02-16 20:54:36,295] {scheduler_job.py:182} INFO - Started process (PID=1371) to work on /home/airflow/.local/lib/python3.6/site-packages/airflow/example_dags/example_nested_branch_dag.py
[2023-02-16 20:54:36,296] {scheduler_job.py:633} INFO - Processing file /home/airflow/.local/lib/python3.6/site-packages/airflow/example_dags/example_nested_branch_dag.py for tasks to queue
[2023-02-16 20:54:36,297] {logging_mixin.py:104} INFO - [2023-02-16 20:54:36,297] {dagbag.py:496} INFO - Filling up the DagBag from /home/airflow/.local/lib/python3.6/site-packages/airflow/example_dags/example_nested_branch_dag.py
[2023-02-16 20:54:36,314] {scheduler_job.py:643} INFO - DAG(s) dict_keys(['example_nested_branch_dag']) retrieved from /home/airflow/.local/lib/python3.6/site-packages/airflow/example_dags/example_nested_branch_dag.py
[2023-02-16 20:54:36,337] {logging_mixin.py:104} INFO - [2023-02-16 20:54:36,337] {dag.py:1833} INFO - Sync 1 DAGs
[2023-02-16 20:54:36,359] {logging_mixin.py:104} INFO - [2023-02-16 20:54:36,359] {dag.py:2306} INFO - Setting next_dagrun for example_nested_branch_dag to 2023-02-14 00:00:00+00:00
[2023-02-16 20:54:36,370] {scheduler_job.py:190} INFO - Processing /home/airflow/.local/lib/python3.6/site-packages/airflow/example_dags/example_nested_branch_dag.py took 0.078 seconds
[2023-02-16 20:55:07,048] {scheduler_job.py:182} INFO - Started process (PID=1432) to work on /home/airflow/.local/lib/python3.6/site-packages/airflow/example_dags/example_nested_branch_dag.py
[2023-02-16 20:55:07,049] {scheduler_job.py:633} INFO - Processing file /home/airflow/.local/lib/python3.6/site-packages/airflow/example_dags/example_nested_branch_dag.py for tasks to queue
[2023-02-16 20:55:07,050] {logging_mixin.py:104} INFO - [2023-02-16 20:55:07,050] {dagbag.py:496} INFO - Filling up the DagBag from /home/airflow/.local/lib/python3.6/site-packages/airflow/example_dags/example_nested_branch_dag.py
[2023-02-16 20:55:07,062] {scheduler_job.py:643} INFO - DAG(s) dict_keys(['example_nested_branch_dag']) retrieved from /home/airflow/.local/lib/python3.6/site-packages/airflow/example_dags/example_nested_branch_dag.py
[2023-02-16 20:55:07,083] {logging_mixin.py:104} INFO - [2023-02-16 20:55:07,083] {dag.py:1833} INFO - Sync 1 DAGs
[2023-02-16 20:55:07,101] {logging_mixin.py:104} INFO - [2023-02-16 20:55:07,101] {dag.py:2306} INFO - Setting next_dagrun for example_nested_branch_dag to 2023-02-14 00:00:00+00:00
[2023-02-16 20:55:07,109] {scheduler_job.py:190} INFO - Processing /home/airflow/.local/lib/python3.6/site-packages/airflow/example_dags/example_nested_branch_dag.py took 0.063 seconds
[2023-02-16 20:55:37,572] {scheduler_job.py:182} INFO - Started process (PID=1484) to work on /home/airflow/.local/lib/python3.6/site-packages/airflow/example_dags/example_nested_branch_dag.py
[2023-02-16 20:55:37,573] {scheduler_job.py:633} INFO - Processing file /home/airflow/.local/lib/python3.6/site-packages/airflow/example_dags/example_nested_branch_dag.py for tasks to queue
[2023-02-16 20:55:37,574] {logging_mixin.py:104} INFO - [2023-02-16 20:55:37,574] {dagbag.py:496} INFO - Filling up the DagBag from /home/airflow/.local/lib/python3.6/site-packages/airflow/example_dags/example_nested_branch_dag.py
[2023-02-16 20:55:37,590] {scheduler_job.py:643} INFO - DAG(s) dict_keys(['example_nested_branch_dag']) retrieved from /home/airflow/.local/lib/python3.6/site-packages/airflow/example_dags/example_nested_branch_dag.py
[2023-02-16 20:55:37,615] {logging_mixin.py:104} INFO - [2023-02-16 20:55:37,615] {dag.py:1833} INFO - Sync 1 DAGs
[2023-02-16 20:55:37,636] {logging_mixin.py:104} INFO - [2023-02-16 20:55:37,636] {dag.py:2306} INFO - Setting next_dagrun for example_nested_branch_dag to 2023-02-14 00:00:00+00:00
[2023-02-16 20:55:37,645] {scheduler_job.py:190} INFO - Processing /home/airflow/.local/lib/python3.6/site-packages/airflow/example_dags/example_nested_branch_dag.py took 0.076 seconds
[2023-02-16 20:56:08,263] {scheduler_job.py:182} INFO - Started process (PID=1545) to work on /home/airflow/.local/lib/python3.6/site-packages/airflow/example_dags/example_nested_branch_dag.py
[2023-02-16 20:56:08,264] {scheduler_job.py:633} INFO - Processing file /home/airflow/.local/lib/python3.6/site-packages/airflow/example_dags/example_nested_branch_dag.py for tasks to queue
[2023-02-16 20:56:08,265] {logging_mixin.py:104} INFO - [2023-02-16 20:56:08,265] {dagbag.py:496} INFO - Filling up the DagBag from /home/airflow/.local/lib/python3.6/site-packages/airflow/example_dags/example_nested_branch_dag.py
[2023-02-16 20:56:08,279] {scheduler_job.py:643} INFO - DAG(s) dict_keys(['example_nested_branch_dag']) retrieved from /home/airflow/.local/lib/python3.6/site-packages/airflow/example_dags/example_nested_branch_dag.py
[2023-02-16 20:56:08,301] {logging_mixin.py:104} INFO - [2023-02-16 20:56:08,301] {dag.py:1833} INFO - Sync 1 DAGs
[2023-02-16 20:56:08,321] {logging_mixin.py:104} INFO - [2023-02-16 20:56:08,321] {dag.py:2306} INFO - Setting next_dagrun for example_nested_branch_dag to 2023-02-14 00:00:00+00:00
[2023-02-16 20:56:08,331] {scheduler_job.py:190} INFO - Processing /home/airflow/.local/lib/python3.6/site-packages/airflow/example_dags/example_nested_branch_dag.py took 0.071 seconds
[2023-02-16 20:56:38,772] {scheduler_job.py:182} INFO - Started process (PID=1596) to work on /home/airflow/.local/lib/python3.6/site-packages/airflow/example_dags/example_nested_branch_dag.py
[2023-02-16 20:56:38,773] {scheduler_job.py:633} INFO - Processing file /home/airflow/.local/lib/python3.6/site-packages/airflow/example_dags/example_nested_branch_dag.py for tasks to queue
[2023-02-16 20:56:38,774] {logging_mixin.py:104} INFO - [2023-02-16 20:56:38,774] {dagbag.py:496} INFO - Filling up the DagBag from /home/airflow/.local/lib/python3.6/site-packages/airflow/example_dags/example_nested_branch_dag.py
[2023-02-16 20:56:38,791] {scheduler_job.py:643} INFO - DAG(s) dict_keys(['example_nested_branch_dag']) retrieved from /home/airflow/.local/lib/python3.6/site-packages/airflow/example_dags/example_nested_branch_dag.py
[2023-02-16 20:56:38,821] {logging_mixin.py:104} INFO - [2023-02-16 20:56:38,821] {dag.py:1833} INFO - Sync 1 DAGs
[2023-02-16 20:56:38,841] {logging_mixin.py:104} INFO - [2023-02-16 20:56:38,841] {dag.py:2306} INFO - Setting next_dagrun for example_nested_branch_dag to 2023-02-14 00:00:00+00:00
[2023-02-16 20:56:38,849] {scheduler_job.py:190} INFO - Processing /home/airflow/.local/lib/python3.6/site-packages/airflow/example_dags/example_nested_branch_dag.py took 0.080 seconds
[2023-02-16 20:57:09,892] {scheduler_job.py:182} INFO - Started process (PID=1657) to work on /home/airflow/.local/lib/python3.6/site-packages/airflow/example_dags/example_nested_branch_dag.py
[2023-02-16 20:57:09,893] {scheduler_job.py:633} INFO - Processing file /home/airflow/.local/lib/python3.6/site-packages/airflow/example_dags/example_nested_branch_dag.py for tasks to queue
[2023-02-16 20:57:09,894] {logging_mixin.py:104} INFO - [2023-02-16 20:57:09,894] {dagbag.py:496} INFO - Filling up the DagBag from /home/airflow/.local/lib/python3.6/site-packages/airflow/example_dags/example_nested_branch_dag.py
[2023-02-16 20:57:09,910] {scheduler_job.py:643} INFO - DAG(s) dict_keys(['example_nested_branch_dag']) retrieved from /home/airflow/.local/lib/python3.6/site-packages/airflow/example_dags/example_nested_branch_dag.py
[2023-02-16 20:57:09,993] {logging_mixin.py:104} INFO - [2023-02-16 20:57:09,993] {dag.py:1833} INFO - Sync 1 DAGs
[2023-02-16 20:57:10,012] {logging_mixin.py:104} INFO - [2023-02-16 20:57:10,011] {dag.py:2306} INFO - Setting next_dagrun for example_nested_branch_dag to 2023-02-14 00:00:00+00:00
[2023-02-16 20:57:10,021] {scheduler_job.py:190} INFO - Processing /home/airflow/.local/lib/python3.6/site-packages/airflow/example_dags/example_nested_branch_dag.py took 0.133 seconds
[2023-02-16 20:57:40,683] {scheduler_job.py:182} INFO - Started process (PID=1708) to work on /home/airflow/.local/lib/python3.6/site-packages/airflow/example_dags/example_nested_branch_dag.py
[2023-02-16 20:57:40,684] {scheduler_job.py:633} INFO - Processing file /home/airflow/.local/lib/python3.6/site-packages/airflow/example_dags/example_nested_branch_dag.py for tasks to queue
[2023-02-16 20:57:40,685] {logging_mixin.py:104} INFO - [2023-02-16 20:57:40,685] {dagbag.py:496} INFO - Filling up the DagBag from /home/airflow/.local/lib/python3.6/site-packages/airflow/example_dags/example_nested_branch_dag.py
[2023-02-16 20:57:40,699] {scheduler_job.py:643} INFO - DAG(s) dict_keys(['example_nested_branch_dag']) retrieved from /home/airflow/.local/lib/python3.6/site-packages/airflow/example_dags/example_nested_branch_dag.py
[2023-02-16 20:57:40,722] {logging_mixin.py:104} INFO - [2023-02-16 20:57:40,722] {dag.py:1833} INFO - Sync 1 DAGs
[2023-02-16 20:57:40,739] {logging_mixin.py:104} INFO - [2023-02-16 20:57:40,739] {dag.py:2306} INFO - Setting next_dagrun for example_nested_branch_dag to 2023-02-14 00:00:00+00:00
[2023-02-16 20:57:40,748] {scheduler_job.py:190} INFO - Processing /home/airflow/.local/lib/python3.6/site-packages/airflow/example_dags/example_nested_branch_dag.py took 0.067 seconds
[2023-02-16 20:58:11,285] {scheduler_job.py:182} INFO - Started process (PID=1766) to work on /home/airflow/.local/lib/python3.6/site-packages/airflow/example_dags/example_nested_branch_dag.py
[2023-02-16 20:58:11,286] {scheduler_job.py:633} INFO - Processing file /home/airflow/.local/lib/python3.6/site-packages/airflow/example_dags/example_nested_branch_dag.py for tasks to queue
[2023-02-16 20:58:11,286] {logging_mixin.py:104} INFO - [2023-02-16 20:58:11,286] {dagbag.py:496} INFO - Filling up the DagBag from /home/airflow/.local/lib/python3.6/site-packages/airflow/example_dags/example_nested_branch_dag.py
[2023-02-16 20:58:11,300] {scheduler_job.py:643} INFO - DAG(s) dict_keys(['example_nested_branch_dag']) retrieved from /home/airflow/.local/lib/python3.6/site-packages/airflow/example_dags/example_nested_branch_dag.py
[2023-02-16 20:58:11,326] {logging_mixin.py:104} INFO - [2023-02-16 20:58:11,325] {dag.py:1833} INFO - Sync 1 DAGs
[2023-02-16 20:58:11,385] {logging_mixin.py:104} INFO - [2023-02-16 20:58:11,385] {dag.py:2306} INFO - Setting next_dagrun for example_nested_branch_dag to 2023-02-14 00:00:00+00:00
[2023-02-16 20:58:11,395] {scheduler_job.py:190} INFO - Processing /home/airflow/.local/lib/python3.6/site-packages/airflow/example_dags/example_nested_branch_dag.py took 0.153 seconds
[2023-02-16 20:58:42,098] {scheduler_job.py:182} INFO - Started process (PID=1820) to work on /home/airflow/.local/lib/python3.6/site-packages/airflow/example_dags/example_nested_branch_dag.py
[2023-02-16 20:58:42,099] {scheduler_job.py:633} INFO - Processing file /home/airflow/.local/lib/python3.6/site-packages/airflow/example_dags/example_nested_branch_dag.py for tasks to queue
[2023-02-16 20:58:42,100] {logging_mixin.py:104} INFO - [2023-02-16 20:58:42,100] {dagbag.py:496} INFO - Filling up the DagBag from /home/airflow/.local/lib/python3.6/site-packages/airflow/example_dags/example_nested_branch_dag.py
[2023-02-16 20:58:42,115] {scheduler_job.py:643} INFO - DAG(s) dict_keys(['example_nested_branch_dag']) retrieved from /home/airflow/.local/lib/python3.6/site-packages/airflow/example_dags/example_nested_branch_dag.py
[2023-02-16 20:58:42,143] {logging_mixin.py:104} INFO - [2023-02-16 20:58:42,143] {dag.py:1833} INFO - Sync 1 DAGs
[2023-02-16 20:58:42,202] {logging_mixin.py:104} INFO - [2023-02-16 20:58:42,202] {dag.py:2306} INFO - Setting next_dagrun for example_nested_branch_dag to 2023-02-14 00:00:00+00:00
[2023-02-16 20:58:42,214] {scheduler_job.py:190} INFO - Processing /home/airflow/.local/lib/python3.6/site-packages/airflow/example_dags/example_nested_branch_dag.py took 0.118 seconds
[2023-02-16 20:59:13,160] {scheduler_job.py:182} INFO - Started process (PID=1880) to work on /home/airflow/.local/lib/python3.6/site-packages/airflow/example_dags/example_nested_branch_dag.py
[2023-02-16 20:59:13,161] {scheduler_job.py:633} INFO - Processing file /home/airflow/.local/lib/python3.6/site-packages/airflow/example_dags/example_nested_branch_dag.py for tasks to queue
[2023-02-16 20:59:13,161] {logging_mixin.py:104} INFO - [2023-02-16 20:59:13,161] {dagbag.py:496} INFO - Filling up the DagBag from /home/airflow/.local/lib/python3.6/site-packages/airflow/example_dags/example_nested_branch_dag.py
[2023-02-16 20:59:13,191] {scheduler_job.py:643} INFO - DAG(s) dict_keys(['example_nested_branch_dag']) retrieved from /home/airflow/.local/lib/python3.6/site-packages/airflow/example_dags/example_nested_branch_dag.py
[2023-02-16 20:59:13,212] {logging_mixin.py:104} INFO - [2023-02-16 20:59:13,212] {dag.py:1833} INFO - Sync 1 DAGs
[2023-02-16 20:59:13,232] {logging_mixin.py:104} INFO - [2023-02-16 20:59:13,232] {dag.py:2306} INFO - Setting next_dagrun for example_nested_branch_dag to 2023-02-14 00:00:00+00:00
[2023-02-16 20:59:13,288] {scheduler_job.py:190} INFO - Processing /home/airflow/.local/lib/python3.6/site-packages/airflow/example_dags/example_nested_branch_dag.py took 0.130 seconds
[2023-02-16 20:59:43,346] {scheduler_job.py:182} INFO - Started process (PID=1931) to work on /home/airflow/.local/lib/python3.6/site-packages/airflow/example_dags/example_nested_branch_dag.py
[2023-02-16 20:59:43,347] {scheduler_job.py:633} INFO - Processing file /home/airflow/.local/lib/python3.6/site-packages/airflow/example_dags/example_nested_branch_dag.py for tasks to queue
[2023-02-16 20:59:43,347] {logging_mixin.py:104} INFO - [2023-02-16 20:59:43,347] {dagbag.py:496} INFO - Filling up the DagBag from /home/airflow/.local/lib/python3.6/site-packages/airflow/example_dags/example_nested_branch_dag.py
[2023-02-16 20:59:43,361] {scheduler_job.py:643} INFO - DAG(s) dict_keys(['example_nested_branch_dag']) retrieved from /home/airflow/.local/lib/python3.6/site-packages/airflow/example_dags/example_nested_branch_dag.py
[2023-02-16 20:59:43,379] {logging_mixin.py:104} INFO - [2023-02-16 20:59:43,379] {dag.py:1833} INFO - Sync 1 DAGs
[2023-02-16 20:59:43,396] {logging_mixin.py:104} INFO - [2023-02-16 20:59:43,396] {dag.py:2306} INFO - Setting next_dagrun for example_nested_branch_dag to 2023-02-14 00:00:00+00:00
[2023-02-16 20:59:43,404] {scheduler_job.py:190} INFO - Processing /home/airflow/.local/lib/python3.6/site-packages/airflow/example_dags/example_nested_branch_dag.py took 0.060 seconds
[2023-02-16 21:00:13,636] {scheduler_job.py:182} INFO - Started process (PID=1982) to work on /home/airflow/.local/lib/python3.6/site-packages/airflow/example_dags/example_nested_branch_dag.py
[2023-02-16 21:00:13,636] {scheduler_job.py:633} INFO - Processing file /home/airflow/.local/lib/python3.6/site-packages/airflow/example_dags/example_nested_branch_dag.py for tasks to queue
[2023-02-16 21:00:13,637] {logging_mixin.py:104} INFO - [2023-02-16 21:00:13,637] {dagbag.py:496} INFO - Filling up the DagBag from /home/airflow/.local/lib/python3.6/site-packages/airflow/example_dags/example_nested_branch_dag.py
[2023-02-16 21:00:13,651] {scheduler_job.py:643} INFO - DAG(s) dict_keys(['example_nested_branch_dag']) retrieved from /home/airflow/.local/lib/python3.6/site-packages/airflow/example_dags/example_nested_branch_dag.py
[2023-02-16 21:00:13,670] {logging_mixin.py:104} INFO - [2023-02-16 21:00:13,670] {dag.py:1833} INFO - Sync 1 DAGs
[2023-02-16 21:00:13,686] {logging_mixin.py:104} INFO - [2023-02-16 21:00:13,686] {dag.py:2306} INFO - Setting next_dagrun for example_nested_branch_dag to 2023-02-14 00:00:00+00:00
[2023-02-16 21:00:13,694] {scheduler_job.py:190} INFO - Processing /home/airflow/.local/lib/python3.6/site-packages/airflow/example_dags/example_nested_branch_dag.py took 0.060 seconds
[2023-02-16 21:00:44,150] {scheduler_job.py:182} INFO - Started process (PID=2043) to work on /home/airflow/.local/lib/python3.6/site-packages/airflow/example_dags/example_nested_branch_dag.py
[2023-02-16 21:00:44,151] {scheduler_job.py:633} INFO - Processing file /home/airflow/.local/lib/python3.6/site-packages/airflow/example_dags/example_nested_branch_dag.py for tasks to queue
[2023-02-16 21:00:44,152] {logging_mixin.py:104} INFO - [2023-02-16 21:00:44,152] {dagbag.py:496} INFO - Filling up the DagBag from /home/airflow/.local/lib/python3.6/site-packages/airflow/example_dags/example_nested_branch_dag.py
[2023-02-16 21:00:44,166] {scheduler_job.py:643} INFO - DAG(s) dict_keys(['example_nested_branch_dag']) retrieved from /home/airflow/.local/lib/python3.6/site-packages/airflow/example_dags/example_nested_branch_dag.py
[2023-02-16 21:00:44,185] {logging_mixin.py:104} INFO - [2023-02-16 21:00:44,185] {dag.py:1833} INFO - Sync 1 DAGs
[2023-02-16 21:00:44,201] {logging_mixin.py:104} INFO - [2023-02-16 21:00:44,201] {dag.py:2306} INFO - Setting next_dagrun for example_nested_branch_dag to 2023-02-14 00:00:00+00:00
[2023-02-16 21:00:44,209] {scheduler_job.py:190} INFO - Processing /home/airflow/.local/lib/python3.6/site-packages/airflow/example_dags/example_nested_branch_dag.py took 0.061 seconds
[2023-02-16 21:01:14,688] {scheduler_job.py:182} INFO - Started process (PID=2094) to work on /home/airflow/.local/lib/python3.6/site-packages/airflow/example_dags/example_nested_branch_dag.py
[2023-02-16 21:01:14,689] {scheduler_job.py:633} INFO - Processing file /home/airflow/.local/lib/python3.6/site-packages/airflow/example_dags/example_nested_branch_dag.py for tasks to queue
[2023-02-16 21:01:14,690] {logging_mixin.py:104} INFO - [2023-02-16 21:01:14,689] {dagbag.py:496} INFO - Filling up the DagBag from /home/airflow/.local/lib/python3.6/site-packages/airflow/example_dags/example_nested_branch_dag.py
[2023-02-16 21:01:14,707] {scheduler_job.py:643} INFO - DAG(s) dict_keys(['example_nested_branch_dag']) retrieved from /home/airflow/.local/lib/python3.6/site-packages/airflow/example_dags/example_nested_branch_dag.py
[2023-02-16 21:01:14,728] {logging_mixin.py:104} INFO - [2023-02-16 21:01:14,728] {dag.py:1833} INFO - Sync 1 DAGs
[2023-02-16 21:01:14,745] {logging_mixin.py:104} INFO - [2023-02-16 21:01:14,745] {dag.py:2306} INFO - Setting next_dagrun for example_nested_branch_dag to 2023-02-14 00:00:00+00:00
[2023-02-16 21:01:14,753] {scheduler_job.py:190} INFO - Processing /home/airflow/.local/lib/python3.6/site-packages/airflow/example_dags/example_nested_branch_dag.py took 0.068 seconds
[2023-02-16 21:01:45,131] {scheduler_job.py:182} INFO - Started process (PID=2155) to work on /home/airflow/.local/lib/python3.6/site-packages/airflow/example_dags/example_nested_branch_dag.py
[2023-02-16 21:01:45,132] {scheduler_job.py:633} INFO - Processing file /home/airflow/.local/lib/python3.6/site-packages/airflow/example_dags/example_nested_branch_dag.py for tasks to queue
[2023-02-16 21:01:45,132] {logging_mixin.py:104} INFO - [2023-02-16 21:01:45,132] {dagbag.py:496} INFO - Filling up the DagBag from /home/airflow/.local/lib/python3.6/site-packages/airflow/example_dags/example_nested_branch_dag.py
[2023-02-16 21:01:45,147] {scheduler_job.py:643} INFO - DAG(s) dict_keys(['example_nested_branch_dag']) retrieved from /home/airflow/.local/lib/python3.6/site-packages/airflow/example_dags/example_nested_branch_dag.py
[2023-02-16 21:01:45,173] {logging_mixin.py:104} INFO - [2023-02-16 21:01:45,173] {dag.py:1833} INFO - Sync 1 DAGs
[2023-02-16 21:01:45,196] {logging_mixin.py:104} INFO - [2023-02-16 21:01:45,196] {dag.py:2306} INFO - Setting next_dagrun for example_nested_branch_dag to 2023-02-14 00:00:00+00:00
[2023-02-16 21:01:45,207] {scheduler_job.py:190} INFO - Processing /home/airflow/.local/lib/python3.6/site-packages/airflow/example_dags/example_nested_branch_dag.py took 0.078 seconds
[2023-02-16 21:02:15,388] {scheduler_job.py:182} INFO - Started process (PID=2207) to work on /home/airflow/.local/lib/python3.6/site-packages/airflow/example_dags/example_nested_branch_dag.py
[2023-02-16 21:02:15,389] {scheduler_job.py:633} INFO - Processing file /home/airflow/.local/lib/python3.6/site-packages/airflow/example_dags/example_nested_branch_dag.py for tasks to queue
[2023-02-16 21:02:15,389] {logging_mixin.py:104} INFO - [2023-02-16 21:02:15,389] {dagbag.py:496} INFO - Filling up the DagBag from /home/airflow/.local/lib/python3.6/site-packages/airflow/example_dags/example_nested_branch_dag.py
[2023-02-16 21:02:15,402] {scheduler_job.py:643} INFO - DAG(s) dict_keys(['example_nested_branch_dag']) retrieved from /home/airflow/.local/lib/python3.6/site-packages/airflow/example_dags/example_nested_branch_dag.py
[2023-02-16 21:02:15,421] {logging_mixin.py:104} INFO - [2023-02-16 21:02:15,421] {dag.py:1833} INFO - Sync 1 DAGs
[2023-02-16 21:02:15,436] {logging_mixin.py:104} INFO - [2023-02-16 21:02:15,436] {dag.py:2306} INFO - Setting next_dagrun for example_nested_branch_dag to 2023-02-14 00:00:00+00:00
[2023-02-16 21:02:15,443] {scheduler_job.py:190} INFO - Processing /home/airflow/.local/lib/python3.6/site-packages/airflow/example_dags/example_nested_branch_dag.py took 0.057 seconds
[2023-02-16 21:02:46,109] {scheduler_job.py:182} INFO - Started process (PID=2268) to work on /home/airflow/.local/lib/python3.6/site-packages/airflow/example_dags/example_nested_branch_dag.py
[2023-02-16 21:02:46,109] {scheduler_job.py:633} INFO - Processing file /home/airflow/.local/lib/python3.6/site-packages/airflow/example_dags/example_nested_branch_dag.py for tasks to queue
[2023-02-16 21:02:46,110] {logging_mixin.py:104} INFO - [2023-02-16 21:02:46,110] {dagbag.py:496} INFO - Filling up the DagBag from /home/airflow/.local/lib/python3.6/site-packages/airflow/example_dags/example_nested_branch_dag.py
[2023-02-16 21:02:46,124] {scheduler_job.py:643} INFO - DAG(s) dict_keys(['example_nested_branch_dag']) retrieved from /home/airflow/.local/lib/python3.6/site-packages/airflow/example_dags/example_nested_branch_dag.py
[2023-02-16 21:02:46,143] {logging_mixin.py:104} INFO - [2023-02-16 21:02:46,143] {dag.py:1833} INFO - Sync 1 DAGs
[2023-02-16 21:02:46,159] {logging_mixin.py:104} INFO - [2023-02-16 21:02:46,159] {dag.py:2306} INFO - Setting next_dagrun for example_nested_branch_dag to 2023-02-14 00:00:00+00:00
[2023-02-16 21:02:46,168] {scheduler_job.py:190} INFO - Processing /home/airflow/.local/lib/python3.6/site-packages/airflow/example_dags/example_nested_branch_dag.py took 0.062 seconds
[2023-02-16 21:03:16,540] {scheduler_job.py:182} INFO - Started process (PID=2319) to work on /home/airflow/.local/lib/python3.6/site-packages/airflow/example_dags/example_nested_branch_dag.py
[2023-02-16 21:03:16,543] {scheduler_job.py:633} INFO - Processing file /home/airflow/.local/lib/python3.6/site-packages/airflow/example_dags/example_nested_branch_dag.py for tasks to queue
[2023-02-16 21:03:16,543] {logging_mixin.py:104} INFO - [2023-02-16 21:03:16,543] {dagbag.py:496} INFO - Filling up the DagBag from /home/airflow/.local/lib/python3.6/site-packages/airflow/example_dags/example_nested_branch_dag.py
[2023-02-16 21:03:16,556] {scheduler_job.py:643} INFO - DAG(s) dict_keys(['example_nested_branch_dag']) retrieved from /home/airflow/.local/lib/python3.6/site-packages/airflow/example_dags/example_nested_branch_dag.py
[2023-02-16 21:03:16,576] {logging_mixin.py:104} INFO - [2023-02-16 21:03:16,576] {dag.py:1833} INFO - Sync 1 DAGs
[2023-02-16 21:03:16,593] {logging_mixin.py:104} INFO - [2023-02-16 21:03:16,592] {dag.py:2306} INFO - Setting next_dagrun for example_nested_branch_dag to 2023-02-14 00:00:00+00:00
[2023-02-16 21:03:16,601] {scheduler_job.py:190} INFO - Processing /home/airflow/.local/lib/python3.6/site-packages/airflow/example_dags/example_nested_branch_dag.py took 0.063 seconds
[2023-02-16 21:03:46,853] {scheduler_job.py:182} INFO - Started process (PID=2380) to work on /home/airflow/.local/lib/python3.6/site-packages/airflow/example_dags/example_nested_branch_dag.py
[2023-02-16 21:03:46,854] {scheduler_job.py:633} INFO - Processing file /home/airflow/.local/lib/python3.6/site-packages/airflow/example_dags/example_nested_branch_dag.py for tasks to queue
[2023-02-16 21:03:46,855] {logging_mixin.py:104} INFO - [2023-02-16 21:03:46,855] {dagbag.py:496} INFO - Filling up the DagBag from /home/airflow/.local/lib/python3.6/site-packages/airflow/example_dags/example_nested_branch_dag.py
[2023-02-16 21:03:46,867] {scheduler_job.py:643} INFO - DAG(s) dict_keys(['example_nested_branch_dag']) retrieved from /home/airflow/.local/lib/python3.6/site-packages/airflow/example_dags/example_nested_branch_dag.py
[2023-02-16 21:03:46,888] {logging_mixin.py:104} INFO - [2023-02-16 21:03:46,888] {dag.py:1833} INFO - Sync 1 DAGs
[2023-02-16 21:03:46,910] {logging_mixin.py:104} INFO - [2023-02-16 21:03:46,910] {dag.py:2306} INFO - Setting next_dagrun for example_nested_branch_dag to 2023-02-14 00:00:00+00:00
[2023-02-16 21:03:46,922] {scheduler_job.py:190} INFO - Processing /home/airflow/.local/lib/python3.6/site-packages/airflow/example_dags/example_nested_branch_dag.py took 0.071 seconds
[2023-02-16 21:04:17,608] {scheduler_job.py:182} INFO - Started process (PID=2431) to work on /home/airflow/.local/lib/python3.6/site-packages/airflow/example_dags/example_nested_branch_dag.py
[2023-02-16 21:04:17,609] {scheduler_job.py:633} INFO - Processing file /home/airflow/.local/lib/python3.6/site-packages/airflow/example_dags/example_nested_branch_dag.py for tasks to queue
[2023-02-16 21:04:17,609] {logging_mixin.py:104} INFO - [2023-02-16 21:04:17,609] {dagbag.py:496} INFO - Filling up the DagBag from /home/airflow/.local/lib/python3.6/site-packages/airflow/example_dags/example_nested_branch_dag.py
[2023-02-16 21:04:17,621] {scheduler_job.py:643} INFO - DAG(s) dict_keys(['example_nested_branch_dag']) retrieved from /home/airflow/.local/lib/python3.6/site-packages/airflow/example_dags/example_nested_branch_dag.py
[2023-02-16 21:04:17,640] {logging_mixin.py:104} INFO - [2023-02-16 21:04:17,640] {dag.py:1833} INFO - Sync 1 DAGs
[2023-02-16 21:04:17,654] {logging_mixin.py:104} INFO - [2023-02-16 21:04:17,654] {dag.py:2306} INFO - Setting next_dagrun for example_nested_branch_dag to 2023-02-14 00:00:00+00:00
[2023-02-16 21:04:17,662] {scheduler_job.py:190} INFO - Processing /home/airflow/.local/lib/python3.6/site-packages/airflow/example_dags/example_nested_branch_dag.py took 0.057 seconds
[2023-02-16 21:04:48,183] {scheduler_job.py:182} INFO - Started process (PID=2489) to work on /home/airflow/.local/lib/python3.6/site-packages/airflow/example_dags/example_nested_branch_dag.py
[2023-02-16 21:04:48,184] {scheduler_job.py:633} INFO - Processing file /home/airflow/.local/lib/python3.6/site-packages/airflow/example_dags/example_nested_branch_dag.py for tasks to queue
[2023-02-16 21:04:48,185] {logging_mixin.py:104} INFO - [2023-02-16 21:04:48,185] {dagbag.py:496} INFO - Filling up the DagBag from /home/airflow/.local/lib/python3.6/site-packages/airflow/example_dags/example_nested_branch_dag.py
[2023-02-16 21:04:48,202] {scheduler_job.py:643} INFO - DAG(s) dict_keys(['example_nested_branch_dag']) retrieved from /home/airflow/.local/lib/python3.6/site-packages/airflow/example_dags/example_nested_branch_dag.py
[2023-02-16 21:04:48,248] {logging_mixin.py:104} INFO - [2023-02-16 21:04:48,248] {dag.py:1833} INFO - Sync 1 DAGs
[2023-02-16 21:04:48,268] {logging_mixin.py:104} INFO - [2023-02-16 21:04:48,268] {dag.py:2306} INFO - Setting next_dagrun for example_nested_branch_dag to 2023-02-14 00:00:00+00:00
[2023-02-16 21:04:48,279] {scheduler_job.py:190} INFO - Processing /home/airflow/.local/lib/python3.6/site-packages/airflow/example_dags/example_nested_branch_dag.py took 0.099 seconds
[2023-02-16 21:05:18,808] {scheduler_job.py:182} INFO - Started process (PID=2543) to work on /home/airflow/.local/lib/python3.6/site-packages/airflow/example_dags/example_nested_branch_dag.py
[2023-02-16 21:05:18,809] {scheduler_job.py:633} INFO - Processing file /home/airflow/.local/lib/python3.6/site-packages/airflow/example_dags/example_nested_branch_dag.py for tasks to queue
[2023-02-16 21:05:18,810] {logging_mixin.py:104} INFO - [2023-02-16 21:05:18,810] {dagbag.py:496} INFO - Filling up the DagBag from /home/airflow/.local/lib/python3.6/site-packages/airflow/example_dags/example_nested_branch_dag.py
[2023-02-16 21:05:18,823] {scheduler_job.py:643} INFO - DAG(s) dict_keys(['example_nested_branch_dag']) retrieved from /home/airflow/.local/lib/python3.6/site-packages/airflow/example_dags/example_nested_branch_dag.py
[2023-02-16 21:05:18,845] {logging_mixin.py:104} INFO - [2023-02-16 21:05:18,845] {dag.py:1833} INFO - Sync 1 DAGs
[2023-02-16 21:05:18,864] {logging_mixin.py:104} INFO - [2023-02-16 21:05:18,863] {dag.py:2306} INFO - Setting next_dagrun for example_nested_branch_dag to 2023-02-14 00:00:00+00:00
[2023-02-16 21:05:18,872] {scheduler_job.py:190} INFO - Processing /home/airflow/.local/lib/python3.6/site-packages/airflow/example_dags/example_nested_branch_dag.py took 0.066 seconds
[2023-02-16 21:05:49,463] {scheduler_job.py:182} INFO - Started process (PID=2603) to work on /home/airflow/.local/lib/python3.6/site-packages/airflow/example_dags/example_nested_branch_dag.py
[2023-02-16 21:05:49,464] {scheduler_job.py:633} INFO - Processing file /home/airflow/.local/lib/python3.6/site-packages/airflow/example_dags/example_nested_branch_dag.py for tasks to queue
[2023-02-16 21:05:49,465] {logging_mixin.py:104} INFO - [2023-02-16 21:05:49,464] {dagbag.py:496} INFO - Filling up the DagBag from /home/airflow/.local/lib/python3.6/site-packages/airflow/example_dags/example_nested_branch_dag.py
[2023-02-16 21:05:49,478] {scheduler_job.py:643} INFO - DAG(s) dict_keys(['example_nested_branch_dag']) retrieved from /home/airflow/.local/lib/python3.6/site-packages/airflow/example_dags/example_nested_branch_dag.py
[2023-02-16 21:05:49,498] {logging_mixin.py:104} INFO - [2023-02-16 21:05:49,497] {dag.py:1833} INFO - Sync 1 DAGs
[2023-02-16 21:05:49,513] {logging_mixin.py:104} INFO - [2023-02-16 21:05:49,513] {dag.py:2306} INFO - Setting next_dagrun for example_nested_branch_dag to 2023-02-14 00:00:00+00:00
[2023-02-16 21:05:49,523] {scheduler_job.py:190} INFO - Processing /home/airflow/.local/lib/python3.6/site-packages/airflow/example_dags/example_nested_branch_dag.py took 0.062 seconds
[2023-02-16 21:06:20,201] {scheduler_job.py:182} INFO - Started process (PID=2655) to work on /home/airflow/.local/lib/python3.6/site-packages/airflow/example_dags/example_nested_branch_dag.py
[2023-02-16 21:06:20,202] {scheduler_job.py:633} INFO - Processing file /home/airflow/.local/lib/python3.6/site-packages/airflow/example_dags/example_nested_branch_dag.py for tasks to queue
[2023-02-16 21:06:20,202] {logging_mixin.py:104} INFO - [2023-02-16 21:06:20,202] {dagbag.py:496} INFO - Filling up the DagBag from /home/airflow/.local/lib/python3.6/site-packages/airflow/example_dags/example_nested_branch_dag.py
[2023-02-16 21:06:20,214] {scheduler_job.py:643} INFO - DAG(s) dict_keys(['example_nested_branch_dag']) retrieved from /home/airflow/.local/lib/python3.6/site-packages/airflow/example_dags/example_nested_branch_dag.py
[2023-02-16 21:06:20,234] {logging_mixin.py:104} INFO - [2023-02-16 21:06:20,233] {dag.py:1833} INFO - Sync 1 DAGs
[2023-02-16 21:06:20,250] {logging_mixin.py:104} INFO - [2023-02-16 21:06:20,250] {dag.py:2306} INFO - Setting next_dagrun for example_nested_branch_dag to 2023-02-14 00:00:00+00:00
[2023-02-16 21:06:20,259] {scheduler_job.py:190} INFO - Processing /home/airflow/.local/lib/python3.6/site-packages/airflow/example_dags/example_nested_branch_dag.py took 0.060 seconds
[2023-02-16 21:06:50,713] {scheduler_job.py:182} INFO - Started process (PID=2715) to work on /home/airflow/.local/lib/python3.6/site-packages/airflow/example_dags/example_nested_branch_dag.py
[2023-02-16 21:06:50,714] {scheduler_job.py:633} INFO - Processing file /home/airflow/.local/lib/python3.6/site-packages/airflow/example_dags/example_nested_branch_dag.py for tasks to queue
[2023-02-16 21:06:50,714] {logging_mixin.py:104} INFO - [2023-02-16 21:06:50,714] {dagbag.py:496} INFO - Filling up the DagBag from /home/airflow/.local/lib/python3.6/site-packages/airflow/example_dags/example_nested_branch_dag.py
[2023-02-16 21:06:50,731] {scheduler_job.py:643} INFO - DAG(s) dict_keys(['example_nested_branch_dag']) retrieved from /home/airflow/.local/lib/python3.6/site-packages/airflow/example_dags/example_nested_branch_dag.py
[2023-02-16 21:06:50,758] {logging_mixin.py:104} INFO - [2023-02-16 21:06:50,758] {dag.py:1833} INFO - Sync 1 DAGs
[2023-02-16 21:06:50,794] {logging_mixin.py:104} INFO - [2023-02-16 21:06:50,794] {dag.py:2306} INFO - Setting next_dagrun for example_nested_branch_dag to 2023-02-14 00:00:00+00:00
[2023-02-16 21:06:50,802] {scheduler_job.py:190} INFO - Processing /home/airflow/.local/lib/python3.6/site-packages/airflow/example_dags/example_nested_branch_dag.py took 0.092 seconds
[2023-02-16 21:07:21,429] {scheduler_job.py:182} INFO - Started process (PID=2767) to work on /home/airflow/.local/lib/python3.6/site-packages/airflow/example_dags/example_nested_branch_dag.py
[2023-02-16 21:07:21,430] {scheduler_job.py:633} INFO - Processing file /home/airflow/.local/lib/python3.6/site-packages/airflow/example_dags/example_nested_branch_dag.py for tasks to queue
[2023-02-16 21:07:21,430] {logging_mixin.py:104} INFO - [2023-02-16 21:07:21,430] {dagbag.py:496} INFO - Filling up the DagBag from /home/airflow/.local/lib/python3.6/site-packages/airflow/example_dags/example_nested_branch_dag.py
[2023-02-16 21:07:21,443] {scheduler_job.py:643} INFO - DAG(s) dict_keys(['example_nested_branch_dag']) retrieved from /home/airflow/.local/lib/python3.6/site-packages/airflow/example_dags/example_nested_branch_dag.py
[2023-02-16 21:07:21,465] {logging_mixin.py:104} INFO - [2023-02-16 21:07:21,465] {dag.py:1833} INFO - Sync 1 DAGs
[2023-02-16 21:07:21,485] {logging_mixin.py:104} INFO - [2023-02-16 21:07:21,485] {dag.py:2306} INFO - Setting next_dagrun for example_nested_branch_dag to 2023-02-14 00:00:00+00:00
[2023-02-16 21:07:21,494] {scheduler_job.py:190} INFO - Processing /home/airflow/.local/lib/python3.6/site-packages/airflow/example_dags/example_nested_branch_dag.py took 0.068 seconds
[2023-02-16 21:07:51,914] {scheduler_job.py:182} INFO - Started process (PID=2828) to work on /home/airflow/.local/lib/python3.6/site-packages/airflow/example_dags/example_nested_branch_dag.py
[2023-02-16 21:07:51,916] {scheduler_job.py:633} INFO - Processing file /home/airflow/.local/lib/python3.6/site-packages/airflow/example_dags/example_nested_branch_dag.py for tasks to queue
[2023-02-16 21:07:51,916] {logging_mixin.py:104} INFO - [2023-02-16 21:07:51,916] {dagbag.py:496} INFO - Filling up the DagBag from /home/airflow/.local/lib/python3.6/site-packages/airflow/example_dags/example_nested_branch_dag.py
[2023-02-16 21:07:51,931] {scheduler_job.py:643} INFO - DAG(s) dict_keys(['example_nested_branch_dag']) retrieved from /home/airflow/.local/lib/python3.6/site-packages/airflow/example_dags/example_nested_branch_dag.py
[2023-02-16 21:07:51,951] {logging_mixin.py:104} INFO - [2023-02-16 21:07:51,951] {dag.py:1833} INFO - Sync 1 DAGs
[2023-02-16 21:07:51,968] {logging_mixin.py:104} INFO - [2023-02-16 21:07:51,968] {dag.py:2306} INFO - Setting next_dagrun for example_nested_branch_dag to 2023-02-14 00:00:00+00:00
[2023-02-16 21:07:51,978] {scheduler_job.py:190} INFO - Processing /home/airflow/.local/lib/python3.6/site-packages/airflow/example_dags/example_nested_branch_dag.py took 0.066 seconds
[2023-02-16 21:08:22,631] {scheduler_job.py:182} INFO - Started process (PID=2879) to work on /home/airflow/.local/lib/python3.6/site-packages/airflow/example_dags/example_nested_branch_dag.py
[2023-02-16 21:08:22,632] {scheduler_job.py:633} INFO - Processing file /home/airflow/.local/lib/python3.6/site-packages/airflow/example_dags/example_nested_branch_dag.py for tasks to queue
[2023-02-16 21:08:22,632] {logging_mixin.py:104} INFO - [2023-02-16 21:08:22,632] {dagbag.py:496} INFO - Filling up the DagBag from /home/airflow/.local/lib/python3.6/site-packages/airflow/example_dags/example_nested_branch_dag.py
[2023-02-16 21:08:22,644] {scheduler_job.py:643} INFO - DAG(s) dict_keys(['example_nested_branch_dag']) retrieved from /home/airflow/.local/lib/python3.6/site-packages/airflow/example_dags/example_nested_branch_dag.py
[2023-02-16 21:08:22,663] {logging_mixin.py:104} INFO - [2023-02-16 21:08:22,663] {dag.py:1833} INFO - Sync 1 DAGs
[2023-02-16 21:08:22,680] {logging_mixin.py:104} INFO - [2023-02-16 21:08:22,680] {dag.py:2306} INFO - Setting next_dagrun for example_nested_branch_dag to 2023-02-14 00:00:00+00:00
[2023-02-16 21:08:22,689] {scheduler_job.py:190} INFO - Processing /home/airflow/.local/lib/python3.6/site-packages/airflow/example_dags/example_nested_branch_dag.py took 0.061 seconds
[2023-02-16 21:08:52,914] {scheduler_job.py:182} INFO - Started process (PID=2939) to work on /home/airflow/.local/lib/python3.6/site-packages/airflow/example_dags/example_nested_branch_dag.py
[2023-02-16 21:08:52,917] {scheduler_job.py:633} INFO - Processing file /home/airflow/.local/lib/python3.6/site-packages/airflow/example_dags/example_nested_branch_dag.py for tasks to queue
[2023-02-16 21:08:52,918] {logging_mixin.py:104} INFO - [2023-02-16 21:08:52,918] {dagbag.py:496} INFO - Filling up the DagBag from /home/airflow/.local/lib/python3.6/site-packages/airflow/example_dags/example_nested_branch_dag.py
[2023-02-16 21:08:52,932] {scheduler_job.py:643} INFO - DAG(s) dict_keys(['example_nested_branch_dag']) retrieved from /home/airflow/.local/lib/python3.6/site-packages/airflow/example_dags/example_nested_branch_dag.py
[2023-02-16 21:08:52,951] {logging_mixin.py:104} INFO - [2023-02-16 21:08:52,951] {dag.py:1833} INFO - Sync 1 DAGs
[2023-02-16 21:08:52,969] {logging_mixin.py:104} INFO - [2023-02-16 21:08:52,969] {dag.py:2306} INFO - Setting next_dagrun for example_nested_branch_dag to 2023-02-14 00:00:00+00:00
[2023-02-16 21:08:52,979] {scheduler_job.py:190} INFO - Processing /home/airflow/.local/lib/python3.6/site-packages/airflow/example_dags/example_nested_branch_dag.py took 0.067 seconds
[2023-02-16 21:09:23,319] {scheduler_job.py:182} INFO - Started process (PID=2990) to work on /home/airflow/.local/lib/python3.6/site-packages/airflow/example_dags/example_nested_branch_dag.py
[2023-02-16 21:09:23,320] {scheduler_job.py:633} INFO - Processing file /home/airflow/.local/lib/python3.6/site-packages/airflow/example_dags/example_nested_branch_dag.py for tasks to queue
[2023-02-16 21:09:23,320] {logging_mixin.py:104} INFO - [2023-02-16 21:09:23,320] {dagbag.py:496} INFO - Filling up the DagBag from /home/airflow/.local/lib/python3.6/site-packages/airflow/example_dags/example_nested_branch_dag.py
[2023-02-16 21:09:23,332] {scheduler_job.py:643} INFO - DAG(s) dict_keys(['example_nested_branch_dag']) retrieved from /home/airflow/.local/lib/python3.6/site-packages/airflow/example_dags/example_nested_branch_dag.py
[2023-02-16 21:09:23,353] {logging_mixin.py:104} INFO - [2023-02-16 21:09:23,353] {dag.py:1833} INFO - Sync 1 DAGs
[2023-02-16 21:09:23,369] {logging_mixin.py:104} INFO - [2023-02-16 21:09:23,369] {dag.py:2306} INFO - Setting next_dagrun for example_nested_branch_dag to 2023-02-14 00:00:00+00:00
[2023-02-16 21:09:23,377] {scheduler_job.py:190} INFO - Processing /home/airflow/.local/lib/python3.6/site-packages/airflow/example_dags/example_nested_branch_dag.py took 0.060 seconds
[2023-02-16 21:09:53,968] {scheduler_job.py:182} INFO - Started process (PID=3051) to work on /home/airflow/.local/lib/python3.6/site-packages/airflow/example_dags/example_nested_branch_dag.py
[2023-02-16 21:09:53,968] {scheduler_job.py:633} INFO - Processing file /home/airflow/.local/lib/python3.6/site-packages/airflow/example_dags/example_nested_branch_dag.py for tasks to queue
[2023-02-16 21:09:53,969] {logging_mixin.py:104} INFO - [2023-02-16 21:09:53,969] {dagbag.py:496} INFO - Filling up the DagBag from /home/airflow/.local/lib/python3.6/site-packages/airflow/example_dags/example_nested_branch_dag.py
[2023-02-16 21:09:53,981] {scheduler_job.py:643} INFO - DAG(s) dict_keys(['example_nested_branch_dag']) retrieved from /home/airflow/.local/lib/python3.6/site-packages/airflow/example_dags/example_nested_branch_dag.py
[2023-02-16 21:09:54,001] {logging_mixin.py:104} INFO - [2023-02-16 21:09:54,000] {dag.py:1833} INFO - Sync 1 DAGs
[2023-02-16 21:09:54,017] {logging_mixin.py:104} INFO - [2023-02-16 21:09:54,017] {dag.py:2306} INFO - Setting next_dagrun for example_nested_branch_dag to 2023-02-14 00:00:00+00:00
[2023-02-16 21:09:54,025] {scheduler_job.py:190} INFO - Processing /home/airflow/.local/lib/python3.6/site-packages/airflow/example_dags/example_nested_branch_dag.py took 0.060 seconds
[2023-02-16 21:10:24,262] {scheduler_job.py:182} INFO - Started process (PID=3102) to work on /home/airflow/.local/lib/python3.6/site-packages/airflow/example_dags/example_nested_branch_dag.py
[2023-02-16 21:10:24,262] {scheduler_job.py:633} INFO - Processing file /home/airflow/.local/lib/python3.6/site-packages/airflow/example_dags/example_nested_branch_dag.py for tasks to queue
[2023-02-16 21:10:24,263] {logging_mixin.py:104} INFO - [2023-02-16 21:10:24,263] {dagbag.py:496} INFO - Filling up the DagBag from /home/airflow/.local/lib/python3.6/site-packages/airflow/example_dags/example_nested_branch_dag.py
[2023-02-16 21:10:24,275] {scheduler_job.py:643} INFO - DAG(s) dict_keys(['example_nested_branch_dag']) retrieved from /home/airflow/.local/lib/python3.6/site-packages/airflow/example_dags/example_nested_branch_dag.py
[2023-02-16 21:10:24,296] {logging_mixin.py:104} INFO - [2023-02-16 21:10:24,295] {dag.py:1833} INFO - Sync 1 DAGs
[2023-02-16 21:10:24,313] {logging_mixin.py:104} INFO - [2023-02-16 21:10:24,312] {dag.py:2306} INFO - Setting next_dagrun for example_nested_branch_dag to 2023-02-14 00:00:00+00:00
[2023-02-16 21:10:24,320] {scheduler_job.py:190} INFO - Processing /home/airflow/.local/lib/python3.6/site-packages/airflow/example_dags/example_nested_branch_dag.py took 0.061 seconds
[2023-02-16 21:10:54,715] {scheduler_job.py:182} INFO - Started process (PID=3161) to work on /home/airflow/.local/lib/python3.6/site-packages/airflow/example_dags/example_nested_branch_dag.py
[2023-02-16 21:10:54,716] {scheduler_job.py:633} INFO - Processing file /home/airflow/.local/lib/python3.6/site-packages/airflow/example_dags/example_nested_branch_dag.py for tasks to queue
[2023-02-16 21:10:54,717] {logging_mixin.py:104} INFO - [2023-02-16 21:10:54,716] {dagbag.py:496} INFO - Filling up the DagBag from /home/airflow/.local/lib/python3.6/site-packages/airflow/example_dags/example_nested_branch_dag.py
[2023-02-16 21:10:54,799] {scheduler_job.py:643} INFO - DAG(s) dict_keys(['example_nested_branch_dag']) retrieved from /home/airflow/.local/lib/python3.6/site-packages/airflow/example_dags/example_nested_branch_dag.py
[2023-02-16 21:10:54,895] {logging_mixin.py:104} INFO - [2023-02-16 21:10:54,895] {dag.py:1833} INFO - Sync 1 DAGs
[2023-02-16 21:10:54,914] {logging_mixin.py:104} INFO - [2023-02-16 21:10:54,914] {dag.py:2306} INFO - Setting next_dagrun for example_nested_branch_dag to 2023-02-14 00:00:00+00:00
[2023-02-16 21:10:54,988] {scheduler_job.py:190} INFO - Processing /home/airflow/.local/lib/python3.6/site-packages/airflow/example_dags/example_nested_branch_dag.py took 0.277 seconds
[2023-02-16 21:11:26,053] {scheduler_job.py:182} INFO - Started process (PID=3212) to work on /home/airflow/.local/lib/python3.6/site-packages/airflow/example_dags/example_nested_branch_dag.py
[2023-02-16 21:11:26,053] {scheduler_job.py:633} INFO - Processing file /home/airflow/.local/lib/python3.6/site-packages/airflow/example_dags/example_nested_branch_dag.py for tasks to queue
[2023-02-16 21:11:26,054] {logging_mixin.py:104} INFO - [2023-02-16 21:11:26,054] {dagbag.py:496} INFO - Filling up the DagBag from /home/airflow/.local/lib/python3.6/site-packages/airflow/example_dags/example_nested_branch_dag.py
[2023-02-16 21:11:26,066] {scheduler_job.py:643} INFO - DAG(s) dict_keys(['example_nested_branch_dag']) retrieved from /home/airflow/.local/lib/python3.6/site-packages/airflow/example_dags/example_nested_branch_dag.py
[2023-02-16 21:11:26,082] {logging_mixin.py:104} INFO - [2023-02-16 21:11:26,082] {dag.py:1833} INFO - Sync 1 DAGs
[2023-02-16 21:11:26,100] {logging_mixin.py:104} INFO - [2023-02-16 21:11:26,100] {dag.py:2306} INFO - Setting next_dagrun for example_nested_branch_dag to 2023-02-14 00:00:00+00:00
[2023-02-16 21:11:26,113] {scheduler_job.py:190} INFO - Processing /home/airflow/.local/lib/python3.6/site-packages/airflow/example_dags/example_nested_branch_dag.py took 0.062 seconds
[2023-02-16 21:11:56,761] {scheduler_job.py:182} INFO - Started process (PID=3274) to work on /home/airflow/.local/lib/python3.6/site-packages/airflow/example_dags/example_nested_branch_dag.py
[2023-02-16 21:11:56,762] {scheduler_job.py:633} INFO - Processing file /home/airflow/.local/lib/python3.6/site-packages/airflow/example_dags/example_nested_branch_dag.py for tasks to queue
[2023-02-16 21:11:56,762] {logging_mixin.py:104} INFO - [2023-02-16 21:11:56,762] {dagbag.py:496} INFO - Filling up the DagBag from /home/airflow/.local/lib/python3.6/site-packages/airflow/example_dags/example_nested_branch_dag.py
[2023-02-16 21:11:56,775] {scheduler_job.py:643} INFO - DAG(s) dict_keys(['example_nested_branch_dag']) retrieved from /home/airflow/.local/lib/python3.6/site-packages/airflow/example_dags/example_nested_branch_dag.py
[2023-02-16 21:11:56,795] {logging_mixin.py:104} INFO - [2023-02-16 21:11:56,795] {dag.py:1833} INFO - Sync 1 DAGs
[2023-02-16 21:11:56,811] {logging_mixin.py:104} INFO - [2023-02-16 21:11:56,811] {dag.py:2306} INFO - Setting next_dagrun for example_nested_branch_dag to 2023-02-14 00:00:00+00:00
[2023-02-16 21:11:56,819] {scheduler_job.py:190} INFO - Processing /home/airflow/.local/lib/python3.6/site-packages/airflow/example_dags/example_nested_branch_dag.py took 0.060 seconds
[2023-02-16 21:12:27,049] {scheduler_job.py:182} INFO - Started process (PID=3325) to work on /home/airflow/.local/lib/python3.6/site-packages/airflow/example_dags/example_nested_branch_dag.py
[2023-02-16 21:12:27,049] {scheduler_job.py:633} INFO - Processing file /home/airflow/.local/lib/python3.6/site-packages/airflow/example_dags/example_nested_branch_dag.py for tasks to queue
[2023-02-16 21:12:27,050] {logging_mixin.py:104} INFO - [2023-02-16 21:12:27,050] {dagbag.py:496} INFO - Filling up the DagBag from /home/airflow/.local/lib/python3.6/site-packages/airflow/example_dags/example_nested_branch_dag.py
[2023-02-16 21:12:27,063] {scheduler_job.py:643} INFO - DAG(s) dict_keys(['example_nested_branch_dag']) retrieved from /home/airflow/.local/lib/python3.6/site-packages/airflow/example_dags/example_nested_branch_dag.py
[2023-02-16 21:12:27,083] {logging_mixin.py:104} INFO - [2023-02-16 21:12:27,083] {dag.py:1833} INFO - Sync 1 DAGs
[2023-02-16 21:12:27,100] {logging_mixin.py:104} INFO - [2023-02-16 21:12:27,100] {dag.py:2306} INFO - Setting next_dagrun for example_nested_branch_dag to 2023-02-14 00:00:00+00:00
[2023-02-16 21:12:27,109] {scheduler_job.py:190} INFO - Processing /home/airflow/.local/lib/python3.6/site-packages/airflow/example_dags/example_nested_branch_dag.py took 0.063 seconds
[2023-02-16 21:12:58,003] {scheduler_job.py:182} INFO - Started process (PID=3386) to work on /home/airflow/.local/lib/python3.6/site-packages/airflow/example_dags/example_nested_branch_dag.py
[2023-02-16 21:12:58,004] {scheduler_job.py:633} INFO - Processing file /home/airflow/.local/lib/python3.6/site-packages/airflow/example_dags/example_nested_branch_dag.py for tasks to queue
[2023-02-16 21:12:58,004] {logging_mixin.py:104} INFO - [2023-02-16 21:12:58,004] {dagbag.py:496} INFO - Filling up the DagBag from /home/airflow/.local/lib/python3.6/site-packages/airflow/example_dags/example_nested_branch_dag.py
[2023-02-16 21:12:58,084] {scheduler_job.py:643} INFO - DAG(s) dict_keys(['example_nested_branch_dag']) retrieved from /home/airflow/.local/lib/python3.6/site-packages/airflow/example_dags/example_nested_branch_dag.py
[2023-02-16 21:12:58,107] {logging_mixin.py:104} INFO - [2023-02-16 21:12:58,107] {dag.py:1833} INFO - Sync 1 DAGs
[2023-02-16 21:12:58,191] {logging_mixin.py:104} INFO - [2023-02-16 21:12:58,191] {dag.py:2306} INFO - Setting next_dagrun for example_nested_branch_dag to 2023-02-14 00:00:00+00:00
[2023-02-16 21:12:58,202] {scheduler_job.py:190} INFO - Processing /home/airflow/.local/lib/python3.6/site-packages/airflow/example_dags/example_nested_branch_dag.py took 0.201 seconds
[2023-02-16 21:13:29,141] {scheduler_job.py:182} INFO - Started process (PID=3437) to work on /home/airflow/.local/lib/python3.6/site-packages/airflow/example_dags/example_nested_branch_dag.py
[2023-02-16 21:13:29,143] {scheduler_job.py:633} INFO - Processing file /home/airflow/.local/lib/python3.6/site-packages/airflow/example_dags/example_nested_branch_dag.py for tasks to queue
[2023-02-16 21:13:29,143] {logging_mixin.py:104} INFO - [2023-02-16 21:13:29,143] {dagbag.py:496} INFO - Filling up the DagBag from /home/airflow/.local/lib/python3.6/site-packages/airflow/example_dags/example_nested_branch_dag.py
[2023-02-16 21:13:29,155] {scheduler_job.py:643} INFO - DAG(s) dict_keys(['example_nested_branch_dag']) retrieved from /home/airflow/.local/lib/python3.6/site-packages/airflow/example_dags/example_nested_branch_dag.py
[2023-02-16 21:13:29,174] {logging_mixin.py:104} INFO - [2023-02-16 21:13:29,174] {dag.py:1833} INFO - Sync 1 DAGs
[2023-02-16 21:13:29,190] {logging_mixin.py:104} INFO - [2023-02-16 21:13:29,190] {dag.py:2306} INFO - Setting next_dagrun for example_nested_branch_dag to 2023-02-14 00:00:00+00:00
[2023-02-16 21:13:29,198] {scheduler_job.py:190} INFO - Processing /home/airflow/.local/lib/python3.6/site-packages/airflow/example_dags/example_nested_branch_dag.py took 0.060 seconds
[2023-02-16 21:13:59,584] {scheduler_job.py:182} INFO - Started process (PID=3494) to work on /home/airflow/.local/lib/python3.6/site-packages/airflow/example_dags/example_nested_branch_dag.py
[2023-02-16 21:13:59,584] {scheduler_job.py:633} INFO - Processing file /home/airflow/.local/lib/python3.6/site-packages/airflow/example_dags/example_nested_branch_dag.py for tasks to queue
[2023-02-16 21:13:59,585] {logging_mixin.py:104} INFO - [2023-02-16 21:13:59,585] {dagbag.py:496} INFO - Filling up the DagBag from /home/airflow/.local/lib/python3.6/site-packages/airflow/example_dags/example_nested_branch_dag.py
[2023-02-16 21:13:59,601] {scheduler_job.py:643} INFO - DAG(s) dict_keys(['example_nested_branch_dag']) retrieved from /home/airflow/.local/lib/python3.6/site-packages/airflow/example_dags/example_nested_branch_dag.py
[2023-02-16 21:13:59,623] {logging_mixin.py:104} INFO - [2023-02-16 21:13:59,623] {dag.py:1833} INFO - Sync 1 DAGs
[2023-02-16 21:13:59,644] {logging_mixin.py:104} INFO - [2023-02-16 21:13:59,644] {dag.py:2306} INFO - Setting next_dagrun for example_nested_branch_dag to 2023-02-14 00:00:00+00:00
[2023-02-16 21:13:59,653] {scheduler_job.py:190} INFO - Processing /home/airflow/.local/lib/python3.6/site-packages/airflow/example_dags/example_nested_branch_dag.py took 0.073 seconds
[2023-02-16 21:14:30,020] {scheduler_job.py:182} INFO - Started process (PID=3549) to work on /home/airflow/.local/lib/python3.6/site-packages/airflow/example_dags/example_nested_branch_dag.py
[2023-02-16 21:14:30,021] {scheduler_job.py:633} INFO - Processing file /home/airflow/.local/lib/python3.6/site-packages/airflow/example_dags/example_nested_branch_dag.py for tasks to queue
[2023-02-16 21:14:30,022] {logging_mixin.py:104} INFO - [2023-02-16 21:14:30,022] {dagbag.py:496} INFO - Filling up the DagBag from /home/airflow/.local/lib/python3.6/site-packages/airflow/example_dags/example_nested_branch_dag.py
[2023-02-16 21:14:30,034] {scheduler_job.py:643} INFO - DAG(s) dict_keys(['example_nested_branch_dag']) retrieved from /home/airflow/.local/lib/python3.6/site-packages/airflow/example_dags/example_nested_branch_dag.py
[2023-02-16 21:14:30,052] {logging_mixin.py:104} INFO - [2023-02-16 21:14:30,052] {dag.py:1833} INFO - Sync 1 DAGs
[2023-02-16 21:14:30,068] {logging_mixin.py:104} INFO - [2023-02-16 21:14:30,067] {dag.py:2306} INFO - Setting next_dagrun for example_nested_branch_dag to 2023-02-14 00:00:00+00:00
[2023-02-16 21:14:30,075] {scheduler_job.py:190} INFO - Processing /home/airflow/.local/lib/python3.6/site-packages/airflow/example_dags/example_nested_branch_dag.py took 0.057 seconds
[2023-02-16 21:15:00,291] {scheduler_job.py:182} INFO - Started process (PID=3600) to work on /home/airflow/.local/lib/python3.6/site-packages/airflow/example_dags/example_nested_branch_dag.py
[2023-02-16 21:15:00,292] {scheduler_job.py:633} INFO - Processing file /home/airflow/.local/lib/python3.6/site-packages/airflow/example_dags/example_nested_branch_dag.py for tasks to queue
[2023-02-16 21:15:00,293] {logging_mixin.py:104} INFO - [2023-02-16 21:15:00,293] {dagbag.py:496} INFO - Filling up the DagBag from /home/airflow/.local/lib/python3.6/site-packages/airflow/example_dags/example_nested_branch_dag.py
[2023-02-16 21:15:00,312] {scheduler_job.py:643} INFO - DAG(s) dict_keys(['example_nested_branch_dag']) retrieved from /home/airflow/.local/lib/python3.6/site-packages/airflow/example_dags/example_nested_branch_dag.py
[2023-02-16 21:15:00,337] {logging_mixin.py:104} INFO - [2023-02-16 21:15:00,337] {dag.py:1833} INFO - Sync 1 DAGs
[2023-02-16 21:15:00,357] {logging_mixin.py:104} INFO - [2023-02-16 21:15:00,357] {dag.py:2306} INFO - Setting next_dagrun for example_nested_branch_dag to 2023-02-14 00:00:00+00:00
[2023-02-16 21:15:00,365] {scheduler_job.py:190} INFO - Processing /home/airflow/.local/lib/python3.6/site-packages/airflow/example_dags/example_nested_branch_dag.py took 0.077 seconds
[2023-02-16 21:15:30,718] {scheduler_job.py:182} INFO - Started process (PID=3661) to work on /home/airflow/.local/lib/python3.6/site-packages/airflow/example_dags/example_nested_branch_dag.py
[2023-02-16 21:15:30,719] {scheduler_job.py:633} INFO - Processing file /home/airflow/.local/lib/python3.6/site-packages/airflow/example_dags/example_nested_branch_dag.py for tasks to queue
[2023-02-16 21:15:30,719] {logging_mixin.py:104} INFO - [2023-02-16 21:15:30,719] {dagbag.py:496} INFO - Filling up the DagBag from /home/airflow/.local/lib/python3.6/site-packages/airflow/example_dags/example_nested_branch_dag.py
[2023-02-16 21:15:30,734] {scheduler_job.py:643} INFO - DAG(s) dict_keys(['example_nested_branch_dag']) retrieved from /home/airflow/.local/lib/python3.6/site-packages/airflow/example_dags/example_nested_branch_dag.py
[2023-02-16 21:15:30,758] {logging_mixin.py:104} INFO - [2023-02-16 21:15:30,758] {dag.py:1833} INFO - Sync 1 DAGs
[2023-02-16 21:15:30,777] {logging_mixin.py:104} INFO - [2023-02-16 21:15:30,776] {dag.py:2306} INFO - Setting next_dagrun for example_nested_branch_dag to 2023-02-14 00:00:00+00:00
[2023-02-16 21:15:30,788] {scheduler_job.py:190} INFO - Processing /home/airflow/.local/lib/python3.6/site-packages/airflow/example_dags/example_nested_branch_dag.py took 0.072 seconds
[2023-02-16 21:16:01,296] {scheduler_job.py:182} INFO - Started process (PID=3721) to work on /home/airflow/.local/lib/python3.6/site-packages/airflow/example_dags/example_nested_branch_dag.py
[2023-02-16 21:16:01,297] {scheduler_job.py:633} INFO - Processing file /home/airflow/.local/lib/python3.6/site-packages/airflow/example_dags/example_nested_branch_dag.py for tasks to queue
[2023-02-16 21:16:01,297] {logging_mixin.py:104} INFO - [2023-02-16 21:16:01,297] {dagbag.py:496} INFO - Filling up the DagBag from /home/airflow/.local/lib/python3.6/site-packages/airflow/example_dags/example_nested_branch_dag.py
[2023-02-16 21:16:01,311] {scheduler_job.py:643} INFO - DAG(s) dict_keys(['example_nested_branch_dag']) retrieved from /home/airflow/.local/lib/python3.6/site-packages/airflow/example_dags/example_nested_branch_dag.py
[2023-02-16 21:16:01,329] {logging_mixin.py:104} INFO - [2023-02-16 21:16:01,329] {dag.py:1833} INFO - Sync 1 DAGs
[2023-02-16 21:16:01,346] {logging_mixin.py:104} INFO - [2023-02-16 21:16:01,345] {dag.py:2306} INFO - Setting next_dagrun for example_nested_branch_dag to 2023-02-14 00:00:00+00:00
[2023-02-16 21:16:01,354] {scheduler_job.py:190} INFO - Processing /home/airflow/.local/lib/python3.6/site-packages/airflow/example_dags/example_nested_branch_dag.py took 0.060 seconds
[2023-02-16 21:16:31,709] {scheduler_job.py:182} INFO - Started process (PID=3773) to work on /home/airflow/.local/lib/python3.6/site-packages/airflow/example_dags/example_nested_branch_dag.py
[2023-02-16 21:16:31,709] {scheduler_job.py:633} INFO - Processing file /home/airflow/.local/lib/python3.6/site-packages/airflow/example_dags/example_nested_branch_dag.py for tasks to queue
[2023-02-16 21:16:31,710] {logging_mixin.py:104} INFO - [2023-02-16 21:16:31,710] {dagbag.py:496} INFO - Filling up the DagBag from /home/airflow/.local/lib/python3.6/site-packages/airflow/example_dags/example_nested_branch_dag.py
[2023-02-16 21:16:31,723] {scheduler_job.py:643} INFO - DAG(s) dict_keys(['example_nested_branch_dag']) retrieved from /home/airflow/.local/lib/python3.6/site-packages/airflow/example_dags/example_nested_branch_dag.py
[2023-02-16 21:16:31,743] {logging_mixin.py:104} INFO - [2023-02-16 21:16:31,743] {dag.py:1833} INFO - Sync 1 DAGs
[2023-02-16 21:16:31,760] {logging_mixin.py:104} INFO - [2023-02-16 21:16:31,760] {dag.py:2306} INFO - Setting next_dagrun for example_nested_branch_dag to 2023-02-14 00:00:00+00:00
[2023-02-16 21:16:31,768] {scheduler_job.py:190} INFO - Processing /home/airflow/.local/lib/python3.6/site-packages/airflow/example_dags/example_nested_branch_dag.py took 0.062 seconds
[2023-02-16 21:17:02,056] {scheduler_job.py:182} INFO - Started process (PID=3834) to work on /home/airflow/.local/lib/python3.6/site-packages/airflow/example_dags/example_nested_branch_dag.py
[2023-02-16 21:17:02,057] {scheduler_job.py:633} INFO - Processing file /home/airflow/.local/lib/python3.6/site-packages/airflow/example_dags/example_nested_branch_dag.py for tasks to queue
[2023-02-16 21:17:02,058] {logging_mixin.py:104} INFO - [2023-02-16 21:17:02,057] {dagbag.py:496} INFO - Filling up the DagBag from /home/airflow/.local/lib/python3.6/site-packages/airflow/example_dags/example_nested_branch_dag.py
[2023-02-16 21:17:02,071] {scheduler_job.py:643} INFO - DAG(s) dict_keys(['example_nested_branch_dag']) retrieved from /home/airflow/.local/lib/python3.6/site-packages/airflow/example_dags/example_nested_branch_dag.py
[2023-02-16 21:17:02,092] {logging_mixin.py:104} INFO - [2023-02-16 21:17:02,092] {dag.py:1833} INFO - Sync 1 DAGs
[2023-02-16 21:17:02,110] {logging_mixin.py:104} INFO - [2023-02-16 21:17:02,110] {dag.py:2306} INFO - Setting next_dagrun for example_nested_branch_dag to 2023-02-14 00:00:00+00:00
[2023-02-16 21:17:02,120] {scheduler_job.py:190} INFO - Processing /home/airflow/.local/lib/python3.6/site-packages/airflow/example_dags/example_nested_branch_dag.py took 0.067 seconds
[2023-02-16 21:17:32,555] {scheduler_job.py:182} INFO - Started process (PID=3885) to work on /home/airflow/.local/lib/python3.6/site-packages/airflow/example_dags/example_nested_branch_dag.py
[2023-02-16 21:17:32,555] {scheduler_job.py:633} INFO - Processing file /home/airflow/.local/lib/python3.6/site-packages/airflow/example_dags/example_nested_branch_dag.py for tasks to queue
[2023-02-16 21:17:32,556] {logging_mixin.py:104} INFO - [2023-02-16 21:17:32,556] {dagbag.py:496} INFO - Filling up the DagBag from /home/airflow/.local/lib/python3.6/site-packages/airflow/example_dags/example_nested_branch_dag.py
[2023-02-16 21:17:32,567] {scheduler_job.py:643} INFO - DAG(s) dict_keys(['example_nested_branch_dag']) retrieved from /home/airflow/.local/lib/python3.6/site-packages/airflow/example_dags/example_nested_branch_dag.py
[2023-02-16 21:17:32,584] {logging_mixin.py:104} INFO - [2023-02-16 21:17:32,583] {dag.py:1833} INFO - Sync 1 DAGs
[2023-02-16 21:17:32,598] {logging_mixin.py:104} INFO - [2023-02-16 21:17:32,598] {dag.py:2306} INFO - Setting next_dagrun for example_nested_branch_dag to 2023-02-14 00:00:00+00:00
[2023-02-16 21:17:32,605] {scheduler_job.py:190} INFO - Processing /home/airflow/.local/lib/python3.6/site-packages/airflow/example_dags/example_nested_branch_dag.py took 0.053 seconds
[2023-02-16 21:18:02,921] {scheduler_job.py:182} INFO - Started process (PID=3946) to work on /home/airflow/.local/lib/python3.6/site-packages/airflow/example_dags/example_nested_branch_dag.py
[2023-02-16 21:18:02,922] {scheduler_job.py:633} INFO - Processing file /home/airflow/.local/lib/python3.6/site-packages/airflow/example_dags/example_nested_branch_dag.py for tasks to queue
[2023-02-16 21:18:02,922] {logging_mixin.py:104} INFO - [2023-02-16 21:18:02,922] {dagbag.py:496} INFO - Filling up the DagBag from /home/airflow/.local/lib/python3.6/site-packages/airflow/example_dags/example_nested_branch_dag.py
[2023-02-16 21:18:02,934] {scheduler_job.py:643} INFO - DAG(s) dict_keys(['example_nested_branch_dag']) retrieved from /home/airflow/.local/lib/python3.6/site-packages/airflow/example_dags/example_nested_branch_dag.py
[2023-02-16 21:18:02,951] {logging_mixin.py:104} INFO - [2023-02-16 21:18:02,951] {dag.py:1833} INFO - Sync 1 DAGs
[2023-02-16 21:18:02,967] {logging_mixin.py:104} INFO - [2023-02-16 21:18:02,966] {dag.py:2306} INFO - Setting next_dagrun for example_nested_branch_dag to 2023-02-14 00:00:00+00:00
[2023-02-16 21:18:02,974] {scheduler_job.py:190} INFO - Processing /home/airflow/.local/lib/python3.6/site-packages/airflow/example_dags/example_nested_branch_dag.py took 0.055 seconds
[2023-02-16 21:18:33,394] {scheduler_job.py:182} INFO - Started process (PID=3997) to work on /home/airflow/.local/lib/python3.6/site-packages/airflow/example_dags/example_nested_branch_dag.py
[2023-02-16 21:18:33,396] {scheduler_job.py:633} INFO - Processing file /home/airflow/.local/lib/python3.6/site-packages/airflow/example_dags/example_nested_branch_dag.py for tasks to queue
[2023-02-16 21:18:33,396] {logging_mixin.py:104} INFO - [2023-02-16 21:18:33,396] {dagbag.py:496} INFO - Filling up the DagBag from /home/airflow/.local/lib/python3.6/site-packages/airflow/example_dags/example_nested_branch_dag.py
[2023-02-16 21:18:33,408] {scheduler_job.py:643} INFO - DAG(s) dict_keys(['example_nested_branch_dag']) retrieved from /home/airflow/.local/lib/python3.6/site-packages/airflow/example_dags/example_nested_branch_dag.py
[2023-02-16 21:18:33,425] {logging_mixin.py:104} INFO - [2023-02-16 21:18:33,425] {dag.py:1833} INFO - Sync 1 DAGs
[2023-02-16 21:18:33,440] {logging_mixin.py:104} INFO - [2023-02-16 21:18:33,440] {dag.py:2306} INFO - Setting next_dagrun for example_nested_branch_dag to 2023-02-14 00:00:00+00:00
[2023-02-16 21:18:33,448] {scheduler_job.py:190} INFO - Processing /home/airflow/.local/lib/python3.6/site-packages/airflow/example_dags/example_nested_branch_dag.py took 0.056 seconds
[2023-02-16 21:19:03,639] {scheduler_job.py:182} INFO - Started process (PID=4058) to work on /home/airflow/.local/lib/python3.6/site-packages/airflow/example_dags/example_nested_branch_dag.py
[2023-02-16 21:19:03,640] {scheduler_job.py:633} INFO - Processing file /home/airflow/.local/lib/python3.6/site-packages/airflow/example_dags/example_nested_branch_dag.py for tasks to queue
[2023-02-16 21:19:03,640] {logging_mixin.py:104} INFO - [2023-02-16 21:19:03,640] {dagbag.py:496} INFO - Filling up the DagBag from /home/airflow/.local/lib/python3.6/site-packages/airflow/example_dags/example_nested_branch_dag.py
[2023-02-16 21:19:03,653] {scheduler_job.py:643} INFO - DAG(s) dict_keys(['example_nested_branch_dag']) retrieved from /home/airflow/.local/lib/python3.6/site-packages/airflow/example_dags/example_nested_branch_dag.py
[2023-02-16 21:19:03,676] {logging_mixin.py:104} INFO - [2023-02-16 21:19:03,676] {dag.py:1833} INFO - Sync 1 DAGs
[2023-02-16 21:19:03,700] {logging_mixin.py:104} INFO - [2023-02-16 21:19:03,699] {dag.py:2306} INFO - Setting next_dagrun for example_nested_branch_dag to 2023-02-14 00:00:00+00:00
[2023-02-16 21:19:03,712] {scheduler_job.py:190} INFO - Processing /home/airflow/.local/lib/python3.6/site-packages/airflow/example_dags/example_nested_branch_dag.py took 0.075 seconds
[2023-02-16 21:19:34,207] {scheduler_job.py:182} INFO - Started process (PID=4109) to work on /home/airflow/.local/lib/python3.6/site-packages/airflow/example_dags/example_nested_branch_dag.py
[2023-02-16 21:19:34,208] {scheduler_job.py:633} INFO - Processing file /home/airflow/.local/lib/python3.6/site-packages/airflow/example_dags/example_nested_branch_dag.py for tasks to queue
[2023-02-16 21:19:34,209] {logging_mixin.py:104} INFO - [2023-02-16 21:19:34,208] {dagbag.py:496} INFO - Filling up the DagBag from /home/airflow/.local/lib/python3.6/site-packages/airflow/example_dags/example_nested_branch_dag.py
[2023-02-16 21:19:34,222] {scheduler_job.py:643} INFO - DAG(s) dict_keys(['example_nested_branch_dag']) retrieved from /home/airflow/.local/lib/python3.6/site-packages/airflow/example_dags/example_nested_branch_dag.py
[2023-02-16 21:19:34,241] {logging_mixin.py:104} INFO - [2023-02-16 21:19:34,241] {dag.py:1833} INFO - Sync 1 DAGs
[2023-02-16 21:19:34,257] {logging_mixin.py:104} INFO - [2023-02-16 21:19:34,257] {dag.py:2306} INFO - Setting next_dagrun for example_nested_branch_dag to 2023-02-14 00:00:00+00:00
[2023-02-16 21:19:34,265] {scheduler_job.py:190} INFO - Processing /home/airflow/.local/lib/python3.6/site-packages/airflow/example_dags/example_nested_branch_dag.py took 0.060 seconds
[2023-02-16 21:20:04,642] {scheduler_job.py:182} INFO - Started process (PID=4170) to work on /home/airflow/.local/lib/python3.6/site-packages/airflow/example_dags/example_nested_branch_dag.py
[2023-02-16 21:20:04,643] {scheduler_job.py:633} INFO - Processing file /home/airflow/.local/lib/python3.6/site-packages/airflow/example_dags/example_nested_branch_dag.py for tasks to queue
[2023-02-16 21:20:04,644] {logging_mixin.py:104} INFO - [2023-02-16 21:20:04,644] {dagbag.py:496} INFO - Filling up the DagBag from /home/airflow/.local/lib/python3.6/site-packages/airflow/example_dags/example_nested_branch_dag.py
[2023-02-16 21:20:04,656] {scheduler_job.py:643} INFO - DAG(s) dict_keys(['example_nested_branch_dag']) retrieved from /home/airflow/.local/lib/python3.6/site-packages/airflow/example_dags/example_nested_branch_dag.py
[2023-02-16 21:20:04,675] {logging_mixin.py:104} INFO - [2023-02-16 21:20:04,675] {dag.py:1833} INFO - Sync 1 DAGs
[2023-02-16 21:20:04,690] {logging_mixin.py:104} INFO - [2023-02-16 21:20:04,690] {dag.py:2306} INFO - Setting next_dagrun for example_nested_branch_dag to 2023-02-14 00:00:00+00:00
[2023-02-16 21:20:04,699] {scheduler_job.py:190} INFO - Processing /home/airflow/.local/lib/python3.6/site-packages/airflow/example_dags/example_nested_branch_dag.py took 0.059 seconds
[2023-02-16 21:20:35,144] {scheduler_job.py:182} INFO - Started process (PID=4221) to work on /home/airflow/.local/lib/python3.6/site-packages/airflow/example_dags/example_nested_branch_dag.py
[2023-02-16 21:20:35,145] {scheduler_job.py:633} INFO - Processing file /home/airflow/.local/lib/python3.6/site-packages/airflow/example_dags/example_nested_branch_dag.py for tasks to queue
[2023-02-16 21:20:35,145] {logging_mixin.py:104} INFO - [2023-02-16 21:20:35,145] {dagbag.py:496} INFO - Filling up the DagBag from /home/airflow/.local/lib/python3.6/site-packages/airflow/example_dags/example_nested_branch_dag.py
[2023-02-16 21:20:35,157] {scheduler_job.py:643} INFO - DAG(s) dict_keys(['example_nested_branch_dag']) retrieved from /home/airflow/.local/lib/python3.6/site-packages/airflow/example_dags/example_nested_branch_dag.py
[2023-02-16 21:20:35,173] {logging_mixin.py:104} INFO - [2023-02-16 21:20:35,173] {dag.py:1833} INFO - Sync 1 DAGs
[2023-02-16 21:20:35,193] {logging_mixin.py:104} INFO - [2023-02-16 21:20:35,193] {dag.py:2306} INFO - Setting next_dagrun for example_nested_branch_dag to 2023-02-14 00:00:00+00:00
[2023-02-16 21:20:35,204] {scheduler_job.py:190} INFO - Processing /home/airflow/.local/lib/python3.6/site-packages/airflow/example_dags/example_nested_branch_dag.py took 0.062 seconds
[2023-02-16 21:21:05,742] {scheduler_job.py:182} INFO - Started process (PID=4282) to work on /home/airflow/.local/lib/python3.6/site-packages/airflow/example_dags/example_nested_branch_dag.py
[2023-02-16 21:21:05,746] {scheduler_job.py:633} INFO - Processing file /home/airflow/.local/lib/python3.6/site-packages/airflow/example_dags/example_nested_branch_dag.py for tasks to queue
[2023-02-16 21:21:05,747] {logging_mixin.py:104} INFO - [2023-02-16 21:21:05,747] {dagbag.py:496} INFO - Filling up the DagBag from /home/airflow/.local/lib/python3.6/site-packages/airflow/example_dags/example_nested_branch_dag.py
[2023-02-16 21:21:05,786] {scheduler_job.py:643} INFO - DAG(s) dict_keys(['example_nested_branch_dag']) retrieved from /home/airflow/.local/lib/python3.6/site-packages/airflow/example_dags/example_nested_branch_dag.py
[2023-02-16 21:21:05,841] {logging_mixin.py:104} INFO - [2023-02-16 21:21:05,841] {dag.py:1833} INFO - Sync 1 DAGs
[2023-02-16 21:21:05,883] {logging_mixin.py:104} INFO - [2023-02-16 21:21:05,882] {dag.py:2306} INFO - Setting next_dagrun for example_nested_branch_dag to 2023-02-14 00:00:00+00:00
[2023-02-16 21:21:05,900] {scheduler_job.py:190} INFO - Processing /home/airflow/.local/lib/python3.6/site-packages/airflow/example_dags/example_nested_branch_dag.py took 0.165 seconds
[2023-02-16 21:21:36,837] {scheduler_job.py:182} INFO - Started process (PID=4333) to work on /home/airflow/.local/lib/python3.6/site-packages/airflow/example_dags/example_nested_branch_dag.py
[2023-02-16 21:21:36,837] {scheduler_job.py:633} INFO - Processing file /home/airflow/.local/lib/python3.6/site-packages/airflow/example_dags/example_nested_branch_dag.py for tasks to queue
[2023-02-16 21:21:36,838] {logging_mixin.py:104} INFO - [2023-02-16 21:21:36,838] {dagbag.py:496} INFO - Filling up the DagBag from /home/airflow/.local/lib/python3.6/site-packages/airflow/example_dags/example_nested_branch_dag.py
[2023-02-16 21:21:36,851] {scheduler_job.py:643} INFO - DAG(s) dict_keys(['example_nested_branch_dag']) retrieved from /home/airflow/.local/lib/python3.6/site-packages/airflow/example_dags/example_nested_branch_dag.py
[2023-02-16 21:21:36,876] {logging_mixin.py:104} INFO - [2023-02-16 21:21:36,875] {dag.py:1833} INFO - Sync 1 DAGs
[2023-02-16 21:21:36,895] {logging_mixin.py:104} INFO - [2023-02-16 21:21:36,895] {dag.py:2306} INFO - Setting next_dagrun for example_nested_branch_dag to 2023-02-14 00:00:00+00:00
[2023-02-16 21:21:36,907] {scheduler_job.py:190} INFO - Processing /home/airflow/.local/lib/python3.6/site-packages/airflow/example_dags/example_nested_branch_dag.py took 0.073 seconds
[2023-02-16 21:22:07,651] {scheduler_job.py:182} INFO - Started process (PID=4394) to work on /home/airflow/.local/lib/python3.6/site-packages/airflow/example_dags/example_nested_branch_dag.py
[2023-02-16 21:22:07,652] {scheduler_job.py:633} INFO - Processing file /home/airflow/.local/lib/python3.6/site-packages/airflow/example_dags/example_nested_branch_dag.py for tasks to queue
[2023-02-16 21:22:07,652] {logging_mixin.py:104} INFO - [2023-02-16 21:22:07,652] {dagbag.py:496} INFO - Filling up the DagBag from /home/airflow/.local/lib/python3.6/site-packages/airflow/example_dags/example_nested_branch_dag.py
[2023-02-16 21:22:07,666] {scheduler_job.py:643} INFO - DAG(s) dict_keys(['example_nested_branch_dag']) retrieved from /home/airflow/.local/lib/python3.6/site-packages/airflow/example_dags/example_nested_branch_dag.py
[2023-02-16 21:22:07,689] {logging_mixin.py:104} INFO - [2023-02-16 21:22:07,689] {dag.py:1833} INFO - Sync 1 DAGs
[2023-02-16 21:22:07,717] {logging_mixin.py:104} INFO - [2023-02-16 21:22:07,717] {dag.py:2306} INFO - Setting next_dagrun for example_nested_branch_dag to 2023-02-14 00:00:00+00:00
[2023-02-16 21:22:07,728] {scheduler_job.py:190} INFO - Processing /home/airflow/.local/lib/python3.6/site-packages/airflow/example_dags/example_nested_branch_dag.py took 0.079 seconds
