[2023-02-16 20:47:49,903] {scheduler_job.py:182} INFO - Started process (PID=611) to work on /home/airflow/.local/lib/python3.6/site-packages/airflow/example_dags/tutorial_taskflow_api_etl_virtualenv.py
[2023-02-16 20:47:49,904] {scheduler_job.py:633} INFO - Processing file /home/airflow/.local/lib/python3.6/site-packages/airflow/example_dags/tutorial_taskflow_api_etl_virtualenv.py for tasks to queue
[2023-02-16 20:47:49,905] {logging_mixin.py:104} INFO - [2023-02-16 20:47:49,905] {dagbag.py:496} INFO - Filling up the DagBag from /home/airflow/.local/lib/python3.6/site-packages/airflow/example_dags/tutorial_taskflow_api_etl_virtualenv.py
[2023-02-16 20:47:49,920] {scheduler_job.py:643} INFO - DAG(s) dict_keys(['tutorial_taskflow_api_etl_virtualenv']) retrieved from /home/airflow/.local/lib/python3.6/site-packages/airflow/example_dags/tutorial_taskflow_api_etl_virtualenv.py
[2023-02-16 20:47:52,892] {logging_mixin.py:104} INFO - [2023-02-16 20:47:52,892] {dag.py:1833} INFO - Sync 1 DAGs
[2023-02-16 20:47:52,904] {logging_mixin.py:104} INFO - [2023-02-16 20:47:52,903] {dag.py:1852} INFO - Creating ORM DAG for tutorial_taskflow_api_etl_virtualenv
[2023-02-16 20:47:52,909] {logging_mixin.py:104} INFO - [2023-02-16 20:47:52,909] {dag.py:2306} INFO - Setting next_dagrun for tutorial_taskflow_api_etl_virtualenv to None
[2023-02-16 20:47:52,920] {scheduler_job.py:190} INFO - Processing /home/airflow/.local/lib/python3.6/site-packages/airflow/example_dags/tutorial_taskflow_api_etl_virtualenv.py took 3.019 seconds
[2023-02-16 20:48:22,960] {scheduler_job.py:182} INFO - Started process (PID=696) to work on /home/airflow/.local/lib/python3.6/site-packages/airflow/example_dags/tutorial_taskflow_api_etl_virtualenv.py
[2023-02-16 20:48:22,961] {scheduler_job.py:633} INFO - Processing file /home/airflow/.local/lib/python3.6/site-packages/airflow/example_dags/tutorial_taskflow_api_etl_virtualenv.py for tasks to queue
[2023-02-16 20:48:22,962] {logging_mixin.py:104} INFO - [2023-02-16 20:48:22,962] {dagbag.py:496} INFO - Filling up the DagBag from /home/airflow/.local/lib/python3.6/site-packages/airflow/example_dags/tutorial_taskflow_api_etl_virtualenv.py
[2023-02-16 20:48:22,976] {scheduler_job.py:643} INFO - DAG(s) dict_keys(['tutorial_taskflow_api_etl_virtualenv']) retrieved from /home/airflow/.local/lib/python3.6/site-packages/airflow/example_dags/tutorial_taskflow_api_etl_virtualenv.py
[2023-02-16 20:48:23,207] {logging_mixin.py:104} INFO - [2023-02-16 20:48:23,207] {dag.py:1833} INFO - Sync 1 DAGs
[2023-02-16 20:48:23,222] {logging_mixin.py:104} INFO - [2023-02-16 20:48:23,222] {dag.py:2306} INFO - Setting next_dagrun for tutorial_taskflow_api_etl_virtualenv to None
[2023-02-16 20:48:23,233] {scheduler_job.py:190} INFO - Processing /home/airflow/.local/lib/python3.6/site-packages/airflow/example_dags/tutorial_taskflow_api_etl_virtualenv.py took 0.275 seconds
[2023-02-16 20:48:53,308] {scheduler_job.py:182} INFO - Started process (PID=758) to work on /home/airflow/.local/lib/python3.6/site-packages/airflow/example_dags/tutorial_taskflow_api_etl_virtualenv.py
[2023-02-16 20:48:53,309] {scheduler_job.py:633} INFO - Processing file /home/airflow/.local/lib/python3.6/site-packages/airflow/example_dags/tutorial_taskflow_api_etl_virtualenv.py for tasks to queue
[2023-02-16 20:48:53,310] {logging_mixin.py:104} INFO - [2023-02-16 20:48:53,310] {dagbag.py:496} INFO - Filling up the DagBag from /home/airflow/.local/lib/python3.6/site-packages/airflow/example_dags/tutorial_taskflow_api_etl_virtualenv.py
[2023-02-16 20:48:53,326] {scheduler_job.py:643} INFO - DAG(s) dict_keys(['tutorial_taskflow_api_etl_virtualenv']) retrieved from /home/airflow/.local/lib/python3.6/site-packages/airflow/example_dags/tutorial_taskflow_api_etl_virtualenv.py
[2023-02-16 20:48:53,514] {logging_mixin.py:104} INFO - [2023-02-16 20:48:53,514] {dag.py:1833} INFO - Sync 1 DAGs
[2023-02-16 20:48:53,525] {logging_mixin.py:104} INFO - [2023-02-16 20:48:53,525] {dag.py:2306} INFO - Setting next_dagrun for tutorial_taskflow_api_etl_virtualenv to None
[2023-02-16 20:48:53,535] {scheduler_job.py:190} INFO - Processing /home/airflow/.local/lib/python3.6/site-packages/airflow/example_dags/tutorial_taskflow_api_etl_virtualenv.py took 0.230 seconds
[2023-02-16 20:49:24,516] {scheduler_job.py:182} INFO - Started process (PID=814) to work on /home/airflow/.local/lib/python3.6/site-packages/airflow/example_dags/tutorial_taskflow_api_etl_virtualenv.py
[2023-02-16 20:49:24,517] {scheduler_job.py:633} INFO - Processing file /home/airflow/.local/lib/python3.6/site-packages/airflow/example_dags/tutorial_taskflow_api_etl_virtualenv.py for tasks to queue
[2023-02-16 20:49:24,517] {logging_mixin.py:104} INFO - [2023-02-16 20:49:24,517] {dagbag.py:496} INFO - Filling up the DagBag from /home/airflow/.local/lib/python3.6/site-packages/airflow/example_dags/tutorial_taskflow_api_etl_virtualenv.py
[2023-02-16 20:49:24,532] {scheduler_job.py:643} INFO - DAG(s) dict_keys(['tutorial_taskflow_api_etl_virtualenv']) retrieved from /home/airflow/.local/lib/python3.6/site-packages/airflow/example_dags/tutorial_taskflow_api_etl_virtualenv.py
[2023-02-16 20:49:24,722] {logging_mixin.py:104} INFO - [2023-02-16 20:49:24,721] {dag.py:1833} INFO - Sync 1 DAGs
[2023-02-16 20:49:24,734] {logging_mixin.py:104} INFO - [2023-02-16 20:49:24,734] {dag.py:2306} INFO - Setting next_dagrun for tutorial_taskflow_api_etl_virtualenv to None
[2023-02-16 20:49:24,744] {scheduler_job.py:190} INFO - Processing /home/airflow/.local/lib/python3.6/site-packages/airflow/example_dags/tutorial_taskflow_api_etl_virtualenv.py took 0.231 seconds
[2023-02-16 20:49:54,826] {scheduler_job.py:182} INFO - Started process (PID=875) to work on /home/airflow/.local/lib/python3.6/site-packages/airflow/example_dags/tutorial_taskflow_api_etl_virtualenv.py
[2023-02-16 20:49:54,826] {scheduler_job.py:633} INFO - Processing file /home/airflow/.local/lib/python3.6/site-packages/airflow/example_dags/tutorial_taskflow_api_etl_virtualenv.py for tasks to queue
[2023-02-16 20:49:54,827] {logging_mixin.py:104} INFO - [2023-02-16 20:49:54,827] {dagbag.py:496} INFO - Filling up the DagBag from /home/airflow/.local/lib/python3.6/site-packages/airflow/example_dags/tutorial_taskflow_api_etl_virtualenv.py
[2023-02-16 20:49:54,842] {scheduler_job.py:643} INFO - DAG(s) dict_keys(['tutorial_taskflow_api_etl_virtualenv']) retrieved from /home/airflow/.local/lib/python3.6/site-packages/airflow/example_dags/tutorial_taskflow_api_etl_virtualenv.py
[2023-02-16 20:49:55,066] {logging_mixin.py:104} INFO - [2023-02-16 20:49:55,066] {dag.py:1833} INFO - Sync 1 DAGs
[2023-02-16 20:49:55,079] {logging_mixin.py:104} INFO - [2023-02-16 20:49:55,079] {dag.py:2306} INFO - Setting next_dagrun for tutorial_taskflow_api_etl_virtualenv to None
[2023-02-16 20:49:55,089] {scheduler_job.py:190} INFO - Processing /home/airflow/.local/lib/python3.6/site-packages/airflow/example_dags/tutorial_taskflow_api_etl_virtualenv.py took 0.266 seconds
[2023-02-16 20:50:25,571] {scheduler_job.py:182} INFO - Started process (PID=926) to work on /home/airflow/.local/lib/python3.6/site-packages/airflow/example_dags/tutorial_taskflow_api_etl_virtualenv.py
[2023-02-16 20:50:25,573] {scheduler_job.py:633} INFO - Processing file /home/airflow/.local/lib/python3.6/site-packages/airflow/example_dags/tutorial_taskflow_api_etl_virtualenv.py for tasks to queue
[2023-02-16 20:50:25,574] {logging_mixin.py:104} INFO - [2023-02-16 20:50:25,574] {dagbag.py:496} INFO - Filling up the DagBag from /home/airflow/.local/lib/python3.6/site-packages/airflow/example_dags/tutorial_taskflow_api_etl_virtualenv.py
[2023-02-16 20:50:25,597] {scheduler_job.py:643} INFO - DAG(s) dict_keys(['tutorial_taskflow_api_etl_virtualenv']) retrieved from /home/airflow/.local/lib/python3.6/site-packages/airflow/example_dags/tutorial_taskflow_api_etl_virtualenv.py
[2023-02-16 20:50:25,883] {logging_mixin.py:104} INFO - [2023-02-16 20:50:25,883] {dag.py:1833} INFO - Sync 1 DAGs
[2023-02-16 20:50:25,896] {logging_mixin.py:104} INFO - [2023-02-16 20:50:25,896] {dag.py:2306} INFO - Setting next_dagrun for tutorial_taskflow_api_etl_virtualenv to None
[2023-02-16 20:50:25,905] {scheduler_job.py:190} INFO - Processing /home/airflow/.local/lib/python3.6/site-packages/airflow/example_dags/tutorial_taskflow_api_etl_virtualenv.py took 0.337 seconds
[2023-02-16 20:50:56,643] {scheduler_job.py:182} INFO - Started process (PID=988) to work on /home/airflow/.local/lib/python3.6/site-packages/airflow/example_dags/tutorial_taskflow_api_etl_virtualenv.py
[2023-02-16 20:50:56,644] {scheduler_job.py:633} INFO - Processing file /home/airflow/.local/lib/python3.6/site-packages/airflow/example_dags/tutorial_taskflow_api_etl_virtualenv.py for tasks to queue
[2023-02-16 20:50:56,644] {logging_mixin.py:104} INFO - [2023-02-16 20:50:56,644] {dagbag.py:496} INFO - Filling up the DagBag from /home/airflow/.local/lib/python3.6/site-packages/airflow/example_dags/tutorial_taskflow_api_etl_virtualenv.py
[2023-02-16 20:50:56,660] {scheduler_job.py:643} INFO - DAG(s) dict_keys(['tutorial_taskflow_api_etl_virtualenv']) retrieved from /home/airflow/.local/lib/python3.6/site-packages/airflow/example_dags/tutorial_taskflow_api_etl_virtualenv.py
[2023-02-16 20:50:56,844] {logging_mixin.py:104} INFO - [2023-02-16 20:50:56,844] {dag.py:1833} INFO - Sync 1 DAGs
[2023-02-16 20:50:56,855] {logging_mixin.py:104} INFO - [2023-02-16 20:50:56,855] {dag.py:2306} INFO - Setting next_dagrun for tutorial_taskflow_api_etl_virtualenv to None
[2023-02-16 20:50:56,864] {scheduler_job.py:190} INFO - Processing /home/airflow/.local/lib/python3.6/site-packages/airflow/example_dags/tutorial_taskflow_api_etl_virtualenv.py took 0.224 seconds
[2023-02-16 20:51:27,059] {scheduler_job.py:182} INFO - Started process (PID=1039) to work on /home/airflow/.local/lib/python3.6/site-packages/airflow/example_dags/tutorial_taskflow_api_etl_virtualenv.py
[2023-02-16 20:51:27,060] {scheduler_job.py:633} INFO - Processing file /home/airflow/.local/lib/python3.6/site-packages/airflow/example_dags/tutorial_taskflow_api_etl_virtualenv.py for tasks to queue
[2023-02-16 20:51:27,060] {logging_mixin.py:104} INFO - [2023-02-16 20:51:27,060] {dagbag.py:496} INFO - Filling up the DagBag from /home/airflow/.local/lib/python3.6/site-packages/airflow/example_dags/tutorial_taskflow_api_etl_virtualenv.py
[2023-02-16 20:51:27,075] {scheduler_job.py:643} INFO - DAG(s) dict_keys(['tutorial_taskflow_api_etl_virtualenv']) retrieved from /home/airflow/.local/lib/python3.6/site-packages/airflow/example_dags/tutorial_taskflow_api_etl_virtualenv.py
[2023-02-16 20:51:27,268] {logging_mixin.py:104} INFO - [2023-02-16 20:51:27,268] {dag.py:1833} INFO - Sync 1 DAGs
[2023-02-16 20:51:27,281] {logging_mixin.py:104} INFO - [2023-02-16 20:51:27,281] {dag.py:2306} INFO - Setting next_dagrun for tutorial_taskflow_api_etl_virtualenv to None
[2023-02-16 20:51:27,292] {scheduler_job.py:190} INFO - Processing /home/airflow/.local/lib/python3.6/site-packages/airflow/example_dags/tutorial_taskflow_api_etl_virtualenv.py took 0.236 seconds
[2023-02-16 20:51:57,707] {scheduler_job.py:182} INFO - Started process (PID=1100) to work on /home/airflow/.local/lib/python3.6/site-packages/airflow/example_dags/tutorial_taskflow_api_etl_virtualenv.py
[2023-02-16 20:51:57,708] {scheduler_job.py:633} INFO - Processing file /home/airflow/.local/lib/python3.6/site-packages/airflow/example_dags/tutorial_taskflow_api_etl_virtualenv.py for tasks to queue
[2023-02-16 20:51:57,709] {logging_mixin.py:104} INFO - [2023-02-16 20:51:57,709] {dagbag.py:496} INFO - Filling up the DagBag from /home/airflow/.local/lib/python3.6/site-packages/airflow/example_dags/tutorial_taskflow_api_etl_virtualenv.py
[2023-02-16 20:51:57,726] {scheduler_job.py:643} INFO - DAG(s) dict_keys(['tutorial_taskflow_api_etl_virtualenv']) retrieved from /home/airflow/.local/lib/python3.6/site-packages/airflow/example_dags/tutorial_taskflow_api_etl_virtualenv.py
[2023-02-16 20:51:57,969] {logging_mixin.py:104} INFO - [2023-02-16 20:51:57,969] {dag.py:1833} INFO - Sync 1 DAGs
[2023-02-16 20:51:57,986] {logging_mixin.py:104} INFO - [2023-02-16 20:51:57,986] {dag.py:2306} INFO - Setting next_dagrun for tutorial_taskflow_api_etl_virtualenv to None
[2023-02-16 20:51:57,998] {scheduler_job.py:190} INFO - Processing /home/airflow/.local/lib/python3.6/site-packages/airflow/example_dags/tutorial_taskflow_api_etl_virtualenv.py took 0.294 seconds
[2023-02-16 20:52:28,370] {scheduler_job.py:182} INFO - Started process (PID=1151) to work on /home/airflow/.local/lib/python3.6/site-packages/airflow/example_dags/tutorial_taskflow_api_etl_virtualenv.py
[2023-02-16 20:52:28,371] {scheduler_job.py:633} INFO - Processing file /home/airflow/.local/lib/python3.6/site-packages/airflow/example_dags/tutorial_taskflow_api_etl_virtualenv.py for tasks to queue
[2023-02-16 20:52:28,371] {logging_mixin.py:104} INFO - [2023-02-16 20:52:28,371] {dagbag.py:496} INFO - Filling up the DagBag from /home/airflow/.local/lib/python3.6/site-packages/airflow/example_dags/tutorial_taskflow_api_etl_virtualenv.py
[2023-02-16 20:52:28,389] {scheduler_job.py:643} INFO - DAG(s) dict_keys(['tutorial_taskflow_api_etl_virtualenv']) retrieved from /home/airflow/.local/lib/python3.6/site-packages/airflow/example_dags/tutorial_taskflow_api_etl_virtualenv.py
[2023-02-16 20:52:28,418] {logging_mixin.py:104} INFO - [2023-02-16 20:52:28,418] {dag.py:1833} INFO - Sync 1 DAGs
[2023-02-16 20:52:28,440] {logging_mixin.py:104} INFO - [2023-02-16 20:52:28,440] {dag.py:2306} INFO - Setting next_dagrun for tutorial_taskflow_api_etl_virtualenv to None
[2023-02-16 20:52:28,457] {scheduler_job.py:190} INFO - Processing /home/airflow/.local/lib/python3.6/site-packages/airflow/example_dags/tutorial_taskflow_api_etl_virtualenv.py took 0.090 seconds
[2023-02-16 20:52:59,299] {scheduler_job.py:182} INFO - Started process (PID=1212) to work on /home/airflow/.local/lib/python3.6/site-packages/airflow/example_dags/tutorial_taskflow_api_etl_virtualenv.py
[2023-02-16 20:52:59,300] {scheduler_job.py:633} INFO - Processing file /home/airflow/.local/lib/python3.6/site-packages/airflow/example_dags/tutorial_taskflow_api_etl_virtualenv.py for tasks to queue
[2023-02-16 20:52:59,301] {logging_mixin.py:104} INFO - [2023-02-16 20:52:59,301] {dagbag.py:496} INFO - Filling up the DagBag from /home/airflow/.local/lib/python3.6/site-packages/airflow/example_dags/tutorial_taskflow_api_etl_virtualenv.py
[2023-02-16 20:52:59,396] {scheduler_job.py:643} INFO - DAG(s) dict_keys(['tutorial_taskflow_api_etl_virtualenv']) retrieved from /home/airflow/.local/lib/python3.6/site-packages/airflow/example_dags/tutorial_taskflow_api_etl_virtualenv.py
[2023-02-16 20:52:59,583] {logging_mixin.py:104} INFO - [2023-02-16 20:52:59,583] {dag.py:1833} INFO - Sync 1 DAGs
[2023-02-16 20:52:59,687] {logging_mixin.py:104} INFO - [2023-02-16 20:52:59,686] {dag.py:2306} INFO - Setting next_dagrun for tutorial_taskflow_api_etl_virtualenv to None
[2023-02-16 20:52:59,698] {scheduler_job.py:190} INFO - Processing /home/airflow/.local/lib/python3.6/site-packages/airflow/example_dags/tutorial_taskflow_api_etl_virtualenv.py took 0.402 seconds
[2023-02-16 20:53:30,605] {scheduler_job.py:182} INFO - Started process (PID=1253) to work on /home/airflow/.local/lib/python3.6/site-packages/airflow/example_dags/tutorial_taskflow_api_etl_virtualenv.py
[2023-02-16 20:53:30,607] {scheduler_job.py:633} INFO - Processing file /home/airflow/.local/lib/python3.6/site-packages/airflow/example_dags/tutorial_taskflow_api_etl_virtualenv.py for tasks to queue
[2023-02-16 20:53:30,607] {logging_mixin.py:104} INFO - [2023-02-16 20:53:30,607] {dagbag.py:496} INFO - Filling up the DagBag from /home/airflow/.local/lib/python3.6/site-packages/airflow/example_dags/tutorial_taskflow_api_etl_virtualenv.py
[2023-02-16 20:53:30,697] {scheduler_job.py:643} INFO - DAG(s) dict_keys(['tutorial_taskflow_api_etl_virtualenv']) retrieved from /home/airflow/.local/lib/python3.6/site-packages/airflow/example_dags/tutorial_taskflow_api_etl_virtualenv.py
[2023-02-16 20:53:32,191] {logging_mixin.py:104} INFO - [2023-02-16 20:53:32,191] {dag.py:1833} INFO - Sync 1 DAGs
[2023-02-16 20:53:32,293] {logging_mixin.py:104} INFO - [2023-02-16 20:53:32,293] {dag.py:2306} INFO - Setting next_dagrun for tutorial_taskflow_api_etl_virtualenv to None
[2023-02-16 20:53:32,386] {scheduler_job.py:190} INFO - Processing /home/airflow/.local/lib/python3.6/site-packages/airflow/example_dags/tutorial_taskflow_api_etl_virtualenv.py took 1.784 seconds
[2023-02-16 20:54:03,313] {scheduler_job.py:182} INFO - Started process (PID=1311) to work on /home/airflow/.local/lib/python3.6/site-packages/airflow/example_dags/tutorial_taskflow_api_etl_virtualenv.py
[2023-02-16 20:54:03,313] {scheduler_job.py:633} INFO - Processing file /home/airflow/.local/lib/python3.6/site-packages/airflow/example_dags/tutorial_taskflow_api_etl_virtualenv.py for tasks to queue
[2023-02-16 20:54:03,314] {logging_mixin.py:104} INFO - [2023-02-16 20:54:03,314] {dagbag.py:496} INFO - Filling up the DagBag from /home/airflow/.local/lib/python3.6/site-packages/airflow/example_dags/tutorial_taskflow_api_etl_virtualenv.py
[2023-02-16 20:54:03,327] {scheduler_job.py:643} INFO - DAG(s) dict_keys(['tutorial_taskflow_api_etl_virtualenv']) retrieved from /home/airflow/.local/lib/python3.6/site-packages/airflow/example_dags/tutorial_taskflow_api_etl_virtualenv.py
[2023-02-16 20:54:03,347] {logging_mixin.py:104} INFO - [2023-02-16 20:54:03,347] {dag.py:1833} INFO - Sync 1 DAGs
[2023-02-16 20:54:03,386] {logging_mixin.py:104} INFO - [2023-02-16 20:54:03,386] {dag.py:2306} INFO - Setting next_dagrun for tutorial_taskflow_api_etl_virtualenv to None
[2023-02-16 20:54:03,396] {scheduler_job.py:190} INFO - Processing /home/airflow/.local/lib/python3.6/site-packages/airflow/example_dags/tutorial_taskflow_api_etl_virtualenv.py took 0.085 seconds
[2023-02-16 20:54:33,996] {scheduler_job.py:182} INFO - Started process (PID=1365) to work on /home/airflow/.local/lib/python3.6/site-packages/airflow/example_dags/tutorial_taskflow_api_etl_virtualenv.py
[2023-02-16 20:54:33,997] {scheduler_job.py:633} INFO - Processing file /home/airflow/.local/lib/python3.6/site-packages/airflow/example_dags/tutorial_taskflow_api_etl_virtualenv.py for tasks to queue
[2023-02-16 20:54:33,997] {logging_mixin.py:104} INFO - [2023-02-16 20:54:33,997] {dagbag.py:496} INFO - Filling up the DagBag from /home/airflow/.local/lib/python3.6/site-packages/airflow/example_dags/tutorial_taskflow_api_etl_virtualenv.py
[2023-02-16 20:54:34,013] {scheduler_job.py:643} INFO - DAG(s) dict_keys(['tutorial_taskflow_api_etl_virtualenv']) retrieved from /home/airflow/.local/lib/python3.6/site-packages/airflow/example_dags/tutorial_taskflow_api_etl_virtualenv.py
[2023-02-16 20:54:34,052] {logging_mixin.py:104} INFO - [2023-02-16 20:54:34,052] {dag.py:1833} INFO - Sync 1 DAGs
[2023-02-16 20:54:34,090] {logging_mixin.py:104} INFO - [2023-02-16 20:54:34,090] {dag.py:2306} INFO - Setting next_dagrun for tutorial_taskflow_api_etl_virtualenv to None
[2023-02-16 20:54:34,101] {scheduler_job.py:190} INFO - Processing /home/airflow/.local/lib/python3.6/site-packages/airflow/example_dags/tutorial_taskflow_api_etl_virtualenv.py took 0.108 seconds
[2023-02-16 20:55:04,494] {scheduler_job.py:182} INFO - Started process (PID=1423) to work on /home/airflow/.local/lib/python3.6/site-packages/airflow/example_dags/tutorial_taskflow_api_etl_virtualenv.py
[2023-02-16 20:55:04,495] {scheduler_job.py:633} INFO - Processing file /home/airflow/.local/lib/python3.6/site-packages/airflow/example_dags/tutorial_taskflow_api_etl_virtualenv.py for tasks to queue
[2023-02-16 20:55:04,495] {logging_mixin.py:104} INFO - [2023-02-16 20:55:04,495] {dagbag.py:496} INFO - Filling up the DagBag from /home/airflow/.local/lib/python3.6/site-packages/airflow/example_dags/tutorial_taskflow_api_etl_virtualenv.py
[2023-02-16 20:55:04,510] {scheduler_job.py:643} INFO - DAG(s) dict_keys(['tutorial_taskflow_api_etl_virtualenv']) retrieved from /home/airflow/.local/lib/python3.6/site-packages/airflow/example_dags/tutorial_taskflow_api_etl_virtualenv.py
[2023-02-16 20:55:04,705] {logging_mixin.py:104} INFO - [2023-02-16 20:55:04,705] {dag.py:1833} INFO - Sync 1 DAGs
[2023-02-16 20:55:04,725] {logging_mixin.py:104} INFO - [2023-02-16 20:55:04,725] {dag.py:2306} INFO - Setting next_dagrun for tutorial_taskflow_api_etl_virtualenv to None
[2023-02-16 20:55:04,741] {scheduler_job.py:190} INFO - Processing /home/airflow/.local/lib/python3.6/site-packages/airflow/example_dags/tutorial_taskflow_api_etl_virtualenv.py took 0.250 seconds
[2023-02-16 20:55:35,064] {scheduler_job.py:182} INFO - Started process (PID=1478) to work on /home/airflow/.local/lib/python3.6/site-packages/airflow/example_dags/tutorial_taskflow_api_etl_virtualenv.py
[2023-02-16 20:55:35,064] {scheduler_job.py:633} INFO - Processing file /home/airflow/.local/lib/python3.6/site-packages/airflow/example_dags/tutorial_taskflow_api_etl_virtualenv.py for tasks to queue
[2023-02-16 20:55:35,065] {logging_mixin.py:104} INFO - [2023-02-16 20:55:35,065] {dagbag.py:496} INFO - Filling up the DagBag from /home/airflow/.local/lib/python3.6/site-packages/airflow/example_dags/tutorial_taskflow_api_etl_virtualenv.py
[2023-02-16 20:55:35,080] {scheduler_job.py:643} INFO - DAG(s) dict_keys(['tutorial_taskflow_api_etl_virtualenv']) retrieved from /home/airflow/.local/lib/python3.6/site-packages/airflow/example_dags/tutorial_taskflow_api_etl_virtualenv.py
[2023-02-16 20:55:35,103] {logging_mixin.py:104} INFO - [2023-02-16 20:55:35,103] {dag.py:1833} INFO - Sync 1 DAGs
[2023-02-16 20:55:35,120] {logging_mixin.py:104} INFO - [2023-02-16 20:55:35,120] {dag.py:2306} INFO - Setting next_dagrun for tutorial_taskflow_api_etl_virtualenv to None
[2023-02-16 20:55:35,128] {scheduler_job.py:190} INFO - Processing /home/airflow/.local/lib/python3.6/site-packages/airflow/example_dags/tutorial_taskflow_api_etl_virtualenv.py took 0.067 seconds
[2023-02-16 20:56:05,695] {scheduler_job.py:182} INFO - Started process (PID=1529) to work on /home/airflow/.local/lib/python3.6/site-packages/airflow/example_dags/tutorial_taskflow_api_etl_virtualenv.py
[2023-02-16 20:56:05,696] {scheduler_job.py:633} INFO - Processing file /home/airflow/.local/lib/python3.6/site-packages/airflow/example_dags/tutorial_taskflow_api_etl_virtualenv.py for tasks to queue
[2023-02-16 20:56:05,696] {logging_mixin.py:104} INFO - [2023-02-16 20:56:05,696] {dagbag.py:496} INFO - Filling up the DagBag from /home/airflow/.local/lib/python3.6/site-packages/airflow/example_dags/tutorial_taskflow_api_etl_virtualenv.py
[2023-02-16 20:56:05,710] {scheduler_job.py:643} INFO - DAG(s) dict_keys(['tutorial_taskflow_api_etl_virtualenv']) retrieved from /home/airflow/.local/lib/python3.6/site-packages/airflow/example_dags/tutorial_taskflow_api_etl_virtualenv.py
[2023-02-16 20:56:05,932] {logging_mixin.py:104} INFO - [2023-02-16 20:56:05,932] {dag.py:1833} INFO - Sync 1 DAGs
[2023-02-16 20:56:05,948] {logging_mixin.py:104} INFO - [2023-02-16 20:56:05,948] {dag.py:2306} INFO - Setting next_dagrun for tutorial_taskflow_api_etl_virtualenv to None
[2023-02-16 20:56:05,958] {scheduler_job.py:190} INFO - Processing /home/airflow/.local/lib/python3.6/site-packages/airflow/example_dags/tutorial_taskflow_api_etl_virtualenv.py took 0.265 seconds
[2023-02-16 20:56:36,246] {scheduler_job.py:182} INFO - Started process (PID=1590) to work on /home/airflow/.local/lib/python3.6/site-packages/airflow/example_dags/tutorial_taskflow_api_etl_virtualenv.py
[2023-02-16 20:56:36,247] {scheduler_job.py:633} INFO - Processing file /home/airflow/.local/lib/python3.6/site-packages/airflow/example_dags/tutorial_taskflow_api_etl_virtualenv.py for tasks to queue
[2023-02-16 20:56:36,247] {logging_mixin.py:104} INFO - [2023-02-16 20:56:36,247] {dagbag.py:496} INFO - Filling up the DagBag from /home/airflow/.local/lib/python3.6/site-packages/airflow/example_dags/tutorial_taskflow_api_etl_virtualenv.py
[2023-02-16 20:56:36,260] {scheduler_job.py:643} INFO - DAG(s) dict_keys(['tutorial_taskflow_api_etl_virtualenv']) retrieved from /home/airflow/.local/lib/python3.6/site-packages/airflow/example_dags/tutorial_taskflow_api_etl_virtualenv.py
[2023-02-16 20:56:36,451] {logging_mixin.py:104} INFO - [2023-02-16 20:56:36,451] {dag.py:1833} INFO - Sync 1 DAGs
[2023-02-16 20:56:36,463] {logging_mixin.py:104} INFO - [2023-02-16 20:56:36,463] {dag.py:2306} INFO - Setting next_dagrun for tutorial_taskflow_api_etl_virtualenv to None
[2023-02-16 20:56:36,472] {scheduler_job.py:190} INFO - Processing /home/airflow/.local/lib/python3.6/site-packages/airflow/example_dags/tutorial_taskflow_api_etl_virtualenv.py took 0.229 seconds
[2023-02-16 20:57:06,911] {scheduler_job.py:182} INFO - Started process (PID=1641) to work on /home/airflow/.local/lib/python3.6/site-packages/airflow/example_dags/tutorial_taskflow_api_etl_virtualenv.py
[2023-02-16 20:57:06,912] {scheduler_job.py:633} INFO - Processing file /home/airflow/.local/lib/python3.6/site-packages/airflow/example_dags/tutorial_taskflow_api_etl_virtualenv.py for tasks to queue
[2023-02-16 20:57:06,912] {logging_mixin.py:104} INFO - [2023-02-16 20:57:06,912] {dagbag.py:496} INFO - Filling up the DagBag from /home/airflow/.local/lib/python3.6/site-packages/airflow/example_dags/tutorial_taskflow_api_etl_virtualenv.py
[2023-02-16 20:57:06,926] {scheduler_job.py:643} INFO - DAG(s) dict_keys(['tutorial_taskflow_api_etl_virtualenv']) retrieved from /home/airflow/.local/lib/python3.6/site-packages/airflow/example_dags/tutorial_taskflow_api_etl_virtualenv.py
[2023-02-16 20:57:07,134] {logging_mixin.py:104} INFO - [2023-02-16 20:57:07,134] {dag.py:1833} INFO - Sync 1 DAGs
[2023-02-16 20:57:07,149] {logging_mixin.py:104} INFO - [2023-02-16 20:57:07,149] {dag.py:2306} INFO - Setting next_dagrun for tutorial_taskflow_api_etl_virtualenv to None
[2023-02-16 20:57:07,159] {scheduler_job.py:190} INFO - Processing /home/airflow/.local/lib/python3.6/site-packages/airflow/example_dags/tutorial_taskflow_api_etl_virtualenv.py took 0.250 seconds
[2023-02-16 20:57:37,423] {scheduler_job.py:182} INFO - Started process (PID=1702) to work on /home/airflow/.local/lib/python3.6/site-packages/airflow/example_dags/tutorial_taskflow_api_etl_virtualenv.py
[2023-02-16 20:57:37,424] {scheduler_job.py:633} INFO - Processing file /home/airflow/.local/lib/python3.6/site-packages/airflow/example_dags/tutorial_taskflow_api_etl_virtualenv.py for tasks to queue
[2023-02-16 20:57:37,425] {logging_mixin.py:104} INFO - [2023-02-16 20:57:37,424] {dagbag.py:496} INFO - Filling up the DagBag from /home/airflow/.local/lib/python3.6/site-packages/airflow/example_dags/tutorial_taskflow_api_etl_virtualenv.py
[2023-02-16 20:57:37,493] {scheduler_job.py:643} INFO - DAG(s) dict_keys(['tutorial_taskflow_api_etl_virtualenv']) retrieved from /home/airflow/.local/lib/python3.6/site-packages/airflow/example_dags/tutorial_taskflow_api_etl_virtualenv.py
[2023-02-16 20:57:37,780] {logging_mixin.py:104} INFO - [2023-02-16 20:57:37,780] {dag.py:1833} INFO - Sync 1 DAGs
[2023-02-16 20:57:37,797] {logging_mixin.py:104} INFO - [2023-02-16 20:57:37,797] {dag.py:2306} INFO - Setting next_dagrun for tutorial_taskflow_api_etl_virtualenv to None
[2023-02-16 20:57:37,807] {scheduler_job.py:190} INFO - Processing /home/airflow/.local/lib/python3.6/site-packages/airflow/example_dags/tutorial_taskflow_api_etl_virtualenv.py took 0.387 seconds
[2023-02-16 20:58:08,761] {scheduler_job.py:182} INFO - Started process (PID=1754) to work on /home/airflow/.local/lib/python3.6/site-packages/airflow/example_dags/tutorial_taskflow_api_etl_virtualenv.py
[2023-02-16 20:58:08,761] {scheduler_job.py:633} INFO - Processing file /home/airflow/.local/lib/python3.6/site-packages/airflow/example_dags/tutorial_taskflow_api_etl_virtualenv.py for tasks to queue
[2023-02-16 20:58:08,762] {logging_mixin.py:104} INFO - [2023-02-16 20:58:08,762] {dagbag.py:496} INFO - Filling up the DagBag from /home/airflow/.local/lib/python3.6/site-packages/airflow/example_dags/tutorial_taskflow_api_etl_virtualenv.py
[2023-02-16 20:58:08,792] {scheduler_job.py:643} INFO - DAG(s) dict_keys(['tutorial_taskflow_api_etl_virtualenv']) retrieved from /home/airflow/.local/lib/python3.6/site-packages/airflow/example_dags/tutorial_taskflow_api_etl_virtualenv.py
[2023-02-16 20:58:09,031] {logging_mixin.py:104} INFO - [2023-02-16 20:58:09,031] {dag.py:1833} INFO - Sync 1 DAGs
[2023-02-16 20:58:09,044] {logging_mixin.py:104} INFO - [2023-02-16 20:58:09,043] {dag.py:2306} INFO - Setting next_dagrun for tutorial_taskflow_api_etl_virtualenv to None
[2023-02-16 20:58:09,055] {scheduler_job.py:190} INFO - Processing /home/airflow/.local/lib/python3.6/site-packages/airflow/example_dags/tutorial_taskflow_api_etl_virtualenv.py took 0.297 seconds
[2023-02-16 20:58:39,753] {scheduler_job.py:182} INFO - Started process (PID=1815) to work on /home/airflow/.local/lib/python3.6/site-packages/airflow/example_dags/tutorial_taskflow_api_etl_virtualenv.py
[2023-02-16 20:58:39,755] {scheduler_job.py:633} INFO - Processing file /home/airflow/.local/lib/python3.6/site-packages/airflow/example_dags/tutorial_taskflow_api_etl_virtualenv.py for tasks to queue
[2023-02-16 20:58:39,755] {logging_mixin.py:104} INFO - [2023-02-16 20:58:39,755] {dagbag.py:496} INFO - Filling up the DagBag from /home/airflow/.local/lib/python3.6/site-packages/airflow/example_dags/tutorial_taskflow_api_etl_virtualenv.py
[2023-02-16 20:58:39,775] {scheduler_job.py:643} INFO - DAG(s) dict_keys(['tutorial_taskflow_api_etl_virtualenv']) retrieved from /home/airflow/.local/lib/python3.6/site-packages/airflow/example_dags/tutorial_taskflow_api_etl_virtualenv.py
[2023-02-16 20:58:40,006] {logging_mixin.py:104} INFO - [2023-02-16 20:58:40,006] {dag.py:1833} INFO - Sync 1 DAGs
[2023-02-16 20:58:40,024] {logging_mixin.py:104} INFO - [2023-02-16 20:58:40,024] {dag.py:2306} INFO - Setting next_dagrun for tutorial_taskflow_api_etl_virtualenv to None
[2023-02-16 20:58:40,039] {scheduler_job.py:190} INFO - Processing /home/airflow/.local/lib/python3.6/site-packages/airflow/example_dags/tutorial_taskflow_api_etl_virtualenv.py took 0.289 seconds
[2023-02-16 20:59:10,817] {scheduler_job.py:182} INFO - Started process (PID=1866) to work on /home/airflow/.local/lib/python3.6/site-packages/airflow/example_dags/tutorial_taskflow_api_etl_virtualenv.py
[2023-02-16 20:59:10,818] {scheduler_job.py:633} INFO - Processing file /home/airflow/.local/lib/python3.6/site-packages/airflow/example_dags/tutorial_taskflow_api_etl_virtualenv.py for tasks to queue
[2023-02-16 20:59:10,819] {logging_mixin.py:104} INFO - [2023-02-16 20:59:10,819] {dagbag.py:496} INFO - Filling up the DagBag from /home/airflow/.local/lib/python3.6/site-packages/airflow/example_dags/tutorial_taskflow_api_etl_virtualenv.py
[2023-02-16 20:59:10,834] {scheduler_job.py:643} INFO - DAG(s) dict_keys(['tutorial_taskflow_api_etl_virtualenv']) retrieved from /home/airflow/.local/lib/python3.6/site-packages/airflow/example_dags/tutorial_taskflow_api_etl_virtualenv.py
[2023-02-16 20:59:11,016] {logging_mixin.py:104} INFO - [2023-02-16 20:59:11,016] {dag.py:1833} INFO - Sync 1 DAGs
[2023-02-16 20:59:11,028] {logging_mixin.py:104} INFO - [2023-02-16 20:59:11,028] {dag.py:2306} INFO - Setting next_dagrun for tutorial_taskflow_api_etl_virtualenv to None
[2023-02-16 20:59:11,038] {scheduler_job.py:190} INFO - Processing /home/airflow/.local/lib/python3.6/site-packages/airflow/example_dags/tutorial_taskflow_api_etl_virtualenv.py took 0.223 seconds
[2023-02-16 20:59:41,185] {scheduler_job.py:182} INFO - Started process (PID=1928) to work on /home/airflow/.local/lib/python3.6/site-packages/airflow/example_dags/tutorial_taskflow_api_etl_virtualenv.py
[2023-02-16 20:59:41,186] {scheduler_job.py:633} INFO - Processing file /home/airflow/.local/lib/python3.6/site-packages/airflow/example_dags/tutorial_taskflow_api_etl_virtualenv.py for tasks to queue
[2023-02-16 20:59:41,187] {logging_mixin.py:104} INFO - [2023-02-16 20:59:41,187] {dagbag.py:496} INFO - Filling up the DagBag from /home/airflow/.local/lib/python3.6/site-packages/airflow/example_dags/tutorial_taskflow_api_etl_virtualenv.py
[2023-02-16 20:59:41,204] {scheduler_job.py:643} INFO - DAG(s) dict_keys(['tutorial_taskflow_api_etl_virtualenv']) retrieved from /home/airflow/.local/lib/python3.6/site-packages/airflow/example_dags/tutorial_taskflow_api_etl_virtualenv.py
[2023-02-16 20:59:41,390] {logging_mixin.py:104} INFO - [2023-02-16 20:59:41,390] {dag.py:1833} INFO - Sync 1 DAGs
[2023-02-16 20:59:41,401] {logging_mixin.py:104} INFO - [2023-02-16 20:59:41,400] {dag.py:2306} INFO - Setting next_dagrun for tutorial_taskflow_api_etl_virtualenv to None
[2023-02-16 20:59:41,410] {scheduler_job.py:190} INFO - Processing /home/airflow/.local/lib/python3.6/site-packages/airflow/example_dags/tutorial_taskflow_api_etl_virtualenv.py took 0.227 seconds
[2023-02-16 21:00:11,503] {scheduler_job.py:182} INFO - Started process (PID=1979) to work on /home/airflow/.local/lib/python3.6/site-packages/airflow/example_dags/tutorial_taskflow_api_etl_virtualenv.py
[2023-02-16 21:00:11,504] {scheduler_job.py:633} INFO - Processing file /home/airflow/.local/lib/python3.6/site-packages/airflow/example_dags/tutorial_taskflow_api_etl_virtualenv.py for tasks to queue
[2023-02-16 21:00:11,505] {logging_mixin.py:104} INFO - [2023-02-16 21:00:11,505] {dagbag.py:496} INFO - Filling up the DagBag from /home/airflow/.local/lib/python3.6/site-packages/airflow/example_dags/tutorial_taskflow_api_etl_virtualenv.py
[2023-02-16 21:00:11,521] {scheduler_job.py:643} INFO - DAG(s) dict_keys(['tutorial_taskflow_api_etl_virtualenv']) retrieved from /home/airflow/.local/lib/python3.6/site-packages/airflow/example_dags/tutorial_taskflow_api_etl_virtualenv.py
[2023-02-16 21:00:11,712] {logging_mixin.py:104} INFO - [2023-02-16 21:00:11,712] {dag.py:1833} INFO - Sync 1 DAGs
[2023-02-16 21:00:11,724] {logging_mixin.py:104} INFO - [2023-02-16 21:00:11,724] {dag.py:2306} INFO - Setting next_dagrun for tutorial_taskflow_api_etl_virtualenv to None
[2023-02-16 21:00:11,735] {scheduler_job.py:190} INFO - Processing /home/airflow/.local/lib/python3.6/site-packages/airflow/example_dags/tutorial_taskflow_api_etl_virtualenv.py took 0.234 seconds
[2023-02-16 21:00:41,887] {scheduler_job.py:182} INFO - Started process (PID=2040) to work on /home/airflow/.local/lib/python3.6/site-packages/airflow/example_dags/tutorial_taskflow_api_etl_virtualenv.py
[2023-02-16 21:00:41,888] {scheduler_job.py:633} INFO - Processing file /home/airflow/.local/lib/python3.6/site-packages/airflow/example_dags/tutorial_taskflow_api_etl_virtualenv.py for tasks to queue
[2023-02-16 21:00:41,889] {logging_mixin.py:104} INFO - [2023-02-16 21:00:41,889] {dagbag.py:496} INFO - Filling up the DagBag from /home/airflow/.local/lib/python3.6/site-packages/airflow/example_dags/tutorial_taskflow_api_etl_virtualenv.py
[2023-02-16 21:00:41,906] {scheduler_job.py:643} INFO - DAG(s) dict_keys(['tutorial_taskflow_api_etl_virtualenv']) retrieved from /home/airflow/.local/lib/python3.6/site-packages/airflow/example_dags/tutorial_taskflow_api_etl_virtualenv.py
[2023-02-16 21:00:42,094] {logging_mixin.py:104} INFO - [2023-02-16 21:00:42,094] {dag.py:1833} INFO - Sync 1 DAGs
[2023-02-16 21:00:42,108] {logging_mixin.py:104} INFO - [2023-02-16 21:00:42,108] {dag.py:2306} INFO - Setting next_dagrun for tutorial_taskflow_api_etl_virtualenv to None
[2023-02-16 21:00:42,120] {scheduler_job.py:190} INFO - Processing /home/airflow/.local/lib/python3.6/site-packages/airflow/example_dags/tutorial_taskflow_api_etl_virtualenv.py took 0.235 seconds
[2023-02-16 21:01:12,494] {scheduler_job.py:182} INFO - Started process (PID=2091) to work on /home/airflow/.local/lib/python3.6/site-packages/airflow/example_dags/tutorial_taskflow_api_etl_virtualenv.py
[2023-02-16 21:01:12,494] {scheduler_job.py:633} INFO - Processing file /home/airflow/.local/lib/python3.6/site-packages/airflow/example_dags/tutorial_taskflow_api_etl_virtualenv.py for tasks to queue
[2023-02-16 21:01:12,495] {logging_mixin.py:104} INFO - [2023-02-16 21:01:12,495] {dagbag.py:496} INFO - Filling up the DagBag from /home/airflow/.local/lib/python3.6/site-packages/airflow/example_dags/tutorial_taskflow_api_etl_virtualenv.py
[2023-02-16 21:01:12,513] {scheduler_job.py:643} INFO - DAG(s) dict_keys(['tutorial_taskflow_api_etl_virtualenv']) retrieved from /home/airflow/.local/lib/python3.6/site-packages/airflow/example_dags/tutorial_taskflow_api_etl_virtualenv.py
[2023-02-16 21:01:12,756] {logging_mixin.py:104} INFO - [2023-02-16 21:01:12,756] {dag.py:1833} INFO - Sync 1 DAGs
[2023-02-16 21:01:12,771] {logging_mixin.py:104} INFO - [2023-02-16 21:01:12,771] {dag.py:2306} INFO - Setting next_dagrun for tutorial_taskflow_api_etl_virtualenv to None
[2023-02-16 21:01:12,783] {scheduler_job.py:190} INFO - Processing /home/airflow/.local/lib/python3.6/site-packages/airflow/example_dags/tutorial_taskflow_api_etl_virtualenv.py took 0.292 seconds
[2023-02-16 21:01:42,964] {scheduler_job.py:182} INFO - Started process (PID=2152) to work on /home/airflow/.local/lib/python3.6/site-packages/airflow/example_dags/tutorial_taskflow_api_etl_virtualenv.py
[2023-02-16 21:01:42,965] {scheduler_job.py:633} INFO - Processing file /home/airflow/.local/lib/python3.6/site-packages/airflow/example_dags/tutorial_taskflow_api_etl_virtualenv.py for tasks to queue
[2023-02-16 21:01:42,965] {logging_mixin.py:104} INFO - [2023-02-16 21:01:42,965] {dagbag.py:496} INFO - Filling up the DagBag from /home/airflow/.local/lib/python3.6/site-packages/airflow/example_dags/tutorial_taskflow_api_etl_virtualenv.py
[2023-02-16 21:01:42,981] {scheduler_job.py:643} INFO - DAG(s) dict_keys(['tutorial_taskflow_api_etl_virtualenv']) retrieved from /home/airflow/.local/lib/python3.6/site-packages/airflow/example_dags/tutorial_taskflow_api_etl_virtualenv.py
[2023-02-16 21:01:43,198] {logging_mixin.py:104} INFO - [2023-02-16 21:01:43,198] {dag.py:1833} INFO - Sync 1 DAGs
[2023-02-16 21:01:43,212] {logging_mixin.py:104} INFO - [2023-02-16 21:01:43,212] {dag.py:2306} INFO - Setting next_dagrun for tutorial_taskflow_api_etl_virtualenv to None
[2023-02-16 21:01:43,222] {scheduler_job.py:190} INFO - Processing /home/airflow/.local/lib/python3.6/site-packages/airflow/example_dags/tutorial_taskflow_api_etl_virtualenv.py took 0.261 seconds
[2023-02-16 21:02:13,290] {scheduler_job.py:182} INFO - Started process (PID=2204) to work on /home/airflow/.local/lib/python3.6/site-packages/airflow/example_dags/tutorial_taskflow_api_etl_virtualenv.py
[2023-02-16 21:02:13,291] {scheduler_job.py:633} INFO - Processing file /home/airflow/.local/lib/python3.6/site-packages/airflow/example_dags/tutorial_taskflow_api_etl_virtualenv.py for tasks to queue
[2023-02-16 21:02:13,291] {logging_mixin.py:104} INFO - [2023-02-16 21:02:13,291] {dagbag.py:496} INFO - Filling up the DagBag from /home/airflow/.local/lib/python3.6/site-packages/airflow/example_dags/tutorial_taskflow_api_etl_virtualenv.py
[2023-02-16 21:02:13,306] {scheduler_job.py:643} INFO - DAG(s) dict_keys(['tutorial_taskflow_api_etl_virtualenv']) retrieved from /home/airflow/.local/lib/python3.6/site-packages/airflow/example_dags/tutorial_taskflow_api_etl_virtualenv.py
[2023-02-16 21:02:13,486] {logging_mixin.py:104} INFO - [2023-02-16 21:02:13,486] {dag.py:1833} INFO - Sync 1 DAGs
[2023-02-16 21:02:13,497] {logging_mixin.py:104} INFO - [2023-02-16 21:02:13,497] {dag.py:2306} INFO - Setting next_dagrun for tutorial_taskflow_api_etl_virtualenv to None
[2023-02-16 21:02:13,506] {scheduler_job.py:190} INFO - Processing /home/airflow/.local/lib/python3.6/site-packages/airflow/example_dags/tutorial_taskflow_api_etl_virtualenv.py took 0.219 seconds
[2023-02-16 21:02:43,994] {scheduler_job.py:182} INFO - Started process (PID=2265) to work on /home/airflow/.local/lib/python3.6/site-packages/airflow/example_dags/tutorial_taskflow_api_etl_virtualenv.py
[2023-02-16 21:02:43,995] {scheduler_job.py:633} INFO - Processing file /home/airflow/.local/lib/python3.6/site-packages/airflow/example_dags/tutorial_taskflow_api_etl_virtualenv.py for tasks to queue
[2023-02-16 21:02:43,995] {logging_mixin.py:104} INFO - [2023-02-16 21:02:43,995] {dagbag.py:496} INFO - Filling up the DagBag from /home/airflow/.local/lib/python3.6/site-packages/airflow/example_dags/tutorial_taskflow_api_etl_virtualenv.py
[2023-02-16 21:02:44,012] {scheduler_job.py:643} INFO - DAG(s) dict_keys(['tutorial_taskflow_api_etl_virtualenv']) retrieved from /home/airflow/.local/lib/python3.6/site-packages/airflow/example_dags/tutorial_taskflow_api_etl_virtualenv.py
[2023-02-16 21:02:44,230] {logging_mixin.py:104} INFO - [2023-02-16 21:02:44,230] {dag.py:1833} INFO - Sync 1 DAGs
[2023-02-16 21:02:44,245] {logging_mixin.py:104} INFO - [2023-02-16 21:02:44,245] {dag.py:2306} INFO - Setting next_dagrun for tutorial_taskflow_api_etl_virtualenv to None
[2023-02-16 21:02:44,257] {scheduler_job.py:190} INFO - Processing /home/airflow/.local/lib/python3.6/site-packages/airflow/example_dags/tutorial_taskflow_api_etl_virtualenv.py took 0.266 seconds
[2023-02-16 21:03:14,437] {scheduler_job.py:182} INFO - Started process (PID=2316) to work on /home/airflow/.local/lib/python3.6/site-packages/airflow/example_dags/tutorial_taskflow_api_etl_virtualenv.py
[2023-02-16 21:03:14,440] {scheduler_job.py:633} INFO - Processing file /home/airflow/.local/lib/python3.6/site-packages/airflow/example_dags/tutorial_taskflow_api_etl_virtualenv.py for tasks to queue
[2023-02-16 21:03:14,440] {logging_mixin.py:104} INFO - [2023-02-16 21:03:14,440] {dagbag.py:496} INFO - Filling up the DagBag from /home/airflow/.local/lib/python3.6/site-packages/airflow/example_dags/tutorial_taskflow_api_etl_virtualenv.py
[2023-02-16 21:03:14,453] {scheduler_job.py:643} INFO - DAG(s) dict_keys(['tutorial_taskflow_api_etl_virtualenv']) retrieved from /home/airflow/.local/lib/python3.6/site-packages/airflow/example_dags/tutorial_taskflow_api_etl_virtualenv.py
[2023-02-16 21:03:14,661] {logging_mixin.py:104} INFO - [2023-02-16 21:03:14,661] {dag.py:1833} INFO - Sync 1 DAGs
[2023-02-16 21:03:14,674] {logging_mixin.py:104} INFO - [2023-02-16 21:03:14,674] {dag.py:2306} INFO - Setting next_dagrun for tutorial_taskflow_api_etl_virtualenv to None
[2023-02-16 21:03:14,683] {scheduler_job.py:190} INFO - Processing /home/airflow/.local/lib/python3.6/site-packages/airflow/example_dags/tutorial_taskflow_api_etl_virtualenv.py took 0.249 seconds
[2023-02-16 21:03:44,835] {scheduler_job.py:182} INFO - Started process (PID=2376) to work on /home/airflow/.local/lib/python3.6/site-packages/airflow/example_dags/tutorial_taskflow_api_etl_virtualenv.py
[2023-02-16 21:03:44,836] {scheduler_job.py:633} INFO - Processing file /home/airflow/.local/lib/python3.6/site-packages/airflow/example_dags/tutorial_taskflow_api_etl_virtualenv.py for tasks to queue
[2023-02-16 21:03:44,836] {logging_mixin.py:104} INFO - [2023-02-16 21:03:44,836] {dagbag.py:496} INFO - Filling up the DagBag from /home/airflow/.local/lib/python3.6/site-packages/airflow/example_dags/tutorial_taskflow_api_etl_virtualenv.py
[2023-02-16 21:03:44,851] {scheduler_job.py:643} INFO - DAG(s) dict_keys(['tutorial_taskflow_api_etl_virtualenv']) retrieved from /home/airflow/.local/lib/python3.6/site-packages/airflow/example_dags/tutorial_taskflow_api_etl_virtualenv.py
[2023-02-16 21:03:45,055] {logging_mixin.py:104} INFO - [2023-02-16 21:03:45,055] {dag.py:1833} INFO - Sync 1 DAGs
[2023-02-16 21:03:45,069] {logging_mixin.py:104} INFO - [2023-02-16 21:03:45,069] {dag.py:2306} INFO - Setting next_dagrun for tutorial_taskflow_api_etl_virtualenv to None
[2023-02-16 21:03:45,078] {scheduler_job.py:190} INFO - Processing /home/airflow/.local/lib/python3.6/site-packages/airflow/example_dags/tutorial_taskflow_api_etl_virtualenv.py took 0.246 seconds
[2023-02-16 21:04:15,495] {scheduler_job.py:182} INFO - Started process (PID=2428) to work on /home/airflow/.local/lib/python3.6/site-packages/airflow/example_dags/tutorial_taskflow_api_etl_virtualenv.py
[2023-02-16 21:04:15,496] {scheduler_job.py:633} INFO - Processing file /home/airflow/.local/lib/python3.6/site-packages/airflow/example_dags/tutorial_taskflow_api_etl_virtualenv.py for tasks to queue
[2023-02-16 21:04:15,496] {logging_mixin.py:104} INFO - [2023-02-16 21:04:15,496] {dagbag.py:496} INFO - Filling up the DagBag from /home/airflow/.local/lib/python3.6/site-packages/airflow/example_dags/tutorial_taskflow_api_etl_virtualenv.py
[2023-02-16 21:04:15,513] {scheduler_job.py:643} INFO - DAG(s) dict_keys(['tutorial_taskflow_api_etl_virtualenv']) retrieved from /home/airflow/.local/lib/python3.6/site-packages/airflow/example_dags/tutorial_taskflow_api_etl_virtualenv.py
[2023-02-16 21:04:15,843] {logging_mixin.py:104} INFO - [2023-02-16 21:04:15,843] {dag.py:1833} INFO - Sync 1 DAGs
[2023-02-16 21:04:15,855] {logging_mixin.py:104} INFO - [2023-02-16 21:04:15,855] {dag.py:2306} INFO - Setting next_dagrun for tutorial_taskflow_api_etl_virtualenv to None
[2023-02-16 21:04:15,865] {scheduler_job.py:190} INFO - Processing /home/airflow/.local/lib/python3.6/site-packages/airflow/example_dags/tutorial_taskflow_api_etl_virtualenv.py took 0.372 seconds
[2023-02-16 21:04:46,149] {scheduler_job.py:182} INFO - Started process (PID=2479) to work on /home/airflow/.local/lib/python3.6/site-packages/airflow/example_dags/tutorial_taskflow_api_etl_virtualenv.py
[2023-02-16 21:04:46,150] {scheduler_job.py:633} INFO - Processing file /home/airflow/.local/lib/python3.6/site-packages/airflow/example_dags/tutorial_taskflow_api_etl_virtualenv.py for tasks to queue
[2023-02-16 21:04:46,151] {logging_mixin.py:104} INFO - [2023-02-16 21:04:46,151] {dagbag.py:496} INFO - Filling up the DagBag from /home/airflow/.local/lib/python3.6/site-packages/airflow/example_dags/tutorial_taskflow_api_etl_virtualenv.py
[2023-02-16 21:04:46,165] {scheduler_job.py:643} INFO - DAG(s) dict_keys(['tutorial_taskflow_api_etl_virtualenv']) retrieved from /home/airflow/.local/lib/python3.6/site-packages/airflow/example_dags/tutorial_taskflow_api_etl_virtualenv.py
[2023-02-16 21:04:46,372] {logging_mixin.py:104} INFO - [2023-02-16 21:04:46,372] {dag.py:1833} INFO - Sync 1 DAGs
[2023-02-16 21:04:46,384] {logging_mixin.py:104} INFO - [2023-02-16 21:04:46,384] {dag.py:2306} INFO - Setting next_dagrun for tutorial_taskflow_api_etl_virtualenv to None
[2023-02-16 21:04:46,395] {scheduler_job.py:190} INFO - Processing /home/airflow/.local/lib/python3.6/site-packages/airflow/example_dags/tutorial_taskflow_api_etl_virtualenv.py took 0.249 seconds
[2023-02-16 21:05:16,516] {scheduler_job.py:182} INFO - Started process (PID=2540) to work on /home/airflow/.local/lib/python3.6/site-packages/airflow/example_dags/tutorial_taskflow_api_etl_virtualenv.py
[2023-02-16 21:05:16,517] {scheduler_job.py:633} INFO - Processing file /home/airflow/.local/lib/python3.6/site-packages/airflow/example_dags/tutorial_taskflow_api_etl_virtualenv.py for tasks to queue
[2023-02-16 21:05:16,518] {logging_mixin.py:104} INFO - [2023-02-16 21:05:16,518] {dagbag.py:496} INFO - Filling up the DagBag from /home/airflow/.local/lib/python3.6/site-packages/airflow/example_dags/tutorial_taskflow_api_etl_virtualenv.py
[2023-02-16 21:05:16,531] {scheduler_job.py:643} INFO - DAG(s) dict_keys(['tutorial_taskflow_api_etl_virtualenv']) retrieved from /home/airflow/.local/lib/python3.6/site-packages/airflow/example_dags/tutorial_taskflow_api_etl_virtualenv.py
[2023-02-16 21:05:16,713] {logging_mixin.py:104} INFO - [2023-02-16 21:05:16,713] {dag.py:1833} INFO - Sync 1 DAGs
[2023-02-16 21:05:16,725] {logging_mixin.py:104} INFO - [2023-02-16 21:05:16,724] {dag.py:2306} INFO - Setting next_dagrun for tutorial_taskflow_api_etl_virtualenv to None
[2023-02-16 21:05:16,733] {scheduler_job.py:190} INFO - Processing /home/airflow/.local/lib/python3.6/site-packages/airflow/example_dags/tutorial_taskflow_api_etl_virtualenv.py took 0.220 seconds
[2023-02-16 21:05:47,356] {scheduler_job.py:182} INFO - Started process (PID=2591) to work on /home/airflow/.local/lib/python3.6/site-packages/airflow/example_dags/tutorial_taskflow_api_etl_virtualenv.py
[2023-02-16 21:05:47,356] {scheduler_job.py:633} INFO - Processing file /home/airflow/.local/lib/python3.6/site-packages/airflow/example_dags/tutorial_taskflow_api_etl_virtualenv.py for tasks to queue
[2023-02-16 21:05:47,357] {logging_mixin.py:104} INFO - [2023-02-16 21:05:47,357] {dagbag.py:496} INFO - Filling up the DagBag from /home/airflow/.local/lib/python3.6/site-packages/airflow/example_dags/tutorial_taskflow_api_etl_virtualenv.py
[2023-02-16 21:05:47,376] {scheduler_job.py:643} INFO - DAG(s) dict_keys(['tutorial_taskflow_api_etl_virtualenv']) retrieved from /home/airflow/.local/lib/python3.6/site-packages/airflow/example_dags/tutorial_taskflow_api_etl_virtualenv.py
[2023-02-16 21:05:47,400] {logging_mixin.py:104} INFO - [2023-02-16 21:05:47,399] {dag.py:1833} INFO - Sync 1 DAGs
[2023-02-16 21:05:47,417] {logging_mixin.py:104} INFO - [2023-02-16 21:05:47,417] {dag.py:2306} INFO - Setting next_dagrun for tutorial_taskflow_api_etl_virtualenv to None
[2023-02-16 21:05:47,426] {scheduler_job.py:190} INFO - Processing /home/airflow/.local/lib/python3.6/site-packages/airflow/example_dags/tutorial_taskflow_api_etl_virtualenv.py took 0.074 seconds
[2023-02-16 21:06:18,105] {scheduler_job.py:182} INFO - Started process (PID=2652) to work on /home/airflow/.local/lib/python3.6/site-packages/airflow/example_dags/tutorial_taskflow_api_etl_virtualenv.py
[2023-02-16 21:06:18,106] {scheduler_job.py:633} INFO - Processing file /home/airflow/.local/lib/python3.6/site-packages/airflow/example_dags/tutorial_taskflow_api_etl_virtualenv.py for tasks to queue
[2023-02-16 21:06:18,106] {logging_mixin.py:104} INFO - [2023-02-16 21:06:18,106] {dagbag.py:496} INFO - Filling up the DagBag from /home/airflow/.local/lib/python3.6/site-packages/airflow/example_dags/tutorial_taskflow_api_etl_virtualenv.py
[2023-02-16 21:06:18,121] {scheduler_job.py:643} INFO - DAG(s) dict_keys(['tutorial_taskflow_api_etl_virtualenv']) retrieved from /home/airflow/.local/lib/python3.6/site-packages/airflow/example_dags/tutorial_taskflow_api_etl_virtualenv.py
[2023-02-16 21:06:18,300] {logging_mixin.py:104} INFO - [2023-02-16 21:06:18,300] {dag.py:1833} INFO - Sync 1 DAGs
[2023-02-16 21:06:18,312] {logging_mixin.py:104} INFO - [2023-02-16 21:06:18,312] {dag.py:2306} INFO - Setting next_dagrun for tutorial_taskflow_api_etl_virtualenv to None
[2023-02-16 21:06:18,322] {scheduler_job.py:190} INFO - Processing /home/airflow/.local/lib/python3.6/site-packages/airflow/example_dags/tutorial_taskflow_api_etl_virtualenv.py took 0.219 seconds
[2023-02-16 21:06:48,689] {scheduler_job.py:182} INFO - Started process (PID=2703) to work on /home/airflow/.local/lib/python3.6/site-packages/airflow/example_dags/tutorial_taskflow_api_etl_virtualenv.py
[2023-02-16 21:06:48,690] {scheduler_job.py:633} INFO - Processing file /home/airflow/.local/lib/python3.6/site-packages/airflow/example_dags/tutorial_taskflow_api_etl_virtualenv.py for tasks to queue
[2023-02-16 21:06:48,691] {logging_mixin.py:104} INFO - [2023-02-16 21:06:48,691] {dagbag.py:496} INFO - Filling up the DagBag from /home/airflow/.local/lib/python3.6/site-packages/airflow/example_dags/tutorial_taskflow_api_etl_virtualenv.py
[2023-02-16 21:06:48,706] {scheduler_job.py:643} INFO - DAG(s) dict_keys(['tutorial_taskflow_api_etl_virtualenv']) retrieved from /home/airflow/.local/lib/python3.6/site-packages/airflow/example_dags/tutorial_taskflow_api_etl_virtualenv.py
[2023-02-16 21:06:48,892] {logging_mixin.py:104} INFO - [2023-02-16 21:06:48,891] {dag.py:1833} INFO - Sync 1 DAGs
[2023-02-16 21:06:48,907] {logging_mixin.py:104} INFO - [2023-02-16 21:06:48,906] {dag.py:2306} INFO - Setting next_dagrun for tutorial_taskflow_api_etl_virtualenv to None
[2023-02-16 21:06:48,918] {scheduler_job.py:190} INFO - Processing /home/airflow/.local/lib/python3.6/site-packages/airflow/example_dags/tutorial_taskflow_api_etl_virtualenv.py took 0.232 seconds
[2023-02-16 21:07:19,164] {scheduler_job.py:182} INFO - Started process (PID=2764) to work on /home/airflow/.local/lib/python3.6/site-packages/airflow/example_dags/tutorial_taskflow_api_etl_virtualenv.py
[2023-02-16 21:07:19,165] {scheduler_job.py:633} INFO - Processing file /home/airflow/.local/lib/python3.6/site-packages/airflow/example_dags/tutorial_taskflow_api_etl_virtualenv.py for tasks to queue
[2023-02-16 21:07:19,166] {logging_mixin.py:104} INFO - [2023-02-16 21:07:19,166] {dagbag.py:496} INFO - Filling up the DagBag from /home/airflow/.local/lib/python3.6/site-packages/airflow/example_dags/tutorial_taskflow_api_etl_virtualenv.py
[2023-02-16 21:07:19,180] {scheduler_job.py:643} INFO - DAG(s) dict_keys(['tutorial_taskflow_api_etl_virtualenv']) retrieved from /home/airflow/.local/lib/python3.6/site-packages/airflow/example_dags/tutorial_taskflow_api_etl_virtualenv.py
[2023-02-16 21:07:19,375] {logging_mixin.py:104} INFO - [2023-02-16 21:07:19,375] {dag.py:1833} INFO - Sync 1 DAGs
[2023-02-16 21:07:19,388] {logging_mixin.py:104} INFO - [2023-02-16 21:07:19,388] {dag.py:2306} INFO - Setting next_dagrun for tutorial_taskflow_api_etl_virtualenv to None
[2023-02-16 21:07:19,397] {scheduler_job.py:190} INFO - Processing /home/airflow/.local/lib/python3.6/site-packages/airflow/example_dags/tutorial_taskflow_api_etl_virtualenv.py took 0.235 seconds
[2023-02-16 21:07:49,636] {scheduler_job.py:182} INFO - Started process (PID=2815) to work on /home/airflow/.local/lib/python3.6/site-packages/airflow/example_dags/tutorial_taskflow_api_etl_virtualenv.py
[2023-02-16 21:07:49,637] {scheduler_job.py:633} INFO - Processing file /home/airflow/.local/lib/python3.6/site-packages/airflow/example_dags/tutorial_taskflow_api_etl_virtualenv.py for tasks to queue
[2023-02-16 21:07:49,637] {logging_mixin.py:104} INFO - [2023-02-16 21:07:49,637] {dagbag.py:496} INFO - Filling up the DagBag from /home/airflow/.local/lib/python3.6/site-packages/airflow/example_dags/tutorial_taskflow_api_etl_virtualenv.py
[2023-02-16 21:07:49,652] {scheduler_job.py:643} INFO - DAG(s) dict_keys(['tutorial_taskflow_api_etl_virtualenv']) retrieved from /home/airflow/.local/lib/python3.6/site-packages/airflow/example_dags/tutorial_taskflow_api_etl_virtualenv.py
[2023-02-16 21:07:49,857] {logging_mixin.py:104} INFO - [2023-02-16 21:07:49,857] {dag.py:1833} INFO - Sync 1 DAGs
[2023-02-16 21:07:49,877] {logging_mixin.py:104} INFO - [2023-02-16 21:07:49,876] {dag.py:2306} INFO - Setting next_dagrun for tutorial_taskflow_api_etl_virtualenv to None
[2023-02-16 21:07:49,887] {scheduler_job.py:190} INFO - Processing /home/airflow/.local/lib/python3.6/site-packages/airflow/example_dags/tutorial_taskflow_api_etl_virtualenv.py took 0.255 seconds
[2023-02-16 21:08:20,492] {scheduler_job.py:182} INFO - Started process (PID=2876) to work on /home/airflow/.local/lib/python3.6/site-packages/airflow/example_dags/tutorial_taskflow_api_etl_virtualenv.py
[2023-02-16 21:08:20,494] {scheduler_job.py:633} INFO - Processing file /home/airflow/.local/lib/python3.6/site-packages/airflow/example_dags/tutorial_taskflow_api_etl_virtualenv.py for tasks to queue
[2023-02-16 21:08:20,494] {logging_mixin.py:104} INFO - [2023-02-16 21:08:20,494] {dagbag.py:496} INFO - Filling up the DagBag from /home/airflow/.local/lib/python3.6/site-packages/airflow/example_dags/tutorial_taskflow_api_etl_virtualenv.py
[2023-02-16 21:08:20,508] {scheduler_job.py:643} INFO - DAG(s) dict_keys(['tutorial_taskflow_api_etl_virtualenv']) retrieved from /home/airflow/.local/lib/python3.6/site-packages/airflow/example_dags/tutorial_taskflow_api_etl_virtualenv.py
[2023-02-16 21:08:20,735] {logging_mixin.py:104} INFO - [2023-02-16 21:08:20,735] {dag.py:1833} INFO - Sync 1 DAGs
[2023-02-16 21:08:20,748] {logging_mixin.py:104} INFO - [2023-02-16 21:08:20,748] {dag.py:2306} INFO - Setting next_dagrun for tutorial_taskflow_api_etl_virtualenv to None
[2023-02-16 21:08:20,757] {scheduler_job.py:190} INFO - Processing /home/airflow/.local/lib/python3.6/site-packages/airflow/example_dags/tutorial_taskflow_api_etl_virtualenv.py took 0.267 seconds
[2023-02-16 21:08:51,541] {scheduler_job.py:182} INFO - Started process (PID=2932) to work on /home/airflow/.local/lib/python3.6/site-packages/airflow/example_dags/tutorial_taskflow_api_etl_virtualenv.py
[2023-02-16 21:08:51,542] {scheduler_job.py:633} INFO - Processing file /home/airflow/.local/lib/python3.6/site-packages/airflow/example_dags/tutorial_taskflow_api_etl_virtualenv.py for tasks to queue
[2023-02-16 21:08:51,543] {logging_mixin.py:104} INFO - [2023-02-16 21:08:51,543] {dagbag.py:496} INFO - Filling up the DagBag from /home/airflow/.local/lib/python3.6/site-packages/airflow/example_dags/tutorial_taskflow_api_etl_virtualenv.py
[2023-02-16 21:08:51,563] {scheduler_job.py:643} INFO - DAG(s) dict_keys(['tutorial_taskflow_api_etl_virtualenv']) retrieved from /home/airflow/.local/lib/python3.6/site-packages/airflow/example_dags/tutorial_taskflow_api_etl_virtualenv.py
[2023-02-16 21:08:51,757] {logging_mixin.py:104} INFO - [2023-02-16 21:08:51,757] {dag.py:1833} INFO - Sync 1 DAGs
[2023-02-16 21:08:51,773] {logging_mixin.py:104} INFO - [2023-02-16 21:08:51,773] {dag.py:2306} INFO - Setting next_dagrun for tutorial_taskflow_api_etl_virtualenv to None
[2023-02-16 21:08:51,784] {scheduler_job.py:190} INFO - Processing /home/airflow/.local/lib/python3.6/site-packages/airflow/example_dags/tutorial_taskflow_api_etl_virtualenv.py took 0.247 seconds
[2023-02-16 21:09:22,288] {scheduler_job.py:182} INFO - Started process (PID=2989) to work on /home/airflow/.local/lib/python3.6/site-packages/airflow/example_dags/tutorial_taskflow_api_etl_virtualenv.py
[2023-02-16 21:09:22,289] {scheduler_job.py:633} INFO - Processing file /home/airflow/.local/lib/python3.6/site-packages/airflow/example_dags/tutorial_taskflow_api_etl_virtualenv.py for tasks to queue
[2023-02-16 21:09:22,290] {logging_mixin.py:104} INFO - [2023-02-16 21:09:22,289] {dagbag.py:496} INFO - Filling up the DagBag from /home/airflow/.local/lib/python3.6/site-packages/airflow/example_dags/tutorial_taskflow_api_etl_virtualenv.py
[2023-02-16 21:09:22,304] {scheduler_job.py:643} INFO - DAG(s) dict_keys(['tutorial_taskflow_api_etl_virtualenv']) retrieved from /home/airflow/.local/lib/python3.6/site-packages/airflow/example_dags/tutorial_taskflow_api_etl_virtualenv.py
[2023-02-16 21:09:22,321] {logging_mixin.py:104} INFO - [2023-02-16 21:09:22,321] {dag.py:1833} INFO - Sync 1 DAGs
[2023-02-16 21:09:22,333] {logging_mixin.py:104} INFO - [2023-02-16 21:09:22,333] {dag.py:2306} INFO - Setting next_dagrun for tutorial_taskflow_api_etl_virtualenv to None
[2023-02-16 21:09:22,341] {scheduler_job.py:190} INFO - Processing /home/airflow/.local/lib/python3.6/site-packages/airflow/example_dags/tutorial_taskflow_api_etl_virtualenv.py took 0.055 seconds
[2023-02-16 21:09:52,792] {scheduler_job.py:182} INFO - Started process (PID=3049) to work on /home/airflow/.local/lib/python3.6/site-packages/airflow/example_dags/tutorial_taskflow_api_etl_virtualenv.py
[2023-02-16 21:09:52,793] {scheduler_job.py:633} INFO - Processing file /home/airflow/.local/lib/python3.6/site-packages/airflow/example_dags/tutorial_taskflow_api_etl_virtualenv.py for tasks to queue
[2023-02-16 21:09:52,793] {logging_mixin.py:104} INFO - [2023-02-16 21:09:52,793] {dagbag.py:496} INFO - Filling up the DagBag from /home/airflow/.local/lib/python3.6/site-packages/airflow/example_dags/tutorial_taskflow_api_etl_virtualenv.py
[2023-02-16 21:09:52,807] {scheduler_job.py:643} INFO - DAG(s) dict_keys(['tutorial_taskflow_api_etl_virtualenv']) retrieved from /home/airflow/.local/lib/python3.6/site-packages/airflow/example_dags/tutorial_taskflow_api_etl_virtualenv.py
[2023-02-16 21:09:53,037] {logging_mixin.py:104} INFO - [2023-02-16 21:09:53,036] {dag.py:1833} INFO - Sync 1 DAGs
[2023-02-16 21:09:53,053] {logging_mixin.py:104} INFO - [2023-02-16 21:09:53,053] {dag.py:2306} INFO - Setting next_dagrun for tutorial_taskflow_api_etl_virtualenv to None
[2023-02-16 21:09:53,064] {scheduler_job.py:190} INFO - Processing /home/airflow/.local/lib/python3.6/site-packages/airflow/example_dags/tutorial_taskflow_api_etl_virtualenv.py took 0.275 seconds
[2023-02-16 21:10:23,973] {scheduler_job.py:182} INFO - Started process (PID=3101) to work on /home/airflow/.local/lib/python3.6/site-packages/airflow/example_dags/tutorial_taskflow_api_etl_virtualenv.py
[2023-02-16 21:10:23,974] {scheduler_job.py:633} INFO - Processing file /home/airflow/.local/lib/python3.6/site-packages/airflow/example_dags/tutorial_taskflow_api_etl_virtualenv.py for tasks to queue
[2023-02-16 21:10:23,975] {logging_mixin.py:104} INFO - [2023-02-16 21:10:23,974] {dagbag.py:496} INFO - Filling up the DagBag from /home/airflow/.local/lib/python3.6/site-packages/airflow/example_dags/tutorial_taskflow_api_etl_virtualenv.py
[2023-02-16 21:10:23,991] {scheduler_job.py:643} INFO - DAG(s) dict_keys(['tutorial_taskflow_api_etl_virtualenv']) retrieved from /home/airflow/.local/lib/python3.6/site-packages/airflow/example_dags/tutorial_taskflow_api_etl_virtualenv.py
[2023-02-16 21:10:24,199] {logging_mixin.py:104} INFO - [2023-02-16 21:10:24,199] {dag.py:1833} INFO - Sync 1 DAGs
[2023-02-16 21:10:24,216] {logging_mixin.py:104} INFO - [2023-02-16 21:10:24,216] {dag.py:2306} INFO - Setting next_dagrun for tutorial_taskflow_api_etl_virtualenv to None
[2023-02-16 21:10:24,225] {scheduler_job.py:190} INFO - Processing /home/airflow/.local/lib/python3.6/site-packages/airflow/example_dags/tutorial_taskflow_api_etl_virtualenv.py took 0.255 seconds
[2023-02-16 21:10:55,600] {scheduler_job.py:182} INFO - Started process (PID=3163) to work on /home/airflow/.local/lib/python3.6/site-packages/airflow/example_dags/tutorial_taskflow_api_etl_virtualenv.py
[2023-02-16 21:10:55,602] {scheduler_job.py:633} INFO - Processing file /home/airflow/.local/lib/python3.6/site-packages/airflow/example_dags/tutorial_taskflow_api_etl_virtualenv.py for tasks to queue
[2023-02-16 21:10:55,602] {logging_mixin.py:104} INFO - [2023-02-16 21:10:55,602] {dagbag.py:496} INFO - Filling up the DagBag from /home/airflow/.local/lib/python3.6/site-packages/airflow/example_dags/tutorial_taskflow_api_etl_virtualenv.py
[2023-02-16 21:10:55,688] {scheduler_job.py:643} INFO - DAG(s) dict_keys(['tutorial_taskflow_api_etl_virtualenv']) retrieved from /home/airflow/.local/lib/python3.6/site-packages/airflow/example_dags/tutorial_taskflow_api_etl_virtualenv.py
[2023-02-16 21:10:56,385] {logging_mixin.py:104} INFO - [2023-02-16 21:10:56,385] {dag.py:1833} INFO - Sync 1 DAGs
[2023-02-16 21:10:56,401] {logging_mixin.py:104} INFO - [2023-02-16 21:10:56,401] {dag.py:2306} INFO - Setting next_dagrun for tutorial_taskflow_api_etl_virtualenv to None
[2023-02-16 21:10:56,412] {scheduler_job.py:190} INFO - Processing /home/airflow/.local/lib/python3.6/site-packages/airflow/example_dags/tutorial_taskflow_api_etl_virtualenv.py took 0.815 seconds
[2023-02-16 21:11:27,581] {scheduler_job.py:182} INFO - Started process (PID=3219) to work on /home/airflow/.local/lib/python3.6/site-packages/airflow/example_dags/tutorial_taskflow_api_etl_virtualenv.py
[2023-02-16 21:11:27,582] {scheduler_job.py:633} INFO - Processing file /home/airflow/.local/lib/python3.6/site-packages/airflow/example_dags/tutorial_taskflow_api_etl_virtualenv.py for tasks to queue
[2023-02-16 21:11:27,582] {logging_mixin.py:104} INFO - [2023-02-16 21:11:27,582] {dagbag.py:496} INFO - Filling up the DagBag from /home/airflow/.local/lib/python3.6/site-packages/airflow/example_dags/tutorial_taskflow_api_etl_virtualenv.py
[2023-02-16 21:11:27,597] {scheduler_job.py:643} INFO - DAG(s) dict_keys(['tutorial_taskflow_api_etl_virtualenv']) retrieved from /home/airflow/.local/lib/python3.6/site-packages/airflow/example_dags/tutorial_taskflow_api_etl_virtualenv.py
[2023-02-16 21:11:27,784] {logging_mixin.py:104} INFO - [2023-02-16 21:11:27,784] {dag.py:1833} INFO - Sync 1 DAGs
[2023-02-16 21:11:27,796] {logging_mixin.py:104} INFO - [2023-02-16 21:11:27,796] {dag.py:2306} INFO - Setting next_dagrun for tutorial_taskflow_api_etl_virtualenv to None
[2023-02-16 21:11:27,805] {scheduler_job.py:190} INFO - Processing /home/airflow/.local/lib/python3.6/site-packages/airflow/example_dags/tutorial_taskflow_api_etl_virtualenv.py took 0.227 seconds
[2023-02-16 21:11:57,994] {scheduler_job.py:182} INFO - Started process (PID=3280) to work on /home/airflow/.local/lib/python3.6/site-packages/airflow/example_dags/tutorial_taskflow_api_etl_virtualenv.py
[2023-02-16 21:11:57,994] {scheduler_job.py:633} INFO - Processing file /home/airflow/.local/lib/python3.6/site-packages/airflow/example_dags/tutorial_taskflow_api_etl_virtualenv.py for tasks to queue
[2023-02-16 21:11:57,995] {logging_mixin.py:104} INFO - [2023-02-16 21:11:57,995] {dagbag.py:496} INFO - Filling up the DagBag from /home/airflow/.local/lib/python3.6/site-packages/airflow/example_dags/tutorial_taskflow_api_etl_virtualenv.py
[2023-02-16 21:11:58,011] {scheduler_job.py:643} INFO - DAG(s) dict_keys(['tutorial_taskflow_api_etl_virtualenv']) retrieved from /home/airflow/.local/lib/python3.6/site-packages/airflow/example_dags/tutorial_taskflow_api_etl_virtualenv.py
[2023-02-16 21:11:58,191] {logging_mixin.py:104} INFO - [2023-02-16 21:11:58,191] {dag.py:1833} INFO - Sync 1 DAGs
[2023-02-16 21:11:58,203] {logging_mixin.py:104} INFO - [2023-02-16 21:11:58,203] {dag.py:2306} INFO - Setting next_dagrun for tutorial_taskflow_api_etl_virtualenv to None
[2023-02-16 21:11:58,212] {scheduler_job.py:190} INFO - Processing /home/airflow/.local/lib/python3.6/site-packages/airflow/example_dags/tutorial_taskflow_api_etl_virtualenv.py took 0.220 seconds
[2023-02-16 21:12:28,382] {scheduler_job.py:182} INFO - Started process (PID=3331) to work on /home/airflow/.local/lib/python3.6/site-packages/airflow/example_dags/tutorial_taskflow_api_etl_virtualenv.py
[2023-02-16 21:12:28,383] {scheduler_job.py:633} INFO - Processing file /home/airflow/.local/lib/python3.6/site-packages/airflow/example_dags/tutorial_taskflow_api_etl_virtualenv.py for tasks to queue
[2023-02-16 21:12:28,383] {logging_mixin.py:104} INFO - [2023-02-16 21:12:28,383] {dagbag.py:496} INFO - Filling up the DagBag from /home/airflow/.local/lib/python3.6/site-packages/airflow/example_dags/tutorial_taskflow_api_etl_virtualenv.py
[2023-02-16 21:12:28,398] {scheduler_job.py:643} INFO - DAG(s) dict_keys(['tutorial_taskflow_api_etl_virtualenv']) retrieved from /home/airflow/.local/lib/python3.6/site-packages/airflow/example_dags/tutorial_taskflow_api_etl_virtualenv.py
[2023-02-16 21:12:28,572] {logging_mixin.py:104} INFO - [2023-02-16 21:12:28,572] {dag.py:1833} INFO - Sync 1 DAGs
[2023-02-16 21:12:28,584] {logging_mixin.py:104} INFO - [2023-02-16 21:12:28,584] {dag.py:2306} INFO - Setting next_dagrun for tutorial_taskflow_api_etl_virtualenv to None
[2023-02-16 21:12:28,593] {scheduler_job.py:190} INFO - Processing /home/airflow/.local/lib/python3.6/site-packages/airflow/example_dags/tutorial_taskflow_api_etl_virtualenv.py took 0.214 seconds
[2023-02-16 21:12:59,212] {scheduler_job.py:182} INFO - Started process (PID=3392) to work on /home/airflow/.local/lib/python3.6/site-packages/airflow/example_dags/tutorial_taskflow_api_etl_virtualenv.py
[2023-02-16 21:12:59,213] {scheduler_job.py:633} INFO - Processing file /home/airflow/.local/lib/python3.6/site-packages/airflow/example_dags/tutorial_taskflow_api_etl_virtualenv.py for tasks to queue
[2023-02-16 21:12:59,214] {logging_mixin.py:104} INFO - [2023-02-16 21:12:59,214] {dagbag.py:496} INFO - Filling up the DagBag from /home/airflow/.local/lib/python3.6/site-packages/airflow/example_dags/tutorial_taskflow_api_etl_virtualenv.py
[2023-02-16 21:12:59,230] {scheduler_job.py:643} INFO - DAG(s) dict_keys(['tutorial_taskflow_api_etl_virtualenv']) retrieved from /home/airflow/.local/lib/python3.6/site-packages/airflow/example_dags/tutorial_taskflow_api_etl_virtualenv.py
[2023-02-16 21:12:59,615] {logging_mixin.py:104} INFO - [2023-02-16 21:12:59,615] {dag.py:1833} INFO - Sync 1 DAGs
[2023-02-16 21:12:59,628] {logging_mixin.py:104} INFO - [2023-02-16 21:12:59,628] {dag.py:2306} INFO - Setting next_dagrun for tutorial_taskflow_api_etl_virtualenv to None
[2023-02-16 21:12:59,641] {scheduler_job.py:190} INFO - Processing /home/airflow/.local/lib/python3.6/site-packages/airflow/example_dags/tutorial_taskflow_api_etl_virtualenv.py took 0.432 seconds
[2023-02-16 21:13:30,536] {scheduler_job.py:182} INFO - Started process (PID=3445) to work on /home/airflow/.local/lib/python3.6/site-packages/airflow/example_dags/tutorial_taskflow_api_etl_virtualenv.py
[2023-02-16 21:13:30,538] {scheduler_job.py:633} INFO - Processing file /home/airflow/.local/lib/python3.6/site-packages/airflow/example_dags/tutorial_taskflow_api_etl_virtualenv.py for tasks to queue
[2023-02-16 21:13:30,538] {logging_mixin.py:104} INFO - [2023-02-16 21:13:30,538] {dagbag.py:496} INFO - Filling up the DagBag from /home/airflow/.local/lib/python3.6/site-packages/airflow/example_dags/tutorial_taskflow_api_etl_virtualenv.py
[2023-02-16 21:13:30,551] {scheduler_job.py:643} INFO - DAG(s) dict_keys(['tutorial_taskflow_api_etl_virtualenv']) retrieved from /home/airflow/.local/lib/python3.6/site-packages/airflow/example_dags/tutorial_taskflow_api_etl_virtualenv.py
[2023-02-16 21:13:30,750] {logging_mixin.py:104} INFO - [2023-02-16 21:13:30,750] {dag.py:1833} INFO - Sync 1 DAGs
[2023-02-16 21:13:30,762] {logging_mixin.py:104} INFO - [2023-02-16 21:13:30,762] {dag.py:2306} INFO - Setting next_dagrun for tutorial_taskflow_api_etl_virtualenv to None
[2023-02-16 21:13:30,771] {scheduler_job.py:190} INFO - Processing /home/airflow/.local/lib/python3.6/site-packages/airflow/example_dags/tutorial_taskflow_api_etl_virtualenv.py took 0.238 seconds
[2023-02-16 21:14:00,995] {scheduler_job.py:182} INFO - Started process (PID=3506) to work on /home/airflow/.local/lib/python3.6/site-packages/airflow/example_dags/tutorial_taskflow_api_etl_virtualenv.py
[2023-02-16 21:14:00,996] {scheduler_job.py:633} INFO - Processing file /home/airflow/.local/lib/python3.6/site-packages/airflow/example_dags/tutorial_taskflow_api_etl_virtualenv.py for tasks to queue
[2023-02-16 21:14:00,996] {logging_mixin.py:104} INFO - [2023-02-16 21:14:00,996] {dagbag.py:496} INFO - Filling up the DagBag from /home/airflow/.local/lib/python3.6/site-packages/airflow/example_dags/tutorial_taskflow_api_etl_virtualenv.py
[2023-02-16 21:14:01,010] {scheduler_job.py:643} INFO - DAG(s) dict_keys(['tutorial_taskflow_api_etl_virtualenv']) retrieved from /home/airflow/.local/lib/python3.6/site-packages/airflow/example_dags/tutorial_taskflow_api_etl_virtualenv.py
[2023-02-16 21:14:01,308] {logging_mixin.py:104} INFO - [2023-02-16 21:14:01,308] {dag.py:1833} INFO - Sync 1 DAGs
[2023-02-16 21:14:01,319] {logging_mixin.py:104} INFO - [2023-02-16 21:14:01,319] {dag.py:2306} INFO - Setting next_dagrun for tutorial_taskflow_api_etl_virtualenv to None
[2023-02-16 21:14:01,328] {scheduler_job.py:190} INFO - Processing /home/airflow/.local/lib/python3.6/site-packages/airflow/example_dags/tutorial_taskflow_api_etl_virtualenv.py took 0.335 seconds
[2023-02-16 21:14:31,416] {scheduler_job.py:182} INFO - Started process (PID=3557) to work on /home/airflow/.local/lib/python3.6/site-packages/airflow/example_dags/tutorial_taskflow_api_etl_virtualenv.py
[2023-02-16 21:14:31,418] {scheduler_job.py:633} INFO - Processing file /home/airflow/.local/lib/python3.6/site-packages/airflow/example_dags/tutorial_taskflow_api_etl_virtualenv.py for tasks to queue
[2023-02-16 21:14:31,418] {logging_mixin.py:104} INFO - [2023-02-16 21:14:31,418] {dagbag.py:496} INFO - Filling up the DagBag from /home/airflow/.local/lib/python3.6/site-packages/airflow/example_dags/tutorial_taskflow_api_etl_virtualenv.py
[2023-02-16 21:14:31,432] {scheduler_job.py:643} INFO - DAG(s) dict_keys(['tutorial_taskflow_api_etl_virtualenv']) retrieved from /home/airflow/.local/lib/python3.6/site-packages/airflow/example_dags/tutorial_taskflow_api_etl_virtualenv.py
[2023-02-16 21:14:31,606] {logging_mixin.py:104} INFO - [2023-02-16 21:14:31,606] {dag.py:1833} INFO - Sync 1 DAGs
[2023-02-16 21:14:31,617] {logging_mixin.py:104} INFO - [2023-02-16 21:14:31,617] {dag.py:2306} INFO - Setting next_dagrun for tutorial_taskflow_api_etl_virtualenv to None
[2023-02-16 21:14:31,626] {scheduler_job.py:190} INFO - Processing /home/airflow/.local/lib/python3.6/site-packages/airflow/example_dags/tutorial_taskflow_api_etl_virtualenv.py took 0.212 seconds
[2023-02-16 21:15:01,739] {scheduler_job.py:182} INFO - Started process (PID=3618) to work on /home/airflow/.local/lib/python3.6/site-packages/airflow/example_dags/tutorial_taskflow_api_etl_virtualenv.py
[2023-02-16 21:15:01,740] {scheduler_job.py:633} INFO - Processing file /home/airflow/.local/lib/python3.6/site-packages/airflow/example_dags/tutorial_taskflow_api_etl_virtualenv.py for tasks to queue
[2023-02-16 21:15:01,740] {logging_mixin.py:104} INFO - [2023-02-16 21:15:01,740] {dagbag.py:496} INFO - Filling up the DagBag from /home/airflow/.local/lib/python3.6/site-packages/airflow/example_dags/tutorial_taskflow_api_etl_virtualenv.py
[2023-02-16 21:15:01,755] {scheduler_job.py:643} INFO - DAG(s) dict_keys(['tutorial_taskflow_api_etl_virtualenv']) retrieved from /home/airflow/.local/lib/python3.6/site-packages/airflow/example_dags/tutorial_taskflow_api_etl_virtualenv.py
[2023-02-16 21:15:01,959] {logging_mixin.py:104} INFO - [2023-02-16 21:15:01,959] {dag.py:1833} INFO - Sync 1 DAGs
[2023-02-16 21:15:01,972] {logging_mixin.py:104} INFO - [2023-02-16 21:15:01,972] {dag.py:2306} INFO - Setting next_dagrun for tutorial_taskflow_api_etl_virtualenv to None
[2023-02-16 21:15:01,984] {scheduler_job.py:190} INFO - Processing /home/airflow/.local/lib/python3.6/site-packages/airflow/example_dags/tutorial_taskflow_api_etl_virtualenv.py took 0.247 seconds
[2023-02-16 21:15:32,250] {scheduler_job.py:182} INFO - Started process (PID=3669) to work on /home/airflow/.local/lib/python3.6/site-packages/airflow/example_dags/tutorial_taskflow_api_etl_virtualenv.py
[2023-02-16 21:15:32,251] {scheduler_job.py:633} INFO - Processing file /home/airflow/.local/lib/python3.6/site-packages/airflow/example_dags/tutorial_taskflow_api_etl_virtualenv.py for tasks to queue
[2023-02-16 21:15:32,251] {logging_mixin.py:104} INFO - [2023-02-16 21:15:32,251] {dagbag.py:496} INFO - Filling up the DagBag from /home/airflow/.local/lib/python3.6/site-packages/airflow/example_dags/tutorial_taskflow_api_etl_virtualenv.py
[2023-02-16 21:15:32,267] {scheduler_job.py:643} INFO - DAG(s) dict_keys(['tutorial_taskflow_api_etl_virtualenv']) retrieved from /home/airflow/.local/lib/python3.6/site-packages/airflow/example_dags/tutorial_taskflow_api_etl_virtualenv.py
[2023-02-16 21:15:32,454] {logging_mixin.py:104} INFO - [2023-02-16 21:15:32,454] {dag.py:1833} INFO - Sync 1 DAGs
[2023-02-16 21:15:32,468] {logging_mixin.py:104} INFO - [2023-02-16 21:15:32,468] {dag.py:2306} INFO - Setting next_dagrun for tutorial_taskflow_api_etl_virtualenv to None
[2023-02-16 21:15:32,480] {scheduler_job.py:190} INFO - Processing /home/airflow/.local/lib/python3.6/site-packages/airflow/example_dags/tutorial_taskflow_api_etl_virtualenv.py took 0.233 seconds
[2023-02-16 21:16:02,722] {scheduler_job.py:182} INFO - Started process (PID=3730) to work on /home/airflow/.local/lib/python3.6/site-packages/airflow/example_dags/tutorial_taskflow_api_etl_virtualenv.py
[2023-02-16 21:16:02,723] {scheduler_job.py:633} INFO - Processing file /home/airflow/.local/lib/python3.6/site-packages/airflow/example_dags/tutorial_taskflow_api_etl_virtualenv.py for tasks to queue
[2023-02-16 21:16:02,723] {logging_mixin.py:104} INFO - [2023-02-16 21:16:02,723] {dagbag.py:496} INFO - Filling up the DagBag from /home/airflow/.local/lib/python3.6/site-packages/airflow/example_dags/tutorial_taskflow_api_etl_virtualenv.py
[2023-02-16 21:16:02,738] {scheduler_job.py:643} INFO - DAG(s) dict_keys(['tutorial_taskflow_api_etl_virtualenv']) retrieved from /home/airflow/.local/lib/python3.6/site-packages/airflow/example_dags/tutorial_taskflow_api_etl_virtualenv.py
[2023-02-16 21:16:02,918] {logging_mixin.py:104} INFO - [2023-02-16 21:16:02,918] {dag.py:1833} INFO - Sync 1 DAGs
[2023-02-16 21:16:02,929] {logging_mixin.py:104} INFO - [2023-02-16 21:16:02,929] {dag.py:2306} INFO - Setting next_dagrun for tutorial_taskflow_api_etl_virtualenv to None
[2023-02-16 21:16:02,937] {scheduler_job.py:190} INFO - Processing /home/airflow/.local/lib/python3.6/site-packages/airflow/example_dags/tutorial_taskflow_api_etl_virtualenv.py took 0.218 seconds
[2023-02-16 21:16:33,079] {scheduler_job.py:182} INFO - Started process (PID=3781) to work on /home/airflow/.local/lib/python3.6/site-packages/airflow/example_dags/tutorial_taskflow_api_etl_virtualenv.py
[2023-02-16 21:16:33,080] {scheduler_job.py:633} INFO - Processing file /home/airflow/.local/lib/python3.6/site-packages/airflow/example_dags/tutorial_taskflow_api_etl_virtualenv.py for tasks to queue
[2023-02-16 21:16:33,080] {logging_mixin.py:104} INFO - [2023-02-16 21:16:33,080] {dagbag.py:496} INFO - Filling up the DagBag from /home/airflow/.local/lib/python3.6/site-packages/airflow/example_dags/tutorial_taskflow_api_etl_virtualenv.py
[2023-02-16 21:16:33,094] {scheduler_job.py:643} INFO - DAG(s) dict_keys(['tutorial_taskflow_api_etl_virtualenv']) retrieved from /home/airflow/.local/lib/python3.6/site-packages/airflow/example_dags/tutorial_taskflow_api_etl_virtualenv.py
[2023-02-16 21:16:33,275] {logging_mixin.py:104} INFO - [2023-02-16 21:16:33,275] {dag.py:1833} INFO - Sync 1 DAGs
[2023-02-16 21:16:33,289] {logging_mixin.py:104} INFO - [2023-02-16 21:16:33,289] {dag.py:2306} INFO - Setting next_dagrun for tutorial_taskflow_api_etl_virtualenv to None
[2023-02-16 21:16:33,300] {scheduler_job.py:190} INFO - Processing /home/airflow/.local/lib/python3.6/site-packages/airflow/example_dags/tutorial_taskflow_api_etl_virtualenv.py took 0.223 seconds
[2023-02-16 21:17:03,554] {scheduler_job.py:182} INFO - Started process (PID=3842) to work on /home/airflow/.local/lib/python3.6/site-packages/airflow/example_dags/tutorial_taskflow_api_etl_virtualenv.py
[2023-02-16 21:17:03,555] {scheduler_job.py:633} INFO - Processing file /home/airflow/.local/lib/python3.6/site-packages/airflow/example_dags/tutorial_taskflow_api_etl_virtualenv.py for tasks to queue
[2023-02-16 21:17:03,555] {logging_mixin.py:104} INFO - [2023-02-16 21:17:03,555] {dagbag.py:496} INFO - Filling up the DagBag from /home/airflow/.local/lib/python3.6/site-packages/airflow/example_dags/tutorial_taskflow_api_etl_virtualenv.py
[2023-02-16 21:17:03,570] {scheduler_job.py:643} INFO - DAG(s) dict_keys(['tutorial_taskflow_api_etl_virtualenv']) retrieved from /home/airflow/.local/lib/python3.6/site-packages/airflow/example_dags/tutorial_taskflow_api_etl_virtualenv.py
[2023-02-16 21:17:03,752] {logging_mixin.py:104} INFO - [2023-02-16 21:17:03,752] {dag.py:1833} INFO - Sync 1 DAGs
[2023-02-16 21:17:03,764] {logging_mixin.py:104} INFO - [2023-02-16 21:17:03,764] {dag.py:2306} INFO - Setting next_dagrun for tutorial_taskflow_api_etl_virtualenv to None
[2023-02-16 21:17:03,772] {scheduler_job.py:190} INFO - Processing /home/airflow/.local/lib/python3.6/site-packages/airflow/example_dags/tutorial_taskflow_api_etl_virtualenv.py took 0.221 seconds
[2023-02-16 21:17:33,959] {scheduler_job.py:182} INFO - Started process (PID=3893) to work on /home/airflow/.local/lib/python3.6/site-packages/airflow/example_dags/tutorial_taskflow_api_etl_virtualenv.py
[2023-02-16 21:17:33,960] {scheduler_job.py:633} INFO - Processing file /home/airflow/.local/lib/python3.6/site-packages/airflow/example_dags/tutorial_taskflow_api_etl_virtualenv.py for tasks to queue
[2023-02-16 21:17:33,960] {logging_mixin.py:104} INFO - [2023-02-16 21:17:33,960] {dagbag.py:496} INFO - Filling up the DagBag from /home/airflow/.local/lib/python3.6/site-packages/airflow/example_dags/tutorial_taskflow_api_etl_virtualenv.py
[2023-02-16 21:17:33,974] {scheduler_job.py:643} INFO - DAG(s) dict_keys(['tutorial_taskflow_api_etl_virtualenv']) retrieved from /home/airflow/.local/lib/python3.6/site-packages/airflow/example_dags/tutorial_taskflow_api_etl_virtualenv.py
[2023-02-16 21:17:33,991] {logging_mixin.py:104} INFO - [2023-02-16 21:17:33,991] {dag.py:1833} INFO - Sync 1 DAGs
[2023-02-16 21:17:34,003] {logging_mixin.py:104} INFO - [2023-02-16 21:17:34,003] {dag.py:2306} INFO - Setting next_dagrun for tutorial_taskflow_api_etl_virtualenv to None
[2023-02-16 21:17:34,011] {scheduler_job.py:190} INFO - Processing /home/airflow/.local/lib/python3.6/site-packages/airflow/example_dags/tutorial_taskflow_api_etl_virtualenv.py took 0.055 seconds
[2023-02-16 21:18:04,322] {scheduler_job.py:182} INFO - Started process (PID=3954) to work on /home/airflow/.local/lib/python3.6/site-packages/airflow/example_dags/tutorial_taskflow_api_etl_virtualenv.py
[2023-02-16 21:18:04,324] {scheduler_job.py:633} INFO - Processing file /home/airflow/.local/lib/python3.6/site-packages/airflow/example_dags/tutorial_taskflow_api_etl_virtualenv.py for tasks to queue
[2023-02-16 21:18:04,324] {logging_mixin.py:104} INFO - [2023-02-16 21:18:04,324] {dagbag.py:496} INFO - Filling up the DagBag from /home/airflow/.local/lib/python3.6/site-packages/airflow/example_dags/tutorial_taskflow_api_etl_virtualenv.py
[2023-02-16 21:18:04,347] {scheduler_job.py:643} INFO - DAG(s) dict_keys(['tutorial_taskflow_api_etl_virtualenv']) retrieved from /home/airflow/.local/lib/python3.6/site-packages/airflow/example_dags/tutorial_taskflow_api_etl_virtualenv.py
[2023-02-16 21:18:04,534] {logging_mixin.py:104} INFO - [2023-02-16 21:18:04,533] {dag.py:1833} INFO - Sync 1 DAGs
[2023-02-16 21:18:04,547] {logging_mixin.py:104} INFO - [2023-02-16 21:18:04,547] {dag.py:2306} INFO - Setting next_dagrun for tutorial_taskflow_api_etl_virtualenv to None
[2023-02-16 21:18:04,556] {scheduler_job.py:190} INFO - Processing /home/airflow/.local/lib/python3.6/site-packages/airflow/example_dags/tutorial_taskflow_api_etl_virtualenv.py took 0.237 seconds
[2023-02-16 21:18:34,671] {scheduler_job.py:182} INFO - Started process (PID=4005) to work on /home/airflow/.local/lib/python3.6/site-packages/airflow/example_dags/tutorial_taskflow_api_etl_virtualenv.py
[2023-02-16 21:18:34,673] {scheduler_job.py:633} INFO - Processing file /home/airflow/.local/lib/python3.6/site-packages/airflow/example_dags/tutorial_taskflow_api_etl_virtualenv.py for tasks to queue
[2023-02-16 21:18:34,673] {logging_mixin.py:104} INFO - [2023-02-16 21:18:34,673] {dagbag.py:496} INFO - Filling up the DagBag from /home/airflow/.local/lib/python3.6/site-packages/airflow/example_dags/tutorial_taskflow_api_etl_virtualenv.py
[2023-02-16 21:18:34,687] {scheduler_job.py:643} INFO - DAG(s) dict_keys(['tutorial_taskflow_api_etl_virtualenv']) retrieved from /home/airflow/.local/lib/python3.6/site-packages/airflow/example_dags/tutorial_taskflow_api_etl_virtualenv.py
[2023-02-16 21:18:34,863] {logging_mixin.py:104} INFO - [2023-02-16 21:18:34,863] {dag.py:1833} INFO - Sync 1 DAGs
[2023-02-16 21:18:34,875] {logging_mixin.py:104} INFO - [2023-02-16 21:18:34,875] {dag.py:2306} INFO - Setting next_dagrun for tutorial_taskflow_api_etl_virtualenv to None
[2023-02-16 21:18:34,884] {scheduler_job.py:190} INFO - Processing /home/airflow/.local/lib/python3.6/site-packages/airflow/example_dags/tutorial_taskflow_api_etl_virtualenv.py took 0.215 seconds
[2023-02-16 21:19:05,178] {scheduler_job.py:182} INFO - Started process (PID=4066) to work on /home/airflow/.local/lib/python3.6/site-packages/airflow/example_dags/tutorial_taskflow_api_etl_virtualenv.py
[2023-02-16 21:19:05,178] {scheduler_job.py:633} INFO - Processing file /home/airflow/.local/lib/python3.6/site-packages/airflow/example_dags/tutorial_taskflow_api_etl_virtualenv.py for tasks to queue
[2023-02-16 21:19:05,179] {logging_mixin.py:104} INFO - [2023-02-16 21:19:05,179] {dagbag.py:496} INFO - Filling up the DagBag from /home/airflow/.local/lib/python3.6/site-packages/airflow/example_dags/tutorial_taskflow_api_etl_virtualenv.py
[2023-02-16 21:19:05,193] {scheduler_job.py:643} INFO - DAG(s) dict_keys(['tutorial_taskflow_api_etl_virtualenv']) retrieved from /home/airflow/.local/lib/python3.6/site-packages/airflow/example_dags/tutorial_taskflow_api_etl_virtualenv.py
[2023-02-16 21:19:05,371] {logging_mixin.py:104} INFO - [2023-02-16 21:19:05,371] {dag.py:1833} INFO - Sync 1 DAGs
[2023-02-16 21:19:05,382] {logging_mixin.py:104} INFO - [2023-02-16 21:19:05,382] {dag.py:2306} INFO - Setting next_dagrun for tutorial_taskflow_api_etl_virtualenv to None
[2023-02-16 21:19:05,391] {scheduler_job.py:190} INFO - Processing /home/airflow/.local/lib/python3.6/site-packages/airflow/example_dags/tutorial_taskflow_api_etl_virtualenv.py took 0.215 seconds
[2023-02-16 21:19:35,631] {scheduler_job.py:182} INFO - Started process (PID=4117) to work on /home/airflow/.local/lib/python3.6/site-packages/airflow/example_dags/tutorial_taskflow_api_etl_virtualenv.py
[2023-02-16 21:19:35,631] {scheduler_job.py:633} INFO - Processing file /home/airflow/.local/lib/python3.6/site-packages/airflow/example_dags/tutorial_taskflow_api_etl_virtualenv.py for tasks to queue
[2023-02-16 21:19:35,632] {logging_mixin.py:104} INFO - [2023-02-16 21:19:35,632] {dagbag.py:496} INFO - Filling up the DagBag from /home/airflow/.local/lib/python3.6/site-packages/airflow/example_dags/tutorial_taskflow_api_etl_virtualenv.py
[2023-02-16 21:19:35,645] {scheduler_job.py:643} INFO - DAG(s) dict_keys(['tutorial_taskflow_api_etl_virtualenv']) retrieved from /home/airflow/.local/lib/python3.6/site-packages/airflow/example_dags/tutorial_taskflow_api_etl_virtualenv.py
[2023-02-16 21:19:35,821] {logging_mixin.py:104} INFO - [2023-02-16 21:19:35,821] {dag.py:1833} INFO - Sync 1 DAGs
[2023-02-16 21:19:35,832] {logging_mixin.py:104} INFO - [2023-02-16 21:19:35,832] {dag.py:2306} INFO - Setting next_dagrun for tutorial_taskflow_api_etl_virtualenv to None
[2023-02-16 21:19:35,841] {scheduler_job.py:190} INFO - Processing /home/airflow/.local/lib/python3.6/site-packages/airflow/example_dags/tutorial_taskflow_api_etl_virtualenv.py took 0.213 seconds
[2023-02-16 21:20:06,020] {scheduler_job.py:182} INFO - Started process (PID=4178) to work on /home/airflow/.local/lib/python3.6/site-packages/airflow/example_dags/tutorial_taskflow_api_etl_virtualenv.py
[2023-02-16 21:20:06,021] {scheduler_job.py:633} INFO - Processing file /home/airflow/.local/lib/python3.6/site-packages/airflow/example_dags/tutorial_taskflow_api_etl_virtualenv.py for tasks to queue
[2023-02-16 21:20:06,021] {logging_mixin.py:104} INFO - [2023-02-16 21:20:06,021] {dagbag.py:496} INFO - Filling up the DagBag from /home/airflow/.local/lib/python3.6/site-packages/airflow/example_dags/tutorial_taskflow_api_etl_virtualenv.py
[2023-02-16 21:20:06,037] {scheduler_job.py:643} INFO - DAG(s) dict_keys(['tutorial_taskflow_api_etl_virtualenv']) retrieved from /home/airflow/.local/lib/python3.6/site-packages/airflow/example_dags/tutorial_taskflow_api_etl_virtualenv.py
[2023-02-16 21:20:06,222] {logging_mixin.py:104} INFO - [2023-02-16 21:20:06,222] {dag.py:1833} INFO - Sync 1 DAGs
[2023-02-16 21:20:06,233] {logging_mixin.py:104} INFO - [2023-02-16 21:20:06,233] {dag.py:2306} INFO - Setting next_dagrun for tutorial_taskflow_api_etl_virtualenv to None
[2023-02-16 21:20:06,242] {scheduler_job.py:190} INFO - Processing /home/airflow/.local/lib/python3.6/site-packages/airflow/example_dags/tutorial_taskflow_api_etl_virtualenv.py took 0.225 seconds
[2023-02-16 21:20:36,550] {scheduler_job.py:182} INFO - Started process (PID=4229) to work on /home/airflow/.local/lib/python3.6/site-packages/airflow/example_dags/tutorial_taskflow_api_etl_virtualenv.py
[2023-02-16 21:20:36,550] {scheduler_job.py:633} INFO - Processing file /home/airflow/.local/lib/python3.6/site-packages/airflow/example_dags/tutorial_taskflow_api_etl_virtualenv.py for tasks to queue
[2023-02-16 21:20:36,551] {logging_mixin.py:104} INFO - [2023-02-16 21:20:36,551] {dagbag.py:496} INFO - Filling up the DagBag from /home/airflow/.local/lib/python3.6/site-packages/airflow/example_dags/tutorial_taskflow_api_etl_virtualenv.py
[2023-02-16 21:20:36,565] {scheduler_job.py:643} INFO - DAG(s) dict_keys(['tutorial_taskflow_api_etl_virtualenv']) retrieved from /home/airflow/.local/lib/python3.6/site-packages/airflow/example_dags/tutorial_taskflow_api_etl_virtualenv.py
[2023-02-16 21:20:36,757] {logging_mixin.py:104} INFO - [2023-02-16 21:20:36,757] {dag.py:1833} INFO - Sync 1 DAGs
[2023-02-16 21:20:36,769] {logging_mixin.py:104} INFO - [2023-02-16 21:20:36,769] {dag.py:2306} INFO - Setting next_dagrun for tutorial_taskflow_api_etl_virtualenv to None
[2023-02-16 21:20:36,777] {scheduler_job.py:190} INFO - Processing /home/airflow/.local/lib/python3.6/site-packages/airflow/example_dags/tutorial_taskflow_api_etl_virtualenv.py took 0.230 seconds
[2023-02-16 21:21:07,726] {scheduler_job.py:182} INFO - Started process (PID=4290) to work on /home/airflow/.local/lib/python3.6/site-packages/airflow/example_dags/tutorial_taskflow_api_etl_virtualenv.py
[2023-02-16 21:21:07,727] {scheduler_job.py:633} INFO - Processing file /home/airflow/.local/lib/python3.6/site-packages/airflow/example_dags/tutorial_taskflow_api_etl_virtualenv.py for tasks to queue
[2023-02-16 21:21:07,728] {logging_mixin.py:104} INFO - [2023-02-16 21:21:07,728] {dagbag.py:496} INFO - Filling up the DagBag from /home/airflow/.local/lib/python3.6/site-packages/airflow/example_dags/tutorial_taskflow_api_etl_virtualenv.py
[2023-02-16 21:21:07,745] {scheduler_job.py:643} INFO - DAG(s) dict_keys(['tutorial_taskflow_api_etl_virtualenv']) retrieved from /home/airflow/.local/lib/python3.6/site-packages/airflow/example_dags/tutorial_taskflow_api_etl_virtualenv.py
[2023-02-16 21:21:07,940] {logging_mixin.py:104} INFO - [2023-02-16 21:21:07,939] {dag.py:1833} INFO - Sync 1 DAGs
[2023-02-16 21:21:07,951] {logging_mixin.py:104} INFO - [2023-02-16 21:21:07,951] {dag.py:2306} INFO - Setting next_dagrun for tutorial_taskflow_api_etl_virtualenv to None
[2023-02-16 21:21:07,959] {scheduler_job.py:190} INFO - Processing /home/airflow/.local/lib/python3.6/site-packages/airflow/example_dags/tutorial_taskflow_api_etl_virtualenv.py took 0.235 seconds
[2023-02-16 21:21:38,354] {scheduler_job.py:182} INFO - Started process (PID=4341) to work on /home/airflow/.local/lib/python3.6/site-packages/airflow/example_dags/tutorial_taskflow_api_etl_virtualenv.py
[2023-02-16 21:21:38,354] {scheduler_job.py:633} INFO - Processing file /home/airflow/.local/lib/python3.6/site-packages/airflow/example_dags/tutorial_taskflow_api_etl_virtualenv.py for tasks to queue
[2023-02-16 21:21:38,355] {logging_mixin.py:104} INFO - [2023-02-16 21:21:38,355] {dagbag.py:496} INFO - Filling up the DagBag from /home/airflow/.local/lib/python3.6/site-packages/airflow/example_dags/tutorial_taskflow_api_etl_virtualenv.py
[2023-02-16 21:21:38,368] {scheduler_job.py:643} INFO - DAG(s) dict_keys(['tutorial_taskflow_api_etl_virtualenv']) retrieved from /home/airflow/.local/lib/python3.6/site-packages/airflow/example_dags/tutorial_taskflow_api_etl_virtualenv.py
[2023-02-16 21:21:38,619] {logging_mixin.py:104} INFO - [2023-02-16 21:21:38,619] {dag.py:1833} INFO - Sync 1 DAGs
[2023-02-16 21:21:38,633] {logging_mixin.py:104} INFO - [2023-02-16 21:21:38,632] {dag.py:2306} INFO - Setting next_dagrun for tutorial_taskflow_api_etl_virtualenv to None
[2023-02-16 21:21:38,643] {scheduler_job.py:190} INFO - Processing /home/airflow/.local/lib/python3.6/site-packages/airflow/example_dags/tutorial_taskflow_api_etl_virtualenv.py took 0.292 seconds
[2023-02-16 21:22:09,202] {scheduler_job.py:182} INFO - Started process (PID=4402) to work on /home/airflow/.local/lib/python3.6/site-packages/airflow/example_dags/tutorial_taskflow_api_etl_virtualenv.py
[2023-02-16 21:22:09,203] {scheduler_job.py:633} INFO - Processing file /home/airflow/.local/lib/python3.6/site-packages/airflow/example_dags/tutorial_taskflow_api_etl_virtualenv.py for tasks to queue
[2023-02-16 21:22:09,204] {logging_mixin.py:104} INFO - [2023-02-16 21:22:09,204] {dagbag.py:496} INFO - Filling up the DagBag from /home/airflow/.local/lib/python3.6/site-packages/airflow/example_dags/tutorial_taskflow_api_etl_virtualenv.py
[2023-02-16 21:22:09,226] {scheduler_job.py:643} INFO - DAG(s) dict_keys(['tutorial_taskflow_api_etl_virtualenv']) retrieved from /home/airflow/.local/lib/python3.6/site-packages/airflow/example_dags/tutorial_taskflow_api_etl_virtualenv.py
[2023-02-16 21:22:09,453] {logging_mixin.py:104} INFO - [2023-02-16 21:22:09,453] {dag.py:1833} INFO - Sync 1 DAGs
[2023-02-16 21:22:09,465] {logging_mixin.py:104} INFO - [2023-02-16 21:22:09,465] {dag.py:2306} INFO - Setting next_dagrun for tutorial_taskflow_api_etl_virtualenv to None
[2023-02-16 21:22:09,473] {scheduler_job.py:190} INFO - Processing /home/airflow/.local/lib/python3.6/site-packages/airflow/example_dags/tutorial_taskflow_api_etl_virtualenv.py took 0.275 seconds
