[2023-02-16 20:47:44,937] {scheduler_job.py:182} INFO - Started process (PID=574) to work on /home/airflow/.local/lib/python3.6/site-packages/airflow/example_dags/tutorial_etl_dag.py
[2023-02-16 20:47:44,938] {scheduler_job.py:633} INFO - Processing file /home/airflow/.local/lib/python3.6/site-packages/airflow/example_dags/tutorial_etl_dag.py for tasks to queue
[2023-02-16 20:47:44,938] {logging_mixin.py:104} INFO - [2023-02-16 20:47:44,938] {dagbag.py:496} INFO - Filling up the DagBag from /home/airflow/.local/lib/python3.6/site-packages/airflow/example_dags/tutorial_etl_dag.py
[2023-02-16 20:47:44,950] {scheduler_job.py:643} INFO - DAG(s) dict_keys(['tutorial_etl_dag']) retrieved from /home/airflow/.local/lib/python3.6/site-packages/airflow/example_dags/tutorial_etl_dag.py
[2023-02-16 20:47:49,826] {logging_mixin.py:104} INFO - [2023-02-16 20:47:49,826] {dag.py:1833} INFO - Sync 1 DAGs
[2023-02-16 20:47:49,837] {logging_mixin.py:104} INFO - [2023-02-16 20:47:49,836] {dag.py:1852} INFO - Creating ORM DAG for tutorial_etl_dag
[2023-02-16 20:47:49,842] {logging_mixin.py:104} INFO - [2023-02-16 20:47:49,841] {dag.py:2306} INFO - Setting next_dagrun for tutorial_etl_dag to None
[2023-02-16 20:47:49,852] {scheduler_job.py:190} INFO - Processing /home/airflow/.local/lib/python3.6/site-packages/airflow/example_dags/tutorial_etl_dag.py took 4.918 seconds
[2023-02-16 20:48:20,685] {scheduler_job.py:182} INFO - Started process (PID=692) to work on /home/airflow/.local/lib/python3.6/site-packages/airflow/example_dags/tutorial_etl_dag.py
[2023-02-16 20:48:20,687] {scheduler_job.py:633} INFO - Processing file /home/airflow/.local/lib/python3.6/site-packages/airflow/example_dags/tutorial_etl_dag.py for tasks to queue
[2023-02-16 20:48:20,687] {logging_mixin.py:104} INFO - [2023-02-16 20:48:20,687] {dagbag.py:496} INFO - Filling up the DagBag from /home/airflow/.local/lib/python3.6/site-packages/airflow/example_dags/tutorial_etl_dag.py
[2023-02-16 20:48:20,701] {scheduler_job.py:643} INFO - DAG(s) dict_keys(['tutorial_etl_dag']) retrieved from /home/airflow/.local/lib/python3.6/site-packages/airflow/example_dags/tutorial_etl_dag.py
[2023-02-16 20:48:20,724] {logging_mixin.py:104} INFO - [2023-02-16 20:48:20,724] {dag.py:1833} INFO - Sync 1 DAGs
[2023-02-16 20:48:20,741] {logging_mixin.py:104} INFO - [2023-02-16 20:48:20,740] {dag.py:2306} INFO - Setting next_dagrun for tutorial_etl_dag to None
[2023-02-16 20:48:20,750] {scheduler_job.py:190} INFO - Processing /home/airflow/.local/lib/python3.6/site-packages/airflow/example_dags/tutorial_etl_dag.py took 0.068 seconds
[2023-02-16 20:48:50,914] {scheduler_job.py:182} INFO - Started process (PID=753) to work on /home/airflow/.local/lib/python3.6/site-packages/airflow/example_dags/tutorial_etl_dag.py
[2023-02-16 20:48:50,914] {scheduler_job.py:633} INFO - Processing file /home/airflow/.local/lib/python3.6/site-packages/airflow/example_dags/tutorial_etl_dag.py for tasks to queue
[2023-02-16 20:48:50,915] {logging_mixin.py:104} INFO - [2023-02-16 20:48:50,915] {dagbag.py:496} INFO - Filling up the DagBag from /home/airflow/.local/lib/python3.6/site-packages/airflow/example_dags/tutorial_etl_dag.py
[2023-02-16 20:48:50,926] {scheduler_job.py:643} INFO - DAG(s) dict_keys(['tutorial_etl_dag']) retrieved from /home/airflow/.local/lib/python3.6/site-packages/airflow/example_dags/tutorial_etl_dag.py
[2023-02-16 20:48:50,944] {logging_mixin.py:104} INFO - [2023-02-16 20:48:50,944] {dag.py:1833} INFO - Sync 1 DAGs
[2023-02-16 20:48:50,958] {logging_mixin.py:104} INFO - [2023-02-16 20:48:50,957] {dag.py:2306} INFO - Setting next_dagrun for tutorial_etl_dag to None
[2023-02-16 20:48:50,966] {scheduler_job.py:190} INFO - Processing /home/airflow/.local/lib/python3.6/site-packages/airflow/example_dags/tutorial_etl_dag.py took 0.055 seconds
[2023-02-16 20:49:21,072] {scheduler_job.py:182} INFO - Started process (PID=804) to work on /home/airflow/.local/lib/python3.6/site-packages/airflow/example_dags/tutorial_etl_dag.py
[2023-02-16 20:49:21,073] {scheduler_job.py:633} INFO - Processing file /home/airflow/.local/lib/python3.6/site-packages/airflow/example_dags/tutorial_etl_dag.py for tasks to queue
[2023-02-16 20:49:21,074] {logging_mixin.py:104} INFO - [2023-02-16 20:49:21,074] {dagbag.py:496} INFO - Filling up the DagBag from /home/airflow/.local/lib/python3.6/site-packages/airflow/example_dags/tutorial_etl_dag.py
[2023-02-16 20:49:21,086] {scheduler_job.py:643} INFO - DAG(s) dict_keys(['tutorial_etl_dag']) retrieved from /home/airflow/.local/lib/python3.6/site-packages/airflow/example_dags/tutorial_etl_dag.py
[2023-02-16 20:49:21,105] {logging_mixin.py:104} INFO - [2023-02-16 20:49:21,105] {dag.py:1833} INFO - Sync 1 DAGs
[2023-02-16 20:49:21,120] {logging_mixin.py:104} INFO - [2023-02-16 20:49:21,120] {dag.py:2306} INFO - Setting next_dagrun for tutorial_etl_dag to None
[2023-02-16 20:49:21,128] {scheduler_job.py:190} INFO - Processing /home/airflow/.local/lib/python3.6/site-packages/airflow/example_dags/tutorial_etl_dag.py took 0.059 seconds
[2023-02-16 20:49:51,502] {scheduler_job.py:182} INFO - Started process (PID=865) to work on /home/airflow/.local/lib/python3.6/site-packages/airflow/example_dags/tutorial_etl_dag.py
[2023-02-16 20:49:51,503] {scheduler_job.py:633} INFO - Processing file /home/airflow/.local/lib/python3.6/site-packages/airflow/example_dags/tutorial_etl_dag.py for tasks to queue
[2023-02-16 20:49:51,504] {logging_mixin.py:104} INFO - [2023-02-16 20:49:51,504] {dagbag.py:496} INFO - Filling up the DagBag from /home/airflow/.local/lib/python3.6/site-packages/airflow/example_dags/tutorial_etl_dag.py
[2023-02-16 20:49:51,515] {scheduler_job.py:643} INFO - DAG(s) dict_keys(['tutorial_etl_dag']) retrieved from /home/airflow/.local/lib/python3.6/site-packages/airflow/example_dags/tutorial_etl_dag.py
[2023-02-16 20:49:51,538] {logging_mixin.py:104} INFO - [2023-02-16 20:49:51,538] {dag.py:1833} INFO - Sync 1 DAGs
[2023-02-16 20:49:51,552] {logging_mixin.py:104} INFO - [2023-02-16 20:49:51,551] {dag.py:2306} INFO - Setting next_dagrun for tutorial_etl_dag to None
[2023-02-16 20:49:51,560] {scheduler_job.py:190} INFO - Processing /home/airflow/.local/lib/python3.6/site-packages/airflow/example_dags/tutorial_etl_dag.py took 0.061 seconds
[2023-02-16 20:50:22,203] {scheduler_job.py:182} INFO - Started process (PID=916) to work on /home/airflow/.local/lib/python3.6/site-packages/airflow/example_dags/tutorial_etl_dag.py
[2023-02-16 20:50:22,203] {scheduler_job.py:633} INFO - Processing file /home/airflow/.local/lib/python3.6/site-packages/airflow/example_dags/tutorial_etl_dag.py for tasks to queue
[2023-02-16 20:50:22,204] {logging_mixin.py:104} INFO - [2023-02-16 20:50:22,204] {dagbag.py:496} INFO - Filling up the DagBag from /home/airflow/.local/lib/python3.6/site-packages/airflow/example_dags/tutorial_etl_dag.py
[2023-02-16 20:50:22,215] {scheduler_job.py:643} INFO - DAG(s) dict_keys(['tutorial_etl_dag']) retrieved from /home/airflow/.local/lib/python3.6/site-packages/airflow/example_dags/tutorial_etl_dag.py
[2023-02-16 20:50:22,236] {logging_mixin.py:104} INFO - [2023-02-16 20:50:22,236] {dag.py:1833} INFO - Sync 1 DAGs
[2023-02-16 20:50:22,251] {logging_mixin.py:104} INFO - [2023-02-16 20:50:22,250] {dag.py:2306} INFO - Setting next_dagrun for tutorial_etl_dag to None
[2023-02-16 20:50:22,260] {scheduler_job.py:190} INFO - Processing /home/airflow/.local/lib/python3.6/site-packages/airflow/example_dags/tutorial_etl_dag.py took 0.060 seconds
[2023-02-16 20:50:52,319] {scheduler_job.py:182} INFO - Started process (PID=977) to work on /home/airflow/.local/lib/python3.6/site-packages/airflow/example_dags/tutorial_etl_dag.py
[2023-02-16 20:50:52,320] {scheduler_job.py:633} INFO - Processing file /home/airflow/.local/lib/python3.6/site-packages/airflow/example_dags/tutorial_etl_dag.py for tasks to queue
[2023-02-16 20:50:52,321] {logging_mixin.py:104} INFO - [2023-02-16 20:50:52,321] {dagbag.py:496} INFO - Filling up the DagBag from /home/airflow/.local/lib/python3.6/site-packages/airflow/example_dags/tutorial_etl_dag.py
[2023-02-16 20:50:52,335] {scheduler_job.py:643} INFO - DAG(s) dict_keys(['tutorial_etl_dag']) retrieved from /home/airflow/.local/lib/python3.6/site-packages/airflow/example_dags/tutorial_etl_dag.py
[2023-02-16 20:50:52,356] {logging_mixin.py:104} INFO - [2023-02-16 20:50:52,356] {dag.py:1833} INFO - Sync 1 DAGs
[2023-02-16 20:50:52,369] {logging_mixin.py:104} INFO - [2023-02-16 20:50:52,369] {dag.py:2306} INFO - Setting next_dagrun for tutorial_etl_dag to None
[2023-02-16 20:50:52,377] {scheduler_job.py:190} INFO - Processing /home/airflow/.local/lib/python3.6/site-packages/airflow/example_dags/tutorial_etl_dag.py took 0.061 seconds
[2023-02-16 20:51:22,752] {scheduler_job.py:182} INFO - Started process (PID=1029) to work on /home/airflow/.local/lib/python3.6/site-packages/airflow/example_dags/tutorial_etl_dag.py
[2023-02-16 20:51:22,752] {scheduler_job.py:633} INFO - Processing file /home/airflow/.local/lib/python3.6/site-packages/airflow/example_dags/tutorial_etl_dag.py for tasks to queue
[2023-02-16 20:51:22,753] {logging_mixin.py:104} INFO - [2023-02-16 20:51:22,753] {dagbag.py:496} INFO - Filling up the DagBag from /home/airflow/.local/lib/python3.6/site-packages/airflow/example_dags/tutorial_etl_dag.py
[2023-02-16 20:51:22,763] {scheduler_job.py:643} INFO - DAG(s) dict_keys(['tutorial_etl_dag']) retrieved from /home/airflow/.local/lib/python3.6/site-packages/airflow/example_dags/tutorial_etl_dag.py
[2023-02-16 20:51:22,780] {logging_mixin.py:104} INFO - [2023-02-16 20:51:22,780] {dag.py:1833} INFO - Sync 1 DAGs
[2023-02-16 20:51:22,792] {logging_mixin.py:104} INFO - [2023-02-16 20:51:22,792] {dag.py:2306} INFO - Setting next_dagrun for tutorial_etl_dag to None
[2023-02-16 20:51:22,799] {scheduler_job.py:190} INFO - Processing /home/airflow/.local/lib/python3.6/site-packages/airflow/example_dags/tutorial_etl_dag.py took 0.050 seconds
[2023-02-16 20:51:53,267] {scheduler_job.py:182} INFO - Started process (PID=1089) to work on /home/airflow/.local/lib/python3.6/site-packages/airflow/example_dags/tutorial_etl_dag.py
[2023-02-16 20:51:53,268] {scheduler_job.py:633} INFO - Processing file /home/airflow/.local/lib/python3.6/site-packages/airflow/example_dags/tutorial_etl_dag.py for tasks to queue
[2023-02-16 20:51:53,268] {logging_mixin.py:104} INFO - [2023-02-16 20:51:53,268] {dagbag.py:496} INFO - Filling up the DagBag from /home/airflow/.local/lib/python3.6/site-packages/airflow/example_dags/tutorial_etl_dag.py
[2023-02-16 20:51:53,280] {scheduler_job.py:643} INFO - DAG(s) dict_keys(['tutorial_etl_dag']) retrieved from /home/airflow/.local/lib/python3.6/site-packages/airflow/example_dags/tutorial_etl_dag.py
[2023-02-16 20:51:53,300] {logging_mixin.py:104} INFO - [2023-02-16 20:51:53,300] {dag.py:1833} INFO - Sync 1 DAGs
[2023-02-16 20:51:53,314] {logging_mixin.py:104} INFO - [2023-02-16 20:51:53,314] {dag.py:2306} INFO - Setting next_dagrun for tutorial_etl_dag to None
[2023-02-16 20:51:53,322] {scheduler_job.py:190} INFO - Processing /home/airflow/.local/lib/python3.6/site-packages/airflow/example_dags/tutorial_etl_dag.py took 0.058 seconds
[2023-02-16 20:52:23,825] {scheduler_job.py:182} INFO - Started process (PID=1141) to work on /home/airflow/.local/lib/python3.6/site-packages/airflow/example_dags/tutorial_etl_dag.py
[2023-02-16 20:52:23,826] {scheduler_job.py:633} INFO - Processing file /home/airflow/.local/lib/python3.6/site-packages/airflow/example_dags/tutorial_etl_dag.py for tasks to queue
[2023-02-16 20:52:23,827] {logging_mixin.py:104} INFO - [2023-02-16 20:52:23,827] {dagbag.py:496} INFO - Filling up the DagBag from /home/airflow/.local/lib/python3.6/site-packages/airflow/example_dags/tutorial_etl_dag.py
[2023-02-16 20:52:23,837] {scheduler_job.py:643} INFO - DAG(s) dict_keys(['tutorial_etl_dag']) retrieved from /home/airflow/.local/lib/python3.6/site-packages/airflow/example_dags/tutorial_etl_dag.py
[2023-02-16 20:52:23,855] {logging_mixin.py:104} INFO - [2023-02-16 20:52:23,855] {dag.py:1833} INFO - Sync 1 DAGs
[2023-02-16 20:52:23,868] {logging_mixin.py:104} INFO - [2023-02-16 20:52:23,868] {dag.py:2306} INFO - Setting next_dagrun for tutorial_etl_dag to None
[2023-02-16 20:52:23,876] {scheduler_job.py:190} INFO - Processing /home/airflow/.local/lib/python3.6/site-packages/airflow/example_dags/tutorial_etl_dag.py took 0.053 seconds
[2023-02-16 20:52:53,924] {scheduler_job.py:182} INFO - Started process (PID=1192) to work on /home/airflow/.local/lib/python3.6/site-packages/airflow/example_dags/tutorial_etl_dag.py
[2023-02-16 20:52:53,926] {scheduler_job.py:633} INFO - Processing file /home/airflow/.local/lib/python3.6/site-packages/airflow/example_dags/tutorial_etl_dag.py for tasks to queue
[2023-02-16 20:52:53,928] {logging_mixin.py:104} INFO - [2023-02-16 20:52:53,928] {dagbag.py:496} INFO - Filling up the DagBag from /home/airflow/.local/lib/python3.6/site-packages/airflow/example_dags/tutorial_etl_dag.py
[2023-02-16 20:52:54,003] {scheduler_job.py:643} INFO - DAG(s) dict_keys(['tutorial_etl_dag']) retrieved from /home/airflow/.local/lib/python3.6/site-packages/airflow/example_dags/tutorial_etl_dag.py
[2023-02-16 20:52:54,108] {logging_mixin.py:104} INFO - [2023-02-16 20:52:54,107] {dag.py:1833} INFO - Sync 1 DAGs
[2023-02-16 20:52:54,194] {logging_mixin.py:104} INFO - [2023-02-16 20:52:54,193] {dag.py:2306} INFO - Setting next_dagrun for tutorial_etl_dag to None
[2023-02-16 20:52:54,204] {scheduler_job.py:190} INFO - Processing /home/airflow/.local/lib/python3.6/site-packages/airflow/example_dags/tutorial_etl_dag.py took 0.289 seconds
[2023-02-16 20:53:24,295] {scheduler_job.py:182} INFO - Started process (PID=1243) to work on /home/airflow/.local/lib/python3.6/site-packages/airflow/example_dags/tutorial_etl_dag.py
[2023-02-16 20:53:24,297] {scheduler_job.py:633} INFO - Processing file /home/airflow/.local/lib/python3.6/site-packages/airflow/example_dags/tutorial_etl_dag.py for tasks to queue
[2023-02-16 20:53:24,297] {logging_mixin.py:104} INFO - [2023-02-16 20:53:24,297] {dagbag.py:496} INFO - Filling up the DagBag from /home/airflow/.local/lib/python3.6/site-packages/airflow/example_dags/tutorial_etl_dag.py
[2023-02-16 20:53:24,313] {scheduler_job.py:643} INFO - DAG(s) dict_keys(['tutorial_etl_dag']) retrieved from /home/airflow/.local/lib/python3.6/site-packages/airflow/example_dags/tutorial_etl_dag.py
[2023-02-16 20:53:24,484] {logging_mixin.py:104} INFO - [2023-02-16 20:53:24,484] {dag.py:1833} INFO - Sync 1 DAGs
[2023-02-16 20:53:24,587] {logging_mixin.py:104} INFO - [2023-02-16 20:53:24,587] {dag.py:2306} INFO - Setting next_dagrun for tutorial_etl_dag to None
[2023-02-16 20:53:24,689] {scheduler_job.py:190} INFO - Processing /home/airflow/.local/lib/python3.6/site-packages/airflow/example_dags/tutorial_etl_dag.py took 0.399 seconds
[2023-02-16 20:53:54,930] {scheduler_job.py:182} INFO - Started process (PID=1294) to work on /home/airflow/.local/lib/python3.6/site-packages/airflow/example_dags/tutorial_etl_dag.py
[2023-02-16 20:53:54,931] {scheduler_job.py:633} INFO - Processing file /home/airflow/.local/lib/python3.6/site-packages/airflow/example_dags/tutorial_etl_dag.py for tasks to queue
[2023-02-16 20:53:54,931] {logging_mixin.py:104} INFO - [2023-02-16 20:53:54,931] {dagbag.py:496} INFO - Filling up the DagBag from /home/airflow/.local/lib/python3.6/site-packages/airflow/example_dags/tutorial_etl_dag.py
[2023-02-16 20:53:54,941] {scheduler_job.py:643} INFO - DAG(s) dict_keys(['tutorial_etl_dag']) retrieved from /home/airflow/.local/lib/python3.6/site-packages/airflow/example_dags/tutorial_etl_dag.py
[2023-02-16 20:53:54,960] {logging_mixin.py:104} INFO - [2023-02-16 20:53:54,960] {dag.py:1833} INFO - Sync 1 DAGs
[2023-02-16 20:53:54,974] {logging_mixin.py:104} INFO - [2023-02-16 20:53:54,974] {dag.py:2306} INFO - Setting next_dagrun for tutorial_etl_dag to None
[2023-02-16 20:53:54,986] {scheduler_job.py:190} INFO - Processing /home/airflow/.local/lib/python3.6/site-packages/airflow/example_dags/tutorial_etl_dag.py took 0.059 seconds
[2023-02-16 20:54:25,672] {scheduler_job.py:182} INFO - Started process (PID=1345) to work on /home/airflow/.local/lib/python3.6/site-packages/airflow/example_dags/tutorial_etl_dag.py
[2023-02-16 20:54:25,673] {scheduler_job.py:633} INFO - Processing file /home/airflow/.local/lib/python3.6/site-packages/airflow/example_dags/tutorial_etl_dag.py for tasks to queue
[2023-02-16 20:54:25,673] {logging_mixin.py:104} INFO - [2023-02-16 20:54:25,673] {dagbag.py:496} INFO - Filling up the DagBag from /home/airflow/.local/lib/python3.6/site-packages/airflow/example_dags/tutorial_etl_dag.py
[2023-02-16 20:54:25,685] {scheduler_job.py:643} INFO - DAG(s) dict_keys(['tutorial_etl_dag']) retrieved from /home/airflow/.local/lib/python3.6/site-packages/airflow/example_dags/tutorial_etl_dag.py
[2023-02-16 20:54:25,705] {logging_mixin.py:104} INFO - [2023-02-16 20:54:25,705] {dag.py:1833} INFO - Sync 1 DAGs
[2023-02-16 20:54:25,719] {logging_mixin.py:104} INFO - [2023-02-16 20:54:25,719] {dag.py:2306} INFO - Setting next_dagrun for tutorial_etl_dag to None
[2023-02-16 20:54:25,728] {scheduler_job.py:190} INFO - Processing /home/airflow/.local/lib/python3.6/site-packages/airflow/example_dags/tutorial_etl_dag.py took 0.058 seconds
[2023-02-16 20:54:56,144] {scheduler_job.py:182} INFO - Started process (PID=1406) to work on /home/airflow/.local/lib/python3.6/site-packages/airflow/example_dags/tutorial_etl_dag.py
[2023-02-16 20:54:56,145] {scheduler_job.py:633} INFO - Processing file /home/airflow/.local/lib/python3.6/site-packages/airflow/example_dags/tutorial_etl_dag.py for tasks to queue
[2023-02-16 20:54:56,146] {logging_mixin.py:104} INFO - [2023-02-16 20:54:56,145] {dagbag.py:496} INFO - Filling up the DagBag from /home/airflow/.local/lib/python3.6/site-packages/airflow/example_dags/tutorial_etl_dag.py
[2023-02-16 20:54:56,157] {scheduler_job.py:643} INFO - DAG(s) dict_keys(['tutorial_etl_dag']) retrieved from /home/airflow/.local/lib/python3.6/site-packages/airflow/example_dags/tutorial_etl_dag.py
[2023-02-16 20:54:56,177] {logging_mixin.py:104} INFO - [2023-02-16 20:54:56,177] {dag.py:1833} INFO - Sync 1 DAGs
[2023-02-16 20:54:56,191] {logging_mixin.py:104} INFO - [2023-02-16 20:54:56,190] {dag.py:2306} INFO - Setting next_dagrun for tutorial_etl_dag to None
[2023-02-16 20:54:56,200] {scheduler_job.py:190} INFO - Processing /home/airflow/.local/lib/python3.6/site-packages/airflow/example_dags/tutorial_etl_dag.py took 0.059 seconds
[2023-02-16 20:55:26,582] {scheduler_job.py:182} INFO - Started process (PID=1458) to work on /home/airflow/.local/lib/python3.6/site-packages/airflow/example_dags/tutorial_etl_dag.py
[2023-02-16 20:55:26,583] {scheduler_job.py:633} INFO - Processing file /home/airflow/.local/lib/python3.6/site-packages/airflow/example_dags/tutorial_etl_dag.py for tasks to queue
[2023-02-16 20:55:26,584] {logging_mixin.py:104} INFO - [2023-02-16 20:55:26,584] {dagbag.py:496} INFO - Filling up the DagBag from /home/airflow/.local/lib/python3.6/site-packages/airflow/example_dags/tutorial_etl_dag.py
[2023-02-16 20:55:26,594] {scheduler_job.py:643} INFO - DAG(s) dict_keys(['tutorial_etl_dag']) retrieved from /home/airflow/.local/lib/python3.6/site-packages/airflow/example_dags/tutorial_etl_dag.py
[2023-02-16 20:55:26,613] {logging_mixin.py:104} INFO - [2023-02-16 20:55:26,613] {dag.py:1833} INFO - Sync 1 DAGs
[2023-02-16 20:55:26,630] {logging_mixin.py:104} INFO - [2023-02-16 20:55:26,630] {dag.py:2306} INFO - Setting next_dagrun for tutorial_etl_dag to None
[2023-02-16 20:55:26,639] {scheduler_job.py:190} INFO - Processing /home/airflow/.local/lib/python3.6/site-packages/airflow/example_dags/tutorial_etl_dag.py took 0.059 seconds
[2023-02-16 20:55:57,308] {scheduler_job.py:182} INFO - Started process (PID=1519) to work on /home/airflow/.local/lib/python3.6/site-packages/airflow/example_dags/tutorial_etl_dag.py
[2023-02-16 20:55:57,309] {scheduler_job.py:633} INFO - Processing file /home/airflow/.local/lib/python3.6/site-packages/airflow/example_dags/tutorial_etl_dag.py for tasks to queue
[2023-02-16 20:55:57,310] {logging_mixin.py:104} INFO - [2023-02-16 20:55:57,310] {dagbag.py:496} INFO - Filling up the DagBag from /home/airflow/.local/lib/python3.6/site-packages/airflow/example_dags/tutorial_etl_dag.py
[2023-02-16 20:55:57,326] {scheduler_job.py:643} INFO - DAG(s) dict_keys(['tutorial_etl_dag']) retrieved from /home/airflow/.local/lib/python3.6/site-packages/airflow/example_dags/tutorial_etl_dag.py
[2023-02-16 20:55:57,363] {logging_mixin.py:104} INFO - [2023-02-16 20:55:57,363] {dag.py:1833} INFO - Sync 1 DAGs
[2023-02-16 20:55:57,396] {logging_mixin.py:104} INFO - [2023-02-16 20:55:57,396] {dag.py:2306} INFO - Setting next_dagrun for tutorial_etl_dag to None
[2023-02-16 20:55:57,408] {scheduler_job.py:190} INFO - Processing /home/airflow/.local/lib/python3.6/site-packages/airflow/example_dags/tutorial_etl_dag.py took 0.103 seconds
[2023-02-16 20:56:27,842] {scheduler_job.py:182} INFO - Started process (PID=1570) to work on /home/airflow/.local/lib/python3.6/site-packages/airflow/example_dags/tutorial_etl_dag.py
[2023-02-16 20:56:27,843] {scheduler_job.py:633} INFO - Processing file /home/airflow/.local/lib/python3.6/site-packages/airflow/example_dags/tutorial_etl_dag.py for tasks to queue
[2023-02-16 20:56:27,843] {logging_mixin.py:104} INFO - [2023-02-16 20:56:27,843] {dagbag.py:496} INFO - Filling up the DagBag from /home/airflow/.local/lib/python3.6/site-packages/airflow/example_dags/tutorial_etl_dag.py
[2023-02-16 20:56:27,854] {scheduler_job.py:643} INFO - DAG(s) dict_keys(['tutorial_etl_dag']) retrieved from /home/airflow/.local/lib/python3.6/site-packages/airflow/example_dags/tutorial_etl_dag.py
[2023-02-16 20:56:27,873] {logging_mixin.py:104} INFO - [2023-02-16 20:56:27,873] {dag.py:1833} INFO - Sync 1 DAGs
[2023-02-16 20:56:27,889] {logging_mixin.py:104} INFO - [2023-02-16 20:56:27,888] {dag.py:2306} INFO - Setting next_dagrun for tutorial_etl_dag to None
[2023-02-16 20:56:27,897] {scheduler_job.py:190} INFO - Processing /home/airflow/.local/lib/python3.6/site-packages/airflow/example_dags/tutorial_etl_dag.py took 0.058 seconds
[2023-02-16 20:56:58,396] {scheduler_job.py:182} INFO - Started process (PID=1631) to work on /home/airflow/.local/lib/python3.6/site-packages/airflow/example_dags/tutorial_etl_dag.py
[2023-02-16 20:56:58,396] {scheduler_job.py:633} INFO - Processing file /home/airflow/.local/lib/python3.6/site-packages/airflow/example_dags/tutorial_etl_dag.py for tasks to queue
[2023-02-16 20:56:58,397] {logging_mixin.py:104} INFO - [2023-02-16 20:56:58,397] {dagbag.py:496} INFO - Filling up the DagBag from /home/airflow/.local/lib/python3.6/site-packages/airflow/example_dags/tutorial_etl_dag.py
[2023-02-16 20:56:58,406] {scheduler_job.py:643} INFO - DAG(s) dict_keys(['tutorial_etl_dag']) retrieved from /home/airflow/.local/lib/python3.6/site-packages/airflow/example_dags/tutorial_etl_dag.py
[2023-02-16 20:56:58,428] {logging_mixin.py:104} INFO - [2023-02-16 20:56:58,427] {dag.py:1833} INFO - Sync 1 DAGs
[2023-02-16 20:56:58,442] {logging_mixin.py:104} INFO - [2023-02-16 20:56:58,442] {dag.py:2306} INFO - Setting next_dagrun for tutorial_etl_dag to None
[2023-02-16 20:56:58,450] {scheduler_job.py:190} INFO - Processing /home/airflow/.local/lib/python3.6/site-packages/airflow/example_dags/tutorial_etl_dag.py took 0.057 seconds
[2023-02-16 20:57:29,015] {scheduler_job.py:182} INFO - Started process (PID=1681) to work on /home/airflow/.local/lib/python3.6/site-packages/airflow/example_dags/tutorial_etl_dag.py
[2023-02-16 20:57:29,016] {scheduler_job.py:633} INFO - Processing file /home/airflow/.local/lib/python3.6/site-packages/airflow/example_dags/tutorial_etl_dag.py for tasks to queue
[2023-02-16 20:57:29,016] {logging_mixin.py:104} INFO - [2023-02-16 20:57:29,016] {dagbag.py:496} INFO - Filling up the DagBag from /home/airflow/.local/lib/python3.6/site-packages/airflow/example_dags/tutorial_etl_dag.py
[2023-02-16 20:57:29,028] {scheduler_job.py:643} INFO - DAG(s) dict_keys(['tutorial_etl_dag']) retrieved from /home/airflow/.local/lib/python3.6/site-packages/airflow/example_dags/tutorial_etl_dag.py
[2023-02-16 20:57:29,044] {logging_mixin.py:104} INFO - [2023-02-16 20:57:29,044] {dag.py:1833} INFO - Sync 1 DAGs
[2023-02-16 20:57:29,057] {logging_mixin.py:104} INFO - [2023-02-16 20:57:29,057] {dag.py:2306} INFO - Setting next_dagrun for tutorial_etl_dag to None
[2023-02-16 20:57:29,064] {scheduler_job.py:190} INFO - Processing /home/airflow/.local/lib/python3.6/site-packages/airflow/example_dags/tutorial_etl_dag.py took 0.052 seconds
[2023-02-16 20:57:59,232] {scheduler_job.py:182} INFO - Started process (PID=1741) to work on /home/airflow/.local/lib/python3.6/site-packages/airflow/example_dags/tutorial_etl_dag.py
[2023-02-16 20:57:59,233] {scheduler_job.py:633} INFO - Processing file /home/airflow/.local/lib/python3.6/site-packages/airflow/example_dags/tutorial_etl_dag.py for tasks to queue
[2023-02-16 20:57:59,234] {logging_mixin.py:104} INFO - [2023-02-16 20:57:59,234] {dagbag.py:496} INFO - Filling up the DagBag from /home/airflow/.local/lib/python3.6/site-packages/airflow/example_dags/tutorial_etl_dag.py
[2023-02-16 20:57:59,245] {scheduler_job.py:643} INFO - DAG(s) dict_keys(['tutorial_etl_dag']) retrieved from /home/airflow/.local/lib/python3.6/site-packages/airflow/example_dags/tutorial_etl_dag.py
[2023-02-16 20:57:59,275] {logging_mixin.py:104} INFO - [2023-02-16 20:57:59,275] {dag.py:1833} INFO - Sync 1 DAGs
[2023-02-16 20:57:59,293] {logging_mixin.py:104} INFO - [2023-02-16 20:57:59,293] {dag.py:2306} INFO - Setting next_dagrun for tutorial_etl_dag to None
[2023-02-16 20:57:59,301] {scheduler_job.py:190} INFO - Processing /home/airflow/.local/lib/python3.6/site-packages/airflow/example_dags/tutorial_etl_dag.py took 0.072 seconds
[2023-02-16 20:58:30,034] {scheduler_job.py:182} INFO - Started process (PID=1793) to work on /home/airflow/.local/lib/python3.6/site-packages/airflow/example_dags/tutorial_etl_dag.py
[2023-02-16 20:58:30,036] {scheduler_job.py:633} INFO - Processing file /home/airflow/.local/lib/python3.6/site-packages/airflow/example_dags/tutorial_etl_dag.py for tasks to queue
[2023-02-16 20:58:30,036] {logging_mixin.py:104} INFO - [2023-02-16 20:58:30,036] {dagbag.py:496} INFO - Filling up the DagBag from /home/airflow/.local/lib/python3.6/site-packages/airflow/example_dags/tutorial_etl_dag.py
[2023-02-16 20:58:30,046] {scheduler_job.py:643} INFO - DAG(s) dict_keys(['tutorial_etl_dag']) retrieved from /home/airflow/.local/lib/python3.6/site-packages/airflow/example_dags/tutorial_etl_dag.py
[2023-02-16 20:58:30,065] {logging_mixin.py:104} INFO - [2023-02-16 20:58:30,065] {dag.py:1833} INFO - Sync 1 DAGs
[2023-02-16 20:58:30,077] {logging_mixin.py:104} INFO - [2023-02-16 20:58:30,077] {dag.py:2306} INFO - Setting next_dagrun for tutorial_etl_dag to None
[2023-02-16 20:58:30,088] {scheduler_job.py:190} INFO - Processing /home/airflow/.local/lib/python3.6/site-packages/airflow/example_dags/tutorial_etl_dag.py took 0.056 seconds
[2023-02-16 20:59:00,157] {scheduler_job.py:182} INFO - Started process (PID=1844) to work on /home/airflow/.local/lib/python3.6/site-packages/airflow/example_dags/tutorial_etl_dag.py
[2023-02-16 20:59:00,158] {scheduler_job.py:633} INFO - Processing file /home/airflow/.local/lib/python3.6/site-packages/airflow/example_dags/tutorial_etl_dag.py for tasks to queue
[2023-02-16 20:59:00,158] {logging_mixin.py:104} INFO - [2023-02-16 20:59:00,158] {dagbag.py:496} INFO - Filling up the DagBag from /home/airflow/.local/lib/python3.6/site-packages/airflow/example_dags/tutorial_etl_dag.py
[2023-02-16 20:59:00,169] {scheduler_job.py:643} INFO - DAG(s) dict_keys(['tutorial_etl_dag']) retrieved from /home/airflow/.local/lib/python3.6/site-packages/airflow/example_dags/tutorial_etl_dag.py
[2023-02-16 20:59:00,188] {logging_mixin.py:104} INFO - [2023-02-16 20:59:00,188] {dag.py:1833} INFO - Sync 1 DAGs
[2023-02-16 20:59:00,202] {logging_mixin.py:104} INFO - [2023-02-16 20:59:00,202] {dag.py:2306} INFO - Setting next_dagrun for tutorial_etl_dag to None
[2023-02-16 20:59:00,210] {scheduler_job.py:190} INFO - Processing /home/airflow/.local/lib/python3.6/site-packages/airflow/example_dags/tutorial_etl_dag.py took 0.056 seconds
[2023-02-16 20:59:30,435] {scheduler_job.py:182} INFO - Started process (PID=1905) to work on /home/airflow/.local/lib/python3.6/site-packages/airflow/example_dags/tutorial_etl_dag.py
[2023-02-16 20:59:30,436] {scheduler_job.py:633} INFO - Processing file /home/airflow/.local/lib/python3.6/site-packages/airflow/example_dags/tutorial_etl_dag.py for tasks to queue
[2023-02-16 20:59:30,437] {logging_mixin.py:104} INFO - [2023-02-16 20:59:30,437] {dagbag.py:496} INFO - Filling up the DagBag from /home/airflow/.local/lib/python3.6/site-packages/airflow/example_dags/tutorial_etl_dag.py
[2023-02-16 20:59:30,448] {scheduler_job.py:643} INFO - DAG(s) dict_keys(['tutorial_etl_dag']) retrieved from /home/airflow/.local/lib/python3.6/site-packages/airflow/example_dags/tutorial_etl_dag.py
[2023-02-16 20:59:30,466] {logging_mixin.py:104} INFO - [2023-02-16 20:59:30,466] {dag.py:1833} INFO - Sync 1 DAGs
[2023-02-16 20:59:30,478] {logging_mixin.py:104} INFO - [2023-02-16 20:59:30,478] {dag.py:2306} INFO - Setting next_dagrun for tutorial_etl_dag to None
[2023-02-16 20:59:30,486] {scheduler_job.py:190} INFO - Processing /home/airflow/.local/lib/python3.6/site-packages/airflow/example_dags/tutorial_etl_dag.py took 0.053 seconds
[2023-02-16 21:00:00,917] {scheduler_job.py:182} INFO - Started process (PID=1956) to work on /home/airflow/.local/lib/python3.6/site-packages/airflow/example_dags/tutorial_etl_dag.py
[2023-02-16 21:00:00,918] {scheduler_job.py:633} INFO - Processing file /home/airflow/.local/lib/python3.6/site-packages/airflow/example_dags/tutorial_etl_dag.py for tasks to queue
[2023-02-16 21:00:00,919] {logging_mixin.py:104} INFO - [2023-02-16 21:00:00,919] {dagbag.py:496} INFO - Filling up the DagBag from /home/airflow/.local/lib/python3.6/site-packages/airflow/example_dags/tutorial_etl_dag.py
[2023-02-16 21:00:00,931] {scheduler_job.py:643} INFO - DAG(s) dict_keys(['tutorial_etl_dag']) retrieved from /home/airflow/.local/lib/python3.6/site-packages/airflow/example_dags/tutorial_etl_dag.py
[2023-02-16 21:00:00,954] {logging_mixin.py:104} INFO - [2023-02-16 21:00:00,954] {dag.py:1833} INFO - Sync 1 DAGs
[2023-02-16 21:00:00,968] {logging_mixin.py:104} INFO - [2023-02-16 21:00:00,967] {dag.py:2306} INFO - Setting next_dagrun for tutorial_etl_dag to None
[2023-02-16 21:00:00,977] {scheduler_job.py:190} INFO - Processing /home/airflow/.local/lib/python3.6/site-packages/airflow/example_dags/tutorial_etl_dag.py took 0.063 seconds
[2023-02-16 21:00:31,426] {scheduler_job.py:182} INFO - Started process (PID=2017) to work on /home/airflow/.local/lib/python3.6/site-packages/airflow/example_dags/tutorial_etl_dag.py
[2023-02-16 21:00:31,426] {scheduler_job.py:633} INFO - Processing file /home/airflow/.local/lib/python3.6/site-packages/airflow/example_dags/tutorial_etl_dag.py for tasks to queue
[2023-02-16 21:00:31,427] {logging_mixin.py:104} INFO - [2023-02-16 21:00:31,427] {dagbag.py:496} INFO - Filling up the DagBag from /home/airflow/.local/lib/python3.6/site-packages/airflow/example_dags/tutorial_etl_dag.py
[2023-02-16 21:00:31,439] {scheduler_job.py:643} INFO - DAG(s) dict_keys(['tutorial_etl_dag']) retrieved from /home/airflow/.local/lib/python3.6/site-packages/airflow/example_dags/tutorial_etl_dag.py
[2023-02-16 21:00:31,458] {logging_mixin.py:104} INFO - [2023-02-16 21:00:31,458] {dag.py:1833} INFO - Sync 1 DAGs
[2023-02-16 21:00:31,473] {logging_mixin.py:104} INFO - [2023-02-16 21:00:31,473] {dag.py:2306} INFO - Setting next_dagrun for tutorial_etl_dag to None
[2023-02-16 21:00:31,482] {scheduler_job.py:190} INFO - Processing /home/airflow/.local/lib/python3.6/site-packages/airflow/example_dags/tutorial_etl_dag.py took 0.059 seconds
[2023-02-16 21:01:01,837] {scheduler_job.py:182} INFO - Started process (PID=2068) to work on /home/airflow/.local/lib/python3.6/site-packages/airflow/example_dags/tutorial_etl_dag.py
[2023-02-16 21:01:01,838] {scheduler_job.py:633} INFO - Processing file /home/airflow/.local/lib/python3.6/site-packages/airflow/example_dags/tutorial_etl_dag.py for tasks to queue
[2023-02-16 21:01:01,838] {logging_mixin.py:104} INFO - [2023-02-16 21:01:01,838] {dagbag.py:496} INFO - Filling up the DagBag from /home/airflow/.local/lib/python3.6/site-packages/airflow/example_dags/tutorial_etl_dag.py
[2023-02-16 21:01:01,850] {scheduler_job.py:643} INFO - DAG(s) dict_keys(['tutorial_etl_dag']) retrieved from /home/airflow/.local/lib/python3.6/site-packages/airflow/example_dags/tutorial_etl_dag.py
[2023-02-16 21:01:01,866] {logging_mixin.py:104} INFO - [2023-02-16 21:01:01,866] {dag.py:1833} INFO - Sync 1 DAGs
[2023-02-16 21:01:01,881] {logging_mixin.py:104} INFO - [2023-02-16 21:01:01,881] {dag.py:2306} INFO - Setting next_dagrun for tutorial_etl_dag to None
[2023-02-16 21:01:01,889] {scheduler_job.py:190} INFO - Processing /home/airflow/.local/lib/python3.6/site-packages/airflow/example_dags/tutorial_etl_dag.py took 0.055 seconds
[2023-02-16 21:01:32,319] {scheduler_job.py:182} INFO - Started process (PID=2129) to work on /home/airflow/.local/lib/python3.6/site-packages/airflow/example_dags/tutorial_etl_dag.py
[2023-02-16 21:01:32,320] {scheduler_job.py:633} INFO - Processing file /home/airflow/.local/lib/python3.6/site-packages/airflow/example_dags/tutorial_etl_dag.py for tasks to queue
[2023-02-16 21:01:32,321] {logging_mixin.py:104} INFO - [2023-02-16 21:01:32,321] {dagbag.py:496} INFO - Filling up the DagBag from /home/airflow/.local/lib/python3.6/site-packages/airflow/example_dags/tutorial_etl_dag.py
[2023-02-16 21:01:32,333] {scheduler_job.py:643} INFO - DAG(s) dict_keys(['tutorial_etl_dag']) retrieved from /home/airflow/.local/lib/python3.6/site-packages/airflow/example_dags/tutorial_etl_dag.py
[2023-02-16 21:01:32,354] {logging_mixin.py:104} INFO - [2023-02-16 21:01:32,353] {dag.py:1833} INFO - Sync 1 DAGs
[2023-02-16 21:01:32,370] {logging_mixin.py:104} INFO - [2023-02-16 21:01:32,370] {dag.py:2306} INFO - Setting next_dagrun for tutorial_etl_dag to None
[2023-02-16 21:01:32,379] {scheduler_job.py:190} INFO - Processing /home/airflow/.local/lib/python3.6/site-packages/airflow/example_dags/tutorial_etl_dag.py took 0.063 seconds
[2023-02-16 21:02:02,609] {scheduler_job.py:182} INFO - Started process (PID=2180) to work on /home/airflow/.local/lib/python3.6/site-packages/airflow/example_dags/tutorial_etl_dag.py
[2023-02-16 21:02:02,610] {scheduler_job.py:633} INFO - Processing file /home/airflow/.local/lib/python3.6/site-packages/airflow/example_dags/tutorial_etl_dag.py for tasks to queue
[2023-02-16 21:02:02,611] {logging_mixin.py:104} INFO - [2023-02-16 21:02:02,610] {dagbag.py:496} INFO - Filling up the DagBag from /home/airflow/.local/lib/python3.6/site-packages/airflow/example_dags/tutorial_etl_dag.py
[2023-02-16 21:02:02,622] {scheduler_job.py:643} INFO - DAG(s) dict_keys(['tutorial_etl_dag']) retrieved from /home/airflow/.local/lib/python3.6/site-packages/airflow/example_dags/tutorial_etl_dag.py
[2023-02-16 21:02:02,641] {logging_mixin.py:104} INFO - [2023-02-16 21:02:02,641] {dag.py:1833} INFO - Sync 1 DAGs
[2023-02-16 21:02:02,657] {logging_mixin.py:104} INFO - [2023-02-16 21:02:02,657] {dag.py:2306} INFO - Setting next_dagrun for tutorial_etl_dag to None
[2023-02-16 21:02:02,668] {scheduler_job.py:190} INFO - Processing /home/airflow/.local/lib/python3.6/site-packages/airflow/example_dags/tutorial_etl_dag.py took 0.061 seconds
[2023-02-16 21:02:33,276] {scheduler_job.py:182} INFO - Started process (PID=2242) to work on /home/airflow/.local/lib/python3.6/site-packages/airflow/example_dags/tutorial_etl_dag.py
[2023-02-16 21:02:33,277] {scheduler_job.py:633} INFO - Processing file /home/airflow/.local/lib/python3.6/site-packages/airflow/example_dags/tutorial_etl_dag.py for tasks to queue
[2023-02-16 21:02:33,277] {logging_mixin.py:104} INFO - [2023-02-16 21:02:33,277] {dagbag.py:496} INFO - Filling up the DagBag from /home/airflow/.local/lib/python3.6/site-packages/airflow/example_dags/tutorial_etl_dag.py
[2023-02-16 21:02:33,290] {scheduler_job.py:643} INFO - DAG(s) dict_keys(['tutorial_etl_dag']) retrieved from /home/airflow/.local/lib/python3.6/site-packages/airflow/example_dags/tutorial_etl_dag.py
[2023-02-16 21:02:33,323] {logging_mixin.py:104} INFO - [2023-02-16 21:02:33,322] {dag.py:1833} INFO - Sync 1 DAGs
[2023-02-16 21:02:33,337] {logging_mixin.py:104} INFO - [2023-02-16 21:02:33,337] {dag.py:2306} INFO - Setting next_dagrun for tutorial_etl_dag to None
[2023-02-16 21:02:33,345] {scheduler_job.py:190} INFO - Processing /home/airflow/.local/lib/python3.6/site-packages/airflow/example_dags/tutorial_etl_dag.py took 0.072 seconds
[2023-02-16 21:03:03,760] {scheduler_job.py:182} INFO - Started process (PID=2293) to work on /home/airflow/.local/lib/python3.6/site-packages/airflow/example_dags/tutorial_etl_dag.py
[2023-02-16 21:03:03,761] {scheduler_job.py:633} INFO - Processing file /home/airflow/.local/lib/python3.6/site-packages/airflow/example_dags/tutorial_etl_dag.py for tasks to queue
[2023-02-16 21:03:03,762] {logging_mixin.py:104} INFO - [2023-02-16 21:03:03,761] {dagbag.py:496} INFO - Filling up the DagBag from /home/airflow/.local/lib/python3.6/site-packages/airflow/example_dags/tutorial_etl_dag.py
[2023-02-16 21:03:03,775] {scheduler_job.py:643} INFO - DAG(s) dict_keys(['tutorial_etl_dag']) retrieved from /home/airflow/.local/lib/python3.6/site-packages/airflow/example_dags/tutorial_etl_dag.py
[2023-02-16 21:03:03,795] {logging_mixin.py:104} INFO - [2023-02-16 21:03:03,794] {dag.py:1833} INFO - Sync 1 DAGs
[2023-02-16 21:03:03,808] {logging_mixin.py:104} INFO - [2023-02-16 21:03:03,807] {dag.py:2306} INFO - Setting next_dagrun for tutorial_etl_dag to None
[2023-02-16 21:03:03,815] {scheduler_job.py:190} INFO - Processing /home/airflow/.local/lib/python3.6/site-packages/airflow/example_dags/tutorial_etl_dag.py took 0.058 seconds
[2023-02-16 21:03:34,030] {scheduler_job.py:182} INFO - Started process (PID=2354) to work on /home/airflow/.local/lib/python3.6/site-packages/airflow/example_dags/tutorial_etl_dag.py
[2023-02-16 21:03:34,034] {scheduler_job.py:633} INFO - Processing file /home/airflow/.local/lib/python3.6/site-packages/airflow/example_dags/tutorial_etl_dag.py for tasks to queue
[2023-02-16 21:03:34,034] {logging_mixin.py:104} INFO - [2023-02-16 21:03:34,034] {dagbag.py:496} INFO - Filling up the DagBag from /home/airflow/.local/lib/python3.6/site-packages/airflow/example_dags/tutorial_etl_dag.py
[2023-02-16 21:03:34,087] {scheduler_job.py:643} INFO - DAG(s) dict_keys(['tutorial_etl_dag']) retrieved from /home/airflow/.local/lib/python3.6/site-packages/airflow/example_dags/tutorial_etl_dag.py
[2023-02-16 21:03:34,187] {logging_mixin.py:104} INFO - [2023-02-16 21:03:34,187] {dag.py:1833} INFO - Sync 1 DAGs
[2023-02-16 21:03:34,207] {logging_mixin.py:104} INFO - [2023-02-16 21:03:34,207] {dag.py:2306} INFO - Setting next_dagrun for tutorial_etl_dag to None
[2023-02-16 21:03:34,219] {scheduler_job.py:190} INFO - Processing /home/airflow/.local/lib/python3.6/site-packages/airflow/example_dags/tutorial_etl_dag.py took 0.192 seconds
[2023-02-16 21:04:04,360] {scheduler_job.py:182} INFO - Started process (PID=2405) to work on /home/airflow/.local/lib/python3.6/site-packages/airflow/example_dags/tutorial_etl_dag.py
[2023-02-16 21:04:04,360] {scheduler_job.py:633} INFO - Processing file /home/airflow/.local/lib/python3.6/site-packages/airflow/example_dags/tutorial_etl_dag.py for tasks to queue
[2023-02-16 21:04:04,361] {logging_mixin.py:104} INFO - [2023-02-16 21:04:04,361] {dagbag.py:496} INFO - Filling up the DagBag from /home/airflow/.local/lib/python3.6/site-packages/airflow/example_dags/tutorial_etl_dag.py
[2023-02-16 21:04:04,371] {scheduler_job.py:643} INFO - DAG(s) dict_keys(['tutorial_etl_dag']) retrieved from /home/airflow/.local/lib/python3.6/site-packages/airflow/example_dags/tutorial_etl_dag.py
[2023-02-16 21:04:04,392] {logging_mixin.py:104} INFO - [2023-02-16 21:04:04,392] {dag.py:1833} INFO - Sync 1 DAGs
[2023-02-16 21:04:04,406] {logging_mixin.py:104} INFO - [2023-02-16 21:04:04,406] {dag.py:2306} INFO - Setting next_dagrun for tutorial_etl_dag to None
[2023-02-16 21:04:04,415] {scheduler_job.py:190} INFO - Processing /home/airflow/.local/lib/python3.6/site-packages/airflow/example_dags/tutorial_etl_dag.py took 0.058 seconds
[2023-02-16 21:04:34,433] {scheduler_job.py:182} INFO - Started process (PID=2455) to work on /home/airflow/.local/lib/python3.6/site-packages/airflow/example_dags/tutorial_etl_dag.py
[2023-02-16 21:04:34,434] {scheduler_job.py:633} INFO - Processing file /home/airflow/.local/lib/python3.6/site-packages/airflow/example_dags/tutorial_etl_dag.py for tasks to queue
[2023-02-16 21:04:34,434] {logging_mixin.py:104} INFO - [2023-02-16 21:04:34,434] {dagbag.py:496} INFO - Filling up the DagBag from /home/airflow/.local/lib/python3.6/site-packages/airflow/example_dags/tutorial_etl_dag.py
[2023-02-16 21:04:34,444] {scheduler_job.py:643} INFO - DAG(s) dict_keys(['tutorial_etl_dag']) retrieved from /home/airflow/.local/lib/python3.6/site-packages/airflow/example_dags/tutorial_etl_dag.py
[2023-02-16 21:04:34,461] {logging_mixin.py:104} INFO - [2023-02-16 21:04:34,461] {dag.py:1833} INFO - Sync 1 DAGs
[2023-02-16 21:04:34,473] {logging_mixin.py:104} INFO - [2023-02-16 21:04:34,473] {dag.py:2306} INFO - Setting next_dagrun for tutorial_etl_dag to None
[2023-02-16 21:04:34,481] {scheduler_job.py:190} INFO - Processing /home/airflow/.local/lib/python3.6/site-packages/airflow/example_dags/tutorial_etl_dag.py took 0.050 seconds
[2023-02-16 21:05:05,018] {scheduler_job.py:182} INFO - Started process (PID=2516) to work on /home/airflow/.local/lib/python3.6/site-packages/airflow/example_dags/tutorial_etl_dag.py
[2023-02-16 21:05:05,019] {scheduler_job.py:633} INFO - Processing file /home/airflow/.local/lib/python3.6/site-packages/airflow/example_dags/tutorial_etl_dag.py for tasks to queue
[2023-02-16 21:05:05,019] {logging_mixin.py:104} INFO - [2023-02-16 21:05:05,019] {dagbag.py:496} INFO - Filling up the DagBag from /home/airflow/.local/lib/python3.6/site-packages/airflow/example_dags/tutorial_etl_dag.py
[2023-02-16 21:05:05,030] {scheduler_job.py:643} INFO - DAG(s) dict_keys(['tutorial_etl_dag']) retrieved from /home/airflow/.local/lib/python3.6/site-packages/airflow/example_dags/tutorial_etl_dag.py
[2023-02-16 21:05:05,051] {logging_mixin.py:104} INFO - [2023-02-16 21:05:05,051] {dag.py:1833} INFO - Sync 1 DAGs
[2023-02-16 21:05:05,065] {logging_mixin.py:104} INFO - [2023-02-16 21:05:05,065] {dag.py:2306} INFO - Setting next_dagrun for tutorial_etl_dag to None
[2023-02-16 21:05:05,072] {scheduler_job.py:190} INFO - Processing /home/airflow/.local/lib/python3.6/site-packages/airflow/example_dags/tutorial_etl_dag.py took 0.057 seconds
[2023-02-16 21:05:35,813] {scheduler_job.py:182} INFO - Started process (PID=2567) to work on /home/airflow/.local/lib/python3.6/site-packages/airflow/example_dags/tutorial_etl_dag.py
[2023-02-16 21:05:35,814] {scheduler_job.py:633} INFO - Processing file /home/airflow/.local/lib/python3.6/site-packages/airflow/example_dags/tutorial_etl_dag.py for tasks to queue
[2023-02-16 21:05:35,815] {logging_mixin.py:104} INFO - [2023-02-16 21:05:35,814] {dagbag.py:496} INFO - Filling up the DagBag from /home/airflow/.local/lib/python3.6/site-packages/airflow/example_dags/tutorial_etl_dag.py
[2023-02-16 21:05:35,825] {scheduler_job.py:643} INFO - DAG(s) dict_keys(['tutorial_etl_dag']) retrieved from /home/airflow/.local/lib/python3.6/site-packages/airflow/example_dags/tutorial_etl_dag.py
[2023-02-16 21:05:35,845] {logging_mixin.py:104} INFO - [2023-02-16 21:05:35,845] {dag.py:1833} INFO - Sync 1 DAGs
[2023-02-16 21:05:35,858] {logging_mixin.py:104} INFO - [2023-02-16 21:05:35,858] {dag.py:2306} INFO - Setting next_dagrun for tutorial_etl_dag to None
[2023-02-16 21:05:35,866] {scheduler_job.py:190} INFO - Processing /home/airflow/.local/lib/python3.6/site-packages/airflow/example_dags/tutorial_etl_dag.py took 0.055 seconds
[2023-02-16 21:06:06,322] {scheduler_job.py:182} INFO - Started process (PID=2628) to work on /home/airflow/.local/lib/python3.6/site-packages/airflow/example_dags/tutorial_etl_dag.py
[2023-02-16 21:06:06,323] {scheduler_job.py:633} INFO - Processing file /home/airflow/.local/lib/python3.6/site-packages/airflow/example_dags/tutorial_etl_dag.py for tasks to queue
[2023-02-16 21:06:06,323] {logging_mixin.py:104} INFO - [2023-02-16 21:06:06,323] {dagbag.py:496} INFO - Filling up the DagBag from /home/airflow/.local/lib/python3.6/site-packages/airflow/example_dags/tutorial_etl_dag.py
[2023-02-16 21:06:06,335] {scheduler_job.py:643} INFO - DAG(s) dict_keys(['tutorial_etl_dag']) retrieved from /home/airflow/.local/lib/python3.6/site-packages/airflow/example_dags/tutorial_etl_dag.py
[2023-02-16 21:06:06,357] {logging_mixin.py:104} INFO - [2023-02-16 21:06:06,357] {dag.py:1833} INFO - Sync 1 DAGs
[2023-02-16 21:06:06,371] {logging_mixin.py:104} INFO - [2023-02-16 21:06:06,371] {dag.py:2306} INFO - Setting next_dagrun for tutorial_etl_dag to None
[2023-02-16 21:06:06,380] {scheduler_job.py:190} INFO - Processing /home/airflow/.local/lib/python3.6/site-packages/airflow/example_dags/tutorial_etl_dag.py took 0.062 seconds
[2023-02-16 21:06:36,932] {scheduler_job.py:182} INFO - Started process (PID=2679) to work on /home/airflow/.local/lib/python3.6/site-packages/airflow/example_dags/tutorial_etl_dag.py
[2023-02-16 21:06:36,933] {scheduler_job.py:633} INFO - Processing file /home/airflow/.local/lib/python3.6/site-packages/airflow/example_dags/tutorial_etl_dag.py for tasks to queue
[2023-02-16 21:06:36,934] {logging_mixin.py:104} INFO - [2023-02-16 21:06:36,934] {dagbag.py:496} INFO - Filling up the DagBag from /home/airflow/.local/lib/python3.6/site-packages/airflow/example_dags/tutorial_etl_dag.py
[2023-02-16 21:06:36,944] {scheduler_job.py:643} INFO - DAG(s) dict_keys(['tutorial_etl_dag']) retrieved from /home/airflow/.local/lib/python3.6/site-packages/airflow/example_dags/tutorial_etl_dag.py
[2023-02-16 21:06:36,962] {logging_mixin.py:104} INFO - [2023-02-16 21:06:36,961] {dag.py:1833} INFO - Sync 1 DAGs
[2023-02-16 21:06:36,975] {logging_mixin.py:104} INFO - [2023-02-16 21:06:36,974] {dag.py:2306} INFO - Setting next_dagrun for tutorial_etl_dag to None
[2023-02-16 21:06:36,982] {scheduler_job.py:190} INFO - Processing /home/airflow/.local/lib/python3.6/site-packages/airflow/example_dags/tutorial_etl_dag.py took 0.052 seconds
[2023-02-16 21:07:07,608] {scheduler_job.py:182} INFO - Started process (PID=2740) to work on /home/airflow/.local/lib/python3.6/site-packages/airflow/example_dags/tutorial_etl_dag.py
[2023-02-16 21:07:07,608] {scheduler_job.py:633} INFO - Processing file /home/airflow/.local/lib/python3.6/site-packages/airflow/example_dags/tutorial_etl_dag.py for tasks to queue
[2023-02-16 21:07:07,609] {logging_mixin.py:104} INFO - [2023-02-16 21:07:07,609] {dagbag.py:496} INFO - Filling up the DagBag from /home/airflow/.local/lib/python3.6/site-packages/airflow/example_dags/tutorial_etl_dag.py
[2023-02-16 21:07:07,621] {scheduler_job.py:643} INFO - DAG(s) dict_keys(['tutorial_etl_dag']) retrieved from /home/airflow/.local/lib/python3.6/site-packages/airflow/example_dags/tutorial_etl_dag.py
[2023-02-16 21:07:07,642] {logging_mixin.py:104} INFO - [2023-02-16 21:07:07,642] {dag.py:1833} INFO - Sync 1 DAGs
[2023-02-16 21:07:07,659] {logging_mixin.py:104} INFO - [2023-02-16 21:07:07,659] {dag.py:2306} INFO - Setting next_dagrun for tutorial_etl_dag to None
[2023-02-16 21:07:07,671] {scheduler_job.py:190} INFO - Processing /home/airflow/.local/lib/python3.6/site-packages/airflow/example_dags/tutorial_etl_dag.py took 0.066 seconds
[2023-02-16 21:07:38,048] {scheduler_job.py:182} INFO - Started process (PID=2791) to work on /home/airflow/.local/lib/python3.6/site-packages/airflow/example_dags/tutorial_etl_dag.py
[2023-02-16 21:07:38,049] {scheduler_job.py:633} INFO - Processing file /home/airflow/.local/lib/python3.6/site-packages/airflow/example_dags/tutorial_etl_dag.py for tasks to queue
[2023-02-16 21:07:38,049] {logging_mixin.py:104} INFO - [2023-02-16 21:07:38,049] {dagbag.py:496} INFO - Filling up the DagBag from /home/airflow/.local/lib/python3.6/site-packages/airflow/example_dags/tutorial_etl_dag.py
[2023-02-16 21:07:38,060] {scheduler_job.py:643} INFO - DAG(s) dict_keys(['tutorial_etl_dag']) retrieved from /home/airflow/.local/lib/python3.6/site-packages/airflow/example_dags/tutorial_etl_dag.py
[2023-02-16 21:07:38,077] {logging_mixin.py:104} INFO - [2023-02-16 21:07:38,077] {dag.py:1833} INFO - Sync 1 DAGs
[2023-02-16 21:07:38,090] {logging_mixin.py:104} INFO - [2023-02-16 21:07:38,090] {dag.py:2306} INFO - Setting next_dagrun for tutorial_etl_dag to None
[2023-02-16 21:07:38,098] {scheduler_job.py:190} INFO - Processing /home/airflow/.local/lib/python3.6/site-packages/airflow/example_dags/tutorial_etl_dag.py took 0.053 seconds
[2023-02-16 21:08:08,556] {scheduler_job.py:182} INFO - Started process (PID=2852) to work on /home/airflow/.local/lib/python3.6/site-packages/airflow/example_dags/tutorial_etl_dag.py
[2023-02-16 21:08:08,557] {scheduler_job.py:633} INFO - Processing file /home/airflow/.local/lib/python3.6/site-packages/airflow/example_dags/tutorial_etl_dag.py for tasks to queue
[2023-02-16 21:08:08,557] {logging_mixin.py:104} INFO - [2023-02-16 21:08:08,557] {dagbag.py:496} INFO - Filling up the DagBag from /home/airflow/.local/lib/python3.6/site-packages/airflow/example_dags/tutorial_etl_dag.py
[2023-02-16 21:08:08,569] {scheduler_job.py:643} INFO - DAG(s) dict_keys(['tutorial_etl_dag']) retrieved from /home/airflow/.local/lib/python3.6/site-packages/airflow/example_dags/tutorial_etl_dag.py
[2023-02-16 21:08:08,592] {logging_mixin.py:104} INFO - [2023-02-16 21:08:08,592] {dag.py:1833} INFO - Sync 1 DAGs
[2023-02-16 21:08:08,608] {logging_mixin.py:104} INFO - [2023-02-16 21:08:08,608] {dag.py:2306} INFO - Setting next_dagrun for tutorial_etl_dag to None
[2023-02-16 21:08:08,618] {scheduler_job.py:190} INFO - Processing /home/airflow/.local/lib/python3.6/site-packages/airflow/example_dags/tutorial_etl_dag.py took 0.064 seconds
[2023-02-16 21:08:38,737] {scheduler_job.py:182} INFO - Started process (PID=2903) to work on /home/airflow/.local/lib/python3.6/site-packages/airflow/example_dags/tutorial_etl_dag.py
[2023-02-16 21:08:38,738] {scheduler_job.py:633} INFO - Processing file /home/airflow/.local/lib/python3.6/site-packages/airflow/example_dags/tutorial_etl_dag.py for tasks to queue
[2023-02-16 21:08:38,739] {logging_mixin.py:104} INFO - [2023-02-16 21:08:38,739] {dagbag.py:496} INFO - Filling up the DagBag from /home/airflow/.local/lib/python3.6/site-packages/airflow/example_dags/tutorial_etl_dag.py
[2023-02-16 21:08:38,749] {scheduler_job.py:643} INFO - DAG(s) dict_keys(['tutorial_etl_dag']) retrieved from /home/airflow/.local/lib/python3.6/site-packages/airflow/example_dags/tutorial_etl_dag.py
[2023-02-16 21:08:38,770] {logging_mixin.py:104} INFO - [2023-02-16 21:08:38,770] {dag.py:1833} INFO - Sync 1 DAGs
[2023-02-16 21:08:38,784] {logging_mixin.py:104} INFO - [2023-02-16 21:08:38,784] {dag.py:2306} INFO - Setting next_dagrun for tutorial_etl_dag to None
[2023-02-16 21:08:38,792] {scheduler_job.py:190} INFO - Processing /home/airflow/.local/lib/python3.6/site-packages/airflow/example_dags/tutorial_etl_dag.py took 0.058 seconds
[2023-02-16 21:09:09,525] {scheduler_job.py:182} INFO - Started process (PID=2963) to work on /home/airflow/.local/lib/python3.6/site-packages/airflow/example_dags/tutorial_etl_dag.py
[2023-02-16 21:09:09,526] {scheduler_job.py:633} INFO - Processing file /home/airflow/.local/lib/python3.6/site-packages/airflow/example_dags/tutorial_etl_dag.py for tasks to queue
[2023-02-16 21:09:09,526] {logging_mixin.py:104} INFO - [2023-02-16 21:09:09,526] {dagbag.py:496} INFO - Filling up the DagBag from /home/airflow/.local/lib/python3.6/site-packages/airflow/example_dags/tutorial_etl_dag.py
[2023-02-16 21:09:09,536] {scheduler_job.py:643} INFO - DAG(s) dict_keys(['tutorial_etl_dag']) retrieved from /home/airflow/.local/lib/python3.6/site-packages/airflow/example_dags/tutorial_etl_dag.py
[2023-02-16 21:09:09,554] {logging_mixin.py:104} INFO - [2023-02-16 21:09:09,554] {dag.py:1833} INFO - Sync 1 DAGs
[2023-02-16 21:09:09,568] {logging_mixin.py:104} INFO - [2023-02-16 21:09:09,568] {dag.py:2306} INFO - Setting next_dagrun for tutorial_etl_dag to None
[2023-02-16 21:09:09,576] {scheduler_job.py:190} INFO - Processing /home/airflow/.local/lib/python3.6/site-packages/airflow/example_dags/tutorial_etl_dag.py took 0.054 seconds
[2023-02-16 21:09:40,078] {scheduler_job.py:182} INFO - Started process (PID=3014) to work on /home/airflow/.local/lib/python3.6/site-packages/airflow/example_dags/tutorial_etl_dag.py
[2023-02-16 21:09:40,079] {scheduler_job.py:633} INFO - Processing file /home/airflow/.local/lib/python3.6/site-packages/airflow/example_dags/tutorial_etl_dag.py for tasks to queue
[2023-02-16 21:09:40,079] {logging_mixin.py:104} INFO - [2023-02-16 21:09:40,079] {dagbag.py:496} INFO - Filling up the DagBag from /home/airflow/.local/lib/python3.6/site-packages/airflow/example_dags/tutorial_etl_dag.py
[2023-02-16 21:09:40,090] {scheduler_job.py:643} INFO - DAG(s) dict_keys(['tutorial_etl_dag']) retrieved from /home/airflow/.local/lib/python3.6/site-packages/airflow/example_dags/tutorial_etl_dag.py
[2023-02-16 21:09:40,108] {logging_mixin.py:104} INFO - [2023-02-16 21:09:40,108] {dag.py:1833} INFO - Sync 1 DAGs
[2023-02-16 21:09:40,121] {logging_mixin.py:104} INFO - [2023-02-16 21:09:40,121] {dag.py:2306} INFO - Setting next_dagrun for tutorial_etl_dag to None
[2023-02-16 21:09:40,130] {scheduler_job.py:190} INFO - Processing /home/airflow/.local/lib/python3.6/site-packages/airflow/example_dags/tutorial_etl_dag.py took 0.054 seconds
[2023-02-16 21:10:10,930] {scheduler_job.py:182} INFO - Started process (PID=3075) to work on /home/airflow/.local/lib/python3.6/site-packages/airflow/example_dags/tutorial_etl_dag.py
[2023-02-16 21:10:10,930] {scheduler_job.py:633} INFO - Processing file /home/airflow/.local/lib/python3.6/site-packages/airflow/example_dags/tutorial_etl_dag.py for tasks to queue
[2023-02-16 21:10:10,931] {logging_mixin.py:104} INFO - [2023-02-16 21:10:10,931] {dagbag.py:496} INFO - Filling up the DagBag from /home/airflow/.local/lib/python3.6/site-packages/airflow/example_dags/tutorial_etl_dag.py
[2023-02-16 21:10:10,941] {scheduler_job.py:643} INFO - DAG(s) dict_keys(['tutorial_etl_dag']) retrieved from /home/airflow/.local/lib/python3.6/site-packages/airflow/example_dags/tutorial_etl_dag.py
[2023-02-16 21:10:10,958] {logging_mixin.py:104} INFO - [2023-02-16 21:10:10,958] {dag.py:1833} INFO - Sync 1 DAGs
[2023-02-16 21:10:10,972] {logging_mixin.py:104} INFO - [2023-02-16 21:10:10,972] {dag.py:2306} INFO - Setting next_dagrun for tutorial_etl_dag to None
[2023-02-16 21:10:10,980] {scheduler_job.py:190} INFO - Processing /home/airflow/.local/lib/python3.6/site-packages/airflow/example_dags/tutorial_etl_dag.py took 0.053 seconds
[2023-02-16 21:10:41,066] {scheduler_job.py:182} INFO - Started process (PID=3135) to work on /home/airflow/.local/lib/python3.6/site-packages/airflow/example_dags/tutorial_etl_dag.py
[2023-02-16 21:10:41,067] {scheduler_job.py:633} INFO - Processing file /home/airflow/.local/lib/python3.6/site-packages/airflow/example_dags/tutorial_etl_dag.py for tasks to queue
[2023-02-16 21:10:41,067] {logging_mixin.py:104} INFO - [2023-02-16 21:10:41,067] {dagbag.py:496} INFO - Filling up the DagBag from /home/airflow/.local/lib/python3.6/site-packages/airflow/example_dags/tutorial_etl_dag.py
[2023-02-16 21:10:41,082] {scheduler_job.py:643} INFO - DAG(s) dict_keys(['tutorial_etl_dag']) retrieved from /home/airflow/.local/lib/python3.6/site-packages/airflow/example_dags/tutorial_etl_dag.py
[2023-02-16 21:10:41,121] {logging_mixin.py:104} INFO - [2023-02-16 21:10:41,121] {dag.py:1833} INFO - Sync 1 DAGs
[2023-02-16 21:10:41,133] {logging_mixin.py:104} INFO - [2023-02-16 21:10:41,133] {dag.py:2306} INFO - Setting next_dagrun for tutorial_etl_dag to None
[2023-02-16 21:10:41,140] {scheduler_job.py:190} INFO - Processing /home/airflow/.local/lib/python3.6/site-packages/airflow/example_dags/tutorial_etl_dag.py took 0.077 seconds
[2023-02-16 21:11:11,572] {scheduler_job.py:182} INFO - Started process (PID=3187) to work on /home/airflow/.local/lib/python3.6/site-packages/airflow/example_dags/tutorial_etl_dag.py
[2023-02-16 21:11:11,573] {scheduler_job.py:633} INFO - Processing file /home/airflow/.local/lib/python3.6/site-packages/airflow/example_dags/tutorial_etl_dag.py for tasks to queue
[2023-02-16 21:11:11,573] {logging_mixin.py:104} INFO - [2023-02-16 21:11:11,573] {dagbag.py:496} INFO - Filling up the DagBag from /home/airflow/.local/lib/python3.6/site-packages/airflow/example_dags/tutorial_etl_dag.py
[2023-02-16 21:11:11,583] {scheduler_job.py:643} INFO - DAG(s) dict_keys(['tutorial_etl_dag']) retrieved from /home/airflow/.local/lib/python3.6/site-packages/airflow/example_dags/tutorial_etl_dag.py
[2023-02-16 21:11:11,604] {logging_mixin.py:104} INFO - [2023-02-16 21:11:11,603] {dag.py:1833} INFO - Sync 1 DAGs
[2023-02-16 21:11:11,617] {logging_mixin.py:104} INFO - [2023-02-16 21:11:11,617] {dag.py:2306} INFO - Setting next_dagrun for tutorial_etl_dag to None
[2023-02-16 21:11:11,625] {scheduler_job.py:190} INFO - Processing /home/airflow/.local/lib/python3.6/site-packages/airflow/example_dags/tutorial_etl_dag.py took 0.055 seconds
[2023-02-16 21:11:42,073] {scheduler_job.py:182} INFO - Started process (PID=3238) to work on /home/airflow/.local/lib/python3.6/site-packages/airflow/example_dags/tutorial_etl_dag.py
[2023-02-16 21:11:42,074] {scheduler_job.py:633} INFO - Processing file /home/airflow/.local/lib/python3.6/site-packages/airflow/example_dags/tutorial_etl_dag.py for tasks to queue
[2023-02-16 21:11:42,074] {logging_mixin.py:104} INFO - [2023-02-16 21:11:42,074] {dagbag.py:496} INFO - Filling up the DagBag from /home/airflow/.local/lib/python3.6/site-packages/airflow/example_dags/tutorial_etl_dag.py
[2023-02-16 21:11:42,084] {scheduler_job.py:643} INFO - DAG(s) dict_keys(['tutorial_etl_dag']) retrieved from /home/airflow/.local/lib/python3.6/site-packages/airflow/example_dags/tutorial_etl_dag.py
[2023-02-16 21:11:42,106] {logging_mixin.py:104} INFO - [2023-02-16 21:11:42,106] {dag.py:1833} INFO - Sync 1 DAGs
[2023-02-16 21:11:42,120] {logging_mixin.py:104} INFO - [2023-02-16 21:11:42,119] {dag.py:2306} INFO - Setting next_dagrun for tutorial_etl_dag to None
[2023-02-16 21:11:42,128] {scheduler_job.py:190} INFO - Processing /home/airflow/.local/lib/python3.6/site-packages/airflow/example_dags/tutorial_etl_dag.py took 0.058 seconds
[2023-02-16 21:12:12,512] {scheduler_job.py:182} INFO - Started process (PID=3299) to work on /home/airflow/.local/lib/python3.6/site-packages/airflow/example_dags/tutorial_etl_dag.py
[2023-02-16 21:12:12,514] {scheduler_job.py:633} INFO - Processing file /home/airflow/.local/lib/python3.6/site-packages/airflow/example_dags/tutorial_etl_dag.py for tasks to queue
[2023-02-16 21:12:12,514] {logging_mixin.py:104} INFO - [2023-02-16 21:12:12,514] {dagbag.py:496} INFO - Filling up the DagBag from /home/airflow/.local/lib/python3.6/site-packages/airflow/example_dags/tutorial_etl_dag.py
[2023-02-16 21:12:12,524] {scheduler_job.py:643} INFO - DAG(s) dict_keys(['tutorial_etl_dag']) retrieved from /home/airflow/.local/lib/python3.6/site-packages/airflow/example_dags/tutorial_etl_dag.py
[2023-02-16 21:12:12,541] {logging_mixin.py:104} INFO - [2023-02-16 21:12:12,541] {dag.py:1833} INFO - Sync 1 DAGs
[2023-02-16 21:12:12,554] {logging_mixin.py:104} INFO - [2023-02-16 21:12:12,554] {dag.py:2306} INFO - Setting next_dagrun for tutorial_etl_dag to None
[2023-02-16 21:12:12,562] {scheduler_job.py:190} INFO - Processing /home/airflow/.local/lib/python3.6/site-packages/airflow/example_dags/tutorial_etl_dag.py took 0.053 seconds
[2023-02-16 21:12:42,845] {scheduler_job.py:182} INFO - Started process (PID=3350) to work on /home/airflow/.local/lib/python3.6/site-packages/airflow/example_dags/tutorial_etl_dag.py
[2023-02-16 21:12:42,846] {scheduler_job.py:633} INFO - Processing file /home/airflow/.local/lib/python3.6/site-packages/airflow/example_dags/tutorial_etl_dag.py for tasks to queue
[2023-02-16 21:12:42,846] {logging_mixin.py:104} INFO - [2023-02-16 21:12:42,846] {dagbag.py:496} INFO - Filling up the DagBag from /home/airflow/.local/lib/python3.6/site-packages/airflow/example_dags/tutorial_etl_dag.py
[2023-02-16 21:12:42,856] {scheduler_job.py:643} INFO - DAG(s) dict_keys(['tutorial_etl_dag']) retrieved from /home/airflow/.local/lib/python3.6/site-packages/airflow/example_dags/tutorial_etl_dag.py
[2023-02-16 21:12:42,873] {logging_mixin.py:104} INFO - [2023-02-16 21:12:42,873] {dag.py:1833} INFO - Sync 1 DAGs
[2023-02-16 21:12:42,886] {logging_mixin.py:104} INFO - [2023-02-16 21:12:42,886] {dag.py:2306} INFO - Setting next_dagrun for tutorial_etl_dag to None
[2023-02-16 21:12:42,895] {scheduler_job.py:190} INFO - Processing /home/airflow/.local/lib/python3.6/site-packages/airflow/example_dags/tutorial_etl_dag.py took 0.052 seconds
[2023-02-16 21:13:13,532] {scheduler_job.py:182} INFO - Started process (PID=3411) to work on /home/airflow/.local/lib/python3.6/site-packages/airflow/example_dags/tutorial_etl_dag.py
[2023-02-16 21:13:13,533] {scheduler_job.py:633} INFO - Processing file /home/airflow/.local/lib/python3.6/site-packages/airflow/example_dags/tutorial_etl_dag.py for tasks to queue
[2023-02-16 21:13:13,533] {logging_mixin.py:104} INFO - [2023-02-16 21:13:13,533] {dagbag.py:496} INFO - Filling up the DagBag from /home/airflow/.local/lib/python3.6/site-packages/airflow/example_dags/tutorial_etl_dag.py
[2023-02-16 21:13:13,544] {scheduler_job.py:643} INFO - DAG(s) dict_keys(['tutorial_etl_dag']) retrieved from /home/airflow/.local/lib/python3.6/site-packages/airflow/example_dags/tutorial_etl_dag.py
[2023-02-16 21:13:13,562] {logging_mixin.py:104} INFO - [2023-02-16 21:13:13,562] {dag.py:1833} INFO - Sync 1 DAGs
[2023-02-16 21:13:13,575] {logging_mixin.py:104} INFO - [2023-02-16 21:13:13,575] {dag.py:2306} INFO - Setting next_dagrun for tutorial_etl_dag to None
[2023-02-16 21:13:13,583] {scheduler_job.py:190} INFO - Processing /home/airflow/.local/lib/python3.6/site-packages/airflow/example_dags/tutorial_etl_dag.py took 0.053 seconds
[2023-02-16 21:13:43,914] {scheduler_job.py:182} INFO - Started process (PID=3462) to work on /home/airflow/.local/lib/python3.6/site-packages/airflow/example_dags/tutorial_etl_dag.py
[2023-02-16 21:13:43,915] {scheduler_job.py:633} INFO - Processing file /home/airflow/.local/lib/python3.6/site-packages/airflow/example_dags/tutorial_etl_dag.py for tasks to queue
[2023-02-16 21:13:43,915] {logging_mixin.py:104} INFO - [2023-02-16 21:13:43,915] {dagbag.py:496} INFO - Filling up the DagBag from /home/airflow/.local/lib/python3.6/site-packages/airflow/example_dags/tutorial_etl_dag.py
[2023-02-16 21:13:43,925] {scheduler_job.py:643} INFO - DAG(s) dict_keys(['tutorial_etl_dag']) retrieved from /home/airflow/.local/lib/python3.6/site-packages/airflow/example_dags/tutorial_etl_dag.py
[2023-02-16 21:13:43,944] {logging_mixin.py:104} INFO - [2023-02-16 21:13:43,944] {dag.py:1833} INFO - Sync 1 DAGs
[2023-02-16 21:13:43,957] {logging_mixin.py:104} INFO - [2023-02-16 21:13:43,957] {dag.py:2306} INFO - Setting next_dagrun for tutorial_etl_dag to None
[2023-02-16 21:13:43,965] {scheduler_job.py:190} INFO - Processing /home/airflow/.local/lib/python3.6/site-packages/airflow/example_dags/tutorial_etl_dag.py took 0.054 seconds
[2023-02-16 21:14:14,399] {scheduler_job.py:182} INFO - Started process (PID=3523) to work on /home/airflow/.local/lib/python3.6/site-packages/airflow/example_dags/tutorial_etl_dag.py
[2023-02-16 21:14:14,483] {scheduler_job.py:633} INFO - Processing file /home/airflow/.local/lib/python3.6/site-packages/airflow/example_dags/tutorial_etl_dag.py for tasks to queue
[2023-02-16 21:14:14,484] {logging_mixin.py:104} INFO - [2023-02-16 21:14:14,483] {dagbag.py:496} INFO - Filling up the DagBag from /home/airflow/.local/lib/python3.6/site-packages/airflow/example_dags/tutorial_etl_dag.py
[2023-02-16 21:14:14,494] {scheduler_job.py:643} INFO - DAG(s) dict_keys(['tutorial_etl_dag']) retrieved from /home/airflow/.local/lib/python3.6/site-packages/airflow/example_dags/tutorial_etl_dag.py
[2023-02-16 21:14:14,511] {logging_mixin.py:104} INFO - [2023-02-16 21:14:14,511] {dag.py:1833} INFO - Sync 1 DAGs
[2023-02-16 21:14:14,524] {logging_mixin.py:104} INFO - [2023-02-16 21:14:14,524] {dag.py:2306} INFO - Setting next_dagrun for tutorial_etl_dag to None
[2023-02-16 21:14:14,531] {scheduler_job.py:190} INFO - Processing /home/airflow/.local/lib/python3.6/site-packages/airflow/example_dags/tutorial_etl_dag.py took 0.136 seconds
[2023-02-16 21:14:44,781] {scheduler_job.py:182} INFO - Started process (PID=3574) to work on /home/airflow/.local/lib/python3.6/site-packages/airflow/example_dags/tutorial_etl_dag.py
[2023-02-16 21:14:44,781] {scheduler_job.py:633} INFO - Processing file /home/airflow/.local/lib/python3.6/site-packages/airflow/example_dags/tutorial_etl_dag.py for tasks to queue
[2023-02-16 21:14:44,782] {logging_mixin.py:104} INFO - [2023-02-16 21:14:44,782] {dagbag.py:496} INFO - Filling up the DagBag from /home/airflow/.local/lib/python3.6/site-packages/airflow/example_dags/tutorial_etl_dag.py
[2023-02-16 21:14:44,792] {scheduler_job.py:643} INFO - DAG(s) dict_keys(['tutorial_etl_dag']) retrieved from /home/airflow/.local/lib/python3.6/site-packages/airflow/example_dags/tutorial_etl_dag.py
[2023-02-16 21:14:44,809] {logging_mixin.py:104} INFO - [2023-02-16 21:14:44,809] {dag.py:1833} INFO - Sync 1 DAGs
[2023-02-16 21:14:44,821] {logging_mixin.py:104} INFO - [2023-02-16 21:14:44,821] {dag.py:2306} INFO - Setting next_dagrun for tutorial_etl_dag to None
[2023-02-16 21:14:44,829] {scheduler_job.py:190} INFO - Processing /home/airflow/.local/lib/python3.6/site-packages/airflow/example_dags/tutorial_etl_dag.py took 0.050 seconds
[2023-02-16 21:15:15,172] {scheduler_job.py:182} INFO - Started process (PID=3635) to work on /home/airflow/.local/lib/python3.6/site-packages/airflow/example_dags/tutorial_etl_dag.py
[2023-02-16 21:15:15,173] {scheduler_job.py:633} INFO - Processing file /home/airflow/.local/lib/python3.6/site-packages/airflow/example_dags/tutorial_etl_dag.py for tasks to queue
[2023-02-16 21:15:15,173] {logging_mixin.py:104} INFO - [2023-02-16 21:15:15,173] {dagbag.py:496} INFO - Filling up the DagBag from /home/airflow/.local/lib/python3.6/site-packages/airflow/example_dags/tutorial_etl_dag.py
[2023-02-16 21:15:15,185] {scheduler_job.py:643} INFO - DAG(s) dict_keys(['tutorial_etl_dag']) retrieved from /home/airflow/.local/lib/python3.6/site-packages/airflow/example_dags/tutorial_etl_dag.py
[2023-02-16 21:15:15,204] {logging_mixin.py:104} INFO - [2023-02-16 21:15:15,204] {dag.py:1833} INFO - Sync 1 DAGs
[2023-02-16 21:15:15,216] {logging_mixin.py:104} INFO - [2023-02-16 21:15:15,216] {dag.py:2306} INFO - Setting next_dagrun for tutorial_etl_dag to None
[2023-02-16 21:15:15,225] {scheduler_job.py:190} INFO - Processing /home/airflow/.local/lib/python3.6/site-packages/airflow/example_dags/tutorial_etl_dag.py took 0.055 seconds
[2023-02-16 21:15:45,692] {scheduler_job.py:182} INFO - Started process (PID=3686) to work on /home/airflow/.local/lib/python3.6/site-packages/airflow/example_dags/tutorial_etl_dag.py
[2023-02-16 21:15:45,693] {scheduler_job.py:633} INFO - Processing file /home/airflow/.local/lib/python3.6/site-packages/airflow/example_dags/tutorial_etl_dag.py for tasks to queue
[2023-02-16 21:15:45,693] {logging_mixin.py:104} INFO - [2023-02-16 21:15:45,693] {dagbag.py:496} INFO - Filling up the DagBag from /home/airflow/.local/lib/python3.6/site-packages/airflow/example_dags/tutorial_etl_dag.py
[2023-02-16 21:15:45,703] {scheduler_job.py:643} INFO - DAG(s) dict_keys(['tutorial_etl_dag']) retrieved from /home/airflow/.local/lib/python3.6/site-packages/airflow/example_dags/tutorial_etl_dag.py
[2023-02-16 21:15:45,722] {logging_mixin.py:104} INFO - [2023-02-16 21:15:45,722] {dag.py:1833} INFO - Sync 1 DAGs
[2023-02-16 21:15:45,734] {logging_mixin.py:104} INFO - [2023-02-16 21:15:45,734] {dag.py:2306} INFO - Setting next_dagrun for tutorial_etl_dag to None
[2023-02-16 21:15:45,742] {scheduler_job.py:190} INFO - Processing /home/airflow/.local/lib/python3.6/site-packages/airflow/example_dags/tutorial_etl_dag.py took 0.053 seconds
[2023-02-16 21:16:16,182] {scheduler_job.py:182} INFO - Started process (PID=3747) to work on /home/airflow/.local/lib/python3.6/site-packages/airflow/example_dags/tutorial_etl_dag.py
[2023-02-16 21:16:16,183] {scheduler_job.py:633} INFO - Processing file /home/airflow/.local/lib/python3.6/site-packages/airflow/example_dags/tutorial_etl_dag.py for tasks to queue
[2023-02-16 21:16:16,183] {logging_mixin.py:104} INFO - [2023-02-16 21:16:16,183] {dagbag.py:496} INFO - Filling up the DagBag from /home/airflow/.local/lib/python3.6/site-packages/airflow/example_dags/tutorial_etl_dag.py
[2023-02-16 21:16:16,193] {scheduler_job.py:643} INFO - DAG(s) dict_keys(['tutorial_etl_dag']) retrieved from /home/airflow/.local/lib/python3.6/site-packages/airflow/example_dags/tutorial_etl_dag.py
[2023-02-16 21:16:16,224] {logging_mixin.py:104} INFO - [2023-02-16 21:16:16,224] {dag.py:1833} INFO - Sync 1 DAGs
[2023-02-16 21:16:16,238] {logging_mixin.py:104} INFO - [2023-02-16 21:16:16,237] {dag.py:2306} INFO - Setting next_dagrun for tutorial_etl_dag to None
[2023-02-16 21:16:16,245] {scheduler_job.py:190} INFO - Processing /home/airflow/.local/lib/python3.6/site-packages/airflow/example_dags/tutorial_etl_dag.py took 0.065 seconds
[2023-02-16 21:16:46,536] {scheduler_job.py:182} INFO - Started process (PID=3798) to work on /home/airflow/.local/lib/python3.6/site-packages/airflow/example_dags/tutorial_etl_dag.py
[2023-02-16 21:16:46,537] {scheduler_job.py:633} INFO - Processing file /home/airflow/.local/lib/python3.6/site-packages/airflow/example_dags/tutorial_etl_dag.py for tasks to queue
[2023-02-16 21:16:46,538] {logging_mixin.py:104} INFO - [2023-02-16 21:16:46,538] {dagbag.py:496} INFO - Filling up the DagBag from /home/airflow/.local/lib/python3.6/site-packages/airflow/example_dags/tutorial_etl_dag.py
[2023-02-16 21:16:46,548] {scheduler_job.py:643} INFO - DAG(s) dict_keys(['tutorial_etl_dag']) retrieved from /home/airflow/.local/lib/python3.6/site-packages/airflow/example_dags/tutorial_etl_dag.py
[2023-02-16 21:16:46,565] {logging_mixin.py:104} INFO - [2023-02-16 21:16:46,565] {dag.py:1833} INFO - Sync 1 DAGs
[2023-02-16 21:16:46,578] {logging_mixin.py:104} INFO - [2023-02-16 21:16:46,578] {dag.py:2306} INFO - Setting next_dagrun for tutorial_etl_dag to None
[2023-02-16 21:16:46,585] {scheduler_job.py:190} INFO - Processing /home/airflow/.local/lib/python3.6/site-packages/airflow/example_dags/tutorial_etl_dag.py took 0.052 seconds
[2023-02-16 21:17:17,027] {scheduler_job.py:182} INFO - Started process (PID=3859) to work on /home/airflow/.local/lib/python3.6/site-packages/airflow/example_dags/tutorial_etl_dag.py
[2023-02-16 21:17:17,028] {scheduler_job.py:633} INFO - Processing file /home/airflow/.local/lib/python3.6/site-packages/airflow/example_dags/tutorial_etl_dag.py for tasks to queue
[2023-02-16 21:17:17,029] {logging_mixin.py:104} INFO - [2023-02-16 21:17:17,029] {dagbag.py:496} INFO - Filling up the DagBag from /home/airflow/.local/lib/python3.6/site-packages/airflow/example_dags/tutorial_etl_dag.py
[2023-02-16 21:17:17,039] {scheduler_job.py:643} INFO - DAG(s) dict_keys(['tutorial_etl_dag']) retrieved from /home/airflow/.local/lib/python3.6/site-packages/airflow/example_dags/tutorial_etl_dag.py
[2023-02-16 21:17:17,057] {logging_mixin.py:104} INFO - [2023-02-16 21:17:17,057] {dag.py:1833} INFO - Sync 1 DAGs
[2023-02-16 21:17:17,070] {logging_mixin.py:104} INFO - [2023-02-16 21:17:17,070] {dag.py:2306} INFO - Setting next_dagrun for tutorial_etl_dag to None
[2023-02-16 21:17:17,078] {scheduler_job.py:190} INFO - Processing /home/airflow/.local/lib/python3.6/site-packages/airflow/example_dags/tutorial_etl_dag.py took 0.053 seconds
[2023-02-16 21:17:47,420] {scheduler_job.py:182} INFO - Started process (PID=3910) to work on /home/airflow/.local/lib/python3.6/site-packages/airflow/example_dags/tutorial_etl_dag.py
[2023-02-16 21:17:47,421] {scheduler_job.py:633} INFO - Processing file /home/airflow/.local/lib/python3.6/site-packages/airflow/example_dags/tutorial_etl_dag.py for tasks to queue
[2023-02-16 21:17:47,421] {logging_mixin.py:104} INFO - [2023-02-16 21:17:47,421] {dagbag.py:496} INFO - Filling up the DagBag from /home/airflow/.local/lib/python3.6/site-packages/airflow/example_dags/tutorial_etl_dag.py
[2023-02-16 21:17:47,432] {scheduler_job.py:643} INFO - DAG(s) dict_keys(['tutorial_etl_dag']) retrieved from /home/airflow/.local/lib/python3.6/site-packages/airflow/example_dags/tutorial_etl_dag.py
[2023-02-16 21:17:47,449] {logging_mixin.py:104} INFO - [2023-02-16 21:17:47,449] {dag.py:1833} INFO - Sync 1 DAGs
[2023-02-16 21:17:47,461] {logging_mixin.py:104} INFO - [2023-02-16 21:17:47,461] {dag.py:2306} INFO - Setting next_dagrun for tutorial_etl_dag to None
[2023-02-16 21:17:47,468] {scheduler_job.py:190} INFO - Processing /home/airflow/.local/lib/python3.6/site-packages/airflow/example_dags/tutorial_etl_dag.py took 0.051 seconds
[2023-02-16 21:18:17,864] {scheduler_job.py:182} INFO - Started process (PID=3971) to work on /home/airflow/.local/lib/python3.6/site-packages/airflow/example_dags/tutorial_etl_dag.py
[2023-02-16 21:18:17,866] {scheduler_job.py:633} INFO - Processing file /home/airflow/.local/lib/python3.6/site-packages/airflow/example_dags/tutorial_etl_dag.py for tasks to queue
[2023-02-16 21:18:17,866] {logging_mixin.py:104} INFO - [2023-02-16 21:18:17,866] {dagbag.py:496} INFO - Filling up the DagBag from /home/airflow/.local/lib/python3.6/site-packages/airflow/example_dags/tutorial_etl_dag.py
[2023-02-16 21:18:17,876] {scheduler_job.py:643} INFO - DAG(s) dict_keys(['tutorial_etl_dag']) retrieved from /home/airflow/.local/lib/python3.6/site-packages/airflow/example_dags/tutorial_etl_dag.py
[2023-02-16 21:18:17,897] {logging_mixin.py:104} INFO - [2023-02-16 21:18:17,897] {dag.py:1833} INFO - Sync 1 DAGs
[2023-02-16 21:18:17,914] {logging_mixin.py:104} INFO - [2023-02-16 21:18:17,914] {dag.py:2306} INFO - Setting next_dagrun for tutorial_etl_dag to None
[2023-02-16 21:18:17,923] {scheduler_job.py:190} INFO - Processing /home/airflow/.local/lib/python3.6/site-packages/airflow/example_dags/tutorial_etl_dag.py took 0.061 seconds
[2023-02-16 21:18:48,145] {scheduler_job.py:182} INFO - Started process (PID=4022) to work on /home/airflow/.local/lib/python3.6/site-packages/airflow/example_dags/tutorial_etl_dag.py
[2023-02-16 21:18:48,146] {scheduler_job.py:633} INFO - Processing file /home/airflow/.local/lib/python3.6/site-packages/airflow/example_dags/tutorial_etl_dag.py for tasks to queue
[2023-02-16 21:18:48,146] {logging_mixin.py:104} INFO - [2023-02-16 21:18:48,146] {dagbag.py:496} INFO - Filling up the DagBag from /home/airflow/.local/lib/python3.6/site-packages/airflow/example_dags/tutorial_etl_dag.py
[2023-02-16 21:18:48,158] {scheduler_job.py:643} INFO - DAG(s) dict_keys(['tutorial_etl_dag']) retrieved from /home/airflow/.local/lib/python3.6/site-packages/airflow/example_dags/tutorial_etl_dag.py
[2023-02-16 21:18:48,180] {logging_mixin.py:104} INFO - [2023-02-16 21:18:48,180] {dag.py:1833} INFO - Sync 1 DAGs
[2023-02-16 21:18:48,195] {logging_mixin.py:104} INFO - [2023-02-16 21:18:48,195] {dag.py:2306} INFO - Setting next_dagrun for tutorial_etl_dag to None
[2023-02-16 21:18:48,206] {scheduler_job.py:190} INFO - Processing /home/airflow/.local/lib/python3.6/site-packages/airflow/example_dags/tutorial_etl_dag.py took 0.063 seconds
[2023-02-16 21:19:18,668] {scheduler_job.py:182} INFO - Started process (PID=4083) to work on /home/airflow/.local/lib/python3.6/site-packages/airflow/example_dags/tutorial_etl_dag.py
[2023-02-16 21:19:18,668] {scheduler_job.py:633} INFO - Processing file /home/airflow/.local/lib/python3.6/site-packages/airflow/example_dags/tutorial_etl_dag.py for tasks to queue
[2023-02-16 21:19:18,669] {logging_mixin.py:104} INFO - [2023-02-16 21:19:18,669] {dagbag.py:496} INFO - Filling up the DagBag from /home/airflow/.local/lib/python3.6/site-packages/airflow/example_dags/tutorial_etl_dag.py
[2023-02-16 21:19:18,681] {scheduler_job.py:643} INFO - DAG(s) dict_keys(['tutorial_etl_dag']) retrieved from /home/airflow/.local/lib/python3.6/site-packages/airflow/example_dags/tutorial_etl_dag.py
[2023-02-16 21:19:18,700] {logging_mixin.py:104} INFO - [2023-02-16 21:19:18,700] {dag.py:1833} INFO - Sync 1 DAGs
[2023-02-16 21:19:18,713] {logging_mixin.py:104} INFO - [2023-02-16 21:19:18,713] {dag.py:2306} INFO - Setting next_dagrun for tutorial_etl_dag to None
[2023-02-16 21:19:18,720] {scheduler_job.py:190} INFO - Processing /home/airflow/.local/lib/python3.6/site-packages/airflow/example_dags/tutorial_etl_dag.py took 0.056 seconds
[2023-02-16 21:19:49,046] {scheduler_job.py:182} INFO - Started process (PID=4134) to work on /home/airflow/.local/lib/python3.6/site-packages/airflow/example_dags/tutorial_etl_dag.py
[2023-02-16 21:19:49,047] {scheduler_job.py:633} INFO - Processing file /home/airflow/.local/lib/python3.6/site-packages/airflow/example_dags/tutorial_etl_dag.py for tasks to queue
[2023-02-16 21:19:49,048] {logging_mixin.py:104} INFO - [2023-02-16 21:19:49,048] {dagbag.py:496} INFO - Filling up the DagBag from /home/airflow/.local/lib/python3.6/site-packages/airflow/example_dags/tutorial_etl_dag.py
[2023-02-16 21:19:49,058] {scheduler_job.py:643} INFO - DAG(s) dict_keys(['tutorial_etl_dag']) retrieved from /home/airflow/.local/lib/python3.6/site-packages/airflow/example_dags/tutorial_etl_dag.py
[2023-02-16 21:19:49,078] {logging_mixin.py:104} INFO - [2023-02-16 21:19:49,078] {dag.py:1833} INFO - Sync 1 DAGs
[2023-02-16 21:19:49,092] {logging_mixin.py:104} INFO - [2023-02-16 21:19:49,092] {dag.py:2306} INFO - Setting next_dagrun for tutorial_etl_dag to None
[2023-02-16 21:19:49,099] {scheduler_job.py:190} INFO - Processing /home/airflow/.local/lib/python3.6/site-packages/airflow/example_dags/tutorial_etl_dag.py took 0.056 seconds
[2023-02-16 21:20:19,500] {scheduler_job.py:182} INFO - Started process (PID=4195) to work on /home/airflow/.local/lib/python3.6/site-packages/airflow/example_dags/tutorial_etl_dag.py
[2023-02-16 21:20:19,501] {scheduler_job.py:633} INFO - Processing file /home/airflow/.local/lib/python3.6/site-packages/airflow/example_dags/tutorial_etl_dag.py for tasks to queue
[2023-02-16 21:20:19,502] {logging_mixin.py:104} INFO - [2023-02-16 21:20:19,502] {dagbag.py:496} INFO - Filling up the DagBag from /home/airflow/.local/lib/python3.6/site-packages/airflow/example_dags/tutorial_etl_dag.py
[2023-02-16 21:20:19,512] {scheduler_job.py:643} INFO - DAG(s) dict_keys(['tutorial_etl_dag']) retrieved from /home/airflow/.local/lib/python3.6/site-packages/airflow/example_dags/tutorial_etl_dag.py
[2023-02-16 21:20:19,530] {logging_mixin.py:104} INFO - [2023-02-16 21:20:19,530] {dag.py:1833} INFO - Sync 1 DAGs
[2023-02-16 21:20:19,542] {logging_mixin.py:104} INFO - [2023-02-16 21:20:19,542] {dag.py:2306} INFO - Setting next_dagrun for tutorial_etl_dag to None
[2023-02-16 21:20:19,550] {scheduler_job.py:190} INFO - Processing /home/airflow/.local/lib/python3.6/site-packages/airflow/example_dags/tutorial_etl_dag.py took 0.052 seconds
[2023-02-16 21:20:50,074] {scheduler_job.py:182} INFO - Started process (PID=4246) to work on /home/airflow/.local/lib/python3.6/site-packages/airflow/example_dags/tutorial_etl_dag.py
[2023-02-16 21:20:50,074] {scheduler_job.py:633} INFO - Processing file /home/airflow/.local/lib/python3.6/site-packages/airflow/example_dags/tutorial_etl_dag.py for tasks to queue
[2023-02-16 21:20:50,075] {logging_mixin.py:104} INFO - [2023-02-16 21:20:50,075] {dagbag.py:496} INFO - Filling up the DagBag from /home/airflow/.local/lib/python3.6/site-packages/airflow/example_dags/tutorial_etl_dag.py
[2023-02-16 21:20:50,085] {scheduler_job.py:643} INFO - DAG(s) dict_keys(['tutorial_etl_dag']) retrieved from /home/airflow/.local/lib/python3.6/site-packages/airflow/example_dags/tutorial_etl_dag.py
[2023-02-16 21:20:50,106] {logging_mixin.py:104} INFO - [2023-02-16 21:20:50,106] {dag.py:1833} INFO - Sync 1 DAGs
[2023-02-16 21:20:50,124] {logging_mixin.py:104} INFO - [2023-02-16 21:20:50,124] {dag.py:2306} INFO - Setting next_dagrun for tutorial_etl_dag to None
[2023-02-16 21:20:50,139] {scheduler_job.py:190} INFO - Processing /home/airflow/.local/lib/python3.6/site-packages/airflow/example_dags/tutorial_etl_dag.py took 0.067 seconds
[2023-02-16 21:21:20,181] {scheduler_job.py:182} INFO - Started process (PID=4307) to work on /home/airflow/.local/lib/python3.6/site-packages/airflow/example_dags/tutorial_etl_dag.py
[2023-02-16 21:21:20,181] {scheduler_job.py:633} INFO - Processing file /home/airflow/.local/lib/python3.6/site-packages/airflow/example_dags/tutorial_etl_dag.py for tasks to queue
[2023-02-16 21:21:20,182] {logging_mixin.py:104} INFO - [2023-02-16 21:21:20,182] {dagbag.py:496} INFO - Filling up the DagBag from /home/airflow/.local/lib/python3.6/site-packages/airflow/example_dags/tutorial_etl_dag.py
[2023-02-16 21:21:20,193] {scheduler_job.py:643} INFO - DAG(s) dict_keys(['tutorial_etl_dag']) retrieved from /home/airflow/.local/lib/python3.6/site-packages/airflow/example_dags/tutorial_etl_dag.py
[2023-02-16 21:21:20,213] {logging_mixin.py:104} INFO - [2023-02-16 21:21:20,213] {dag.py:1833} INFO - Sync 1 DAGs
[2023-02-16 21:21:20,228] {logging_mixin.py:104} INFO - [2023-02-16 21:21:20,228] {dag.py:2306} INFO - Setting next_dagrun for tutorial_etl_dag to None
[2023-02-16 21:21:20,238] {scheduler_job.py:190} INFO - Processing /home/airflow/.local/lib/python3.6/site-packages/airflow/example_dags/tutorial_etl_dag.py took 0.060 seconds
[2023-02-16 21:21:50,989] {scheduler_job.py:182} INFO - Started process (PID=4358) to work on /home/airflow/.local/lib/python3.6/site-packages/airflow/example_dags/tutorial_etl_dag.py
[2023-02-16 21:21:50,990] {scheduler_job.py:633} INFO - Processing file /home/airflow/.local/lib/python3.6/site-packages/airflow/example_dags/tutorial_etl_dag.py for tasks to queue
[2023-02-16 21:21:50,991] {logging_mixin.py:104} INFO - [2023-02-16 21:21:50,991] {dagbag.py:496} INFO - Filling up the DagBag from /home/airflow/.local/lib/python3.6/site-packages/airflow/example_dags/tutorial_etl_dag.py
[2023-02-16 21:21:51,003] {scheduler_job.py:643} INFO - DAG(s) dict_keys(['tutorial_etl_dag']) retrieved from /home/airflow/.local/lib/python3.6/site-packages/airflow/example_dags/tutorial_etl_dag.py
[2023-02-16 21:21:51,026] {logging_mixin.py:104} INFO - [2023-02-16 21:21:51,025] {dag.py:1833} INFO - Sync 1 DAGs
[2023-02-16 21:21:51,042] {logging_mixin.py:104} INFO - [2023-02-16 21:21:51,042] {dag.py:2306} INFO - Setting next_dagrun for tutorial_etl_dag to None
[2023-02-16 21:21:51,052] {scheduler_job.py:190} INFO - Processing /home/airflow/.local/lib/python3.6/site-packages/airflow/example_dags/tutorial_etl_dag.py took 0.065 seconds
[2023-02-16 21:22:21,978] {scheduler_job.py:182} INFO - Started process (PID=4419) to work on /home/airflow/.local/lib/python3.6/site-packages/airflow/example_dags/tutorial_etl_dag.py
[2023-02-16 21:22:21,979] {scheduler_job.py:633} INFO - Processing file /home/airflow/.local/lib/python3.6/site-packages/airflow/example_dags/tutorial_etl_dag.py for tasks to queue
[2023-02-16 21:22:21,980] {logging_mixin.py:104} INFO - [2023-02-16 21:22:21,980] {dagbag.py:496} INFO - Filling up the DagBag from /home/airflow/.local/lib/python3.6/site-packages/airflow/example_dags/tutorial_etl_dag.py
[2023-02-16 21:22:21,998] {scheduler_job.py:643} INFO - DAG(s) dict_keys(['tutorial_etl_dag']) retrieved from /home/airflow/.local/lib/python3.6/site-packages/airflow/example_dags/tutorial_etl_dag.py
[2023-02-16 21:22:22,033] {logging_mixin.py:104} INFO - [2023-02-16 21:22:22,033] {dag.py:1833} INFO - Sync 1 DAGs
[2023-02-16 21:22:22,052] {logging_mixin.py:104} INFO - [2023-02-16 21:22:22,052] {dag.py:2306} INFO - Setting next_dagrun for tutorial_etl_dag to None
[2023-02-16 21:22:22,065] {scheduler_job.py:190} INFO - Processing /home/airflow/.local/lib/python3.6/site-packages/airflow/example_dags/tutorial_etl_dag.py took 0.091 seconds
