[2023-02-24 16:38:48,215] {taskinstance.py:896} INFO - Dependencies all met for <TaskInstance: trigger_airbyte_dbt_job.airbyte_epidemiology 2023-02-24T16:35:31.975562+00:00 [queued]>
[2023-02-24 16:38:48,230] {taskinstance.py:896} INFO - Dependencies all met for <TaskInstance: trigger_airbyte_dbt_job.airbyte_epidemiology 2023-02-24T16:35:31.975562+00:00 [queued]>
[2023-02-24 16:38:48,230] {taskinstance.py:1087} INFO - 
--------------------------------------------------------------------------------
[2023-02-24 16:38:48,230] {taskinstance.py:1088} INFO - Starting attempt 1 of 1
[2023-02-24 16:38:48,230] {taskinstance.py:1089} INFO - 
--------------------------------------------------------------------------------
[2023-02-24 16:38:48,237] {taskinstance.py:1107} INFO - Executing <Task(AirbyteTriggerSyncOperator): airbyte_epidemiology> on 2023-02-24T16:35:31.975562+00:00
[2023-02-24 16:38:48,242] {standard_task_runner.py:52} INFO - Started process 2419 to run task
[2023-02-24 16:38:48,245] {standard_task_runner.py:76} INFO - Running: ['***', 'tasks', 'run', 'trigger_airbyte_dbt_job', 'airbyte_epidemiology', '2023-02-24T16:35:31.975562+00:00', '--job-id', '55', '--pool', 'default_pool', '--raw', '--subdir', 'DAGS_FOLDER/dag_airbyte_dbt.py', '--cfg-path', '/tmp/tmp3j8tu95e', '--error-file', '/tmp/tmpszghjpw2']
[2023-02-24 16:38:48,245] {standard_task_runner.py:77} INFO - Job 55: Subtask airbyte_epidemiology
[2023-02-24 16:38:48,314] {logging_mixin.py:104} INFO - Running <TaskInstance: trigger_airbyte_dbt_job.airbyte_epidemiology 2023-02-24T16:35:31.975562+00:00 [running]> on host 056b6eecd82f
[2023-02-24 16:38:48,366] {taskinstance.py:1302} INFO - Exporting the following env vars:
AIRFLOW_CTX_DAG_OWNER=***
AIRFLOW_CTX_DAG_ID=trigger_airbyte_dbt_job
AIRFLOW_CTX_TASK_ID=airbyte_epidemiology
AIRFLOW_CTX_EXECUTION_DATE=2023-02-24T16:35:31.975562+00:00
AIRFLOW_CTX_DAG_RUN_ID=manual__2023-02-24T16:35:31.975562+00:00
[2023-02-24 16:38:48,375] {base.py:78} INFO - Using connection to: id: airbyte_example. Host: airbyte-proxy, Port: 8000, Schema: , Login: None, Password: None, extra: {}
[2023-02-24 16:38:48,377] {http.py:140} INFO - Sending 'POST' to url: http://airbyte-proxy:8000/api/v1/connections/sync
[2023-02-24 16:38:53,903] {airbyte.py:74} INFO - Job 16 was submitted to Airbyte Server
[2023-02-24 16:38:53,904] {airbyte.py:76} INFO - Waiting for job 16 to complete
[2023-02-24 16:38:56,923] {base.py:78} INFO - Using connection to: id: airbyte_example. Host: airbyte-proxy, Port: 8000, Schema: , Login: None, Password: None, extra: {}
[2023-02-24 16:38:56,924] {http.py:140} INFO - Sending 'POST' to url: http://airbyte-proxy:8000/api/v1/jobs/get
[2023-02-24 16:39:00,085] {base.py:78} INFO - Using connection to: id: airbyte_example. Host: airbyte-proxy, Port: 8000, Schema: , Login: None, Password: None, extra: {}
[2023-02-24 16:39:00,086] {http.py:140} INFO - Sending 'POST' to url: http://airbyte-proxy:8000/api/v1/jobs/get
[2023-02-24 16:39:08,365] {base.py:78} INFO - Using connection to: id: airbyte_example. Host: airbyte-proxy, Port: 8000, Schema: , Login: None, Password: None, extra: {}
[2023-02-24 16:39:08,368] {http.py:140} INFO - Sending 'POST' to url: http://airbyte-proxy:8000/api/v1/jobs/get
[2023-02-24 16:39:11,478] {base.py:78} INFO - Using connection to: id: airbyte_example. Host: airbyte-proxy, Port: 8000, Schema: , Login: None, Password: None, extra: {}
[2023-02-24 16:39:11,479] {http.py:140} INFO - Sending 'POST' to url: http://airbyte-proxy:8000/api/v1/jobs/get
[2023-02-24 16:39:14,682] {base.py:78} INFO - Using connection to: id: airbyte_example. Host: airbyte-proxy, Port: 8000, Schema: , Login: None, Password: None, extra: {}
[2023-02-24 16:39:14,683] {http.py:140} INFO - Sending 'POST' to url: http://airbyte-proxy:8000/api/v1/jobs/get
[2023-02-24 16:39:17,899] {base.py:78} INFO - Using connection to: id: airbyte_example. Host: airbyte-proxy, Port: 8000, Schema: , Login: None, Password: None, extra: {}
[2023-02-24 16:39:17,900] {http.py:140} INFO - Sending 'POST' to url: http://airbyte-proxy:8000/api/v1/jobs/get
[2023-02-24 16:39:21,296] {base.py:78} INFO - Using connection to: id: airbyte_example. Host: airbyte-proxy, Port: 8000, Schema: , Login: None, Password: None, extra: {}
[2023-02-24 16:39:21,297] {http.py:140} INFO - Sending 'POST' to url: http://airbyte-proxy:8000/api/v1/jobs/get
[2023-02-24 16:39:24,873] {base.py:78} INFO - Using connection to: id: airbyte_example. Host: airbyte-proxy, Port: 8000, Schema: , Login: None, Password: None, extra: {}
[2023-02-24 16:39:24,874] {http.py:140} INFO - Sending 'POST' to url: http://airbyte-proxy:8000/api/v1/jobs/get
[2023-02-24 16:39:28,886] {base.py:78} INFO - Using connection to: id: airbyte_example. Host: airbyte-proxy, Port: 8000, Schema: , Login: None, Password: None, extra: {}
[2023-02-24 16:39:28,887] {http.py:140} INFO - Sending 'POST' to url: http://airbyte-proxy:8000/api/v1/jobs/get
[2023-02-24 16:39:37,388] {base.py:78} INFO - Using connection to: id: airbyte_example. Host: airbyte-proxy, Port: 8000, Schema: , Login: None, Password: None, extra: {}
[2023-02-24 16:39:37,464] {http.py:140} INFO - Sending 'POST' to url: http://airbyte-proxy:8000/api/v1/jobs/get
[2023-02-24 16:39:47,869] {base.py:78} INFO - Using connection to: id: airbyte_example. Host: airbyte-proxy, Port: 8000, Schema: , Login: None, Password: None, extra: {}
[2023-02-24 16:39:47,870] {http.py:140} INFO - Sending 'POST' to url: http://airbyte-proxy:8000/api/v1/jobs/get
[2023-02-24 16:39:52,976] {base.py:78} INFO - Using connection to: id: airbyte_example. Host: airbyte-proxy, Port: 8000, Schema: , Login: None, Password: None, extra: {}
[2023-02-24 16:39:52,978] {http.py:140} INFO - Sending 'POST' to url: http://airbyte-proxy:8000/api/v1/jobs/get
[2023-02-24 16:39:57,265] {base.py:78} INFO - Using connection to: id: airbyte_example. Host: airbyte-proxy, Port: 8000, Schema: , Login: None, Password: None, extra: {}
[2023-02-24 16:39:57,266] {http.py:140} INFO - Sending 'POST' to url: http://airbyte-proxy:8000/api/v1/jobs/get
[2023-02-24 16:40:02,291] {base.py:78} INFO - Using connection to: id: airbyte_example. Host: airbyte-proxy, Port: 8000, Schema: , Login: None, Password: None, extra: {}
[2023-02-24 16:40:02,292] {http.py:140} INFO - Sending 'POST' to url: http://airbyte-proxy:8000/api/v1/jobs/get
[2023-02-24 16:40:05,903] {base.py:78} INFO - Using connection to: id: airbyte_example. Host: airbyte-proxy, Port: 8000, Schema: , Login: None, Password: None, extra: {}
[2023-02-24 16:40:05,903] {http.py:140} INFO - Sending 'POST' to url: http://airbyte-proxy:8000/api/v1/jobs/get
[2023-02-24 16:40:09,564] {base.py:78} INFO - Using connection to: id: airbyte_example. Host: airbyte-proxy, Port: 8000, Schema: , Login: None, Password: None, extra: {}
[2023-02-24 16:40:09,565] {http.py:140} INFO - Sending 'POST' to url: http://airbyte-proxy:8000/api/v1/jobs/get
[2023-02-24 16:40:13,800] {base.py:78} INFO - Using connection to: id: airbyte_example. Host: airbyte-proxy, Port: 8000, Schema: , Login: None, Password: None, extra: {}
[2023-02-24 16:40:13,801] {http.py:140} INFO - Sending 'POST' to url: http://airbyte-proxy:8000/api/v1/jobs/get
[2023-02-24 16:40:18,476] {base.py:78} INFO - Using connection to: id: airbyte_example. Host: airbyte-proxy, Port: 8000, Schema: , Login: None, Password: None, extra: {}
[2023-02-24 16:40:18,477] {http.py:140} INFO - Sending 'POST' to url: http://airbyte-proxy:8000/api/v1/jobs/get
[2023-02-24 16:40:22,640] {base.py:78} INFO - Using connection to: id: airbyte_example. Host: airbyte-proxy, Port: 8000, Schema: , Login: None, Password: None, extra: {}
[2023-02-24 16:40:22,641] {http.py:140} INFO - Sending 'POST' to url: http://airbyte-proxy:8000/api/v1/jobs/get
[2023-02-24 16:40:27,098] {base.py:78} INFO - Using connection to: id: airbyte_example. Host: airbyte-proxy, Port: 8000, Schema: , Login: None, Password: None, extra: {}
[2023-02-24 16:40:27,099] {http.py:140} INFO - Sending 'POST' to url: http://airbyte-proxy:8000/api/v1/jobs/get
[2023-02-24 16:40:32,832] {base.py:78} INFO - Using connection to: id: airbyte_example. Host: airbyte-proxy, Port: 8000, Schema: , Login: None, Password: None, extra: {}
[2023-02-24 16:40:32,834] {http.py:140} INFO - Sending 'POST' to url: http://airbyte-proxy:8000/api/v1/jobs/get
[2023-02-24 16:40:37,085] {base.py:78} INFO - Using connection to: id: airbyte_example. Host: airbyte-proxy, Port: 8000, Schema: , Login: None, Password: None, extra: {}
[2023-02-24 16:40:37,086] {http.py:140} INFO - Sending 'POST' to url: http://airbyte-proxy:8000/api/v1/jobs/get
[2023-02-24 16:40:41,843] {base.py:78} INFO - Using connection to: id: airbyte_example. Host: airbyte-proxy, Port: 8000, Schema: , Login: None, Password: None, extra: {}
[2023-02-24 16:40:41,844] {http.py:140} INFO - Sending 'POST' to url: http://airbyte-proxy:8000/api/v1/jobs/get
[2023-02-24 16:40:48,698] {base.py:78} INFO - Using connection to: id: airbyte_example. Host: airbyte-proxy, Port: 8000, Schema: , Login: None, Password: None, extra: {}
[2023-02-24 16:40:48,699] {http.py:140} INFO - Sending 'POST' to url: http://airbyte-proxy:8000/api/v1/jobs/get
[2023-02-24 16:41:00,902] {base.py:78} INFO - Using connection to: id: airbyte_example. Host: airbyte-proxy, Port: 8000, Schema: , Login: None, Password: None, extra: {}
[2023-02-24 16:41:00,903] {http.py:140} INFO - Sending 'POST' to url: http://airbyte-proxy:8000/api/v1/jobs/get
[2023-02-24 16:41:07,712] {base.py:78} INFO - Using connection to: id: airbyte_example. Host: airbyte-proxy, Port: 8000, Schema: , Login: None, Password: None, extra: {}
[2023-02-24 16:41:07,713] {http.py:140} INFO - Sending 'POST' to url: http://airbyte-proxy:8000/api/v1/jobs/get
[2023-02-24 16:41:14,077] {base.py:78} INFO - Using connection to: id: airbyte_example. Host: airbyte-proxy, Port: 8000, Schema: , Login: None, Password: None, extra: {}
[2023-02-24 16:41:14,078] {http.py:140} INFO - Sending 'POST' to url: http://airbyte-proxy:8000/api/v1/jobs/get
[2023-02-24 16:41:24,674] {base.py:78} INFO - Using connection to: id: airbyte_example. Host: airbyte-proxy, Port: 8000, Schema: , Login: None, Password: None, extra: {}
[2023-02-24 16:41:24,675] {http.py:140} INFO - Sending 'POST' to url: http://airbyte-proxy:8000/api/v1/jobs/get
[2023-02-24 16:41:37,090] {base.py:78} INFO - Using connection to: id: airbyte_example. Host: airbyte-proxy, Port: 8000, Schema: , Login: None, Password: None, extra: {}
[2023-02-24 16:41:37,094] {http.py:140} INFO - Sending 'POST' to url: http://airbyte-proxy:8000/api/v1/jobs/get
[2023-02-24 16:41:53,568] {base.py:78} INFO - Using connection to: id: airbyte_example. Host: airbyte-proxy, Port: 8000, Schema: , Login: None, Password: None, extra: {}
[2023-02-24 16:41:53,569] {http.py:140} INFO - Sending 'POST' to url: http://airbyte-proxy:8000/api/v1/jobs/get
[2023-02-24 16:42:06,098] {base.py:78} INFO - Using connection to: id: airbyte_example. Host: airbyte-proxy, Port: 8000, Schema: , Login: None, Password: None, extra: {}
[2023-02-24 16:42:06,099] {http.py:140} INFO - Sending 'POST' to url: http://airbyte-proxy:8000/api/v1/jobs/get
[2023-02-24 16:42:15,873] {base.py:78} INFO - Using connection to: id: airbyte_example. Host: airbyte-proxy, Port: 8000, Schema: , Login: None, Password: None, extra: {}
[2023-02-24 16:42:15,874] {http.py:140} INFO - Sending 'POST' to url: http://airbyte-proxy:8000/api/v1/jobs/get
[2023-02-24 16:42:32,778] {base.py:78} INFO - Using connection to: id: airbyte_example. Host: airbyte-proxy, Port: 8000, Schema: , Login: None, Password: None, extra: {}
[2023-02-24 16:42:32,779] {http.py:140} INFO - Sending 'POST' to url: http://airbyte-proxy:8000/api/v1/jobs/get
[2023-02-24 16:42:46,676] {base.py:78} INFO - Using connection to: id: airbyte_example. Host: airbyte-proxy, Port: 8000, Schema: , Login: None, Password: None, extra: {}
[2023-02-24 16:42:46,678] {http.py:140} INFO - Sending 'POST' to url: http://airbyte-proxy:8000/api/v1/jobs/get
[2023-02-24 16:42:57,368] {base.py:78} INFO - Using connection to: id: airbyte_example. Host: airbyte-proxy, Port: 8000, Schema: , Login: None, Password: None, extra: {}
[2023-02-24 16:42:57,369] {http.py:140} INFO - Sending 'POST' to url: http://airbyte-proxy:8000/api/v1/jobs/get
[2023-02-24 16:43:07,534] {base.py:78} INFO - Using connection to: id: airbyte_example. Host: airbyte-proxy, Port: 8000, Schema: , Login: None, Password: None, extra: {}
[2023-02-24 16:43:07,535] {http.py:140} INFO - Sending 'POST' to url: http://airbyte-proxy:8000/api/v1/jobs/get
[2023-02-24 16:43:17,075] {base.py:78} INFO - Using connection to: id: airbyte_example. Host: airbyte-proxy, Port: 8000, Schema: , Login: None, Password: None, extra: {}
[2023-02-24 16:43:17,078] {http.py:140} INFO - Sending 'POST' to url: http://airbyte-proxy:8000/api/v1/jobs/get
[2023-02-24 16:43:35,972] {base.py:78} INFO - Using connection to: id: airbyte_example. Host: airbyte-proxy, Port: 8000, Schema: , Login: None, Password: None, extra: {}
[2023-02-24 16:43:35,973] {http.py:140} INFO - Sending 'POST' to url: http://airbyte-proxy:8000/api/v1/jobs/get
[2023-02-24 16:43:56,977] {base.py:78} INFO - Using connection to: id: airbyte_example. Host: airbyte-proxy, Port: 8000, Schema: , Login: None, Password: None, extra: {}
[2023-02-24 16:43:56,978] {http.py:140} INFO - Sending 'POST' to url: http://airbyte-proxy:8000/api/v1/jobs/get
[2023-02-24 16:44:11,974] {base.py:78} INFO - Using connection to: id: airbyte_example. Host: airbyte-proxy, Port: 8000, Schema: , Login: None, Password: None, extra: {}
[2023-02-24 16:44:11,974] {http.py:140} INFO - Sending 'POST' to url: http://airbyte-proxy:8000/api/v1/jobs/get
[2023-02-24 16:44:26,272] {base.py:78} INFO - Using connection to: id: airbyte_example. Host: airbyte-proxy, Port: 8000, Schema: , Login: None, Password: None, extra: {}
[2023-02-24 16:44:26,273] {http.py:140} INFO - Sending 'POST' to url: http://airbyte-proxy:8000/api/v1/jobs/get
[2023-02-24 16:44:40,206] {base.py:78} INFO - Using connection to: id: airbyte_example. Host: airbyte-proxy, Port: 8000, Schema: , Login: None, Password: None, extra: {}
[2023-02-24 16:44:40,207] {http.py:140} INFO - Sending 'POST' to url: http://airbyte-proxy:8000/api/v1/jobs/get
[2023-02-24 16:44:52,566] {base.py:78} INFO - Using connection to: id: airbyte_example. Host: airbyte-proxy, Port: 8000, Schema: , Login: None, Password: None, extra: {}
[2023-02-24 16:44:52,568] {http.py:140} INFO - Sending 'POST' to url: http://airbyte-proxy:8000/api/v1/jobs/get
[2023-02-24 16:45:04,291] {base.py:78} INFO - Using connection to: id: airbyte_example. Host: airbyte-proxy, Port: 8000, Schema: , Login: None, Password: None, extra: {}
[2023-02-24 16:45:04,291] {http.py:140} INFO - Sending 'POST' to url: http://airbyte-proxy:8000/api/v1/jobs/get
[2023-02-24 16:45:11,603] {base.py:78} INFO - Using connection to: id: airbyte_example. Host: airbyte-proxy, Port: 8000, Schema: , Login: None, Password: None, extra: {}
[2023-02-24 16:45:11,603] {http.py:140} INFO - Sending 'POST' to url: http://airbyte-proxy:8000/api/v1/jobs/get
[2023-02-24 16:45:20,772] {base.py:78} INFO - Using connection to: id: airbyte_example. Host: airbyte-proxy, Port: 8000, Schema: , Login: None, Password: None, extra: {}
[2023-02-24 16:45:20,773] {http.py:140} INFO - Sending 'POST' to url: http://airbyte-proxy:8000/api/v1/jobs/get
[2023-02-24 16:45:33,843] {base.py:78} INFO - Using connection to: id: airbyte_example. Host: airbyte-proxy, Port: 8000, Schema: , Login: None, Password: None, extra: {}
[2023-02-24 16:45:33,843] {http.py:140} INFO - Sending 'POST' to url: http://airbyte-proxy:8000/api/v1/jobs/get
[2023-02-24 16:45:41,183] {base.py:78} INFO - Using connection to: id: airbyte_example. Host: airbyte-proxy, Port: 8000, Schema: , Login: None, Password: None, extra: {}
[2023-02-24 16:45:41,184] {http.py:140} INFO - Sending 'POST' to url: http://airbyte-proxy:8000/api/v1/jobs/get
[2023-02-24 16:45:50,614] {base.py:78} INFO - Using connection to: id: airbyte_example. Host: airbyte-proxy, Port: 8000, Schema: , Login: None, Password: None, extra: {}
[2023-02-24 16:45:50,615] {http.py:140} INFO - Sending 'POST' to url: http://airbyte-proxy:8000/api/v1/jobs/get
[2023-02-24 16:46:03,772] {base.py:78} INFO - Using connection to: id: airbyte_example. Host: airbyte-proxy, Port: 8000, Schema: , Login: None, Password: None, extra: {}
[2023-02-24 16:46:03,773] {http.py:140} INFO - Sending 'POST' to url: http://airbyte-proxy:8000/api/v1/jobs/get
[2023-02-24 16:46:15,984] {base.py:78} INFO - Using connection to: id: airbyte_example. Host: airbyte-proxy, Port: 8000, Schema: , Login: None, Password: None, extra: {}
[2023-02-24 16:46:15,985] {http.py:140} INFO - Sending 'POST' to url: http://airbyte-proxy:8000/api/v1/jobs/get
[2023-02-24 16:46:29,692] {base.py:78} INFO - Using connection to: id: airbyte_example. Host: airbyte-proxy, Port: 8000, Schema: , Login: None, Password: None, extra: {}
[2023-02-24 16:46:29,693] {http.py:140} INFO - Sending 'POST' to url: http://airbyte-proxy:8000/api/v1/jobs/get
[2023-02-24 16:46:38,005] {base.py:78} INFO - Using connection to: id: airbyte_example. Host: airbyte-proxy, Port: 8000, Schema: , Login: None, Password: None, extra: {}
[2023-02-24 16:46:38,006] {http.py:140} INFO - Sending 'POST' to url: http://airbyte-proxy:8000/api/v1/jobs/get
[2023-02-24 16:46:48,599] {base.py:78} INFO - Using connection to: id: airbyte_example. Host: airbyte-proxy, Port: 8000, Schema: , Login: None, Password: None, extra: {}
[2023-02-24 16:46:48,599] {http.py:140} INFO - Sending 'POST' to url: http://airbyte-proxy:8000/api/v1/jobs/get
[2023-02-24 16:47:04,995] {base.py:78} INFO - Using connection to: id: airbyte_example. Host: airbyte-proxy, Port: 8000, Schema: , Login: None, Password: None, extra: {}
[2023-02-24 16:47:04,996] {http.py:140} INFO - Sending 'POST' to url: http://airbyte-proxy:8000/api/v1/jobs/get
[2023-02-24 16:47:20,572] {base.py:78} INFO - Using connection to: id: airbyte_example. Host: airbyte-proxy, Port: 8000, Schema: , Login: None, Password: None, extra: {}
[2023-02-24 16:47:20,574] {http.py:140} INFO - Sending 'POST' to url: http://airbyte-proxy:8000/api/v1/jobs/get
[2023-02-24 16:47:44,490] {base.py:78} INFO - Using connection to: id: airbyte_example. Host: airbyte-proxy, Port: 8000, Schema: , Login: None, Password: None, extra: {}
[2023-02-24 16:47:44,491] {http.py:140} INFO - Sending 'POST' to url: http://airbyte-proxy:8000/api/v1/jobs/get
[2023-02-24 16:48:12,098] {base.py:78} INFO - Using connection to: id: airbyte_example. Host: airbyte-proxy, Port: 8000, Schema: , Login: None, Password: None, extra: {}
[2023-02-24 16:48:12,099] {http.py:140} INFO - Sending 'POST' to url: http://airbyte-proxy:8000/api/v1/jobs/get
[2023-02-24 16:48:33,578] {base.py:78} INFO - Using connection to: id: airbyte_example. Host: airbyte-proxy, Port: 8000, Schema: , Login: None, Password: None, extra: {}
[2023-02-24 16:48:33,579] {http.py:140} INFO - Sending 'POST' to url: http://airbyte-proxy:8000/api/v1/jobs/get
[2023-02-24 16:48:55,667] {base.py:78} INFO - Using connection to: id: airbyte_example. Host: airbyte-proxy, Port: 8000, Schema: , Login: None, Password: None, extra: {}
[2023-02-24 16:48:55,669] {http.py:140} INFO - Sending 'POST' to url: http://airbyte-proxy:8000/api/v1/jobs/get
[2023-02-24 16:49:09,164] {base.py:78} INFO - Using connection to: id: airbyte_example. Host: airbyte-proxy, Port: 8000, Schema: , Login: None, Password: None, extra: {}
[2023-02-24 16:49:09,165] {http.py:140} INFO - Sending 'POST' to url: http://airbyte-proxy:8000/api/v1/jobs/get
[2023-02-24 16:49:26,769] {base.py:78} INFO - Using connection to: id: airbyte_example. Host: airbyte-proxy, Port: 8000, Schema: , Login: None, Password: None, extra: {}
[2023-02-24 16:49:26,772] {http.py:140} INFO - Sending 'POST' to url: http://airbyte-proxy:8000/api/v1/jobs/get
[2023-02-24 16:49:46,783] {base.py:78} INFO - Using connection to: id: airbyte_example. Host: airbyte-proxy, Port: 8000, Schema: , Login: None, Password: None, extra: {}
[2023-02-24 16:49:46,784] {http.py:140} INFO - Sending 'POST' to url: http://airbyte-proxy:8000/api/v1/jobs/get
[2023-02-24 16:50:03,614] {base.py:78} INFO - Using connection to: id: airbyte_example. Host: airbyte-proxy, Port: 8000, Schema: , Login: None, Password: None, extra: {}
[2023-02-24 16:50:03,615] {http.py:140} INFO - Sending 'POST' to url: http://airbyte-proxy:8000/api/v1/jobs/get
[2023-02-24 16:50:27,584] {base.py:78} INFO - Using connection to: id: airbyte_example. Host: airbyte-proxy, Port: 8000, Schema: , Login: None, Password: None, extra: {}
[2023-02-24 16:50:27,585] {http.py:140} INFO - Sending 'POST' to url: http://airbyte-proxy:8000/api/v1/jobs/get
[2023-02-24 16:50:47,010] {base.py:78} INFO - Using connection to: id: airbyte_example. Host: airbyte-proxy, Port: 8000, Schema: , Login: None, Password: None, extra: {}
[2023-02-24 16:50:47,011] {http.py:140} INFO - Sending 'POST' to url: http://airbyte-proxy:8000/api/v1/jobs/get
[2023-02-24 16:51:07,302] {base.py:78} INFO - Using connection to: id: airbyte_example. Host: airbyte-proxy, Port: 8000, Schema: , Login: None, Password: None, extra: {}
[2023-02-24 16:51:07,304] {http.py:140} INFO - Sending 'POST' to url: http://airbyte-proxy:8000/api/v1/jobs/get
[2023-02-24 16:51:26,087] {base.py:78} INFO - Using connection to: id: airbyte_example. Host: airbyte-proxy, Port: 8000, Schema: , Login: None, Password: None, extra: {}
[2023-02-24 16:51:26,088] {http.py:140} INFO - Sending 'POST' to url: http://airbyte-proxy:8000/api/v1/jobs/get
[2023-02-24 16:51:47,973] {base.py:78} INFO - Using connection to: id: airbyte_example. Host: airbyte-proxy, Port: 8000, Schema: , Login: None, Password: None, extra: {}
[2023-02-24 16:51:47,975] {http.py:140} INFO - Sending 'POST' to url: http://airbyte-proxy:8000/api/v1/jobs/get
[2023-02-24 16:52:12,224] {base.py:78} INFO - Using connection to: id: airbyte_example. Host: airbyte-proxy, Port: 8000, Schema: , Login: None, Password: None, extra: {}
[2023-02-24 16:52:12,225] {http.py:140} INFO - Sending 'POST' to url: http://airbyte-proxy:8000/api/v1/jobs/get
[2023-02-24 16:52:38,479] {base.py:78} INFO - Using connection to: id: airbyte_example. Host: airbyte-proxy, Port: 8000, Schema: , Login: None, Password: None, extra: {}
[2023-02-24 16:52:38,481] {http.py:140} INFO - Sending 'POST' to url: http://airbyte-proxy:8000/api/v1/jobs/get
[2023-02-24 16:53:12,383] {base.py:78} INFO - Using connection to: id: airbyte_example. Host: airbyte-proxy, Port: 8000, Schema: , Login: None, Password: None, extra: {}
[2023-02-24 16:53:12,384] {http.py:140} INFO - Sending 'POST' to url: http://airbyte-proxy:8000/api/v1/jobs/get
[2023-02-24 16:53:40,289] {base.py:78} INFO - Using connection to: id: airbyte_example. Host: airbyte-proxy, Port: 8000, Schema: , Login: None, Password: None, extra: {}
[2023-02-24 16:53:40,290] {http.py:140} INFO - Sending 'POST' to url: http://airbyte-proxy:8000/api/v1/jobs/get
[2023-02-24 16:53:58,980] {base.py:78} INFO - Using connection to: id: airbyte_example. Host: airbyte-proxy, Port: 8000, Schema: , Login: None, Password: None, extra: {}
[2023-02-24 16:53:58,981] {http.py:140} INFO - Sending 'POST' to url: http://airbyte-proxy:8000/api/v1/jobs/get
[2023-02-24 16:54:12,986] {base.py:78} INFO - Using connection to: id: airbyte_example. Host: airbyte-proxy, Port: 8000, Schema: , Login: None, Password: None, extra: {}
[2023-02-24 16:54:12,987] {http.py:140} INFO - Sending 'POST' to url: http://airbyte-proxy:8000/api/v1/jobs/get
[2023-02-24 16:54:21,205] {base.py:78} INFO - Using connection to: id: airbyte_example. Host: airbyte-proxy, Port: 8000, Schema: , Login: None, Password: None, extra: {}
[2023-02-24 16:54:21,206] {http.py:140} INFO - Sending 'POST' to url: http://airbyte-proxy:8000/api/v1/jobs/get
[2023-02-24 16:54:30,094] {base.py:78} INFO - Using connection to: id: airbyte_example. Host: airbyte-proxy, Port: 8000, Schema: , Login: None, Password: None, extra: {}
[2023-02-24 16:54:30,095] {http.py:140} INFO - Sending 'POST' to url: http://airbyte-proxy:8000/api/v1/jobs/get
[2023-02-24 16:54:38,913] {base.py:78} INFO - Using connection to: id: airbyte_example. Host: airbyte-proxy, Port: 8000, Schema: , Login: None, Password: None, extra: {}
[2023-02-24 16:54:38,914] {http.py:140} INFO - Sending 'POST' to url: http://airbyte-proxy:8000/api/v1/jobs/get
[2023-02-24 16:54:47,171] {base.py:78} INFO - Using connection to: id: airbyte_example. Host: airbyte-proxy, Port: 8000, Schema: , Login: None, Password: None, extra: {}
[2023-02-24 16:54:47,172] {http.py:140} INFO - Sending 'POST' to url: http://airbyte-proxy:8000/api/v1/jobs/get
[2023-02-24 16:54:59,985] {base.py:78} INFO - Using connection to: id: airbyte_example. Host: airbyte-proxy, Port: 8000, Schema: , Login: None, Password: None, extra: {}
[2023-02-24 16:54:59,985] {http.py:140} INFO - Sending 'POST' to url: http://airbyte-proxy:8000/api/v1/jobs/get
[2023-02-24 16:55:14,696] {base.py:78} INFO - Using connection to: id: airbyte_example. Host: airbyte-proxy, Port: 8000, Schema: , Login: None, Password: None, extra: {}
[2023-02-24 16:55:14,697] {http.py:140} INFO - Sending 'POST' to url: http://airbyte-proxy:8000/api/v1/jobs/get
[2023-02-24 16:55:33,270] {base.py:78} INFO - Using connection to: id: airbyte_example. Host: airbyte-proxy, Port: 8000, Schema: , Login: None, Password: None, extra: {}
[2023-02-24 16:55:33,271] {http.py:140} INFO - Sending 'POST' to url: http://airbyte-proxy:8000/api/v1/jobs/get
[2023-02-24 16:55:52,170] {base.py:78} INFO - Using connection to: id: airbyte_example. Host: airbyte-proxy, Port: 8000, Schema: , Login: None, Password: None, extra: {}
[2023-02-24 16:55:52,171] {http.py:140} INFO - Sending 'POST' to url: http://airbyte-proxy:8000/api/v1/jobs/get
[2023-02-24 16:56:13,483] {base.py:78} INFO - Using connection to: id: airbyte_example. Host: airbyte-proxy, Port: 8000, Schema: , Login: None, Password: None, extra: {}
[2023-02-24 16:56:13,484] {http.py:140} INFO - Sending 'POST' to url: http://airbyte-proxy:8000/api/v1/jobs/get
[2023-02-24 16:56:37,901] {base.py:78} INFO - Using connection to: id: airbyte_example. Host: airbyte-proxy, Port: 8000, Schema: , Login: None, Password: None, extra: {}
[2023-02-24 16:56:37,902] {http.py:140} INFO - Sending 'POST' to url: http://airbyte-proxy:8000/api/v1/jobs/get
[2023-02-24 16:56:55,879] {base.py:78} INFO - Using connection to: id: airbyte_example. Host: airbyte-proxy, Port: 8000, Schema: , Login: None, Password: None, extra: {}
[2023-02-24 16:56:55,880] {http.py:140} INFO - Sending 'POST' to url: http://airbyte-proxy:8000/api/v1/jobs/get
[2023-02-24 16:57:14,375] {base.py:78} INFO - Using connection to: id: airbyte_example. Host: airbyte-proxy, Port: 8000, Schema: , Login: None, Password: None, extra: {}
[2023-02-24 16:57:14,376] {http.py:140} INFO - Sending 'POST' to url: http://airbyte-proxy:8000/api/v1/jobs/get
[2023-02-24 16:57:33,314] {base.py:78} INFO - Using connection to: id: airbyte_example. Host: airbyte-proxy, Port: 8000, Schema: , Login: None, Password: None, extra: {}
[2023-02-24 16:57:33,315] {http.py:140} INFO - Sending 'POST' to url: http://airbyte-proxy:8000/api/v1/jobs/get
[2023-02-24 16:57:52,972] {base.py:78} INFO - Using connection to: id: airbyte_example. Host: airbyte-proxy, Port: 8000, Schema: , Login: None, Password: None, extra: {}
[2023-02-24 16:57:52,973] {http.py:140} INFO - Sending 'POST' to url: http://airbyte-proxy:8000/api/v1/jobs/get
[2023-02-24 16:58:09,671] {base.py:78} INFO - Using connection to: id: airbyte_example. Host: airbyte-proxy, Port: 8000, Schema: , Login: None, Password: None, extra: {}
[2023-02-24 16:58:09,672] {http.py:140} INFO - Sending 'POST' to url: http://airbyte-proxy:8000/api/v1/jobs/get
[2023-02-24 16:58:24,576] {base.py:78} INFO - Using connection to: id: airbyte_example. Host: airbyte-proxy, Port: 8000, Schema: , Login: None, Password: None, extra: {}
[2023-02-24 16:58:24,582] {http.py:140} INFO - Sending 'POST' to url: http://airbyte-proxy:8000/api/v1/jobs/get
[2023-02-24 16:58:41,587] {base.py:78} INFO - Using connection to: id: airbyte_example. Host: airbyte-proxy, Port: 8000, Schema: , Login: None, Password: None, extra: {}
[2023-02-24 16:58:41,588] {http.py:140} INFO - Sending 'POST' to url: http://airbyte-proxy:8000/api/v1/jobs/get
[2023-02-24 16:58:58,982] {base.py:78} INFO - Using connection to: id: airbyte_example. Host: airbyte-proxy, Port: 8000, Schema: , Login: None, Password: None, extra: {}
[2023-02-24 16:58:58,983] {http.py:140} INFO - Sending 'POST' to url: http://airbyte-proxy:8000/api/v1/jobs/get
[2023-02-24 16:59:14,473] {base.py:78} INFO - Using connection to: id: airbyte_example. Host: airbyte-proxy, Port: 8000, Schema: , Login: None, Password: None, extra: {}
[2023-02-24 16:59:14,474] {http.py:140} INFO - Sending 'POST' to url: http://airbyte-proxy:8000/api/v1/jobs/get
[2023-02-24 16:59:33,199] {base.py:78} INFO - Using connection to: id: airbyte_example. Host: airbyte-proxy, Port: 8000, Schema: , Login: None, Password: None, extra: {}
[2023-02-24 16:59:33,200] {http.py:140} INFO - Sending 'POST' to url: http://airbyte-proxy:8000/api/v1/jobs/get
[2023-02-24 16:59:54,467] {base.py:78} INFO - Using connection to: id: airbyte_example. Host: airbyte-proxy, Port: 8000, Schema: , Login: None, Password: None, extra: {}
[2023-02-24 16:59:54,469] {http.py:140} INFO - Sending 'POST' to url: http://airbyte-proxy:8000/api/v1/jobs/get
[2023-02-24 17:00:17,681] {base.py:78} INFO - Using connection to: id: airbyte_example. Host: airbyte-proxy, Port: 8000, Schema: , Login: None, Password: None, extra: {}
[2023-02-24 17:00:17,682] {http.py:140} INFO - Sending 'POST' to url: http://airbyte-proxy:8000/api/v1/jobs/get
[2023-02-24 17:00:57,706] {base.py:78} INFO - Using connection to: id: airbyte_example. Host: airbyte-proxy, Port: 8000, Schema: , Login: None, Password: None, extra: {}
[2023-02-24 17:00:57,707] {http.py:140} INFO - Sending 'POST' to url: http://airbyte-proxy:8000/api/v1/jobs/get
[2023-02-24 17:01:27,973] {base.py:78} INFO - Using connection to: id: airbyte_example. Host: airbyte-proxy, Port: 8000, Schema: , Login: None, Password: None, extra: {}
[2023-02-24 17:01:27,975] {http.py:140} INFO - Sending 'POST' to url: http://airbyte-proxy:8000/api/v1/jobs/get
[2023-02-24 17:01:59,980] {base.py:78} INFO - Using connection to: id: airbyte_example. Host: airbyte-proxy, Port: 8000, Schema: , Login: None, Password: None, extra: {}
[2023-02-24 17:01:59,981] {http.py:140} INFO - Sending 'POST' to url: http://airbyte-proxy:8000/api/v1/jobs/get
[2023-02-24 17:02:21,064] {base.py:78} INFO - Using connection to: id: airbyte_example. Host: airbyte-proxy, Port: 8000, Schema: , Login: None, Password: None, extra: {}
[2023-02-24 17:02:21,065] {http.py:140} INFO - Sending 'POST' to url: http://airbyte-proxy:8000/api/v1/jobs/get
[2023-02-24 17:02:43,378] {base.py:78} INFO - Using connection to: id: airbyte_example. Host: airbyte-proxy, Port: 8000, Schema: , Login: None, Password: None, extra: {}
[2023-02-24 17:02:43,379] {http.py:140} INFO - Sending 'POST' to url: http://airbyte-proxy:8000/api/v1/jobs/get
[2023-02-24 17:03:06,416] {base.py:78} INFO - Using connection to: id: airbyte_example. Host: airbyte-proxy, Port: 8000, Schema: , Login: None, Password: None, extra: {}
[2023-02-24 17:03:06,424] {http.py:140} INFO - Sending 'POST' to url: http://airbyte-proxy:8000/api/v1/jobs/get
[2023-02-24 17:03:14,289] {base.py:78} INFO - Using connection to: id: airbyte_example. Host: airbyte-proxy, Port: 8000, Schema: , Login: None, Password: None, extra: {}
[2023-02-24 17:03:14,290] {http.py:140} INFO - Sending 'POST' to url: http://airbyte-proxy:8000/api/v1/jobs/get
[2023-02-24 17:03:32,564] {base.py:78} INFO - Using connection to: id: airbyte_example. Host: airbyte-proxy, Port: 8000, Schema: , Login: None, Password: None, extra: {}
[2023-02-24 17:03:32,566] {http.py:140} INFO - Sending 'POST' to url: http://airbyte-proxy:8000/api/v1/jobs/get
[2023-02-24 17:03:49,682] {base.py:78} INFO - Using connection to: id: airbyte_example. Host: airbyte-proxy, Port: 8000, Schema: , Login: None, Password: None, extra: {}
[2023-02-24 17:03:49,684] {http.py:140} INFO - Sending 'POST' to url: http://airbyte-proxy:8000/api/v1/jobs/get
[2023-02-24 17:04:04,496] {base.py:78} INFO - Using connection to: id: airbyte_example. Host: airbyte-proxy, Port: 8000, Schema: , Login: None, Password: None, extra: {}
[2023-02-24 17:04:04,516] {http.py:140} INFO - Sending 'POST' to url: http://airbyte-proxy:8000/api/v1/jobs/get
[2023-02-24 17:04:24,077] {base.py:78} INFO - Using connection to: id: airbyte_example. Host: airbyte-proxy, Port: 8000, Schema: , Login: None, Password: None, extra: {}
[2023-02-24 17:04:24,086] {http.py:140} INFO - Sending 'POST' to url: http://airbyte-proxy:8000/api/v1/jobs/get
[2023-02-24 17:04:51,469] {base.py:78} INFO - Using connection to: id: airbyte_example. Host: airbyte-proxy, Port: 8000, Schema: , Login: None, Password: None, extra: {}
[2023-02-24 17:04:51,471] {http.py:140} INFO - Sending 'POST' to url: http://airbyte-proxy:8000/api/v1/jobs/get
[2023-02-24 17:05:09,604] {base.py:78} INFO - Using connection to: id: airbyte_example. Host: airbyte-proxy, Port: 8000, Schema: , Login: None, Password: None, extra: {}
[2023-02-24 17:05:09,605] {http.py:140} INFO - Sending 'POST' to url: http://airbyte-proxy:8000/api/v1/jobs/get
[2023-02-24 17:05:26,883] {base.py:78} INFO - Using connection to: id: airbyte_example. Host: airbyte-proxy, Port: 8000, Schema: , Login: None, Password: None, extra: {}
[2023-02-24 17:05:26,884] {http.py:140} INFO - Sending 'POST' to url: http://airbyte-proxy:8000/api/v1/jobs/get
[2023-02-24 17:05:46,170] {base.py:78} INFO - Using connection to: id: airbyte_example. Host: airbyte-proxy, Port: 8000, Schema: , Login: None, Password: None, extra: {}
[2023-02-24 17:05:46,171] {http.py:140} INFO - Sending 'POST' to url: http://airbyte-proxy:8000/api/v1/jobs/get
[2023-02-24 17:06:13,571] {base.py:78} INFO - Using connection to: id: airbyte_example. Host: airbyte-proxy, Port: 8000, Schema: , Login: None, Password: None, extra: {}
[2023-02-24 17:06:13,572] {http.py:140} INFO - Sending 'POST' to url: http://airbyte-proxy:8000/api/v1/jobs/get
[2023-02-24 17:06:34,599] {base.py:78} INFO - Using connection to: id: airbyte_example. Host: airbyte-proxy, Port: 8000, Schema: , Login: None, Password: None, extra: {}
[2023-02-24 17:06:34,599] {http.py:140} INFO - Sending 'POST' to url: http://airbyte-proxy:8000/api/v1/jobs/get
[2023-02-24 17:07:05,582] {base.py:78} INFO - Using connection to: id: airbyte_example. Host: airbyte-proxy, Port: 8000, Schema: , Login: None, Password: None, extra: {}
[2023-02-24 17:07:05,583] {http.py:140} INFO - Sending 'POST' to url: http://airbyte-proxy:8000/api/v1/jobs/get
[2023-02-24 17:07:31,469] {base.py:78} INFO - Using connection to: id: airbyte_example. Host: airbyte-proxy, Port: 8000, Schema: , Login: None, Password: None, extra: {}
[2023-02-24 17:07:31,470] {http.py:140} INFO - Sending 'POST' to url: http://airbyte-proxy:8000/api/v1/jobs/get
[2023-02-24 17:07:55,496] {base.py:78} INFO - Using connection to: id: airbyte_example. Host: airbyte-proxy, Port: 8000, Schema: , Login: None, Password: None, extra: {}
[2023-02-24 17:07:55,498] {http.py:140} INFO - Sending 'POST' to url: http://airbyte-proxy:8000/api/v1/jobs/get
[2023-02-24 17:08:17,275] {base.py:78} INFO - Using connection to: id: airbyte_example. Host: airbyte-proxy, Port: 8000, Schema: , Login: None, Password: None, extra: {}
[2023-02-24 17:08:17,276] {http.py:140} INFO - Sending 'POST' to url: http://airbyte-proxy:8000/api/v1/jobs/get
[2023-02-24 17:08:27,301] {base.py:78} INFO - Using connection to: id: airbyte_example. Host: airbyte-proxy, Port: 8000, Schema: , Login: None, Password: None, extra: {}
[2023-02-24 17:08:27,302] {http.py:140} INFO - Sending 'POST' to url: http://airbyte-proxy:8000/api/v1/jobs/get
[2023-02-24 17:08:48,041] {base.py:78} INFO - Using connection to: id: airbyte_example. Host: airbyte-proxy, Port: 8000, Schema: , Login: None, Password: None, extra: {}
[2023-02-24 17:08:48,042] {http.py:140} INFO - Sending 'POST' to url: http://airbyte-proxy:8000/api/v1/jobs/get
[2023-02-24 17:08:58,547] {base.py:78} INFO - Using connection to: id: airbyte_example. Host: airbyte-proxy, Port: 8000, Schema: , Login: None, Password: None, extra: {}
[2023-02-24 17:08:58,548] {http.py:140} INFO - Sending 'POST' to url: http://airbyte-proxy:8000/api/v1/jobs/get
[2023-02-24 17:09:11,083] {base.py:78} INFO - Using connection to: id: airbyte_example. Host: airbyte-proxy, Port: 8000, Schema: , Login: None, Password: None, extra: {}
[2023-02-24 17:09:11,085] {http.py:140} INFO - Sending 'POST' to url: http://airbyte-proxy:8000/api/v1/jobs/get
[2023-02-24 17:09:27,072] {base.py:78} INFO - Using connection to: id: airbyte_example. Host: airbyte-proxy, Port: 8000, Schema: , Login: None, Password: None, extra: {}
[2023-02-24 17:09:27,073] {http.py:140} INFO - Sending 'POST' to url: http://airbyte-proxy:8000/api/v1/jobs/get
[2023-02-24 17:09:43,386] {base.py:78} INFO - Using connection to: id: airbyte_example. Host: airbyte-proxy, Port: 8000, Schema: , Login: None, Password: None, extra: {}
[2023-02-24 17:09:43,386] {http.py:140} INFO - Sending 'POST' to url: http://airbyte-proxy:8000/api/v1/jobs/get
[2023-02-24 17:10:06,488] {base.py:78} INFO - Using connection to: id: airbyte_example. Host: airbyte-proxy, Port: 8000, Schema: , Login: None, Password: None, extra: {}
[2023-02-24 17:10:06,491] {http.py:140} INFO - Sending 'POST' to url: http://airbyte-proxy:8000/api/v1/jobs/get
[2023-02-24 17:10:23,474] {base.py:78} INFO - Using connection to: id: airbyte_example. Host: airbyte-proxy, Port: 8000, Schema: , Login: None, Password: None, extra: {}
[2023-02-24 17:10:23,475] {http.py:140} INFO - Sending 'POST' to url: http://airbyte-proxy:8000/api/v1/jobs/get
[2023-02-24 17:10:43,979] {base.py:78} INFO - Using connection to: id: airbyte_example. Host: airbyte-proxy, Port: 8000, Schema: , Login: None, Password: None, extra: {}
[2023-02-24 17:10:43,980] {http.py:140} INFO - Sending 'POST' to url: http://airbyte-proxy:8000/api/v1/jobs/get
[2023-02-24 17:11:09,271] {base.py:78} INFO - Using connection to: id: airbyte_example. Host: airbyte-proxy, Port: 8000, Schema: , Login: None, Password: None, extra: {}
[2023-02-24 17:11:09,273] {http.py:140} INFO - Sending 'POST' to url: http://airbyte-proxy:8000/api/v1/jobs/get
[2023-02-24 17:11:23,076] {base.py:78} INFO - Using connection to: id: airbyte_example. Host: airbyte-proxy, Port: 8000, Schema: , Login: None, Password: None, extra: {}
[2023-02-24 17:11:23,077] {http.py:140} INFO - Sending 'POST' to url: http://airbyte-proxy:8000/api/v1/jobs/get
[2023-02-24 17:11:50,864] {base.py:78} INFO - Using connection to: id: airbyte_example. Host: airbyte-proxy, Port: 8000, Schema: , Login: None, Password: None, extra: {}
[2023-02-24 17:11:50,866] {http.py:140} INFO - Sending 'POST' to url: http://airbyte-proxy:8000/api/v1/jobs/get
[2023-02-24 17:12:19,569] {base.py:78} INFO - Using connection to: id: airbyte_example. Host: airbyte-proxy, Port: 8000, Schema: , Login: None, Password: None, extra: {}
[2023-02-24 17:12:19,570] {http.py:140} INFO - Sending 'POST' to url: http://airbyte-proxy:8000/api/v1/jobs/get
[2023-02-24 17:12:56,668] {taskinstance.py:1501} ERROR - Task failed with exception
Traceback (most recent call last):
  File "/home/airflow/.local/lib/python3.6/site-packages/airflow/models/taskinstance.py", line 1157, in _run_raw_task
    self._prepare_and_execute_task_with_callbacks(context, task)
  File "/home/airflow/.local/lib/python3.6/site-packages/airflow/models/taskinstance.py", line 1331, in _prepare_and_execute_task_with_callbacks
    result = self._execute_task(context, task_copy)
  File "/home/airflow/.local/lib/python3.6/site-packages/airflow/models/taskinstance.py", line 1361, in _execute_task
    result = task_copy.execute(context=context)
  File "/home/airflow/.local/lib/python3.6/site-packages/airflow/providers/airbyte/operators/airbyte.py", line 77, in execute
    hook.wait_for_job(job_id=job_id, wait_seconds=self.wait_seconds, timeout=self.timeout)
  File "/home/airflow/.local/lib/python3.6/site-packages/airflow/providers/airbyte/hooks/airbyte.py", line 82, in wait_for_job
    raise AirflowException(f"Job was cancelled:\n{job}")
airflow.exceptions.AirflowException: Job was cancelled:
<Response [200]>
[2023-02-24 17:12:56,780] {taskinstance.py:1551} INFO - Marking task as FAILED. dag_id=trigger_airbyte_dbt_job, task_id=airbyte_epidemiology, execution_date=20230224T163531, start_date=20230224T163848, end_date=20230224T171256
[2023-02-24 17:12:58,798] {local_task_job.py:151} INFO - Task exited with return code 1
