[2023-02-23 12:25:53,986] {scheduler_job.py:182} INFO - Started process (PID=77) to work on /home/airflow/.local/lib/python3.6/site-packages/airflow/example_dags/example_branch_datetime_operator.py
[2023-02-23 12:25:53,987] {scheduler_job.py:633} INFO - Processing file /home/airflow/.local/lib/python3.6/site-packages/airflow/example_dags/example_branch_datetime_operator.py for tasks to queue
[2023-02-23 12:25:53,987] {logging_mixin.py:104} INFO - [2023-02-23 12:25:53,987] {dagbag.py:496} INFO - Filling up the DagBag from /home/airflow/.local/lib/python3.6/site-packages/airflow/example_dags/example_branch_datetime_operator.py
[2023-02-23 12:25:54,000] {scheduler_job.py:643} INFO - DAG(s) dict_keys(['example_branch_datetime_operator_2']) retrieved from /home/airflow/.local/lib/python3.6/site-packages/airflow/example_dags/example_branch_datetime_operator.py
[2023-02-23 12:25:54,676] {logging_mixin.py:104} INFO - [2023-02-23 12:25:54,675] {dag.py:1833} INFO - Sync 1 DAGs
[2023-02-23 12:25:54,762] {logging_mixin.py:104} INFO - [2023-02-23 12:25:54,762] {dag.py:2306} INFO - Setting next_dagrun for example_branch_datetime_operator_2 to 2023-02-21 00:00:00+00:00
[2023-02-23 12:25:54,793] {scheduler_job.py:190} INFO - Processing /home/airflow/.local/lib/python3.6/site-packages/airflow/example_dags/example_branch_datetime_operator.py took 0.810 seconds
[2023-02-23 12:26:24,900] {scheduler_job.py:182} INFO - Started process (PID=128) to work on /home/airflow/.local/lib/python3.6/site-packages/airflow/example_dags/example_branch_datetime_operator.py
[2023-02-23 12:26:24,901] {scheduler_job.py:633} INFO - Processing file /home/airflow/.local/lib/python3.6/site-packages/airflow/example_dags/example_branch_datetime_operator.py for tasks to queue
[2023-02-23 12:26:24,901] {logging_mixin.py:104} INFO - [2023-02-23 12:26:24,901] {dagbag.py:496} INFO - Filling up the DagBag from /home/airflow/.local/lib/python3.6/site-packages/airflow/example_dags/example_branch_datetime_operator.py
[2023-02-23 12:26:24,910] {scheduler_job.py:643} INFO - DAG(s) dict_keys(['example_branch_datetime_operator_2']) retrieved from /home/airflow/.local/lib/python3.6/site-packages/airflow/example_dags/example_branch_datetime_operator.py
[2023-02-23 12:26:24,926] {logging_mixin.py:104} INFO - [2023-02-23 12:26:24,926] {dag.py:1833} INFO - Sync 1 DAGs
[2023-02-23 12:26:24,941] {logging_mixin.py:104} INFO - [2023-02-23 12:26:24,940] {dag.py:2306} INFO - Setting next_dagrun for example_branch_datetime_operator_2 to 2023-02-21 00:00:00+00:00
[2023-02-23 12:26:24,976] {scheduler_job.py:190} INFO - Processing /home/airflow/.local/lib/python3.6/site-packages/airflow/example_dags/example_branch_datetime_operator.py took 0.078 seconds
[2023-02-23 16:46:47,914] {scheduler_job.py:182} INFO - Started process (PID=62) to work on /home/airflow/.local/lib/python3.6/site-packages/airflow/example_dags/example_branch_datetime_operator.py
[2023-02-23 16:46:47,914] {scheduler_job.py:633} INFO - Processing file /home/airflow/.local/lib/python3.6/site-packages/airflow/example_dags/example_branch_datetime_operator.py for tasks to queue
[2023-02-23 16:46:47,915] {logging_mixin.py:104} INFO - [2023-02-23 16:46:47,915] {dagbag.py:496} INFO - Filling up the DagBag from /home/airflow/.local/lib/python3.6/site-packages/airflow/example_dags/example_branch_datetime_operator.py
[2023-02-23 16:46:47,926] {scheduler_job.py:643} INFO - DAG(s) dict_keys(['example_branch_datetime_operator_2']) retrieved from /home/airflow/.local/lib/python3.6/site-packages/airflow/example_dags/example_branch_datetime_operator.py
[2023-02-23 16:46:47,987] {logging_mixin.py:104} INFO - [2023-02-23 16:46:47,987] {dag.py:1833} INFO - Sync 1 DAGs
[2023-02-23 16:46:48,004] {logging_mixin.py:104} INFO - [2023-02-23 16:46:48,004] {dag.py:2306} INFO - Setting next_dagrun for example_branch_datetime_operator_2 to 2023-02-21 00:00:00+00:00
[2023-02-23 16:46:48,012] {scheduler_job.py:190} INFO - Processing /home/airflow/.local/lib/python3.6/site-packages/airflow/example_dags/example_branch_datetime_operator.py took 0.102 seconds
[2023-02-23 16:47:18,147] {scheduler_job.py:182} INFO - Started process (PID=114) to work on /home/airflow/.local/lib/python3.6/site-packages/airflow/example_dags/example_branch_datetime_operator.py
[2023-02-23 16:47:18,147] {scheduler_job.py:633} INFO - Processing file /home/airflow/.local/lib/python3.6/site-packages/airflow/example_dags/example_branch_datetime_operator.py for tasks to queue
[2023-02-23 16:47:18,148] {logging_mixin.py:104} INFO - [2023-02-23 16:47:18,148] {dagbag.py:496} INFO - Filling up the DagBag from /home/airflow/.local/lib/python3.6/site-packages/airflow/example_dags/example_branch_datetime_operator.py
[2023-02-23 16:47:18,157] {scheduler_job.py:643} INFO - DAG(s) dict_keys(['example_branch_datetime_operator_2']) retrieved from /home/airflow/.local/lib/python3.6/site-packages/airflow/example_dags/example_branch_datetime_operator.py
[2023-02-23 16:47:18,174] {logging_mixin.py:104} INFO - [2023-02-23 16:47:18,174] {dag.py:1833} INFO - Sync 1 DAGs
[2023-02-23 16:47:18,189] {logging_mixin.py:104} INFO - [2023-02-23 16:47:18,188] {dag.py:2306} INFO - Setting next_dagrun for example_branch_datetime_operator_2 to 2023-02-21 00:00:00+00:00
[2023-02-23 16:47:18,196] {scheduler_job.py:190} INFO - Processing /home/airflow/.local/lib/python3.6/site-packages/airflow/example_dags/example_branch_datetime_operator.py took 0.051 seconds
[2023-02-23 16:47:48,778] {scheduler_job.py:182} INFO - Started process (PID=176) to work on /home/airflow/.local/lib/python3.6/site-packages/airflow/example_dags/example_branch_datetime_operator.py
[2023-02-23 16:47:48,779] {scheduler_job.py:633} INFO - Processing file /home/airflow/.local/lib/python3.6/site-packages/airflow/example_dags/example_branch_datetime_operator.py for tasks to queue
[2023-02-23 16:47:48,779] {logging_mixin.py:104} INFO - [2023-02-23 16:47:48,779] {dagbag.py:496} INFO - Filling up the DagBag from /home/airflow/.local/lib/python3.6/site-packages/airflow/example_dags/example_branch_datetime_operator.py
[2023-02-23 16:47:48,790] {scheduler_job.py:643} INFO - DAG(s) dict_keys(['example_branch_datetime_operator_2']) retrieved from /home/airflow/.local/lib/python3.6/site-packages/airflow/example_dags/example_branch_datetime_operator.py
[2023-02-23 16:47:48,809] {logging_mixin.py:104} INFO - [2023-02-23 16:47:48,808] {dag.py:1833} INFO - Sync 1 DAGs
[2023-02-23 16:47:48,825] {logging_mixin.py:104} INFO - [2023-02-23 16:47:48,825] {dag.py:2306} INFO - Setting next_dagrun for example_branch_datetime_operator_2 to 2023-02-21 00:00:00+00:00
[2023-02-23 16:47:48,834] {scheduler_job.py:190} INFO - Processing /home/airflow/.local/lib/python3.6/site-packages/airflow/example_dags/example_branch_datetime_operator.py took 0.059 seconds
[2023-02-23 16:48:19,789] {scheduler_job.py:182} INFO - Started process (PID=228) to work on /home/airflow/.local/lib/python3.6/site-packages/airflow/example_dags/example_branch_datetime_operator.py
[2023-02-23 16:48:19,790] {scheduler_job.py:633} INFO - Processing file /home/airflow/.local/lib/python3.6/site-packages/airflow/example_dags/example_branch_datetime_operator.py for tasks to queue
[2023-02-23 16:48:19,790] {logging_mixin.py:104} INFO - [2023-02-23 16:48:19,790] {dagbag.py:496} INFO - Filling up the DagBag from /home/airflow/.local/lib/python3.6/site-packages/airflow/example_dags/example_branch_datetime_operator.py
[2023-02-23 16:48:19,800] {scheduler_job.py:643} INFO - DAG(s) dict_keys(['example_branch_datetime_operator_2']) retrieved from /home/airflow/.local/lib/python3.6/site-packages/airflow/example_dags/example_branch_datetime_operator.py
[2023-02-23 16:48:19,818] {logging_mixin.py:104} INFO - [2023-02-23 16:48:19,817] {dag.py:1833} INFO - Sync 1 DAGs
[2023-02-23 16:48:19,834] {logging_mixin.py:104} INFO - [2023-02-23 16:48:19,834] {dag.py:2306} INFO - Setting next_dagrun for example_branch_datetime_operator_2 to 2023-02-21 00:00:00+00:00
[2023-02-23 16:48:19,842] {scheduler_job.py:190} INFO - Processing /home/airflow/.local/lib/python3.6/site-packages/airflow/example_dags/example_branch_datetime_operator.py took 0.056 seconds
[2023-02-23 16:48:50,568] {scheduler_job.py:182} INFO - Started process (PID=290) to work on /home/airflow/.local/lib/python3.6/site-packages/airflow/example_dags/example_branch_datetime_operator.py
[2023-02-23 16:48:50,569] {scheduler_job.py:633} INFO - Processing file /home/airflow/.local/lib/python3.6/site-packages/airflow/example_dags/example_branch_datetime_operator.py for tasks to queue
[2023-02-23 16:48:50,570] {logging_mixin.py:104} INFO - [2023-02-23 16:48:50,570] {dagbag.py:496} INFO - Filling up the DagBag from /home/airflow/.local/lib/python3.6/site-packages/airflow/example_dags/example_branch_datetime_operator.py
[2023-02-23 16:48:50,581] {scheduler_job.py:643} INFO - DAG(s) dict_keys(['example_branch_datetime_operator_2']) retrieved from /home/airflow/.local/lib/python3.6/site-packages/airflow/example_dags/example_branch_datetime_operator.py
[2023-02-23 16:48:50,600] {logging_mixin.py:104} INFO - [2023-02-23 16:48:50,600] {dag.py:1833} INFO - Sync 1 DAGs
[2023-02-23 16:48:50,616] {logging_mixin.py:104} INFO - [2023-02-23 16:48:50,616] {dag.py:2306} INFO - Setting next_dagrun for example_branch_datetime_operator_2 to 2023-02-21 00:00:00+00:00
[2023-02-23 16:48:50,624] {scheduler_job.py:190} INFO - Processing /home/airflow/.local/lib/python3.6/site-packages/airflow/example_dags/example_branch_datetime_operator.py took 0.058 seconds
[2023-02-23 16:49:21,224] {scheduler_job.py:182} INFO - Started process (PID=342) to work on /home/airflow/.local/lib/python3.6/site-packages/airflow/example_dags/example_branch_datetime_operator.py
[2023-02-23 16:49:21,226] {scheduler_job.py:633} INFO - Processing file /home/airflow/.local/lib/python3.6/site-packages/airflow/example_dags/example_branch_datetime_operator.py for tasks to queue
[2023-02-23 16:49:21,226] {logging_mixin.py:104} INFO - [2023-02-23 16:49:21,226] {dagbag.py:496} INFO - Filling up the DagBag from /home/airflow/.local/lib/python3.6/site-packages/airflow/example_dags/example_branch_datetime_operator.py
[2023-02-23 16:49:21,235] {scheduler_job.py:643} INFO - DAG(s) dict_keys(['example_branch_datetime_operator_2']) retrieved from /home/airflow/.local/lib/python3.6/site-packages/airflow/example_dags/example_branch_datetime_operator.py
[2023-02-23 16:49:21,251] {logging_mixin.py:104} INFO - [2023-02-23 16:49:21,251] {dag.py:1833} INFO - Sync 1 DAGs
[2023-02-23 16:49:21,274] {logging_mixin.py:104} INFO - [2023-02-23 16:49:21,274] {dag.py:2306} INFO - Setting next_dagrun for example_branch_datetime_operator_2 to 2023-02-21 00:00:00+00:00
[2023-02-23 16:49:21,282] {scheduler_job.py:190} INFO - Processing /home/airflow/.local/lib/python3.6/site-packages/airflow/example_dags/example_branch_datetime_operator.py took 0.060 seconds
[2023-02-23 16:49:52,046] {scheduler_job.py:182} INFO - Started process (PID=394) to work on /home/airflow/.local/lib/python3.6/site-packages/airflow/example_dags/example_branch_datetime_operator.py
[2023-02-23 16:49:52,047] {scheduler_job.py:633} INFO - Processing file /home/airflow/.local/lib/python3.6/site-packages/airflow/example_dags/example_branch_datetime_operator.py for tasks to queue
[2023-02-23 16:49:52,047] {logging_mixin.py:104} INFO - [2023-02-23 16:49:52,047] {dagbag.py:496} INFO - Filling up the DagBag from /home/airflow/.local/lib/python3.6/site-packages/airflow/example_dags/example_branch_datetime_operator.py
[2023-02-23 16:49:52,058] {scheduler_job.py:643} INFO - DAG(s) dict_keys(['example_branch_datetime_operator_2']) retrieved from /home/airflow/.local/lib/python3.6/site-packages/airflow/example_dags/example_branch_datetime_operator.py
[2023-02-23 16:49:52,078] {logging_mixin.py:104} INFO - [2023-02-23 16:49:52,078] {dag.py:1833} INFO - Sync 1 DAGs
[2023-02-23 16:49:52,099] {logging_mixin.py:104} INFO - [2023-02-23 16:49:52,099] {dag.py:2306} INFO - Setting next_dagrun for example_branch_datetime_operator_2 to 2023-02-21 00:00:00+00:00
[2023-02-23 16:49:52,107] {scheduler_job.py:190} INFO - Processing /home/airflow/.local/lib/python3.6/site-packages/airflow/example_dags/example_branch_datetime_operator.py took 0.064 seconds
[2023-02-23 16:50:22,794] {scheduler_job.py:182} INFO - Started process (PID=456) to work on /home/airflow/.local/lib/python3.6/site-packages/airflow/example_dags/example_branch_datetime_operator.py
[2023-02-23 16:50:22,795] {scheduler_job.py:633} INFO - Processing file /home/airflow/.local/lib/python3.6/site-packages/airflow/example_dags/example_branch_datetime_operator.py for tasks to queue
[2023-02-23 16:50:22,796] {logging_mixin.py:104} INFO - [2023-02-23 16:50:22,796] {dagbag.py:496} INFO - Filling up the DagBag from /home/airflow/.local/lib/python3.6/site-packages/airflow/example_dags/example_branch_datetime_operator.py
[2023-02-23 16:50:22,872] {scheduler_job.py:643} INFO - DAG(s) dict_keys(['example_branch_datetime_operator_2']) retrieved from /home/airflow/.local/lib/python3.6/site-packages/airflow/example_dags/example_branch_datetime_operator.py
[2023-02-23 16:50:22,895] {logging_mixin.py:104} INFO - [2023-02-23 16:50:22,895] {dag.py:1833} INFO - Sync 1 DAGs
[2023-02-23 16:50:22,972] {logging_mixin.py:104} INFO - [2023-02-23 16:50:22,972] {dag.py:2306} INFO - Setting next_dagrun for example_branch_datetime_operator_2 to 2023-02-21 00:00:00+00:00
[2023-02-23 16:50:22,982] {scheduler_job.py:190} INFO - Processing /home/airflow/.local/lib/python3.6/site-packages/airflow/example_dags/example_branch_datetime_operator.py took 0.192 seconds
[2023-02-23 16:50:53,627] {scheduler_job.py:182} INFO - Started process (PID=508) to work on /home/airflow/.local/lib/python3.6/site-packages/airflow/example_dags/example_branch_datetime_operator.py
[2023-02-23 16:50:53,628] {scheduler_job.py:633} INFO - Processing file /home/airflow/.local/lib/python3.6/site-packages/airflow/example_dags/example_branch_datetime_operator.py for tasks to queue
[2023-02-23 16:50:53,628] {logging_mixin.py:104} INFO - [2023-02-23 16:50:53,628] {dagbag.py:496} INFO - Filling up the DagBag from /home/airflow/.local/lib/python3.6/site-packages/airflow/example_dags/example_branch_datetime_operator.py
[2023-02-23 16:50:53,638] {scheduler_job.py:643} INFO - DAG(s) dict_keys(['example_branch_datetime_operator_2']) retrieved from /home/airflow/.local/lib/python3.6/site-packages/airflow/example_dags/example_branch_datetime_operator.py
[2023-02-23 16:50:53,655] {logging_mixin.py:104} INFO - [2023-02-23 16:50:53,655] {dag.py:1833} INFO - Sync 1 DAGs
[2023-02-23 16:50:53,669] {logging_mixin.py:104} INFO - [2023-02-23 16:50:53,669] {dag.py:2306} INFO - Setting next_dagrun for example_branch_datetime_operator_2 to 2023-02-21 00:00:00+00:00
[2023-02-23 16:50:53,679] {scheduler_job.py:190} INFO - Processing /home/airflow/.local/lib/python3.6/site-packages/airflow/example_dags/example_branch_datetime_operator.py took 0.055 seconds
[2023-02-23 16:51:23,818] {scheduler_job.py:182} INFO - Started process (PID=569) to work on /home/airflow/.local/lib/python3.6/site-packages/airflow/example_dags/example_branch_datetime_operator.py
[2023-02-23 16:51:23,819] {scheduler_job.py:633} INFO - Processing file /home/airflow/.local/lib/python3.6/site-packages/airflow/example_dags/example_branch_datetime_operator.py for tasks to queue
[2023-02-23 16:51:23,819] {logging_mixin.py:104} INFO - [2023-02-23 16:51:23,819] {dagbag.py:496} INFO - Filling up the DagBag from /home/airflow/.local/lib/python3.6/site-packages/airflow/example_dags/example_branch_datetime_operator.py
[2023-02-23 16:51:23,830] {scheduler_job.py:643} INFO - DAG(s) dict_keys(['example_branch_datetime_operator_2']) retrieved from /home/airflow/.local/lib/python3.6/site-packages/airflow/example_dags/example_branch_datetime_operator.py
[2023-02-23 16:51:23,848] {logging_mixin.py:104} INFO - [2023-02-23 16:51:23,848] {dag.py:1833} INFO - Sync 1 DAGs
[2023-02-23 16:51:23,864] {logging_mixin.py:104} INFO - [2023-02-23 16:51:23,864] {dag.py:2306} INFO - Setting next_dagrun for example_branch_datetime_operator_2 to 2023-02-21 00:00:00+00:00
[2023-02-23 16:51:23,872] {scheduler_job.py:190} INFO - Processing /home/airflow/.local/lib/python3.6/site-packages/airflow/example_dags/example_branch_datetime_operator.py took 0.057 seconds
[2023-02-23 16:51:54,520] {scheduler_job.py:182} INFO - Started process (PID=622) to work on /home/airflow/.local/lib/python3.6/site-packages/airflow/example_dags/example_branch_datetime_operator.py
[2023-02-23 16:51:54,521] {scheduler_job.py:633} INFO - Processing file /home/airflow/.local/lib/python3.6/site-packages/airflow/example_dags/example_branch_datetime_operator.py for tasks to queue
[2023-02-23 16:51:54,522] {logging_mixin.py:104} INFO - [2023-02-23 16:51:54,521] {dagbag.py:496} INFO - Filling up the DagBag from /home/airflow/.local/lib/python3.6/site-packages/airflow/example_dags/example_branch_datetime_operator.py
[2023-02-23 16:51:54,533] {scheduler_job.py:643} INFO - DAG(s) dict_keys(['example_branch_datetime_operator_2']) retrieved from /home/airflow/.local/lib/python3.6/site-packages/airflow/example_dags/example_branch_datetime_operator.py
[2023-02-23 16:51:54,551] {logging_mixin.py:104} INFO - [2023-02-23 16:51:54,551] {dag.py:1833} INFO - Sync 1 DAGs
[2023-02-23 16:51:54,567] {logging_mixin.py:104} INFO - [2023-02-23 16:51:54,567] {dag.py:2306} INFO - Setting next_dagrun for example_branch_datetime_operator_2 to 2023-02-21 00:00:00+00:00
[2023-02-23 16:51:54,577] {scheduler_job.py:190} INFO - Processing /home/airflow/.local/lib/python3.6/site-packages/airflow/example_dags/example_branch_datetime_operator.py took 0.059 seconds
[2023-02-23 16:52:25,363] {scheduler_job.py:182} INFO - Started process (PID=684) to work on /home/airflow/.local/lib/python3.6/site-packages/airflow/example_dags/example_branch_datetime_operator.py
[2023-02-23 16:52:25,364] {scheduler_job.py:633} INFO - Processing file /home/airflow/.local/lib/python3.6/site-packages/airflow/example_dags/example_branch_datetime_operator.py for tasks to queue
[2023-02-23 16:52:25,365] {logging_mixin.py:104} INFO - [2023-02-23 16:52:25,364] {dagbag.py:496} INFO - Filling up the DagBag from /home/airflow/.local/lib/python3.6/site-packages/airflow/example_dags/example_branch_datetime_operator.py
[2023-02-23 16:52:25,374] {scheduler_job.py:643} INFO - DAG(s) dict_keys(['example_branch_datetime_operator_2']) retrieved from /home/airflow/.local/lib/python3.6/site-packages/airflow/example_dags/example_branch_datetime_operator.py
[2023-02-23 16:52:25,393] {logging_mixin.py:104} INFO - [2023-02-23 16:52:25,392] {dag.py:1833} INFO - Sync 1 DAGs
[2023-02-23 16:52:25,408] {logging_mixin.py:104} INFO - [2023-02-23 16:52:25,408] {dag.py:2306} INFO - Setting next_dagrun for example_branch_datetime_operator_2 to 2023-02-21 00:00:00+00:00
[2023-02-23 16:52:25,416] {scheduler_job.py:190} INFO - Processing /home/airflow/.local/lib/python3.6/site-packages/airflow/example_dags/example_branch_datetime_operator.py took 0.055 seconds
[2023-02-23 16:52:56,003] {scheduler_job.py:182} INFO - Started process (PID=736) to work on /home/airflow/.local/lib/python3.6/site-packages/airflow/example_dags/example_branch_datetime_operator.py
[2023-02-23 16:52:56,004] {scheduler_job.py:633} INFO - Processing file /home/airflow/.local/lib/python3.6/site-packages/airflow/example_dags/example_branch_datetime_operator.py for tasks to queue
[2023-02-23 16:52:56,004] {logging_mixin.py:104} INFO - [2023-02-23 16:52:56,004] {dagbag.py:496} INFO - Filling up the DagBag from /home/airflow/.local/lib/python3.6/site-packages/airflow/example_dags/example_branch_datetime_operator.py
[2023-02-23 16:52:56,016] {scheduler_job.py:643} INFO - DAG(s) dict_keys(['example_branch_datetime_operator_2']) retrieved from /home/airflow/.local/lib/python3.6/site-packages/airflow/example_dags/example_branch_datetime_operator.py
[2023-02-23 16:52:56,083] {logging_mixin.py:104} INFO - [2023-02-23 16:52:56,083] {dag.py:1833} INFO - Sync 1 DAGs
[2023-02-23 16:52:56,104] {logging_mixin.py:104} INFO - [2023-02-23 16:52:56,104] {dag.py:2306} INFO - Setting next_dagrun for example_branch_datetime_operator_2 to 2023-02-21 00:00:00+00:00
[2023-02-23 16:52:56,114] {scheduler_job.py:190} INFO - Processing /home/airflow/.local/lib/python3.6/site-packages/airflow/example_dags/example_branch_datetime_operator.py took 0.114 seconds
[2023-02-23 16:53:26,287] {scheduler_job.py:182} INFO - Started process (PID=789) to work on /home/airflow/.local/lib/python3.6/site-packages/airflow/example_dags/example_branch_datetime_operator.py
[2023-02-23 16:53:26,287] {scheduler_job.py:633} INFO - Processing file /home/airflow/.local/lib/python3.6/site-packages/airflow/example_dags/example_branch_datetime_operator.py for tasks to queue
[2023-02-23 16:53:26,288] {logging_mixin.py:104} INFO - [2023-02-23 16:53:26,288] {dagbag.py:496} INFO - Filling up the DagBag from /home/airflow/.local/lib/python3.6/site-packages/airflow/example_dags/example_branch_datetime_operator.py
[2023-02-23 16:53:26,299] {scheduler_job.py:643} INFO - DAG(s) dict_keys(['example_branch_datetime_operator_2']) retrieved from /home/airflow/.local/lib/python3.6/site-packages/airflow/example_dags/example_branch_datetime_operator.py
[2023-02-23 16:53:26,345] {logging_mixin.py:104} INFO - [2023-02-23 16:53:26,345] {dag.py:1833} INFO - Sync 1 DAGs
[2023-02-23 16:53:26,362] {logging_mixin.py:104} INFO - [2023-02-23 16:53:26,362] {dag.py:2306} INFO - Setting next_dagrun for example_branch_datetime_operator_2 to 2023-02-21 00:00:00+00:00
[2023-02-23 16:53:26,371] {scheduler_job.py:190} INFO - Processing /home/airflow/.local/lib/python3.6/site-packages/airflow/example_dags/example_branch_datetime_operator.py took 0.087 seconds
[2023-02-23 16:53:57,294] {scheduler_job.py:182} INFO - Started process (PID=852) to work on /home/airflow/.local/lib/python3.6/site-packages/airflow/example_dags/example_branch_datetime_operator.py
[2023-02-23 16:53:57,295] {scheduler_job.py:633} INFO - Processing file /home/airflow/.local/lib/python3.6/site-packages/airflow/example_dags/example_branch_datetime_operator.py for tasks to queue
[2023-02-23 16:53:57,296] {logging_mixin.py:104} INFO - [2023-02-23 16:53:57,296] {dagbag.py:496} INFO - Filling up the DagBag from /home/airflow/.local/lib/python3.6/site-packages/airflow/example_dags/example_branch_datetime_operator.py
[2023-02-23 16:53:57,380] {scheduler_job.py:643} INFO - DAG(s) dict_keys(['example_branch_datetime_operator_2']) retrieved from /home/airflow/.local/lib/python3.6/site-packages/airflow/example_dags/example_branch_datetime_operator.py
[2023-02-23 16:53:57,401] {logging_mixin.py:104} INFO - [2023-02-23 16:53:57,401] {dag.py:1833} INFO - Sync 1 DAGs
[2023-02-23 16:53:57,476] {logging_mixin.py:104} INFO - [2023-02-23 16:53:57,476] {dag.py:2306} INFO - Setting next_dagrun for example_branch_datetime_operator_2 to 2023-02-21 00:00:00+00:00
[2023-02-23 16:53:57,490] {scheduler_job.py:190} INFO - Processing /home/airflow/.local/lib/python3.6/site-packages/airflow/example_dags/example_branch_datetime_operator.py took 0.199 seconds
[2023-02-23 16:54:27,897] {scheduler_job.py:182} INFO - Started process (PID=904) to work on /home/airflow/.local/lib/python3.6/site-packages/airflow/example_dags/example_branch_datetime_operator.py
[2023-02-23 16:54:27,898] {scheduler_job.py:633} INFO - Processing file /home/airflow/.local/lib/python3.6/site-packages/airflow/example_dags/example_branch_datetime_operator.py for tasks to queue
[2023-02-23 16:54:27,898] {logging_mixin.py:104} INFO - [2023-02-23 16:54:27,898] {dagbag.py:496} INFO - Filling up the DagBag from /home/airflow/.local/lib/python3.6/site-packages/airflow/example_dags/example_branch_datetime_operator.py
[2023-02-23 16:54:27,908] {scheduler_job.py:643} INFO - DAG(s) dict_keys(['example_branch_datetime_operator_2']) retrieved from /home/airflow/.local/lib/python3.6/site-packages/airflow/example_dags/example_branch_datetime_operator.py
[2023-02-23 16:54:27,925] {logging_mixin.py:104} INFO - [2023-02-23 16:54:27,925] {dag.py:1833} INFO - Sync 1 DAGs
[2023-02-23 16:54:27,940] {logging_mixin.py:104} INFO - [2023-02-23 16:54:27,940] {dag.py:2306} INFO - Setting next_dagrun for example_branch_datetime_operator_2 to 2023-02-21 00:00:00+00:00
[2023-02-23 16:54:27,949] {scheduler_job.py:190} INFO - Processing /home/airflow/.local/lib/python3.6/site-packages/airflow/example_dags/example_branch_datetime_operator.py took 0.054 seconds
[2023-02-23 16:54:58,686] {scheduler_job.py:182} INFO - Started process (PID=966) to work on /home/airflow/.local/lib/python3.6/site-packages/airflow/example_dags/example_branch_datetime_operator.py
[2023-02-23 16:54:58,687] {scheduler_job.py:633} INFO - Processing file /home/airflow/.local/lib/python3.6/site-packages/airflow/example_dags/example_branch_datetime_operator.py for tasks to queue
[2023-02-23 16:54:58,687] {logging_mixin.py:104} INFO - [2023-02-23 16:54:58,687] {dagbag.py:496} INFO - Filling up the DagBag from /home/airflow/.local/lib/python3.6/site-packages/airflow/example_dags/example_branch_datetime_operator.py
[2023-02-23 16:54:58,697] {scheduler_job.py:643} INFO - DAG(s) dict_keys(['example_branch_datetime_operator_2']) retrieved from /home/airflow/.local/lib/python3.6/site-packages/airflow/example_dags/example_branch_datetime_operator.py
[2023-02-23 16:54:58,714] {logging_mixin.py:104} INFO - [2023-02-23 16:54:58,714] {dag.py:1833} INFO - Sync 1 DAGs
[2023-02-23 16:54:58,728] {logging_mixin.py:104} INFO - [2023-02-23 16:54:58,728] {dag.py:2306} INFO - Setting next_dagrun for example_branch_datetime_operator_2 to 2023-02-21 00:00:00+00:00
[2023-02-23 16:54:58,737] {scheduler_job.py:190} INFO - Processing /home/airflow/.local/lib/python3.6/site-packages/airflow/example_dags/example_branch_datetime_operator.py took 0.054 seconds
[2023-02-23 16:55:28,963] {scheduler_job.py:182} INFO - Started process (PID=1018) to work on /home/airflow/.local/lib/python3.6/site-packages/airflow/example_dags/example_branch_datetime_operator.py
[2023-02-23 16:55:28,964] {scheduler_job.py:633} INFO - Processing file /home/airflow/.local/lib/python3.6/site-packages/airflow/example_dags/example_branch_datetime_operator.py for tasks to queue
[2023-02-23 16:55:28,964] {logging_mixin.py:104} INFO - [2023-02-23 16:55:28,964] {dagbag.py:496} INFO - Filling up the DagBag from /home/airflow/.local/lib/python3.6/site-packages/airflow/example_dags/example_branch_datetime_operator.py
[2023-02-23 16:55:28,974] {scheduler_job.py:643} INFO - DAG(s) dict_keys(['example_branch_datetime_operator_2']) retrieved from /home/airflow/.local/lib/python3.6/site-packages/airflow/example_dags/example_branch_datetime_operator.py
[2023-02-23 16:55:28,991] {logging_mixin.py:104} INFO - [2023-02-23 16:55:28,991] {dag.py:1833} INFO - Sync 1 DAGs
[2023-02-23 16:55:29,008] {logging_mixin.py:104} INFO - [2023-02-23 16:55:29,007] {dag.py:2306} INFO - Setting next_dagrun for example_branch_datetime_operator_2 to 2023-02-21 00:00:00+00:00
[2023-02-23 16:55:29,018] {scheduler_job.py:190} INFO - Processing /home/airflow/.local/lib/python3.6/site-packages/airflow/example_dags/example_branch_datetime_operator.py took 0.058 seconds
[2023-02-23 16:55:59,252] {scheduler_job.py:182} INFO - Started process (PID=1070) to work on /home/airflow/.local/lib/python3.6/site-packages/airflow/example_dags/example_branch_datetime_operator.py
[2023-02-23 16:55:59,252] {scheduler_job.py:633} INFO - Processing file /home/airflow/.local/lib/python3.6/site-packages/airflow/example_dags/example_branch_datetime_operator.py for tasks to queue
[2023-02-23 16:55:59,253] {logging_mixin.py:104} INFO - [2023-02-23 16:55:59,253] {dagbag.py:496} INFO - Filling up the DagBag from /home/airflow/.local/lib/python3.6/site-packages/airflow/example_dags/example_branch_datetime_operator.py
[2023-02-23 16:55:59,262] {scheduler_job.py:643} INFO - DAG(s) dict_keys(['example_branch_datetime_operator_2']) retrieved from /home/airflow/.local/lib/python3.6/site-packages/airflow/example_dags/example_branch_datetime_operator.py
[2023-02-23 16:55:59,280] {logging_mixin.py:104} INFO - [2023-02-23 16:55:59,280] {dag.py:1833} INFO - Sync 1 DAGs
[2023-02-23 16:55:59,295] {logging_mixin.py:104} INFO - [2023-02-23 16:55:59,295] {dag.py:2306} INFO - Setting next_dagrun for example_branch_datetime_operator_2 to 2023-02-21 00:00:00+00:00
[2023-02-23 16:55:59,302] {scheduler_job.py:190} INFO - Processing /home/airflow/.local/lib/python3.6/site-packages/airflow/example_dags/example_branch_datetime_operator.py took 0.053 seconds
[2023-02-23 16:56:29,811] {scheduler_job.py:182} INFO - Started process (PID=1132) to work on /home/airflow/.local/lib/python3.6/site-packages/airflow/example_dags/example_branch_datetime_operator.py
[2023-02-23 16:56:29,812] {scheduler_job.py:633} INFO - Processing file /home/airflow/.local/lib/python3.6/site-packages/airflow/example_dags/example_branch_datetime_operator.py for tasks to queue
[2023-02-23 16:56:29,812] {logging_mixin.py:104} INFO - [2023-02-23 16:56:29,812] {dagbag.py:496} INFO - Filling up the DagBag from /home/airflow/.local/lib/python3.6/site-packages/airflow/example_dags/example_branch_datetime_operator.py
[2023-02-23 16:56:29,822] {scheduler_job.py:643} INFO - DAG(s) dict_keys(['example_branch_datetime_operator_2']) retrieved from /home/airflow/.local/lib/python3.6/site-packages/airflow/example_dags/example_branch_datetime_operator.py
[2023-02-23 16:56:29,840] {logging_mixin.py:104} INFO - [2023-02-23 16:56:29,840] {dag.py:1833} INFO - Sync 1 DAGs
[2023-02-23 16:56:29,856] {logging_mixin.py:104} INFO - [2023-02-23 16:56:29,856] {dag.py:2306} INFO - Setting next_dagrun for example_branch_datetime_operator_2 to 2023-02-21 00:00:00+00:00
[2023-02-23 16:56:29,863] {scheduler_job.py:190} INFO - Processing /home/airflow/.local/lib/python3.6/site-packages/airflow/example_dags/example_branch_datetime_operator.py took 0.055 seconds
[2023-02-23 16:57:00,229] {scheduler_job.py:182} INFO - Started process (PID=1184) to work on /home/airflow/.local/lib/python3.6/site-packages/airflow/example_dags/example_branch_datetime_operator.py
[2023-02-23 16:57:00,229] {scheduler_job.py:633} INFO - Processing file /home/airflow/.local/lib/python3.6/site-packages/airflow/example_dags/example_branch_datetime_operator.py for tasks to queue
[2023-02-23 16:57:00,230] {logging_mixin.py:104} INFO - [2023-02-23 16:57:00,230] {dagbag.py:496} INFO - Filling up the DagBag from /home/airflow/.local/lib/python3.6/site-packages/airflow/example_dags/example_branch_datetime_operator.py
[2023-02-23 16:57:00,281] {scheduler_job.py:643} INFO - DAG(s) dict_keys(['example_branch_datetime_operator_2']) retrieved from /home/airflow/.local/lib/python3.6/site-packages/airflow/example_dags/example_branch_datetime_operator.py
[2023-02-23 16:57:00,304] {logging_mixin.py:104} INFO - [2023-02-23 16:57:00,304] {dag.py:1833} INFO - Sync 1 DAGs
[2023-02-23 16:57:00,379] {logging_mixin.py:104} INFO - [2023-02-23 16:57:00,379] {dag.py:2306} INFO - Setting next_dagrun for example_branch_datetime_operator_2 to 2023-02-21 00:00:00+00:00
[2023-02-23 16:57:00,391] {scheduler_job.py:190} INFO - Processing /home/airflow/.local/lib/python3.6/site-packages/airflow/example_dags/example_branch_datetime_operator.py took 0.166 seconds
[2023-02-23 16:57:30,773] {scheduler_job.py:182} INFO - Started process (PID=1245) to work on /home/airflow/.local/lib/python3.6/site-packages/airflow/example_dags/example_branch_datetime_operator.py
[2023-02-23 16:57:30,774] {scheduler_job.py:633} INFO - Processing file /home/airflow/.local/lib/python3.6/site-packages/airflow/example_dags/example_branch_datetime_operator.py for tasks to queue
[2023-02-23 16:57:30,774] {logging_mixin.py:104} INFO - [2023-02-23 16:57:30,774] {dagbag.py:496} INFO - Filling up the DagBag from /home/airflow/.local/lib/python3.6/site-packages/airflow/example_dags/example_branch_datetime_operator.py
[2023-02-23 16:57:30,784] {scheduler_job.py:643} INFO - DAG(s) dict_keys(['example_branch_datetime_operator_2']) retrieved from /home/airflow/.local/lib/python3.6/site-packages/airflow/example_dags/example_branch_datetime_operator.py
[2023-02-23 16:57:30,803] {logging_mixin.py:104} INFO - [2023-02-23 16:57:30,803] {dag.py:1833} INFO - Sync 1 DAGs
[2023-02-23 16:57:30,820] {logging_mixin.py:104} INFO - [2023-02-23 16:57:30,820] {dag.py:2306} INFO - Setting next_dagrun for example_branch_datetime_operator_2 to 2023-02-21 00:00:00+00:00
[2023-02-23 16:57:30,828] {scheduler_job.py:190} INFO - Processing /home/airflow/.local/lib/python3.6/site-packages/airflow/example_dags/example_branch_datetime_operator.py took 0.057 seconds
[2023-02-23 16:58:00,997] {scheduler_job.py:182} INFO - Started process (PID=1297) to work on /home/airflow/.local/lib/python3.6/site-packages/airflow/example_dags/example_branch_datetime_operator.py
[2023-02-23 16:58:00,998] {scheduler_job.py:633} INFO - Processing file /home/airflow/.local/lib/python3.6/site-packages/airflow/example_dags/example_branch_datetime_operator.py for tasks to queue
[2023-02-23 16:58:00,998] {logging_mixin.py:104} INFO - [2023-02-23 16:58:00,998] {dagbag.py:496} INFO - Filling up the DagBag from /home/airflow/.local/lib/python3.6/site-packages/airflow/example_dags/example_branch_datetime_operator.py
[2023-02-23 16:58:01,008] {scheduler_job.py:643} INFO - DAG(s) dict_keys(['example_branch_datetime_operator_2']) retrieved from /home/airflow/.local/lib/python3.6/site-packages/airflow/example_dags/example_branch_datetime_operator.py
[2023-02-23 16:58:01,026] {logging_mixin.py:104} INFO - [2023-02-23 16:58:01,026] {dag.py:1833} INFO - Sync 1 DAGs
[2023-02-23 16:58:01,045] {logging_mixin.py:104} INFO - [2023-02-23 16:58:01,045] {dag.py:2306} INFO - Setting next_dagrun for example_branch_datetime_operator_2 to 2023-02-21 00:00:00+00:00
[2023-02-23 16:58:01,053] {scheduler_job.py:190} INFO - Processing /home/airflow/.local/lib/python3.6/site-packages/airflow/example_dags/example_branch_datetime_operator.py took 0.059 seconds
[2023-02-23 16:58:31,302] {scheduler_job.py:182} INFO - Started process (PID=1359) to work on /home/airflow/.local/lib/python3.6/site-packages/airflow/example_dags/example_branch_datetime_operator.py
[2023-02-23 16:58:31,303] {scheduler_job.py:633} INFO - Processing file /home/airflow/.local/lib/python3.6/site-packages/airflow/example_dags/example_branch_datetime_operator.py for tasks to queue
[2023-02-23 16:58:31,304] {logging_mixin.py:104} INFO - [2023-02-23 16:58:31,304] {dagbag.py:496} INFO - Filling up the DagBag from /home/airflow/.local/lib/python3.6/site-packages/airflow/example_dags/example_branch_datetime_operator.py
[2023-02-23 16:58:31,314] {scheduler_job.py:643} INFO - DAG(s) dict_keys(['example_branch_datetime_operator_2']) retrieved from /home/airflow/.local/lib/python3.6/site-packages/airflow/example_dags/example_branch_datetime_operator.py
[2023-02-23 16:58:31,334] {logging_mixin.py:104} INFO - [2023-02-23 16:58:31,333] {dag.py:1833} INFO - Sync 1 DAGs
[2023-02-23 16:58:31,351] {logging_mixin.py:104} INFO - [2023-02-23 16:58:31,351] {dag.py:2306} INFO - Setting next_dagrun for example_branch_datetime_operator_2 to 2023-02-21 00:00:00+00:00
[2023-02-23 16:58:31,360] {scheduler_job.py:190} INFO - Processing /home/airflow/.local/lib/python3.6/site-packages/airflow/example_dags/example_branch_datetime_operator.py took 0.061 seconds
[2023-02-23 16:59:01,957] {scheduler_job.py:182} INFO - Started process (PID=1411) to work on /home/airflow/.local/lib/python3.6/site-packages/airflow/example_dags/example_branch_datetime_operator.py
[2023-02-23 16:59:01,958] {scheduler_job.py:633} INFO - Processing file /home/airflow/.local/lib/python3.6/site-packages/airflow/example_dags/example_branch_datetime_operator.py for tasks to queue
[2023-02-23 16:59:01,959] {logging_mixin.py:104} INFO - [2023-02-23 16:59:01,959] {dagbag.py:496} INFO - Filling up the DagBag from /home/airflow/.local/lib/python3.6/site-packages/airflow/example_dags/example_branch_datetime_operator.py
[2023-02-23 16:59:01,974] {scheduler_job.py:643} INFO - DAG(s) dict_keys(['example_branch_datetime_operator_2']) retrieved from /home/airflow/.local/lib/python3.6/site-packages/airflow/example_dags/example_branch_datetime_operator.py
[2023-02-23 16:59:01,994] {logging_mixin.py:104} INFO - [2023-02-23 16:59:01,994] {dag.py:1833} INFO - Sync 1 DAGs
[2023-02-23 16:59:02,010] {logging_mixin.py:104} INFO - [2023-02-23 16:59:02,009] {dag.py:2306} INFO - Setting next_dagrun for example_branch_datetime_operator_2 to 2023-02-21 00:00:00+00:00
[2023-02-23 16:59:02,017] {scheduler_job.py:190} INFO - Processing /home/airflow/.local/lib/python3.6/site-packages/airflow/example_dags/example_branch_datetime_operator.py took 0.062 seconds
[2023-02-23 16:59:32,558] {scheduler_job.py:182} INFO - Started process (PID=1474) to work on /home/airflow/.local/lib/python3.6/site-packages/airflow/example_dags/example_branch_datetime_operator.py
[2023-02-23 16:59:32,559] {scheduler_job.py:633} INFO - Processing file /home/airflow/.local/lib/python3.6/site-packages/airflow/example_dags/example_branch_datetime_operator.py for tasks to queue
[2023-02-23 16:59:32,559] {logging_mixin.py:104} INFO - [2023-02-23 16:59:32,559] {dagbag.py:496} INFO - Filling up the DagBag from /home/airflow/.local/lib/python3.6/site-packages/airflow/example_dags/example_branch_datetime_operator.py
[2023-02-23 16:59:32,569] {scheduler_job.py:643} INFO - DAG(s) dict_keys(['example_branch_datetime_operator_2']) retrieved from /home/airflow/.local/lib/python3.6/site-packages/airflow/example_dags/example_branch_datetime_operator.py
[2023-02-23 16:59:32,624] {logging_mixin.py:104} INFO - [2023-02-23 16:59:32,624] {dag.py:1833} INFO - Sync 1 DAGs
[2023-02-23 16:59:32,644] {logging_mixin.py:104} INFO - [2023-02-23 16:59:32,644] {dag.py:2306} INFO - Setting next_dagrun for example_branch_datetime_operator_2 to 2023-02-21 00:00:00+00:00
[2023-02-23 16:59:32,655] {scheduler_job.py:190} INFO - Processing /home/airflow/.local/lib/python3.6/site-packages/airflow/example_dags/example_branch_datetime_operator.py took 0.099 seconds
[2023-02-23 17:00:03,401] {scheduler_job.py:182} INFO - Started process (PID=1527) to work on /home/airflow/.local/lib/python3.6/site-packages/airflow/example_dags/example_branch_datetime_operator.py
[2023-02-23 17:00:03,403] {scheduler_job.py:633} INFO - Processing file /home/airflow/.local/lib/python3.6/site-packages/airflow/example_dags/example_branch_datetime_operator.py for tasks to queue
[2023-02-23 17:00:03,404] {logging_mixin.py:104} INFO - [2023-02-23 17:00:03,403] {dagbag.py:496} INFO - Filling up the DagBag from /home/airflow/.local/lib/python3.6/site-packages/airflow/example_dags/example_branch_datetime_operator.py
[2023-02-23 17:00:03,414] {scheduler_job.py:643} INFO - DAG(s) dict_keys(['example_branch_datetime_operator_2']) retrieved from /home/airflow/.local/lib/python3.6/site-packages/airflow/example_dags/example_branch_datetime_operator.py
[2023-02-23 17:00:03,482] {logging_mixin.py:104} INFO - [2023-02-23 17:00:03,481] {dag.py:1833} INFO - Sync 1 DAGs
[2023-02-23 17:00:03,501] {logging_mixin.py:104} INFO - [2023-02-23 17:00:03,501] {dag.py:2306} INFO - Setting next_dagrun for example_branch_datetime_operator_2 to 2023-02-21 00:00:00+00:00
[2023-02-23 17:00:03,511] {scheduler_job.py:190} INFO - Processing /home/airflow/.local/lib/python3.6/site-packages/airflow/example_dags/example_branch_datetime_operator.py took 0.112 seconds
[2023-02-23 17:00:34,467] {scheduler_job.py:182} INFO - Started process (PID=1589) to work on /home/airflow/.local/lib/python3.6/site-packages/airflow/example_dags/example_branch_datetime_operator.py
[2023-02-23 17:00:34,468] {scheduler_job.py:633} INFO - Processing file /home/airflow/.local/lib/python3.6/site-packages/airflow/example_dags/example_branch_datetime_operator.py for tasks to queue
[2023-02-23 17:00:34,469] {logging_mixin.py:104} INFO - [2023-02-23 17:00:34,469] {dagbag.py:496} INFO - Filling up the DagBag from /home/airflow/.local/lib/python3.6/site-packages/airflow/example_dags/example_branch_datetime_operator.py
[2023-02-23 17:00:34,481] {scheduler_job.py:643} INFO - DAG(s) dict_keys(['example_branch_datetime_operator_2']) retrieved from /home/airflow/.local/lib/python3.6/site-packages/airflow/example_dags/example_branch_datetime_operator.py
[2023-02-23 17:00:34,506] {logging_mixin.py:104} INFO - [2023-02-23 17:00:34,506] {dag.py:1833} INFO - Sync 1 DAGs
[2023-02-23 17:00:34,526] {logging_mixin.py:104} INFO - [2023-02-23 17:00:34,526] {dag.py:2306} INFO - Setting next_dagrun for example_branch_datetime_operator_2 to 2023-02-21 00:00:00+00:00
[2023-02-23 17:00:34,536] {scheduler_job.py:190} INFO - Processing /home/airflow/.local/lib/python3.6/site-packages/airflow/example_dags/example_branch_datetime_operator.py took 0.071 seconds
[2023-02-23 17:01:05,011] {scheduler_job.py:182} INFO - Started process (PID=1641) to work on /home/airflow/.local/lib/python3.6/site-packages/airflow/example_dags/example_branch_datetime_operator.py
[2023-02-23 17:01:05,012] {scheduler_job.py:633} INFO - Processing file /home/airflow/.local/lib/python3.6/site-packages/airflow/example_dags/example_branch_datetime_operator.py for tasks to queue
[2023-02-23 17:01:05,013] {logging_mixin.py:104} INFO - [2023-02-23 17:01:05,013] {dagbag.py:496} INFO - Filling up the DagBag from /home/airflow/.local/lib/python3.6/site-packages/airflow/example_dags/example_branch_datetime_operator.py
[2023-02-23 17:01:05,025] {scheduler_job.py:643} INFO - DAG(s) dict_keys(['example_branch_datetime_operator_2']) retrieved from /home/airflow/.local/lib/python3.6/site-packages/airflow/example_dags/example_branch_datetime_operator.py
[2023-02-23 17:01:05,051] {logging_mixin.py:104} INFO - [2023-02-23 17:01:05,051] {dag.py:1833} INFO - Sync 1 DAGs
[2023-02-23 17:01:05,071] {logging_mixin.py:104} INFO - [2023-02-23 17:01:05,071] {dag.py:2306} INFO - Setting next_dagrun for example_branch_datetime_operator_2 to 2023-02-21 00:00:00+00:00
[2023-02-23 17:01:05,081] {scheduler_job.py:190} INFO - Processing /home/airflow/.local/lib/python3.6/site-packages/airflow/example_dags/example_branch_datetime_operator.py took 0.072 seconds
[2023-02-23 17:01:35,674] {scheduler_job.py:182} INFO - Started process (PID=1704) to work on /home/airflow/.local/lib/python3.6/site-packages/airflow/example_dags/example_branch_datetime_operator.py
[2023-02-23 17:01:35,675] {scheduler_job.py:633} INFO - Processing file /home/airflow/.local/lib/python3.6/site-packages/airflow/example_dags/example_branch_datetime_operator.py for tasks to queue
[2023-02-23 17:01:35,676] {logging_mixin.py:104} INFO - [2023-02-23 17:01:35,676] {dagbag.py:496} INFO - Filling up the DagBag from /home/airflow/.local/lib/python3.6/site-packages/airflow/example_dags/example_branch_datetime_operator.py
[2023-02-23 17:01:35,686] {scheduler_job.py:643} INFO - DAG(s) dict_keys(['example_branch_datetime_operator_2']) retrieved from /home/airflow/.local/lib/python3.6/site-packages/airflow/example_dags/example_branch_datetime_operator.py
[2023-02-23 17:01:35,704] {logging_mixin.py:104} INFO - [2023-02-23 17:01:35,704] {dag.py:1833} INFO - Sync 1 DAGs
[2023-02-23 17:01:35,720] {logging_mixin.py:104} INFO - [2023-02-23 17:01:35,720] {dag.py:2306} INFO - Setting next_dagrun for example_branch_datetime_operator_2 to 2023-02-21 00:00:00+00:00
[2023-02-23 17:01:35,729] {scheduler_job.py:190} INFO - Processing /home/airflow/.local/lib/python3.6/site-packages/airflow/example_dags/example_branch_datetime_operator.py took 0.057 seconds
[2023-02-23 17:02:05,824] {scheduler_job.py:182} INFO - Started process (PID=1756) to work on /home/airflow/.local/lib/python3.6/site-packages/airflow/example_dags/example_branch_datetime_operator.py
[2023-02-23 17:02:05,825] {scheduler_job.py:633} INFO - Processing file /home/airflow/.local/lib/python3.6/site-packages/airflow/example_dags/example_branch_datetime_operator.py for tasks to queue
[2023-02-23 17:02:05,825] {logging_mixin.py:104} INFO - [2023-02-23 17:02:05,825] {dagbag.py:496} INFO - Filling up the DagBag from /home/airflow/.local/lib/python3.6/site-packages/airflow/example_dags/example_branch_datetime_operator.py
[2023-02-23 17:02:05,836] {scheduler_job.py:643} INFO - DAG(s) dict_keys(['example_branch_datetime_operator_2']) retrieved from /home/airflow/.local/lib/python3.6/site-packages/airflow/example_dags/example_branch_datetime_operator.py
[2023-02-23 17:02:05,856] {logging_mixin.py:104} INFO - [2023-02-23 17:02:05,855] {dag.py:1833} INFO - Sync 1 DAGs
[2023-02-23 17:02:05,872] {logging_mixin.py:104} INFO - [2023-02-23 17:02:05,871] {dag.py:2306} INFO - Setting next_dagrun for example_branch_datetime_operator_2 to 2023-02-21 00:00:00+00:00
[2023-02-23 17:02:05,881] {scheduler_job.py:190} INFO - Processing /home/airflow/.local/lib/python3.6/site-packages/airflow/example_dags/example_branch_datetime_operator.py took 0.060 seconds
[2023-02-23 17:02:36,049] {scheduler_job.py:182} INFO - Started process (PID=1818) to work on /home/airflow/.local/lib/python3.6/site-packages/airflow/example_dags/example_branch_datetime_operator.py
[2023-02-23 17:02:36,049] {scheduler_job.py:633} INFO - Processing file /home/airflow/.local/lib/python3.6/site-packages/airflow/example_dags/example_branch_datetime_operator.py for tasks to queue
[2023-02-23 17:02:36,050] {logging_mixin.py:104} INFO - [2023-02-23 17:02:36,050] {dagbag.py:496} INFO - Filling up the DagBag from /home/airflow/.local/lib/python3.6/site-packages/airflow/example_dags/example_branch_datetime_operator.py
[2023-02-23 17:02:36,062] {scheduler_job.py:643} INFO - DAG(s) dict_keys(['example_branch_datetime_operator_2']) retrieved from /home/airflow/.local/lib/python3.6/site-packages/airflow/example_dags/example_branch_datetime_operator.py
[2023-02-23 17:02:36,083] {logging_mixin.py:104} INFO - [2023-02-23 17:02:36,083] {dag.py:1833} INFO - Sync 1 DAGs
[2023-02-23 17:02:36,102] {logging_mixin.py:104} INFO - [2023-02-23 17:02:36,102] {dag.py:2306} INFO - Setting next_dagrun for example_branch_datetime_operator_2 to 2023-02-21 00:00:00+00:00
[2023-02-23 17:02:36,112] {scheduler_job.py:190} INFO - Processing /home/airflow/.local/lib/python3.6/site-packages/airflow/example_dags/example_branch_datetime_operator.py took 0.066 seconds
[2023-02-23 17:03:06,309] {scheduler_job.py:182} INFO - Started process (PID=1870) to work on /home/airflow/.local/lib/python3.6/site-packages/airflow/example_dags/example_branch_datetime_operator.py
[2023-02-23 17:03:06,310] {scheduler_job.py:633} INFO - Processing file /home/airflow/.local/lib/python3.6/site-packages/airflow/example_dags/example_branch_datetime_operator.py for tasks to queue
[2023-02-23 17:03:06,311] {logging_mixin.py:104} INFO - [2023-02-23 17:03:06,311] {dagbag.py:496} INFO - Filling up the DagBag from /home/airflow/.local/lib/python3.6/site-packages/airflow/example_dags/example_branch_datetime_operator.py
[2023-02-23 17:03:06,323] {scheduler_job.py:643} INFO - DAG(s) dict_keys(['example_branch_datetime_operator_2']) retrieved from /home/airflow/.local/lib/python3.6/site-packages/airflow/example_dags/example_branch_datetime_operator.py
[2023-02-23 17:03:06,346] {logging_mixin.py:104} INFO - [2023-02-23 17:03:06,345] {dag.py:1833} INFO - Sync 1 DAGs
[2023-02-23 17:03:06,364] {logging_mixin.py:104} INFO - [2023-02-23 17:03:06,364] {dag.py:2306} INFO - Setting next_dagrun for example_branch_datetime_operator_2 to 2023-02-21 00:00:00+00:00
[2023-02-23 17:03:06,379] {scheduler_job.py:190} INFO - Processing /home/airflow/.local/lib/python3.6/site-packages/airflow/example_dags/example_branch_datetime_operator.py took 0.073 seconds
[2023-02-23 17:03:36,524] {scheduler_job.py:182} INFO - Started process (PID=1922) to work on /home/airflow/.local/lib/python3.6/site-packages/airflow/example_dags/example_branch_datetime_operator.py
[2023-02-23 17:03:36,525] {scheduler_job.py:633} INFO - Processing file /home/airflow/.local/lib/python3.6/site-packages/airflow/example_dags/example_branch_datetime_operator.py for tasks to queue
[2023-02-23 17:03:36,525] {logging_mixin.py:104} INFO - [2023-02-23 17:03:36,525] {dagbag.py:496} INFO - Filling up the DagBag from /home/airflow/.local/lib/python3.6/site-packages/airflow/example_dags/example_branch_datetime_operator.py
[2023-02-23 17:03:36,537] {scheduler_job.py:643} INFO - DAG(s) dict_keys(['example_branch_datetime_operator_2']) retrieved from /home/airflow/.local/lib/python3.6/site-packages/airflow/example_dags/example_branch_datetime_operator.py
[2023-02-23 17:03:36,554] {logging_mixin.py:104} INFO - [2023-02-23 17:03:36,554] {dag.py:1833} INFO - Sync 1 DAGs
[2023-02-23 17:03:36,569] {logging_mixin.py:104} INFO - [2023-02-23 17:03:36,569] {dag.py:2306} INFO - Setting next_dagrun for example_branch_datetime_operator_2 to 2023-02-21 00:00:00+00:00
[2023-02-23 17:03:36,577] {scheduler_job.py:190} INFO - Processing /home/airflow/.local/lib/python3.6/site-packages/airflow/example_dags/example_branch_datetime_operator.py took 0.056 seconds
[2023-02-23 17:04:07,471] {scheduler_job.py:182} INFO - Started process (PID=1984) to work on /home/airflow/.local/lib/python3.6/site-packages/airflow/example_dags/example_branch_datetime_operator.py
[2023-02-23 17:04:07,474] {scheduler_job.py:633} INFO - Processing file /home/airflow/.local/lib/python3.6/site-packages/airflow/example_dags/example_branch_datetime_operator.py for tasks to queue
[2023-02-23 17:04:07,475] {logging_mixin.py:104} INFO - [2023-02-23 17:04:07,474] {dagbag.py:496} INFO - Filling up the DagBag from /home/airflow/.local/lib/python3.6/site-packages/airflow/example_dags/example_branch_datetime_operator.py
[2023-02-23 17:04:07,484] {scheduler_job.py:643} INFO - DAG(s) dict_keys(['example_branch_datetime_operator_2']) retrieved from /home/airflow/.local/lib/python3.6/site-packages/airflow/example_dags/example_branch_datetime_operator.py
[2023-02-23 17:04:07,502] {logging_mixin.py:104} INFO - [2023-02-23 17:04:07,502] {dag.py:1833} INFO - Sync 1 DAGs
[2023-02-23 17:04:07,517] {logging_mixin.py:104} INFO - [2023-02-23 17:04:07,517] {dag.py:2306} INFO - Setting next_dagrun for example_branch_datetime_operator_2 to 2023-02-21 00:00:00+00:00
[2023-02-23 17:04:07,524] {scheduler_job.py:190} INFO - Processing /home/airflow/.local/lib/python3.6/site-packages/airflow/example_dags/example_branch_datetime_operator.py took 0.056 seconds
[2023-02-23 17:04:38,272] {scheduler_job.py:182} INFO - Started process (PID=2037) to work on /home/airflow/.local/lib/python3.6/site-packages/airflow/example_dags/example_branch_datetime_operator.py
[2023-02-23 17:04:38,273] {scheduler_job.py:633} INFO - Processing file /home/airflow/.local/lib/python3.6/site-packages/airflow/example_dags/example_branch_datetime_operator.py for tasks to queue
[2023-02-23 17:04:38,273] {logging_mixin.py:104} INFO - [2023-02-23 17:04:38,273] {dagbag.py:496} INFO - Filling up the DagBag from /home/airflow/.local/lib/python3.6/site-packages/airflow/example_dags/example_branch_datetime_operator.py
[2023-02-23 17:04:38,283] {scheduler_job.py:643} INFO - DAG(s) dict_keys(['example_branch_datetime_operator_2']) retrieved from /home/airflow/.local/lib/python3.6/site-packages/airflow/example_dags/example_branch_datetime_operator.py
[2023-02-23 17:04:38,300] {logging_mixin.py:104} INFO - [2023-02-23 17:04:38,300] {dag.py:1833} INFO - Sync 1 DAGs
[2023-02-23 17:04:38,314] {logging_mixin.py:104} INFO - [2023-02-23 17:04:38,314] {dag.py:2306} INFO - Setting next_dagrun for example_branch_datetime_operator_2 to 2023-02-21 00:00:00+00:00
[2023-02-23 17:04:38,322] {scheduler_job.py:190} INFO - Processing /home/airflow/.local/lib/python3.6/site-packages/airflow/example_dags/example_branch_datetime_operator.py took 0.052 seconds
[2023-02-23 17:05:09,222] {scheduler_job.py:182} INFO - Started process (PID=2099) to work on /home/airflow/.local/lib/python3.6/site-packages/airflow/example_dags/example_branch_datetime_operator.py
[2023-02-23 17:05:09,223] {scheduler_job.py:633} INFO - Processing file /home/airflow/.local/lib/python3.6/site-packages/airflow/example_dags/example_branch_datetime_operator.py for tasks to queue
[2023-02-23 17:05:09,224] {logging_mixin.py:104} INFO - [2023-02-23 17:05:09,223] {dagbag.py:496} INFO - Filling up the DagBag from /home/airflow/.local/lib/python3.6/site-packages/airflow/example_dags/example_branch_datetime_operator.py
[2023-02-23 17:05:09,234] {scheduler_job.py:643} INFO - DAG(s) dict_keys(['example_branch_datetime_operator_2']) retrieved from /home/airflow/.local/lib/python3.6/site-packages/airflow/example_dags/example_branch_datetime_operator.py
[2023-02-23 17:05:09,254] {logging_mixin.py:104} INFO - [2023-02-23 17:05:09,254] {dag.py:1833} INFO - Sync 1 DAGs
[2023-02-23 17:05:09,271] {logging_mixin.py:104} INFO - [2023-02-23 17:05:09,271] {dag.py:2306} INFO - Setting next_dagrun for example_branch_datetime_operator_2 to 2023-02-21 00:00:00+00:00
[2023-02-23 17:05:09,279] {scheduler_job.py:190} INFO - Processing /home/airflow/.local/lib/python3.6/site-packages/airflow/example_dags/example_branch_datetime_operator.py took 0.060 seconds
[2023-02-23 17:05:39,878] {scheduler_job.py:182} INFO - Started process (PID=2158) to work on /home/airflow/.local/lib/python3.6/site-packages/airflow/example_dags/example_branch_datetime_operator.py
[2023-02-23 17:05:39,879] {scheduler_job.py:633} INFO - Processing file /home/airflow/.local/lib/python3.6/site-packages/airflow/example_dags/example_branch_datetime_operator.py for tasks to queue
[2023-02-23 17:05:39,879] {logging_mixin.py:104} INFO - [2023-02-23 17:05:39,879] {dagbag.py:496} INFO - Filling up the DagBag from /home/airflow/.local/lib/python3.6/site-packages/airflow/example_dags/example_branch_datetime_operator.py
[2023-02-23 17:05:39,891] {scheduler_job.py:643} INFO - DAG(s) dict_keys(['example_branch_datetime_operator_2']) retrieved from /home/airflow/.local/lib/python3.6/site-packages/airflow/example_dags/example_branch_datetime_operator.py
[2023-02-23 17:05:39,912] {logging_mixin.py:104} INFO - [2023-02-23 17:05:39,912] {dag.py:1833} INFO - Sync 1 DAGs
[2023-02-23 17:05:39,988] {logging_mixin.py:104} INFO - [2023-02-23 17:05:39,988] {dag.py:2306} INFO - Setting next_dagrun for example_branch_datetime_operator_2 to 2023-02-21 00:00:00+00:00
[2023-02-23 17:05:39,999] {scheduler_job.py:190} INFO - Processing /home/airflow/.local/lib/python3.6/site-packages/airflow/example_dags/example_branch_datetime_operator.py took 0.125 seconds
[2023-02-23 17:06:10,292] {scheduler_job.py:182} INFO - Started process (PID=2213) to work on /home/airflow/.local/lib/python3.6/site-packages/airflow/example_dags/example_branch_datetime_operator.py
[2023-02-23 17:06:10,293] {scheduler_job.py:633} INFO - Processing file /home/airflow/.local/lib/python3.6/site-packages/airflow/example_dags/example_branch_datetime_operator.py for tasks to queue
[2023-02-23 17:06:10,293] {logging_mixin.py:104} INFO - [2023-02-23 17:06:10,293] {dagbag.py:496} INFO - Filling up the DagBag from /home/airflow/.local/lib/python3.6/site-packages/airflow/example_dags/example_branch_datetime_operator.py
[2023-02-23 17:06:10,306] {scheduler_job.py:643} INFO - DAG(s) dict_keys(['example_branch_datetime_operator_2']) retrieved from /home/airflow/.local/lib/python3.6/site-packages/airflow/example_dags/example_branch_datetime_operator.py
[2023-02-23 17:06:10,390] {logging_mixin.py:104} INFO - [2023-02-23 17:06:10,390] {dag.py:1833} INFO - Sync 1 DAGs
[2023-02-23 17:06:10,406] {logging_mixin.py:104} INFO - [2023-02-23 17:06:10,406] {dag.py:2306} INFO - Setting next_dagrun for example_branch_datetime_operator_2 to 2023-02-21 00:00:00+00:00
[2023-02-23 17:06:10,415] {scheduler_job.py:190} INFO - Processing /home/airflow/.local/lib/python3.6/site-packages/airflow/example_dags/example_branch_datetime_operator.py took 0.126 seconds
[2023-02-23 17:06:40,522] {scheduler_job.py:182} INFO - Started process (PID=2265) to work on /home/airflow/.local/lib/python3.6/site-packages/airflow/example_dags/example_branch_datetime_operator.py
[2023-02-23 17:06:40,523] {scheduler_job.py:633} INFO - Processing file /home/airflow/.local/lib/python3.6/site-packages/airflow/example_dags/example_branch_datetime_operator.py for tasks to queue
[2023-02-23 17:06:40,523] {logging_mixin.py:104} INFO - [2023-02-23 17:06:40,523] {dagbag.py:496} INFO - Filling up the DagBag from /home/airflow/.local/lib/python3.6/site-packages/airflow/example_dags/example_branch_datetime_operator.py
[2023-02-23 17:06:40,534] {scheduler_job.py:643} INFO - DAG(s) dict_keys(['example_branch_datetime_operator_2']) retrieved from /home/airflow/.local/lib/python3.6/site-packages/airflow/example_dags/example_branch_datetime_operator.py
[2023-02-23 17:06:40,549] {logging_mixin.py:104} INFO - [2023-02-23 17:06:40,549] {dag.py:1833} INFO - Sync 1 DAGs
[2023-02-23 17:06:40,564] {logging_mixin.py:104} INFO - [2023-02-23 17:06:40,564] {dag.py:2306} INFO - Setting next_dagrun for example_branch_datetime_operator_2 to 2023-02-21 00:00:00+00:00
[2023-02-23 17:06:40,571] {scheduler_job.py:190} INFO - Processing /home/airflow/.local/lib/python3.6/site-packages/airflow/example_dags/example_branch_datetime_operator.py took 0.052 seconds
[2023-02-23 17:07:11,126] {scheduler_job.py:182} INFO - Started process (PID=2327) to work on /home/airflow/.local/lib/python3.6/site-packages/airflow/example_dags/example_branch_datetime_operator.py
[2023-02-23 17:07:11,127] {scheduler_job.py:633} INFO - Processing file /home/airflow/.local/lib/python3.6/site-packages/airflow/example_dags/example_branch_datetime_operator.py for tasks to queue
[2023-02-23 17:07:11,128] {logging_mixin.py:104} INFO - [2023-02-23 17:07:11,128] {dagbag.py:496} INFO - Filling up the DagBag from /home/airflow/.local/lib/python3.6/site-packages/airflow/example_dags/example_branch_datetime_operator.py
[2023-02-23 17:07:11,138] {scheduler_job.py:643} INFO - DAG(s) dict_keys(['example_branch_datetime_operator_2']) retrieved from /home/airflow/.local/lib/python3.6/site-packages/airflow/example_dags/example_branch_datetime_operator.py
[2023-02-23 17:07:11,192] {logging_mixin.py:104} INFO - [2023-02-23 17:07:11,192] {dag.py:1833} INFO - Sync 1 DAGs
[2023-02-23 17:07:11,211] {logging_mixin.py:104} INFO - [2023-02-23 17:07:11,211] {dag.py:2306} INFO - Setting next_dagrun for example_branch_datetime_operator_2 to 2023-02-21 00:00:00+00:00
[2023-02-23 17:07:11,222] {scheduler_job.py:190} INFO - Processing /home/airflow/.local/lib/python3.6/site-packages/airflow/example_dags/example_branch_datetime_operator.py took 0.098 seconds
[2023-02-23 17:07:41,275] {scheduler_job.py:182} INFO - Started process (PID=2379) to work on /home/airflow/.local/lib/python3.6/site-packages/airflow/example_dags/example_branch_datetime_operator.py
[2023-02-23 17:07:41,276] {scheduler_job.py:633} INFO - Processing file /home/airflow/.local/lib/python3.6/site-packages/airflow/example_dags/example_branch_datetime_operator.py for tasks to queue
[2023-02-23 17:07:41,276] {logging_mixin.py:104} INFO - [2023-02-23 17:07:41,276] {dagbag.py:496} INFO - Filling up the DagBag from /home/airflow/.local/lib/python3.6/site-packages/airflow/example_dags/example_branch_datetime_operator.py
[2023-02-23 17:07:41,285] {scheduler_job.py:643} INFO - DAG(s) dict_keys(['example_branch_datetime_operator_2']) retrieved from /home/airflow/.local/lib/python3.6/site-packages/airflow/example_dags/example_branch_datetime_operator.py
[2023-02-23 17:07:41,302] {logging_mixin.py:104} INFO - [2023-02-23 17:07:41,302] {dag.py:1833} INFO - Sync 1 DAGs
[2023-02-23 17:07:41,317] {logging_mixin.py:104} INFO - [2023-02-23 17:07:41,317] {dag.py:2306} INFO - Setting next_dagrun for example_branch_datetime_operator_2 to 2023-02-21 00:00:00+00:00
[2023-02-23 17:07:41,325] {scheduler_job.py:190} INFO - Processing /home/airflow/.local/lib/python3.6/site-packages/airflow/example_dags/example_branch_datetime_operator.py took 0.052 seconds
[2023-02-23 17:08:11,938] {scheduler_job.py:182} INFO - Started process (PID=2441) to work on /home/airflow/.local/lib/python3.6/site-packages/airflow/example_dags/example_branch_datetime_operator.py
[2023-02-23 17:08:11,939] {scheduler_job.py:633} INFO - Processing file /home/airflow/.local/lib/python3.6/site-packages/airflow/example_dags/example_branch_datetime_operator.py for tasks to queue
[2023-02-23 17:08:11,939] {logging_mixin.py:104} INFO - [2023-02-23 17:08:11,939] {dagbag.py:496} INFO - Filling up the DagBag from /home/airflow/.local/lib/python3.6/site-packages/airflow/example_dags/example_branch_datetime_operator.py
[2023-02-23 17:08:11,951] {scheduler_job.py:643} INFO - DAG(s) dict_keys(['example_branch_datetime_operator_2']) retrieved from /home/airflow/.local/lib/python3.6/site-packages/airflow/example_dags/example_branch_datetime_operator.py
[2023-02-23 17:08:11,970] {logging_mixin.py:104} INFO - [2023-02-23 17:08:11,970] {dag.py:1833} INFO - Sync 1 DAGs
[2023-02-23 17:08:11,986] {logging_mixin.py:104} INFO - [2023-02-23 17:08:11,986] {dag.py:2306} INFO - Setting next_dagrun for example_branch_datetime_operator_2 to 2023-02-21 00:00:00+00:00
[2023-02-23 17:08:11,994] {scheduler_job.py:190} INFO - Processing /home/airflow/.local/lib/python3.6/site-packages/airflow/example_dags/example_branch_datetime_operator.py took 0.059 seconds
[2023-02-23 17:08:42,204] {scheduler_job.py:182} INFO - Started process (PID=2493) to work on /home/airflow/.local/lib/python3.6/site-packages/airflow/example_dags/example_branch_datetime_operator.py
[2023-02-23 17:08:42,205] {scheduler_job.py:633} INFO - Processing file /home/airflow/.local/lib/python3.6/site-packages/airflow/example_dags/example_branch_datetime_operator.py for tasks to queue
[2023-02-23 17:08:42,206] {logging_mixin.py:104} INFO - [2023-02-23 17:08:42,206] {dagbag.py:496} INFO - Filling up the DagBag from /home/airflow/.local/lib/python3.6/site-packages/airflow/example_dags/example_branch_datetime_operator.py
[2023-02-23 17:08:42,216] {scheduler_job.py:643} INFO - DAG(s) dict_keys(['example_branch_datetime_operator_2']) retrieved from /home/airflow/.local/lib/python3.6/site-packages/airflow/example_dags/example_branch_datetime_operator.py
[2023-02-23 17:08:42,235] {logging_mixin.py:104} INFO - [2023-02-23 17:08:42,235] {dag.py:1833} INFO - Sync 1 DAGs
[2023-02-23 17:08:42,277] {logging_mixin.py:104} INFO - [2023-02-23 17:08:42,277] {dag.py:2306} INFO - Setting next_dagrun for example_branch_datetime_operator_2 to 2023-02-21 00:00:00+00:00
[2023-02-23 17:08:42,286] {scheduler_job.py:190} INFO - Processing /home/airflow/.local/lib/python3.6/site-packages/airflow/example_dags/example_branch_datetime_operator.py took 0.084 seconds
[2023-02-23 17:09:12,756] {scheduler_job.py:182} INFO - Started process (PID=2545) to work on /home/airflow/.local/lib/python3.6/site-packages/airflow/example_dags/example_branch_datetime_operator.py
[2023-02-23 17:09:12,757] {scheduler_job.py:633} INFO - Processing file /home/airflow/.local/lib/python3.6/site-packages/airflow/example_dags/example_branch_datetime_operator.py for tasks to queue
[2023-02-23 17:09:12,758] {logging_mixin.py:104} INFO - [2023-02-23 17:09:12,758] {dagbag.py:496} INFO - Filling up the DagBag from /home/airflow/.local/lib/python3.6/site-packages/airflow/example_dags/example_branch_datetime_operator.py
[2023-02-23 17:09:12,768] {scheduler_job.py:643} INFO - DAG(s) dict_keys(['example_branch_datetime_operator_2']) retrieved from /home/airflow/.local/lib/python3.6/site-packages/airflow/example_dags/example_branch_datetime_operator.py
[2023-02-23 17:09:12,787] {logging_mixin.py:104} INFO - [2023-02-23 17:09:12,786] {dag.py:1833} INFO - Sync 1 DAGs
[2023-02-23 17:09:12,804] {logging_mixin.py:104} INFO - [2023-02-23 17:09:12,804] {dag.py:2306} INFO - Setting next_dagrun for example_branch_datetime_operator_2 to 2023-02-21 00:00:00+00:00
[2023-02-23 17:09:12,814] {scheduler_job.py:190} INFO - Processing /home/airflow/.local/lib/python3.6/site-packages/airflow/example_dags/example_branch_datetime_operator.py took 0.060 seconds
[2023-02-23 17:09:43,165] {scheduler_job.py:182} INFO - Started process (PID=2607) to work on /home/airflow/.local/lib/python3.6/site-packages/airflow/example_dags/example_branch_datetime_operator.py
[2023-02-23 17:09:43,166] {scheduler_job.py:633} INFO - Processing file /home/airflow/.local/lib/python3.6/site-packages/airflow/example_dags/example_branch_datetime_operator.py for tasks to queue
[2023-02-23 17:09:43,167] {logging_mixin.py:104} INFO - [2023-02-23 17:09:43,166] {dagbag.py:496} INFO - Filling up the DagBag from /home/airflow/.local/lib/python3.6/site-packages/airflow/example_dags/example_branch_datetime_operator.py
[2023-02-23 17:09:43,176] {scheduler_job.py:643} INFO - DAG(s) dict_keys(['example_branch_datetime_operator_2']) retrieved from /home/airflow/.local/lib/python3.6/site-packages/airflow/example_dags/example_branch_datetime_operator.py
[2023-02-23 17:09:43,193] {logging_mixin.py:104} INFO - [2023-02-23 17:09:43,193] {dag.py:1833} INFO - Sync 1 DAGs
[2023-02-23 17:09:43,208] {logging_mixin.py:104} INFO - [2023-02-23 17:09:43,208] {dag.py:2306} INFO - Setting next_dagrun for example_branch_datetime_operator_2 to 2023-02-21 00:00:00+00:00
[2023-02-23 17:09:43,216] {scheduler_job.py:190} INFO - Processing /home/airflow/.local/lib/python3.6/site-packages/airflow/example_dags/example_branch_datetime_operator.py took 0.053 seconds
[2023-02-23 17:10:13,847] {scheduler_job.py:182} INFO - Started process (PID=2660) to work on /home/airflow/.local/lib/python3.6/site-packages/airflow/example_dags/example_branch_datetime_operator.py
[2023-02-23 17:10:13,847] {scheduler_job.py:633} INFO - Processing file /home/airflow/.local/lib/python3.6/site-packages/airflow/example_dags/example_branch_datetime_operator.py for tasks to queue
[2023-02-23 17:10:13,848] {logging_mixin.py:104} INFO - [2023-02-23 17:10:13,848] {dagbag.py:496} INFO - Filling up the DagBag from /home/airflow/.local/lib/python3.6/site-packages/airflow/example_dags/example_branch_datetime_operator.py
[2023-02-23 17:10:13,857] {scheduler_job.py:643} INFO - DAG(s) dict_keys(['example_branch_datetime_operator_2']) retrieved from /home/airflow/.local/lib/python3.6/site-packages/airflow/example_dags/example_branch_datetime_operator.py
[2023-02-23 17:10:13,874] {logging_mixin.py:104} INFO - [2023-02-23 17:10:13,873] {dag.py:1833} INFO - Sync 1 DAGs
[2023-02-23 17:10:13,889] {logging_mixin.py:104} INFO - [2023-02-23 17:10:13,889] {dag.py:2306} INFO - Setting next_dagrun for example_branch_datetime_operator_2 to 2023-02-21 00:00:00+00:00
[2023-02-23 17:10:13,897] {scheduler_job.py:190} INFO - Processing /home/airflow/.local/lib/python3.6/site-packages/airflow/example_dags/example_branch_datetime_operator.py took 0.052 seconds
[2023-02-23 17:10:44,085] {scheduler_job.py:182} INFO - Started process (PID=2715) to work on /home/airflow/.local/lib/python3.6/site-packages/airflow/example_dags/example_branch_datetime_operator.py
[2023-02-23 17:10:44,085] {scheduler_job.py:633} INFO - Processing file /home/airflow/.local/lib/python3.6/site-packages/airflow/example_dags/example_branch_datetime_operator.py for tasks to queue
[2023-02-23 17:10:44,086] {logging_mixin.py:104} INFO - [2023-02-23 17:10:44,086] {dagbag.py:496} INFO - Filling up the DagBag from /home/airflow/.local/lib/python3.6/site-packages/airflow/example_dags/example_branch_datetime_operator.py
[2023-02-23 17:10:44,173] {scheduler_job.py:643} INFO - DAG(s) dict_keys(['example_branch_datetime_operator_2']) retrieved from /home/airflow/.local/lib/python3.6/site-packages/airflow/example_dags/example_branch_datetime_operator.py
[2023-02-23 17:10:44,276] {logging_mixin.py:104} INFO - [2023-02-23 17:10:44,276] {dag.py:1833} INFO - Sync 1 DAGs
[2023-02-23 17:10:44,293] {logging_mixin.py:104} INFO - [2023-02-23 17:10:44,293] {dag.py:2306} INFO - Setting next_dagrun for example_branch_datetime_operator_2 to 2023-02-21 00:00:00+00:00
[2023-02-23 17:10:44,378] {scheduler_job.py:190} INFO - Processing /home/airflow/.local/lib/python3.6/site-packages/airflow/example_dags/example_branch_datetime_operator.py took 0.296 seconds
