[2023-02-23 19:42:59,418] {scheduler_job.py:182} INFO - Started process (PID=66) to work on /home/airflow/.local/lib/python3.6/site-packages/airflow/example_dags/example_branch_operator.py
[2023-02-23 19:42:59,419] {scheduler_job.py:633} INFO - Processing file /home/airflow/.local/lib/python3.6/site-packages/airflow/example_dags/example_branch_operator.py for tasks to queue
[2023-02-23 19:42:59,419] {logging_mixin.py:104} INFO - [2023-02-23 19:42:59,419] {dagbag.py:496} INFO - Filling up the DagBag from /home/airflow/.local/lib/python3.6/site-packages/airflow/example_dags/example_branch_operator.py
[2023-02-23 19:42:59,434] {scheduler_job.py:643} INFO - DAG(s) dict_keys(['example_branch_operator']) retrieved from /home/airflow/.local/lib/python3.6/site-packages/airflow/example_dags/example_branch_operator.py
[2023-02-23 19:42:59,487] {logging_mixin.py:104} INFO - [2023-02-23 19:42:59,487] {dag.py:1833} INFO - Sync 1 DAGs
[2023-02-23 19:42:59,505] {logging_mixin.py:104} INFO - [2023-02-23 19:42:59,505] {dag.py:2306} INFO - Setting next_dagrun for example_branch_operator to 2023-02-21 00:00:00+00:00
[2023-02-23 19:42:59,514] {scheduler_job.py:190} INFO - Processing /home/airflow/.local/lib/python3.6/site-packages/airflow/example_dags/example_branch_operator.py took 0.099 seconds
[2023-02-23 19:43:29,873] {scheduler_job.py:182} INFO - Started process (PID=117) to work on /home/airflow/.local/lib/python3.6/site-packages/airflow/example_dags/example_branch_operator.py
[2023-02-23 19:43:29,874] {scheduler_job.py:633} INFO - Processing file /home/airflow/.local/lib/python3.6/site-packages/airflow/example_dags/example_branch_operator.py for tasks to queue
[2023-02-23 19:43:29,874] {logging_mixin.py:104} INFO - [2023-02-23 19:43:29,874] {dagbag.py:496} INFO - Filling up the DagBag from /home/airflow/.local/lib/python3.6/site-packages/airflow/example_dags/example_branch_operator.py
[2023-02-23 19:43:29,886] {scheduler_job.py:643} INFO - DAG(s) dict_keys(['example_branch_operator']) retrieved from /home/airflow/.local/lib/python3.6/site-packages/airflow/example_dags/example_branch_operator.py
[2023-02-23 19:43:29,904] {logging_mixin.py:104} INFO - [2023-02-23 19:43:29,903] {dag.py:1833} INFO - Sync 1 DAGs
[2023-02-23 19:43:29,919] {logging_mixin.py:104} INFO - [2023-02-23 19:43:29,918] {dag.py:2306} INFO - Setting next_dagrun for example_branch_operator to 2023-02-21 00:00:00+00:00
[2023-02-23 19:43:29,926] {scheduler_job.py:190} INFO - Processing /home/airflow/.local/lib/python3.6/site-packages/airflow/example_dags/example_branch_operator.py took 0.055 seconds
[2023-02-23 19:44:00,461] {scheduler_job.py:182} INFO - Started process (PID=178) to work on /home/airflow/.local/lib/python3.6/site-packages/airflow/example_dags/example_branch_operator.py
[2023-02-23 19:44:00,462] {scheduler_job.py:633} INFO - Processing file /home/airflow/.local/lib/python3.6/site-packages/airflow/example_dags/example_branch_operator.py for tasks to queue
[2023-02-23 19:44:00,463] {logging_mixin.py:104} INFO - [2023-02-23 19:44:00,463] {dagbag.py:496} INFO - Filling up the DagBag from /home/airflow/.local/lib/python3.6/site-packages/airflow/example_dags/example_branch_operator.py
[2023-02-23 19:44:00,474] {scheduler_job.py:643} INFO - DAG(s) dict_keys(['example_branch_operator']) retrieved from /home/airflow/.local/lib/python3.6/site-packages/airflow/example_dags/example_branch_operator.py
[2023-02-23 19:44:00,491] {logging_mixin.py:104} INFO - [2023-02-23 19:44:00,490] {dag.py:1833} INFO - Sync 1 DAGs
[2023-02-23 19:44:00,505] {logging_mixin.py:104} INFO - [2023-02-23 19:44:00,505] {dag.py:2306} INFO - Setting next_dagrun for example_branch_operator to 2023-02-21 00:00:00+00:00
[2023-02-23 19:44:00,514] {scheduler_job.py:190} INFO - Processing /home/airflow/.local/lib/python3.6/site-packages/airflow/example_dags/example_branch_operator.py took 0.055 seconds
[2023-02-23 19:44:31,152] {scheduler_job.py:182} INFO - Started process (PID=229) to work on /home/airflow/.local/lib/python3.6/site-packages/airflow/example_dags/example_branch_operator.py
[2023-02-23 19:44:31,153] {scheduler_job.py:633} INFO - Processing file /home/airflow/.local/lib/python3.6/site-packages/airflow/example_dags/example_branch_operator.py for tasks to queue
[2023-02-23 19:44:31,153] {logging_mixin.py:104} INFO - [2023-02-23 19:44:31,153] {dagbag.py:496} INFO - Filling up the DagBag from /home/airflow/.local/lib/python3.6/site-packages/airflow/example_dags/example_branch_operator.py
[2023-02-23 19:44:31,164] {scheduler_job.py:643} INFO - DAG(s) dict_keys(['example_branch_operator']) retrieved from /home/airflow/.local/lib/python3.6/site-packages/airflow/example_dags/example_branch_operator.py
[2023-02-23 19:44:31,182] {logging_mixin.py:104} INFO - [2023-02-23 19:44:31,182] {dag.py:1833} INFO - Sync 1 DAGs
[2023-02-23 19:44:31,196] {logging_mixin.py:104} INFO - [2023-02-23 19:44:31,196] {dag.py:2306} INFO - Setting next_dagrun for example_branch_operator to 2023-02-21 00:00:00+00:00
[2023-02-23 19:44:31,203] {scheduler_job.py:190} INFO - Processing /home/airflow/.local/lib/python3.6/site-packages/airflow/example_dags/example_branch_operator.py took 0.053 seconds
[2023-02-23 19:45:02,047] {scheduler_job.py:182} INFO - Started process (PID=290) to work on /home/airflow/.local/lib/python3.6/site-packages/airflow/example_dags/example_branch_operator.py
[2023-02-23 19:45:02,048] {scheduler_job.py:633} INFO - Processing file /home/airflow/.local/lib/python3.6/site-packages/airflow/example_dags/example_branch_operator.py for tasks to queue
[2023-02-23 19:45:02,049] {logging_mixin.py:104} INFO - [2023-02-23 19:45:02,048] {dagbag.py:496} INFO - Filling up the DagBag from /home/airflow/.local/lib/python3.6/site-packages/airflow/example_dags/example_branch_operator.py
[2023-02-23 19:45:02,061] {scheduler_job.py:643} INFO - DAG(s) dict_keys(['example_branch_operator']) retrieved from /home/airflow/.local/lib/python3.6/site-packages/airflow/example_dags/example_branch_operator.py
[2023-02-23 19:45:02,079] {logging_mixin.py:104} INFO - [2023-02-23 19:45:02,078] {dag.py:1833} INFO - Sync 1 DAGs
[2023-02-23 19:45:02,092] {logging_mixin.py:104} INFO - [2023-02-23 19:45:02,092] {dag.py:2306} INFO - Setting next_dagrun for example_branch_operator to 2023-02-21 00:00:00+00:00
[2023-02-23 19:45:02,100] {scheduler_job.py:190} INFO - Processing /home/airflow/.local/lib/python3.6/site-packages/airflow/example_dags/example_branch_operator.py took 0.055 seconds
[2023-02-23 19:45:32,730] {scheduler_job.py:182} INFO - Started process (PID=350) to work on /home/airflow/.local/lib/python3.6/site-packages/airflow/example_dags/example_branch_operator.py
[2023-02-23 19:45:32,730] {scheduler_job.py:633} INFO - Processing file /home/airflow/.local/lib/python3.6/site-packages/airflow/example_dags/example_branch_operator.py for tasks to queue
[2023-02-23 19:45:32,731] {logging_mixin.py:104} INFO - [2023-02-23 19:45:32,731] {dagbag.py:496} INFO - Filling up the DagBag from /home/airflow/.local/lib/python3.6/site-packages/airflow/example_dags/example_branch_operator.py
[2023-02-23 19:45:32,744] {scheduler_job.py:643} INFO - DAG(s) dict_keys(['example_branch_operator']) retrieved from /home/airflow/.local/lib/python3.6/site-packages/airflow/example_dags/example_branch_operator.py
[2023-02-23 19:45:32,784] {logging_mixin.py:104} INFO - [2023-02-23 19:45:32,784] {dag.py:1833} INFO - Sync 1 DAGs
[2023-02-23 19:45:32,802] {logging_mixin.py:104} INFO - [2023-02-23 19:45:32,802] {dag.py:2306} INFO - Setting next_dagrun for example_branch_operator to 2023-02-21 00:00:00+00:00
[2023-02-23 19:45:32,811] {scheduler_job.py:190} INFO - Processing /home/airflow/.local/lib/python3.6/site-packages/airflow/example_dags/example_branch_operator.py took 0.084 seconds
[2023-02-23 19:46:03,608] {scheduler_job.py:182} INFO - Started process (PID=402) to work on /home/airflow/.local/lib/python3.6/site-packages/airflow/example_dags/example_branch_operator.py
[2023-02-23 19:46:03,609] {scheduler_job.py:633} INFO - Processing file /home/airflow/.local/lib/python3.6/site-packages/airflow/example_dags/example_branch_operator.py for tasks to queue
[2023-02-23 19:46:03,609] {logging_mixin.py:104} INFO - [2023-02-23 19:46:03,609] {dagbag.py:496} INFO - Filling up the DagBag from /home/airflow/.local/lib/python3.6/site-packages/airflow/example_dags/example_branch_operator.py
[2023-02-23 19:46:03,623] {scheduler_job.py:643} INFO - DAG(s) dict_keys(['example_branch_operator']) retrieved from /home/airflow/.local/lib/python3.6/site-packages/airflow/example_dags/example_branch_operator.py
[2023-02-23 19:46:03,655] {logging_mixin.py:104} INFO - [2023-02-23 19:46:03,655] {dag.py:1833} INFO - Sync 1 DAGs
[2023-02-23 19:46:03,671] {logging_mixin.py:104} INFO - [2023-02-23 19:46:03,671] {dag.py:2306} INFO - Setting next_dagrun for example_branch_operator to 2023-02-21 00:00:00+00:00
[2023-02-23 19:46:03,681] {scheduler_job.py:190} INFO - Processing /home/airflow/.local/lib/python3.6/site-packages/airflow/example_dags/example_branch_operator.py took 0.075 seconds
[2023-02-23 19:46:34,124] {scheduler_job.py:182} INFO - Started process (PID=463) to work on /home/airflow/.local/lib/python3.6/site-packages/airflow/example_dags/example_branch_operator.py
[2023-02-23 19:46:34,125] {scheduler_job.py:633} INFO - Processing file /home/airflow/.local/lib/python3.6/site-packages/airflow/example_dags/example_branch_operator.py for tasks to queue
[2023-02-23 19:46:34,126] {logging_mixin.py:104} INFO - [2023-02-23 19:46:34,126] {dagbag.py:496} INFO - Filling up the DagBag from /home/airflow/.local/lib/python3.6/site-packages/airflow/example_dags/example_branch_operator.py
[2023-02-23 19:46:34,138] {scheduler_job.py:643} INFO - DAG(s) dict_keys(['example_branch_operator']) retrieved from /home/airflow/.local/lib/python3.6/site-packages/airflow/example_dags/example_branch_operator.py
[2023-02-23 19:46:34,157] {logging_mixin.py:104} INFO - [2023-02-23 19:46:34,157] {dag.py:1833} INFO - Sync 1 DAGs
[2023-02-23 19:46:34,172] {logging_mixin.py:104} INFO - [2023-02-23 19:46:34,172] {dag.py:2306} INFO - Setting next_dagrun for example_branch_operator to 2023-02-21 00:00:00+00:00
[2023-02-23 19:46:34,179] {scheduler_job.py:190} INFO - Processing /home/airflow/.local/lib/python3.6/site-packages/airflow/example_dags/example_branch_operator.py took 0.057 seconds
[2023-02-23 19:47:05,107] {scheduler_job.py:182} INFO - Started process (PID=514) to work on /home/airflow/.local/lib/python3.6/site-packages/airflow/example_dags/example_branch_operator.py
[2023-02-23 19:47:05,107] {scheduler_job.py:633} INFO - Processing file /home/airflow/.local/lib/python3.6/site-packages/airflow/example_dags/example_branch_operator.py for tasks to queue
[2023-02-23 19:47:05,108] {logging_mixin.py:104} INFO - [2023-02-23 19:47:05,108] {dagbag.py:496} INFO - Filling up the DagBag from /home/airflow/.local/lib/python3.6/site-packages/airflow/example_dags/example_branch_operator.py
[2023-02-23 19:47:05,120] {scheduler_job.py:643} INFO - DAG(s) dict_keys(['example_branch_operator']) retrieved from /home/airflow/.local/lib/python3.6/site-packages/airflow/example_dags/example_branch_operator.py
[2023-02-23 19:47:05,140] {logging_mixin.py:104} INFO - [2023-02-23 19:47:05,139] {dag.py:1833} INFO - Sync 1 DAGs
[2023-02-23 19:47:05,156] {logging_mixin.py:104} INFO - [2023-02-23 19:47:05,155] {dag.py:2306} INFO - Setting next_dagrun for example_branch_operator to 2023-02-21 00:00:00+00:00
[2023-02-23 19:47:05,163] {scheduler_job.py:190} INFO - Processing /home/airflow/.local/lib/python3.6/site-packages/airflow/example_dags/example_branch_operator.py took 0.058 seconds
[2023-02-23 19:47:35,493] {scheduler_job.py:182} INFO - Started process (PID=575) to work on /home/airflow/.local/lib/python3.6/site-packages/airflow/example_dags/example_branch_operator.py
[2023-02-23 19:47:35,496] {scheduler_job.py:633} INFO - Processing file /home/airflow/.local/lib/python3.6/site-packages/airflow/example_dags/example_branch_operator.py for tasks to queue
[2023-02-23 19:47:35,496] {logging_mixin.py:104} INFO - [2023-02-23 19:47:35,496] {dagbag.py:496} INFO - Filling up the DagBag from /home/airflow/.local/lib/python3.6/site-packages/airflow/example_dags/example_branch_operator.py
[2023-02-23 19:47:35,509] {scheduler_job.py:643} INFO - DAG(s) dict_keys(['example_branch_operator']) retrieved from /home/airflow/.local/lib/python3.6/site-packages/airflow/example_dags/example_branch_operator.py
[2023-02-23 19:47:35,528] {logging_mixin.py:104} INFO - [2023-02-23 19:47:35,527] {dag.py:1833} INFO - Sync 1 DAGs
[2023-02-23 19:47:35,542] {logging_mixin.py:104} INFO - [2023-02-23 19:47:35,542] {dag.py:2306} INFO - Setting next_dagrun for example_branch_operator to 2023-02-21 00:00:00+00:00
[2023-02-23 19:47:35,551] {scheduler_job.py:190} INFO - Processing /home/airflow/.local/lib/python3.6/site-packages/airflow/example_dags/example_branch_operator.py took 0.060 seconds
[2023-02-23 19:48:06,364] {scheduler_job.py:182} INFO - Started process (PID=626) to work on /home/airflow/.local/lib/python3.6/site-packages/airflow/example_dags/example_branch_operator.py
[2023-02-23 19:48:06,365] {scheduler_job.py:633} INFO - Processing file /home/airflow/.local/lib/python3.6/site-packages/airflow/example_dags/example_branch_operator.py for tasks to queue
[2023-02-23 19:48:06,365] {logging_mixin.py:104} INFO - [2023-02-23 19:48:06,365] {dagbag.py:496} INFO - Filling up the DagBag from /home/airflow/.local/lib/python3.6/site-packages/airflow/example_dags/example_branch_operator.py
[2023-02-23 19:48:06,377] {scheduler_job.py:643} INFO - DAG(s) dict_keys(['example_branch_operator']) retrieved from /home/airflow/.local/lib/python3.6/site-packages/airflow/example_dags/example_branch_operator.py
[2023-02-23 19:48:06,395] {logging_mixin.py:104} INFO - [2023-02-23 19:48:06,395] {dag.py:1833} INFO - Sync 1 DAGs
[2023-02-23 19:48:06,409] {logging_mixin.py:104} INFO - [2023-02-23 19:48:06,409] {dag.py:2306} INFO - Setting next_dagrun for example_branch_operator to 2023-02-21 00:00:00+00:00
[2023-02-23 19:48:06,417] {scheduler_job.py:190} INFO - Processing /home/airflow/.local/lib/python3.6/site-packages/airflow/example_dags/example_branch_operator.py took 0.055 seconds
[2023-02-23 19:48:36,934] {scheduler_job.py:182} INFO - Started process (PID=687) to work on /home/airflow/.local/lib/python3.6/site-packages/airflow/example_dags/example_branch_operator.py
[2023-02-23 19:48:36,934] {scheduler_job.py:633} INFO - Processing file /home/airflow/.local/lib/python3.6/site-packages/airflow/example_dags/example_branch_operator.py for tasks to queue
[2023-02-23 19:48:36,935] {logging_mixin.py:104} INFO - [2023-02-23 19:48:36,935] {dagbag.py:496} INFO - Filling up the DagBag from /home/airflow/.local/lib/python3.6/site-packages/airflow/example_dags/example_branch_operator.py
[2023-02-23 19:48:36,949] {scheduler_job.py:643} INFO - DAG(s) dict_keys(['example_branch_operator']) retrieved from /home/airflow/.local/lib/python3.6/site-packages/airflow/example_dags/example_branch_operator.py
[2023-02-23 19:48:36,967] {logging_mixin.py:104} INFO - [2023-02-23 19:48:36,966] {dag.py:1833} INFO - Sync 1 DAGs
[2023-02-23 19:48:36,981] {logging_mixin.py:104} INFO - [2023-02-23 19:48:36,981] {dag.py:2306} INFO - Setting next_dagrun for example_branch_operator to 2023-02-21 00:00:00+00:00
[2023-02-23 19:48:36,989] {scheduler_job.py:190} INFO - Processing /home/airflow/.local/lib/python3.6/site-packages/airflow/example_dags/example_branch_operator.py took 0.058 seconds
[2023-02-23 19:49:07,584] {scheduler_job.py:182} INFO - Started process (PID=748) to work on /home/airflow/.local/lib/python3.6/site-packages/airflow/example_dags/example_branch_operator.py
[2023-02-23 19:49:07,585] {scheduler_job.py:633} INFO - Processing file /home/airflow/.local/lib/python3.6/site-packages/airflow/example_dags/example_branch_operator.py for tasks to queue
[2023-02-23 19:49:07,586] {logging_mixin.py:104} INFO - [2023-02-23 19:49:07,586] {dagbag.py:496} INFO - Filling up the DagBag from /home/airflow/.local/lib/python3.6/site-packages/airflow/example_dags/example_branch_operator.py
[2023-02-23 19:49:07,598] {scheduler_job.py:643} INFO - DAG(s) dict_keys(['example_branch_operator']) retrieved from /home/airflow/.local/lib/python3.6/site-packages/airflow/example_dags/example_branch_operator.py
[2023-02-23 19:49:07,618] {logging_mixin.py:104} INFO - [2023-02-23 19:49:07,618] {dag.py:1833} INFO - Sync 1 DAGs
[2023-02-23 19:49:07,638] {logging_mixin.py:104} INFO - [2023-02-23 19:49:07,638] {dag.py:2306} INFO - Setting next_dagrun for example_branch_operator to 2023-02-21 00:00:00+00:00
[2023-02-23 19:49:07,649] {scheduler_job.py:190} INFO - Processing /home/airflow/.local/lib/python3.6/site-packages/airflow/example_dags/example_branch_operator.py took 0.067 seconds
[2023-02-23 19:49:37,972] {scheduler_job.py:182} INFO - Started process (PID=799) to work on /home/airflow/.local/lib/python3.6/site-packages/airflow/example_dags/example_branch_operator.py
[2023-02-23 19:49:37,972] {scheduler_job.py:633} INFO - Processing file /home/airflow/.local/lib/python3.6/site-packages/airflow/example_dags/example_branch_operator.py for tasks to queue
[2023-02-23 19:49:37,973] {logging_mixin.py:104} INFO - [2023-02-23 19:49:37,973] {dagbag.py:496} INFO - Filling up the DagBag from /home/airflow/.local/lib/python3.6/site-packages/airflow/example_dags/example_branch_operator.py
[2023-02-23 19:49:37,986] {scheduler_job.py:643} INFO - DAG(s) dict_keys(['example_branch_operator']) retrieved from /home/airflow/.local/lib/python3.6/site-packages/airflow/example_dags/example_branch_operator.py
[2023-02-23 19:49:38,006] {logging_mixin.py:104} INFO - [2023-02-23 19:49:38,006] {dag.py:1833} INFO - Sync 1 DAGs
[2023-02-23 19:49:38,022] {logging_mixin.py:104} INFO - [2023-02-23 19:49:38,022] {dag.py:2306} INFO - Setting next_dagrun for example_branch_operator to 2023-02-21 00:00:00+00:00
[2023-02-23 19:49:38,074] {scheduler_job.py:190} INFO - Processing /home/airflow/.local/lib/python3.6/site-packages/airflow/example_dags/example_branch_operator.py took 0.105 seconds
[2023-02-23 19:50:08,941] {scheduler_job.py:182} INFO - Started process (PID=860) to work on /home/airflow/.local/lib/python3.6/site-packages/airflow/example_dags/example_branch_operator.py
[2023-02-23 19:50:08,942] {scheduler_job.py:633} INFO - Processing file /home/airflow/.local/lib/python3.6/site-packages/airflow/example_dags/example_branch_operator.py for tasks to queue
[2023-02-23 19:50:08,942] {logging_mixin.py:104} INFO - [2023-02-23 19:50:08,942] {dagbag.py:496} INFO - Filling up the DagBag from /home/airflow/.local/lib/python3.6/site-packages/airflow/example_dags/example_branch_operator.py
[2023-02-23 19:50:08,954] {scheduler_job.py:643} INFO - DAG(s) dict_keys(['example_branch_operator']) retrieved from /home/airflow/.local/lib/python3.6/site-packages/airflow/example_dags/example_branch_operator.py
[2023-02-23 19:50:08,975] {logging_mixin.py:104} INFO - [2023-02-23 19:50:08,975] {dag.py:1833} INFO - Sync 1 DAGs
[2023-02-23 19:50:08,991] {logging_mixin.py:104} INFO - [2023-02-23 19:50:08,991] {dag.py:2306} INFO - Setting next_dagrun for example_branch_operator to 2023-02-21 00:00:00+00:00
[2023-02-23 19:50:09,000] {scheduler_job.py:190} INFO - Processing /home/airflow/.local/lib/python3.6/site-packages/airflow/example_dags/example_branch_operator.py took 0.062 seconds
[2023-02-23 19:50:39,881] {scheduler_job.py:182} INFO - Started process (PID=911) to work on /home/airflow/.local/lib/python3.6/site-packages/airflow/example_dags/example_branch_operator.py
[2023-02-23 19:50:39,882] {scheduler_job.py:633} INFO - Processing file /home/airflow/.local/lib/python3.6/site-packages/airflow/example_dags/example_branch_operator.py for tasks to queue
[2023-02-23 19:50:39,883] {logging_mixin.py:104} INFO - [2023-02-23 19:50:39,883] {dagbag.py:496} INFO - Filling up the DagBag from /home/airflow/.local/lib/python3.6/site-packages/airflow/example_dags/example_branch_operator.py
[2023-02-23 19:50:39,900] {scheduler_job.py:643} INFO - DAG(s) dict_keys(['example_branch_operator']) retrieved from /home/airflow/.local/lib/python3.6/site-packages/airflow/example_dags/example_branch_operator.py
[2023-02-23 19:50:39,989] {logging_mixin.py:104} INFO - [2023-02-23 19:50:39,989] {dag.py:1833} INFO - Sync 1 DAGs
[2023-02-23 19:50:40,077] {logging_mixin.py:104} INFO - [2023-02-23 19:50:40,077] {dag.py:2306} INFO - Setting next_dagrun for example_branch_operator to 2023-02-21 00:00:00+00:00
[2023-02-23 19:50:40,087] {scheduler_job.py:190} INFO - Processing /home/airflow/.local/lib/python3.6/site-packages/airflow/example_dags/example_branch_operator.py took 0.209 seconds
[2023-02-23 19:51:10,670] {scheduler_job.py:182} INFO - Started process (PID=972) to work on /home/airflow/.local/lib/python3.6/site-packages/airflow/example_dags/example_branch_operator.py
[2023-02-23 19:51:10,671] {scheduler_job.py:633} INFO - Processing file /home/airflow/.local/lib/python3.6/site-packages/airflow/example_dags/example_branch_operator.py for tasks to queue
[2023-02-23 19:51:10,672] {logging_mixin.py:104} INFO - [2023-02-23 19:51:10,671] {dagbag.py:496} INFO - Filling up the DagBag from /home/airflow/.local/lib/python3.6/site-packages/airflow/example_dags/example_branch_operator.py
[2023-02-23 19:51:10,684] {scheduler_job.py:643} INFO - DAG(s) dict_keys(['example_branch_operator']) retrieved from /home/airflow/.local/lib/python3.6/site-packages/airflow/example_dags/example_branch_operator.py
[2023-02-23 19:51:10,703] {logging_mixin.py:104} INFO - [2023-02-23 19:51:10,703] {dag.py:1833} INFO - Sync 1 DAGs
[2023-02-23 19:51:10,720] {logging_mixin.py:104} INFO - [2023-02-23 19:51:10,720] {dag.py:2306} INFO - Setting next_dagrun for example_branch_operator to 2023-02-21 00:00:00+00:00
[2023-02-23 19:51:10,728] {scheduler_job.py:190} INFO - Processing /home/airflow/.local/lib/python3.6/site-packages/airflow/example_dags/example_branch_operator.py took 0.061 seconds
[2023-02-23 19:51:41,191] {scheduler_job.py:182} INFO - Started process (PID=1023) to work on /home/airflow/.local/lib/python3.6/site-packages/airflow/example_dags/example_branch_operator.py
[2023-02-23 19:51:41,192] {scheduler_job.py:633} INFO - Processing file /home/airflow/.local/lib/python3.6/site-packages/airflow/example_dags/example_branch_operator.py for tasks to queue
[2023-02-23 19:51:41,193] {logging_mixin.py:104} INFO - [2023-02-23 19:51:41,193] {dagbag.py:496} INFO - Filling up the DagBag from /home/airflow/.local/lib/python3.6/site-packages/airflow/example_dags/example_branch_operator.py
[2023-02-23 19:51:41,206] {scheduler_job.py:643} INFO - DAG(s) dict_keys(['example_branch_operator']) retrieved from /home/airflow/.local/lib/python3.6/site-packages/airflow/example_dags/example_branch_operator.py
[2023-02-23 19:51:41,224] {logging_mixin.py:104} INFO - [2023-02-23 19:51:41,224] {dag.py:1833} INFO - Sync 1 DAGs
[2023-02-23 19:51:41,241] {logging_mixin.py:104} INFO - [2023-02-23 19:51:41,241] {dag.py:2306} INFO - Setting next_dagrun for example_branch_operator to 2023-02-21 00:00:00+00:00
[2023-02-23 19:51:41,249] {scheduler_job.py:190} INFO - Processing /home/airflow/.local/lib/python3.6/site-packages/airflow/example_dags/example_branch_operator.py took 0.060 seconds
[2023-02-23 19:52:11,935] {scheduler_job.py:182} INFO - Started process (PID=1084) to work on /home/airflow/.local/lib/python3.6/site-packages/airflow/example_dags/example_branch_operator.py
[2023-02-23 19:52:11,936] {scheduler_job.py:633} INFO - Processing file /home/airflow/.local/lib/python3.6/site-packages/airflow/example_dags/example_branch_operator.py for tasks to queue
[2023-02-23 19:52:11,936] {logging_mixin.py:104} INFO - [2023-02-23 19:52:11,936] {dagbag.py:496} INFO - Filling up the DagBag from /home/airflow/.local/lib/python3.6/site-packages/airflow/example_dags/example_branch_operator.py
[2023-02-23 19:52:11,948] {scheduler_job.py:643} INFO - DAG(s) dict_keys(['example_branch_operator']) retrieved from /home/airflow/.local/lib/python3.6/site-packages/airflow/example_dags/example_branch_operator.py
[2023-02-23 19:52:11,968] {logging_mixin.py:104} INFO - [2023-02-23 19:52:11,967] {dag.py:1833} INFO - Sync 1 DAGs
[2023-02-23 19:52:11,984] {logging_mixin.py:104} INFO - [2023-02-23 19:52:11,984] {dag.py:2306} INFO - Setting next_dagrun for example_branch_operator to 2023-02-21 00:00:00+00:00
[2023-02-23 19:52:11,992] {scheduler_job.py:190} INFO - Processing /home/airflow/.local/lib/python3.6/site-packages/airflow/example_dags/example_branch_operator.py took 0.059 seconds
[2023-02-23 19:52:42,270] {scheduler_job.py:182} INFO - Started process (PID=1134) to work on /home/airflow/.local/lib/python3.6/site-packages/airflow/example_dags/example_branch_operator.py
[2023-02-23 19:52:42,271] {scheduler_job.py:633} INFO - Processing file /home/airflow/.local/lib/python3.6/site-packages/airflow/example_dags/example_branch_operator.py for tasks to queue
[2023-02-23 19:52:42,271] {logging_mixin.py:104} INFO - [2023-02-23 19:52:42,271] {dagbag.py:496} INFO - Filling up the DagBag from /home/airflow/.local/lib/python3.6/site-packages/airflow/example_dags/example_branch_operator.py
[2023-02-23 19:52:42,284] {scheduler_job.py:643} INFO - DAG(s) dict_keys(['example_branch_operator']) retrieved from /home/airflow/.local/lib/python3.6/site-packages/airflow/example_dags/example_branch_operator.py
[2023-02-23 19:52:42,303] {logging_mixin.py:104} INFO - [2023-02-23 19:52:42,303] {dag.py:1833} INFO - Sync 1 DAGs
[2023-02-23 19:52:42,319] {logging_mixin.py:104} INFO - [2023-02-23 19:52:42,318] {dag.py:2306} INFO - Setting next_dagrun for example_branch_operator to 2023-02-21 00:00:00+00:00
[2023-02-23 19:52:42,325] {scheduler_job.py:190} INFO - Processing /home/airflow/.local/lib/python3.6/site-packages/airflow/example_dags/example_branch_operator.py took 0.057 seconds
[2023-02-23 19:53:13,047] {scheduler_job.py:182} INFO - Started process (PID=1195) to work on /home/airflow/.local/lib/python3.6/site-packages/airflow/example_dags/example_branch_operator.py
[2023-02-23 19:53:13,048] {scheduler_job.py:633} INFO - Processing file /home/airflow/.local/lib/python3.6/site-packages/airflow/example_dags/example_branch_operator.py for tasks to queue
[2023-02-23 19:53:13,048] {logging_mixin.py:104} INFO - [2023-02-23 19:53:13,048] {dagbag.py:496} INFO - Filling up the DagBag from /home/airflow/.local/lib/python3.6/site-packages/airflow/example_dags/example_branch_operator.py
[2023-02-23 19:53:13,062] {scheduler_job.py:643} INFO - DAG(s) dict_keys(['example_branch_operator']) retrieved from /home/airflow/.local/lib/python3.6/site-packages/airflow/example_dags/example_branch_operator.py
[2023-02-23 19:53:13,085] {logging_mixin.py:104} INFO - [2023-02-23 19:53:13,085] {dag.py:1833} INFO - Sync 1 DAGs
[2023-02-23 19:53:13,101] {logging_mixin.py:104} INFO - [2023-02-23 19:53:13,101] {dag.py:2306} INFO - Setting next_dagrun for example_branch_operator to 2023-02-21 00:00:00+00:00
[2023-02-23 19:53:13,109] {scheduler_job.py:190} INFO - Processing /home/airflow/.local/lib/python3.6/site-packages/airflow/example_dags/example_branch_operator.py took 0.064 seconds
[2023-02-23 19:53:43,949] {scheduler_job.py:182} INFO - Started process (PID=1246) to work on /home/airflow/.local/lib/python3.6/site-packages/airflow/example_dags/example_branch_operator.py
[2023-02-23 19:53:43,950] {scheduler_job.py:633} INFO - Processing file /home/airflow/.local/lib/python3.6/site-packages/airflow/example_dags/example_branch_operator.py for tasks to queue
[2023-02-23 19:53:43,950] {logging_mixin.py:104} INFO - [2023-02-23 19:53:43,950] {dagbag.py:496} INFO - Filling up the DagBag from /home/airflow/.local/lib/python3.6/site-packages/airflow/example_dags/example_branch_operator.py
[2023-02-23 19:53:43,964] {scheduler_job.py:643} INFO - DAG(s) dict_keys(['example_branch_operator']) retrieved from /home/airflow/.local/lib/python3.6/site-packages/airflow/example_dags/example_branch_operator.py
[2023-02-23 19:53:43,985] {logging_mixin.py:104} INFO - [2023-02-23 19:53:43,985] {dag.py:1833} INFO - Sync 1 DAGs
[2023-02-23 19:53:44,001] {logging_mixin.py:104} INFO - [2023-02-23 19:53:44,001] {dag.py:2306} INFO - Setting next_dagrun for example_branch_operator to 2023-02-21 00:00:00+00:00
[2023-02-23 19:53:44,009] {scheduler_job.py:190} INFO - Processing /home/airflow/.local/lib/python3.6/site-packages/airflow/example_dags/example_branch_operator.py took 0.063 seconds
[2023-02-23 19:54:14,593] {scheduler_job.py:182} INFO - Started process (PID=1307) to work on /home/airflow/.local/lib/python3.6/site-packages/airflow/example_dags/example_branch_operator.py
[2023-02-23 19:54:14,594] {scheduler_job.py:633} INFO - Processing file /home/airflow/.local/lib/python3.6/site-packages/airflow/example_dags/example_branch_operator.py for tasks to queue
[2023-02-23 19:54:14,594] {logging_mixin.py:104} INFO - [2023-02-23 19:54:14,594] {dagbag.py:496} INFO - Filling up the DagBag from /home/airflow/.local/lib/python3.6/site-packages/airflow/example_dags/example_branch_operator.py
[2023-02-23 19:54:14,607] {scheduler_job.py:643} INFO - DAG(s) dict_keys(['example_branch_operator']) retrieved from /home/airflow/.local/lib/python3.6/site-packages/airflow/example_dags/example_branch_operator.py
[2023-02-23 19:54:14,628] {logging_mixin.py:104} INFO - [2023-02-23 19:54:14,628] {dag.py:1833} INFO - Sync 1 DAGs
[2023-02-23 19:54:14,645] {logging_mixin.py:104} INFO - [2023-02-23 19:54:14,645] {dag.py:2306} INFO - Setting next_dagrun for example_branch_operator to 2023-02-21 00:00:00+00:00
[2023-02-23 19:54:14,653] {scheduler_job.py:190} INFO - Processing /home/airflow/.local/lib/python3.6/site-packages/airflow/example_dags/example_branch_operator.py took 0.063 seconds
[2023-02-23 19:54:45,152] {scheduler_job.py:182} INFO - Started process (PID=1358) to work on /home/airflow/.local/lib/python3.6/site-packages/airflow/example_dags/example_branch_operator.py
[2023-02-23 19:54:45,153] {scheduler_job.py:633} INFO - Processing file /home/airflow/.local/lib/python3.6/site-packages/airflow/example_dags/example_branch_operator.py for tasks to queue
[2023-02-23 19:54:45,153] {logging_mixin.py:104} INFO - [2023-02-23 19:54:45,153] {dagbag.py:496} INFO - Filling up the DagBag from /home/airflow/.local/lib/python3.6/site-packages/airflow/example_dags/example_branch_operator.py
[2023-02-23 19:54:45,164] {scheduler_job.py:643} INFO - DAG(s) dict_keys(['example_branch_operator']) retrieved from /home/airflow/.local/lib/python3.6/site-packages/airflow/example_dags/example_branch_operator.py
[2023-02-23 19:54:45,181] {logging_mixin.py:104} INFO - [2023-02-23 19:54:45,181] {dag.py:1833} INFO - Sync 1 DAGs
[2023-02-23 19:54:45,195] {logging_mixin.py:104} INFO - [2023-02-23 19:54:45,195] {dag.py:2306} INFO - Setting next_dagrun for example_branch_operator to 2023-02-21 00:00:00+00:00
[2023-02-23 19:54:45,202] {scheduler_job.py:190} INFO - Processing /home/airflow/.local/lib/python3.6/site-packages/airflow/example_dags/example_branch_operator.py took 0.052 seconds
[2023-02-23 19:55:15,487] {scheduler_job.py:182} INFO - Started process (PID=1419) to work on /home/airflow/.local/lib/python3.6/site-packages/airflow/example_dags/example_branch_operator.py
[2023-02-23 19:55:15,488] {scheduler_job.py:633} INFO - Processing file /home/airflow/.local/lib/python3.6/site-packages/airflow/example_dags/example_branch_operator.py for tasks to queue
[2023-02-23 19:55:15,488] {logging_mixin.py:104} INFO - [2023-02-23 19:55:15,488] {dagbag.py:496} INFO - Filling up the DagBag from /home/airflow/.local/lib/python3.6/site-packages/airflow/example_dags/example_branch_operator.py
[2023-02-23 19:55:15,499] {scheduler_job.py:643} INFO - DAG(s) dict_keys(['example_branch_operator']) retrieved from /home/airflow/.local/lib/python3.6/site-packages/airflow/example_dags/example_branch_operator.py
[2023-02-23 19:55:15,516] {logging_mixin.py:104} INFO - [2023-02-23 19:55:15,516] {dag.py:1833} INFO - Sync 1 DAGs
[2023-02-23 19:55:15,529] {logging_mixin.py:104} INFO - [2023-02-23 19:55:15,529] {dag.py:2306} INFO - Setting next_dagrun for example_branch_operator to 2023-02-21 00:00:00+00:00
[2023-02-23 19:55:15,537] {scheduler_job.py:190} INFO - Processing /home/airflow/.local/lib/python3.6/site-packages/airflow/example_dags/example_branch_operator.py took 0.052 seconds
[2023-02-23 19:55:46,501] {scheduler_job.py:182} INFO - Started process (PID=1480) to work on /home/airflow/.local/lib/python3.6/site-packages/airflow/example_dags/example_branch_operator.py
[2023-02-23 19:55:46,501] {scheduler_job.py:633} INFO - Processing file /home/airflow/.local/lib/python3.6/site-packages/airflow/example_dags/example_branch_operator.py for tasks to queue
[2023-02-23 19:55:46,502] {logging_mixin.py:104} INFO - [2023-02-23 19:55:46,502] {dagbag.py:496} INFO - Filling up the DagBag from /home/airflow/.local/lib/python3.6/site-packages/airflow/example_dags/example_branch_operator.py
[2023-02-23 19:55:46,514] {scheduler_job.py:643} INFO - DAG(s) dict_keys(['example_branch_operator']) retrieved from /home/airflow/.local/lib/python3.6/site-packages/airflow/example_dags/example_branch_operator.py
[2023-02-23 19:55:46,529] {logging_mixin.py:104} INFO - [2023-02-23 19:55:46,529] {dag.py:1833} INFO - Sync 1 DAGs
[2023-02-23 19:55:46,543] {logging_mixin.py:104} INFO - [2023-02-23 19:55:46,543] {dag.py:2306} INFO - Setting next_dagrun for example_branch_operator to 2023-02-21 00:00:00+00:00
[2023-02-23 19:55:46,551] {scheduler_job.py:190} INFO - Processing /home/airflow/.local/lib/python3.6/site-packages/airflow/example_dags/example_branch_operator.py took 0.052 seconds
[2023-02-23 19:56:17,130] {scheduler_job.py:182} INFO - Started process (PID=1532) to work on /home/airflow/.local/lib/python3.6/site-packages/airflow/example_dags/example_branch_operator.py
[2023-02-23 19:56:17,130] {scheduler_job.py:633} INFO - Processing file /home/airflow/.local/lib/python3.6/site-packages/airflow/example_dags/example_branch_operator.py for tasks to queue
[2023-02-23 19:56:17,131] {logging_mixin.py:104} INFO - [2023-02-23 19:56:17,131] {dagbag.py:496} INFO - Filling up the DagBag from /home/airflow/.local/lib/python3.6/site-packages/airflow/example_dags/example_branch_operator.py
[2023-02-23 19:56:17,143] {scheduler_job.py:643} INFO - DAG(s) dict_keys(['example_branch_operator']) retrieved from /home/airflow/.local/lib/python3.6/site-packages/airflow/example_dags/example_branch_operator.py
[2023-02-23 19:56:17,158] {logging_mixin.py:104} INFO - [2023-02-23 19:56:17,158] {dag.py:1833} INFO - Sync 1 DAGs
[2023-02-23 19:56:17,173] {logging_mixin.py:104} INFO - [2023-02-23 19:56:17,173] {dag.py:2306} INFO - Setting next_dagrun for example_branch_operator to 2023-02-21 00:00:00+00:00
[2023-02-23 19:56:17,184] {scheduler_job.py:190} INFO - Processing /home/airflow/.local/lib/python3.6/site-packages/airflow/example_dags/example_branch_operator.py took 0.056 seconds
[2023-02-23 19:56:47,242] {scheduler_job.py:182} INFO - Started process (PID=1593) to work on /home/airflow/.local/lib/python3.6/site-packages/airflow/example_dags/example_branch_operator.py
[2023-02-23 19:56:47,242] {scheduler_job.py:633} INFO - Processing file /home/airflow/.local/lib/python3.6/site-packages/airflow/example_dags/example_branch_operator.py for tasks to queue
[2023-02-23 19:56:47,243] {logging_mixin.py:104} INFO - [2023-02-23 19:56:47,243] {dagbag.py:496} INFO - Filling up the DagBag from /home/airflow/.local/lib/python3.6/site-packages/airflow/example_dags/example_branch_operator.py
[2023-02-23 19:56:47,268] {scheduler_job.py:643} INFO - DAG(s) dict_keys(['example_branch_operator']) retrieved from /home/airflow/.local/lib/python3.6/site-packages/airflow/example_dags/example_branch_operator.py
[2023-02-23 19:56:47,287] {logging_mixin.py:104} INFO - [2023-02-23 19:56:47,287] {dag.py:1833} INFO - Sync 1 DAGs
[2023-02-23 19:56:47,302] {logging_mixin.py:104} INFO - [2023-02-23 19:56:47,302] {dag.py:2306} INFO - Setting next_dagrun for example_branch_operator to 2023-02-21 00:00:00+00:00
[2023-02-23 19:56:47,309] {scheduler_job.py:190} INFO - Processing /home/airflow/.local/lib/python3.6/site-packages/airflow/example_dags/example_branch_operator.py took 0.069 seconds
[2023-02-23 19:57:17,942] {scheduler_job.py:182} INFO - Started process (PID=1644) to work on /home/airflow/.local/lib/python3.6/site-packages/airflow/example_dags/example_branch_operator.py
[2023-02-23 19:57:17,942] {scheduler_job.py:633} INFO - Processing file /home/airflow/.local/lib/python3.6/site-packages/airflow/example_dags/example_branch_operator.py for tasks to queue
[2023-02-23 19:57:17,943] {logging_mixin.py:104} INFO - [2023-02-23 19:57:17,943] {dagbag.py:496} INFO - Filling up the DagBag from /home/airflow/.local/lib/python3.6/site-packages/airflow/example_dags/example_branch_operator.py
[2023-02-23 19:57:17,956] {scheduler_job.py:643} INFO - DAG(s) dict_keys(['example_branch_operator']) retrieved from /home/airflow/.local/lib/python3.6/site-packages/airflow/example_dags/example_branch_operator.py
[2023-02-23 19:57:17,973] {logging_mixin.py:104} INFO - [2023-02-23 19:57:17,973] {dag.py:1833} INFO - Sync 1 DAGs
[2023-02-23 19:57:17,988] {logging_mixin.py:104} INFO - [2023-02-23 19:57:17,988] {dag.py:2306} INFO - Setting next_dagrun for example_branch_operator to 2023-02-21 00:00:00+00:00
[2023-02-23 19:57:17,995] {scheduler_job.py:190} INFO - Processing /home/airflow/.local/lib/python3.6/site-packages/airflow/example_dags/example_branch_operator.py took 0.055 seconds
[2023-02-23 19:57:48,502] {scheduler_job.py:182} INFO - Started process (PID=1705) to work on /home/airflow/.local/lib/python3.6/site-packages/airflow/example_dags/example_branch_operator.py
[2023-02-23 19:57:48,503] {scheduler_job.py:633} INFO - Processing file /home/airflow/.local/lib/python3.6/site-packages/airflow/example_dags/example_branch_operator.py for tasks to queue
[2023-02-23 19:57:48,504] {logging_mixin.py:104} INFO - [2023-02-23 19:57:48,503] {dagbag.py:496} INFO - Filling up the DagBag from /home/airflow/.local/lib/python3.6/site-packages/airflow/example_dags/example_branch_operator.py
[2023-02-23 19:57:48,516] {scheduler_job.py:643} INFO - DAG(s) dict_keys(['example_branch_operator']) retrieved from /home/airflow/.local/lib/python3.6/site-packages/airflow/example_dags/example_branch_operator.py
[2023-02-23 19:57:48,531] {logging_mixin.py:104} INFO - [2023-02-23 19:57:48,531] {dag.py:1833} INFO - Sync 1 DAGs
[2023-02-23 19:57:48,544] {logging_mixin.py:104} INFO - [2023-02-23 19:57:48,544] {dag.py:2306} INFO - Setting next_dagrun for example_branch_operator to 2023-02-21 00:00:00+00:00
[2023-02-23 19:57:48,551] {scheduler_job.py:190} INFO - Processing /home/airflow/.local/lib/python3.6/site-packages/airflow/example_dags/example_branch_operator.py took 0.051 seconds
[2023-02-23 19:58:19,216] {scheduler_job.py:182} INFO - Started process (PID=1756) to work on /home/airflow/.local/lib/python3.6/site-packages/airflow/example_dags/example_branch_operator.py
[2023-02-23 19:58:19,216] {scheduler_job.py:633} INFO - Processing file /home/airflow/.local/lib/python3.6/site-packages/airflow/example_dags/example_branch_operator.py for tasks to queue
[2023-02-23 19:58:19,217] {logging_mixin.py:104} INFO - [2023-02-23 19:58:19,217] {dagbag.py:496} INFO - Filling up the DagBag from /home/airflow/.local/lib/python3.6/site-packages/airflow/example_dags/example_branch_operator.py
[2023-02-23 19:58:19,229] {scheduler_job.py:643} INFO - DAG(s) dict_keys(['example_branch_operator']) retrieved from /home/airflow/.local/lib/python3.6/site-packages/airflow/example_dags/example_branch_operator.py
[2023-02-23 19:58:19,244] {logging_mixin.py:104} INFO - [2023-02-23 19:58:19,244] {dag.py:1833} INFO - Sync 1 DAGs
[2023-02-23 19:58:19,256] {logging_mixin.py:104} INFO - [2023-02-23 19:58:19,256] {dag.py:2306} INFO - Setting next_dagrun for example_branch_operator to 2023-02-21 00:00:00+00:00
[2023-02-23 19:58:19,263] {scheduler_job.py:190} INFO - Processing /home/airflow/.local/lib/python3.6/site-packages/airflow/example_dags/example_branch_operator.py took 0.049 seconds
[2023-02-23 19:58:49,864] {scheduler_job.py:182} INFO - Started process (PID=1817) to work on /home/airflow/.local/lib/python3.6/site-packages/airflow/example_dags/example_branch_operator.py
[2023-02-23 19:58:49,865] {scheduler_job.py:633} INFO - Processing file /home/airflow/.local/lib/python3.6/site-packages/airflow/example_dags/example_branch_operator.py for tasks to queue
[2023-02-23 19:58:49,865] {logging_mixin.py:104} INFO - [2023-02-23 19:58:49,865] {dagbag.py:496} INFO - Filling up the DagBag from /home/airflow/.local/lib/python3.6/site-packages/airflow/example_dags/example_branch_operator.py
[2023-02-23 19:58:49,879] {scheduler_job.py:643} INFO - DAG(s) dict_keys(['example_branch_operator']) retrieved from /home/airflow/.local/lib/python3.6/site-packages/airflow/example_dags/example_branch_operator.py
[2023-02-23 19:58:49,900] {logging_mixin.py:104} INFO - [2023-02-23 19:58:49,899] {dag.py:1833} INFO - Sync 1 DAGs
[2023-02-23 19:58:49,917] {logging_mixin.py:104} INFO - [2023-02-23 19:58:49,917] {dag.py:2306} INFO - Setting next_dagrun for example_branch_operator to 2023-02-21 00:00:00+00:00
[2023-02-23 19:58:49,925] {scheduler_job.py:190} INFO - Processing /home/airflow/.local/lib/python3.6/site-packages/airflow/example_dags/example_branch_operator.py took 0.064 seconds
[2023-02-23 19:59:20,552] {scheduler_job.py:182} INFO - Started process (PID=1878) to work on /home/airflow/.local/lib/python3.6/site-packages/airflow/example_dags/example_branch_operator.py
[2023-02-23 19:59:20,553] {scheduler_job.py:633} INFO - Processing file /home/airflow/.local/lib/python3.6/site-packages/airflow/example_dags/example_branch_operator.py for tasks to queue
[2023-02-23 19:59:20,554] {logging_mixin.py:104} INFO - [2023-02-23 19:59:20,553] {dagbag.py:496} INFO - Filling up the DagBag from /home/airflow/.local/lib/python3.6/site-packages/airflow/example_dags/example_branch_operator.py
[2023-02-23 19:59:20,568] {scheduler_job.py:643} INFO - DAG(s) dict_keys(['example_branch_operator']) retrieved from /home/airflow/.local/lib/python3.6/site-packages/airflow/example_dags/example_branch_operator.py
[2023-02-23 19:59:20,590] {logging_mixin.py:104} INFO - [2023-02-23 19:59:20,590] {dag.py:1833} INFO - Sync 1 DAGs
[2023-02-23 19:59:20,610] {logging_mixin.py:104} INFO - [2023-02-23 19:59:20,610] {dag.py:2306} INFO - Setting next_dagrun for example_branch_operator to 2023-02-21 00:00:00+00:00
[2023-02-23 19:59:20,621] {scheduler_job.py:190} INFO - Processing /home/airflow/.local/lib/python3.6/site-packages/airflow/example_dags/example_branch_operator.py took 0.071 seconds
[2023-02-23 19:59:51,187] {scheduler_job.py:182} INFO - Started process (PID=1929) to work on /home/airflow/.local/lib/python3.6/site-packages/airflow/example_dags/example_branch_operator.py
[2023-02-23 19:59:51,188] {scheduler_job.py:633} INFO - Processing file /home/airflow/.local/lib/python3.6/site-packages/airflow/example_dags/example_branch_operator.py for tasks to queue
[2023-02-23 19:59:51,188] {logging_mixin.py:104} INFO - [2023-02-23 19:59:51,188] {dagbag.py:496} INFO - Filling up the DagBag from /home/airflow/.local/lib/python3.6/site-packages/airflow/example_dags/example_branch_operator.py
[2023-02-23 19:59:51,200] {scheduler_job.py:643} INFO - DAG(s) dict_keys(['example_branch_operator']) retrieved from /home/airflow/.local/lib/python3.6/site-packages/airflow/example_dags/example_branch_operator.py
[2023-02-23 19:59:51,217] {logging_mixin.py:104} INFO - [2023-02-23 19:59:51,217] {dag.py:1833} INFO - Sync 1 DAGs
[2023-02-23 19:59:51,230] {logging_mixin.py:104} INFO - [2023-02-23 19:59:51,230] {dag.py:2306} INFO - Setting next_dagrun for example_branch_operator to 2023-02-21 00:00:00+00:00
[2023-02-23 19:59:51,238] {scheduler_job.py:190} INFO - Processing /home/airflow/.local/lib/python3.6/site-packages/airflow/example_dags/example_branch_operator.py took 0.053 seconds
[2023-02-23 20:00:22,027] {scheduler_job.py:182} INFO - Started process (PID=1990) to work on /home/airflow/.local/lib/python3.6/site-packages/airflow/example_dags/example_branch_operator.py
[2023-02-23 20:00:22,029] {scheduler_job.py:633} INFO - Processing file /home/airflow/.local/lib/python3.6/site-packages/airflow/example_dags/example_branch_operator.py for tasks to queue
[2023-02-23 20:00:22,029] {logging_mixin.py:104} INFO - [2023-02-23 20:00:22,029] {dagbag.py:496} INFO - Filling up the DagBag from /home/airflow/.local/lib/python3.6/site-packages/airflow/example_dags/example_branch_operator.py
[2023-02-23 20:00:22,041] {scheduler_job.py:643} INFO - DAG(s) dict_keys(['example_branch_operator']) retrieved from /home/airflow/.local/lib/python3.6/site-packages/airflow/example_dags/example_branch_operator.py
[2023-02-23 20:00:22,060] {logging_mixin.py:104} INFO - [2023-02-23 20:00:22,060] {dag.py:1833} INFO - Sync 1 DAGs
[2023-02-23 20:00:22,077] {logging_mixin.py:104} INFO - [2023-02-23 20:00:22,077] {dag.py:2306} INFO - Setting next_dagrun for example_branch_operator to 2023-02-21 00:00:00+00:00
[2023-02-23 20:00:22,084] {scheduler_job.py:190} INFO - Processing /home/airflow/.local/lib/python3.6/site-packages/airflow/example_dags/example_branch_operator.py took 0.060 seconds
[2023-02-23 20:00:52,779] {scheduler_job.py:182} INFO - Started process (PID=2041) to work on /home/airflow/.local/lib/python3.6/site-packages/airflow/example_dags/example_branch_operator.py
[2023-02-23 20:00:52,780] {scheduler_job.py:633} INFO - Processing file /home/airflow/.local/lib/python3.6/site-packages/airflow/example_dags/example_branch_operator.py for tasks to queue
[2023-02-23 20:00:52,780] {logging_mixin.py:104} INFO - [2023-02-23 20:00:52,780] {dagbag.py:496} INFO - Filling up the DagBag from /home/airflow/.local/lib/python3.6/site-packages/airflow/example_dags/example_branch_operator.py
[2023-02-23 20:00:52,792] {scheduler_job.py:643} INFO - DAG(s) dict_keys(['example_branch_operator']) retrieved from /home/airflow/.local/lib/python3.6/site-packages/airflow/example_dags/example_branch_operator.py
[2023-02-23 20:00:52,808] {logging_mixin.py:104} INFO - [2023-02-23 20:00:52,808] {dag.py:1833} INFO - Sync 1 DAGs
[2023-02-23 20:00:52,822] {logging_mixin.py:104} INFO - [2023-02-23 20:00:52,822] {dag.py:2306} INFO - Setting next_dagrun for example_branch_operator to 2023-02-21 00:00:00+00:00
[2023-02-23 20:00:52,829] {scheduler_job.py:190} INFO - Processing /home/airflow/.local/lib/python3.6/site-packages/airflow/example_dags/example_branch_operator.py took 0.053 seconds
[2023-02-23 20:01:23,353] {scheduler_job.py:182} INFO - Started process (PID=2102) to work on /home/airflow/.local/lib/python3.6/site-packages/airflow/example_dags/example_branch_operator.py
[2023-02-23 20:01:23,353] {scheduler_job.py:633} INFO - Processing file /home/airflow/.local/lib/python3.6/site-packages/airflow/example_dags/example_branch_operator.py for tasks to queue
[2023-02-23 20:01:23,354] {logging_mixin.py:104} INFO - [2023-02-23 20:01:23,354] {dagbag.py:496} INFO - Filling up the DagBag from /home/airflow/.local/lib/python3.6/site-packages/airflow/example_dags/example_branch_operator.py
[2023-02-23 20:01:23,365] {scheduler_job.py:643} INFO - DAG(s) dict_keys(['example_branch_operator']) retrieved from /home/airflow/.local/lib/python3.6/site-packages/airflow/example_dags/example_branch_operator.py
[2023-02-23 20:01:23,409] {logging_mixin.py:104} INFO - [2023-02-23 20:01:23,409] {dag.py:1833} INFO - Sync 1 DAGs
[2023-02-23 20:01:23,424] {logging_mixin.py:104} INFO - [2023-02-23 20:01:23,424] {dag.py:2306} INFO - Setting next_dagrun for example_branch_operator to 2023-02-21 00:00:00+00:00
[2023-02-23 20:01:23,432] {scheduler_job.py:190} INFO - Processing /home/airflow/.local/lib/python3.6/site-packages/airflow/example_dags/example_branch_operator.py took 0.082 seconds
[2023-02-23 20:01:53,993] {scheduler_job.py:182} INFO - Started process (PID=2153) to work on /home/airflow/.local/lib/python3.6/site-packages/airflow/example_dags/example_branch_operator.py
[2023-02-23 20:01:53,994] {scheduler_job.py:633} INFO - Processing file /home/airflow/.local/lib/python3.6/site-packages/airflow/example_dags/example_branch_operator.py for tasks to queue
[2023-02-23 20:01:53,994] {logging_mixin.py:104} INFO - [2023-02-23 20:01:53,994] {dagbag.py:496} INFO - Filling up the DagBag from /home/airflow/.local/lib/python3.6/site-packages/airflow/example_dags/example_branch_operator.py
[2023-02-23 20:01:54,006] {scheduler_job.py:643} INFO - DAG(s) dict_keys(['example_branch_operator']) retrieved from /home/airflow/.local/lib/python3.6/site-packages/airflow/example_dags/example_branch_operator.py
[2023-02-23 20:01:54,026] {logging_mixin.py:104} INFO - [2023-02-23 20:01:54,026] {dag.py:1833} INFO - Sync 1 DAGs
[2023-02-23 20:01:54,041] {logging_mixin.py:104} INFO - [2023-02-23 20:01:54,041] {dag.py:2306} INFO - Setting next_dagrun for example_branch_operator to 2023-02-21 00:00:00+00:00
[2023-02-23 20:01:54,049] {scheduler_job.py:190} INFO - Processing /home/airflow/.local/lib/python3.6/site-packages/airflow/example_dags/example_branch_operator.py took 0.059 seconds
[2023-02-23 20:02:24,727] {scheduler_job.py:182} INFO - Started process (PID=2214) to work on /home/airflow/.local/lib/python3.6/site-packages/airflow/example_dags/example_branch_operator.py
[2023-02-23 20:02:24,727] {scheduler_job.py:633} INFO - Processing file /home/airflow/.local/lib/python3.6/site-packages/airflow/example_dags/example_branch_operator.py for tasks to queue
[2023-02-23 20:02:24,728] {logging_mixin.py:104} INFO - [2023-02-23 20:02:24,728] {dagbag.py:496} INFO - Filling up the DagBag from /home/airflow/.local/lib/python3.6/site-packages/airflow/example_dags/example_branch_operator.py
[2023-02-23 20:02:24,740] {scheduler_job.py:643} INFO - DAG(s) dict_keys(['example_branch_operator']) retrieved from /home/airflow/.local/lib/python3.6/site-packages/airflow/example_dags/example_branch_operator.py
[2023-02-23 20:02:24,758] {logging_mixin.py:104} INFO - [2023-02-23 20:02:24,758] {dag.py:1833} INFO - Sync 1 DAGs
[2023-02-23 20:02:24,773] {logging_mixin.py:104} INFO - [2023-02-23 20:02:24,772] {dag.py:2306} INFO - Setting next_dagrun for example_branch_operator to 2023-02-21 00:00:00+00:00
[2023-02-23 20:02:24,780] {scheduler_job.py:190} INFO - Processing /home/airflow/.local/lib/python3.6/site-packages/airflow/example_dags/example_branch_operator.py took 0.056 seconds
[2023-02-23 20:02:55,447] {scheduler_job.py:182} INFO - Started process (PID=2265) to work on /home/airflow/.local/lib/python3.6/site-packages/airflow/example_dags/example_branch_operator.py
[2023-02-23 20:02:55,448] {scheduler_job.py:633} INFO - Processing file /home/airflow/.local/lib/python3.6/site-packages/airflow/example_dags/example_branch_operator.py for tasks to queue
[2023-02-23 20:02:55,449] {logging_mixin.py:104} INFO - [2023-02-23 20:02:55,448] {dagbag.py:496} INFO - Filling up the DagBag from /home/airflow/.local/lib/python3.6/site-packages/airflow/example_dags/example_branch_operator.py
[2023-02-23 20:02:55,461] {scheduler_job.py:643} INFO - DAG(s) dict_keys(['example_branch_operator']) retrieved from /home/airflow/.local/lib/python3.6/site-packages/airflow/example_dags/example_branch_operator.py
[2023-02-23 20:02:55,479] {logging_mixin.py:104} INFO - [2023-02-23 20:02:55,479] {dag.py:1833} INFO - Sync 1 DAGs
[2023-02-23 20:02:55,492] {logging_mixin.py:104} INFO - [2023-02-23 20:02:55,492] {dag.py:2306} INFO - Setting next_dagrun for example_branch_operator to 2023-02-21 00:00:00+00:00
[2023-02-23 20:02:55,500] {scheduler_job.py:190} INFO - Processing /home/airflow/.local/lib/python3.6/site-packages/airflow/example_dags/example_branch_operator.py took 0.055 seconds
[2023-02-23 20:03:26,018] {scheduler_job.py:182} INFO - Started process (PID=2326) to work on /home/airflow/.local/lib/python3.6/site-packages/airflow/example_dags/example_branch_operator.py
[2023-02-23 20:03:26,019] {scheduler_job.py:633} INFO - Processing file /home/airflow/.local/lib/python3.6/site-packages/airflow/example_dags/example_branch_operator.py for tasks to queue
[2023-02-23 20:03:26,019] {logging_mixin.py:104} INFO - [2023-02-23 20:03:26,019] {dagbag.py:496} INFO - Filling up the DagBag from /home/airflow/.local/lib/python3.6/site-packages/airflow/example_dags/example_branch_operator.py
[2023-02-23 20:03:26,031] {scheduler_job.py:643} INFO - DAG(s) dict_keys(['example_branch_operator']) retrieved from /home/airflow/.local/lib/python3.6/site-packages/airflow/example_dags/example_branch_operator.py
[2023-02-23 20:03:26,048] {logging_mixin.py:104} INFO - [2023-02-23 20:03:26,048] {dag.py:1833} INFO - Sync 1 DAGs
[2023-02-23 20:03:26,063] {logging_mixin.py:104} INFO - [2023-02-23 20:03:26,063] {dag.py:2306} INFO - Setting next_dagrun for example_branch_operator to 2023-02-21 00:00:00+00:00
[2023-02-23 20:03:26,071] {scheduler_job.py:190} INFO - Processing /home/airflow/.local/lib/python3.6/site-packages/airflow/example_dags/example_branch_operator.py took 0.055 seconds
[2023-02-23 20:03:56,646] {scheduler_job.py:182} INFO - Started process (PID=2387) to work on /home/airflow/.local/lib/python3.6/site-packages/airflow/example_dags/example_branch_operator.py
[2023-02-23 20:03:56,647] {scheduler_job.py:633} INFO - Processing file /home/airflow/.local/lib/python3.6/site-packages/airflow/example_dags/example_branch_operator.py for tasks to queue
[2023-02-23 20:03:56,647] {logging_mixin.py:104} INFO - [2023-02-23 20:03:56,647] {dagbag.py:496} INFO - Filling up the DagBag from /home/airflow/.local/lib/python3.6/site-packages/airflow/example_dags/example_branch_operator.py
[2023-02-23 20:03:56,659] {scheduler_job.py:643} INFO - DAG(s) dict_keys(['example_branch_operator']) retrieved from /home/airflow/.local/lib/python3.6/site-packages/airflow/example_dags/example_branch_operator.py
[2023-02-23 20:03:56,677] {logging_mixin.py:104} INFO - [2023-02-23 20:03:56,677] {dag.py:1833} INFO - Sync 1 DAGs
[2023-02-23 20:03:56,691] {logging_mixin.py:104} INFO - [2023-02-23 20:03:56,691] {dag.py:2306} INFO - Setting next_dagrun for example_branch_operator to 2023-02-21 00:00:00+00:00
[2023-02-23 20:03:56,698] {scheduler_job.py:190} INFO - Processing /home/airflow/.local/lib/python3.6/site-packages/airflow/example_dags/example_branch_operator.py took 0.054 seconds
[2023-02-23 20:04:27,283] {scheduler_job.py:182} INFO - Started process (PID=2438) to work on /home/airflow/.local/lib/python3.6/site-packages/airflow/example_dags/example_branch_operator.py
[2023-02-23 20:04:27,283] {scheduler_job.py:633} INFO - Processing file /home/airflow/.local/lib/python3.6/site-packages/airflow/example_dags/example_branch_operator.py for tasks to queue
[2023-02-23 20:04:27,284] {logging_mixin.py:104} INFO - [2023-02-23 20:04:27,284] {dagbag.py:496} INFO - Filling up the DagBag from /home/airflow/.local/lib/python3.6/site-packages/airflow/example_dags/example_branch_operator.py
[2023-02-23 20:04:27,296] {scheduler_job.py:643} INFO - DAG(s) dict_keys(['example_branch_operator']) retrieved from /home/airflow/.local/lib/python3.6/site-packages/airflow/example_dags/example_branch_operator.py
[2023-02-23 20:04:27,313] {logging_mixin.py:104} INFO - [2023-02-23 20:04:27,313] {dag.py:1833} INFO - Sync 1 DAGs
[2023-02-23 20:04:27,327] {logging_mixin.py:104} INFO - [2023-02-23 20:04:27,327] {dag.py:2306} INFO - Setting next_dagrun for example_branch_operator to 2023-02-21 00:00:00+00:00
[2023-02-23 20:04:27,334] {scheduler_job.py:190} INFO - Processing /home/airflow/.local/lib/python3.6/site-packages/airflow/example_dags/example_branch_operator.py took 0.053 seconds
