[2023-02-23 19:43:01,099] {scheduler_job.py:182} INFO - Started process (PID=79) to work on /home/airflow/.local/lib/python3.6/site-packages/airflow/example_dags/example_skip_dag.py
[2023-02-23 19:43:01,100] {scheduler_job.py:633} INFO - Processing file /home/airflow/.local/lib/python3.6/site-packages/airflow/example_dags/example_skip_dag.py for tasks to queue
[2023-02-23 19:43:01,100] {logging_mixin.py:104} INFO - [2023-02-23 19:43:01,100] {dagbag.py:496} INFO - Filling up the DagBag from /home/airflow/.local/lib/python3.6/site-packages/airflow/example_dags/example_skip_dag.py
[2023-02-23 19:43:01,111] {scheduler_job.py:643} INFO - DAG(s) dict_keys(['example_skip_dag']) retrieved from /home/airflow/.local/lib/python3.6/site-packages/airflow/example_dags/example_skip_dag.py
[2023-02-23 19:43:01,183] {logging_mixin.py:104} INFO - [2023-02-23 19:43:01,182] {dag.py:1833} INFO - Sync 1 DAGs
[2023-02-23 19:43:01,198] {logging_mixin.py:104} INFO - [2023-02-23 19:43:01,198] {dag.py:2306} INFO - Setting next_dagrun for example_skip_dag to 2023-02-21 00:00:00+00:00
[2023-02-23 19:43:01,207] {scheduler_job.py:190} INFO - Processing /home/airflow/.local/lib/python3.6/site-packages/airflow/example_dags/example_skip_dag.py took 0.110 seconds
[2023-02-23 19:43:31,400] {scheduler_job.py:182} INFO - Started process (PID=130) to work on /home/airflow/.local/lib/python3.6/site-packages/airflow/example_dags/example_skip_dag.py
[2023-02-23 19:43:31,400] {scheduler_job.py:633} INFO - Processing file /home/airflow/.local/lib/python3.6/site-packages/airflow/example_dags/example_skip_dag.py for tasks to queue
[2023-02-23 19:43:31,401] {logging_mixin.py:104} INFO - [2023-02-23 19:43:31,401] {dagbag.py:496} INFO - Filling up the DagBag from /home/airflow/.local/lib/python3.6/site-packages/airflow/example_dags/example_skip_dag.py
[2023-02-23 19:43:31,410] {scheduler_job.py:643} INFO - DAG(s) dict_keys(['example_skip_dag']) retrieved from /home/airflow/.local/lib/python3.6/site-packages/airflow/example_dags/example_skip_dag.py
[2023-02-23 19:43:31,430] {logging_mixin.py:104} INFO - [2023-02-23 19:43:31,430] {dag.py:1833} INFO - Sync 1 DAGs
[2023-02-23 19:43:31,443] {logging_mixin.py:104} INFO - [2023-02-23 19:43:31,443] {dag.py:2306} INFO - Setting next_dagrun for example_skip_dag to 2023-02-21 00:00:00+00:00
[2023-02-23 19:43:31,473] {scheduler_job.py:190} INFO - Processing /home/airflow/.local/lib/python3.6/site-packages/airflow/example_dags/example_skip_dag.py took 0.075 seconds
[2023-02-23 19:44:02,083] {scheduler_job.py:182} INFO - Started process (PID=191) to work on /home/airflow/.local/lib/python3.6/site-packages/airflow/example_dags/example_skip_dag.py
[2023-02-23 19:44:02,084] {scheduler_job.py:633} INFO - Processing file /home/airflow/.local/lib/python3.6/site-packages/airflow/example_dags/example_skip_dag.py for tasks to queue
[2023-02-23 19:44:02,084] {logging_mixin.py:104} INFO - [2023-02-23 19:44:02,084] {dagbag.py:496} INFO - Filling up the DagBag from /home/airflow/.local/lib/python3.6/site-packages/airflow/example_dags/example_skip_dag.py
[2023-02-23 19:44:02,092] {scheduler_job.py:643} INFO - DAG(s) dict_keys(['example_skip_dag']) retrieved from /home/airflow/.local/lib/python3.6/site-packages/airflow/example_dags/example_skip_dag.py
[2023-02-23 19:44:02,108] {logging_mixin.py:104} INFO - [2023-02-23 19:44:02,108] {dag.py:1833} INFO - Sync 1 DAGs
[2023-02-23 19:44:02,119] {logging_mixin.py:104} INFO - [2023-02-23 19:44:02,119] {dag.py:2306} INFO - Setting next_dagrun for example_skip_dag to 2023-02-21 00:00:00+00:00
[2023-02-23 19:44:02,126] {scheduler_job.py:190} INFO - Processing /home/airflow/.local/lib/python3.6/site-packages/airflow/example_dags/example_skip_dag.py took 0.044 seconds
[2023-02-23 19:44:32,985] {scheduler_job.py:182} INFO - Started process (PID=252) to work on /home/airflow/.local/lib/python3.6/site-packages/airflow/example_dags/example_skip_dag.py
[2023-02-23 19:44:32,986] {scheduler_job.py:633} INFO - Processing file /home/airflow/.local/lib/python3.6/site-packages/airflow/example_dags/example_skip_dag.py for tasks to queue
[2023-02-23 19:44:32,986] {logging_mixin.py:104} INFO - [2023-02-23 19:44:32,986] {dagbag.py:496} INFO - Filling up the DagBag from /home/airflow/.local/lib/python3.6/site-packages/airflow/example_dags/example_skip_dag.py
[2023-02-23 19:44:32,996] {scheduler_job.py:643} INFO - DAG(s) dict_keys(['example_skip_dag']) retrieved from /home/airflow/.local/lib/python3.6/site-packages/airflow/example_dags/example_skip_dag.py
[2023-02-23 19:44:33,015] {logging_mixin.py:104} INFO - [2023-02-23 19:44:33,015] {dag.py:1833} INFO - Sync 1 DAGs
[2023-02-23 19:44:33,028] {logging_mixin.py:104} INFO - [2023-02-23 19:44:33,028] {dag.py:2306} INFO - Setting next_dagrun for example_skip_dag to 2023-02-21 00:00:00+00:00
[2023-02-23 19:44:33,035] {scheduler_job.py:190} INFO - Processing /home/airflow/.local/lib/python3.6/site-packages/airflow/example_dags/example_skip_dag.py took 0.052 seconds
[2023-02-23 19:45:03,662] {scheduler_job.py:182} INFO - Started process (PID=303) to work on /home/airflow/.local/lib/python3.6/site-packages/airflow/example_dags/example_skip_dag.py
[2023-02-23 19:45:03,663] {scheduler_job.py:633} INFO - Processing file /home/airflow/.local/lib/python3.6/site-packages/airflow/example_dags/example_skip_dag.py for tasks to queue
[2023-02-23 19:45:03,663] {logging_mixin.py:104} INFO - [2023-02-23 19:45:03,663] {dagbag.py:496} INFO - Filling up the DagBag from /home/airflow/.local/lib/python3.6/site-packages/airflow/example_dags/example_skip_dag.py
[2023-02-23 19:45:03,672] {scheduler_job.py:643} INFO - DAG(s) dict_keys(['example_skip_dag']) retrieved from /home/airflow/.local/lib/python3.6/site-packages/airflow/example_dags/example_skip_dag.py
[2023-02-23 19:45:03,689] {logging_mixin.py:104} INFO - [2023-02-23 19:45:03,689] {dag.py:1833} INFO - Sync 1 DAGs
[2023-02-23 19:45:03,701] {logging_mixin.py:104} INFO - [2023-02-23 19:45:03,701] {dag.py:2306} INFO - Setting next_dagrun for example_skip_dag to 2023-02-21 00:00:00+00:00
[2023-02-23 19:45:03,709] {scheduler_job.py:190} INFO - Processing /home/airflow/.local/lib/python3.6/site-packages/airflow/example_dags/example_skip_dag.py took 0.049 seconds
[2023-02-23 19:45:34,570] {scheduler_job.py:182} INFO - Started process (PID=364) to work on /home/airflow/.local/lib/python3.6/site-packages/airflow/example_dags/example_skip_dag.py
[2023-02-23 19:45:34,571] {scheduler_job.py:633} INFO - Processing file /home/airflow/.local/lib/python3.6/site-packages/airflow/example_dags/example_skip_dag.py for tasks to queue
[2023-02-23 19:45:34,571] {logging_mixin.py:104} INFO - [2023-02-23 19:45:34,571] {dagbag.py:496} INFO - Filling up the DagBag from /home/airflow/.local/lib/python3.6/site-packages/airflow/example_dags/example_skip_dag.py
[2023-02-23 19:45:34,581] {scheduler_job.py:643} INFO - DAG(s) dict_keys(['example_skip_dag']) retrieved from /home/airflow/.local/lib/python3.6/site-packages/airflow/example_dags/example_skip_dag.py
[2023-02-23 19:45:34,598] {logging_mixin.py:104} INFO - [2023-02-23 19:45:34,598] {dag.py:1833} INFO - Sync 1 DAGs
[2023-02-23 19:45:34,611] {logging_mixin.py:104} INFO - [2023-02-23 19:45:34,611] {dag.py:2306} INFO - Setting next_dagrun for example_skip_dag to 2023-02-21 00:00:00+00:00
[2023-02-23 19:45:34,618] {scheduler_job.py:190} INFO - Processing /home/airflow/.local/lib/python3.6/site-packages/airflow/example_dags/example_skip_dag.py took 0.061 seconds
[2023-02-23 19:46:05,239] {scheduler_job.py:182} INFO - Started process (PID=415) to work on /home/airflow/.local/lib/python3.6/site-packages/airflow/example_dags/example_skip_dag.py
[2023-02-23 19:46:05,240] {scheduler_job.py:633} INFO - Processing file /home/airflow/.local/lib/python3.6/site-packages/airflow/example_dags/example_skip_dag.py for tasks to queue
[2023-02-23 19:46:05,240] {logging_mixin.py:104} INFO - [2023-02-23 19:46:05,240] {dagbag.py:496} INFO - Filling up the DagBag from /home/airflow/.local/lib/python3.6/site-packages/airflow/example_dags/example_skip_dag.py
[2023-02-23 19:46:05,250] {scheduler_job.py:643} INFO - DAG(s) dict_keys(['example_skip_dag']) retrieved from /home/airflow/.local/lib/python3.6/site-packages/airflow/example_dags/example_skip_dag.py
[2023-02-23 19:46:05,267] {logging_mixin.py:104} INFO - [2023-02-23 19:46:05,267] {dag.py:1833} INFO - Sync 1 DAGs
[2023-02-23 19:46:05,280] {logging_mixin.py:104} INFO - [2023-02-23 19:46:05,280] {dag.py:2306} INFO - Setting next_dagrun for example_skip_dag to 2023-02-21 00:00:00+00:00
[2023-02-23 19:46:05,287] {scheduler_job.py:190} INFO - Processing /home/airflow/.local/lib/python3.6/site-packages/airflow/example_dags/example_skip_dag.py took 0.051 seconds
[2023-02-23 19:46:35,899] {scheduler_job.py:182} INFO - Started process (PID=476) to work on /home/airflow/.local/lib/python3.6/site-packages/airflow/example_dags/example_skip_dag.py
[2023-02-23 19:46:35,900] {scheduler_job.py:633} INFO - Processing file /home/airflow/.local/lib/python3.6/site-packages/airflow/example_dags/example_skip_dag.py for tasks to queue
[2023-02-23 19:46:35,900] {logging_mixin.py:104} INFO - [2023-02-23 19:46:35,900] {dagbag.py:496} INFO - Filling up the DagBag from /home/airflow/.local/lib/python3.6/site-packages/airflow/example_dags/example_skip_dag.py
[2023-02-23 19:46:35,911] {scheduler_job.py:643} INFO - DAG(s) dict_keys(['example_skip_dag']) retrieved from /home/airflow/.local/lib/python3.6/site-packages/airflow/example_dags/example_skip_dag.py
[2023-02-23 19:46:35,932] {logging_mixin.py:104} INFO - [2023-02-23 19:46:35,932] {dag.py:1833} INFO - Sync 1 DAGs
[2023-02-23 19:46:35,969] {logging_mixin.py:104} INFO - [2023-02-23 19:46:35,969] {dag.py:2306} INFO - Setting next_dagrun for example_skip_dag to 2023-02-21 00:00:00+00:00
[2023-02-23 19:46:35,980] {scheduler_job.py:190} INFO - Processing /home/airflow/.local/lib/python3.6/site-packages/airflow/example_dags/example_skip_dag.py took 0.084 seconds
[2023-02-23 19:47:06,687] {scheduler_job.py:182} INFO - Started process (PID=527) to work on /home/airflow/.local/lib/python3.6/site-packages/airflow/example_dags/example_skip_dag.py
[2023-02-23 19:47:06,688] {scheduler_job.py:633} INFO - Processing file /home/airflow/.local/lib/python3.6/site-packages/airflow/example_dags/example_skip_dag.py for tasks to queue
[2023-02-23 19:47:06,688] {logging_mixin.py:104} INFO - [2023-02-23 19:47:06,688] {dagbag.py:496} INFO - Filling up the DagBag from /home/airflow/.local/lib/python3.6/site-packages/airflow/example_dags/example_skip_dag.py
[2023-02-23 19:47:06,698] {scheduler_job.py:643} INFO - DAG(s) dict_keys(['example_skip_dag']) retrieved from /home/airflow/.local/lib/python3.6/site-packages/airflow/example_dags/example_skip_dag.py
[2023-02-23 19:47:06,717] {logging_mixin.py:104} INFO - [2023-02-23 19:47:06,717] {dag.py:1833} INFO - Sync 1 DAGs
[2023-02-23 19:47:06,730] {logging_mixin.py:104} INFO - [2023-02-23 19:47:06,730] {dag.py:2306} INFO - Setting next_dagrun for example_skip_dag to 2023-02-21 00:00:00+00:00
[2023-02-23 19:47:06,737] {scheduler_job.py:190} INFO - Processing /home/airflow/.local/lib/python3.6/site-packages/airflow/example_dags/example_skip_dag.py took 0.053 seconds
[2023-02-23 19:47:37,370] {scheduler_job.py:182} INFO - Started process (PID=588) to work on /home/airflow/.local/lib/python3.6/site-packages/airflow/example_dags/example_skip_dag.py
[2023-02-23 19:47:37,371] {scheduler_job.py:633} INFO - Processing file /home/airflow/.local/lib/python3.6/site-packages/airflow/example_dags/example_skip_dag.py for tasks to queue
[2023-02-23 19:47:37,372] {logging_mixin.py:104} INFO - [2023-02-23 19:47:37,372] {dagbag.py:496} INFO - Filling up the DagBag from /home/airflow/.local/lib/python3.6/site-packages/airflow/example_dags/example_skip_dag.py
[2023-02-23 19:47:37,381] {scheduler_job.py:643} INFO - DAG(s) dict_keys(['example_skip_dag']) retrieved from /home/airflow/.local/lib/python3.6/site-packages/airflow/example_dags/example_skip_dag.py
[2023-02-23 19:47:37,402] {logging_mixin.py:104} INFO - [2023-02-23 19:47:37,401] {dag.py:1833} INFO - Sync 1 DAGs
[2023-02-23 19:47:37,414] {logging_mixin.py:104} INFO - [2023-02-23 19:47:37,414] {dag.py:2306} INFO - Setting next_dagrun for example_skip_dag to 2023-02-21 00:00:00+00:00
[2023-02-23 19:47:37,422] {scheduler_job.py:190} INFO - Processing /home/airflow/.local/lib/python3.6/site-packages/airflow/example_dags/example_skip_dag.py took 0.054 seconds
[2023-02-23 19:48:07,908] {scheduler_job.py:182} INFO - Started process (PID=649) to work on /home/airflow/.local/lib/python3.6/site-packages/airflow/example_dags/example_skip_dag.py
[2023-02-23 19:48:07,909] {scheduler_job.py:633} INFO - Processing file /home/airflow/.local/lib/python3.6/site-packages/airflow/example_dags/example_skip_dag.py for tasks to queue
[2023-02-23 19:48:07,910] {logging_mixin.py:104} INFO - [2023-02-23 19:48:07,909] {dagbag.py:496} INFO - Filling up the DagBag from /home/airflow/.local/lib/python3.6/site-packages/airflow/example_dags/example_skip_dag.py
[2023-02-23 19:48:07,918] {scheduler_job.py:643} INFO - DAG(s) dict_keys(['example_skip_dag']) retrieved from /home/airflow/.local/lib/python3.6/site-packages/airflow/example_dags/example_skip_dag.py
[2023-02-23 19:48:07,935] {logging_mixin.py:104} INFO - [2023-02-23 19:48:07,935] {dag.py:1833} INFO - Sync 1 DAGs
[2023-02-23 19:48:07,948] {logging_mixin.py:104} INFO - [2023-02-23 19:48:07,948] {dag.py:2306} INFO - Setting next_dagrun for example_skip_dag to 2023-02-21 00:00:00+00:00
[2023-02-23 19:48:07,957] {scheduler_job.py:190} INFO - Processing /home/airflow/.local/lib/python3.6/site-packages/airflow/example_dags/example_skip_dag.py took 0.051 seconds
[2023-02-23 19:48:38,541] {scheduler_job.py:182} INFO - Started process (PID=700) to work on /home/airflow/.local/lib/python3.6/site-packages/airflow/example_dags/example_skip_dag.py
[2023-02-23 19:48:38,542] {scheduler_job.py:633} INFO - Processing file /home/airflow/.local/lib/python3.6/site-packages/airflow/example_dags/example_skip_dag.py for tasks to queue
[2023-02-23 19:48:38,542] {logging_mixin.py:104} INFO - [2023-02-23 19:48:38,542] {dagbag.py:496} INFO - Filling up the DagBag from /home/airflow/.local/lib/python3.6/site-packages/airflow/example_dags/example_skip_dag.py
[2023-02-23 19:48:38,551] {scheduler_job.py:643} INFO - DAG(s) dict_keys(['example_skip_dag']) retrieved from /home/airflow/.local/lib/python3.6/site-packages/airflow/example_dags/example_skip_dag.py
[2023-02-23 19:48:38,579] {logging_mixin.py:104} INFO - [2023-02-23 19:48:38,578] {dag.py:1833} INFO - Sync 1 DAGs
[2023-02-23 19:48:38,593] {logging_mixin.py:104} INFO - [2023-02-23 19:48:38,593] {dag.py:2306} INFO - Setting next_dagrun for example_skip_dag to 2023-02-21 00:00:00+00:00
[2023-02-23 19:48:38,602] {scheduler_job.py:190} INFO - Processing /home/airflow/.local/lib/python3.6/site-packages/airflow/example_dags/example_skip_dag.py took 0.063 seconds
[2023-02-23 19:49:09,063] {scheduler_job.py:182} INFO - Started process (PID=761) to work on /home/airflow/.local/lib/python3.6/site-packages/airflow/example_dags/example_skip_dag.py
[2023-02-23 19:49:09,064] {scheduler_job.py:633} INFO - Processing file /home/airflow/.local/lib/python3.6/site-packages/airflow/example_dags/example_skip_dag.py for tasks to queue
[2023-02-23 19:49:09,064] {logging_mixin.py:104} INFO - [2023-02-23 19:49:09,064] {dagbag.py:496} INFO - Filling up the DagBag from /home/airflow/.local/lib/python3.6/site-packages/airflow/example_dags/example_skip_dag.py
[2023-02-23 19:49:09,073] {scheduler_job.py:643} INFO - DAG(s) dict_keys(['example_skip_dag']) retrieved from /home/airflow/.local/lib/python3.6/site-packages/airflow/example_dags/example_skip_dag.py
[2023-02-23 19:49:09,090] {logging_mixin.py:104} INFO - [2023-02-23 19:49:09,090] {dag.py:1833} INFO - Sync 1 DAGs
[2023-02-23 19:49:09,102] {logging_mixin.py:104} INFO - [2023-02-23 19:49:09,102] {dag.py:2306} INFO - Setting next_dagrun for example_skip_dag to 2023-02-21 00:00:00+00:00
[2023-02-23 19:49:09,109] {scheduler_job.py:190} INFO - Processing /home/airflow/.local/lib/python3.6/site-packages/airflow/example_dags/example_skip_dag.py took 0.048 seconds
[2023-02-23 19:49:40,795] {scheduler_job.py:182} INFO - Started process (PID=812) to work on /home/airflow/.local/lib/python3.6/site-packages/airflow/example_dags/example_skip_dag.py
[2023-02-23 19:49:40,796] {scheduler_job.py:633} INFO - Processing file /home/airflow/.local/lib/python3.6/site-packages/airflow/example_dags/example_skip_dag.py for tasks to queue
[2023-02-23 19:49:40,796] {logging_mixin.py:104} INFO - [2023-02-23 19:49:40,796] {dagbag.py:496} INFO - Filling up the DagBag from /home/airflow/.local/lib/python3.6/site-packages/airflow/example_dags/example_skip_dag.py
[2023-02-23 19:49:40,804] {scheduler_job.py:643} INFO - DAG(s) dict_keys(['example_skip_dag']) retrieved from /home/airflow/.local/lib/python3.6/site-packages/airflow/example_dags/example_skip_dag.py
[2023-02-23 19:49:40,883] {logging_mixin.py:104} INFO - [2023-02-23 19:49:40,882] {dag.py:1833} INFO - Sync 1 DAGs
[2023-02-23 19:49:40,896] {logging_mixin.py:104} INFO - [2023-02-23 19:49:40,896] {dag.py:2306} INFO - Setting next_dagrun for example_skip_dag to 2023-02-21 00:00:00+00:00
[2023-02-23 19:49:40,975] {scheduler_job.py:190} INFO - Processing /home/airflow/.local/lib/python3.6/site-packages/airflow/example_dags/example_skip_dag.py took 0.182 seconds
[2023-02-23 19:50:11,530] {scheduler_job.py:182} INFO - Started process (PID=873) to work on /home/airflow/.local/lib/python3.6/site-packages/airflow/example_dags/example_skip_dag.py
[2023-02-23 19:50:11,531] {scheduler_job.py:633} INFO - Processing file /home/airflow/.local/lib/python3.6/site-packages/airflow/example_dags/example_skip_dag.py for tasks to queue
[2023-02-23 19:50:11,532] {logging_mixin.py:104} INFO - [2023-02-23 19:50:11,531] {dagbag.py:496} INFO - Filling up the DagBag from /home/airflow/.local/lib/python3.6/site-packages/airflow/example_dags/example_skip_dag.py
[2023-02-23 19:50:11,540] {scheduler_job.py:643} INFO - DAG(s) dict_keys(['example_skip_dag']) retrieved from /home/airflow/.local/lib/python3.6/site-packages/airflow/example_dags/example_skip_dag.py
[2023-02-23 19:50:11,559] {logging_mixin.py:104} INFO - [2023-02-23 19:50:11,559] {dag.py:1833} INFO - Sync 1 DAGs
[2023-02-23 19:50:11,572] {logging_mixin.py:104} INFO - [2023-02-23 19:50:11,572] {dag.py:2306} INFO - Setting next_dagrun for example_skip_dag to 2023-02-21 00:00:00+00:00
[2023-02-23 19:50:11,580] {scheduler_job.py:190} INFO - Processing /home/airflow/.local/lib/python3.6/site-packages/airflow/example_dags/example_skip_dag.py took 0.053 seconds
[2023-02-23 19:50:42,700] {scheduler_job.py:182} INFO - Started process (PID=924) to work on /home/airflow/.local/lib/python3.6/site-packages/airflow/example_dags/example_skip_dag.py
[2023-02-23 19:50:42,701] {scheduler_job.py:633} INFO - Processing file /home/airflow/.local/lib/python3.6/site-packages/airflow/example_dags/example_skip_dag.py for tasks to queue
[2023-02-23 19:50:42,702] {logging_mixin.py:104} INFO - [2023-02-23 19:50:42,702] {dagbag.py:496} INFO - Filling up the DagBag from /home/airflow/.local/lib/python3.6/site-packages/airflow/example_dags/example_skip_dag.py
[2023-02-23 19:50:42,773] {scheduler_job.py:643} INFO - DAG(s) dict_keys(['example_skip_dag']) retrieved from /home/airflow/.local/lib/python3.6/site-packages/airflow/example_dags/example_skip_dag.py
[2023-02-23 19:50:42,795] {logging_mixin.py:104} INFO - [2023-02-23 19:50:42,795] {dag.py:1833} INFO - Sync 1 DAGs
[2023-02-23 19:50:42,873] {logging_mixin.py:104} INFO - [2023-02-23 19:50:42,873] {dag.py:2306} INFO - Setting next_dagrun for example_skip_dag to 2023-02-21 00:00:00+00:00
[2023-02-23 19:50:42,881] {scheduler_job.py:190} INFO - Processing /home/airflow/.local/lib/python3.6/site-packages/airflow/example_dags/example_skip_dag.py took 0.183 seconds
[2023-02-23 19:51:13,294] {scheduler_job.py:182} INFO - Started process (PID=985) to work on /home/airflow/.local/lib/python3.6/site-packages/airflow/example_dags/example_skip_dag.py
[2023-02-23 19:51:13,294] {scheduler_job.py:633} INFO - Processing file /home/airflow/.local/lib/python3.6/site-packages/airflow/example_dags/example_skip_dag.py for tasks to queue
[2023-02-23 19:51:13,295] {logging_mixin.py:104} INFO - [2023-02-23 19:51:13,295] {dagbag.py:496} INFO - Filling up the DagBag from /home/airflow/.local/lib/python3.6/site-packages/airflow/example_dags/example_skip_dag.py
[2023-02-23 19:51:13,303] {scheduler_job.py:643} INFO - DAG(s) dict_keys(['example_skip_dag']) retrieved from /home/airflow/.local/lib/python3.6/site-packages/airflow/example_dags/example_skip_dag.py
[2023-02-23 19:51:13,319] {logging_mixin.py:104} INFO - [2023-02-23 19:51:13,319] {dag.py:1833} INFO - Sync 1 DAGs
[2023-02-23 19:51:13,330] {logging_mixin.py:104} INFO - [2023-02-23 19:51:13,330] {dag.py:2306} INFO - Setting next_dagrun for example_skip_dag to 2023-02-21 00:00:00+00:00
[2023-02-23 19:51:13,338] {scheduler_job.py:190} INFO - Processing /home/airflow/.local/lib/python3.6/site-packages/airflow/example_dags/example_skip_dag.py took 0.046 seconds
[2023-02-23 19:51:43,806] {scheduler_job.py:182} INFO - Started process (PID=1036) to work on /home/airflow/.local/lib/python3.6/site-packages/airflow/example_dags/example_skip_dag.py
[2023-02-23 19:51:43,806] {scheduler_job.py:633} INFO - Processing file /home/airflow/.local/lib/python3.6/site-packages/airflow/example_dags/example_skip_dag.py for tasks to queue
[2023-02-23 19:51:43,807] {logging_mixin.py:104} INFO - [2023-02-23 19:51:43,807] {dagbag.py:496} INFO - Filling up the DagBag from /home/airflow/.local/lib/python3.6/site-packages/airflow/example_dags/example_skip_dag.py
[2023-02-23 19:51:43,814] {scheduler_job.py:643} INFO - DAG(s) dict_keys(['example_skip_dag']) retrieved from /home/airflow/.local/lib/python3.6/site-packages/airflow/example_dags/example_skip_dag.py
[2023-02-23 19:51:43,831] {logging_mixin.py:104} INFO - [2023-02-23 19:51:43,831] {dag.py:1833} INFO - Sync 1 DAGs
[2023-02-23 19:51:43,842] {logging_mixin.py:104} INFO - [2023-02-23 19:51:43,842] {dag.py:2306} INFO - Setting next_dagrun for example_skip_dag to 2023-02-21 00:00:00+00:00
[2023-02-23 19:51:43,850] {scheduler_job.py:190} INFO - Processing /home/airflow/.local/lib/python3.6/site-packages/airflow/example_dags/example_skip_dag.py took 0.046 seconds
[2023-02-23 19:52:14,457] {scheduler_job.py:182} INFO - Started process (PID=1097) to work on /home/airflow/.local/lib/python3.6/site-packages/airflow/example_dags/example_skip_dag.py
[2023-02-23 19:52:14,458] {scheduler_job.py:633} INFO - Processing file /home/airflow/.local/lib/python3.6/site-packages/airflow/example_dags/example_skip_dag.py for tasks to queue
[2023-02-23 19:52:14,458] {logging_mixin.py:104} INFO - [2023-02-23 19:52:14,458] {dagbag.py:496} INFO - Filling up the DagBag from /home/airflow/.local/lib/python3.6/site-packages/airflow/example_dags/example_skip_dag.py
[2023-02-23 19:52:14,466] {scheduler_job.py:643} INFO - DAG(s) dict_keys(['example_skip_dag']) retrieved from /home/airflow/.local/lib/python3.6/site-packages/airflow/example_dags/example_skip_dag.py
[2023-02-23 19:52:14,483] {logging_mixin.py:104} INFO - [2023-02-23 19:52:14,482] {dag.py:1833} INFO - Sync 1 DAGs
[2023-02-23 19:52:14,494] {logging_mixin.py:104} INFO - [2023-02-23 19:52:14,494] {dag.py:2306} INFO - Setting next_dagrun for example_skip_dag to 2023-02-21 00:00:00+00:00
[2023-02-23 19:52:14,502] {scheduler_job.py:190} INFO - Processing /home/airflow/.local/lib/python3.6/site-packages/airflow/example_dags/example_skip_dag.py took 0.047 seconds
[2023-02-23 19:52:45,022] {scheduler_job.py:182} INFO - Started process (PID=1156) to work on /home/airflow/.local/lib/python3.6/site-packages/airflow/example_dags/example_skip_dag.py
[2023-02-23 19:52:45,023] {scheduler_job.py:633} INFO - Processing file /home/airflow/.local/lib/python3.6/site-packages/airflow/example_dags/example_skip_dag.py for tasks to queue
[2023-02-23 19:52:45,023] {logging_mixin.py:104} INFO - [2023-02-23 19:52:45,023] {dagbag.py:496} INFO - Filling up the DagBag from /home/airflow/.local/lib/python3.6/site-packages/airflow/example_dags/example_skip_dag.py
[2023-02-23 19:52:45,032] {scheduler_job.py:643} INFO - DAG(s) dict_keys(['example_skip_dag']) retrieved from /home/airflow/.local/lib/python3.6/site-packages/airflow/example_dags/example_skip_dag.py
[2023-02-23 19:52:45,051] {logging_mixin.py:104} INFO - [2023-02-23 19:52:45,050] {dag.py:1833} INFO - Sync 1 DAGs
[2023-02-23 19:52:45,063] {logging_mixin.py:104} INFO - [2023-02-23 19:52:45,063] {dag.py:2306} INFO - Setting next_dagrun for example_skip_dag to 2023-02-21 00:00:00+00:00
[2023-02-23 19:52:45,071] {scheduler_job.py:190} INFO - Processing /home/airflow/.local/lib/python3.6/site-packages/airflow/example_dags/example_skip_dag.py took 0.051 seconds
[2023-02-23 19:53:15,772] {scheduler_job.py:182} INFO - Started process (PID=1208) to work on /home/airflow/.local/lib/python3.6/site-packages/airflow/example_dags/example_skip_dag.py
[2023-02-23 19:53:15,773] {scheduler_job.py:633} INFO - Processing file /home/airflow/.local/lib/python3.6/site-packages/airflow/example_dags/example_skip_dag.py for tasks to queue
[2023-02-23 19:53:15,773] {logging_mixin.py:104} INFO - [2023-02-23 19:53:15,773] {dagbag.py:496} INFO - Filling up the DagBag from /home/airflow/.local/lib/python3.6/site-packages/airflow/example_dags/example_skip_dag.py
[2023-02-23 19:53:15,781] {scheduler_job.py:643} INFO - DAG(s) dict_keys(['example_skip_dag']) retrieved from /home/airflow/.local/lib/python3.6/site-packages/airflow/example_dags/example_skip_dag.py
[2023-02-23 19:53:15,798] {logging_mixin.py:104} INFO - [2023-02-23 19:53:15,798] {dag.py:1833} INFO - Sync 1 DAGs
[2023-02-23 19:53:15,812] {logging_mixin.py:104} INFO - [2023-02-23 19:53:15,812] {dag.py:2306} INFO - Setting next_dagrun for example_skip_dag to 2023-02-21 00:00:00+00:00
[2023-02-23 19:53:15,819] {scheduler_job.py:190} INFO - Processing /home/airflow/.local/lib/python3.6/site-packages/airflow/example_dags/example_skip_dag.py took 0.049 seconds
[2023-02-23 19:53:46,554] {scheduler_job.py:182} INFO - Started process (PID=1268) to work on /home/airflow/.local/lib/python3.6/site-packages/airflow/example_dags/example_skip_dag.py
[2023-02-23 19:53:46,555] {scheduler_job.py:633} INFO - Processing file /home/airflow/.local/lib/python3.6/site-packages/airflow/example_dags/example_skip_dag.py for tasks to queue
[2023-02-23 19:53:46,555] {logging_mixin.py:104} INFO - [2023-02-23 19:53:46,555] {dagbag.py:496} INFO - Filling up the DagBag from /home/airflow/.local/lib/python3.6/site-packages/airflow/example_dags/example_skip_dag.py
[2023-02-23 19:53:46,566] {scheduler_job.py:643} INFO - DAG(s) dict_keys(['example_skip_dag']) retrieved from /home/airflow/.local/lib/python3.6/site-packages/airflow/example_dags/example_skip_dag.py
[2023-02-23 19:53:46,583] {logging_mixin.py:104} INFO - [2023-02-23 19:53:46,583] {dag.py:1833} INFO - Sync 1 DAGs
[2023-02-23 19:53:46,597] {logging_mixin.py:104} INFO - [2023-02-23 19:53:46,597] {dag.py:2306} INFO - Setting next_dagrun for example_skip_dag to 2023-02-21 00:00:00+00:00
[2023-02-23 19:53:46,605] {scheduler_job.py:190} INFO - Processing /home/airflow/.local/lib/python3.6/site-packages/airflow/example_dags/example_skip_dag.py took 0.054 seconds
[2023-02-23 19:54:17,115] {scheduler_job.py:182} INFO - Started process (PID=1320) to work on /home/airflow/.local/lib/python3.6/site-packages/airflow/example_dags/example_skip_dag.py
[2023-02-23 19:54:17,115] {scheduler_job.py:633} INFO - Processing file /home/airflow/.local/lib/python3.6/site-packages/airflow/example_dags/example_skip_dag.py for tasks to queue
[2023-02-23 19:54:17,116] {logging_mixin.py:104} INFO - [2023-02-23 19:54:17,116] {dagbag.py:496} INFO - Filling up the DagBag from /home/airflow/.local/lib/python3.6/site-packages/airflow/example_dags/example_skip_dag.py
[2023-02-23 19:54:17,124] {scheduler_job.py:643} INFO - DAG(s) dict_keys(['example_skip_dag']) retrieved from /home/airflow/.local/lib/python3.6/site-packages/airflow/example_dags/example_skip_dag.py
[2023-02-23 19:54:17,141] {logging_mixin.py:104} INFO - [2023-02-23 19:54:17,141] {dag.py:1833} INFO - Sync 1 DAGs
[2023-02-23 19:54:17,152] {logging_mixin.py:104} INFO - [2023-02-23 19:54:17,152] {dag.py:2306} INFO - Setting next_dagrun for example_skip_dag to 2023-02-21 00:00:00+00:00
[2023-02-23 19:54:17,159] {scheduler_job.py:190} INFO - Processing /home/airflow/.local/lib/python3.6/site-packages/airflow/example_dags/example_skip_dag.py took 0.047 seconds
[2023-02-23 19:54:47,698] {scheduler_job.py:182} INFO - Started process (PID=1381) to work on /home/airflow/.local/lib/python3.6/site-packages/airflow/example_dags/example_skip_dag.py
[2023-02-23 19:54:47,699] {scheduler_job.py:633} INFO - Processing file /home/airflow/.local/lib/python3.6/site-packages/airflow/example_dags/example_skip_dag.py for tasks to queue
[2023-02-23 19:54:47,699] {logging_mixin.py:104} INFO - [2023-02-23 19:54:47,699] {dagbag.py:496} INFO - Filling up the DagBag from /home/airflow/.local/lib/python3.6/site-packages/airflow/example_dags/example_skip_dag.py
[2023-02-23 19:54:47,708] {scheduler_job.py:643} INFO - DAG(s) dict_keys(['example_skip_dag']) retrieved from /home/airflow/.local/lib/python3.6/site-packages/airflow/example_dags/example_skip_dag.py
[2023-02-23 19:54:47,723] {logging_mixin.py:104} INFO - [2023-02-23 19:54:47,723] {dag.py:1833} INFO - Sync 1 DAGs
[2023-02-23 19:54:47,735] {logging_mixin.py:104} INFO - [2023-02-23 19:54:47,735] {dag.py:2306} INFO - Setting next_dagrun for example_skip_dag to 2023-02-21 00:00:00+00:00
[2023-02-23 19:54:47,742] {scheduler_job.py:190} INFO - Processing /home/airflow/.local/lib/python3.6/site-packages/airflow/example_dags/example_skip_dag.py took 0.046 seconds
[2023-02-23 19:55:18,169] {scheduler_job.py:182} INFO - Started process (PID=1432) to work on /home/airflow/.local/lib/python3.6/site-packages/airflow/example_dags/example_skip_dag.py
[2023-02-23 19:55:18,170] {scheduler_job.py:633} INFO - Processing file /home/airflow/.local/lib/python3.6/site-packages/airflow/example_dags/example_skip_dag.py for tasks to queue
[2023-02-23 19:55:18,170] {logging_mixin.py:104} INFO - [2023-02-23 19:55:18,170] {dagbag.py:496} INFO - Filling up the DagBag from /home/airflow/.local/lib/python3.6/site-packages/airflow/example_dags/example_skip_dag.py
[2023-02-23 19:55:18,179] {scheduler_job.py:643} INFO - DAG(s) dict_keys(['example_skip_dag']) retrieved from /home/airflow/.local/lib/python3.6/site-packages/airflow/example_dags/example_skip_dag.py
[2023-02-23 19:55:18,195] {logging_mixin.py:104} INFO - [2023-02-23 19:55:18,195] {dag.py:1833} INFO - Sync 1 DAGs
[2023-02-23 19:55:18,207] {logging_mixin.py:104} INFO - [2023-02-23 19:55:18,207] {dag.py:2306} INFO - Setting next_dagrun for example_skip_dag to 2023-02-21 00:00:00+00:00
[2023-02-23 19:55:18,213] {scheduler_job.py:190} INFO - Processing /home/airflow/.local/lib/python3.6/site-packages/airflow/example_dags/example_skip_dag.py took 0.092 seconds
[2023-02-23 19:55:49,049] {scheduler_job.py:182} INFO - Started process (PID=1493) to work on /home/airflow/.local/lib/python3.6/site-packages/airflow/example_dags/example_skip_dag.py
[2023-02-23 19:55:49,049] {scheduler_job.py:633} INFO - Processing file /home/airflow/.local/lib/python3.6/site-packages/airflow/example_dags/example_skip_dag.py for tasks to queue
[2023-02-23 19:55:49,050] {logging_mixin.py:104} INFO - [2023-02-23 19:55:49,050] {dagbag.py:496} INFO - Filling up the DagBag from /home/airflow/.local/lib/python3.6/site-packages/airflow/example_dags/example_skip_dag.py
[2023-02-23 19:55:49,057] {scheduler_job.py:643} INFO - DAG(s) dict_keys(['example_skip_dag']) retrieved from /home/airflow/.local/lib/python3.6/site-packages/airflow/example_dags/example_skip_dag.py
[2023-02-23 19:55:49,074] {logging_mixin.py:104} INFO - [2023-02-23 19:55:49,074] {dag.py:1833} INFO - Sync 1 DAGs
[2023-02-23 19:55:49,084] {logging_mixin.py:104} INFO - [2023-02-23 19:55:49,084] {dag.py:2306} INFO - Setting next_dagrun for example_skip_dag to 2023-02-21 00:00:00+00:00
[2023-02-23 19:55:49,091] {scheduler_job.py:190} INFO - Processing /home/airflow/.local/lib/python3.6/site-packages/airflow/example_dags/example_skip_dag.py took 0.044 seconds
[2023-02-23 19:56:19,864] {scheduler_job.py:182} INFO - Started process (PID=1545) to work on /home/airflow/.local/lib/python3.6/site-packages/airflow/example_dags/example_skip_dag.py
[2023-02-23 19:56:19,865] {scheduler_job.py:633} INFO - Processing file /home/airflow/.local/lib/python3.6/site-packages/airflow/example_dags/example_skip_dag.py for tasks to queue
[2023-02-23 19:56:19,865] {logging_mixin.py:104} INFO - [2023-02-23 19:56:19,865] {dagbag.py:496} INFO - Filling up the DagBag from /home/airflow/.local/lib/python3.6/site-packages/airflow/example_dags/example_skip_dag.py
[2023-02-23 19:56:19,877] {scheduler_job.py:643} INFO - DAG(s) dict_keys(['example_skip_dag']) retrieved from /home/airflow/.local/lib/python3.6/site-packages/airflow/example_dags/example_skip_dag.py
[2023-02-23 19:56:19,913] {logging_mixin.py:104} INFO - [2023-02-23 19:56:19,913] {dag.py:1833} INFO - Sync 1 DAGs
[2023-02-23 19:56:19,924] {logging_mixin.py:104} INFO - [2023-02-23 19:56:19,924] {dag.py:2306} INFO - Setting next_dagrun for example_skip_dag to 2023-02-21 00:00:00+00:00
[2023-02-23 19:56:19,931] {scheduler_job.py:190} INFO - Processing /home/airflow/.local/lib/python3.6/site-packages/airflow/example_dags/example_skip_dag.py took 0.069 seconds
[2023-02-23 19:56:49,945] {scheduler_job.py:182} INFO - Started process (PID=1606) to work on /home/airflow/.local/lib/python3.6/site-packages/airflow/example_dags/example_skip_dag.py
[2023-02-23 19:56:49,946] {scheduler_job.py:633} INFO - Processing file /home/airflow/.local/lib/python3.6/site-packages/airflow/example_dags/example_skip_dag.py for tasks to queue
[2023-02-23 19:56:49,947] {logging_mixin.py:104} INFO - [2023-02-23 19:56:49,947] {dagbag.py:496} INFO - Filling up the DagBag from /home/airflow/.local/lib/python3.6/site-packages/airflow/example_dags/example_skip_dag.py
[2023-02-23 19:56:49,957] {scheduler_job.py:643} INFO - DAG(s) dict_keys(['example_skip_dag']) retrieved from /home/airflow/.local/lib/python3.6/site-packages/airflow/example_dags/example_skip_dag.py
[2023-02-23 19:56:49,983] {logging_mixin.py:104} INFO - [2023-02-23 19:56:49,983] {dag.py:1833} INFO - Sync 1 DAGs
[2023-02-23 19:56:49,994] {logging_mixin.py:104} INFO - [2023-02-23 19:56:49,994] {dag.py:2306} INFO - Setting next_dagrun for example_skip_dag to 2023-02-21 00:00:00+00:00
[2023-02-23 19:56:50,000] {scheduler_job.py:190} INFO - Processing /home/airflow/.local/lib/python3.6/site-packages/airflow/example_dags/example_skip_dag.py took 0.057 seconds
[2023-02-23 19:57:20,622] {scheduler_job.py:182} INFO - Started process (PID=1657) to work on /home/airflow/.local/lib/python3.6/site-packages/airflow/example_dags/example_skip_dag.py
[2023-02-23 19:57:20,623] {scheduler_job.py:633} INFO - Processing file /home/airflow/.local/lib/python3.6/site-packages/airflow/example_dags/example_skip_dag.py for tasks to queue
[2023-02-23 19:57:20,624] {logging_mixin.py:104} INFO - [2023-02-23 19:57:20,624] {dagbag.py:496} INFO - Filling up the DagBag from /home/airflow/.local/lib/python3.6/site-packages/airflow/example_dags/example_skip_dag.py
[2023-02-23 19:57:20,632] {scheduler_job.py:643} INFO - DAG(s) dict_keys(['example_skip_dag']) retrieved from /home/airflow/.local/lib/python3.6/site-packages/airflow/example_dags/example_skip_dag.py
[2023-02-23 19:57:20,648] {logging_mixin.py:104} INFO - [2023-02-23 19:57:20,648] {dag.py:1833} INFO - Sync 1 DAGs
[2023-02-23 19:57:20,658] {logging_mixin.py:104} INFO - [2023-02-23 19:57:20,658] {dag.py:2306} INFO - Setting next_dagrun for example_skip_dag to 2023-02-21 00:00:00+00:00
[2023-02-23 19:57:20,666] {scheduler_job.py:190} INFO - Processing /home/airflow/.local/lib/python3.6/site-packages/airflow/example_dags/example_skip_dag.py took 0.046 seconds
[2023-02-23 19:57:51,289] {scheduler_job.py:182} INFO - Started process (PID=1718) to work on /home/airflow/.local/lib/python3.6/site-packages/airflow/example_dags/example_skip_dag.py
[2023-02-23 19:57:51,290] {scheduler_job.py:633} INFO - Processing file /home/airflow/.local/lib/python3.6/site-packages/airflow/example_dags/example_skip_dag.py for tasks to queue
[2023-02-23 19:57:51,291] {logging_mixin.py:104} INFO - [2023-02-23 19:57:51,291] {dagbag.py:496} INFO - Filling up the DagBag from /home/airflow/.local/lib/python3.6/site-packages/airflow/example_dags/example_skip_dag.py
[2023-02-23 19:57:51,300] {scheduler_job.py:643} INFO - DAG(s) dict_keys(['example_skip_dag']) retrieved from /home/airflow/.local/lib/python3.6/site-packages/airflow/example_dags/example_skip_dag.py
[2023-02-23 19:57:51,318] {logging_mixin.py:104} INFO - [2023-02-23 19:57:51,318] {dag.py:1833} INFO - Sync 1 DAGs
[2023-02-23 19:57:51,330] {logging_mixin.py:104} INFO - [2023-02-23 19:57:51,330] {dag.py:2306} INFO - Setting next_dagrun for example_skip_dag to 2023-02-21 00:00:00+00:00
[2023-02-23 19:57:51,336] {scheduler_job.py:190} INFO - Processing /home/airflow/.local/lib/python3.6/site-packages/airflow/example_dags/example_skip_dag.py took 0.049 seconds
[2023-02-23 19:58:21,911] {scheduler_job.py:182} INFO - Started process (PID=1779) to work on /home/airflow/.local/lib/python3.6/site-packages/airflow/example_dags/example_skip_dag.py
[2023-02-23 19:58:21,912] {scheduler_job.py:633} INFO - Processing file /home/airflow/.local/lib/python3.6/site-packages/airflow/example_dags/example_skip_dag.py for tasks to queue
[2023-02-23 19:58:21,913] {logging_mixin.py:104} INFO - [2023-02-23 19:58:21,913] {dagbag.py:496} INFO - Filling up the DagBag from /home/airflow/.local/lib/python3.6/site-packages/airflow/example_dags/example_skip_dag.py
[2023-02-23 19:58:21,922] {scheduler_job.py:643} INFO - DAG(s) dict_keys(['example_skip_dag']) retrieved from /home/airflow/.local/lib/python3.6/site-packages/airflow/example_dags/example_skip_dag.py
[2023-02-23 19:58:21,942] {logging_mixin.py:104} INFO - [2023-02-23 19:58:21,942] {dag.py:1833} INFO - Sync 1 DAGs
[2023-02-23 19:58:21,954] {logging_mixin.py:104} INFO - [2023-02-23 19:58:21,954] {dag.py:2306} INFO - Setting next_dagrun for example_skip_dag to 2023-02-21 00:00:00+00:00
[2023-02-23 19:58:21,961] {scheduler_job.py:190} INFO - Processing /home/airflow/.local/lib/python3.6/site-packages/airflow/example_dags/example_skip_dag.py took 0.052 seconds
[2023-02-23 19:58:52,541] {scheduler_job.py:182} INFO - Started process (PID=1830) to work on /home/airflow/.local/lib/python3.6/site-packages/airflow/example_dags/example_skip_dag.py
[2023-02-23 19:58:52,541] {scheduler_job.py:633} INFO - Processing file /home/airflow/.local/lib/python3.6/site-packages/airflow/example_dags/example_skip_dag.py for tasks to queue
[2023-02-23 19:58:52,542] {logging_mixin.py:104} INFO - [2023-02-23 19:58:52,542] {dagbag.py:496} INFO - Filling up the DagBag from /home/airflow/.local/lib/python3.6/site-packages/airflow/example_dags/example_skip_dag.py
[2023-02-23 19:58:52,550] {scheduler_job.py:643} INFO - DAG(s) dict_keys(['example_skip_dag']) retrieved from /home/airflow/.local/lib/python3.6/site-packages/airflow/example_dags/example_skip_dag.py
[2023-02-23 19:58:52,567] {logging_mixin.py:104} INFO - [2023-02-23 19:58:52,567] {dag.py:1833} INFO - Sync 1 DAGs
[2023-02-23 19:58:52,580] {logging_mixin.py:104} INFO - [2023-02-23 19:58:52,580] {dag.py:2306} INFO - Setting next_dagrun for example_skip_dag to 2023-02-21 00:00:00+00:00
[2023-02-23 19:58:52,588] {scheduler_job.py:190} INFO - Processing /home/airflow/.local/lib/python3.6/site-packages/airflow/example_dags/example_skip_dag.py took 0.049 seconds
[2023-02-23 19:59:23,148] {scheduler_job.py:182} INFO - Started process (PID=1891) to work on /home/airflow/.local/lib/python3.6/site-packages/airflow/example_dags/example_skip_dag.py
[2023-02-23 19:59:23,149] {scheduler_job.py:633} INFO - Processing file /home/airflow/.local/lib/python3.6/site-packages/airflow/example_dags/example_skip_dag.py for tasks to queue
[2023-02-23 19:59:23,149] {logging_mixin.py:104} INFO - [2023-02-23 19:59:23,149] {dagbag.py:496} INFO - Filling up the DagBag from /home/airflow/.local/lib/python3.6/site-packages/airflow/example_dags/example_skip_dag.py
[2023-02-23 19:59:23,158] {scheduler_job.py:643} INFO - DAG(s) dict_keys(['example_skip_dag']) retrieved from /home/airflow/.local/lib/python3.6/site-packages/airflow/example_dags/example_skip_dag.py
[2023-02-23 19:59:23,177] {logging_mixin.py:104} INFO - [2023-02-23 19:59:23,177] {dag.py:1833} INFO - Sync 1 DAGs
[2023-02-23 19:59:23,196] {logging_mixin.py:104} INFO - [2023-02-23 19:59:23,196] {dag.py:2306} INFO - Setting next_dagrun for example_skip_dag to 2023-02-21 00:00:00+00:00
[2023-02-23 19:59:23,206] {scheduler_job.py:190} INFO - Processing /home/airflow/.local/lib/python3.6/site-packages/airflow/example_dags/example_skip_dag.py took 0.061 seconds
[2023-02-23 19:59:53,846] {scheduler_job.py:182} INFO - Started process (PID=1942) to work on /home/airflow/.local/lib/python3.6/site-packages/airflow/example_dags/example_skip_dag.py
[2023-02-23 19:59:53,847] {scheduler_job.py:633} INFO - Processing file /home/airflow/.local/lib/python3.6/site-packages/airflow/example_dags/example_skip_dag.py for tasks to queue
[2023-02-23 19:59:53,847] {logging_mixin.py:104} INFO - [2023-02-23 19:59:53,847] {dagbag.py:496} INFO - Filling up the DagBag from /home/airflow/.local/lib/python3.6/site-packages/airflow/example_dags/example_skip_dag.py
[2023-02-23 19:59:53,858] {scheduler_job.py:643} INFO - DAG(s) dict_keys(['example_skip_dag']) retrieved from /home/airflow/.local/lib/python3.6/site-packages/airflow/example_dags/example_skip_dag.py
[2023-02-23 19:59:53,875] {logging_mixin.py:104} INFO - [2023-02-23 19:59:53,874] {dag.py:1833} INFO - Sync 1 DAGs
[2023-02-23 19:59:53,887] {logging_mixin.py:104} INFO - [2023-02-23 19:59:53,887] {dag.py:2306} INFO - Setting next_dagrun for example_skip_dag to 2023-02-21 00:00:00+00:00
[2023-02-23 19:59:53,896] {scheduler_job.py:190} INFO - Processing /home/airflow/.local/lib/python3.6/site-packages/airflow/example_dags/example_skip_dag.py took 0.052 seconds
[2023-02-23 20:00:24,715] {scheduler_job.py:182} INFO - Started process (PID=2003) to work on /home/airflow/.local/lib/python3.6/site-packages/airflow/example_dags/example_skip_dag.py
[2023-02-23 20:00:24,718] {scheduler_job.py:633} INFO - Processing file /home/airflow/.local/lib/python3.6/site-packages/airflow/example_dags/example_skip_dag.py for tasks to queue
[2023-02-23 20:00:24,718] {logging_mixin.py:104} INFO - [2023-02-23 20:00:24,718] {dagbag.py:496} INFO - Filling up the DagBag from /home/airflow/.local/lib/python3.6/site-packages/airflow/example_dags/example_skip_dag.py
[2023-02-23 20:00:24,727] {scheduler_job.py:643} INFO - DAG(s) dict_keys(['example_skip_dag']) retrieved from /home/airflow/.local/lib/python3.6/site-packages/airflow/example_dags/example_skip_dag.py
[2023-02-23 20:00:24,744] {logging_mixin.py:104} INFO - [2023-02-23 20:00:24,744] {dag.py:1833} INFO - Sync 1 DAGs
[2023-02-23 20:00:24,756] {logging_mixin.py:104} INFO - [2023-02-23 20:00:24,756] {dag.py:2306} INFO - Setting next_dagrun for example_skip_dag to 2023-02-21 00:00:00+00:00
[2023-02-23 20:00:24,774] {scheduler_job.py:190} INFO - Processing /home/airflow/.local/lib/python3.6/site-packages/airflow/example_dags/example_skip_dag.py took 0.061 seconds
[2023-02-23 20:00:55,299] {scheduler_job.py:182} INFO - Started process (PID=2054) to work on /home/airflow/.local/lib/python3.6/site-packages/airflow/example_dags/example_skip_dag.py
[2023-02-23 20:00:55,300] {scheduler_job.py:633} INFO - Processing file /home/airflow/.local/lib/python3.6/site-packages/airflow/example_dags/example_skip_dag.py for tasks to queue
[2023-02-23 20:00:55,301] {logging_mixin.py:104} INFO - [2023-02-23 20:00:55,300] {dagbag.py:496} INFO - Filling up the DagBag from /home/airflow/.local/lib/python3.6/site-packages/airflow/example_dags/example_skip_dag.py
[2023-02-23 20:00:55,310] {scheduler_job.py:643} INFO - DAG(s) dict_keys(['example_skip_dag']) retrieved from /home/airflow/.local/lib/python3.6/site-packages/airflow/example_dags/example_skip_dag.py
[2023-02-23 20:00:55,330] {logging_mixin.py:104} INFO - [2023-02-23 20:00:55,330] {dag.py:1833} INFO - Sync 1 DAGs
[2023-02-23 20:00:55,343] {logging_mixin.py:104} INFO - [2023-02-23 20:00:55,343] {dag.py:2306} INFO - Setting next_dagrun for example_skip_dag to 2023-02-21 00:00:00+00:00
[2023-02-23 20:00:55,350] {scheduler_job.py:190} INFO - Processing /home/airflow/.local/lib/python3.6/site-packages/airflow/example_dags/example_skip_dag.py took 0.054 seconds
[2023-02-23 20:01:25,994] {scheduler_job.py:182} INFO - Started process (PID=2115) to work on /home/airflow/.local/lib/python3.6/site-packages/airflow/example_dags/example_skip_dag.py
[2023-02-23 20:01:25,995] {scheduler_job.py:633} INFO - Processing file /home/airflow/.local/lib/python3.6/site-packages/airflow/example_dags/example_skip_dag.py for tasks to queue
[2023-02-23 20:01:25,995] {logging_mixin.py:104} INFO - [2023-02-23 20:01:25,995] {dagbag.py:496} INFO - Filling up the DagBag from /home/airflow/.local/lib/python3.6/site-packages/airflow/example_dags/example_skip_dag.py
[2023-02-23 20:01:26,005] {scheduler_job.py:643} INFO - DAG(s) dict_keys(['example_skip_dag']) retrieved from /home/airflow/.local/lib/python3.6/site-packages/airflow/example_dags/example_skip_dag.py
[2023-02-23 20:01:26,025] {logging_mixin.py:104} INFO - [2023-02-23 20:01:26,025] {dag.py:1833} INFO - Sync 1 DAGs
[2023-02-23 20:01:26,043] {logging_mixin.py:104} INFO - [2023-02-23 20:01:26,043] {dag.py:2306} INFO - Setting next_dagrun for example_skip_dag to 2023-02-21 00:00:00+00:00
[2023-02-23 20:01:26,053] {scheduler_job.py:190} INFO - Processing /home/airflow/.local/lib/python3.6/site-packages/airflow/example_dags/example_skip_dag.py took 0.062 seconds
[2023-02-23 20:01:56,729] {scheduler_job.py:182} INFO - Started process (PID=2174) to work on /home/airflow/.local/lib/python3.6/site-packages/airflow/example_dags/example_skip_dag.py
[2023-02-23 20:01:56,730] {scheduler_job.py:633} INFO - Processing file /home/airflow/.local/lib/python3.6/site-packages/airflow/example_dags/example_skip_dag.py for tasks to queue
[2023-02-23 20:01:56,730] {logging_mixin.py:104} INFO - [2023-02-23 20:01:56,730] {dagbag.py:496} INFO - Filling up the DagBag from /home/airflow/.local/lib/python3.6/site-packages/airflow/example_dags/example_skip_dag.py
[2023-02-23 20:01:56,739] {scheduler_job.py:643} INFO - DAG(s) dict_keys(['example_skip_dag']) retrieved from /home/airflow/.local/lib/python3.6/site-packages/airflow/example_dags/example_skip_dag.py
[2023-02-23 20:01:56,758] {logging_mixin.py:104} INFO - [2023-02-23 20:01:56,758] {dag.py:1833} INFO - Sync 1 DAGs
[2023-02-23 20:01:56,771] {logging_mixin.py:104} INFO - [2023-02-23 20:01:56,771] {dag.py:2306} INFO - Setting next_dagrun for example_skip_dag to 2023-02-21 00:00:00+00:00
[2023-02-23 20:01:56,778] {scheduler_job.py:190} INFO - Processing /home/airflow/.local/lib/python3.6/site-packages/airflow/example_dags/example_skip_dag.py took 0.051 seconds
[2023-02-23 20:02:27,374] {scheduler_job.py:182} INFO - Started process (PID=2227) to work on /home/airflow/.local/lib/python3.6/site-packages/airflow/example_dags/example_skip_dag.py
[2023-02-23 20:02:27,375] {scheduler_job.py:633} INFO - Processing file /home/airflow/.local/lib/python3.6/site-packages/airflow/example_dags/example_skip_dag.py for tasks to queue
[2023-02-23 20:02:27,375] {logging_mixin.py:104} INFO - [2023-02-23 20:02:27,375] {dagbag.py:496} INFO - Filling up the DagBag from /home/airflow/.local/lib/python3.6/site-packages/airflow/example_dags/example_skip_dag.py
[2023-02-23 20:02:27,384] {scheduler_job.py:643} INFO - DAG(s) dict_keys(['example_skip_dag']) retrieved from /home/airflow/.local/lib/python3.6/site-packages/airflow/example_dags/example_skip_dag.py
[2023-02-23 20:02:27,400] {logging_mixin.py:104} INFO - [2023-02-23 20:02:27,400] {dag.py:1833} INFO - Sync 1 DAGs
[2023-02-23 20:02:27,412] {logging_mixin.py:104} INFO - [2023-02-23 20:02:27,412] {dag.py:2306} INFO - Setting next_dagrun for example_skip_dag to 2023-02-21 00:00:00+00:00
[2023-02-23 20:02:27,419] {scheduler_job.py:190} INFO - Processing /home/airflow/.local/lib/python3.6/site-packages/airflow/example_dags/example_skip_dag.py took 0.047 seconds
[2023-02-23 20:02:58,058] {scheduler_job.py:182} INFO - Started process (PID=2288) to work on /home/airflow/.local/lib/python3.6/site-packages/airflow/example_dags/example_skip_dag.py
[2023-02-23 20:02:58,058] {scheduler_job.py:633} INFO - Processing file /home/airflow/.local/lib/python3.6/site-packages/airflow/example_dags/example_skip_dag.py for tasks to queue
[2023-02-23 20:02:58,059] {logging_mixin.py:104} INFO - [2023-02-23 20:02:58,058] {dagbag.py:496} INFO - Filling up the DagBag from /home/airflow/.local/lib/python3.6/site-packages/airflow/example_dags/example_skip_dag.py
[2023-02-23 20:02:58,067] {scheduler_job.py:643} INFO - DAG(s) dict_keys(['example_skip_dag']) retrieved from /home/airflow/.local/lib/python3.6/site-packages/airflow/example_dags/example_skip_dag.py
[2023-02-23 20:02:58,083] {logging_mixin.py:104} INFO - [2023-02-23 20:02:58,083] {dag.py:1833} INFO - Sync 1 DAGs
[2023-02-23 20:02:58,095] {logging_mixin.py:104} INFO - [2023-02-23 20:02:58,095] {dag.py:2306} INFO - Setting next_dagrun for example_skip_dag to 2023-02-21 00:00:00+00:00
[2023-02-23 20:02:58,102] {scheduler_job.py:190} INFO - Processing /home/airflow/.local/lib/python3.6/site-packages/airflow/example_dags/example_skip_dag.py took 0.047 seconds
[2023-02-23 20:03:28,660] {scheduler_job.py:182} INFO - Started process (PID=2339) to work on /home/airflow/.local/lib/python3.6/site-packages/airflow/example_dags/example_skip_dag.py
[2023-02-23 20:03:28,660] {scheduler_job.py:633} INFO - Processing file /home/airflow/.local/lib/python3.6/site-packages/airflow/example_dags/example_skip_dag.py for tasks to queue
[2023-02-23 20:03:28,661] {logging_mixin.py:104} INFO - [2023-02-23 20:03:28,661] {dagbag.py:496} INFO - Filling up the DagBag from /home/airflow/.local/lib/python3.6/site-packages/airflow/example_dags/example_skip_dag.py
[2023-02-23 20:03:28,669] {scheduler_job.py:643} INFO - DAG(s) dict_keys(['example_skip_dag']) retrieved from /home/airflow/.local/lib/python3.6/site-packages/airflow/example_dags/example_skip_dag.py
[2023-02-23 20:03:28,684] {logging_mixin.py:104} INFO - [2023-02-23 20:03:28,684] {dag.py:1833} INFO - Sync 1 DAGs
[2023-02-23 20:03:28,696] {logging_mixin.py:104} INFO - [2023-02-23 20:03:28,696] {dag.py:2306} INFO - Setting next_dagrun for example_skip_dag to 2023-02-21 00:00:00+00:00
[2023-02-23 20:03:28,704] {scheduler_job.py:190} INFO - Processing /home/airflow/.local/lib/python3.6/site-packages/airflow/example_dags/example_skip_dag.py took 0.046 seconds
[2023-02-23 20:03:59,301] {scheduler_job.py:182} INFO - Started process (PID=2400) to work on /home/airflow/.local/lib/python3.6/site-packages/airflow/example_dags/example_skip_dag.py
[2023-02-23 20:03:59,302] {scheduler_job.py:633} INFO - Processing file /home/airflow/.local/lib/python3.6/site-packages/airflow/example_dags/example_skip_dag.py for tasks to queue
[2023-02-23 20:03:59,302] {logging_mixin.py:104} INFO - [2023-02-23 20:03:59,302] {dagbag.py:496} INFO - Filling up the DagBag from /home/airflow/.local/lib/python3.6/site-packages/airflow/example_dags/example_skip_dag.py
[2023-02-23 20:03:59,310] {scheduler_job.py:643} INFO - DAG(s) dict_keys(['example_skip_dag']) retrieved from /home/airflow/.local/lib/python3.6/site-packages/airflow/example_dags/example_skip_dag.py
[2023-02-23 20:03:59,327] {logging_mixin.py:104} INFO - [2023-02-23 20:03:59,327] {dag.py:1833} INFO - Sync 1 DAGs
[2023-02-23 20:03:59,339] {logging_mixin.py:104} INFO - [2023-02-23 20:03:59,339] {dag.py:2306} INFO - Setting next_dagrun for example_skip_dag to 2023-02-21 00:00:00+00:00
[2023-02-23 20:03:59,347] {scheduler_job.py:190} INFO - Processing /home/airflow/.local/lib/python3.6/site-packages/airflow/example_dags/example_skip_dag.py took 0.048 seconds
[2023-02-23 20:04:29,809] {scheduler_job.py:182} INFO - Started process (PID=2451) to work on /home/airflow/.local/lib/python3.6/site-packages/airflow/example_dags/example_skip_dag.py
[2023-02-23 20:04:29,810] {scheduler_job.py:633} INFO - Processing file /home/airflow/.local/lib/python3.6/site-packages/airflow/example_dags/example_skip_dag.py for tasks to queue
[2023-02-23 20:04:29,810] {logging_mixin.py:104} INFO - [2023-02-23 20:04:29,810] {dagbag.py:496} INFO - Filling up the DagBag from /home/airflow/.local/lib/python3.6/site-packages/airflow/example_dags/example_skip_dag.py
[2023-02-23 20:04:29,819] {scheduler_job.py:643} INFO - DAG(s) dict_keys(['example_skip_dag']) retrieved from /home/airflow/.local/lib/python3.6/site-packages/airflow/example_dags/example_skip_dag.py
[2023-02-23 20:04:29,836] {logging_mixin.py:104} INFO - [2023-02-23 20:04:29,836] {dag.py:1833} INFO - Sync 1 DAGs
[2023-02-23 20:04:29,848] {logging_mixin.py:104} INFO - [2023-02-23 20:04:29,848] {dag.py:2306} INFO - Setting next_dagrun for example_skip_dag to 2023-02-21 00:00:00+00:00
[2023-02-23 20:04:29,854] {scheduler_job.py:190} INFO - Processing /home/airflow/.local/lib/python3.6/site-packages/airflow/example_dags/example_skip_dag.py took 0.047 seconds
