[2023-02-23 19:43:00,421] {scheduler_job.py:182} INFO - Started process (PID=71) to work on /home/airflow/.local/lib/python3.6/site-packages/airflow/example_dags/example_kubernetes_executor.py
[2023-02-23 19:43:00,422] {scheduler_job.py:633} INFO - Processing file /home/airflow/.local/lib/python3.6/site-packages/airflow/example_dags/example_kubernetes_executor.py for tasks to queue
[2023-02-23 19:43:00,422] {logging_mixin.py:104} INFO - [2023-02-23 19:43:00,422] {dagbag.py:496} INFO - Filling up the DagBag from /home/airflow/.local/lib/python3.6/site-packages/airflow/example_dags/example_kubernetes_executor.py
[2023-02-23 19:43:00,480] {scheduler_job.py:643} INFO - DAG(s) dict_keys(['example_kubernetes_executor']) retrieved from /home/airflow/.local/lib/python3.6/site-packages/airflow/example_dags/example_kubernetes_executor.py
[2023-02-23 19:43:00,572] {logging_mixin.py:104} INFO - [2023-02-23 19:43:00,571] {dag.py:1833} INFO - Sync 1 DAGs
[2023-02-23 19:43:00,587] {logging_mixin.py:104} INFO - [2023-02-23 19:43:00,587] {dag.py:2306} INFO - Setting next_dagrun for example_kubernetes_executor to None
[2023-02-23 19:43:00,670] {scheduler_job.py:190} INFO - Processing /home/airflow/.local/lib/python3.6/site-packages/airflow/example_dags/example_kubernetes_executor.py took 0.252 seconds
[2023-02-23 19:43:31,016] {scheduler_job.py:182} INFO - Started process (PID=122) to work on /home/airflow/.local/lib/python3.6/site-packages/airflow/example_dags/example_kubernetes_executor.py
[2023-02-23 19:43:31,017] {scheduler_job.py:633} INFO - Processing file /home/airflow/.local/lib/python3.6/site-packages/airflow/example_dags/example_kubernetes_executor.py for tasks to queue
[2023-02-23 19:43:31,017] {logging_mixin.py:104} INFO - [2023-02-23 19:43:31,017] {dagbag.py:496} INFO - Filling up the DagBag from /home/airflow/.local/lib/python3.6/site-packages/airflow/example_dags/example_kubernetes_executor.py
[2023-02-23 19:43:31,027] {scheduler_job.py:643} INFO - DAG(s) dict_keys(['example_kubernetes_executor']) retrieved from /home/airflow/.local/lib/python3.6/site-packages/airflow/example_dags/example_kubernetes_executor.py
[2023-02-23 19:43:31,045] {logging_mixin.py:104} INFO - [2023-02-23 19:43:31,045] {dag.py:1833} INFO - Sync 1 DAGs
[2023-02-23 19:43:31,059] {logging_mixin.py:104} INFO - [2023-02-23 19:43:31,059] {dag.py:2306} INFO - Setting next_dagrun for example_kubernetes_executor to None
[2023-02-23 19:43:31,072] {scheduler_job.py:190} INFO - Processing /home/airflow/.local/lib/python3.6/site-packages/airflow/example_dags/example_kubernetes_executor.py took 0.058 seconds
[2023-02-23 19:44:01,806] {scheduler_job.py:182} INFO - Started process (PID=183) to work on /home/airflow/.local/lib/python3.6/site-packages/airflow/example_dags/example_kubernetes_executor.py
[2023-02-23 19:44:01,807] {scheduler_job.py:633} INFO - Processing file /home/airflow/.local/lib/python3.6/site-packages/airflow/example_dags/example_kubernetes_executor.py for tasks to queue
[2023-02-23 19:44:01,807] {logging_mixin.py:104} INFO - [2023-02-23 19:44:01,807] {dagbag.py:496} INFO - Filling up the DagBag from /home/airflow/.local/lib/python3.6/site-packages/airflow/example_dags/example_kubernetes_executor.py
[2023-02-23 19:44:01,817] {scheduler_job.py:643} INFO - DAG(s) dict_keys(['example_kubernetes_executor']) retrieved from /home/airflow/.local/lib/python3.6/site-packages/airflow/example_dags/example_kubernetes_executor.py
[2023-02-23 19:44:01,835] {logging_mixin.py:104} INFO - [2023-02-23 19:44:01,835] {dag.py:1833} INFO - Sync 1 DAGs
[2023-02-23 19:44:01,847] {logging_mixin.py:104} INFO - [2023-02-23 19:44:01,847] {dag.py:2306} INFO - Setting next_dagrun for example_kubernetes_executor to None
[2023-02-23 19:44:01,855] {scheduler_job.py:190} INFO - Processing /home/airflow/.local/lib/python3.6/site-packages/airflow/example_dags/example_kubernetes_executor.py took 0.051 seconds
[2023-02-23 19:44:32,368] {scheduler_job.py:182} INFO - Started process (PID=243) to work on /home/airflow/.local/lib/python3.6/site-packages/airflow/example_dags/example_kubernetes_executor.py
[2023-02-23 19:44:32,369] {scheduler_job.py:633} INFO - Processing file /home/airflow/.local/lib/python3.6/site-packages/airflow/example_dags/example_kubernetes_executor.py for tasks to queue
[2023-02-23 19:44:32,369] {logging_mixin.py:104} INFO - [2023-02-23 19:44:32,369] {dagbag.py:496} INFO - Filling up the DagBag from /home/airflow/.local/lib/python3.6/site-packages/airflow/example_dags/example_kubernetes_executor.py
[2023-02-23 19:44:32,380] {scheduler_job.py:643} INFO - DAG(s) dict_keys(['example_kubernetes_executor']) retrieved from /home/airflow/.local/lib/python3.6/site-packages/airflow/example_dags/example_kubernetes_executor.py
[2023-02-23 19:44:32,402] {logging_mixin.py:104} INFO - [2023-02-23 19:44:32,402] {dag.py:1833} INFO - Sync 1 DAGs
[2023-02-23 19:44:32,416] {logging_mixin.py:104} INFO - [2023-02-23 19:44:32,416] {dag.py:2306} INFO - Setting next_dagrun for example_kubernetes_executor to None
[2023-02-23 19:44:32,424] {scheduler_job.py:190} INFO - Processing /home/airflow/.local/lib/python3.6/site-packages/airflow/example_dags/example_kubernetes_executor.py took 0.068 seconds
[2023-02-23 19:45:03,408] {scheduler_job.py:182} INFO - Started process (PID=295) to work on /home/airflow/.local/lib/python3.6/site-packages/airflow/example_dags/example_kubernetes_executor.py
[2023-02-23 19:45:03,409] {scheduler_job.py:633} INFO - Processing file /home/airflow/.local/lib/python3.6/site-packages/airflow/example_dags/example_kubernetes_executor.py for tasks to queue
[2023-02-23 19:45:03,409] {logging_mixin.py:104} INFO - [2023-02-23 19:45:03,409] {dagbag.py:496} INFO - Filling up the DagBag from /home/airflow/.local/lib/python3.6/site-packages/airflow/example_dags/example_kubernetes_executor.py
[2023-02-23 19:45:03,419] {scheduler_job.py:643} INFO - DAG(s) dict_keys(['example_kubernetes_executor']) retrieved from /home/airflow/.local/lib/python3.6/site-packages/airflow/example_dags/example_kubernetes_executor.py
[2023-02-23 19:45:03,436] {logging_mixin.py:104} INFO - [2023-02-23 19:45:03,436] {dag.py:1833} INFO - Sync 1 DAGs
[2023-02-23 19:45:03,449] {logging_mixin.py:104} INFO - [2023-02-23 19:45:03,449] {dag.py:2306} INFO - Setting next_dagrun for example_kubernetes_executor to None
[2023-02-23 19:45:03,457] {scheduler_job.py:190} INFO - Processing /home/airflow/.local/lib/python3.6/site-packages/airflow/example_dags/example_kubernetes_executor.py took 0.051 seconds
[2023-02-23 19:45:34,234] {scheduler_job.py:182} INFO - Started process (PID=356) to work on /home/airflow/.local/lib/python3.6/site-packages/airflow/example_dags/example_kubernetes_executor.py
[2023-02-23 19:45:34,235] {scheduler_job.py:633} INFO - Processing file /home/airflow/.local/lib/python3.6/site-packages/airflow/example_dags/example_kubernetes_executor.py for tasks to queue
[2023-02-23 19:45:34,235] {logging_mixin.py:104} INFO - [2023-02-23 19:45:34,235] {dagbag.py:496} INFO - Filling up the DagBag from /home/airflow/.local/lib/python3.6/site-packages/airflow/example_dags/example_kubernetes_executor.py
[2023-02-23 19:45:34,245] {scheduler_job.py:643} INFO - DAG(s) dict_keys(['example_kubernetes_executor']) retrieved from /home/airflow/.local/lib/python3.6/site-packages/airflow/example_dags/example_kubernetes_executor.py
[2023-02-23 19:45:34,285] {logging_mixin.py:104} INFO - [2023-02-23 19:45:34,285] {dag.py:1833} INFO - Sync 1 DAGs
[2023-02-23 19:45:34,298] {logging_mixin.py:104} INFO - [2023-02-23 19:45:34,298] {dag.py:2306} INFO - Setting next_dagrun for example_kubernetes_executor to None
[2023-02-23 19:45:34,306] {scheduler_job.py:190} INFO - Processing /home/airflow/.local/lib/python3.6/site-packages/airflow/example_dags/example_kubernetes_executor.py took 0.075 seconds
[2023-02-23 19:46:04,986] {scheduler_job.py:182} INFO - Started process (PID=407) to work on /home/airflow/.local/lib/python3.6/site-packages/airflow/example_dags/example_kubernetes_executor.py
[2023-02-23 19:46:04,986] {scheduler_job.py:633} INFO - Processing file /home/airflow/.local/lib/python3.6/site-packages/airflow/example_dags/example_kubernetes_executor.py for tasks to queue
[2023-02-23 19:46:04,987] {logging_mixin.py:104} INFO - [2023-02-23 19:46:04,987] {dagbag.py:496} INFO - Filling up the DagBag from /home/airflow/.local/lib/python3.6/site-packages/airflow/example_dags/example_kubernetes_executor.py
[2023-02-23 19:46:04,997] {scheduler_job.py:643} INFO - DAG(s) dict_keys(['example_kubernetes_executor']) retrieved from /home/airflow/.local/lib/python3.6/site-packages/airflow/example_dags/example_kubernetes_executor.py
[2023-02-23 19:46:05,015] {logging_mixin.py:104} INFO - [2023-02-23 19:46:05,015] {dag.py:1833} INFO - Sync 1 DAGs
[2023-02-23 19:46:05,029] {logging_mixin.py:104} INFO - [2023-02-23 19:46:05,029] {dag.py:2306} INFO - Setting next_dagrun for example_kubernetes_executor to None
[2023-02-23 19:46:05,038] {scheduler_job.py:190} INFO - Processing /home/airflow/.local/lib/python3.6/site-packages/airflow/example_dags/example_kubernetes_executor.py took 0.054 seconds
[2023-02-23 19:46:35,388] {scheduler_job.py:182} INFO - Started process (PID=468) to work on /home/airflow/.local/lib/python3.6/site-packages/airflow/example_dags/example_kubernetes_executor.py
[2023-02-23 19:46:35,389] {scheduler_job.py:633} INFO - Processing file /home/airflow/.local/lib/python3.6/site-packages/airflow/example_dags/example_kubernetes_executor.py for tasks to queue
[2023-02-23 19:46:35,389] {logging_mixin.py:104} INFO - [2023-02-23 19:46:35,389] {dagbag.py:496} INFO - Filling up the DagBag from /home/airflow/.local/lib/python3.6/site-packages/airflow/example_dags/example_kubernetes_executor.py
[2023-02-23 19:46:35,400] {scheduler_job.py:643} INFO - DAG(s) dict_keys(['example_kubernetes_executor']) retrieved from /home/airflow/.local/lib/python3.6/site-packages/airflow/example_dags/example_kubernetes_executor.py
[2023-02-23 19:46:35,419] {logging_mixin.py:104} INFO - [2023-02-23 19:46:35,419] {dag.py:1833} INFO - Sync 1 DAGs
[2023-02-23 19:46:35,434] {logging_mixin.py:104} INFO - [2023-02-23 19:46:35,434] {dag.py:2306} INFO - Setting next_dagrun for example_kubernetes_executor to None
[2023-02-23 19:46:35,475] {scheduler_job.py:190} INFO - Processing /home/airflow/.local/lib/python3.6/site-packages/airflow/example_dags/example_kubernetes_executor.py took 0.090 seconds
[2023-02-23 19:47:06,321] {scheduler_job.py:182} INFO - Started process (PID=519) to work on /home/airflow/.local/lib/python3.6/site-packages/airflow/example_dags/example_kubernetes_executor.py
[2023-02-23 19:47:06,321] {scheduler_job.py:633} INFO - Processing file /home/airflow/.local/lib/python3.6/site-packages/airflow/example_dags/example_kubernetes_executor.py for tasks to queue
[2023-02-23 19:47:06,322] {logging_mixin.py:104} INFO - [2023-02-23 19:47:06,322] {dagbag.py:496} INFO - Filling up the DagBag from /home/airflow/.local/lib/python3.6/site-packages/airflow/example_dags/example_kubernetes_executor.py
[2023-02-23 19:47:06,333] {scheduler_job.py:643} INFO - DAG(s) dict_keys(['example_kubernetes_executor']) retrieved from /home/airflow/.local/lib/python3.6/site-packages/airflow/example_dags/example_kubernetes_executor.py
[2023-02-23 19:47:06,352] {logging_mixin.py:104} INFO - [2023-02-23 19:47:06,352] {dag.py:1833} INFO - Sync 1 DAGs
[2023-02-23 19:47:06,364] {logging_mixin.py:104} INFO - [2023-02-23 19:47:06,364] {dag.py:2306} INFO - Setting next_dagrun for example_kubernetes_executor to None
[2023-02-23 19:47:06,373] {scheduler_job.py:190} INFO - Processing /home/airflow/.local/lib/python3.6/site-packages/airflow/example_dags/example_kubernetes_executor.py took 0.055 seconds
[2023-02-23 19:47:36,939] {scheduler_job.py:182} INFO - Started process (PID=580) to work on /home/airflow/.local/lib/python3.6/site-packages/airflow/example_dags/example_kubernetes_executor.py
[2023-02-23 19:47:36,940] {scheduler_job.py:633} INFO - Processing file /home/airflow/.local/lib/python3.6/site-packages/airflow/example_dags/example_kubernetes_executor.py for tasks to queue
[2023-02-23 19:47:36,940] {logging_mixin.py:104} INFO - [2023-02-23 19:47:36,940] {dagbag.py:496} INFO - Filling up the DagBag from /home/airflow/.local/lib/python3.6/site-packages/airflow/example_dags/example_kubernetes_executor.py
[2023-02-23 19:47:36,973] {scheduler_job.py:643} INFO - DAG(s) dict_keys(['example_kubernetes_executor']) retrieved from /home/airflow/.local/lib/python3.6/site-packages/airflow/example_dags/example_kubernetes_executor.py
[2023-02-23 19:47:36,991] {logging_mixin.py:104} INFO - [2023-02-23 19:47:36,991] {dag.py:1833} INFO - Sync 1 DAGs
[2023-02-23 19:47:37,002] {logging_mixin.py:104} INFO - [2023-02-23 19:47:37,002] {dag.py:2306} INFO - Setting next_dagrun for example_kubernetes_executor to None
[2023-02-23 19:47:37,010] {scheduler_job.py:190} INFO - Processing /home/airflow/.local/lib/python3.6/site-packages/airflow/example_dags/example_kubernetes_executor.py took 0.074 seconds
[2023-02-23 19:48:07,579] {scheduler_job.py:182} INFO - Started process (PID=641) to work on /home/airflow/.local/lib/python3.6/site-packages/airflow/example_dags/example_kubernetes_executor.py
[2023-02-23 19:48:07,580] {scheduler_job.py:633} INFO - Processing file /home/airflow/.local/lib/python3.6/site-packages/airflow/example_dags/example_kubernetes_executor.py for tasks to queue
[2023-02-23 19:48:07,580] {logging_mixin.py:104} INFO - [2023-02-23 19:48:07,580] {dagbag.py:496} INFO - Filling up the DagBag from /home/airflow/.local/lib/python3.6/site-packages/airflow/example_dags/example_kubernetes_executor.py
[2023-02-23 19:48:07,591] {scheduler_job.py:643} INFO - DAG(s) dict_keys(['example_kubernetes_executor']) retrieved from /home/airflow/.local/lib/python3.6/site-packages/airflow/example_dags/example_kubernetes_executor.py
[2023-02-23 19:48:07,610] {logging_mixin.py:104} INFO - [2023-02-23 19:48:07,610] {dag.py:1833} INFO - Sync 1 DAGs
[2023-02-23 19:48:07,623] {logging_mixin.py:104} INFO - [2023-02-23 19:48:07,623] {dag.py:2306} INFO - Setting next_dagrun for example_kubernetes_executor to None
[2023-02-23 19:48:07,632] {scheduler_job.py:190} INFO - Processing /home/airflow/.local/lib/python3.6/site-packages/airflow/example_dags/example_kubernetes_executor.py took 0.056 seconds
[2023-02-23 19:48:38,141] {scheduler_job.py:182} INFO - Started process (PID=692) to work on /home/airflow/.local/lib/python3.6/site-packages/airflow/example_dags/example_kubernetes_executor.py
[2023-02-23 19:48:38,142] {scheduler_job.py:633} INFO - Processing file /home/airflow/.local/lib/python3.6/site-packages/airflow/example_dags/example_kubernetes_executor.py for tasks to queue
[2023-02-23 19:48:38,142] {logging_mixin.py:104} INFO - [2023-02-23 19:48:38,142] {dagbag.py:496} INFO - Filling up the DagBag from /home/airflow/.local/lib/python3.6/site-packages/airflow/example_dags/example_kubernetes_executor.py
[2023-02-23 19:48:38,170] {scheduler_job.py:643} INFO - DAG(s) dict_keys(['example_kubernetes_executor']) retrieved from /home/airflow/.local/lib/python3.6/site-packages/airflow/example_dags/example_kubernetes_executor.py
[2023-02-23 19:48:38,189] {logging_mixin.py:104} INFO - [2023-02-23 19:48:38,189] {dag.py:1833} INFO - Sync 1 DAGs
[2023-02-23 19:48:38,202] {logging_mixin.py:104} INFO - [2023-02-23 19:48:38,202] {dag.py:2306} INFO - Setting next_dagrun for example_kubernetes_executor to None
[2023-02-23 19:48:38,209] {scheduler_job.py:190} INFO - Processing /home/airflow/.local/lib/python3.6/site-packages/airflow/example_dags/example_kubernetes_executor.py took 0.070 seconds
[2023-02-23 19:49:08,745] {scheduler_job.py:182} INFO - Started process (PID=753) to work on /home/airflow/.local/lib/python3.6/site-packages/airflow/example_dags/example_kubernetes_executor.py
[2023-02-23 19:49:08,746] {scheduler_job.py:633} INFO - Processing file /home/airflow/.local/lib/python3.6/site-packages/airflow/example_dags/example_kubernetes_executor.py for tasks to queue
[2023-02-23 19:49:08,746] {logging_mixin.py:104} INFO - [2023-02-23 19:49:08,746] {dagbag.py:496} INFO - Filling up the DagBag from /home/airflow/.local/lib/python3.6/site-packages/airflow/example_dags/example_kubernetes_executor.py
[2023-02-23 19:49:08,756] {scheduler_job.py:643} INFO - DAG(s) dict_keys(['example_kubernetes_executor']) retrieved from /home/airflow/.local/lib/python3.6/site-packages/airflow/example_dags/example_kubernetes_executor.py
[2023-02-23 19:49:08,773] {logging_mixin.py:104} INFO - [2023-02-23 19:49:08,773] {dag.py:1833} INFO - Sync 1 DAGs
[2023-02-23 19:49:08,785] {logging_mixin.py:104} INFO - [2023-02-23 19:49:08,785] {dag.py:2306} INFO - Setting next_dagrun for example_kubernetes_executor to None
[2023-02-23 19:49:08,793] {scheduler_job.py:190} INFO - Processing /home/airflow/.local/lib/python3.6/site-packages/airflow/example_dags/example_kubernetes_executor.py took 0.051 seconds
[2023-02-23 19:49:39,490] {scheduler_job.py:182} INFO - Started process (PID=804) to work on /home/airflow/.local/lib/python3.6/site-packages/airflow/example_dags/example_kubernetes_executor.py
[2023-02-23 19:49:39,490] {scheduler_job.py:633} INFO - Processing file /home/airflow/.local/lib/python3.6/site-packages/airflow/example_dags/example_kubernetes_executor.py for tasks to queue
[2023-02-23 19:49:39,491] {logging_mixin.py:104} INFO - [2023-02-23 19:49:39,491] {dagbag.py:496} INFO - Filling up the DagBag from /home/airflow/.local/lib/python3.6/site-packages/airflow/example_dags/example_kubernetes_executor.py
[2023-02-23 19:49:39,501] {scheduler_job.py:643} INFO - DAG(s) dict_keys(['example_kubernetes_executor']) retrieved from /home/airflow/.local/lib/python3.6/site-packages/airflow/example_dags/example_kubernetes_executor.py
[2023-02-23 19:49:39,585] {logging_mixin.py:104} INFO - [2023-02-23 19:49:39,584] {dag.py:1833} INFO - Sync 1 DAGs
[2023-02-23 19:49:39,602] {logging_mixin.py:104} INFO - [2023-02-23 19:49:39,602] {dag.py:2306} INFO - Setting next_dagrun for example_kubernetes_executor to None
[2023-02-23 19:49:39,670] {scheduler_job.py:190} INFO - Processing /home/airflow/.local/lib/python3.6/site-packages/airflow/example_dags/example_kubernetes_executor.py took 0.183 seconds
[2023-02-23 19:50:10,152] {scheduler_job.py:182} INFO - Started process (PID=865) to work on /home/airflow/.local/lib/python3.6/site-packages/airflow/example_dags/example_kubernetes_executor.py
[2023-02-23 19:50:10,153] {scheduler_job.py:633} INFO - Processing file /home/airflow/.local/lib/python3.6/site-packages/airflow/example_dags/example_kubernetes_executor.py for tasks to queue
[2023-02-23 19:50:10,153] {logging_mixin.py:104} INFO - [2023-02-23 19:50:10,153] {dagbag.py:496} INFO - Filling up the DagBag from /home/airflow/.local/lib/python3.6/site-packages/airflow/example_dags/example_kubernetes_executor.py
[2023-02-23 19:50:10,164] {scheduler_job.py:643} INFO - DAG(s) dict_keys(['example_kubernetes_executor']) retrieved from /home/airflow/.local/lib/python3.6/site-packages/airflow/example_dags/example_kubernetes_executor.py
[2023-02-23 19:50:10,187] {logging_mixin.py:104} INFO - [2023-02-23 19:50:10,187] {dag.py:1833} INFO - Sync 1 DAGs
[2023-02-23 19:50:10,200] {logging_mixin.py:104} INFO - [2023-02-23 19:50:10,200] {dag.py:2306} INFO - Setting next_dagrun for example_kubernetes_executor to None
[2023-02-23 19:50:10,208] {scheduler_job.py:190} INFO - Processing /home/airflow/.local/lib/python3.6/site-packages/airflow/example_dags/example_kubernetes_executor.py took 0.058 seconds
[2023-02-23 19:50:41,580] {scheduler_job.py:182} INFO - Started process (PID=916) to work on /home/airflow/.local/lib/python3.6/site-packages/airflow/example_dags/example_kubernetes_executor.py
[2023-02-23 19:50:41,581] {scheduler_job.py:633} INFO - Processing file /home/airflow/.local/lib/python3.6/site-packages/airflow/example_dags/example_kubernetes_executor.py for tasks to queue
[2023-02-23 19:50:41,581] {logging_mixin.py:104} INFO - [2023-02-23 19:50:41,581] {dagbag.py:496} INFO - Filling up the DagBag from /home/airflow/.local/lib/python3.6/site-packages/airflow/example_dags/example_kubernetes_executor.py
[2023-02-23 19:50:41,594] {scheduler_job.py:643} INFO - DAG(s) dict_keys(['example_kubernetes_executor']) retrieved from /home/airflow/.local/lib/python3.6/site-packages/airflow/example_dags/example_kubernetes_executor.py
[2023-02-23 19:50:41,774] {logging_mixin.py:104} INFO - [2023-02-23 19:50:41,774] {dag.py:1833} INFO - Sync 1 DAGs
[2023-02-23 19:50:41,789] {logging_mixin.py:104} INFO - [2023-02-23 19:50:41,789] {dag.py:2306} INFO - Setting next_dagrun for example_kubernetes_executor to None
[2023-02-23 19:50:41,871] {scheduler_job.py:190} INFO - Processing /home/airflow/.local/lib/python3.6/site-packages/airflow/example_dags/example_kubernetes_executor.py took 0.294 seconds
[2023-02-23 19:51:12,033] {scheduler_job.py:182} INFO - Started process (PID=977) to work on /home/airflow/.local/lib/python3.6/site-packages/airflow/example_dags/example_kubernetes_executor.py
[2023-02-23 19:51:12,034] {scheduler_job.py:633} INFO - Processing file /home/airflow/.local/lib/python3.6/site-packages/airflow/example_dags/example_kubernetes_executor.py for tasks to queue
[2023-02-23 19:51:12,035] {logging_mixin.py:104} INFO - [2023-02-23 19:51:12,035] {dagbag.py:496} INFO - Filling up the DagBag from /home/airflow/.local/lib/python3.6/site-packages/airflow/example_dags/example_kubernetes_executor.py
[2023-02-23 19:51:12,044] {scheduler_job.py:643} INFO - DAG(s) dict_keys(['example_kubernetes_executor']) retrieved from /home/airflow/.local/lib/python3.6/site-packages/airflow/example_dags/example_kubernetes_executor.py
[2023-02-23 19:51:12,062] {logging_mixin.py:104} INFO - [2023-02-23 19:51:12,062] {dag.py:1833} INFO - Sync 1 DAGs
[2023-02-23 19:51:12,077] {logging_mixin.py:104} INFO - [2023-02-23 19:51:12,077] {dag.py:2306} INFO - Setting next_dagrun for example_kubernetes_executor to None
[2023-02-23 19:51:12,085] {scheduler_job.py:190} INFO - Processing /home/airflow/.local/lib/python3.6/site-packages/airflow/example_dags/example_kubernetes_executor.py took 0.054 seconds
[2023-02-23 19:51:42,562] {scheduler_job.py:182} INFO - Started process (PID=1028) to work on /home/airflow/.local/lib/python3.6/site-packages/airflow/example_dags/example_kubernetes_executor.py
[2023-02-23 19:51:42,562] {scheduler_job.py:633} INFO - Processing file /home/airflow/.local/lib/python3.6/site-packages/airflow/example_dags/example_kubernetes_executor.py for tasks to queue
[2023-02-23 19:51:42,563] {logging_mixin.py:104} INFO - [2023-02-23 19:51:42,563] {dagbag.py:496} INFO - Filling up the DagBag from /home/airflow/.local/lib/python3.6/site-packages/airflow/example_dags/example_kubernetes_executor.py
[2023-02-23 19:51:42,572] {scheduler_job.py:643} INFO - DAG(s) dict_keys(['example_kubernetes_executor']) retrieved from /home/airflow/.local/lib/python3.6/site-packages/airflow/example_dags/example_kubernetes_executor.py
[2023-02-23 19:51:42,590] {logging_mixin.py:104} INFO - [2023-02-23 19:51:42,590] {dag.py:1833} INFO - Sync 1 DAGs
[2023-02-23 19:51:42,603] {logging_mixin.py:104} INFO - [2023-02-23 19:51:42,603] {dag.py:2306} INFO - Setting next_dagrun for example_kubernetes_executor to None
[2023-02-23 19:51:42,611] {scheduler_job.py:190} INFO - Processing /home/airflow/.local/lib/python3.6/site-packages/airflow/example_dags/example_kubernetes_executor.py took 0.052 seconds
[2023-02-23 19:52:13,144] {scheduler_job.py:182} INFO - Started process (PID=1089) to work on /home/airflow/.local/lib/python3.6/site-packages/airflow/example_dags/example_kubernetes_executor.py
[2023-02-23 19:52:13,144] {scheduler_job.py:633} INFO - Processing file /home/airflow/.local/lib/python3.6/site-packages/airflow/example_dags/example_kubernetes_executor.py for tasks to queue
[2023-02-23 19:52:13,145] {logging_mixin.py:104} INFO - [2023-02-23 19:52:13,145] {dagbag.py:496} INFO - Filling up the DagBag from /home/airflow/.local/lib/python3.6/site-packages/airflow/example_dags/example_kubernetes_executor.py
[2023-02-23 19:52:13,154] {scheduler_job.py:643} INFO - DAG(s) dict_keys(['example_kubernetes_executor']) retrieved from /home/airflow/.local/lib/python3.6/site-packages/airflow/example_dags/example_kubernetes_executor.py
[2023-02-23 19:52:13,170] {logging_mixin.py:104} INFO - [2023-02-23 19:52:13,170] {dag.py:1833} INFO - Sync 1 DAGs
[2023-02-23 19:52:13,183] {logging_mixin.py:104} INFO - [2023-02-23 19:52:13,183] {dag.py:2306} INFO - Setting next_dagrun for example_kubernetes_executor to None
[2023-02-23 19:52:13,191] {scheduler_job.py:190} INFO - Processing /home/airflow/.local/lib/python3.6/site-packages/airflow/example_dags/example_kubernetes_executor.py took 0.049 seconds
[2023-02-23 19:52:43,630] {scheduler_job.py:182} INFO - Started process (PID=1139) to work on /home/airflow/.local/lib/python3.6/site-packages/airflow/example_dags/example_kubernetes_executor.py
[2023-02-23 19:52:43,631] {scheduler_job.py:633} INFO - Processing file /home/airflow/.local/lib/python3.6/site-packages/airflow/example_dags/example_kubernetes_executor.py for tasks to queue
[2023-02-23 19:52:43,631] {logging_mixin.py:104} INFO - [2023-02-23 19:52:43,631] {dagbag.py:496} INFO - Filling up the DagBag from /home/airflow/.local/lib/python3.6/site-packages/airflow/example_dags/example_kubernetes_executor.py
[2023-02-23 19:52:43,642] {scheduler_job.py:643} INFO - DAG(s) dict_keys(['example_kubernetes_executor']) retrieved from /home/airflow/.local/lib/python3.6/site-packages/airflow/example_dags/example_kubernetes_executor.py
[2023-02-23 19:52:43,658] {logging_mixin.py:104} INFO - [2023-02-23 19:52:43,658] {dag.py:1833} INFO - Sync 1 DAGs
[2023-02-23 19:52:43,671] {logging_mixin.py:104} INFO - [2023-02-23 19:52:43,671] {dag.py:2306} INFO - Setting next_dagrun for example_kubernetes_executor to None
[2023-02-23 19:52:43,679] {scheduler_job.py:190} INFO - Processing /home/airflow/.local/lib/python3.6/site-packages/airflow/example_dags/example_kubernetes_executor.py took 0.051 seconds
[2023-02-23 19:53:14,446] {scheduler_job.py:182} INFO - Started process (PID=1200) to work on /home/airflow/.local/lib/python3.6/site-packages/airflow/example_dags/example_kubernetes_executor.py
[2023-02-23 19:53:14,447] {scheduler_job.py:633} INFO - Processing file /home/airflow/.local/lib/python3.6/site-packages/airflow/example_dags/example_kubernetes_executor.py for tasks to queue
[2023-02-23 19:53:14,447] {logging_mixin.py:104} INFO - [2023-02-23 19:53:14,447] {dagbag.py:496} INFO - Filling up the DagBag from /home/airflow/.local/lib/python3.6/site-packages/airflow/example_dags/example_kubernetes_executor.py
[2023-02-23 19:53:14,457] {scheduler_job.py:643} INFO - DAG(s) dict_keys(['example_kubernetes_executor']) retrieved from /home/airflow/.local/lib/python3.6/site-packages/airflow/example_dags/example_kubernetes_executor.py
[2023-02-23 19:53:14,478] {logging_mixin.py:104} INFO - [2023-02-23 19:53:14,477] {dag.py:1833} INFO - Sync 1 DAGs
[2023-02-23 19:53:14,497] {logging_mixin.py:104} INFO - [2023-02-23 19:53:14,496] {dag.py:2306} INFO - Setting next_dagrun for example_kubernetes_executor to None
[2023-02-23 19:53:14,507] {scheduler_job.py:190} INFO - Processing /home/airflow/.local/lib/python3.6/site-packages/airflow/example_dags/example_kubernetes_executor.py took 0.063 seconds
[2023-02-23 19:53:45,267] {scheduler_job.py:182} INFO - Started process (PID=1251) to work on /home/airflow/.local/lib/python3.6/site-packages/airflow/example_dags/example_kubernetes_executor.py
[2023-02-23 19:53:45,267] {scheduler_job.py:633} INFO - Processing file /home/airflow/.local/lib/python3.6/site-packages/airflow/example_dags/example_kubernetes_executor.py for tasks to queue
[2023-02-23 19:53:45,268] {logging_mixin.py:104} INFO - [2023-02-23 19:53:45,268] {dagbag.py:496} INFO - Filling up the DagBag from /home/airflow/.local/lib/python3.6/site-packages/airflow/example_dags/example_kubernetes_executor.py
[2023-02-23 19:53:45,278] {scheduler_job.py:643} INFO - DAG(s) dict_keys(['example_kubernetes_executor']) retrieved from /home/airflow/.local/lib/python3.6/site-packages/airflow/example_dags/example_kubernetes_executor.py
[2023-02-23 19:53:45,296] {logging_mixin.py:104} INFO - [2023-02-23 19:53:45,296] {dag.py:1833} INFO - Sync 1 DAGs
[2023-02-23 19:53:45,309] {logging_mixin.py:104} INFO - [2023-02-23 19:53:45,309] {dag.py:2306} INFO - Setting next_dagrun for example_kubernetes_executor to None
[2023-02-23 19:53:45,318] {scheduler_job.py:190} INFO - Processing /home/airflow/.local/lib/python3.6/site-packages/airflow/example_dags/example_kubernetes_executor.py took 0.054 seconds
[2023-02-23 19:54:15,842] {scheduler_job.py:182} INFO - Started process (PID=1312) to work on /home/airflow/.local/lib/python3.6/site-packages/airflow/example_dags/example_kubernetes_executor.py
[2023-02-23 19:54:15,842] {scheduler_job.py:633} INFO - Processing file /home/airflow/.local/lib/python3.6/site-packages/airflow/example_dags/example_kubernetes_executor.py for tasks to queue
[2023-02-23 19:54:15,843] {logging_mixin.py:104} INFO - [2023-02-23 19:54:15,843] {dagbag.py:496} INFO - Filling up the DagBag from /home/airflow/.local/lib/python3.6/site-packages/airflow/example_dags/example_kubernetes_executor.py
[2023-02-23 19:54:15,853] {scheduler_job.py:643} INFO - DAG(s) dict_keys(['example_kubernetes_executor']) retrieved from /home/airflow/.local/lib/python3.6/site-packages/airflow/example_dags/example_kubernetes_executor.py
[2023-02-23 19:54:15,871] {logging_mixin.py:104} INFO - [2023-02-23 19:54:15,870] {dag.py:1833} INFO - Sync 1 DAGs
[2023-02-23 19:54:15,882] {logging_mixin.py:104} INFO - [2023-02-23 19:54:15,882] {dag.py:2306} INFO - Setting next_dagrun for example_kubernetes_executor to None
[2023-02-23 19:54:15,890] {scheduler_job.py:190} INFO - Processing /home/airflow/.local/lib/python3.6/site-packages/airflow/example_dags/example_kubernetes_executor.py took 0.050 seconds
[2023-02-23 19:54:46,351] {scheduler_job.py:182} INFO - Started process (PID=1373) to work on /home/airflow/.local/lib/python3.6/site-packages/airflow/example_dags/example_kubernetes_executor.py
[2023-02-23 19:54:46,352] {scheduler_job.py:633} INFO - Processing file /home/airflow/.local/lib/python3.6/site-packages/airflow/example_dags/example_kubernetes_executor.py for tasks to queue
[2023-02-23 19:54:46,352] {logging_mixin.py:104} INFO - [2023-02-23 19:54:46,352] {dagbag.py:496} INFO - Filling up the DagBag from /home/airflow/.local/lib/python3.6/site-packages/airflow/example_dags/example_kubernetes_executor.py
[2023-02-23 19:54:46,371] {scheduler_job.py:643} INFO - DAG(s) dict_keys(['example_kubernetes_executor']) retrieved from /home/airflow/.local/lib/python3.6/site-packages/airflow/example_dags/example_kubernetes_executor.py
[2023-02-23 19:54:46,394] {logging_mixin.py:104} INFO - [2023-02-23 19:54:46,394] {dag.py:1833} INFO - Sync 1 DAGs
[2023-02-23 19:54:46,410] {logging_mixin.py:104} INFO - [2023-02-23 19:54:46,410] {dag.py:2306} INFO - Setting next_dagrun for example_kubernetes_executor to None
[2023-02-23 19:54:46,418] {scheduler_job.py:190} INFO - Processing /home/airflow/.local/lib/python3.6/site-packages/airflow/example_dags/example_kubernetes_executor.py took 0.069 seconds
[2023-02-23 19:55:16,699] {scheduler_job.py:182} INFO - Started process (PID=1424) to work on /home/airflow/.local/lib/python3.6/site-packages/airflow/example_dags/example_kubernetes_executor.py
[2023-02-23 19:55:16,700] {scheduler_job.py:633} INFO - Processing file /home/airflow/.local/lib/python3.6/site-packages/airflow/example_dags/example_kubernetes_executor.py for tasks to queue
[2023-02-23 19:55:16,701] {logging_mixin.py:104} INFO - [2023-02-23 19:55:16,701] {dagbag.py:496} INFO - Filling up the DagBag from /home/airflow/.local/lib/python3.6/site-packages/airflow/example_dags/example_kubernetes_executor.py
[2023-02-23 19:55:16,710] {scheduler_job.py:643} INFO - DAG(s) dict_keys(['example_kubernetes_executor']) retrieved from /home/airflow/.local/lib/python3.6/site-packages/airflow/example_dags/example_kubernetes_executor.py
[2023-02-23 19:55:16,728] {logging_mixin.py:104} INFO - [2023-02-23 19:55:16,728] {dag.py:1833} INFO - Sync 1 DAGs
[2023-02-23 19:55:16,771] {logging_mixin.py:104} INFO - [2023-02-23 19:55:16,771] {dag.py:2306} INFO - Setting next_dagrun for example_kubernetes_executor to None
[2023-02-23 19:55:16,778] {scheduler_job.py:190} INFO - Processing /home/airflow/.local/lib/python3.6/site-packages/airflow/example_dags/example_kubernetes_executor.py took 0.081 seconds
[2023-02-23 19:55:47,704] {scheduler_job.py:182} INFO - Started process (PID=1485) to work on /home/airflow/.local/lib/python3.6/site-packages/airflow/example_dags/example_kubernetes_executor.py
[2023-02-23 19:55:47,705] {scheduler_job.py:633} INFO - Processing file /home/airflow/.local/lib/python3.6/site-packages/airflow/example_dags/example_kubernetes_executor.py for tasks to queue
[2023-02-23 19:55:47,705] {logging_mixin.py:104} INFO - [2023-02-23 19:55:47,705] {dagbag.py:496} INFO - Filling up the DagBag from /home/airflow/.local/lib/python3.6/site-packages/airflow/example_dags/example_kubernetes_executor.py
[2023-02-23 19:55:47,716] {scheduler_job.py:643} INFO - DAG(s) dict_keys(['example_kubernetes_executor']) retrieved from /home/airflow/.local/lib/python3.6/site-packages/airflow/example_dags/example_kubernetes_executor.py
[2023-02-23 19:55:47,736] {logging_mixin.py:104} INFO - [2023-02-23 19:55:47,736] {dag.py:1833} INFO - Sync 1 DAGs
[2023-02-23 19:55:47,749] {logging_mixin.py:104} INFO - [2023-02-23 19:55:47,749] {dag.py:2306} INFO - Setting next_dagrun for example_kubernetes_executor to None
[2023-02-23 19:55:47,757] {scheduler_job.py:190} INFO - Processing /home/airflow/.local/lib/python3.6/site-packages/airflow/example_dags/example_kubernetes_executor.py took 0.055 seconds
[2023-02-23 19:56:18,525] {scheduler_job.py:182} INFO - Started process (PID=1537) to work on /home/airflow/.local/lib/python3.6/site-packages/airflow/example_dags/example_kubernetes_executor.py
[2023-02-23 19:56:18,525] {scheduler_job.py:633} INFO - Processing file /home/airflow/.local/lib/python3.6/site-packages/airflow/example_dags/example_kubernetes_executor.py for tasks to queue
[2023-02-23 19:56:18,526] {logging_mixin.py:104} INFO - [2023-02-23 19:56:18,526] {dagbag.py:496} INFO - Filling up the DagBag from /home/airflow/.local/lib/python3.6/site-packages/airflow/example_dags/example_kubernetes_executor.py
[2023-02-23 19:56:18,535] {scheduler_job.py:643} INFO - DAG(s) dict_keys(['example_kubernetes_executor']) retrieved from /home/airflow/.local/lib/python3.6/site-packages/airflow/example_dags/example_kubernetes_executor.py
[2023-02-23 19:56:18,554] {logging_mixin.py:104} INFO - [2023-02-23 19:56:18,554] {dag.py:1833} INFO - Sync 1 DAGs
[2023-02-23 19:56:18,566] {logging_mixin.py:104} INFO - [2023-02-23 19:56:18,566] {dag.py:2306} INFO - Setting next_dagrun for example_kubernetes_executor to None
[2023-02-23 19:56:18,574] {scheduler_job.py:190} INFO - Processing /home/airflow/.local/lib/python3.6/site-packages/airflow/example_dags/example_kubernetes_executor.py took 0.052 seconds
[2023-02-23 19:56:49,500] {scheduler_job.py:182} INFO - Started process (PID=1598) to work on /home/airflow/.local/lib/python3.6/site-packages/airflow/example_dags/example_kubernetes_executor.py
[2023-02-23 19:56:49,500] {scheduler_job.py:633} INFO - Processing file /home/airflow/.local/lib/python3.6/site-packages/airflow/example_dags/example_kubernetes_executor.py for tasks to queue
[2023-02-23 19:56:49,501] {logging_mixin.py:104} INFO - [2023-02-23 19:56:49,500] {dagbag.py:496} INFO - Filling up the DagBag from /home/airflow/.local/lib/python3.6/site-packages/airflow/example_dags/example_kubernetes_executor.py
[2023-02-23 19:56:49,511] {scheduler_job.py:643} INFO - DAG(s) dict_keys(['example_kubernetes_executor']) retrieved from /home/airflow/.local/lib/python3.6/site-packages/airflow/example_dags/example_kubernetes_executor.py
[2023-02-23 19:56:49,528] {logging_mixin.py:104} INFO - [2023-02-23 19:56:49,528] {dag.py:1833} INFO - Sync 1 DAGs
[2023-02-23 19:56:49,541] {logging_mixin.py:104} INFO - [2023-02-23 19:56:49,540] {dag.py:2306} INFO - Setting next_dagrun for example_kubernetes_executor to None
[2023-02-23 19:56:49,572] {scheduler_job.py:190} INFO - Processing /home/airflow/.local/lib/python3.6/site-packages/airflow/example_dags/example_kubernetes_executor.py took 0.074 seconds
[2023-02-23 19:57:20,287] {scheduler_job.py:182} INFO - Started process (PID=1649) to work on /home/airflow/.local/lib/python3.6/site-packages/airflow/example_dags/example_kubernetes_executor.py
[2023-02-23 19:57:20,288] {scheduler_job.py:633} INFO - Processing file /home/airflow/.local/lib/python3.6/site-packages/airflow/example_dags/example_kubernetes_executor.py for tasks to queue
[2023-02-23 19:57:20,288] {logging_mixin.py:104} INFO - [2023-02-23 19:57:20,288] {dagbag.py:496} INFO - Filling up the DagBag from /home/airflow/.local/lib/python3.6/site-packages/airflow/example_dags/example_kubernetes_executor.py
[2023-02-23 19:57:20,300] {scheduler_job.py:643} INFO - DAG(s) dict_keys(['example_kubernetes_executor']) retrieved from /home/airflow/.local/lib/python3.6/site-packages/airflow/example_dags/example_kubernetes_executor.py
[2023-02-23 19:57:20,315] {logging_mixin.py:104} INFO - [2023-02-23 19:57:20,315] {dag.py:1833} INFO - Sync 1 DAGs
[2023-02-23 19:57:20,327] {logging_mixin.py:104} INFO - [2023-02-23 19:57:20,327] {dag.py:2306} INFO - Setting next_dagrun for example_kubernetes_executor to None
[2023-02-23 19:57:20,333] {scheduler_job.py:190} INFO - Processing /home/airflow/.local/lib/python3.6/site-packages/airflow/example_dags/example_kubernetes_executor.py took 0.049 seconds
[2023-02-23 19:57:50,983] {scheduler_job.py:182} INFO - Started process (PID=1710) to work on /home/airflow/.local/lib/python3.6/site-packages/airflow/example_dags/example_kubernetes_executor.py
[2023-02-23 19:57:50,984] {scheduler_job.py:633} INFO - Processing file /home/airflow/.local/lib/python3.6/site-packages/airflow/example_dags/example_kubernetes_executor.py for tasks to queue
[2023-02-23 19:57:50,985] {logging_mixin.py:104} INFO - [2023-02-23 19:57:50,984] {dagbag.py:496} INFO - Filling up the DagBag from /home/airflow/.local/lib/python3.6/site-packages/airflow/example_dags/example_kubernetes_executor.py
[2023-02-23 19:57:50,996] {scheduler_job.py:643} INFO - DAG(s) dict_keys(['example_kubernetes_executor']) retrieved from /home/airflow/.local/lib/python3.6/site-packages/airflow/example_dags/example_kubernetes_executor.py
[2023-02-23 19:57:51,012] {logging_mixin.py:104} INFO - [2023-02-23 19:57:51,012] {dag.py:1833} INFO - Sync 1 DAGs
[2023-02-23 19:57:51,023] {logging_mixin.py:104} INFO - [2023-02-23 19:57:51,023] {dag.py:2306} INFO - Setting next_dagrun for example_kubernetes_executor to None
[2023-02-23 19:57:51,030] {scheduler_job.py:190} INFO - Processing /home/airflow/.local/lib/python3.6/site-packages/airflow/example_dags/example_kubernetes_executor.py took 0.049 seconds
[2023-02-23 19:58:21,584] {scheduler_job.py:182} INFO - Started process (PID=1771) to work on /home/airflow/.local/lib/python3.6/site-packages/airflow/example_dags/example_kubernetes_executor.py
[2023-02-23 19:58:21,585] {scheduler_job.py:633} INFO - Processing file /home/airflow/.local/lib/python3.6/site-packages/airflow/example_dags/example_kubernetes_executor.py for tasks to queue
[2023-02-23 19:58:21,585] {logging_mixin.py:104} INFO - [2023-02-23 19:58:21,585] {dagbag.py:496} INFO - Filling up the DagBag from /home/airflow/.local/lib/python3.6/site-packages/airflow/example_dags/example_kubernetes_executor.py
[2023-02-23 19:58:21,596] {scheduler_job.py:643} INFO - DAG(s) dict_keys(['example_kubernetes_executor']) retrieved from /home/airflow/.local/lib/python3.6/site-packages/airflow/example_dags/example_kubernetes_executor.py
[2023-02-23 19:58:21,613] {logging_mixin.py:104} INFO - [2023-02-23 19:58:21,612] {dag.py:1833} INFO - Sync 1 DAGs
[2023-02-23 19:58:21,626] {logging_mixin.py:104} INFO - [2023-02-23 19:58:21,626] {dag.py:2306} INFO - Setting next_dagrun for example_kubernetes_executor to None
[2023-02-23 19:58:21,634] {scheduler_job.py:190} INFO - Processing /home/airflow/.local/lib/python3.6/site-packages/airflow/example_dags/example_kubernetes_executor.py took 0.052 seconds
[2023-02-23 19:58:52,231] {scheduler_job.py:182} INFO - Started process (PID=1822) to work on /home/airflow/.local/lib/python3.6/site-packages/airflow/example_dags/example_kubernetes_executor.py
[2023-02-23 19:58:52,232] {scheduler_job.py:633} INFO - Processing file /home/airflow/.local/lib/python3.6/site-packages/airflow/example_dags/example_kubernetes_executor.py for tasks to queue
[2023-02-23 19:58:52,232] {logging_mixin.py:104} INFO - [2023-02-23 19:58:52,232] {dagbag.py:496} INFO - Filling up the DagBag from /home/airflow/.local/lib/python3.6/site-packages/airflow/example_dags/example_kubernetes_executor.py
[2023-02-23 19:58:52,243] {scheduler_job.py:643} INFO - DAG(s) dict_keys(['example_kubernetes_executor']) retrieved from /home/airflow/.local/lib/python3.6/site-packages/airflow/example_dags/example_kubernetes_executor.py
[2023-02-23 19:58:52,258] {logging_mixin.py:104} INFO - [2023-02-23 19:58:52,258] {dag.py:1833} INFO - Sync 1 DAGs
[2023-02-23 19:58:52,269] {logging_mixin.py:104} INFO - [2023-02-23 19:58:52,269] {dag.py:2306} INFO - Setting next_dagrun for example_kubernetes_executor to None
[2023-02-23 19:58:52,276] {scheduler_job.py:190} INFO - Processing /home/airflow/.local/lib/python3.6/site-packages/airflow/example_dags/example_kubernetes_executor.py took 0.048 seconds
[2023-02-23 19:59:22,804] {scheduler_job.py:182} INFO - Started process (PID=1883) to work on /home/airflow/.local/lib/python3.6/site-packages/airflow/example_dags/example_kubernetes_executor.py
[2023-02-23 19:59:22,804] {scheduler_job.py:633} INFO - Processing file /home/airflow/.local/lib/python3.6/site-packages/airflow/example_dags/example_kubernetes_executor.py for tasks to queue
[2023-02-23 19:59:22,805] {logging_mixin.py:104} INFO - [2023-02-23 19:59:22,804] {dagbag.py:496} INFO - Filling up the DagBag from /home/airflow/.local/lib/python3.6/site-packages/airflow/example_dags/example_kubernetes_executor.py
[2023-02-23 19:59:22,816] {scheduler_job.py:643} INFO - DAG(s) dict_keys(['example_kubernetes_executor']) retrieved from /home/airflow/.local/lib/python3.6/site-packages/airflow/example_dags/example_kubernetes_executor.py
[2023-02-23 19:59:22,833] {logging_mixin.py:104} INFO - [2023-02-23 19:59:22,833] {dag.py:1833} INFO - Sync 1 DAGs
[2023-02-23 19:59:22,844] {logging_mixin.py:104} INFO - [2023-02-23 19:59:22,844] {dag.py:2306} INFO - Setting next_dagrun for example_kubernetes_executor to None
[2023-02-23 19:59:22,852] {scheduler_job.py:190} INFO - Processing /home/airflow/.local/lib/python3.6/site-packages/airflow/example_dags/example_kubernetes_executor.py took 0.050 seconds
[2023-02-23 19:59:53,573] {scheduler_job.py:182} INFO - Started process (PID=1934) to work on /home/airflow/.local/lib/python3.6/site-packages/airflow/example_dags/example_kubernetes_executor.py
[2023-02-23 19:59:53,574] {scheduler_job.py:633} INFO - Processing file /home/airflow/.local/lib/python3.6/site-packages/airflow/example_dags/example_kubernetes_executor.py for tasks to queue
[2023-02-23 19:59:53,574] {logging_mixin.py:104} INFO - [2023-02-23 19:59:53,574] {dagbag.py:496} INFO - Filling up the DagBag from /home/airflow/.local/lib/python3.6/site-packages/airflow/example_dags/example_kubernetes_executor.py
[2023-02-23 19:59:53,585] {scheduler_job.py:643} INFO - DAG(s) dict_keys(['example_kubernetes_executor']) retrieved from /home/airflow/.local/lib/python3.6/site-packages/airflow/example_dags/example_kubernetes_executor.py
[2023-02-23 19:59:53,607] {logging_mixin.py:104} INFO - [2023-02-23 19:59:53,607] {dag.py:1833} INFO - Sync 1 DAGs
[2023-02-23 19:59:53,622] {logging_mixin.py:104} INFO - [2023-02-23 19:59:53,622] {dag.py:2306} INFO - Setting next_dagrun for example_kubernetes_executor to None
[2023-02-23 19:59:53,631] {scheduler_job.py:190} INFO - Processing /home/airflow/.local/lib/python3.6/site-packages/airflow/example_dags/example_kubernetes_executor.py took 0.060 seconds
[2023-02-23 20:00:24,353] {scheduler_job.py:182} INFO - Started process (PID=1995) to work on /home/airflow/.local/lib/python3.6/site-packages/airflow/example_dags/example_kubernetes_executor.py
[2023-02-23 20:00:24,356] {scheduler_job.py:633} INFO - Processing file /home/airflow/.local/lib/python3.6/site-packages/airflow/example_dags/example_kubernetes_executor.py for tasks to queue
[2023-02-23 20:00:24,356] {logging_mixin.py:104} INFO - [2023-02-23 20:00:24,356] {dagbag.py:496} INFO - Filling up the DagBag from /home/airflow/.local/lib/python3.6/site-packages/airflow/example_dags/example_kubernetes_executor.py
[2023-02-23 20:00:24,365] {scheduler_job.py:643} INFO - DAG(s) dict_keys(['example_kubernetes_executor']) retrieved from /home/airflow/.local/lib/python3.6/site-packages/airflow/example_dags/example_kubernetes_executor.py
[2023-02-23 20:00:24,383] {logging_mixin.py:104} INFO - [2023-02-23 20:00:24,383] {dag.py:1833} INFO - Sync 1 DAGs
[2023-02-23 20:00:24,396] {logging_mixin.py:104} INFO - [2023-02-23 20:00:24,396] {dag.py:2306} INFO - Setting next_dagrun for example_kubernetes_executor to None
[2023-02-23 20:00:24,403] {scheduler_job.py:190} INFO - Processing /home/airflow/.local/lib/python3.6/site-packages/airflow/example_dags/example_kubernetes_executor.py took 0.052 seconds
[2023-02-23 20:00:54,981] {scheduler_job.py:182} INFO - Started process (PID=2046) to work on /home/airflow/.local/lib/python3.6/site-packages/airflow/example_dags/example_kubernetes_executor.py
[2023-02-23 20:00:54,982] {scheduler_job.py:633} INFO - Processing file /home/airflow/.local/lib/python3.6/site-packages/airflow/example_dags/example_kubernetes_executor.py for tasks to queue
[2023-02-23 20:00:54,982] {logging_mixin.py:104} INFO - [2023-02-23 20:00:54,982] {dagbag.py:496} INFO - Filling up the DagBag from /home/airflow/.local/lib/python3.6/site-packages/airflow/example_dags/example_kubernetes_executor.py
[2023-02-23 20:00:54,992] {scheduler_job.py:643} INFO - DAG(s) dict_keys(['example_kubernetes_executor']) retrieved from /home/airflow/.local/lib/python3.6/site-packages/airflow/example_dags/example_kubernetes_executor.py
[2023-02-23 20:00:55,010] {logging_mixin.py:104} INFO - [2023-02-23 20:00:55,010] {dag.py:1833} INFO - Sync 1 DAGs
[2023-02-23 20:00:55,022] {logging_mixin.py:104} INFO - [2023-02-23 20:00:55,022] {dag.py:2306} INFO - Setting next_dagrun for example_kubernetes_executor to None
[2023-02-23 20:00:55,029] {scheduler_job.py:190} INFO - Processing /home/airflow/.local/lib/python3.6/site-packages/airflow/example_dags/example_kubernetes_executor.py took 0.051 seconds
[2023-02-23 20:01:25,617] {scheduler_job.py:182} INFO - Started process (PID=2107) to work on /home/airflow/.local/lib/python3.6/site-packages/airflow/example_dags/example_kubernetes_executor.py
[2023-02-23 20:01:25,618] {scheduler_job.py:633} INFO - Processing file /home/airflow/.local/lib/python3.6/site-packages/airflow/example_dags/example_kubernetes_executor.py for tasks to queue
[2023-02-23 20:01:25,618] {logging_mixin.py:104} INFO - [2023-02-23 20:01:25,618] {dagbag.py:496} INFO - Filling up the DagBag from /home/airflow/.local/lib/python3.6/site-packages/airflow/example_dags/example_kubernetes_executor.py
[2023-02-23 20:01:25,628] {scheduler_job.py:643} INFO - DAG(s) dict_keys(['example_kubernetes_executor']) retrieved from /home/airflow/.local/lib/python3.6/site-packages/airflow/example_dags/example_kubernetes_executor.py
[2023-02-23 20:01:25,646] {logging_mixin.py:104} INFO - [2023-02-23 20:01:25,646] {dag.py:1833} INFO - Sync 1 DAGs
[2023-02-23 20:01:25,658] {logging_mixin.py:104} INFO - [2023-02-23 20:01:25,658] {dag.py:2306} INFO - Setting next_dagrun for example_kubernetes_executor to None
[2023-02-23 20:01:25,665] {scheduler_job.py:190} INFO - Processing /home/airflow/.local/lib/python3.6/site-packages/airflow/example_dags/example_kubernetes_executor.py took 0.051 seconds
[2023-02-23 20:01:56,343] {scheduler_job.py:182} INFO - Started process (PID=2158) to work on /home/airflow/.local/lib/python3.6/site-packages/airflow/example_dags/example_kubernetes_executor.py
[2023-02-23 20:01:56,344] {scheduler_job.py:633} INFO - Processing file /home/airflow/.local/lib/python3.6/site-packages/airflow/example_dags/example_kubernetes_executor.py for tasks to queue
[2023-02-23 20:01:56,345] {logging_mixin.py:104} INFO - [2023-02-23 20:01:56,344] {dagbag.py:496} INFO - Filling up the DagBag from /home/airflow/.local/lib/python3.6/site-packages/airflow/example_dags/example_kubernetes_executor.py
[2023-02-23 20:01:56,355] {scheduler_job.py:643} INFO - DAG(s) dict_keys(['example_kubernetes_executor']) retrieved from /home/airflow/.local/lib/python3.6/site-packages/airflow/example_dags/example_kubernetes_executor.py
[2023-02-23 20:01:56,373] {logging_mixin.py:104} INFO - [2023-02-23 20:01:56,373] {dag.py:1833} INFO - Sync 1 DAGs
[2023-02-23 20:01:56,386] {logging_mixin.py:104} INFO - [2023-02-23 20:01:56,386] {dag.py:2306} INFO - Setting next_dagrun for example_kubernetes_executor to None
[2023-02-23 20:01:56,394] {scheduler_job.py:190} INFO - Processing /home/airflow/.local/lib/python3.6/site-packages/airflow/example_dags/example_kubernetes_executor.py took 0.053 seconds
[2023-02-23 20:02:27,076] {scheduler_job.py:182} INFO - Started process (PID=2219) to work on /home/airflow/.local/lib/python3.6/site-packages/airflow/example_dags/example_kubernetes_executor.py
[2023-02-23 20:02:27,077] {scheduler_job.py:633} INFO - Processing file /home/airflow/.local/lib/python3.6/site-packages/airflow/example_dags/example_kubernetes_executor.py for tasks to queue
[2023-02-23 20:02:27,077] {logging_mixin.py:104} INFO - [2023-02-23 20:02:27,077] {dagbag.py:496} INFO - Filling up the DagBag from /home/airflow/.local/lib/python3.6/site-packages/airflow/example_dags/example_kubernetes_executor.py
[2023-02-23 20:02:27,086] {scheduler_job.py:643} INFO - DAG(s) dict_keys(['example_kubernetes_executor']) retrieved from /home/airflow/.local/lib/python3.6/site-packages/airflow/example_dags/example_kubernetes_executor.py
[2023-02-23 20:02:27,103] {logging_mixin.py:104} INFO - [2023-02-23 20:02:27,103] {dag.py:1833} INFO - Sync 1 DAGs
[2023-02-23 20:02:27,115] {logging_mixin.py:104} INFO - [2023-02-23 20:02:27,115] {dag.py:2306} INFO - Setting next_dagrun for example_kubernetes_executor to None
[2023-02-23 20:02:27,121] {scheduler_job.py:190} INFO - Processing /home/airflow/.local/lib/python3.6/site-packages/airflow/example_dags/example_kubernetes_executor.py took 0.048 seconds
[2023-02-23 20:02:57,744] {scheduler_job.py:182} INFO - Started process (PID=2280) to work on /home/airflow/.local/lib/python3.6/site-packages/airflow/example_dags/example_kubernetes_executor.py
[2023-02-23 20:02:57,744] {scheduler_job.py:633} INFO - Processing file /home/airflow/.local/lib/python3.6/site-packages/airflow/example_dags/example_kubernetes_executor.py for tasks to queue
[2023-02-23 20:02:57,745] {logging_mixin.py:104} INFO - [2023-02-23 20:02:57,745] {dagbag.py:496} INFO - Filling up the DagBag from /home/airflow/.local/lib/python3.6/site-packages/airflow/example_dags/example_kubernetes_executor.py
[2023-02-23 20:02:57,754] {scheduler_job.py:643} INFO - DAG(s) dict_keys(['example_kubernetes_executor']) retrieved from /home/airflow/.local/lib/python3.6/site-packages/airflow/example_dags/example_kubernetes_executor.py
[2023-02-23 20:02:57,785] {logging_mixin.py:104} INFO - [2023-02-23 20:02:57,785] {dag.py:1833} INFO - Sync 1 DAGs
[2023-02-23 20:02:57,797] {logging_mixin.py:104} INFO - [2023-02-23 20:02:57,797] {dag.py:2306} INFO - Setting next_dagrun for example_kubernetes_executor to None
[2023-02-23 20:02:57,804] {scheduler_job.py:190} INFO - Processing /home/airflow/.local/lib/python3.6/site-packages/airflow/example_dags/example_kubernetes_executor.py took 0.062 seconds
[2023-02-23 20:03:28,363] {scheduler_job.py:182} INFO - Started process (PID=2331) to work on /home/airflow/.local/lib/python3.6/site-packages/airflow/example_dags/example_kubernetes_executor.py
[2023-02-23 20:03:28,364] {scheduler_job.py:633} INFO - Processing file /home/airflow/.local/lib/python3.6/site-packages/airflow/example_dags/example_kubernetes_executor.py for tasks to queue
[2023-02-23 20:03:28,364] {logging_mixin.py:104} INFO - [2023-02-23 20:03:28,364] {dagbag.py:496} INFO - Filling up the DagBag from /home/airflow/.local/lib/python3.6/site-packages/airflow/example_dags/example_kubernetes_executor.py
[2023-02-23 20:03:28,375] {scheduler_job.py:643} INFO - DAG(s) dict_keys(['example_kubernetes_executor']) retrieved from /home/airflow/.local/lib/python3.6/site-packages/airflow/example_dags/example_kubernetes_executor.py
[2023-02-23 20:03:28,391] {logging_mixin.py:104} INFO - [2023-02-23 20:03:28,391] {dag.py:1833} INFO - Sync 1 DAGs
[2023-02-23 20:03:28,403] {logging_mixin.py:104} INFO - [2023-02-23 20:03:28,403] {dag.py:2306} INFO - Setting next_dagrun for example_kubernetes_executor to None
[2023-02-23 20:03:28,409] {scheduler_job.py:190} INFO - Processing /home/airflow/.local/lib/python3.6/site-packages/airflow/example_dags/example_kubernetes_executor.py took 0.048 seconds
[2023-02-23 20:03:59,005] {scheduler_job.py:182} INFO - Started process (PID=2392) to work on /home/airflow/.local/lib/python3.6/site-packages/airflow/example_dags/example_kubernetes_executor.py
[2023-02-23 20:03:59,006] {scheduler_job.py:633} INFO - Processing file /home/airflow/.local/lib/python3.6/site-packages/airflow/example_dags/example_kubernetes_executor.py for tasks to queue
[2023-02-23 20:03:59,006] {logging_mixin.py:104} INFO - [2023-02-23 20:03:59,006] {dagbag.py:496} INFO - Filling up the DagBag from /home/airflow/.local/lib/python3.6/site-packages/airflow/example_dags/example_kubernetes_executor.py
[2023-02-23 20:03:59,016] {scheduler_job.py:643} INFO - DAG(s) dict_keys(['example_kubernetes_executor']) retrieved from /home/airflow/.local/lib/python3.6/site-packages/airflow/example_dags/example_kubernetes_executor.py
[2023-02-23 20:03:59,033] {logging_mixin.py:104} INFO - [2023-02-23 20:03:59,033] {dag.py:1833} INFO - Sync 1 DAGs
[2023-02-23 20:03:59,044] {logging_mixin.py:104} INFO - [2023-02-23 20:03:59,044] {dag.py:2306} INFO - Setting next_dagrun for example_kubernetes_executor to None
[2023-02-23 20:03:59,051] {scheduler_job.py:190} INFO - Processing /home/airflow/.local/lib/python3.6/site-packages/airflow/example_dags/example_kubernetes_executor.py took 0.049 seconds
[2023-02-23 20:04:29,494] {scheduler_job.py:182} INFO - Started process (PID=2443) to work on /home/airflow/.local/lib/python3.6/site-packages/airflow/example_dags/example_kubernetes_executor.py
[2023-02-23 20:04:29,495] {scheduler_job.py:633} INFO - Processing file /home/airflow/.local/lib/python3.6/site-packages/airflow/example_dags/example_kubernetes_executor.py for tasks to queue
[2023-02-23 20:04:29,495] {logging_mixin.py:104} INFO - [2023-02-23 20:04:29,495] {dagbag.py:496} INFO - Filling up the DagBag from /home/airflow/.local/lib/python3.6/site-packages/airflow/example_dags/example_kubernetes_executor.py
[2023-02-23 20:04:29,506] {scheduler_job.py:643} INFO - DAG(s) dict_keys(['example_kubernetes_executor']) retrieved from /home/airflow/.local/lib/python3.6/site-packages/airflow/example_dags/example_kubernetes_executor.py
[2023-02-23 20:04:29,525] {logging_mixin.py:104} INFO - [2023-02-23 20:04:29,524] {dag.py:1833} INFO - Sync 1 DAGs
[2023-02-23 20:04:29,537] {logging_mixin.py:104} INFO - [2023-02-23 20:04:29,537] {dag.py:2306} INFO - Setting next_dagrun for example_kubernetes_executor to None
[2023-02-23 20:04:29,544] {scheduler_job.py:190} INFO - Processing /home/airflow/.local/lib/python3.6/site-packages/airflow/example_dags/example_kubernetes_executor.py took 0.052 seconds
