[2023-02-23 12:25:55,974] {scheduler_job.py:182} INFO - Started process (PID=83) to work on /home/airflow/.local/lib/python3.6/site-packages/airflow/example_dags/example_dag_decorator.py
[2023-02-23 12:25:55,974] {scheduler_job.py:633} INFO - Processing file /home/airflow/.local/lib/python3.6/site-packages/airflow/example_dags/example_dag_decorator.py for tasks to queue
[2023-02-23 12:25:55,975] {logging_mixin.py:104} INFO - [2023-02-23 12:25:55,975] {dagbag.py:496} INFO - Filling up the DagBag from /home/airflow/.local/lib/python3.6/site-packages/airflow/example_dags/example_dag_decorator.py
[2023-02-23 12:25:55,992] {scheduler_job.py:643} INFO - DAG(s) dict_keys(['example_dag_decorator']) retrieved from /home/airflow/.local/lib/python3.6/site-packages/airflow/example_dags/example_dag_decorator.py
[2023-02-23 12:25:56,287] {logging_mixin.py:104} INFO - [2023-02-23 12:25:56,287] {dag.py:1833} INFO - Sync 1 DAGs
[2023-02-23 12:25:56,299] {logging_mixin.py:104} INFO - [2023-02-23 12:25:56,299] {dag.py:2306} INFO - Setting next_dagrun for example_dag_decorator to None
[2023-02-23 12:25:56,322] {scheduler_job.py:190} INFO - Processing /home/airflow/.local/lib/python3.6/site-packages/airflow/example_dags/example_dag_decorator.py took 0.351 seconds
[2023-02-23 12:26:27,227] {scheduler_job.py:182} INFO - Started process (PID=134) to work on /home/airflow/.local/lib/python3.6/site-packages/airflow/example_dags/example_dag_decorator.py
[2023-02-23 12:26:27,228] {scheduler_job.py:633} INFO - Processing file /home/airflow/.local/lib/python3.6/site-packages/airflow/example_dags/example_dag_decorator.py for tasks to queue
[2023-02-23 12:26:27,228] {logging_mixin.py:104} INFO - [2023-02-23 12:26:27,228] {dagbag.py:496} INFO - Filling up the DagBag from /home/airflow/.local/lib/python3.6/site-packages/airflow/example_dags/example_dag_decorator.py
[2023-02-23 12:26:27,242] {scheduler_job.py:643} INFO - DAG(s) dict_keys(['example_dag_decorator']) retrieved from /home/airflow/.local/lib/python3.6/site-packages/airflow/example_dags/example_dag_decorator.py
[2023-02-23 12:26:27,425] {logging_mixin.py:104} INFO - [2023-02-23 12:26:27,425] {dag.py:1833} INFO - Sync 1 DAGs
[2023-02-23 12:26:27,436] {logging_mixin.py:104} INFO - [2023-02-23 12:26:27,436] {dag.py:2306} INFO - Setting next_dagrun for example_dag_decorator to None
[2023-02-23 12:26:27,460] {scheduler_job.py:190} INFO - Processing /home/airflow/.local/lib/python3.6/site-packages/airflow/example_dags/example_dag_decorator.py took 0.235 seconds
[2023-02-23 16:46:48,285] {scheduler_job.py:182} INFO - Started process (PID=68) to work on /home/airflow/.local/lib/python3.6/site-packages/airflow/example_dags/example_dag_decorator.py
[2023-02-23 16:46:48,286] {scheduler_job.py:633} INFO - Processing file /home/airflow/.local/lib/python3.6/site-packages/airflow/example_dags/example_dag_decorator.py for tasks to queue
[2023-02-23 16:46:48,287] {logging_mixin.py:104} INFO - [2023-02-23 16:46:48,287] {dagbag.py:496} INFO - Filling up the DagBag from /home/airflow/.local/lib/python3.6/site-packages/airflow/example_dags/example_dag_decorator.py
[2023-02-23 16:46:48,306] {scheduler_job.py:643} INFO - DAG(s) dict_keys(['example_dag_decorator']) retrieved from /home/airflow/.local/lib/python3.6/site-packages/airflow/example_dags/example_dag_decorator.py
[2023-02-23 16:46:48,721] {logging_mixin.py:104} INFO - [2023-02-23 16:46:48,721] {dag.py:1833} INFO - Sync 1 DAGs
[2023-02-23 16:46:48,773] {logging_mixin.py:104} INFO - [2023-02-23 16:46:48,773] {dag.py:2306} INFO - Setting next_dagrun for example_dag_decorator to None
[2023-02-23 16:46:48,785] {scheduler_job.py:190} INFO - Processing /home/airflow/.local/lib/python3.6/site-packages/airflow/example_dags/example_dag_decorator.py took 0.502 seconds
[2023-02-23 16:47:19,398] {scheduler_job.py:182} INFO - Started process (PID=120) to work on /home/airflow/.local/lib/python3.6/site-packages/airflow/example_dags/example_dag_decorator.py
[2023-02-23 16:47:19,399] {scheduler_job.py:633} INFO - Processing file /home/airflow/.local/lib/python3.6/site-packages/airflow/example_dags/example_dag_decorator.py for tasks to queue
[2023-02-23 16:47:19,399] {logging_mixin.py:104} INFO - [2023-02-23 16:47:19,399] {dagbag.py:496} INFO - Filling up the DagBag from /home/airflow/.local/lib/python3.6/site-packages/airflow/example_dags/example_dag_decorator.py
[2023-02-23 16:47:19,415] {scheduler_job.py:643} INFO - DAG(s) dict_keys(['example_dag_decorator']) retrieved from /home/airflow/.local/lib/python3.6/site-packages/airflow/example_dags/example_dag_decorator.py
[2023-02-23 16:47:19,593] {logging_mixin.py:104} INFO - [2023-02-23 16:47:19,592] {dag.py:1833} INFO - Sync 1 DAGs
[2023-02-23 16:47:19,604] {logging_mixin.py:104} INFO - [2023-02-23 16:47:19,604] {dag.py:2306} INFO - Setting next_dagrun for example_dag_decorator to None
[2023-02-23 16:47:19,612] {scheduler_job.py:190} INFO - Processing /home/airflow/.local/lib/python3.6/site-packages/airflow/example_dags/example_dag_decorator.py took 0.217 seconds
[2023-02-23 16:47:50,000] {scheduler_job.py:182} INFO - Started process (PID=182) to work on /home/airflow/.local/lib/python3.6/site-packages/airflow/example_dags/example_dag_decorator.py
[2023-02-23 16:47:50,001] {scheduler_job.py:633} INFO - Processing file /home/airflow/.local/lib/python3.6/site-packages/airflow/example_dags/example_dag_decorator.py for tasks to queue
[2023-02-23 16:47:50,001] {logging_mixin.py:104} INFO - [2023-02-23 16:47:50,001] {dagbag.py:496} INFO - Filling up the DagBag from /home/airflow/.local/lib/python3.6/site-packages/airflow/example_dags/example_dag_decorator.py
[2023-02-23 16:47:50,017] {scheduler_job.py:643} INFO - DAG(s) dict_keys(['example_dag_decorator']) retrieved from /home/airflow/.local/lib/python3.6/site-packages/airflow/example_dags/example_dag_decorator.py
[2023-02-23 16:47:50,219] {logging_mixin.py:104} INFO - [2023-02-23 16:47:50,219] {dag.py:1833} INFO - Sync 1 DAGs
[2023-02-23 16:47:50,234] {logging_mixin.py:104} INFO - [2023-02-23 16:47:50,233] {dag.py:2306} INFO - Setting next_dagrun for example_dag_decorator to None
[2023-02-23 16:47:50,272] {scheduler_job.py:190} INFO - Processing /home/airflow/.local/lib/python3.6/site-packages/airflow/example_dags/example_dag_decorator.py took 0.274 seconds
[2023-02-23 16:48:21,003] {scheduler_job.py:182} INFO - Started process (PID=234) to work on /home/airflow/.local/lib/python3.6/site-packages/airflow/example_dags/example_dag_decorator.py
[2023-02-23 16:48:21,004] {scheduler_job.py:633} INFO - Processing file /home/airflow/.local/lib/python3.6/site-packages/airflow/example_dags/example_dag_decorator.py for tasks to queue
[2023-02-23 16:48:21,005] {logging_mixin.py:104} INFO - [2023-02-23 16:48:21,005] {dagbag.py:496} INFO - Filling up the DagBag from /home/airflow/.local/lib/python3.6/site-packages/airflow/example_dags/example_dag_decorator.py
[2023-02-23 16:48:21,020] {scheduler_job.py:643} INFO - DAG(s) dict_keys(['example_dag_decorator']) retrieved from /home/airflow/.local/lib/python3.6/site-packages/airflow/example_dags/example_dag_decorator.py
[2023-02-23 16:48:21,206] {logging_mixin.py:104} INFO - [2023-02-23 16:48:21,206] {dag.py:1833} INFO - Sync 1 DAGs
[2023-02-23 16:48:21,217] {logging_mixin.py:104} INFO - [2023-02-23 16:48:21,217] {dag.py:2306} INFO - Setting next_dagrun for example_dag_decorator to None
[2023-02-23 16:48:21,227] {scheduler_job.py:190} INFO - Processing /home/airflow/.local/lib/python3.6/site-packages/airflow/example_dags/example_dag_decorator.py took 0.226 seconds
[2023-02-23 16:48:51,776] {scheduler_job.py:182} INFO - Started process (PID=296) to work on /home/airflow/.local/lib/python3.6/site-packages/airflow/example_dags/example_dag_decorator.py
[2023-02-23 16:48:51,776] {scheduler_job.py:633} INFO - Processing file /home/airflow/.local/lib/python3.6/site-packages/airflow/example_dags/example_dag_decorator.py for tasks to queue
[2023-02-23 16:48:51,777] {logging_mixin.py:104} INFO - [2023-02-23 16:48:51,777] {dagbag.py:496} INFO - Filling up the DagBag from /home/airflow/.local/lib/python3.6/site-packages/airflow/example_dags/example_dag_decorator.py
[2023-02-23 16:48:51,793] {scheduler_job.py:643} INFO - DAG(s) dict_keys(['example_dag_decorator']) retrieved from /home/airflow/.local/lib/python3.6/site-packages/airflow/example_dags/example_dag_decorator.py
[2023-02-23 16:48:51,966] {logging_mixin.py:104} INFO - [2023-02-23 16:48:51,965] {dag.py:1833} INFO - Sync 1 DAGs
[2023-02-23 16:48:51,979] {logging_mixin.py:104} INFO - [2023-02-23 16:48:51,979] {dag.py:2306} INFO - Setting next_dagrun for example_dag_decorator to None
[2023-02-23 16:48:51,990] {scheduler_job.py:190} INFO - Processing /home/airflow/.local/lib/python3.6/site-packages/airflow/example_dags/example_dag_decorator.py took 0.217 seconds
[2023-02-23 16:49:22,448] {scheduler_job.py:182} INFO - Started process (PID=355) to work on /home/airflow/.local/lib/python3.6/site-packages/airflow/example_dags/example_dag_decorator.py
[2023-02-23 16:49:22,449] {scheduler_job.py:633} INFO - Processing file /home/airflow/.local/lib/python3.6/site-packages/airflow/example_dags/example_dag_decorator.py for tasks to queue
[2023-02-23 16:49:22,450] {logging_mixin.py:104} INFO - [2023-02-23 16:49:22,450] {dagbag.py:496} INFO - Filling up the DagBag from /home/airflow/.local/lib/python3.6/site-packages/airflow/example_dags/example_dag_decorator.py
[2023-02-23 16:49:22,475] {scheduler_job.py:643} INFO - DAG(s) dict_keys(['example_dag_decorator']) retrieved from /home/airflow/.local/lib/python3.6/site-packages/airflow/example_dags/example_dag_decorator.py
[2023-02-23 16:49:22,900] {logging_mixin.py:104} INFO - [2023-02-23 16:49:22,900] {dag.py:1833} INFO - Sync 1 DAGs
[2023-02-23 16:49:22,911] {logging_mixin.py:104} INFO - [2023-02-23 16:49:22,911] {dag.py:2306} INFO - Setting next_dagrun for example_dag_decorator to None
[2023-02-23 16:49:22,975] {scheduler_job.py:190} INFO - Processing /home/airflow/.local/lib/python3.6/site-packages/airflow/example_dags/example_dag_decorator.py took 0.530 seconds
[2023-02-23 16:49:53,275] {scheduler_job.py:182} INFO - Started process (PID=400) to work on /home/airflow/.local/lib/python3.6/site-packages/airflow/example_dags/example_dag_decorator.py
[2023-02-23 16:49:53,276] {scheduler_job.py:633} INFO - Processing file /home/airflow/.local/lib/python3.6/site-packages/airflow/example_dags/example_dag_decorator.py for tasks to queue
[2023-02-23 16:49:53,276] {logging_mixin.py:104} INFO - [2023-02-23 16:49:53,276] {dagbag.py:496} INFO - Filling up the DagBag from /home/airflow/.local/lib/python3.6/site-packages/airflow/example_dags/example_dag_decorator.py
[2023-02-23 16:49:53,292] {scheduler_job.py:643} INFO - DAG(s) dict_keys(['example_dag_decorator']) retrieved from /home/airflow/.local/lib/python3.6/site-packages/airflow/example_dags/example_dag_decorator.py
[2023-02-23 16:49:53,480] {logging_mixin.py:104} INFO - [2023-02-23 16:49:53,480] {dag.py:1833} INFO - Sync 1 DAGs
[2023-02-23 16:49:53,493] {logging_mixin.py:104} INFO - [2023-02-23 16:49:53,493] {dag.py:2306} INFO - Setting next_dagrun for example_dag_decorator to None
[2023-02-23 16:49:53,502] {scheduler_job.py:190} INFO - Processing /home/airflow/.local/lib/python3.6/site-packages/airflow/example_dags/example_dag_decorator.py took 0.230 seconds
[2023-02-23 16:50:23,586] {scheduler_job.py:182} INFO - Started process (PID=462) to work on /home/airflow/.local/lib/python3.6/site-packages/airflow/example_dags/example_dag_decorator.py
[2023-02-23 16:50:23,587] {scheduler_job.py:633} INFO - Processing file /home/airflow/.local/lib/python3.6/site-packages/airflow/example_dags/example_dag_decorator.py for tasks to queue
[2023-02-23 16:50:23,587] {logging_mixin.py:104} INFO - [2023-02-23 16:50:23,587] {dagbag.py:496} INFO - Filling up the DagBag from /home/airflow/.local/lib/python3.6/site-packages/airflow/example_dags/example_dag_decorator.py
[2023-02-23 16:50:23,606] {scheduler_job.py:643} INFO - DAG(s) dict_keys(['example_dag_decorator']) retrieved from /home/airflow/.local/lib/python3.6/site-packages/airflow/example_dags/example_dag_decorator.py
[2023-02-23 16:50:24,083] {logging_mixin.py:104} INFO - [2023-02-23 16:50:24,082] {dag.py:1833} INFO - Sync 1 DAGs
[2023-02-23 16:50:24,097] {logging_mixin.py:104} INFO - [2023-02-23 16:50:24,097] {dag.py:2306} INFO - Setting next_dagrun for example_dag_decorator to None
[2023-02-23 16:50:24,106] {scheduler_job.py:190} INFO - Processing /home/airflow/.local/lib/python3.6/site-packages/airflow/example_dags/example_dag_decorator.py took 0.523 seconds
[2023-02-23 16:50:54,875] {scheduler_job.py:182} INFO - Started process (PID=514) to work on /home/airflow/.local/lib/python3.6/site-packages/airflow/example_dags/example_dag_decorator.py
[2023-02-23 16:50:54,876] {scheduler_job.py:633} INFO - Processing file /home/airflow/.local/lib/python3.6/site-packages/airflow/example_dags/example_dag_decorator.py for tasks to queue
[2023-02-23 16:50:54,876] {logging_mixin.py:104} INFO - [2023-02-23 16:50:54,876] {dagbag.py:496} INFO - Filling up the DagBag from /home/airflow/.local/lib/python3.6/site-packages/airflow/example_dags/example_dag_decorator.py
[2023-02-23 16:50:54,901] {scheduler_job.py:643} INFO - DAG(s) dict_keys(['example_dag_decorator']) retrieved from /home/airflow/.local/lib/python3.6/site-packages/airflow/example_dags/example_dag_decorator.py
[2023-02-23 16:50:54,920] {logging_mixin.py:104} INFO - [2023-02-23 16:50:54,920] {dag.py:1833} INFO - Sync 1 DAGs
[2023-02-23 16:50:54,936] {logging_mixin.py:104} INFO - [2023-02-23 16:50:54,936] {dag.py:2306} INFO - Setting next_dagrun for example_dag_decorator to None
[2023-02-23 16:50:54,946] {scheduler_job.py:190} INFO - Processing /home/airflow/.local/lib/python3.6/site-packages/airflow/example_dags/example_dag_decorator.py took 0.073 seconds
[2023-02-23 16:51:25,036] {scheduler_job.py:182} INFO - Started process (PID=576) to work on /home/airflow/.local/lib/python3.6/site-packages/airflow/example_dags/example_dag_decorator.py
[2023-02-23 16:51:25,036] {scheduler_job.py:633} INFO - Processing file /home/airflow/.local/lib/python3.6/site-packages/airflow/example_dags/example_dag_decorator.py for tasks to queue
[2023-02-23 16:51:25,037] {logging_mixin.py:104} INFO - [2023-02-23 16:51:25,037] {dagbag.py:496} INFO - Filling up the DagBag from /home/airflow/.local/lib/python3.6/site-packages/airflow/example_dags/example_dag_decorator.py
[2023-02-23 16:51:25,056] {scheduler_job.py:643} INFO - DAG(s) dict_keys(['example_dag_decorator']) retrieved from /home/airflow/.local/lib/python3.6/site-packages/airflow/example_dags/example_dag_decorator.py
[2023-02-23 16:51:25,224] {logging_mixin.py:104} INFO - [2023-02-23 16:51:25,224] {dag.py:1833} INFO - Sync 1 DAGs
[2023-02-23 16:51:25,235] {logging_mixin.py:104} INFO - [2023-02-23 16:51:25,234] {dag.py:2306} INFO - Setting next_dagrun for example_dag_decorator to None
[2023-02-23 16:51:25,243] {scheduler_job.py:190} INFO - Processing /home/airflow/.local/lib/python3.6/site-packages/airflow/example_dags/example_dag_decorator.py took 0.210 seconds
[2023-02-23 16:51:55,743] {scheduler_job.py:182} INFO - Started process (PID=628) to work on /home/airflow/.local/lib/python3.6/site-packages/airflow/example_dags/example_dag_decorator.py
[2023-02-23 16:51:55,744] {scheduler_job.py:633} INFO - Processing file /home/airflow/.local/lib/python3.6/site-packages/airflow/example_dags/example_dag_decorator.py for tasks to queue
[2023-02-23 16:51:55,744] {logging_mixin.py:104} INFO - [2023-02-23 16:51:55,744] {dagbag.py:496} INFO - Filling up the DagBag from /home/airflow/.local/lib/python3.6/site-packages/airflow/example_dags/example_dag_decorator.py
[2023-02-23 16:51:55,761] {scheduler_job.py:643} INFO - DAG(s) dict_keys(['example_dag_decorator']) retrieved from /home/airflow/.local/lib/python3.6/site-packages/airflow/example_dags/example_dag_decorator.py
[2023-02-23 16:51:56,046] {logging_mixin.py:104} INFO - [2023-02-23 16:51:56,046] {dag.py:1833} INFO - Sync 1 DAGs
[2023-02-23 16:51:56,059] {logging_mixin.py:104} INFO - [2023-02-23 16:51:56,058] {dag.py:2306} INFO - Setting next_dagrun for example_dag_decorator to None
[2023-02-23 16:51:56,069] {scheduler_job.py:190} INFO - Processing /home/airflow/.local/lib/python3.6/site-packages/airflow/example_dags/example_dag_decorator.py took 0.329 seconds
[2023-02-23 16:52:26,610] {scheduler_job.py:182} INFO - Started process (PID=690) to work on /home/airflow/.local/lib/python3.6/site-packages/airflow/example_dags/example_dag_decorator.py
[2023-02-23 16:52:26,610] {scheduler_job.py:633} INFO - Processing file /home/airflow/.local/lib/python3.6/site-packages/airflow/example_dags/example_dag_decorator.py for tasks to queue
[2023-02-23 16:52:26,611] {logging_mixin.py:104} INFO - [2023-02-23 16:52:26,611] {dagbag.py:496} INFO - Filling up the DagBag from /home/airflow/.local/lib/python3.6/site-packages/airflow/example_dags/example_dag_decorator.py
[2023-02-23 16:52:26,626] {scheduler_job.py:643} INFO - DAG(s) dict_keys(['example_dag_decorator']) retrieved from /home/airflow/.local/lib/python3.6/site-packages/airflow/example_dags/example_dag_decorator.py
[2023-02-23 16:52:26,805] {logging_mixin.py:104} INFO - [2023-02-23 16:52:26,805] {dag.py:1833} INFO - Sync 1 DAGs
[2023-02-23 16:52:26,816] {logging_mixin.py:104} INFO - [2023-02-23 16:52:26,816] {dag.py:2306} INFO - Setting next_dagrun for example_dag_decorator to None
[2023-02-23 16:52:26,825] {scheduler_job.py:190} INFO - Processing /home/airflow/.local/lib/python3.6/site-packages/airflow/example_dags/example_dag_decorator.py took 0.217 seconds
[2023-02-23 16:52:57,356] {scheduler_job.py:182} INFO - Started process (PID=742) to work on /home/airflow/.local/lib/python3.6/site-packages/airflow/example_dags/example_dag_decorator.py
[2023-02-23 16:52:57,357] {scheduler_job.py:633} INFO - Processing file /home/airflow/.local/lib/python3.6/site-packages/airflow/example_dags/example_dag_decorator.py for tasks to queue
[2023-02-23 16:52:57,358] {logging_mixin.py:104} INFO - [2023-02-23 16:52:57,357] {dagbag.py:496} INFO - Filling up the DagBag from /home/airflow/.local/lib/python3.6/site-packages/airflow/example_dags/example_dag_decorator.py
[2023-02-23 16:52:57,374] {scheduler_job.py:643} INFO - DAG(s) dict_keys(['example_dag_decorator']) retrieved from /home/airflow/.local/lib/python3.6/site-packages/airflow/example_dags/example_dag_decorator.py
[2023-02-23 16:52:57,557] {logging_mixin.py:104} INFO - [2023-02-23 16:52:57,557] {dag.py:1833} INFO - Sync 1 DAGs
[2023-02-23 16:52:57,570] {logging_mixin.py:104} INFO - [2023-02-23 16:52:57,570] {dag.py:2306} INFO - Setting next_dagrun for example_dag_decorator to None
[2023-02-23 16:52:57,579] {scheduler_job.py:190} INFO - Processing /home/airflow/.local/lib/python3.6/site-packages/airflow/example_dags/example_dag_decorator.py took 0.225 seconds
[2023-02-23 16:53:28,536] {scheduler_job.py:182} INFO - Started process (PID=795) to work on /home/airflow/.local/lib/python3.6/site-packages/airflow/example_dags/example_dag_decorator.py
[2023-02-23 16:53:28,537] {scheduler_job.py:633} INFO - Processing file /home/airflow/.local/lib/python3.6/site-packages/airflow/example_dags/example_dag_decorator.py for tasks to queue
[2023-02-23 16:53:28,538] {logging_mixin.py:104} INFO - [2023-02-23 16:53:28,538] {dagbag.py:496} INFO - Filling up the DagBag from /home/airflow/.local/lib/python3.6/site-packages/airflow/example_dags/example_dag_decorator.py
[2023-02-23 16:53:28,554] {scheduler_job.py:643} INFO - DAG(s) dict_keys(['example_dag_decorator']) retrieved from /home/airflow/.local/lib/python3.6/site-packages/airflow/example_dags/example_dag_decorator.py
[2023-02-23 16:53:28,748] {logging_mixin.py:104} INFO - [2023-02-23 16:53:28,748] {dag.py:1833} INFO - Sync 1 DAGs
[2023-02-23 16:53:28,760] {logging_mixin.py:104} INFO - [2023-02-23 16:53:28,759] {dag.py:2306} INFO - Setting next_dagrun for example_dag_decorator to None
[2023-02-23 16:53:28,768] {scheduler_job.py:190} INFO - Processing /home/airflow/.local/lib/python3.6/site-packages/airflow/example_dags/example_dag_decorator.py took 0.234 seconds
[2023-02-23 16:53:59,002] {scheduler_job.py:182} INFO - Started process (PID=858) to work on /home/airflow/.local/lib/python3.6/site-packages/airflow/example_dags/example_dag_decorator.py
[2023-02-23 16:53:59,004] {scheduler_job.py:633} INFO - Processing file /home/airflow/.local/lib/python3.6/site-packages/airflow/example_dags/example_dag_decorator.py for tasks to queue
[2023-02-23 16:53:59,004] {logging_mixin.py:104} INFO - [2023-02-23 16:53:59,004] {dagbag.py:496} INFO - Filling up the DagBag from /home/airflow/.local/lib/python3.6/site-packages/airflow/example_dags/example_dag_decorator.py
[2023-02-23 16:53:59,020] {scheduler_job.py:643} INFO - DAG(s) dict_keys(['example_dag_decorator']) retrieved from /home/airflow/.local/lib/python3.6/site-packages/airflow/example_dags/example_dag_decorator.py
[2023-02-23 16:53:59,279] {logging_mixin.py:104} INFO - [2023-02-23 16:53:59,279] {dag.py:1833} INFO - Sync 1 DAGs
[2023-02-23 16:53:59,294] {logging_mixin.py:104} INFO - [2023-02-23 16:53:59,294] {dag.py:2306} INFO - Setting next_dagrun for example_dag_decorator to None
[2023-02-23 16:53:59,305] {scheduler_job.py:190} INFO - Processing /home/airflow/.local/lib/python3.6/site-packages/airflow/example_dags/example_dag_decorator.py took 0.305 seconds
[2023-02-23 16:54:30,104] {scheduler_job.py:182} INFO - Started process (PID=920) to work on /home/airflow/.local/lib/python3.6/site-packages/airflow/example_dags/example_dag_decorator.py
[2023-02-23 16:54:30,104] {scheduler_job.py:633} INFO - Processing file /home/airflow/.local/lib/python3.6/site-packages/airflow/example_dags/example_dag_decorator.py for tasks to queue
[2023-02-23 16:54:30,105] {logging_mixin.py:104} INFO - [2023-02-23 16:54:30,105] {dagbag.py:496} INFO - Filling up the DagBag from /home/airflow/.local/lib/python3.6/site-packages/airflow/example_dags/example_dag_decorator.py
[2023-02-23 16:54:30,120] {scheduler_job.py:643} INFO - DAG(s) dict_keys(['example_dag_decorator']) retrieved from /home/airflow/.local/lib/python3.6/site-packages/airflow/example_dags/example_dag_decorator.py
[2023-02-23 16:54:30,300] {logging_mixin.py:104} INFO - [2023-02-23 16:54:30,300] {dag.py:1833} INFO - Sync 1 DAGs
[2023-02-23 16:54:30,312] {logging_mixin.py:104} INFO - [2023-02-23 16:54:30,312] {dag.py:2306} INFO - Setting next_dagrun for example_dag_decorator to None
[2023-02-23 16:54:30,320] {scheduler_job.py:190} INFO - Processing /home/airflow/.local/lib/python3.6/site-packages/airflow/example_dags/example_dag_decorator.py took 0.219 seconds
[2023-02-23 16:55:00,974] {scheduler_job.py:182} INFO - Started process (PID=972) to work on /home/airflow/.local/lib/python3.6/site-packages/airflow/example_dags/example_dag_decorator.py
[2023-02-23 16:55:00,974] {scheduler_job.py:633} INFO - Processing file /home/airflow/.local/lib/python3.6/site-packages/airflow/example_dags/example_dag_decorator.py for tasks to queue
[2023-02-23 16:55:00,975] {logging_mixin.py:104} INFO - [2023-02-23 16:55:00,975] {dagbag.py:496} INFO - Filling up the DagBag from /home/airflow/.local/lib/python3.6/site-packages/airflow/example_dags/example_dag_decorator.py
[2023-02-23 16:55:00,994] {scheduler_job.py:643} INFO - DAG(s) dict_keys(['example_dag_decorator']) retrieved from /home/airflow/.local/lib/python3.6/site-packages/airflow/example_dags/example_dag_decorator.py
[2023-02-23 16:55:01,789] {logging_mixin.py:104} INFO - [2023-02-23 16:55:01,788] {dag.py:1833} INFO - Sync 1 DAGs
[2023-02-23 16:55:01,804] {logging_mixin.py:104} INFO - [2023-02-23 16:55:01,804] {dag.py:2306} INFO - Setting next_dagrun for example_dag_decorator to None
[2023-02-23 16:55:01,880] {scheduler_job.py:190} INFO - Processing /home/airflow/.local/lib/python3.6/site-packages/airflow/example_dags/example_dag_decorator.py took 0.980 seconds
[2023-02-23 16:55:32,194] {scheduler_job.py:182} INFO - Started process (PID=1024) to work on /home/airflow/.local/lib/python3.6/site-packages/airflow/example_dags/example_dag_decorator.py
[2023-02-23 16:55:32,195] {scheduler_job.py:633} INFO - Processing file /home/airflow/.local/lib/python3.6/site-packages/airflow/example_dags/example_dag_decorator.py for tasks to queue
[2023-02-23 16:55:32,196] {logging_mixin.py:104} INFO - [2023-02-23 16:55:32,196] {dagbag.py:496} INFO - Filling up the DagBag from /home/airflow/.local/lib/python3.6/site-packages/airflow/example_dags/example_dag_decorator.py
[2023-02-23 16:55:32,213] {scheduler_job.py:643} INFO - DAG(s) dict_keys(['example_dag_decorator']) retrieved from /home/airflow/.local/lib/python3.6/site-packages/airflow/example_dags/example_dag_decorator.py
[2023-02-23 16:55:32,230] {logging_mixin.py:104} INFO - [2023-02-23 16:55:32,230] {dag.py:1833} INFO - Sync 1 DAGs
[2023-02-23 16:55:32,246] {logging_mixin.py:104} INFO - [2023-02-23 16:55:32,245] {dag.py:2306} INFO - Setting next_dagrun for example_dag_decorator to None
[2023-02-23 16:55:32,253] {scheduler_job.py:190} INFO - Processing /home/airflow/.local/lib/python3.6/site-packages/airflow/example_dags/example_dag_decorator.py took 0.061 seconds
[2023-02-23 16:56:02,468] {scheduler_job.py:182} INFO - Started process (PID=1086) to work on /home/airflow/.local/lib/python3.6/site-packages/airflow/example_dags/example_dag_decorator.py
[2023-02-23 16:56:02,469] {scheduler_job.py:633} INFO - Processing file /home/airflow/.local/lib/python3.6/site-packages/airflow/example_dags/example_dag_decorator.py for tasks to queue
[2023-02-23 16:56:02,469] {logging_mixin.py:104} INFO - [2023-02-23 16:56:02,469] {dagbag.py:496} INFO - Filling up the DagBag from /home/airflow/.local/lib/python3.6/site-packages/airflow/example_dags/example_dag_decorator.py
[2023-02-23 16:56:02,484] {scheduler_job.py:643} INFO - DAG(s) dict_keys(['example_dag_decorator']) retrieved from /home/airflow/.local/lib/python3.6/site-packages/airflow/example_dags/example_dag_decorator.py
[2023-02-23 16:56:02,665] {logging_mixin.py:104} INFO - [2023-02-23 16:56:02,665] {dag.py:1833} INFO - Sync 1 DAGs
[2023-02-23 16:56:02,677] {logging_mixin.py:104} INFO - [2023-02-23 16:56:02,676] {dag.py:2306} INFO - Setting next_dagrun for example_dag_decorator to None
[2023-02-23 16:56:02,686] {scheduler_job.py:190} INFO - Processing /home/airflow/.local/lib/python3.6/site-packages/airflow/example_dags/example_dag_decorator.py took 0.220 seconds
[2023-02-23 16:56:33,006] {scheduler_job.py:182} INFO - Started process (PID=1138) to work on /home/airflow/.local/lib/python3.6/site-packages/airflow/example_dags/example_dag_decorator.py
[2023-02-23 16:56:33,007] {scheduler_job.py:633} INFO - Processing file /home/airflow/.local/lib/python3.6/site-packages/airflow/example_dags/example_dag_decorator.py for tasks to queue
[2023-02-23 16:56:33,008] {logging_mixin.py:104} INFO - [2023-02-23 16:56:33,008] {dagbag.py:496} INFO - Filling up the DagBag from /home/airflow/.local/lib/python3.6/site-packages/airflow/example_dags/example_dag_decorator.py
[2023-02-23 16:56:33,023] {scheduler_job.py:643} INFO - DAG(s) dict_keys(['example_dag_decorator']) retrieved from /home/airflow/.local/lib/python3.6/site-packages/airflow/example_dags/example_dag_decorator.py
[2023-02-23 16:56:33,196] {logging_mixin.py:104} INFO - [2023-02-23 16:56:33,195] {dag.py:1833} INFO - Sync 1 DAGs
[2023-02-23 16:56:33,207] {logging_mixin.py:104} INFO - [2023-02-23 16:56:33,207] {dag.py:2306} INFO - Setting next_dagrun for example_dag_decorator to None
[2023-02-23 16:56:33,215] {scheduler_job.py:190} INFO - Processing /home/airflow/.local/lib/python3.6/site-packages/airflow/example_dags/example_dag_decorator.py took 0.211 seconds
[2023-02-23 16:57:03,789] {scheduler_job.py:182} INFO - Started process (PID=1199) to work on /home/airflow/.local/lib/python3.6/site-packages/airflow/example_dags/example_dag_decorator.py
[2023-02-23 16:57:03,790] {scheduler_job.py:633} INFO - Processing file /home/airflow/.local/lib/python3.6/site-packages/airflow/example_dags/example_dag_decorator.py for tasks to queue
[2023-02-23 16:57:03,790] {logging_mixin.py:104} INFO - [2023-02-23 16:57:03,790] {dagbag.py:496} INFO - Filling up the DagBag from /home/airflow/.local/lib/python3.6/site-packages/airflow/example_dags/example_dag_decorator.py
[2023-02-23 16:57:03,806] {scheduler_job.py:643} INFO - DAG(s) dict_keys(['example_dag_decorator']) retrieved from /home/airflow/.local/lib/python3.6/site-packages/airflow/example_dags/example_dag_decorator.py
[2023-02-23 16:57:04,095] {logging_mixin.py:104} INFO - [2023-02-23 16:57:04,095] {dag.py:1833} INFO - Sync 1 DAGs
[2023-02-23 16:57:04,109] {logging_mixin.py:104} INFO - [2023-02-23 16:57:04,109] {dag.py:2306} INFO - Setting next_dagrun for example_dag_decorator to None
[2023-02-23 16:57:04,176] {scheduler_job.py:190} INFO - Processing /home/airflow/.local/lib/python3.6/site-packages/airflow/example_dags/example_dag_decorator.py took 0.389 seconds
[2023-02-23 16:57:34,997] {scheduler_job.py:182} INFO - Started process (PID=1251) to work on /home/airflow/.local/lib/python3.6/site-packages/airflow/example_dags/example_dag_decorator.py
[2023-02-23 16:57:34,998] {scheduler_job.py:633} INFO - Processing file /home/airflow/.local/lib/python3.6/site-packages/airflow/example_dags/example_dag_decorator.py for tasks to queue
[2023-02-23 16:57:34,999] {logging_mixin.py:104} INFO - [2023-02-23 16:57:34,998] {dagbag.py:496} INFO - Filling up the DagBag from /home/airflow/.local/lib/python3.6/site-packages/airflow/example_dags/example_dag_decorator.py
[2023-02-23 16:57:35,018] {scheduler_job.py:643} INFO - DAG(s) dict_keys(['example_dag_decorator']) retrieved from /home/airflow/.local/lib/python3.6/site-packages/airflow/example_dags/example_dag_decorator.py
[2023-02-23 16:57:35,413] {logging_mixin.py:104} INFO - [2023-02-23 16:57:35,413] {dag.py:1833} INFO - Sync 1 DAGs
[2023-02-23 16:57:35,425] {logging_mixin.py:104} INFO - [2023-02-23 16:57:35,425] {dag.py:2306} INFO - Setting next_dagrun for example_dag_decorator to None
[2023-02-23 16:57:35,434] {scheduler_job.py:190} INFO - Processing /home/airflow/.local/lib/python3.6/site-packages/airflow/example_dags/example_dag_decorator.py took 0.440 seconds
[2023-02-23 16:58:05,470] {scheduler_job.py:182} INFO - Started process (PID=1314) to work on /home/airflow/.local/lib/python3.6/site-packages/airflow/example_dags/example_dag_decorator.py
[2023-02-23 16:58:05,471] {scheduler_job.py:633} INFO - Processing file /home/airflow/.local/lib/python3.6/site-packages/airflow/example_dags/example_dag_decorator.py for tasks to queue
[2023-02-23 16:58:05,471] {logging_mixin.py:104} INFO - [2023-02-23 16:58:05,471] {dagbag.py:496} INFO - Filling up the DagBag from /home/airflow/.local/lib/python3.6/site-packages/airflow/example_dags/example_dag_decorator.py
[2023-02-23 16:58:05,488] {scheduler_job.py:643} INFO - DAG(s) dict_keys(['example_dag_decorator']) retrieved from /home/airflow/.local/lib/python3.6/site-packages/airflow/example_dags/example_dag_decorator.py
[2023-02-23 16:58:05,507] {logging_mixin.py:104} INFO - [2023-02-23 16:58:05,507] {dag.py:1833} INFO - Sync 1 DAGs
[2023-02-23 16:58:05,520] {logging_mixin.py:104} INFO - [2023-02-23 16:58:05,520] {dag.py:2306} INFO - Setting next_dagrun for example_dag_decorator to None
[2023-02-23 16:58:05,529] {scheduler_job.py:190} INFO - Processing /home/airflow/.local/lib/python3.6/site-packages/airflow/example_dags/example_dag_decorator.py took 0.062 seconds
[2023-02-23 16:58:35,577] {scheduler_job.py:182} INFO - Started process (PID=1366) to work on /home/airflow/.local/lib/python3.6/site-packages/airflow/example_dags/example_dag_decorator.py
[2023-02-23 16:58:35,578] {scheduler_job.py:633} INFO - Processing file /home/airflow/.local/lib/python3.6/site-packages/airflow/example_dags/example_dag_decorator.py for tasks to queue
[2023-02-23 16:58:35,578] {logging_mixin.py:104} INFO - [2023-02-23 16:58:35,578] {dagbag.py:496} INFO - Filling up the DagBag from /home/airflow/.local/lib/python3.6/site-packages/airflow/example_dags/example_dag_decorator.py
[2023-02-23 16:58:35,595] {scheduler_job.py:643} INFO - DAG(s) dict_keys(['example_dag_decorator']) retrieved from /home/airflow/.local/lib/python3.6/site-packages/airflow/example_dags/example_dag_decorator.py
[2023-02-23 16:58:35,788] {logging_mixin.py:104} INFO - [2023-02-23 16:58:35,788] {dag.py:1833} INFO - Sync 1 DAGs
[2023-02-23 16:58:35,801] {logging_mixin.py:104} INFO - [2023-02-23 16:58:35,801] {dag.py:2306} INFO - Setting next_dagrun for example_dag_decorator to None
[2023-02-23 16:58:35,810] {scheduler_job.py:190} INFO - Processing /home/airflow/.local/lib/python3.6/site-packages/airflow/example_dags/example_dag_decorator.py took 0.235 seconds
[2023-02-23 16:59:06,313] {scheduler_job.py:182} INFO - Started process (PID=1426) to work on /home/airflow/.local/lib/python3.6/site-packages/airflow/example_dags/example_dag_decorator.py
[2023-02-23 16:59:06,314] {scheduler_job.py:633} INFO - Processing file /home/airflow/.local/lib/python3.6/site-packages/airflow/example_dags/example_dag_decorator.py for tasks to queue
[2023-02-23 16:59:06,315] {logging_mixin.py:104} INFO - [2023-02-23 16:59:06,315] {dagbag.py:496} INFO - Filling up the DagBag from /home/airflow/.local/lib/python3.6/site-packages/airflow/example_dags/example_dag_decorator.py
[2023-02-23 16:59:06,331] {scheduler_job.py:643} INFO - DAG(s) dict_keys(['example_dag_decorator']) retrieved from /home/airflow/.local/lib/python3.6/site-packages/airflow/example_dags/example_dag_decorator.py
[2023-02-23 16:59:06,672] {logging_mixin.py:104} INFO - [2023-02-23 16:59:06,672] {dag.py:1833} INFO - Sync 1 DAGs
[2023-02-23 16:59:06,689] {logging_mixin.py:104} INFO - [2023-02-23 16:59:06,688] {dag.py:2306} INFO - Setting next_dagrun for example_dag_decorator to None
[2023-02-23 16:59:06,702] {scheduler_job.py:190} INFO - Processing /home/airflow/.local/lib/python3.6/site-packages/airflow/example_dags/example_dag_decorator.py took 0.392 seconds
[2023-02-23 16:59:36,831] {scheduler_job.py:182} INFO - Started process (PID=1480) to work on /home/airflow/.local/lib/python3.6/site-packages/airflow/example_dags/example_dag_decorator.py
[2023-02-23 16:59:36,832] {scheduler_job.py:633} INFO - Processing file /home/airflow/.local/lib/python3.6/site-packages/airflow/example_dags/example_dag_decorator.py for tasks to queue
[2023-02-23 16:59:36,832] {logging_mixin.py:104} INFO - [2023-02-23 16:59:36,832] {dagbag.py:496} INFO - Filling up the DagBag from /home/airflow/.local/lib/python3.6/site-packages/airflow/example_dags/example_dag_decorator.py
[2023-02-23 16:59:36,848] {scheduler_job.py:643} INFO - DAG(s) dict_keys(['example_dag_decorator']) retrieved from /home/airflow/.local/lib/python3.6/site-packages/airflow/example_dags/example_dag_decorator.py
[2023-02-23 16:59:37,026] {logging_mixin.py:104} INFO - [2023-02-23 16:59:37,026] {dag.py:1833} INFO - Sync 1 DAGs
[2023-02-23 16:59:37,036] {logging_mixin.py:104} INFO - [2023-02-23 16:59:37,036] {dag.py:2306} INFO - Setting next_dagrun for example_dag_decorator to None
[2023-02-23 16:59:37,045] {scheduler_job.py:190} INFO - Processing /home/airflow/.local/lib/python3.6/site-packages/airflow/example_dags/example_dag_decorator.py took 0.217 seconds
[2023-02-23 17:00:07,793] {scheduler_job.py:182} INFO - Started process (PID=1540) to work on /home/airflow/.local/lib/python3.6/site-packages/airflow/example_dags/example_dag_decorator.py
[2023-02-23 17:00:07,794] {scheduler_job.py:633} INFO - Processing file /home/airflow/.local/lib/python3.6/site-packages/airflow/example_dags/example_dag_decorator.py for tasks to queue
[2023-02-23 17:00:07,794] {logging_mixin.py:104} INFO - [2023-02-23 17:00:07,794] {dagbag.py:496} INFO - Filling up the DagBag from /home/airflow/.local/lib/python3.6/site-packages/airflow/example_dags/example_dag_decorator.py
[2023-02-23 17:00:07,814] {scheduler_job.py:643} INFO - DAG(s) dict_keys(['example_dag_decorator']) retrieved from /home/airflow/.local/lib/python3.6/site-packages/airflow/example_dags/example_dag_decorator.py
[2023-02-23 17:00:07,834] {logging_mixin.py:104} INFO - [2023-02-23 17:00:07,834] {dag.py:1833} INFO - Sync 1 DAGs
[2023-02-23 17:00:07,846] {logging_mixin.py:104} INFO - [2023-02-23 17:00:07,846] {dag.py:2306} INFO - Setting next_dagrun for example_dag_decorator to None
[2023-02-23 17:00:07,854] {scheduler_job.py:190} INFO - Processing /home/airflow/.local/lib/python3.6/site-packages/airflow/example_dags/example_dag_decorator.py took 0.064 seconds
[2023-02-23 17:00:38,778] {scheduler_job.py:182} INFO - Started process (PID=1595) to work on /home/airflow/.local/lib/python3.6/site-packages/airflow/example_dags/example_dag_decorator.py
[2023-02-23 17:00:38,779] {scheduler_job.py:633} INFO - Processing file /home/airflow/.local/lib/python3.6/site-packages/airflow/example_dags/example_dag_decorator.py for tasks to queue
[2023-02-23 17:00:38,780] {logging_mixin.py:104} INFO - [2023-02-23 17:00:38,779] {dagbag.py:496} INFO - Filling up the DagBag from /home/airflow/.local/lib/python3.6/site-packages/airflow/example_dags/example_dag_decorator.py
[2023-02-23 17:00:38,798] {scheduler_job.py:643} INFO - DAG(s) dict_keys(['example_dag_decorator']) retrieved from /home/airflow/.local/lib/python3.6/site-packages/airflow/example_dags/example_dag_decorator.py
[2023-02-23 17:00:39,183] {logging_mixin.py:104} INFO - [2023-02-23 17:00:39,183] {dag.py:1833} INFO - Sync 1 DAGs
[2023-02-23 17:00:39,197] {logging_mixin.py:104} INFO - [2023-02-23 17:00:39,197] {dag.py:2306} INFO - Setting next_dagrun for example_dag_decorator to None
[2023-02-23 17:00:39,208] {scheduler_job.py:190} INFO - Processing /home/airflow/.local/lib/python3.6/site-packages/airflow/example_dags/example_dag_decorator.py took 0.433 seconds
[2023-02-23 17:01:09,400] {scheduler_job.py:182} INFO - Started process (PID=1657) to work on /home/airflow/.local/lib/python3.6/site-packages/airflow/example_dags/example_dag_decorator.py
[2023-02-23 17:01:09,401] {scheduler_job.py:633} INFO - Processing file /home/airflow/.local/lib/python3.6/site-packages/airflow/example_dags/example_dag_decorator.py for tasks to queue
[2023-02-23 17:01:09,401] {logging_mixin.py:104} INFO - [2023-02-23 17:01:09,401] {dagbag.py:496} INFO - Filling up the DagBag from /home/airflow/.local/lib/python3.6/site-packages/airflow/example_dags/example_dag_decorator.py
[2023-02-23 17:01:09,424] {scheduler_job.py:643} INFO - DAG(s) dict_keys(['example_dag_decorator']) retrieved from /home/airflow/.local/lib/python3.6/site-packages/airflow/example_dags/example_dag_decorator.py
[2023-02-23 17:01:09,668] {logging_mixin.py:104} INFO - [2023-02-23 17:01:09,667] {dag.py:1833} INFO - Sync 1 DAGs
[2023-02-23 17:01:09,685] {logging_mixin.py:104} INFO - [2023-02-23 17:01:09,684] {dag.py:2306} INFO - Setting next_dagrun for example_dag_decorator to None
[2023-02-23 17:01:09,696] {scheduler_job.py:190} INFO - Processing /home/airflow/.local/lib/python3.6/site-packages/airflow/example_dags/example_dag_decorator.py took 0.299 seconds
[2023-02-23 17:01:39,981] {scheduler_job.py:182} INFO - Started process (PID=1710) to work on /home/airflow/.local/lib/python3.6/site-packages/airflow/example_dags/example_dag_decorator.py
[2023-02-23 17:01:39,982] {scheduler_job.py:633} INFO - Processing file /home/airflow/.local/lib/python3.6/site-packages/airflow/example_dags/example_dag_decorator.py for tasks to queue
[2023-02-23 17:01:39,982] {logging_mixin.py:104} INFO - [2023-02-23 17:01:39,982] {dagbag.py:496} INFO - Filling up the DagBag from /home/airflow/.local/lib/python3.6/site-packages/airflow/example_dags/example_dag_decorator.py
[2023-02-23 17:01:39,999] {scheduler_job.py:643} INFO - DAG(s) dict_keys(['example_dag_decorator']) retrieved from /home/airflow/.local/lib/python3.6/site-packages/airflow/example_dags/example_dag_decorator.py
[2023-02-23 17:01:40,175] {logging_mixin.py:104} INFO - [2023-02-23 17:01:40,175] {dag.py:1833} INFO - Sync 1 DAGs
[2023-02-23 17:01:40,187] {logging_mixin.py:104} INFO - [2023-02-23 17:01:40,186] {dag.py:2306} INFO - Setting next_dagrun for example_dag_decorator to None
[2023-02-23 17:01:40,196] {scheduler_job.py:190} INFO - Processing /home/airflow/.local/lib/python3.6/site-packages/airflow/example_dags/example_dag_decorator.py took 0.218 seconds
[2023-02-23 17:02:11,118] {scheduler_job.py:182} INFO - Started process (PID=1772) to work on /home/airflow/.local/lib/python3.6/site-packages/airflow/example_dags/example_dag_decorator.py
[2023-02-23 17:02:11,119] {scheduler_job.py:633} INFO - Processing file /home/airflow/.local/lib/python3.6/site-packages/airflow/example_dags/example_dag_decorator.py for tasks to queue
[2023-02-23 17:02:11,120] {logging_mixin.py:104} INFO - [2023-02-23 17:02:11,119] {dagbag.py:496} INFO - Filling up the DagBag from /home/airflow/.local/lib/python3.6/site-packages/airflow/example_dags/example_dag_decorator.py
[2023-02-23 17:02:11,137] {scheduler_job.py:643} INFO - DAG(s) dict_keys(['example_dag_decorator']) retrieved from /home/airflow/.local/lib/python3.6/site-packages/airflow/example_dags/example_dag_decorator.py
[2023-02-23 17:02:11,509] {logging_mixin.py:104} INFO - [2023-02-23 17:02:11,509] {dag.py:1833} INFO - Sync 1 DAGs
[2023-02-23 17:02:11,522] {logging_mixin.py:104} INFO - [2023-02-23 17:02:11,522] {dag.py:2306} INFO - Setting next_dagrun for example_dag_decorator to None
[2023-02-23 17:02:11,575] {scheduler_job.py:190} INFO - Processing /home/airflow/.local/lib/python3.6/site-packages/airflow/example_dags/example_dag_decorator.py took 0.460 seconds
[2023-02-23 17:02:42,415] {scheduler_job.py:182} INFO - Started process (PID=1824) to work on /home/airflow/.local/lib/python3.6/site-packages/airflow/example_dags/example_dag_decorator.py
[2023-02-23 17:02:42,416] {scheduler_job.py:633} INFO - Processing file /home/airflow/.local/lib/python3.6/site-packages/airflow/example_dags/example_dag_decorator.py for tasks to queue
[2023-02-23 17:02:42,417] {logging_mixin.py:104} INFO - [2023-02-23 17:02:42,417] {dagbag.py:496} INFO - Filling up the DagBag from /home/airflow/.local/lib/python3.6/site-packages/airflow/example_dags/example_dag_decorator.py
[2023-02-23 17:02:42,434] {scheduler_job.py:643} INFO - DAG(s) dict_keys(['example_dag_decorator']) retrieved from /home/airflow/.local/lib/python3.6/site-packages/airflow/example_dags/example_dag_decorator.py
[2023-02-23 17:02:42,649] {logging_mixin.py:104} INFO - [2023-02-23 17:02:42,649] {dag.py:1833} INFO - Sync 1 DAGs
[2023-02-23 17:02:42,665] {logging_mixin.py:104} INFO - [2023-02-23 17:02:42,665] {dag.py:2306} INFO - Setting next_dagrun for example_dag_decorator to None
[2023-02-23 17:02:42,677] {scheduler_job.py:190} INFO - Processing /home/airflow/.local/lib/python3.6/site-packages/airflow/example_dags/example_dag_decorator.py took 0.265 seconds
[2023-02-23 17:03:12,702] {scheduler_job.py:182} INFO - Started process (PID=1876) to work on /home/airflow/.local/lib/python3.6/site-packages/airflow/example_dags/example_dag_decorator.py
[2023-02-23 17:03:12,703] {scheduler_job.py:633} INFO - Processing file /home/airflow/.local/lib/python3.6/site-packages/airflow/example_dags/example_dag_decorator.py for tasks to queue
[2023-02-23 17:03:12,703] {logging_mixin.py:104} INFO - [2023-02-23 17:03:12,703] {dagbag.py:496} INFO - Filling up the DagBag from /home/airflow/.local/lib/python3.6/site-packages/airflow/example_dags/example_dag_decorator.py
[2023-02-23 17:03:12,720] {scheduler_job.py:643} INFO - DAG(s) dict_keys(['example_dag_decorator']) retrieved from /home/airflow/.local/lib/python3.6/site-packages/airflow/example_dags/example_dag_decorator.py
[2023-02-23 17:03:12,923] {logging_mixin.py:104} INFO - [2023-02-23 17:03:12,923] {dag.py:1833} INFO - Sync 1 DAGs
[2023-02-23 17:03:12,938] {logging_mixin.py:104} INFO - [2023-02-23 17:03:12,938] {dag.py:2306} INFO - Setting next_dagrun for example_dag_decorator to None
[2023-02-23 17:03:12,949] {scheduler_job.py:190} INFO - Processing /home/airflow/.local/lib/python3.6/site-packages/airflow/example_dags/example_dag_decorator.py took 0.250 seconds
[2023-02-23 17:03:42,986] {scheduler_job.py:182} INFO - Started process (PID=1940) to work on /home/airflow/.local/lib/python3.6/site-packages/airflow/example_dags/example_dag_decorator.py
[2023-02-23 17:03:42,986] {scheduler_job.py:633} INFO - Processing file /home/airflow/.local/lib/python3.6/site-packages/airflow/example_dags/example_dag_decorator.py for tasks to queue
[2023-02-23 17:03:42,987] {logging_mixin.py:104} INFO - [2023-02-23 17:03:42,987] {dagbag.py:496} INFO - Filling up the DagBag from /home/airflow/.local/lib/python3.6/site-packages/airflow/example_dags/example_dag_decorator.py
[2023-02-23 17:03:43,003] {scheduler_job.py:643} INFO - DAG(s) dict_keys(['example_dag_decorator']) retrieved from /home/airflow/.local/lib/python3.6/site-packages/airflow/example_dags/example_dag_decorator.py
[2023-02-23 17:03:43,217] {logging_mixin.py:104} INFO - [2023-02-23 17:03:43,217] {dag.py:1833} INFO - Sync 1 DAGs
[2023-02-23 17:03:43,234] {logging_mixin.py:104} INFO - [2023-02-23 17:03:43,234] {dag.py:2306} INFO - Setting next_dagrun for example_dag_decorator to None
[2023-02-23 17:03:43,246] {scheduler_job.py:190} INFO - Processing /home/airflow/.local/lib/python3.6/site-packages/airflow/example_dags/example_dag_decorator.py took 0.263 seconds
[2023-02-23 17:04:13,839] {scheduler_job.py:182} INFO - Started process (PID=1990) to work on /home/airflow/.local/lib/python3.6/site-packages/airflow/example_dags/example_dag_decorator.py
[2023-02-23 17:04:13,841] {scheduler_job.py:633} INFO - Processing file /home/airflow/.local/lib/python3.6/site-packages/airflow/example_dags/example_dag_decorator.py for tasks to queue
[2023-02-23 17:04:13,841] {logging_mixin.py:104} INFO - [2023-02-23 17:04:13,841] {dagbag.py:496} INFO - Filling up the DagBag from /home/airflow/.local/lib/python3.6/site-packages/airflow/example_dags/example_dag_decorator.py
[2023-02-23 17:04:13,856] {scheduler_job.py:643} INFO - DAG(s) dict_keys(['example_dag_decorator']) retrieved from /home/airflow/.local/lib/python3.6/site-packages/airflow/example_dags/example_dag_decorator.py
[2023-02-23 17:04:14,049] {logging_mixin.py:104} INFO - [2023-02-23 17:04:14,048] {dag.py:1833} INFO - Sync 1 DAGs
[2023-02-23 17:04:14,062] {logging_mixin.py:104} INFO - [2023-02-23 17:04:14,061] {dag.py:2306} INFO - Setting next_dagrun for example_dag_decorator to None
[2023-02-23 17:04:14,071] {scheduler_job.py:190} INFO - Processing /home/airflow/.local/lib/python3.6/site-packages/airflow/example_dags/example_dag_decorator.py took 0.235 seconds
[2023-02-23 17:04:44,579] {scheduler_job.py:182} INFO - Started process (PID=2053) to work on /home/airflow/.local/lib/python3.6/site-packages/airflow/example_dags/example_dag_decorator.py
[2023-02-23 17:04:44,579] {scheduler_job.py:633} INFO - Processing file /home/airflow/.local/lib/python3.6/site-packages/airflow/example_dags/example_dag_decorator.py for tasks to queue
[2023-02-23 17:04:44,580] {logging_mixin.py:104} INFO - [2023-02-23 17:04:44,580] {dagbag.py:496} INFO - Filling up the DagBag from /home/airflow/.local/lib/python3.6/site-packages/airflow/example_dags/example_dag_decorator.py
[2023-02-23 17:04:44,597] {scheduler_job.py:643} INFO - DAG(s) dict_keys(['example_dag_decorator']) retrieved from /home/airflow/.local/lib/python3.6/site-packages/airflow/example_dags/example_dag_decorator.py
[2023-02-23 17:04:44,800] {logging_mixin.py:104} INFO - [2023-02-23 17:04:44,800] {dag.py:1833} INFO - Sync 1 DAGs
[2023-02-23 17:04:44,815] {logging_mixin.py:104} INFO - [2023-02-23 17:04:44,815] {dag.py:2306} INFO - Setting next_dagrun for example_dag_decorator to None
[2023-02-23 17:04:44,826] {scheduler_job.py:190} INFO - Processing /home/airflow/.local/lib/python3.6/site-packages/airflow/example_dags/example_dag_decorator.py took 0.249 seconds
[2023-02-23 17:05:15,520] {scheduler_job.py:182} INFO - Started process (PID=2105) to work on /home/airflow/.local/lib/python3.6/site-packages/airflow/example_dags/example_dag_decorator.py
[2023-02-23 17:05:15,520] {scheduler_job.py:633} INFO - Processing file /home/airflow/.local/lib/python3.6/site-packages/airflow/example_dags/example_dag_decorator.py for tasks to queue
[2023-02-23 17:05:15,521] {logging_mixin.py:104} INFO - [2023-02-23 17:05:15,521] {dagbag.py:496} INFO - Filling up the DagBag from /home/airflow/.local/lib/python3.6/site-packages/airflow/example_dags/example_dag_decorator.py
[2023-02-23 17:05:15,538] {scheduler_job.py:643} INFO - DAG(s) dict_keys(['example_dag_decorator']) retrieved from /home/airflow/.local/lib/python3.6/site-packages/airflow/example_dags/example_dag_decorator.py
[2023-02-23 17:05:15,732] {logging_mixin.py:104} INFO - [2023-02-23 17:05:15,732] {dag.py:1833} INFO - Sync 1 DAGs
[2023-02-23 17:05:15,744] {logging_mixin.py:104} INFO - [2023-02-23 17:05:15,744] {dag.py:2306} INFO - Setting next_dagrun for example_dag_decorator to None
[2023-02-23 17:05:15,754] {scheduler_job.py:190} INFO - Processing /home/airflow/.local/lib/python3.6/site-packages/airflow/example_dags/example_dag_decorator.py took 0.237 seconds
[2023-02-23 17:05:45,879] {scheduler_job.py:182} INFO - Started process (PID=2170) to work on /home/airflow/.local/lib/python3.6/site-packages/airflow/example_dags/example_dag_decorator.py
[2023-02-23 17:05:45,880] {scheduler_job.py:633} INFO - Processing file /home/airflow/.local/lib/python3.6/site-packages/airflow/example_dags/example_dag_decorator.py for tasks to queue
[2023-02-23 17:05:45,880] {logging_mixin.py:104} INFO - [2023-02-23 17:05:45,880] {dagbag.py:496} INFO - Filling up the DagBag from /home/airflow/.local/lib/python3.6/site-packages/airflow/example_dags/example_dag_decorator.py
[2023-02-23 17:05:45,895] {scheduler_job.py:643} INFO - DAG(s) dict_keys(['example_dag_decorator']) retrieved from /home/airflow/.local/lib/python3.6/site-packages/airflow/example_dags/example_dag_decorator.py
[2023-02-23 17:05:46,181] {logging_mixin.py:104} INFO - [2023-02-23 17:05:46,181] {dag.py:1833} INFO - Sync 1 DAGs
[2023-02-23 17:05:46,193] {logging_mixin.py:104} INFO - [2023-02-23 17:05:46,193] {dag.py:2306} INFO - Setting next_dagrun for example_dag_decorator to None
[2023-02-23 17:05:46,203] {scheduler_job.py:190} INFO - Processing /home/airflow/.local/lib/python3.6/site-packages/airflow/example_dags/example_dag_decorator.py took 0.327 seconds
[2023-02-23 17:06:16,989] {scheduler_job.py:182} INFO - Started process (PID=2221) to work on /home/airflow/.local/lib/python3.6/site-packages/airflow/example_dags/example_dag_decorator.py
[2023-02-23 17:06:16,990] {scheduler_job.py:633} INFO - Processing file /home/airflow/.local/lib/python3.6/site-packages/airflow/example_dags/example_dag_decorator.py for tasks to queue
[2023-02-23 17:06:16,990] {logging_mixin.py:104} INFO - [2023-02-23 17:06:16,990] {dagbag.py:496} INFO - Filling up the DagBag from /home/airflow/.local/lib/python3.6/site-packages/airflow/example_dags/example_dag_decorator.py
[2023-02-23 17:06:17,006] {scheduler_job.py:643} INFO - DAG(s) dict_keys(['example_dag_decorator']) retrieved from /home/airflow/.local/lib/python3.6/site-packages/airflow/example_dags/example_dag_decorator.py
[2023-02-23 17:06:17,229] {logging_mixin.py:104} INFO - [2023-02-23 17:06:17,229] {dag.py:1833} INFO - Sync 1 DAGs
[2023-02-23 17:06:17,240] {logging_mixin.py:104} INFO - [2023-02-23 17:06:17,240] {dag.py:2306} INFO - Setting next_dagrun for example_dag_decorator to None
[2023-02-23 17:06:17,250] {scheduler_job.py:190} INFO - Processing /home/airflow/.local/lib/python3.6/site-packages/airflow/example_dags/example_dag_decorator.py took 0.263 seconds
[2023-02-23 17:06:48,044] {scheduler_job.py:182} INFO - Started process (PID=2284) to work on /home/airflow/.local/lib/python3.6/site-packages/airflow/example_dags/example_dag_decorator.py
[2023-02-23 17:06:48,045] {scheduler_job.py:633} INFO - Processing file /home/airflow/.local/lib/python3.6/site-packages/airflow/example_dags/example_dag_decorator.py for tasks to queue
[2023-02-23 17:06:48,046] {logging_mixin.py:104} INFO - [2023-02-23 17:06:48,046] {dagbag.py:496} INFO - Filling up the DagBag from /home/airflow/.local/lib/python3.6/site-packages/airflow/example_dags/example_dag_decorator.py
[2023-02-23 17:06:48,090] {scheduler_job.py:643} INFO - DAG(s) dict_keys(['example_dag_decorator']) retrieved from /home/airflow/.local/lib/python3.6/site-packages/airflow/example_dags/example_dag_decorator.py
[2023-02-23 17:06:48,482] {logging_mixin.py:104} INFO - [2023-02-23 17:06:48,482] {dag.py:1833} INFO - Sync 1 DAGs
[2023-02-23 17:06:48,499] {logging_mixin.py:104} INFO - [2023-02-23 17:06:48,499] {dag.py:2306} INFO - Setting next_dagrun for example_dag_decorator to None
[2023-02-23 17:06:48,512] {scheduler_job.py:190} INFO - Processing /home/airflow/.local/lib/python3.6/site-packages/airflow/example_dags/example_dag_decorator.py took 0.471 seconds
[2023-02-23 17:07:19,421] {scheduler_job.py:182} INFO - Started process (PID=2336) to work on /home/airflow/.local/lib/python3.6/site-packages/airflow/example_dags/example_dag_decorator.py
[2023-02-23 17:07:19,422] {scheduler_job.py:633} INFO - Processing file /home/airflow/.local/lib/python3.6/site-packages/airflow/example_dags/example_dag_decorator.py for tasks to queue
[2023-02-23 17:07:19,423] {logging_mixin.py:104} INFO - [2023-02-23 17:07:19,423] {dagbag.py:496} INFO - Filling up the DagBag from /home/airflow/.local/lib/python3.6/site-packages/airflow/example_dags/example_dag_decorator.py
[2023-02-23 17:07:19,438] {scheduler_job.py:643} INFO - DAG(s) dict_keys(['example_dag_decorator']) retrieved from /home/airflow/.local/lib/python3.6/site-packages/airflow/example_dags/example_dag_decorator.py
[2023-02-23 17:07:19,616] {logging_mixin.py:104} INFO - [2023-02-23 17:07:19,616] {dag.py:1833} INFO - Sync 1 DAGs
[2023-02-23 17:07:19,633] {logging_mixin.py:104} INFO - [2023-02-23 17:07:19,633] {dag.py:2306} INFO - Setting next_dagrun for example_dag_decorator to None
[2023-02-23 17:07:19,642] {scheduler_job.py:190} INFO - Processing /home/airflow/.local/lib/python3.6/site-packages/airflow/example_dags/example_dag_decorator.py took 0.223 seconds
[2023-02-23 17:07:49,805] {scheduler_job.py:182} INFO - Started process (PID=2398) to work on /home/airflow/.local/lib/python3.6/site-packages/airflow/example_dags/example_dag_decorator.py
[2023-02-23 17:07:49,806] {scheduler_job.py:633} INFO - Processing file /home/airflow/.local/lib/python3.6/site-packages/airflow/example_dags/example_dag_decorator.py for tasks to queue
[2023-02-23 17:07:49,806] {logging_mixin.py:104} INFO - [2023-02-23 17:07:49,806] {dagbag.py:496} INFO - Filling up the DagBag from /home/airflow/.local/lib/python3.6/site-packages/airflow/example_dags/example_dag_decorator.py
[2023-02-23 17:07:49,824] {scheduler_job.py:643} INFO - DAG(s) dict_keys(['example_dag_decorator']) retrieved from /home/airflow/.local/lib/python3.6/site-packages/airflow/example_dags/example_dag_decorator.py
[2023-02-23 17:07:50,100] {logging_mixin.py:104} INFO - [2023-02-23 17:07:50,100] {dag.py:1833} INFO - Sync 1 DAGs
[2023-02-23 17:07:50,115] {logging_mixin.py:104} INFO - [2023-02-23 17:07:50,115] {dag.py:2306} INFO - Setting next_dagrun for example_dag_decorator to None
[2023-02-23 17:07:50,179] {scheduler_job.py:190} INFO - Processing /home/airflow/.local/lib/python3.6/site-packages/airflow/example_dags/example_dag_decorator.py took 0.376 seconds
[2023-02-23 17:08:20,402] {scheduler_job.py:182} INFO - Started process (PID=2450) to work on /home/airflow/.local/lib/python3.6/site-packages/airflow/example_dags/example_dag_decorator.py
[2023-02-23 17:08:20,403] {scheduler_job.py:633} INFO - Processing file /home/airflow/.local/lib/python3.6/site-packages/airflow/example_dags/example_dag_decorator.py for tasks to queue
[2023-02-23 17:08:20,404] {logging_mixin.py:104} INFO - [2023-02-23 17:08:20,404] {dagbag.py:496} INFO - Filling up the DagBag from /home/airflow/.local/lib/python3.6/site-packages/airflow/example_dags/example_dag_decorator.py
[2023-02-23 17:08:20,420] {scheduler_job.py:643} INFO - DAG(s) dict_keys(['example_dag_decorator']) retrieved from /home/airflow/.local/lib/python3.6/site-packages/airflow/example_dags/example_dag_decorator.py
[2023-02-23 17:08:20,687] {logging_mixin.py:104} INFO - [2023-02-23 17:08:20,686] {dag.py:1833} INFO - Sync 1 DAGs
[2023-02-23 17:08:20,701] {logging_mixin.py:104} INFO - [2023-02-23 17:08:20,701] {dag.py:2306} INFO - Setting next_dagrun for example_dag_decorator to None
[2023-02-23 17:08:20,711] {scheduler_job.py:190} INFO - Processing /home/airflow/.local/lib/python3.6/site-packages/airflow/example_dags/example_dag_decorator.py took 0.311 seconds
[2023-02-23 17:08:51,540] {scheduler_job.py:182} INFO - Started process (PID=2512) to work on /home/airflow/.local/lib/python3.6/site-packages/airflow/example_dags/example_dag_decorator.py
[2023-02-23 17:08:51,541] {scheduler_job.py:633} INFO - Processing file /home/airflow/.local/lib/python3.6/site-packages/airflow/example_dags/example_dag_decorator.py for tasks to queue
[2023-02-23 17:08:51,541] {logging_mixin.py:104} INFO - [2023-02-23 17:08:51,541] {dagbag.py:496} INFO - Filling up the DagBag from /home/airflow/.local/lib/python3.6/site-packages/airflow/example_dags/example_dag_decorator.py
[2023-02-23 17:08:51,557] {scheduler_job.py:643} INFO - DAG(s) dict_keys(['example_dag_decorator']) retrieved from /home/airflow/.local/lib/python3.6/site-packages/airflow/example_dags/example_dag_decorator.py
[2023-02-23 17:08:51,733] {logging_mixin.py:104} INFO - [2023-02-23 17:08:51,733] {dag.py:1833} INFO - Sync 1 DAGs
[2023-02-23 17:08:51,744] {logging_mixin.py:104} INFO - [2023-02-23 17:08:51,744] {dag.py:2306} INFO - Setting next_dagrun for example_dag_decorator to None
[2023-02-23 17:08:51,753] {scheduler_job.py:190} INFO - Processing /home/airflow/.local/lib/python3.6/site-packages/airflow/example_dags/example_dag_decorator.py took 0.216 seconds
[2023-02-23 17:09:21,827] {scheduler_job.py:182} INFO - Started process (PID=2567) to work on /home/airflow/.local/lib/python3.6/site-packages/airflow/example_dags/example_dag_decorator.py
[2023-02-23 17:09:21,828] {scheduler_job.py:633} INFO - Processing file /home/airflow/.local/lib/python3.6/site-packages/airflow/example_dags/example_dag_decorator.py for tasks to queue
[2023-02-23 17:09:21,828] {logging_mixin.py:104} INFO - [2023-02-23 17:09:21,828] {dagbag.py:496} INFO - Filling up the DagBag from /home/airflow/.local/lib/python3.6/site-packages/airflow/example_dags/example_dag_decorator.py
[2023-02-23 17:09:21,848] {scheduler_job.py:643} INFO - DAG(s) dict_keys(['example_dag_decorator']) retrieved from /home/airflow/.local/lib/python3.6/site-packages/airflow/example_dags/example_dag_decorator.py
[2023-02-23 17:09:22,095] {logging_mixin.py:104} INFO - [2023-02-23 17:09:22,094] {dag.py:1833} INFO - Sync 1 DAGs
[2023-02-23 17:09:22,109] {logging_mixin.py:104} INFO - [2023-02-23 17:09:22,108] {dag.py:2306} INFO - Setting next_dagrun for example_dag_decorator to None
[2023-02-23 17:09:22,118] {scheduler_job.py:190} INFO - Processing /home/airflow/.local/lib/python3.6/site-packages/airflow/example_dags/example_dag_decorator.py took 0.294 seconds
[2023-02-23 17:09:52,788] {scheduler_job.py:182} INFO - Started process (PID=2626) to work on /home/airflow/.local/lib/python3.6/site-packages/airflow/example_dags/example_dag_decorator.py
[2023-02-23 17:09:52,789] {scheduler_job.py:633} INFO - Processing file /home/airflow/.local/lib/python3.6/site-packages/airflow/example_dags/example_dag_decorator.py for tasks to queue
[2023-02-23 17:09:52,790] {logging_mixin.py:104} INFO - [2023-02-23 17:09:52,789] {dagbag.py:496} INFO - Filling up the DagBag from /home/airflow/.local/lib/python3.6/site-packages/airflow/example_dags/example_dag_decorator.py
[2023-02-23 17:09:52,889] {scheduler_job.py:643} INFO - DAG(s) dict_keys(['example_dag_decorator']) retrieved from /home/airflow/.local/lib/python3.6/site-packages/airflow/example_dags/example_dag_decorator.py
[2023-02-23 17:09:54,381] {logging_mixin.py:104} INFO - [2023-02-23 17:09:54,381] {dag.py:1833} INFO - Sync 1 DAGs
[2023-02-23 17:09:54,479] {logging_mixin.py:104} INFO - [2023-02-23 17:09:54,479] {dag.py:2306} INFO - Setting next_dagrun for example_dag_decorator to None
[2023-02-23 17:09:54,576] {scheduler_job.py:190} INFO - Processing /home/airflow/.local/lib/python3.6/site-packages/airflow/example_dags/example_dag_decorator.py took 1.791 seconds
[2023-02-23 17:10:25,209] {scheduler_job.py:182} INFO - Started process (PID=2682) to work on /home/airflow/.local/lib/python3.6/site-packages/airflow/example_dags/example_dag_decorator.py
[2023-02-23 17:10:25,210] {scheduler_job.py:633} INFO - Processing file /home/airflow/.local/lib/python3.6/site-packages/airflow/example_dags/example_dag_decorator.py for tasks to queue
[2023-02-23 17:10:25,211] {logging_mixin.py:104} INFO - [2023-02-23 17:10:25,210] {dagbag.py:496} INFO - Filling up the DagBag from /home/airflow/.local/lib/python3.6/site-packages/airflow/example_dags/example_dag_decorator.py
[2023-02-23 17:10:25,226] {scheduler_job.py:643} INFO - DAG(s) dict_keys(['example_dag_decorator']) retrieved from /home/airflow/.local/lib/python3.6/site-packages/airflow/example_dags/example_dag_decorator.py
[2023-02-23 17:10:25,413] {logging_mixin.py:104} INFO - [2023-02-23 17:10:25,413] {dag.py:1833} INFO - Sync 1 DAGs
[2023-02-23 17:10:25,428] {logging_mixin.py:104} INFO - [2023-02-23 17:10:25,427] {dag.py:2306} INFO - Setting next_dagrun for example_dag_decorator to None
[2023-02-23 17:10:25,437] {scheduler_job.py:190} INFO - Processing /home/airflow/.local/lib/python3.6/site-packages/airflow/example_dags/example_dag_decorator.py took 0.230 seconds
