[2023-02-23 19:42:59,029] {scheduler_job.py:182} INFO - Started process (PID=62) to work on /home/airflow/.local/lib/python3.6/site-packages/airflow/example_dags/example_bash_operator.py
[2023-02-23 19:42:59,030] {scheduler_job.py:633} INFO - Processing file /home/airflow/.local/lib/python3.6/site-packages/airflow/example_dags/example_bash_operator.py for tasks to queue
[2023-02-23 19:42:59,030] {logging_mixin.py:104} INFO - [2023-02-23 19:42:59,030] {dagbag.py:496} INFO - Filling up the DagBag from /home/airflow/.local/lib/python3.6/site-packages/airflow/example_dags/example_bash_operator.py
[2023-02-23 19:42:59,091] {scheduler_job.py:643} INFO - DAG(s) dict_keys(['example_bash_operator']) retrieved from /home/airflow/.local/lib/python3.6/site-packages/airflow/example_dags/example_bash_operator.py
[2023-02-23 19:42:59,174] {logging_mixin.py:104} INFO - [2023-02-23 19:42:59,173] {dag.py:1833} INFO - Sync 1 DAGs
[2023-02-23 19:42:59,189] {logging_mixin.py:104} INFO - [2023-02-23 19:42:59,189] {dag.py:2306} INFO - Setting next_dagrun for example_bash_operator to 2023-02-21 00:00:00+00:00
[2023-02-23 19:42:59,277] {scheduler_job.py:190} INFO - Processing /home/airflow/.local/lib/python3.6/site-packages/airflow/example_dags/example_bash_operator.py took 0.251 seconds
[2023-02-23 19:43:29,748] {scheduler_job.py:182} INFO - Started process (PID=113) to work on /home/airflow/.local/lib/python3.6/site-packages/airflow/example_dags/example_bash_operator.py
[2023-02-23 19:43:29,748] {scheduler_job.py:633} INFO - Processing file /home/airflow/.local/lib/python3.6/site-packages/airflow/example_dags/example_bash_operator.py for tasks to queue
[2023-02-23 19:43:29,749] {logging_mixin.py:104} INFO - [2023-02-23 19:43:29,749] {dagbag.py:496} INFO - Filling up the DagBag from /home/airflow/.local/lib/python3.6/site-packages/airflow/example_dags/example_bash_operator.py
[2023-02-23 19:43:29,760] {scheduler_job.py:643} INFO - DAG(s) dict_keys(['example_bash_operator']) retrieved from /home/airflow/.local/lib/python3.6/site-packages/airflow/example_dags/example_bash_operator.py
[2023-02-23 19:43:29,777] {logging_mixin.py:104} INFO - [2023-02-23 19:43:29,777] {dag.py:1833} INFO - Sync 1 DAGs
[2023-02-23 19:43:29,790] {logging_mixin.py:104} INFO - [2023-02-23 19:43:29,790] {dag.py:2306} INFO - Setting next_dagrun for example_bash_operator to 2023-02-21 00:00:00+00:00
[2023-02-23 19:43:29,798] {scheduler_job.py:190} INFO - Processing /home/airflow/.local/lib/python3.6/site-packages/airflow/example_dags/example_bash_operator.py took 0.053 seconds
[2023-02-23 19:44:00,329] {scheduler_job.py:182} INFO - Started process (PID=174) to work on /home/airflow/.local/lib/python3.6/site-packages/airflow/example_dags/example_bash_operator.py
[2023-02-23 19:44:00,329] {scheduler_job.py:633} INFO - Processing file /home/airflow/.local/lib/python3.6/site-packages/airflow/example_dags/example_bash_operator.py for tasks to queue
[2023-02-23 19:44:00,330] {logging_mixin.py:104} INFO - [2023-02-23 19:44:00,330] {dagbag.py:496} INFO - Filling up the DagBag from /home/airflow/.local/lib/python3.6/site-packages/airflow/example_dags/example_bash_operator.py
[2023-02-23 19:44:00,342] {scheduler_job.py:643} INFO - DAG(s) dict_keys(['example_bash_operator']) retrieved from /home/airflow/.local/lib/python3.6/site-packages/airflow/example_dags/example_bash_operator.py
[2023-02-23 19:44:00,360] {logging_mixin.py:104} INFO - [2023-02-23 19:44:00,360] {dag.py:1833} INFO - Sync 1 DAGs
[2023-02-23 19:44:00,374] {logging_mixin.py:104} INFO - [2023-02-23 19:44:00,374] {dag.py:2306} INFO - Setting next_dagrun for example_bash_operator to 2023-02-21 00:00:00+00:00
[2023-02-23 19:44:00,382] {scheduler_job.py:190} INFO - Processing /home/airflow/.local/lib/python3.6/site-packages/airflow/example_dags/example_bash_operator.py took 0.056 seconds
[2023-02-23 19:44:31,020] {scheduler_job.py:182} INFO - Started process (PID=225) to work on /home/airflow/.local/lib/python3.6/site-packages/airflow/example_dags/example_bash_operator.py
[2023-02-23 19:44:31,020] {scheduler_job.py:633} INFO - Processing file /home/airflow/.local/lib/python3.6/site-packages/airflow/example_dags/example_bash_operator.py for tasks to queue
[2023-02-23 19:44:31,021] {logging_mixin.py:104} INFO - [2023-02-23 19:44:31,021] {dagbag.py:496} INFO - Filling up the DagBag from /home/airflow/.local/lib/python3.6/site-packages/airflow/example_dags/example_bash_operator.py
[2023-02-23 19:44:31,033] {scheduler_job.py:643} INFO - DAG(s) dict_keys(['example_bash_operator']) retrieved from /home/airflow/.local/lib/python3.6/site-packages/airflow/example_dags/example_bash_operator.py
[2023-02-23 19:44:31,051] {logging_mixin.py:104} INFO - [2023-02-23 19:44:31,051] {dag.py:1833} INFO - Sync 1 DAGs
[2023-02-23 19:44:31,065] {logging_mixin.py:104} INFO - [2023-02-23 19:44:31,065] {dag.py:2306} INFO - Setting next_dagrun for example_bash_operator to 2023-02-21 00:00:00+00:00
[2023-02-23 19:44:31,073] {scheduler_job.py:190} INFO - Processing /home/airflow/.local/lib/python3.6/site-packages/airflow/example_dags/example_bash_operator.py took 0.056 seconds
[2023-02-23 19:45:01,917] {scheduler_job.py:182} INFO - Started process (PID=286) to work on /home/airflow/.local/lib/python3.6/site-packages/airflow/example_dags/example_bash_operator.py
[2023-02-23 19:45:01,918] {scheduler_job.py:633} INFO - Processing file /home/airflow/.local/lib/python3.6/site-packages/airflow/example_dags/example_bash_operator.py for tasks to queue
[2023-02-23 19:45:01,919] {logging_mixin.py:104} INFO - [2023-02-23 19:45:01,918] {dagbag.py:496} INFO - Filling up the DagBag from /home/airflow/.local/lib/python3.6/site-packages/airflow/example_dags/example_bash_operator.py
[2023-02-23 19:45:01,930] {scheduler_job.py:643} INFO - DAG(s) dict_keys(['example_bash_operator']) retrieved from /home/airflow/.local/lib/python3.6/site-packages/airflow/example_dags/example_bash_operator.py
[2023-02-23 19:45:01,952] {logging_mixin.py:104} INFO - [2023-02-23 19:45:01,952] {dag.py:1833} INFO - Sync 1 DAGs
[2023-02-23 19:45:01,967] {logging_mixin.py:104} INFO - [2023-02-23 19:45:01,967] {dag.py:2306} INFO - Setting next_dagrun for example_bash_operator to 2023-02-21 00:00:00+00:00
[2023-02-23 19:45:01,975] {scheduler_job.py:190} INFO - Processing /home/airflow/.local/lib/python3.6/site-packages/airflow/example_dags/example_bash_operator.py took 0.061 seconds
[2023-02-23 19:45:32,556] {scheduler_job.py:182} INFO - Started process (PID=346) to work on /home/airflow/.local/lib/python3.6/site-packages/airflow/example_dags/example_bash_operator.py
[2023-02-23 19:45:32,557] {scheduler_job.py:633} INFO - Processing file /home/airflow/.local/lib/python3.6/site-packages/airflow/example_dags/example_bash_operator.py for tasks to queue
[2023-02-23 19:45:32,557] {logging_mixin.py:104} INFO - [2023-02-23 19:45:32,557] {dagbag.py:496} INFO - Filling up the DagBag from /home/airflow/.local/lib/python3.6/site-packages/airflow/example_dags/example_bash_operator.py
[2023-02-23 19:45:32,572] {scheduler_job.py:643} INFO - DAG(s) dict_keys(['example_bash_operator']) retrieved from /home/airflow/.local/lib/python3.6/site-packages/airflow/example_dags/example_bash_operator.py
[2023-02-23 19:45:32,594] {logging_mixin.py:104} INFO - [2023-02-23 19:45:32,593] {dag.py:1833} INFO - Sync 1 DAGs
[2023-02-23 19:45:32,610] {logging_mixin.py:104} INFO - [2023-02-23 19:45:32,610] {dag.py:2306} INFO - Setting next_dagrun for example_bash_operator to 2023-02-21 00:00:00+00:00
[2023-02-23 19:45:32,619] {scheduler_job.py:190} INFO - Processing /home/airflow/.local/lib/python3.6/site-packages/airflow/example_dags/example_bash_operator.py took 0.065 seconds
[2023-02-23 19:46:03,485] {scheduler_job.py:182} INFO - Started process (PID=398) to work on /home/airflow/.local/lib/python3.6/site-packages/airflow/example_dags/example_bash_operator.py
[2023-02-23 19:46:03,486] {scheduler_job.py:633} INFO - Processing file /home/airflow/.local/lib/python3.6/site-packages/airflow/example_dags/example_bash_operator.py for tasks to queue
[2023-02-23 19:46:03,486] {logging_mixin.py:104} INFO - [2023-02-23 19:46:03,486] {dagbag.py:496} INFO - Filling up the DagBag from /home/airflow/.local/lib/python3.6/site-packages/airflow/example_dags/example_bash_operator.py
[2023-02-23 19:46:03,497] {scheduler_job.py:643} INFO - DAG(s) dict_keys(['example_bash_operator']) retrieved from /home/airflow/.local/lib/python3.6/site-packages/airflow/example_dags/example_bash_operator.py
[2023-02-23 19:46:03,514] {logging_mixin.py:104} INFO - [2023-02-23 19:46:03,514] {dag.py:1833} INFO - Sync 1 DAGs
[2023-02-23 19:46:03,527] {logging_mixin.py:104} INFO - [2023-02-23 19:46:03,527] {dag.py:2306} INFO - Setting next_dagrun for example_bash_operator to 2023-02-21 00:00:00+00:00
[2023-02-23 19:46:03,534] {scheduler_job.py:190} INFO - Processing /home/airflow/.local/lib/python3.6/site-packages/airflow/example_dags/example_bash_operator.py took 0.050 seconds
[2023-02-23 19:46:33,964] {scheduler_job.py:182} INFO - Started process (PID=459) to work on /home/airflow/.local/lib/python3.6/site-packages/airflow/example_dags/example_bash_operator.py
[2023-02-23 19:46:33,965] {scheduler_job.py:633} INFO - Processing file /home/airflow/.local/lib/python3.6/site-packages/airflow/example_dags/example_bash_operator.py for tasks to queue
[2023-02-23 19:46:33,966] {logging_mixin.py:104} INFO - [2023-02-23 19:46:33,965] {dagbag.py:496} INFO - Filling up the DagBag from /home/airflow/.local/lib/python3.6/site-packages/airflow/example_dags/example_bash_operator.py
[2023-02-23 19:46:33,978] {scheduler_job.py:643} INFO - DAG(s) dict_keys(['example_bash_operator']) retrieved from /home/airflow/.local/lib/python3.6/site-packages/airflow/example_dags/example_bash_operator.py
[2023-02-23 19:46:34,018] {logging_mixin.py:104} INFO - [2023-02-23 19:46:34,018] {dag.py:1833} INFO - Sync 1 DAGs
[2023-02-23 19:46:34,034] {logging_mixin.py:104} INFO - [2023-02-23 19:46:34,034] {dag.py:2306} INFO - Setting next_dagrun for example_bash_operator to 2023-02-21 00:00:00+00:00
[2023-02-23 19:46:34,043] {scheduler_job.py:190} INFO - Processing /home/airflow/.local/lib/python3.6/site-packages/airflow/example_dags/example_bash_operator.py took 0.081 seconds
[2023-02-23 19:47:04,978] {scheduler_job.py:182} INFO - Started process (PID=510) to work on /home/airflow/.local/lib/python3.6/site-packages/airflow/example_dags/example_bash_operator.py
[2023-02-23 19:47:04,979] {scheduler_job.py:633} INFO - Processing file /home/airflow/.local/lib/python3.6/site-packages/airflow/example_dags/example_bash_operator.py for tasks to queue
[2023-02-23 19:47:04,979] {logging_mixin.py:104} INFO - [2023-02-23 19:47:04,979] {dagbag.py:496} INFO - Filling up the DagBag from /home/airflow/.local/lib/python3.6/site-packages/airflow/example_dags/example_bash_operator.py
[2023-02-23 19:47:04,991] {scheduler_job.py:643} INFO - DAG(s) dict_keys(['example_bash_operator']) retrieved from /home/airflow/.local/lib/python3.6/site-packages/airflow/example_dags/example_bash_operator.py
[2023-02-23 19:47:05,010] {logging_mixin.py:104} INFO - [2023-02-23 19:47:05,010] {dag.py:1833} INFO - Sync 1 DAGs
[2023-02-23 19:47:05,024] {logging_mixin.py:104} INFO - [2023-02-23 19:47:05,024] {dag.py:2306} INFO - Setting next_dagrun for example_bash_operator to 2023-02-21 00:00:00+00:00
[2023-02-23 19:47:05,032] {scheduler_job.py:190} INFO - Processing /home/airflow/.local/lib/python3.6/site-packages/airflow/example_dags/example_bash_operator.py took 0.056 seconds
[2023-02-23 19:47:35,333] {scheduler_job.py:182} INFO - Started process (PID=571) to work on /home/airflow/.local/lib/python3.6/site-packages/airflow/example_dags/example_bash_operator.py
[2023-02-23 19:47:35,334] {scheduler_job.py:633} INFO - Processing file /home/airflow/.local/lib/python3.6/site-packages/airflow/example_dags/example_bash_operator.py for tasks to queue
[2023-02-23 19:47:35,334] {logging_mixin.py:104} INFO - [2023-02-23 19:47:35,334] {dagbag.py:496} INFO - Filling up the DagBag from /home/airflow/.local/lib/python3.6/site-packages/airflow/example_dags/example_bash_operator.py
[2023-02-23 19:47:35,348] {scheduler_job.py:643} INFO - DAG(s) dict_keys(['example_bash_operator']) retrieved from /home/airflow/.local/lib/python3.6/site-packages/airflow/example_dags/example_bash_operator.py
[2023-02-23 19:47:35,370] {logging_mixin.py:104} INFO - [2023-02-23 19:47:35,369] {dag.py:1833} INFO - Sync 1 DAGs
[2023-02-23 19:47:35,389] {logging_mixin.py:104} INFO - [2023-02-23 19:47:35,389] {dag.py:2306} INFO - Setting next_dagrun for example_bash_operator to 2023-02-21 00:00:00+00:00
[2023-02-23 19:47:35,402] {scheduler_job.py:190} INFO - Processing /home/airflow/.local/lib/python3.6/site-packages/airflow/example_dags/example_bash_operator.py took 0.071 seconds
[2023-02-23 19:48:06,240] {scheduler_job.py:182} INFO - Started process (PID=622) to work on /home/airflow/.local/lib/python3.6/site-packages/airflow/example_dags/example_bash_operator.py
[2023-02-23 19:48:06,241] {scheduler_job.py:633} INFO - Processing file /home/airflow/.local/lib/python3.6/site-packages/airflow/example_dags/example_bash_operator.py for tasks to queue
[2023-02-23 19:48:06,241] {logging_mixin.py:104} INFO - [2023-02-23 19:48:06,241] {dagbag.py:496} INFO - Filling up the DagBag from /home/airflow/.local/lib/python3.6/site-packages/airflow/example_dags/example_bash_operator.py
[2023-02-23 19:48:06,253] {scheduler_job.py:643} INFO - DAG(s) dict_keys(['example_bash_operator']) retrieved from /home/airflow/.local/lib/python3.6/site-packages/airflow/example_dags/example_bash_operator.py
[2023-02-23 19:48:06,270] {logging_mixin.py:104} INFO - [2023-02-23 19:48:06,270] {dag.py:1833} INFO - Sync 1 DAGs
[2023-02-23 19:48:06,284] {logging_mixin.py:104} INFO - [2023-02-23 19:48:06,284] {dag.py:2306} INFO - Setting next_dagrun for example_bash_operator to 2023-02-21 00:00:00+00:00
[2023-02-23 19:48:06,292] {scheduler_job.py:190} INFO - Processing /home/airflow/.local/lib/python3.6/site-packages/airflow/example_dags/example_bash_operator.py took 0.055 seconds
[2023-02-23 19:48:36,801] {scheduler_job.py:182} INFO - Started process (PID=683) to work on /home/airflow/.local/lib/python3.6/site-packages/airflow/example_dags/example_bash_operator.py
[2023-02-23 19:48:36,802] {scheduler_job.py:633} INFO - Processing file /home/airflow/.local/lib/python3.6/site-packages/airflow/example_dags/example_bash_operator.py for tasks to queue
[2023-02-23 19:48:36,802] {logging_mixin.py:104} INFO - [2023-02-23 19:48:36,802] {dagbag.py:496} INFO - Filling up the DagBag from /home/airflow/.local/lib/python3.6/site-packages/airflow/example_dags/example_bash_operator.py
[2023-02-23 19:48:36,814] {scheduler_job.py:643} INFO - DAG(s) dict_keys(['example_bash_operator']) retrieved from /home/airflow/.local/lib/python3.6/site-packages/airflow/example_dags/example_bash_operator.py
[2023-02-23 19:48:36,832] {logging_mixin.py:104} INFO - [2023-02-23 19:48:36,832] {dag.py:1833} INFO - Sync 1 DAGs
[2023-02-23 19:48:36,847] {logging_mixin.py:104} INFO - [2023-02-23 19:48:36,847] {dag.py:2306} INFO - Setting next_dagrun for example_bash_operator to 2023-02-21 00:00:00+00:00
[2023-02-23 19:48:36,854] {scheduler_job.py:190} INFO - Processing /home/airflow/.local/lib/python3.6/site-packages/airflow/example_dags/example_bash_operator.py took 0.055 seconds
[2023-02-23 19:49:07,432] {scheduler_job.py:182} INFO - Started process (PID=744) to work on /home/airflow/.local/lib/python3.6/site-packages/airflow/example_dags/example_bash_operator.py
[2023-02-23 19:49:07,432] {scheduler_job.py:633} INFO - Processing file /home/airflow/.local/lib/python3.6/site-packages/airflow/example_dags/example_bash_operator.py for tasks to queue
[2023-02-23 19:49:07,433] {logging_mixin.py:104} INFO - [2023-02-23 19:49:07,433] {dagbag.py:496} INFO - Filling up the DagBag from /home/airflow/.local/lib/python3.6/site-packages/airflow/example_dags/example_bash_operator.py
[2023-02-23 19:49:07,446] {scheduler_job.py:643} INFO - DAG(s) dict_keys(['example_bash_operator']) retrieved from /home/airflow/.local/lib/python3.6/site-packages/airflow/example_dags/example_bash_operator.py
[2023-02-23 19:49:07,465] {logging_mixin.py:104} INFO - [2023-02-23 19:49:07,465] {dag.py:1833} INFO - Sync 1 DAGs
[2023-02-23 19:49:07,483] {logging_mixin.py:104} INFO - [2023-02-23 19:49:07,483] {dag.py:2306} INFO - Setting next_dagrun for example_bash_operator to 2023-02-21 00:00:00+00:00
[2023-02-23 19:49:07,493] {scheduler_job.py:190} INFO - Processing /home/airflow/.local/lib/python3.6/site-packages/airflow/example_dags/example_bash_operator.py took 0.064 seconds
[2023-02-23 19:49:37,755] {scheduler_job.py:182} INFO - Started process (PID=795) to work on /home/airflow/.local/lib/python3.6/site-packages/airflow/example_dags/example_bash_operator.py
[2023-02-23 19:49:37,756] {scheduler_job.py:633} INFO - Processing file /home/airflow/.local/lib/python3.6/site-packages/airflow/example_dags/example_bash_operator.py for tasks to queue
[2023-02-23 19:49:37,757] {logging_mixin.py:104} INFO - [2023-02-23 19:49:37,756] {dagbag.py:496} INFO - Filling up the DagBag from /home/airflow/.local/lib/python3.6/site-packages/airflow/example_dags/example_bash_operator.py
[2023-02-23 19:49:37,768] {scheduler_job.py:643} INFO - DAG(s) dict_keys(['example_bash_operator']) retrieved from /home/airflow/.local/lib/python3.6/site-packages/airflow/example_dags/example_bash_operator.py
[2023-02-23 19:49:37,790] {logging_mixin.py:104} INFO - [2023-02-23 19:49:37,789] {dag.py:1833} INFO - Sync 1 DAGs
[2023-02-23 19:49:37,806] {logging_mixin.py:104} INFO - [2023-02-23 19:49:37,806] {dag.py:2306} INFO - Setting next_dagrun for example_bash_operator to 2023-02-21 00:00:00+00:00
[2023-02-23 19:49:37,813] {scheduler_job.py:190} INFO - Processing /home/airflow/.local/lib/python3.6/site-packages/airflow/example_dags/example_bash_operator.py took 0.061 seconds
[2023-02-23 19:50:08,786] {scheduler_job.py:182} INFO - Started process (PID=856) to work on /home/airflow/.local/lib/python3.6/site-packages/airflow/example_dags/example_bash_operator.py
[2023-02-23 19:50:08,787] {scheduler_job.py:633} INFO - Processing file /home/airflow/.local/lib/python3.6/site-packages/airflow/example_dags/example_bash_operator.py for tasks to queue
[2023-02-23 19:50:08,787] {logging_mixin.py:104} INFO - [2023-02-23 19:50:08,787] {dagbag.py:496} INFO - Filling up the DagBag from /home/airflow/.local/lib/python3.6/site-packages/airflow/example_dags/example_bash_operator.py
[2023-02-23 19:50:08,799] {scheduler_job.py:643} INFO - DAG(s) dict_keys(['example_bash_operator']) retrieved from /home/airflow/.local/lib/python3.6/site-packages/airflow/example_dags/example_bash_operator.py
[2023-02-23 19:50:08,816] {logging_mixin.py:104} INFO - [2023-02-23 19:50:08,816] {dag.py:1833} INFO - Sync 1 DAGs
[2023-02-23 19:50:08,832] {logging_mixin.py:104} INFO - [2023-02-23 19:50:08,832] {dag.py:2306} INFO - Setting next_dagrun for example_bash_operator to 2023-02-21 00:00:00+00:00
[2023-02-23 19:50:08,839] {scheduler_job.py:190} INFO - Processing /home/airflow/.local/lib/python3.6/site-packages/airflow/example_dags/example_bash_operator.py took 0.056 seconds
[2023-02-23 19:50:39,391] {scheduler_job.py:182} INFO - Started process (PID=907) to work on /home/airflow/.local/lib/python3.6/site-packages/airflow/example_dags/example_bash_operator.py
[2023-02-23 19:50:39,392] {scheduler_job.py:633} INFO - Processing file /home/airflow/.local/lib/python3.6/site-packages/airflow/example_dags/example_bash_operator.py for tasks to queue
[2023-02-23 19:50:39,392] {logging_mixin.py:104} INFO - [2023-02-23 19:50:39,392] {dagbag.py:496} INFO - Filling up the DagBag from /home/airflow/.local/lib/python3.6/site-packages/airflow/example_dags/example_bash_operator.py
[2023-02-23 19:50:39,407] {scheduler_job.py:643} INFO - DAG(s) dict_keys(['example_bash_operator']) retrieved from /home/airflow/.local/lib/python3.6/site-packages/airflow/example_dags/example_bash_operator.py
[2023-02-23 19:50:39,485] {logging_mixin.py:104} INFO - [2023-02-23 19:50:39,485] {dag.py:1833} INFO - Sync 1 DAGs
[2023-02-23 19:50:39,573] {logging_mixin.py:104} INFO - [2023-02-23 19:50:39,573] {dag.py:2306} INFO - Setting next_dagrun for example_bash_operator to 2023-02-21 00:00:00+00:00
[2023-02-23 19:50:39,585] {scheduler_job.py:190} INFO - Processing /home/airflow/.local/lib/python3.6/site-packages/airflow/example_dags/example_bash_operator.py took 0.197 seconds
[2023-02-23 19:51:10,531] {scheduler_job.py:182} INFO - Started process (PID=968) to work on /home/airflow/.local/lib/python3.6/site-packages/airflow/example_dags/example_bash_operator.py
[2023-02-23 19:51:10,532] {scheduler_job.py:633} INFO - Processing file /home/airflow/.local/lib/python3.6/site-packages/airflow/example_dags/example_bash_operator.py for tasks to queue
[2023-02-23 19:51:10,532] {logging_mixin.py:104} INFO - [2023-02-23 19:51:10,532] {dagbag.py:496} INFO - Filling up the DagBag from /home/airflow/.local/lib/python3.6/site-packages/airflow/example_dags/example_bash_operator.py
[2023-02-23 19:51:10,544] {scheduler_job.py:643} INFO - DAG(s) dict_keys(['example_bash_operator']) retrieved from /home/airflow/.local/lib/python3.6/site-packages/airflow/example_dags/example_bash_operator.py
[2023-02-23 19:51:10,562] {logging_mixin.py:104} INFO - [2023-02-23 19:51:10,561] {dag.py:1833} INFO - Sync 1 DAGs
[2023-02-23 19:51:10,577] {logging_mixin.py:104} INFO - [2023-02-23 19:51:10,577] {dag.py:2306} INFO - Setting next_dagrun for example_bash_operator to 2023-02-21 00:00:00+00:00
[2023-02-23 19:51:10,586] {scheduler_job.py:190} INFO - Processing /home/airflow/.local/lib/python3.6/site-packages/airflow/example_dags/example_bash_operator.py took 0.057 seconds
[2023-02-23 19:51:41,048] {scheduler_job.py:182} INFO - Started process (PID=1019) to work on /home/airflow/.local/lib/python3.6/site-packages/airflow/example_dags/example_bash_operator.py
[2023-02-23 19:51:41,048] {scheduler_job.py:633} INFO - Processing file /home/airflow/.local/lib/python3.6/site-packages/airflow/example_dags/example_bash_operator.py for tasks to queue
[2023-02-23 19:51:41,049] {logging_mixin.py:104} INFO - [2023-02-23 19:51:41,049] {dagbag.py:496} INFO - Filling up the DagBag from /home/airflow/.local/lib/python3.6/site-packages/airflow/example_dags/example_bash_operator.py
[2023-02-23 19:51:41,062] {scheduler_job.py:643} INFO - DAG(s) dict_keys(['example_bash_operator']) retrieved from /home/airflow/.local/lib/python3.6/site-packages/airflow/example_dags/example_bash_operator.py
[2023-02-23 19:51:41,079] {logging_mixin.py:104} INFO - [2023-02-23 19:51:41,079] {dag.py:1833} INFO - Sync 1 DAGs
[2023-02-23 19:51:41,096] {logging_mixin.py:104} INFO - [2023-02-23 19:51:41,096] {dag.py:2306} INFO - Setting next_dagrun for example_bash_operator to 2023-02-21 00:00:00+00:00
[2023-02-23 19:51:41,104] {scheduler_job.py:190} INFO - Processing /home/airflow/.local/lib/python3.6/site-packages/airflow/example_dags/example_bash_operator.py took 0.058 seconds
[2023-02-23 19:52:11,778] {scheduler_job.py:182} INFO - Started process (PID=1080) to work on /home/airflow/.local/lib/python3.6/site-packages/airflow/example_dags/example_bash_operator.py
[2023-02-23 19:52:11,779] {scheduler_job.py:633} INFO - Processing file /home/airflow/.local/lib/python3.6/site-packages/airflow/example_dags/example_bash_operator.py for tasks to queue
[2023-02-23 19:52:11,779] {logging_mixin.py:104} INFO - [2023-02-23 19:52:11,779] {dagbag.py:496} INFO - Filling up the DagBag from /home/airflow/.local/lib/python3.6/site-packages/airflow/example_dags/example_bash_operator.py
[2023-02-23 19:52:11,791] {scheduler_job.py:643} INFO - DAG(s) dict_keys(['example_bash_operator']) retrieved from /home/airflow/.local/lib/python3.6/site-packages/airflow/example_dags/example_bash_operator.py
[2023-02-23 19:52:11,807] {logging_mixin.py:104} INFO - [2023-02-23 19:52:11,807] {dag.py:1833} INFO - Sync 1 DAGs
[2023-02-23 19:52:11,821] {logging_mixin.py:104} INFO - [2023-02-23 19:52:11,821] {dag.py:2306} INFO - Setting next_dagrun for example_bash_operator to 2023-02-21 00:00:00+00:00
[2023-02-23 19:52:11,829] {scheduler_job.py:190} INFO - Processing /home/airflow/.local/lib/python3.6/site-packages/airflow/example_dags/example_bash_operator.py took 0.052 seconds
[2023-02-23 19:52:42,143] {scheduler_job.py:182} INFO - Started process (PID=1130) to work on /home/airflow/.local/lib/python3.6/site-packages/airflow/example_dags/example_bash_operator.py
[2023-02-23 19:52:42,144] {scheduler_job.py:633} INFO - Processing file /home/airflow/.local/lib/python3.6/site-packages/airflow/example_dags/example_bash_operator.py for tasks to queue
[2023-02-23 19:52:42,145] {logging_mixin.py:104} INFO - [2023-02-23 19:52:42,144] {dagbag.py:496} INFO - Filling up the DagBag from /home/airflow/.local/lib/python3.6/site-packages/airflow/example_dags/example_bash_operator.py
[2023-02-23 19:52:42,156] {scheduler_job.py:643} INFO - DAG(s) dict_keys(['example_bash_operator']) retrieved from /home/airflow/.local/lib/python3.6/site-packages/airflow/example_dags/example_bash_operator.py
[2023-02-23 19:52:42,172] {logging_mixin.py:104} INFO - [2023-02-23 19:52:42,172] {dag.py:1833} INFO - Sync 1 DAGs
[2023-02-23 19:52:42,186] {logging_mixin.py:104} INFO - [2023-02-23 19:52:42,186] {dag.py:2306} INFO - Setting next_dagrun for example_bash_operator to 2023-02-21 00:00:00+00:00
[2023-02-23 19:52:42,193] {scheduler_job.py:190} INFO - Processing /home/airflow/.local/lib/python3.6/site-packages/airflow/example_dags/example_bash_operator.py took 0.052 seconds
[2023-02-23 19:53:12,890] {scheduler_job.py:182} INFO - Started process (PID=1191) to work on /home/airflow/.local/lib/python3.6/site-packages/airflow/example_dags/example_bash_operator.py
[2023-02-23 19:53:12,891] {scheduler_job.py:633} INFO - Processing file /home/airflow/.local/lib/python3.6/site-packages/airflow/example_dags/example_bash_operator.py for tasks to queue
[2023-02-23 19:53:12,892] {logging_mixin.py:104} INFO - [2023-02-23 19:53:12,892] {dagbag.py:496} INFO - Filling up the DagBag from /home/airflow/.local/lib/python3.6/site-packages/airflow/example_dags/example_bash_operator.py
[2023-02-23 19:53:12,905] {scheduler_job.py:643} INFO - DAG(s) dict_keys(['example_bash_operator']) retrieved from /home/airflow/.local/lib/python3.6/site-packages/airflow/example_dags/example_bash_operator.py
[2023-02-23 19:53:12,927] {logging_mixin.py:104} INFO - [2023-02-23 19:53:12,927] {dag.py:1833} INFO - Sync 1 DAGs
[2023-02-23 19:53:12,945] {logging_mixin.py:104} INFO - [2023-02-23 19:53:12,945] {dag.py:2306} INFO - Setting next_dagrun for example_bash_operator to 2023-02-21 00:00:00+00:00
[2023-02-23 19:53:12,953] {scheduler_job.py:190} INFO - Processing /home/airflow/.local/lib/python3.6/site-packages/airflow/example_dags/example_bash_operator.py took 0.065 seconds
[2023-02-23 19:53:43,800] {scheduler_job.py:182} INFO - Started process (PID=1242) to work on /home/airflow/.local/lib/python3.6/site-packages/airflow/example_dags/example_bash_operator.py
[2023-02-23 19:53:43,801] {scheduler_job.py:633} INFO - Processing file /home/airflow/.local/lib/python3.6/site-packages/airflow/example_dags/example_bash_operator.py for tasks to queue
[2023-02-23 19:53:43,802] {logging_mixin.py:104} INFO - [2023-02-23 19:53:43,801] {dagbag.py:496} INFO - Filling up the DagBag from /home/airflow/.local/lib/python3.6/site-packages/airflow/example_dags/example_bash_operator.py
[2023-02-23 19:53:43,814] {scheduler_job.py:643} INFO - DAG(s) dict_keys(['example_bash_operator']) retrieved from /home/airflow/.local/lib/python3.6/site-packages/airflow/example_dags/example_bash_operator.py
[2023-02-23 19:53:43,831] {logging_mixin.py:104} INFO - [2023-02-23 19:53:43,831] {dag.py:1833} INFO - Sync 1 DAGs
[2023-02-23 19:53:43,847] {logging_mixin.py:104} INFO - [2023-02-23 19:53:43,847] {dag.py:2306} INFO - Setting next_dagrun for example_bash_operator to 2023-02-21 00:00:00+00:00
[2023-02-23 19:53:43,856] {scheduler_job.py:190} INFO - Processing /home/airflow/.local/lib/python3.6/site-packages/airflow/example_dags/example_bash_operator.py took 0.058 seconds
[2023-02-23 19:54:14,457] {scheduler_job.py:182} INFO - Started process (PID=1303) to work on /home/airflow/.local/lib/python3.6/site-packages/airflow/example_dags/example_bash_operator.py
[2023-02-23 19:54:14,457] {scheduler_job.py:633} INFO - Processing file /home/airflow/.local/lib/python3.6/site-packages/airflow/example_dags/example_bash_operator.py for tasks to queue
[2023-02-23 19:54:14,458] {logging_mixin.py:104} INFO - [2023-02-23 19:54:14,458] {dagbag.py:496} INFO - Filling up the DagBag from /home/airflow/.local/lib/python3.6/site-packages/airflow/example_dags/example_bash_operator.py
[2023-02-23 19:54:14,471] {scheduler_job.py:643} INFO - DAG(s) dict_keys(['example_bash_operator']) retrieved from /home/airflow/.local/lib/python3.6/site-packages/airflow/example_dags/example_bash_operator.py
[2023-02-23 19:54:14,490] {logging_mixin.py:104} INFO - [2023-02-23 19:54:14,490] {dag.py:1833} INFO - Sync 1 DAGs
[2023-02-23 19:54:14,504] {logging_mixin.py:104} INFO - [2023-02-23 19:54:14,504] {dag.py:2306} INFO - Setting next_dagrun for example_bash_operator to 2023-02-21 00:00:00+00:00
[2023-02-23 19:54:14,512] {scheduler_job.py:190} INFO - Processing /home/airflow/.local/lib/python3.6/site-packages/airflow/example_dags/example_bash_operator.py took 0.058 seconds
[2023-02-23 19:54:45,030] {scheduler_job.py:182} INFO - Started process (PID=1354) to work on /home/airflow/.local/lib/python3.6/site-packages/airflow/example_dags/example_bash_operator.py
[2023-02-23 19:54:45,031] {scheduler_job.py:633} INFO - Processing file /home/airflow/.local/lib/python3.6/site-packages/airflow/example_dags/example_bash_operator.py for tasks to queue
[2023-02-23 19:54:45,031] {logging_mixin.py:104} INFO - [2023-02-23 19:54:45,031] {dagbag.py:496} INFO - Filling up the DagBag from /home/airflow/.local/lib/python3.6/site-packages/airflow/example_dags/example_bash_operator.py
[2023-02-23 19:54:45,043] {scheduler_job.py:643} INFO - DAG(s) dict_keys(['example_bash_operator']) retrieved from /home/airflow/.local/lib/python3.6/site-packages/airflow/example_dags/example_bash_operator.py
[2023-02-23 19:54:45,060] {logging_mixin.py:104} INFO - [2023-02-23 19:54:45,060] {dag.py:1833} INFO - Sync 1 DAGs
[2023-02-23 19:54:45,074] {logging_mixin.py:104} INFO - [2023-02-23 19:54:45,074] {dag.py:2306} INFO - Setting next_dagrun for example_bash_operator to 2023-02-21 00:00:00+00:00
[2023-02-23 19:54:45,081] {scheduler_job.py:190} INFO - Processing /home/airflow/.local/lib/python3.6/site-packages/airflow/example_dags/example_bash_operator.py took 0.053 seconds
[2023-02-23 19:55:15,363] {scheduler_job.py:182} INFO - Started process (PID=1415) to work on /home/airflow/.local/lib/python3.6/site-packages/airflow/example_dags/example_bash_operator.py
[2023-02-23 19:55:15,364] {scheduler_job.py:633} INFO - Processing file /home/airflow/.local/lib/python3.6/site-packages/airflow/example_dags/example_bash_operator.py for tasks to queue
[2023-02-23 19:55:15,365] {logging_mixin.py:104} INFO - [2023-02-23 19:55:15,364] {dagbag.py:496} INFO - Filling up the DagBag from /home/airflow/.local/lib/python3.6/site-packages/airflow/example_dags/example_bash_operator.py
[2023-02-23 19:55:15,376] {scheduler_job.py:643} INFO - DAG(s) dict_keys(['example_bash_operator']) retrieved from /home/airflow/.local/lib/python3.6/site-packages/airflow/example_dags/example_bash_operator.py
[2023-02-23 19:55:15,394] {logging_mixin.py:104} INFO - [2023-02-23 19:55:15,394] {dag.py:1833} INFO - Sync 1 DAGs
[2023-02-23 19:55:15,407] {logging_mixin.py:104} INFO - [2023-02-23 19:55:15,407] {dag.py:2306} INFO - Setting next_dagrun for example_bash_operator to 2023-02-21 00:00:00+00:00
[2023-02-23 19:55:15,414] {scheduler_job.py:190} INFO - Processing /home/airflow/.local/lib/python3.6/site-packages/airflow/example_dags/example_bash_operator.py took 0.053 seconds
[2023-02-23 19:55:46,368] {scheduler_job.py:182} INFO - Started process (PID=1476) to work on /home/airflow/.local/lib/python3.6/site-packages/airflow/example_dags/example_bash_operator.py
[2023-02-23 19:55:46,369] {scheduler_job.py:633} INFO - Processing file /home/airflow/.local/lib/python3.6/site-packages/airflow/example_dags/example_bash_operator.py for tasks to queue
[2023-02-23 19:55:46,370] {logging_mixin.py:104} INFO - [2023-02-23 19:55:46,370] {dagbag.py:496} INFO - Filling up the DagBag from /home/airflow/.local/lib/python3.6/site-packages/airflow/example_dags/example_bash_operator.py
[2023-02-23 19:55:46,383] {scheduler_job.py:643} INFO - DAG(s) dict_keys(['example_bash_operator']) retrieved from /home/airflow/.local/lib/python3.6/site-packages/airflow/example_dags/example_bash_operator.py
[2023-02-23 19:55:46,402] {logging_mixin.py:104} INFO - [2023-02-23 19:55:46,401] {dag.py:1833} INFO - Sync 1 DAGs
[2023-02-23 19:55:46,417] {logging_mixin.py:104} INFO - [2023-02-23 19:55:46,417] {dag.py:2306} INFO - Setting next_dagrun for example_bash_operator to 2023-02-21 00:00:00+00:00
[2023-02-23 19:55:46,425] {scheduler_job.py:190} INFO - Processing /home/airflow/.local/lib/python3.6/site-packages/airflow/example_dags/example_bash_operator.py took 0.059 seconds
[2023-02-23 19:56:16,988] {scheduler_job.py:182} INFO - Started process (PID=1528) to work on /home/airflow/.local/lib/python3.6/site-packages/airflow/example_dags/example_bash_operator.py
[2023-02-23 19:56:16,989] {scheduler_job.py:633} INFO - Processing file /home/airflow/.local/lib/python3.6/site-packages/airflow/example_dags/example_bash_operator.py for tasks to queue
[2023-02-23 19:56:16,989] {logging_mixin.py:104} INFO - [2023-02-23 19:56:16,989] {dagbag.py:496} INFO - Filling up the DagBag from /home/airflow/.local/lib/python3.6/site-packages/airflow/example_dags/example_bash_operator.py
[2023-02-23 19:56:17,003] {scheduler_job.py:643} INFO - DAG(s) dict_keys(['example_bash_operator']) retrieved from /home/airflow/.local/lib/python3.6/site-packages/airflow/example_dags/example_bash_operator.py
[2023-02-23 19:56:17,021] {logging_mixin.py:104} INFO - [2023-02-23 19:56:17,021] {dag.py:1833} INFO - Sync 1 DAGs
[2023-02-23 19:56:17,035] {logging_mixin.py:104} INFO - [2023-02-23 19:56:17,035] {dag.py:2306} INFO - Setting next_dagrun for example_bash_operator to 2023-02-21 00:00:00+00:00
[2023-02-23 19:56:17,042] {scheduler_job.py:190} INFO - Processing /home/airflow/.local/lib/python3.6/site-packages/airflow/example_dags/example_bash_operator.py took 0.057 seconds
[2023-02-23 19:56:47,082] {scheduler_job.py:182} INFO - Started process (PID=1589) to work on /home/airflow/.local/lib/python3.6/site-packages/airflow/example_dags/example_bash_operator.py
[2023-02-23 19:56:47,083] {scheduler_job.py:633} INFO - Processing file /home/airflow/.local/lib/python3.6/site-packages/airflow/example_dags/example_bash_operator.py for tasks to queue
[2023-02-23 19:56:47,083] {logging_mixin.py:104} INFO - [2023-02-23 19:56:47,083] {dagbag.py:496} INFO - Filling up the DagBag from /home/airflow/.local/lib/python3.6/site-packages/airflow/example_dags/example_bash_operator.py
[2023-02-23 19:56:47,096] {scheduler_job.py:643} INFO - DAG(s) dict_keys(['example_bash_operator']) retrieved from /home/airflow/.local/lib/python3.6/site-packages/airflow/example_dags/example_bash_operator.py
[2023-02-23 19:56:47,112] {logging_mixin.py:104} INFO - [2023-02-23 19:56:47,112] {dag.py:1833} INFO - Sync 1 DAGs
[2023-02-23 19:56:47,125] {logging_mixin.py:104} INFO - [2023-02-23 19:56:47,125] {dag.py:2306} INFO - Setting next_dagrun for example_bash_operator to 2023-02-21 00:00:00+00:00
[2023-02-23 19:56:47,132] {scheduler_job.py:190} INFO - Processing /home/airflow/.local/lib/python3.6/site-packages/airflow/example_dags/example_bash_operator.py took 0.052 seconds
[2023-02-23 19:57:17,814] {scheduler_job.py:182} INFO - Started process (PID=1640) to work on /home/airflow/.local/lib/python3.6/site-packages/airflow/example_dags/example_bash_operator.py
[2023-02-23 19:57:17,815] {scheduler_job.py:633} INFO - Processing file /home/airflow/.local/lib/python3.6/site-packages/airflow/example_dags/example_bash_operator.py for tasks to queue
[2023-02-23 19:57:17,816] {logging_mixin.py:104} INFO - [2023-02-23 19:57:17,815] {dagbag.py:496} INFO - Filling up the DagBag from /home/airflow/.local/lib/python3.6/site-packages/airflow/example_dags/example_bash_operator.py
[2023-02-23 19:57:17,828] {scheduler_job.py:643} INFO - DAG(s) dict_keys(['example_bash_operator']) retrieved from /home/airflow/.local/lib/python3.6/site-packages/airflow/example_dags/example_bash_operator.py
[2023-02-23 19:57:17,844] {logging_mixin.py:104} INFO - [2023-02-23 19:57:17,844] {dag.py:1833} INFO - Sync 1 DAGs
[2023-02-23 19:57:17,858] {logging_mixin.py:104} INFO - [2023-02-23 19:57:17,857] {dag.py:2306} INFO - Setting next_dagrun for example_bash_operator to 2023-02-21 00:00:00+00:00
[2023-02-23 19:57:17,866] {scheduler_job.py:190} INFO - Processing /home/airflow/.local/lib/python3.6/site-packages/airflow/example_dags/example_bash_operator.py took 0.054 seconds
[2023-02-23 19:57:48,374] {scheduler_job.py:182} INFO - Started process (PID=1701) to work on /home/airflow/.local/lib/python3.6/site-packages/airflow/example_dags/example_bash_operator.py
[2023-02-23 19:57:48,375] {scheduler_job.py:633} INFO - Processing file /home/airflow/.local/lib/python3.6/site-packages/airflow/example_dags/example_bash_operator.py for tasks to queue
[2023-02-23 19:57:48,375] {logging_mixin.py:104} INFO - [2023-02-23 19:57:48,375] {dagbag.py:496} INFO - Filling up the DagBag from /home/airflow/.local/lib/python3.6/site-packages/airflow/example_dags/example_bash_operator.py
[2023-02-23 19:57:48,388] {scheduler_job.py:643} INFO - DAG(s) dict_keys(['example_bash_operator']) retrieved from /home/airflow/.local/lib/python3.6/site-packages/airflow/example_dags/example_bash_operator.py
[2023-02-23 19:57:48,405] {logging_mixin.py:104} INFO - [2023-02-23 19:57:48,405] {dag.py:1833} INFO - Sync 1 DAGs
[2023-02-23 19:57:48,419] {logging_mixin.py:104} INFO - [2023-02-23 19:57:48,419] {dag.py:2306} INFO - Setting next_dagrun for example_bash_operator to 2023-02-21 00:00:00+00:00
[2023-02-23 19:57:48,427] {scheduler_job.py:190} INFO - Processing /home/airflow/.local/lib/python3.6/site-packages/airflow/example_dags/example_bash_operator.py took 0.055 seconds
[2023-02-23 19:58:19,090] {scheduler_job.py:182} INFO - Started process (PID=1752) to work on /home/airflow/.local/lib/python3.6/site-packages/airflow/example_dags/example_bash_operator.py
[2023-02-23 19:58:19,091] {scheduler_job.py:633} INFO - Processing file /home/airflow/.local/lib/python3.6/site-packages/airflow/example_dags/example_bash_operator.py for tasks to queue
[2023-02-23 19:58:19,091] {logging_mixin.py:104} INFO - [2023-02-23 19:58:19,091] {dagbag.py:496} INFO - Filling up the DagBag from /home/airflow/.local/lib/python3.6/site-packages/airflow/example_dags/example_bash_operator.py
[2023-02-23 19:58:19,104] {scheduler_job.py:643} INFO - DAG(s) dict_keys(['example_bash_operator']) retrieved from /home/airflow/.local/lib/python3.6/site-packages/airflow/example_dags/example_bash_operator.py
[2023-02-23 19:58:19,120] {logging_mixin.py:104} INFO - [2023-02-23 19:58:19,120] {dag.py:1833} INFO - Sync 1 DAGs
[2023-02-23 19:58:19,134] {logging_mixin.py:104} INFO - [2023-02-23 19:58:19,134] {dag.py:2306} INFO - Setting next_dagrun for example_bash_operator to 2023-02-21 00:00:00+00:00
[2023-02-23 19:58:19,141] {scheduler_job.py:190} INFO - Processing /home/airflow/.local/lib/python3.6/site-packages/airflow/example_dags/example_bash_operator.py took 0.054 seconds
[2023-02-23 19:58:49,727] {scheduler_job.py:182} INFO - Started process (PID=1813) to work on /home/airflow/.local/lib/python3.6/site-packages/airflow/example_dags/example_bash_operator.py
[2023-02-23 19:58:49,728] {scheduler_job.py:633} INFO - Processing file /home/airflow/.local/lib/python3.6/site-packages/airflow/example_dags/example_bash_operator.py for tasks to queue
[2023-02-23 19:58:49,728] {logging_mixin.py:104} INFO - [2023-02-23 19:58:49,728] {dagbag.py:496} INFO - Filling up the DagBag from /home/airflow/.local/lib/python3.6/site-packages/airflow/example_dags/example_bash_operator.py
[2023-02-23 19:58:49,741] {scheduler_job.py:643} INFO - DAG(s) dict_keys(['example_bash_operator']) retrieved from /home/airflow/.local/lib/python3.6/site-packages/airflow/example_dags/example_bash_operator.py
[2023-02-23 19:58:49,759] {logging_mixin.py:104} INFO - [2023-02-23 19:58:49,759] {dag.py:1833} INFO - Sync 1 DAGs
[2023-02-23 19:58:49,776] {logging_mixin.py:104} INFO - [2023-02-23 19:58:49,776] {dag.py:2306} INFO - Setting next_dagrun for example_bash_operator to 2023-02-21 00:00:00+00:00
[2023-02-23 19:58:49,783] {scheduler_job.py:190} INFO - Processing /home/airflow/.local/lib/python3.6/site-packages/airflow/example_dags/example_bash_operator.py took 0.059 seconds
[2023-02-23 19:59:20,389] {scheduler_job.py:182} INFO - Started process (PID=1874) to work on /home/airflow/.local/lib/python3.6/site-packages/airflow/example_dags/example_bash_operator.py
[2023-02-23 19:59:20,390] {scheduler_job.py:633} INFO - Processing file /home/airflow/.local/lib/python3.6/site-packages/airflow/example_dags/example_bash_operator.py for tasks to queue
[2023-02-23 19:59:20,390] {logging_mixin.py:104} INFO - [2023-02-23 19:59:20,390] {dagbag.py:496} INFO - Filling up the DagBag from /home/airflow/.local/lib/python3.6/site-packages/airflow/example_dags/example_bash_operator.py
[2023-02-23 19:59:20,407] {scheduler_job.py:643} INFO - DAG(s) dict_keys(['example_bash_operator']) retrieved from /home/airflow/.local/lib/python3.6/site-packages/airflow/example_dags/example_bash_operator.py
[2023-02-23 19:59:20,428] {logging_mixin.py:104} INFO - [2023-02-23 19:59:20,428] {dag.py:1833} INFO - Sync 1 DAGs
[2023-02-23 19:59:20,447] {logging_mixin.py:104} INFO - [2023-02-23 19:59:20,447] {dag.py:2306} INFO - Setting next_dagrun for example_bash_operator to 2023-02-21 00:00:00+00:00
[2023-02-23 19:59:20,457] {scheduler_job.py:190} INFO - Processing /home/airflow/.local/lib/python3.6/site-packages/airflow/example_dags/example_bash_operator.py took 0.070 seconds
[2023-02-23 19:59:51,056] {scheduler_job.py:182} INFO - Started process (PID=1925) to work on /home/airflow/.local/lib/python3.6/site-packages/airflow/example_dags/example_bash_operator.py
[2023-02-23 19:59:51,057] {scheduler_job.py:633} INFO - Processing file /home/airflow/.local/lib/python3.6/site-packages/airflow/example_dags/example_bash_operator.py for tasks to queue
[2023-02-23 19:59:51,058] {logging_mixin.py:104} INFO - [2023-02-23 19:59:51,057] {dagbag.py:496} INFO - Filling up the DagBag from /home/airflow/.local/lib/python3.6/site-packages/airflow/example_dags/example_bash_operator.py
[2023-02-23 19:59:51,073] {scheduler_job.py:643} INFO - DAG(s) dict_keys(['example_bash_operator']) retrieved from /home/airflow/.local/lib/python3.6/site-packages/airflow/example_dags/example_bash_operator.py
[2023-02-23 19:59:51,092] {logging_mixin.py:104} INFO - [2023-02-23 19:59:51,092] {dag.py:1833} INFO - Sync 1 DAGs
[2023-02-23 19:59:51,107] {logging_mixin.py:104} INFO - [2023-02-23 19:59:51,107] {dag.py:2306} INFO - Setting next_dagrun for example_bash_operator to 2023-02-21 00:00:00+00:00
[2023-02-23 19:59:51,115] {scheduler_job.py:190} INFO - Processing /home/airflow/.local/lib/python3.6/site-packages/airflow/example_dags/example_bash_operator.py took 0.062 seconds
[2023-02-23 20:00:21,881] {scheduler_job.py:182} INFO - Started process (PID=1986) to work on /home/airflow/.local/lib/python3.6/site-packages/airflow/example_dags/example_bash_operator.py
[2023-02-23 20:00:21,884] {scheduler_job.py:633} INFO - Processing file /home/airflow/.local/lib/python3.6/site-packages/airflow/example_dags/example_bash_operator.py for tasks to queue
[2023-02-23 20:00:21,884] {logging_mixin.py:104} INFO - [2023-02-23 20:00:21,884] {dagbag.py:496} INFO - Filling up the DagBag from /home/airflow/.local/lib/python3.6/site-packages/airflow/example_dags/example_bash_operator.py
[2023-02-23 20:00:21,895] {scheduler_job.py:643} INFO - DAG(s) dict_keys(['example_bash_operator']) retrieved from /home/airflow/.local/lib/python3.6/site-packages/airflow/example_dags/example_bash_operator.py
[2023-02-23 20:00:21,923] {logging_mixin.py:104} INFO - [2023-02-23 20:00:21,923] {dag.py:1833} INFO - Sync 1 DAGs
[2023-02-23 20:00:21,939] {logging_mixin.py:104} INFO - [2023-02-23 20:00:21,939] {dag.py:2306} INFO - Setting next_dagrun for example_bash_operator to 2023-02-21 00:00:00+00:00
[2023-02-23 20:00:21,948] {scheduler_job.py:190} INFO - Processing /home/airflow/.local/lib/python3.6/site-packages/airflow/example_dags/example_bash_operator.py took 0.070 seconds
[2023-02-23 20:00:52,648] {scheduler_job.py:182} INFO - Started process (PID=2037) to work on /home/airflow/.local/lib/python3.6/site-packages/airflow/example_dags/example_bash_operator.py
[2023-02-23 20:00:52,648] {scheduler_job.py:633} INFO - Processing file /home/airflow/.local/lib/python3.6/site-packages/airflow/example_dags/example_bash_operator.py for tasks to queue
[2023-02-23 20:00:52,649] {logging_mixin.py:104} INFO - [2023-02-23 20:00:52,649] {dagbag.py:496} INFO - Filling up the DagBag from /home/airflow/.local/lib/python3.6/site-packages/airflow/example_dags/example_bash_operator.py
[2023-02-23 20:00:52,660] {scheduler_job.py:643} INFO - DAG(s) dict_keys(['example_bash_operator']) retrieved from /home/airflow/.local/lib/python3.6/site-packages/airflow/example_dags/example_bash_operator.py
[2023-02-23 20:00:52,679] {logging_mixin.py:104} INFO - [2023-02-23 20:00:52,679] {dag.py:1833} INFO - Sync 1 DAGs
[2023-02-23 20:00:52,694] {logging_mixin.py:104} INFO - [2023-02-23 20:00:52,694] {dag.py:2306} INFO - Setting next_dagrun for example_bash_operator to 2023-02-21 00:00:00+00:00
[2023-02-23 20:00:52,701] {scheduler_job.py:190} INFO - Processing /home/airflow/.local/lib/python3.6/site-packages/airflow/example_dags/example_bash_operator.py took 0.056 seconds
[2023-02-23 20:01:23,223] {scheduler_job.py:182} INFO - Started process (PID=2098) to work on /home/airflow/.local/lib/python3.6/site-packages/airflow/example_dags/example_bash_operator.py
[2023-02-23 20:01:23,224] {scheduler_job.py:633} INFO - Processing file /home/airflow/.local/lib/python3.6/site-packages/airflow/example_dags/example_bash_operator.py for tasks to queue
[2023-02-23 20:01:23,224] {logging_mixin.py:104} INFO - [2023-02-23 20:01:23,224] {dagbag.py:496} INFO - Filling up the DagBag from /home/airflow/.local/lib/python3.6/site-packages/airflow/example_dags/example_bash_operator.py
[2023-02-23 20:01:23,236] {scheduler_job.py:643} INFO - DAG(s) dict_keys(['example_bash_operator']) retrieved from /home/airflow/.local/lib/python3.6/site-packages/airflow/example_dags/example_bash_operator.py
[2023-02-23 20:01:23,254] {logging_mixin.py:104} INFO - [2023-02-23 20:01:23,253] {dag.py:1833} INFO - Sync 1 DAGs
[2023-02-23 20:01:23,267] {logging_mixin.py:104} INFO - [2023-02-23 20:01:23,267] {dag.py:2306} INFO - Setting next_dagrun for example_bash_operator to 2023-02-21 00:00:00+00:00
[2023-02-23 20:01:23,276] {scheduler_job.py:190} INFO - Processing /home/airflow/.local/lib/python3.6/site-packages/airflow/example_dags/example_bash_operator.py took 0.055 seconds
[2023-02-23 20:01:53,865] {scheduler_job.py:182} INFO - Started process (PID=2149) to work on /home/airflow/.local/lib/python3.6/site-packages/airflow/example_dags/example_bash_operator.py
[2023-02-23 20:01:53,866] {scheduler_job.py:633} INFO - Processing file /home/airflow/.local/lib/python3.6/site-packages/airflow/example_dags/example_bash_operator.py for tasks to queue
[2023-02-23 20:01:53,866] {logging_mixin.py:104} INFO - [2023-02-23 20:01:53,866] {dagbag.py:496} INFO - Filling up the DagBag from /home/airflow/.local/lib/python3.6/site-packages/airflow/example_dags/example_bash_operator.py
[2023-02-23 20:01:53,877] {scheduler_job.py:643} INFO - DAG(s) dict_keys(['example_bash_operator']) retrieved from /home/airflow/.local/lib/python3.6/site-packages/airflow/example_dags/example_bash_operator.py
[2023-02-23 20:01:53,894] {logging_mixin.py:104} INFO - [2023-02-23 20:01:53,893] {dag.py:1833} INFO - Sync 1 DAGs
[2023-02-23 20:01:53,909] {logging_mixin.py:104} INFO - [2023-02-23 20:01:53,909] {dag.py:2306} INFO - Setting next_dagrun for example_bash_operator to 2023-02-21 00:00:00+00:00
[2023-02-23 20:01:53,918] {scheduler_job.py:190} INFO - Processing /home/airflow/.local/lib/python3.6/site-packages/airflow/example_dags/example_bash_operator.py took 0.055 seconds
[2023-02-23 20:02:24,595] {scheduler_job.py:182} INFO - Started process (PID=2210) to work on /home/airflow/.local/lib/python3.6/site-packages/airflow/example_dags/example_bash_operator.py
[2023-02-23 20:02:24,596] {scheduler_job.py:633} INFO - Processing file /home/airflow/.local/lib/python3.6/site-packages/airflow/example_dags/example_bash_operator.py for tasks to queue
[2023-02-23 20:02:24,596] {logging_mixin.py:104} INFO - [2023-02-23 20:02:24,596] {dagbag.py:496} INFO - Filling up the DagBag from /home/airflow/.local/lib/python3.6/site-packages/airflow/example_dags/example_bash_operator.py
[2023-02-23 20:02:24,608] {scheduler_job.py:643} INFO - DAG(s) dict_keys(['example_bash_operator']) retrieved from /home/airflow/.local/lib/python3.6/site-packages/airflow/example_dags/example_bash_operator.py
[2023-02-23 20:02:24,626] {logging_mixin.py:104} INFO - [2023-02-23 20:02:24,626] {dag.py:1833} INFO - Sync 1 DAGs
[2023-02-23 20:02:24,640] {logging_mixin.py:104} INFO - [2023-02-23 20:02:24,640] {dag.py:2306} INFO - Setting next_dagrun for example_bash_operator to 2023-02-21 00:00:00+00:00
[2023-02-23 20:02:24,648] {scheduler_job.py:190} INFO - Processing /home/airflow/.local/lib/python3.6/site-packages/airflow/example_dags/example_bash_operator.py took 0.055 seconds
[2023-02-23 20:02:55,318] {scheduler_job.py:182} INFO - Started process (PID=2261) to work on /home/airflow/.local/lib/python3.6/site-packages/airflow/example_dags/example_bash_operator.py
[2023-02-23 20:02:55,318] {scheduler_job.py:633} INFO - Processing file /home/airflow/.local/lib/python3.6/site-packages/airflow/example_dags/example_bash_operator.py for tasks to queue
[2023-02-23 20:02:55,319] {logging_mixin.py:104} INFO - [2023-02-23 20:02:55,319] {dagbag.py:496} INFO - Filling up the DagBag from /home/airflow/.local/lib/python3.6/site-packages/airflow/example_dags/example_bash_operator.py
[2023-02-23 20:02:55,331] {scheduler_job.py:643} INFO - DAG(s) dict_keys(['example_bash_operator']) retrieved from /home/airflow/.local/lib/python3.6/site-packages/airflow/example_dags/example_bash_operator.py
[2023-02-23 20:02:55,350] {logging_mixin.py:104} INFO - [2023-02-23 20:02:55,350] {dag.py:1833} INFO - Sync 1 DAGs
[2023-02-23 20:02:55,366] {logging_mixin.py:104} INFO - [2023-02-23 20:02:55,366] {dag.py:2306} INFO - Setting next_dagrun for example_bash_operator to 2023-02-21 00:00:00+00:00
[2023-02-23 20:02:55,374] {scheduler_job.py:190} INFO - Processing /home/airflow/.local/lib/python3.6/site-packages/airflow/example_dags/example_bash_operator.py took 0.059 seconds
[2023-02-23 20:03:25,887] {scheduler_job.py:182} INFO - Started process (PID=2322) to work on /home/airflow/.local/lib/python3.6/site-packages/airflow/example_dags/example_bash_operator.py
[2023-02-23 20:03:25,888] {scheduler_job.py:633} INFO - Processing file /home/airflow/.local/lib/python3.6/site-packages/airflow/example_dags/example_bash_operator.py for tasks to queue
[2023-02-23 20:03:25,888] {logging_mixin.py:104} INFO - [2023-02-23 20:03:25,888] {dagbag.py:496} INFO - Filling up the DagBag from /home/airflow/.local/lib/python3.6/site-packages/airflow/example_dags/example_bash_operator.py
[2023-02-23 20:03:25,900] {scheduler_job.py:643} INFO - DAG(s) dict_keys(['example_bash_operator']) retrieved from /home/airflow/.local/lib/python3.6/site-packages/airflow/example_dags/example_bash_operator.py
[2023-02-23 20:03:25,920] {logging_mixin.py:104} INFO - [2023-02-23 20:03:25,920] {dag.py:1833} INFO - Sync 1 DAGs
[2023-02-23 20:03:25,937] {logging_mixin.py:104} INFO - [2023-02-23 20:03:25,937] {dag.py:2306} INFO - Setting next_dagrun for example_bash_operator to 2023-02-21 00:00:00+00:00
[2023-02-23 20:03:25,945] {scheduler_job.py:190} INFO - Processing /home/airflow/.local/lib/python3.6/site-packages/airflow/example_dags/example_bash_operator.py took 0.060 seconds
[2023-02-23 20:03:56,514] {scheduler_job.py:182} INFO - Started process (PID=2383) to work on /home/airflow/.local/lib/python3.6/site-packages/airflow/example_dags/example_bash_operator.py
[2023-02-23 20:03:56,515] {scheduler_job.py:633} INFO - Processing file /home/airflow/.local/lib/python3.6/site-packages/airflow/example_dags/example_bash_operator.py for tasks to queue
[2023-02-23 20:03:56,515] {logging_mixin.py:104} INFO - [2023-02-23 20:03:56,515] {dagbag.py:496} INFO - Filling up the DagBag from /home/airflow/.local/lib/python3.6/site-packages/airflow/example_dags/example_bash_operator.py
[2023-02-23 20:03:56,527] {scheduler_job.py:643} INFO - DAG(s) dict_keys(['example_bash_operator']) retrieved from /home/airflow/.local/lib/python3.6/site-packages/airflow/example_dags/example_bash_operator.py
[2023-02-23 20:03:56,544] {logging_mixin.py:104} INFO - [2023-02-23 20:03:56,544] {dag.py:1833} INFO - Sync 1 DAGs
[2023-02-23 20:03:56,559] {logging_mixin.py:104} INFO - [2023-02-23 20:03:56,559] {dag.py:2306} INFO - Setting next_dagrun for example_bash_operator to 2023-02-21 00:00:00+00:00
[2023-02-23 20:03:56,568] {scheduler_job.py:190} INFO - Processing /home/airflow/.local/lib/python3.6/site-packages/airflow/example_dags/example_bash_operator.py took 0.056 seconds
[2023-02-23 20:04:27,154] {scheduler_job.py:182} INFO - Started process (PID=2434) to work on /home/airflow/.local/lib/python3.6/site-packages/airflow/example_dags/example_bash_operator.py
[2023-02-23 20:04:27,155] {scheduler_job.py:633} INFO - Processing file /home/airflow/.local/lib/python3.6/site-packages/airflow/example_dags/example_bash_operator.py for tasks to queue
[2023-02-23 20:04:27,155] {logging_mixin.py:104} INFO - [2023-02-23 20:04:27,155] {dagbag.py:496} INFO - Filling up the DagBag from /home/airflow/.local/lib/python3.6/site-packages/airflow/example_dags/example_bash_operator.py
[2023-02-23 20:04:27,166] {scheduler_job.py:643} INFO - DAG(s) dict_keys(['example_bash_operator']) retrieved from /home/airflow/.local/lib/python3.6/site-packages/airflow/example_dags/example_bash_operator.py
[2023-02-23 20:04:27,185] {logging_mixin.py:104} INFO - [2023-02-23 20:04:27,185] {dag.py:1833} INFO - Sync 1 DAGs
[2023-02-23 20:04:27,199] {logging_mixin.py:104} INFO - [2023-02-23 20:04:27,199] {dag.py:2306} INFO - Setting next_dagrun for example_bash_operator to 2023-02-21 00:00:00+00:00
[2023-02-23 20:04:27,206] {scheduler_job.py:190} INFO - Processing /home/airflow/.local/lib/python3.6/site-packages/airflow/example_dags/example_bash_operator.py took 0.055 seconds
