[2023-02-23 19:43:00,708] {scheduler_job.py:182} INFO - Started process (PID=74) to work on /home/airflow/.local/lib/python3.6/site-packages/airflow/example_dags/example_latest_only_with_trigger.py
[2023-02-23 19:43:00,708] {scheduler_job.py:633} INFO - Processing file /home/airflow/.local/lib/python3.6/site-packages/airflow/example_dags/example_latest_only_with_trigger.py for tasks to queue
[2023-02-23 19:43:00,709] {logging_mixin.py:104} INFO - [2023-02-23 19:43:00,709] {dagbag.py:496} INFO - Filling up the DagBag from /home/airflow/.local/lib/python3.6/site-packages/airflow/example_dags/example_latest_only_with_trigger.py
[2023-02-23 19:43:00,774] {scheduler_job.py:643} INFO - DAG(s) dict_keys(['latest_only_with_trigger']) retrieved from /home/airflow/.local/lib/python3.6/site-packages/airflow/example_dags/example_latest_only_with_trigger.py
[2023-02-23 19:43:00,793] {logging_mixin.py:104} INFO - [2023-02-23 19:43:00,793] {dag.py:1833} INFO - Sync 1 DAGs
[2023-02-23 19:43:00,806] {logging_mixin.py:104} INFO - [2023-02-23 19:43:00,806] {dag.py:2306} INFO - Setting next_dagrun for latest_only_with_trigger to 2023-02-21 00:00:00+00:00
[2023-02-23 19:43:00,814] {scheduler_job.py:190} INFO - Processing /home/airflow/.local/lib/python3.6/site-packages/airflow/example_dags/example_latest_only_with_trigger.py took 0.109 seconds
[2023-02-23 19:43:31,201] {scheduler_job.py:182} INFO - Started process (PID=125) to work on /home/airflow/.local/lib/python3.6/site-packages/airflow/example_dags/example_latest_only_with_trigger.py
[2023-02-23 19:43:31,202] {scheduler_job.py:633} INFO - Processing file /home/airflow/.local/lib/python3.6/site-packages/airflow/example_dags/example_latest_only_with_trigger.py for tasks to queue
[2023-02-23 19:43:31,203] {logging_mixin.py:104} INFO - [2023-02-23 19:43:31,202] {dagbag.py:496} INFO - Filling up the DagBag from /home/airflow/.local/lib/python3.6/site-packages/airflow/example_dags/example_latest_only_with_trigger.py
[2023-02-23 19:43:31,211] {scheduler_job.py:643} INFO - DAG(s) dict_keys(['latest_only_with_trigger']) retrieved from /home/airflow/.local/lib/python3.6/site-packages/airflow/example_dags/example_latest_only_with_trigger.py
[2023-02-23 19:43:31,229] {logging_mixin.py:104} INFO - [2023-02-23 19:43:31,229] {dag.py:1833} INFO - Sync 1 DAGs
[2023-02-23 19:43:31,242] {logging_mixin.py:104} INFO - [2023-02-23 19:43:31,242] {dag.py:2306} INFO - Setting next_dagrun for latest_only_with_trigger to 2023-02-21 00:00:00+00:00
[2023-02-23 19:43:31,249] {scheduler_job.py:190} INFO - Processing /home/airflow/.local/lib/python3.6/site-packages/airflow/example_dags/example_latest_only_with_trigger.py took 0.051 seconds
[2023-02-23 19:44:01,878] {scheduler_job.py:182} INFO - Started process (PID=186) to work on /home/airflow/.local/lib/python3.6/site-packages/airflow/example_dags/example_latest_only_with_trigger.py
[2023-02-23 19:44:01,878] {scheduler_job.py:633} INFO - Processing file /home/airflow/.local/lib/python3.6/site-packages/airflow/example_dags/example_latest_only_with_trigger.py for tasks to queue
[2023-02-23 19:44:01,879] {logging_mixin.py:104} INFO - [2023-02-23 19:44:01,879] {dagbag.py:496} INFO - Filling up the DagBag from /home/airflow/.local/lib/python3.6/site-packages/airflow/example_dags/example_latest_only_with_trigger.py
[2023-02-23 19:44:01,888] {scheduler_job.py:643} INFO - DAG(s) dict_keys(['latest_only_with_trigger']) retrieved from /home/airflow/.local/lib/python3.6/site-packages/airflow/example_dags/example_latest_only_with_trigger.py
[2023-02-23 19:44:01,927] {logging_mixin.py:104} INFO - [2023-02-23 19:44:01,927] {dag.py:1833} INFO - Sync 1 DAGs
[2023-02-23 19:44:01,940] {logging_mixin.py:104} INFO - [2023-02-23 19:44:01,940] {dag.py:2306} INFO - Setting next_dagrun for latest_only_with_trigger to 2023-02-21 00:00:00+00:00
[2023-02-23 19:44:01,948] {scheduler_job.py:190} INFO - Processing /home/airflow/.local/lib/python3.6/site-packages/airflow/example_dags/example_latest_only_with_trigger.py took 0.072 seconds
[2023-02-23 19:44:32,609] {scheduler_job.py:182} INFO - Started process (PID=247) to work on /home/airflow/.local/lib/python3.6/site-packages/airflow/example_dags/example_latest_only_with_trigger.py
[2023-02-23 19:44:32,610] {scheduler_job.py:633} INFO - Processing file /home/airflow/.local/lib/python3.6/site-packages/airflow/example_dags/example_latest_only_with_trigger.py for tasks to queue
[2023-02-23 19:44:32,610] {logging_mixin.py:104} INFO - [2023-02-23 19:44:32,610] {dagbag.py:496} INFO - Filling up the DagBag from /home/airflow/.local/lib/python3.6/site-packages/airflow/example_dags/example_latest_only_with_trigger.py
[2023-02-23 19:44:32,621] {scheduler_job.py:643} INFO - DAG(s) dict_keys(['latest_only_with_trigger']) retrieved from /home/airflow/.local/lib/python3.6/site-packages/airflow/example_dags/example_latest_only_with_trigger.py
[2023-02-23 19:44:32,641] {logging_mixin.py:104} INFO - [2023-02-23 19:44:32,641] {dag.py:1833} INFO - Sync 1 DAGs
[2023-02-23 19:44:32,682] {logging_mixin.py:104} INFO - [2023-02-23 19:44:32,682] {dag.py:2306} INFO - Setting next_dagrun for latest_only_with_trigger to 2023-02-21 00:00:00+00:00
[2023-02-23 19:44:32,690] {scheduler_job.py:190} INFO - Processing /home/airflow/.local/lib/python3.6/site-packages/airflow/example_dags/example_latest_only_with_trigger.py took 0.084 seconds
[2023-02-23 19:45:03,474] {scheduler_job.py:182} INFO - Started process (PID=298) to work on /home/airflow/.local/lib/python3.6/site-packages/airflow/example_dags/example_latest_only_with_trigger.py
[2023-02-23 19:45:03,475] {scheduler_job.py:633} INFO - Processing file /home/airflow/.local/lib/python3.6/site-packages/airflow/example_dags/example_latest_only_with_trigger.py for tasks to queue
[2023-02-23 19:45:03,475] {logging_mixin.py:104} INFO - [2023-02-23 19:45:03,475] {dagbag.py:496} INFO - Filling up the DagBag from /home/airflow/.local/lib/python3.6/site-packages/airflow/example_dags/example_latest_only_with_trigger.py
[2023-02-23 19:45:03,484] {scheduler_job.py:643} INFO - DAG(s) dict_keys(['latest_only_with_trigger']) retrieved from /home/airflow/.local/lib/python3.6/site-packages/airflow/example_dags/example_latest_only_with_trigger.py
[2023-02-23 19:45:03,500] {logging_mixin.py:104} INFO - [2023-02-23 19:45:03,500] {dag.py:1833} INFO - Sync 1 DAGs
[2023-02-23 19:45:03,512] {logging_mixin.py:104} INFO - [2023-02-23 19:45:03,511] {dag.py:2306} INFO - Setting next_dagrun for latest_only_with_trigger to 2023-02-21 00:00:00+00:00
[2023-02-23 19:45:03,518] {scheduler_job.py:190} INFO - Processing /home/airflow/.local/lib/python3.6/site-packages/airflow/example_dags/example_latest_only_with_trigger.py took 0.046 seconds
[2023-02-23 19:45:34,337] {scheduler_job.py:182} INFO - Started process (PID=359) to work on /home/airflow/.local/lib/python3.6/site-packages/airflow/example_dags/example_latest_only_with_trigger.py
[2023-02-23 19:45:34,338] {scheduler_job.py:633} INFO - Processing file /home/airflow/.local/lib/python3.6/site-packages/airflow/example_dags/example_latest_only_with_trigger.py for tasks to queue
[2023-02-23 19:45:34,338] {logging_mixin.py:104} INFO - [2023-02-23 19:45:34,338] {dagbag.py:496} INFO - Filling up the DagBag from /home/airflow/.local/lib/python3.6/site-packages/airflow/example_dags/example_latest_only_with_trigger.py
[2023-02-23 19:45:34,348] {scheduler_job.py:643} INFO - DAG(s) dict_keys(['latest_only_with_trigger']) retrieved from /home/airflow/.local/lib/python3.6/site-packages/airflow/example_dags/example_latest_only_with_trigger.py
[2023-02-23 19:45:34,388] {logging_mixin.py:104} INFO - [2023-02-23 19:45:34,388] {dag.py:1833} INFO - Sync 1 DAGs
[2023-02-23 19:45:34,403] {logging_mixin.py:104} INFO - [2023-02-23 19:45:34,402] {dag.py:2306} INFO - Setting next_dagrun for latest_only_with_trigger to 2023-02-21 00:00:00+00:00
[2023-02-23 19:45:34,410] {scheduler_job.py:190} INFO - Processing /home/airflow/.local/lib/python3.6/site-packages/airflow/example_dags/example_latest_only_with_trigger.py took 0.075 seconds
[2023-02-23 19:46:05,076] {scheduler_job.py:182} INFO - Started process (PID=410) to work on /home/airflow/.local/lib/python3.6/site-packages/airflow/example_dags/example_latest_only_with_trigger.py
[2023-02-23 19:46:05,077] {scheduler_job.py:633} INFO - Processing file /home/airflow/.local/lib/python3.6/site-packages/airflow/example_dags/example_latest_only_with_trigger.py for tasks to queue
[2023-02-23 19:46:05,078] {logging_mixin.py:104} INFO - [2023-02-23 19:46:05,077] {dagbag.py:496} INFO - Filling up the DagBag from /home/airflow/.local/lib/python3.6/site-packages/airflow/example_dags/example_latest_only_with_trigger.py
[2023-02-23 19:46:05,088] {scheduler_job.py:643} INFO - DAG(s) dict_keys(['latest_only_with_trigger']) retrieved from /home/airflow/.local/lib/python3.6/site-packages/airflow/example_dags/example_latest_only_with_trigger.py
[2023-02-23 19:46:05,104] {logging_mixin.py:104} INFO - [2023-02-23 19:46:05,103] {dag.py:1833} INFO - Sync 1 DAGs
[2023-02-23 19:46:05,115] {logging_mixin.py:104} INFO - [2023-02-23 19:46:05,115] {dag.py:2306} INFO - Setting next_dagrun for latest_only_with_trigger to 2023-02-21 00:00:00+00:00
[2023-02-23 19:46:05,121] {scheduler_job.py:190} INFO - Processing /home/airflow/.local/lib/python3.6/site-packages/airflow/example_dags/example_latest_only_with_trigger.py took 0.047 seconds
[2023-02-23 19:46:35,619] {scheduler_job.py:182} INFO - Started process (PID=471) to work on /home/airflow/.local/lib/python3.6/site-packages/airflow/example_dags/example_latest_only_with_trigger.py
[2023-02-23 19:46:35,620] {scheduler_job.py:633} INFO - Processing file /home/airflow/.local/lib/python3.6/site-packages/airflow/example_dags/example_latest_only_with_trigger.py for tasks to queue
[2023-02-23 19:46:35,620] {logging_mixin.py:104} INFO - [2023-02-23 19:46:35,620] {dagbag.py:496} INFO - Filling up the DagBag from /home/airflow/.local/lib/python3.6/site-packages/airflow/example_dags/example_latest_only_with_trigger.py
[2023-02-23 19:46:35,630] {scheduler_job.py:643} INFO - DAG(s) dict_keys(['latest_only_with_trigger']) retrieved from /home/airflow/.local/lib/python3.6/site-packages/airflow/example_dags/example_latest_only_with_trigger.py
[2023-02-23 19:46:35,680] {logging_mixin.py:104} INFO - [2023-02-23 19:46:35,680] {dag.py:1833} INFO - Sync 1 DAGs
[2023-02-23 19:46:35,696] {logging_mixin.py:104} INFO - [2023-02-23 19:46:35,696] {dag.py:2306} INFO - Setting next_dagrun for latest_only_with_trigger to 2023-02-21 00:00:00+00:00
[2023-02-23 19:46:35,705] {scheduler_job.py:190} INFO - Processing /home/airflow/.local/lib/python3.6/site-packages/airflow/example_dags/example_latest_only_with_trigger.py took 0.088 seconds
[2023-02-23 19:47:06,545] {scheduler_job.py:182} INFO - Started process (PID=522) to work on /home/airflow/.local/lib/python3.6/site-packages/airflow/example_dags/example_latest_only_with_trigger.py
[2023-02-23 19:47:06,545] {scheduler_job.py:633} INFO - Processing file /home/airflow/.local/lib/python3.6/site-packages/airflow/example_dags/example_latest_only_with_trigger.py for tasks to queue
[2023-02-23 19:47:06,546] {logging_mixin.py:104} INFO - [2023-02-23 19:47:06,546] {dagbag.py:496} INFO - Filling up the DagBag from /home/airflow/.local/lib/python3.6/site-packages/airflow/example_dags/example_latest_only_with_trigger.py
[2023-02-23 19:47:06,556] {scheduler_job.py:643} INFO - DAG(s) dict_keys(['latest_only_with_trigger']) retrieved from /home/airflow/.local/lib/python3.6/site-packages/airflow/example_dags/example_latest_only_with_trigger.py
[2023-02-23 19:47:06,574] {logging_mixin.py:104} INFO - [2023-02-23 19:47:06,574] {dag.py:1833} INFO - Sync 1 DAGs
[2023-02-23 19:47:06,586] {logging_mixin.py:104} INFO - [2023-02-23 19:47:06,586] {dag.py:2306} INFO - Setting next_dagrun for latest_only_with_trigger to 2023-02-21 00:00:00+00:00
[2023-02-23 19:47:06,593] {scheduler_job.py:190} INFO - Processing /home/airflow/.local/lib/python3.6/site-packages/airflow/example_dags/example_latest_only_with_trigger.py took 0.051 seconds
[2023-02-23 19:47:37,084] {scheduler_job.py:182} INFO - Started process (PID=583) to work on /home/airflow/.local/lib/python3.6/site-packages/airflow/example_dags/example_latest_only_with_trigger.py
[2023-02-23 19:47:37,085] {scheduler_job.py:633} INFO - Processing file /home/airflow/.local/lib/python3.6/site-packages/airflow/example_dags/example_latest_only_with_trigger.py for tasks to queue
[2023-02-23 19:47:37,085] {logging_mixin.py:104} INFO - [2023-02-23 19:47:37,085] {dagbag.py:496} INFO - Filling up the DagBag from /home/airflow/.local/lib/python3.6/site-packages/airflow/example_dags/example_latest_only_with_trigger.py
[2023-02-23 19:47:37,094] {scheduler_job.py:643} INFO - DAG(s) dict_keys(['latest_only_with_trigger']) retrieved from /home/airflow/.local/lib/python3.6/site-packages/airflow/example_dags/example_latest_only_with_trigger.py
[2023-02-23 19:47:37,112] {logging_mixin.py:104} INFO - [2023-02-23 19:47:37,112] {dag.py:1833} INFO - Sync 1 DAGs
[2023-02-23 19:47:37,124] {logging_mixin.py:104} INFO - [2023-02-23 19:47:37,124] {dag.py:2306} INFO - Setting next_dagrun for latest_only_with_trigger to 2023-02-21 00:00:00+00:00
[2023-02-23 19:47:37,131] {scheduler_job.py:190} INFO - Processing /home/airflow/.local/lib/python3.6/site-packages/airflow/example_dags/example_latest_only_with_trigger.py took 0.049 seconds
[2023-02-23 19:48:07,730] {scheduler_job.py:182} INFO - Started process (PID=644) to work on /home/airflow/.local/lib/python3.6/site-packages/airflow/example_dags/example_latest_only_with_trigger.py
[2023-02-23 19:48:07,731] {scheduler_job.py:633} INFO - Processing file /home/airflow/.local/lib/python3.6/site-packages/airflow/example_dags/example_latest_only_with_trigger.py for tasks to queue
[2023-02-23 19:48:07,732] {logging_mixin.py:104} INFO - [2023-02-23 19:48:07,732] {dagbag.py:496} INFO - Filling up the DagBag from /home/airflow/.local/lib/python3.6/site-packages/airflow/example_dags/example_latest_only_with_trigger.py
[2023-02-23 19:48:07,741] {scheduler_job.py:643} INFO - DAG(s) dict_keys(['latest_only_with_trigger']) retrieved from /home/airflow/.local/lib/python3.6/site-packages/airflow/example_dags/example_latest_only_with_trigger.py
[2023-02-23 19:48:07,757] {logging_mixin.py:104} INFO - [2023-02-23 19:48:07,757] {dag.py:1833} INFO - Sync 1 DAGs
[2023-02-23 19:48:07,770] {logging_mixin.py:104} INFO - [2023-02-23 19:48:07,770] {dag.py:2306} INFO - Setting next_dagrun for latest_only_with_trigger to 2023-02-21 00:00:00+00:00
[2023-02-23 19:48:07,778] {scheduler_job.py:190} INFO - Processing /home/airflow/.local/lib/python3.6/site-packages/airflow/example_dags/example_latest_only_with_trigger.py took 0.050 seconds
[2023-02-23 19:48:38,334] {scheduler_job.py:182} INFO - Started process (PID=695) to work on /home/airflow/.local/lib/python3.6/site-packages/airflow/example_dags/example_latest_only_with_trigger.py
[2023-02-23 19:48:38,334] {scheduler_job.py:633} INFO - Processing file /home/airflow/.local/lib/python3.6/site-packages/airflow/example_dags/example_latest_only_with_trigger.py for tasks to queue
[2023-02-23 19:48:38,335] {logging_mixin.py:104} INFO - [2023-02-23 19:48:38,335] {dagbag.py:496} INFO - Filling up the DagBag from /home/airflow/.local/lib/python3.6/site-packages/airflow/example_dags/example_latest_only_with_trigger.py
[2023-02-23 19:48:38,344] {scheduler_job.py:643} INFO - DAG(s) dict_keys(['latest_only_with_trigger']) retrieved from /home/airflow/.local/lib/python3.6/site-packages/airflow/example_dags/example_latest_only_with_trigger.py
[2023-02-23 19:48:38,381] {logging_mixin.py:104} INFO - [2023-02-23 19:48:38,381] {dag.py:1833} INFO - Sync 1 DAGs
[2023-02-23 19:48:38,394] {logging_mixin.py:104} INFO - [2023-02-23 19:48:38,394] {dag.py:2306} INFO - Setting next_dagrun for latest_only_with_trigger to 2023-02-21 00:00:00+00:00
[2023-02-23 19:48:38,402] {scheduler_job.py:190} INFO - Processing /home/airflow/.local/lib/python3.6/site-packages/airflow/example_dags/example_latest_only_with_trigger.py took 0.071 seconds
[2023-02-23 19:49:08,911] {scheduler_job.py:182} INFO - Started process (PID=756) to work on /home/airflow/.local/lib/python3.6/site-packages/airflow/example_dags/example_latest_only_with_trigger.py
[2023-02-23 19:49:08,912] {scheduler_job.py:633} INFO - Processing file /home/airflow/.local/lib/python3.6/site-packages/airflow/example_dags/example_latest_only_with_trigger.py for tasks to queue
[2023-02-23 19:49:08,913] {logging_mixin.py:104} INFO - [2023-02-23 19:49:08,913] {dagbag.py:496} INFO - Filling up the DagBag from /home/airflow/.local/lib/python3.6/site-packages/airflow/example_dags/example_latest_only_with_trigger.py
[2023-02-23 19:49:08,923] {scheduler_job.py:643} INFO - DAG(s) dict_keys(['latest_only_with_trigger']) retrieved from /home/airflow/.local/lib/python3.6/site-packages/airflow/example_dags/example_latest_only_with_trigger.py
[2023-02-23 19:49:08,942] {logging_mixin.py:104} INFO - [2023-02-23 19:49:08,942] {dag.py:1833} INFO - Sync 1 DAGs
[2023-02-23 19:49:08,956] {logging_mixin.py:104} INFO - [2023-02-23 19:49:08,956] {dag.py:2306} INFO - Setting next_dagrun for latest_only_with_trigger to 2023-02-21 00:00:00+00:00
[2023-02-23 19:49:08,964] {scheduler_job.py:190} INFO - Processing /home/airflow/.local/lib/python3.6/site-packages/airflow/example_dags/example_latest_only_with_trigger.py took 0.055 seconds
[2023-02-23 19:49:39,975] {scheduler_job.py:182} INFO - Started process (PID=807) to work on /home/airflow/.local/lib/python3.6/site-packages/airflow/example_dags/example_latest_only_with_trigger.py
[2023-02-23 19:49:39,975] {scheduler_job.py:633} INFO - Processing file /home/airflow/.local/lib/python3.6/site-packages/airflow/example_dags/example_latest_only_with_trigger.py for tasks to queue
[2023-02-23 19:49:39,976] {logging_mixin.py:104} INFO - [2023-02-23 19:49:39,976] {dagbag.py:496} INFO - Filling up the DagBag from /home/airflow/.local/lib/python3.6/site-packages/airflow/example_dags/example_latest_only_with_trigger.py
[2023-02-23 19:49:39,986] {scheduler_job.py:643} INFO - DAG(s) dict_keys(['latest_only_with_trigger']) retrieved from /home/airflow/.local/lib/python3.6/site-packages/airflow/example_dags/example_latest_only_with_trigger.py
[2023-02-23 19:49:40,076] {logging_mixin.py:104} INFO - [2023-02-23 19:49:40,076] {dag.py:1833} INFO - Sync 1 DAGs
[2023-02-23 19:49:40,171] {logging_mixin.py:104} INFO - [2023-02-23 19:49:40,171] {dag.py:2306} INFO - Setting next_dagrun for latest_only_with_trigger to 2023-02-21 00:00:00+00:00
[2023-02-23 19:49:40,181] {scheduler_job.py:190} INFO - Processing /home/airflow/.local/lib/python3.6/site-packages/airflow/example_dags/example_latest_only_with_trigger.py took 0.209 seconds
[2023-02-23 19:50:10,360] {scheduler_job.py:182} INFO - Started process (PID=868) to work on /home/airflow/.local/lib/python3.6/site-packages/airflow/example_dags/example_latest_only_with_trigger.py
[2023-02-23 19:50:10,361] {scheduler_job.py:633} INFO - Processing file /home/airflow/.local/lib/python3.6/site-packages/airflow/example_dags/example_latest_only_with_trigger.py for tasks to queue
[2023-02-23 19:50:10,361] {logging_mixin.py:104} INFO - [2023-02-23 19:50:10,361] {dagbag.py:496} INFO - Filling up the DagBag from /home/airflow/.local/lib/python3.6/site-packages/airflow/example_dags/example_latest_only_with_trigger.py
[2023-02-23 19:50:10,373] {scheduler_job.py:643} INFO - DAG(s) dict_keys(['latest_only_with_trigger']) retrieved from /home/airflow/.local/lib/python3.6/site-packages/airflow/example_dags/example_latest_only_with_trigger.py
[2023-02-23 19:50:10,392] {logging_mixin.py:104} INFO - [2023-02-23 19:50:10,392] {dag.py:1833} INFO - Sync 1 DAGs
[2023-02-23 19:50:10,407] {logging_mixin.py:104} INFO - [2023-02-23 19:50:10,407] {dag.py:2306} INFO - Setting next_dagrun for latest_only_with_trigger to 2023-02-21 00:00:00+00:00
[2023-02-23 19:50:10,415] {scheduler_job.py:190} INFO - Processing /home/airflow/.local/lib/python3.6/site-packages/airflow/example_dags/example_latest_only_with_trigger.py took 0.058 seconds
[2023-02-23 19:50:41,970] {scheduler_job.py:182} INFO - Started process (PID=919) to work on /home/airflow/.local/lib/python3.6/site-packages/airflow/example_dags/example_latest_only_with_trigger.py
[2023-02-23 19:50:41,971] {scheduler_job.py:633} INFO - Processing file /home/airflow/.local/lib/python3.6/site-packages/airflow/example_dags/example_latest_only_with_trigger.py for tasks to queue
[2023-02-23 19:50:41,971] {logging_mixin.py:104} INFO - [2023-02-23 19:50:41,971] {dagbag.py:496} INFO - Filling up the DagBag from /home/airflow/.local/lib/python3.6/site-packages/airflow/example_dags/example_latest_only_with_trigger.py
[2023-02-23 19:50:41,984] {scheduler_job.py:643} INFO - DAG(s) dict_keys(['latest_only_with_trigger']) retrieved from /home/airflow/.local/lib/python3.6/site-packages/airflow/example_dags/example_latest_only_with_trigger.py
[2023-02-23 19:50:42,082] {logging_mixin.py:104} INFO - [2023-02-23 19:50:42,082] {dag.py:1833} INFO - Sync 1 DAGs
[2023-02-23 19:50:42,177] {logging_mixin.py:104} INFO - [2023-02-23 19:50:42,176] {dag.py:2306} INFO - Setting next_dagrun for latest_only_with_trigger to 2023-02-21 00:00:00+00:00
[2023-02-23 19:50:42,189] {scheduler_job.py:190} INFO - Processing /home/airflow/.local/lib/python3.6/site-packages/airflow/example_dags/example_latest_only_with_trigger.py took 0.260 seconds
[2023-02-23 19:51:13,108] {scheduler_job.py:182} INFO - Started process (PID=980) to work on /home/airflow/.local/lib/python3.6/site-packages/airflow/example_dags/example_latest_only_with_trigger.py
[2023-02-23 19:51:13,108] {scheduler_job.py:633} INFO - Processing file /home/airflow/.local/lib/python3.6/site-packages/airflow/example_dags/example_latest_only_with_trigger.py for tasks to queue
[2023-02-23 19:51:13,109] {logging_mixin.py:104} INFO - [2023-02-23 19:51:13,108] {dagbag.py:496} INFO - Filling up the DagBag from /home/airflow/.local/lib/python3.6/site-packages/airflow/example_dags/example_latest_only_with_trigger.py
[2023-02-23 19:51:13,117] {scheduler_job.py:643} INFO - DAG(s) dict_keys(['latest_only_with_trigger']) retrieved from /home/airflow/.local/lib/python3.6/site-packages/airflow/example_dags/example_latest_only_with_trigger.py
[2023-02-23 19:51:13,132] {logging_mixin.py:104} INFO - [2023-02-23 19:51:13,132] {dag.py:1833} INFO - Sync 1 DAGs
[2023-02-23 19:51:13,144] {logging_mixin.py:104} INFO - [2023-02-23 19:51:13,144] {dag.py:2306} INFO - Setting next_dagrun for latest_only_with_trigger to 2023-02-21 00:00:00+00:00
[2023-02-23 19:51:13,152] {scheduler_job.py:190} INFO - Processing /home/airflow/.local/lib/python3.6/site-packages/airflow/example_dags/example_latest_only_with_trigger.py took 0.046 seconds
[2023-02-23 19:51:43,632] {scheduler_job.py:182} INFO - Started process (PID=1031) to work on /home/airflow/.local/lib/python3.6/site-packages/airflow/example_dags/example_latest_only_with_trigger.py
[2023-02-23 19:51:43,632] {scheduler_job.py:633} INFO - Processing file /home/airflow/.local/lib/python3.6/site-packages/airflow/example_dags/example_latest_only_with_trigger.py for tasks to queue
[2023-02-23 19:51:43,633] {logging_mixin.py:104} INFO - [2023-02-23 19:51:43,633] {dagbag.py:496} INFO - Filling up the DagBag from /home/airflow/.local/lib/python3.6/site-packages/airflow/example_dags/example_latest_only_with_trigger.py
[2023-02-23 19:51:43,641] {scheduler_job.py:643} INFO - DAG(s) dict_keys(['latest_only_with_trigger']) retrieved from /home/airflow/.local/lib/python3.6/site-packages/airflow/example_dags/example_latest_only_with_trigger.py
[2023-02-23 19:51:43,655] {logging_mixin.py:104} INFO - [2023-02-23 19:51:43,655] {dag.py:1833} INFO - Sync 1 DAGs
[2023-02-23 19:51:43,666] {logging_mixin.py:104} INFO - [2023-02-23 19:51:43,666] {dag.py:2306} INFO - Setting next_dagrun for latest_only_with_trigger to 2023-02-21 00:00:00+00:00
[2023-02-23 19:51:43,675] {scheduler_job.py:190} INFO - Processing /home/airflow/.local/lib/python3.6/site-packages/airflow/example_dags/example_latest_only_with_trigger.py took 0.045 seconds
[2023-02-23 19:52:14,269] {scheduler_job.py:182} INFO - Started process (PID=1092) to work on /home/airflow/.local/lib/python3.6/site-packages/airflow/example_dags/example_latest_only_with_trigger.py
[2023-02-23 19:52:14,269] {scheduler_job.py:633} INFO - Processing file /home/airflow/.local/lib/python3.6/site-packages/airflow/example_dags/example_latest_only_with_trigger.py for tasks to queue
[2023-02-23 19:52:14,270] {logging_mixin.py:104} INFO - [2023-02-23 19:52:14,270] {dagbag.py:496} INFO - Filling up the DagBag from /home/airflow/.local/lib/python3.6/site-packages/airflow/example_dags/example_latest_only_with_trigger.py
[2023-02-23 19:52:14,278] {scheduler_job.py:643} INFO - DAG(s) dict_keys(['latest_only_with_trigger']) retrieved from /home/airflow/.local/lib/python3.6/site-packages/airflow/example_dags/example_latest_only_with_trigger.py
[2023-02-23 19:52:14,294] {logging_mixin.py:104} INFO - [2023-02-23 19:52:14,294] {dag.py:1833} INFO - Sync 1 DAGs
[2023-02-23 19:52:14,305] {logging_mixin.py:104} INFO - [2023-02-23 19:52:14,305] {dag.py:2306} INFO - Setting next_dagrun for latest_only_with_trigger to 2023-02-21 00:00:00+00:00
[2023-02-23 19:52:14,313] {scheduler_job.py:190} INFO - Processing /home/airflow/.local/lib/python3.6/site-packages/airflow/example_dags/example_latest_only_with_trigger.py took 0.047 seconds
[2023-02-23 19:52:44,702] {scheduler_job.py:182} INFO - Started process (PID=1151) to work on /home/airflow/.local/lib/python3.6/site-packages/airflow/example_dags/example_latest_only_with_trigger.py
[2023-02-23 19:52:44,703] {scheduler_job.py:633} INFO - Processing file /home/airflow/.local/lib/python3.6/site-packages/airflow/example_dags/example_latest_only_with_trigger.py for tasks to queue
[2023-02-23 19:52:44,704] {logging_mixin.py:104} INFO - [2023-02-23 19:52:44,703] {dagbag.py:496} INFO - Filling up the DagBag from /home/airflow/.local/lib/python3.6/site-packages/airflow/example_dags/example_latest_only_with_trigger.py
[2023-02-23 19:52:44,714] {scheduler_job.py:643} INFO - DAG(s) dict_keys(['latest_only_with_trigger']) retrieved from /home/airflow/.local/lib/python3.6/site-packages/airflow/example_dags/example_latest_only_with_trigger.py
[2023-02-23 19:52:44,732] {logging_mixin.py:104} INFO - [2023-02-23 19:52:44,731] {dag.py:1833} INFO - Sync 1 DAGs
[2023-02-23 19:52:44,773] {logging_mixin.py:104} INFO - [2023-02-23 19:52:44,773] {dag.py:2306} INFO - Setting next_dagrun for latest_only_with_trigger to 2023-02-21 00:00:00+00:00
[2023-02-23 19:52:44,782] {scheduler_job.py:190} INFO - Processing /home/airflow/.local/lib/python3.6/site-packages/airflow/example_dags/example_latest_only_with_trigger.py took 0.082 seconds
[2023-02-23 19:53:15,535] {scheduler_job.py:182} INFO - Started process (PID=1203) to work on /home/airflow/.local/lib/python3.6/site-packages/airflow/example_dags/example_latest_only_with_trigger.py
[2023-02-23 19:53:15,535] {scheduler_job.py:633} INFO - Processing file /home/airflow/.local/lib/python3.6/site-packages/airflow/example_dags/example_latest_only_with_trigger.py for tasks to queue
[2023-02-23 19:53:15,536] {logging_mixin.py:104} INFO - [2023-02-23 19:53:15,536] {dagbag.py:496} INFO - Filling up the DagBag from /home/airflow/.local/lib/python3.6/site-packages/airflow/example_dags/example_latest_only_with_trigger.py
[2023-02-23 19:53:15,547] {scheduler_job.py:643} INFO - DAG(s) dict_keys(['latest_only_with_trigger']) retrieved from /home/airflow/.local/lib/python3.6/site-packages/airflow/example_dags/example_latest_only_with_trigger.py
[2023-02-23 19:53:15,579] {logging_mixin.py:104} INFO - [2023-02-23 19:53:15,579] {dag.py:1833} INFO - Sync 1 DAGs
[2023-02-23 19:53:15,595] {logging_mixin.py:104} INFO - [2023-02-23 19:53:15,595] {dag.py:2306} INFO - Setting next_dagrun for latest_only_with_trigger to 2023-02-21 00:00:00+00:00
[2023-02-23 19:53:15,604] {scheduler_job.py:190} INFO - Processing /home/airflow/.local/lib/python3.6/site-packages/airflow/example_dags/example_latest_only_with_trigger.py took 0.072 seconds
[2023-02-23 19:53:46,343] {scheduler_job.py:182} INFO - Started process (PID=1263) to work on /home/airflow/.local/lib/python3.6/site-packages/airflow/example_dags/example_latest_only_with_trigger.py
[2023-02-23 19:53:46,344] {scheduler_job.py:633} INFO - Processing file /home/airflow/.local/lib/python3.6/site-packages/airflow/example_dags/example_latest_only_with_trigger.py for tasks to queue
[2023-02-23 19:53:46,344] {logging_mixin.py:104} INFO - [2023-02-23 19:53:46,344] {dagbag.py:496} INFO - Filling up the DagBag from /home/airflow/.local/lib/python3.6/site-packages/airflow/example_dags/example_latest_only_with_trigger.py
[2023-02-23 19:53:46,356] {scheduler_job.py:643} INFO - DAG(s) dict_keys(['latest_only_with_trigger']) retrieved from /home/airflow/.local/lib/python3.6/site-packages/airflow/example_dags/example_latest_only_with_trigger.py
[2023-02-23 19:53:46,379] {logging_mixin.py:104} INFO - [2023-02-23 19:53:46,378] {dag.py:1833} INFO - Sync 1 DAGs
[2023-02-23 19:53:46,396] {logging_mixin.py:104} INFO - [2023-02-23 19:53:46,396] {dag.py:2306} INFO - Setting next_dagrun for latest_only_with_trigger to 2023-02-21 00:00:00+00:00
[2023-02-23 19:53:46,404] {scheduler_job.py:190} INFO - Processing /home/airflow/.local/lib/python3.6/site-packages/airflow/example_dags/example_latest_only_with_trigger.py took 0.063 seconds
[2023-02-23 19:54:16,918] {scheduler_job.py:182} INFO - Started process (PID=1315) to work on /home/airflow/.local/lib/python3.6/site-packages/airflow/example_dags/example_latest_only_with_trigger.py
[2023-02-23 19:54:16,919] {scheduler_job.py:633} INFO - Processing file /home/airflow/.local/lib/python3.6/site-packages/airflow/example_dags/example_latest_only_with_trigger.py for tasks to queue
[2023-02-23 19:54:16,919] {logging_mixin.py:104} INFO - [2023-02-23 19:54:16,919] {dagbag.py:496} INFO - Filling up the DagBag from /home/airflow/.local/lib/python3.6/site-packages/airflow/example_dags/example_latest_only_with_trigger.py
[2023-02-23 19:54:16,929] {scheduler_job.py:643} INFO - DAG(s) dict_keys(['latest_only_with_trigger']) retrieved from /home/airflow/.local/lib/python3.6/site-packages/airflow/example_dags/example_latest_only_with_trigger.py
[2023-02-23 19:54:16,945] {logging_mixin.py:104} INFO - [2023-02-23 19:54:16,945] {dag.py:1833} INFO - Sync 1 DAGs
[2023-02-23 19:54:16,958] {logging_mixin.py:104} INFO - [2023-02-23 19:54:16,958] {dag.py:2306} INFO - Setting next_dagrun for latest_only_with_trigger to 2023-02-21 00:00:00+00:00
[2023-02-23 19:54:16,964] {scheduler_job.py:190} INFO - Processing /home/airflow/.local/lib/python3.6/site-packages/airflow/example_dags/example_latest_only_with_trigger.py took 0.050 seconds
[2023-02-23 19:54:47,505] {scheduler_job.py:182} INFO - Started process (PID=1376) to work on /home/airflow/.local/lib/python3.6/site-packages/airflow/example_dags/example_latest_only_with_trigger.py
[2023-02-23 19:54:47,505] {scheduler_job.py:633} INFO - Processing file /home/airflow/.local/lib/python3.6/site-packages/airflow/example_dags/example_latest_only_with_trigger.py for tasks to queue
[2023-02-23 19:54:47,506] {logging_mixin.py:104} INFO - [2023-02-23 19:54:47,506] {dagbag.py:496} INFO - Filling up the DagBag from /home/airflow/.local/lib/python3.6/site-packages/airflow/example_dags/example_latest_only_with_trigger.py
[2023-02-23 19:54:47,514] {scheduler_job.py:643} INFO - DAG(s) dict_keys(['latest_only_with_trigger']) retrieved from /home/airflow/.local/lib/python3.6/site-packages/airflow/example_dags/example_latest_only_with_trigger.py
[2023-02-23 19:54:47,529] {logging_mixin.py:104} INFO - [2023-02-23 19:54:47,529] {dag.py:1833} INFO - Sync 1 DAGs
[2023-02-23 19:54:47,540] {logging_mixin.py:104} INFO - [2023-02-23 19:54:47,540] {dag.py:2306} INFO - Setting next_dagrun for latest_only_with_trigger to 2023-02-21 00:00:00+00:00
[2023-02-23 19:54:47,548] {scheduler_job.py:190} INFO - Processing /home/airflow/.local/lib/python3.6/site-packages/airflow/example_dags/example_latest_only_with_trigger.py took 0.045 seconds
[2023-02-23 19:55:17,897] {scheduler_job.py:182} INFO - Started process (PID=1427) to work on /home/airflow/.local/lib/python3.6/site-packages/airflow/example_dags/example_latest_only_with_trigger.py
[2023-02-23 19:55:17,898] {scheduler_job.py:633} INFO - Processing file /home/airflow/.local/lib/python3.6/site-packages/airflow/example_dags/example_latest_only_with_trigger.py for tasks to queue
[2023-02-23 19:55:17,898] {logging_mixin.py:104} INFO - [2023-02-23 19:55:17,898] {dagbag.py:496} INFO - Filling up the DagBag from /home/airflow/.local/lib/python3.6/site-packages/airflow/example_dags/example_latest_only_with_trigger.py
[2023-02-23 19:55:17,906] {scheduler_job.py:643} INFO - DAG(s) dict_keys(['latest_only_with_trigger']) retrieved from /home/airflow/.local/lib/python3.6/site-packages/airflow/example_dags/example_latest_only_with_trigger.py
[2023-02-23 19:55:17,925] {logging_mixin.py:104} INFO - [2023-02-23 19:55:17,924] {dag.py:1833} INFO - Sync 1 DAGs
[2023-02-23 19:55:17,936] {logging_mixin.py:104} INFO - [2023-02-23 19:55:17,936] {dag.py:2306} INFO - Setting next_dagrun for latest_only_with_trigger to 2023-02-21 00:00:00+00:00
[2023-02-23 19:55:17,943] {scheduler_job.py:190} INFO - Processing /home/airflow/.local/lib/python3.6/site-packages/airflow/example_dags/example_latest_only_with_trigger.py took 0.048 seconds
[2023-02-23 19:55:48,849] {scheduler_job.py:182} INFO - Started process (PID=1488) to work on /home/airflow/.local/lib/python3.6/site-packages/airflow/example_dags/example_latest_only_with_trigger.py
[2023-02-23 19:55:48,850] {scheduler_job.py:633} INFO - Processing file /home/airflow/.local/lib/python3.6/site-packages/airflow/example_dags/example_latest_only_with_trigger.py for tasks to queue
[2023-02-23 19:55:48,850] {logging_mixin.py:104} INFO - [2023-02-23 19:55:48,850] {dagbag.py:496} INFO - Filling up the DagBag from /home/airflow/.local/lib/python3.6/site-packages/airflow/example_dags/example_latest_only_with_trigger.py
[2023-02-23 19:55:48,860] {scheduler_job.py:643} INFO - DAG(s) dict_keys(['latest_only_with_trigger']) retrieved from /home/airflow/.local/lib/python3.6/site-packages/airflow/example_dags/example_latest_only_with_trigger.py
[2023-02-23 19:55:48,880] {logging_mixin.py:104} INFO - [2023-02-23 19:55:48,880] {dag.py:1833} INFO - Sync 1 DAGs
[2023-02-23 19:55:48,894] {logging_mixin.py:104} INFO - [2023-02-23 19:55:48,894] {dag.py:2306} INFO - Setting next_dagrun for latest_only_with_trigger to 2023-02-21 00:00:00+00:00
[2023-02-23 19:55:48,901] {scheduler_job.py:190} INFO - Processing /home/airflow/.local/lib/python3.6/site-packages/airflow/example_dags/example_latest_only_with_trigger.py took 0.055 seconds
[2023-02-23 19:56:19,603] {scheduler_job.py:182} INFO - Started process (PID=1540) to work on /home/airflow/.local/lib/python3.6/site-packages/airflow/example_dags/example_latest_only_with_trigger.py
[2023-02-23 19:56:19,604] {scheduler_job.py:633} INFO - Processing file /home/airflow/.local/lib/python3.6/site-packages/airflow/example_dags/example_latest_only_with_trigger.py for tasks to queue
[2023-02-23 19:56:19,604] {logging_mixin.py:104} INFO - [2023-02-23 19:56:19,604] {dagbag.py:496} INFO - Filling up the DagBag from /home/airflow/.local/lib/python3.6/site-packages/airflow/example_dags/example_latest_only_with_trigger.py
[2023-02-23 19:56:19,617] {scheduler_job.py:643} INFO - DAG(s) dict_keys(['latest_only_with_trigger']) retrieved from /home/airflow/.local/lib/python3.6/site-packages/airflow/example_dags/example_latest_only_with_trigger.py
[2023-02-23 19:56:19,636] {logging_mixin.py:104} INFO - [2023-02-23 19:56:19,636] {dag.py:1833} INFO - Sync 1 DAGs
[2023-02-23 19:56:19,649] {logging_mixin.py:104} INFO - [2023-02-23 19:56:19,648] {dag.py:2306} INFO - Setting next_dagrun for latest_only_with_trigger to 2023-02-21 00:00:00+00:00
[2023-02-23 19:56:19,655] {scheduler_job.py:190} INFO - Processing /home/airflow/.local/lib/python3.6/site-packages/airflow/example_dags/example_latest_only_with_trigger.py took 0.056 seconds
[2023-02-23 19:56:49,747] {scheduler_job.py:182} INFO - Started process (PID=1601) to work on /home/airflow/.local/lib/python3.6/site-packages/airflow/example_dags/example_latest_only_with_trigger.py
[2023-02-23 19:56:49,748] {scheduler_job.py:633} INFO - Processing file /home/airflow/.local/lib/python3.6/site-packages/airflow/example_dags/example_latest_only_with_trigger.py for tasks to queue
[2023-02-23 19:56:49,748] {logging_mixin.py:104} INFO - [2023-02-23 19:56:49,748] {dagbag.py:496} INFO - Filling up the DagBag from /home/airflow/.local/lib/python3.6/site-packages/airflow/example_dags/example_latest_only_with_trigger.py
[2023-02-23 19:56:49,757] {scheduler_job.py:643} INFO - DAG(s) dict_keys(['latest_only_with_trigger']) retrieved from /home/airflow/.local/lib/python3.6/site-packages/airflow/example_dags/example_latest_only_with_trigger.py
[2023-02-23 19:56:49,775] {logging_mixin.py:104} INFO - [2023-02-23 19:56:49,775] {dag.py:1833} INFO - Sync 1 DAGs
[2023-02-23 19:56:49,788] {logging_mixin.py:104} INFO - [2023-02-23 19:56:49,788] {dag.py:2306} INFO - Setting next_dagrun for latest_only_with_trigger to 2023-02-21 00:00:00+00:00
[2023-02-23 19:56:49,795] {scheduler_job.py:190} INFO - Processing /home/airflow/.local/lib/python3.6/site-packages/airflow/example_dags/example_latest_only_with_trigger.py took 0.051 seconds
[2023-02-23 19:57:20,409] {scheduler_job.py:182} INFO - Started process (PID=1652) to work on /home/airflow/.local/lib/python3.6/site-packages/airflow/example_dags/example_latest_only_with_trigger.py
[2023-02-23 19:57:20,409] {scheduler_job.py:633} INFO - Processing file /home/airflow/.local/lib/python3.6/site-packages/airflow/example_dags/example_latest_only_with_trigger.py for tasks to queue
[2023-02-23 19:57:20,410] {logging_mixin.py:104} INFO - [2023-02-23 19:57:20,410] {dagbag.py:496} INFO - Filling up the DagBag from /home/airflow/.local/lib/python3.6/site-packages/airflow/example_dags/example_latest_only_with_trigger.py
[2023-02-23 19:57:20,419] {scheduler_job.py:643} INFO - DAG(s) dict_keys(['latest_only_with_trigger']) retrieved from /home/airflow/.local/lib/python3.6/site-packages/airflow/example_dags/example_latest_only_with_trigger.py
[2023-02-23 19:57:20,436] {logging_mixin.py:104} INFO - [2023-02-23 19:57:20,436] {dag.py:1833} INFO - Sync 1 DAGs
[2023-02-23 19:57:20,449] {logging_mixin.py:104} INFO - [2023-02-23 19:57:20,449] {dag.py:2306} INFO - Setting next_dagrun for latest_only_with_trigger to 2023-02-21 00:00:00+00:00
[2023-02-23 19:57:20,456] {scheduler_job.py:190} INFO - Processing /home/airflow/.local/lib/python3.6/site-packages/airflow/example_dags/example_latest_only_with_trigger.py took 0.050 seconds
[2023-02-23 19:57:51,101] {scheduler_job.py:182} INFO - Started process (PID=1713) to work on /home/airflow/.local/lib/python3.6/site-packages/airflow/example_dags/example_latest_only_with_trigger.py
[2023-02-23 19:57:51,102] {scheduler_job.py:633} INFO - Processing file /home/airflow/.local/lib/python3.6/site-packages/airflow/example_dags/example_latest_only_with_trigger.py for tasks to queue
[2023-02-23 19:57:51,102] {logging_mixin.py:104} INFO - [2023-02-23 19:57:51,102] {dagbag.py:496} INFO - Filling up the DagBag from /home/airflow/.local/lib/python3.6/site-packages/airflow/example_dags/example_latest_only_with_trigger.py
[2023-02-23 19:57:51,112] {scheduler_job.py:643} INFO - DAG(s) dict_keys(['latest_only_with_trigger']) retrieved from /home/airflow/.local/lib/python3.6/site-packages/airflow/example_dags/example_latest_only_with_trigger.py
[2023-02-23 19:57:51,129] {logging_mixin.py:104} INFO - [2023-02-23 19:57:51,129] {dag.py:1833} INFO - Sync 1 DAGs
[2023-02-23 19:57:51,140] {logging_mixin.py:104} INFO - [2023-02-23 19:57:51,140] {dag.py:2306} INFO - Setting next_dagrun for latest_only_with_trigger to 2023-02-21 00:00:00+00:00
[2023-02-23 19:57:51,147] {scheduler_job.py:190} INFO - Processing /home/airflow/.local/lib/python3.6/site-packages/airflow/example_dags/example_latest_only_with_trigger.py took 0.048 seconds
[2023-02-23 19:58:21,708] {scheduler_job.py:182} INFO - Started process (PID=1774) to work on /home/airflow/.local/lib/python3.6/site-packages/airflow/example_dags/example_latest_only_with_trigger.py
[2023-02-23 19:58:21,709] {scheduler_job.py:633} INFO - Processing file /home/airflow/.local/lib/python3.6/site-packages/airflow/example_dags/example_latest_only_with_trigger.py for tasks to queue
[2023-02-23 19:58:21,709] {logging_mixin.py:104} INFO - [2023-02-23 19:58:21,709] {dagbag.py:496} INFO - Filling up the DagBag from /home/airflow/.local/lib/python3.6/site-packages/airflow/example_dags/example_latest_only_with_trigger.py
[2023-02-23 19:58:21,719] {scheduler_job.py:643} INFO - DAG(s) dict_keys(['latest_only_with_trigger']) retrieved from /home/airflow/.local/lib/python3.6/site-packages/airflow/example_dags/example_latest_only_with_trigger.py
[2023-02-23 19:58:21,736] {logging_mixin.py:104} INFO - [2023-02-23 19:58:21,735] {dag.py:1833} INFO - Sync 1 DAGs
[2023-02-23 19:58:21,747] {logging_mixin.py:104} INFO - [2023-02-23 19:58:21,747] {dag.py:2306} INFO - Setting next_dagrun for latest_only_with_trigger to 2023-02-21 00:00:00+00:00
[2023-02-23 19:58:21,753] {scheduler_job.py:190} INFO - Processing /home/airflow/.local/lib/python3.6/site-packages/airflow/example_dags/example_latest_only_with_trigger.py took 0.047 seconds
[2023-02-23 19:58:52,351] {scheduler_job.py:182} INFO - Started process (PID=1825) to work on /home/airflow/.local/lib/python3.6/site-packages/airflow/example_dags/example_latest_only_with_trigger.py
[2023-02-23 19:58:52,352] {scheduler_job.py:633} INFO - Processing file /home/airflow/.local/lib/python3.6/site-packages/airflow/example_dags/example_latest_only_with_trigger.py for tasks to queue
[2023-02-23 19:58:52,352] {logging_mixin.py:104} INFO - [2023-02-23 19:58:52,352] {dagbag.py:496} INFO - Filling up the DagBag from /home/airflow/.local/lib/python3.6/site-packages/airflow/example_dags/example_latest_only_with_trigger.py
[2023-02-23 19:58:52,361] {scheduler_job.py:643} INFO - DAG(s) dict_keys(['latest_only_with_trigger']) retrieved from /home/airflow/.local/lib/python3.6/site-packages/airflow/example_dags/example_latest_only_with_trigger.py
[2023-02-23 19:58:52,379] {logging_mixin.py:104} INFO - [2023-02-23 19:58:52,379] {dag.py:1833} INFO - Sync 1 DAGs
[2023-02-23 19:58:52,394] {logging_mixin.py:104} INFO - [2023-02-23 19:58:52,394] {dag.py:2306} INFO - Setting next_dagrun for latest_only_with_trigger to 2023-02-21 00:00:00+00:00
[2023-02-23 19:58:52,401] {scheduler_job.py:190} INFO - Processing /home/airflow/.local/lib/python3.6/site-packages/airflow/example_dags/example_latest_only_with_trigger.py took 0.052 seconds
[2023-02-23 19:59:22,965] {scheduler_job.py:182} INFO - Started process (PID=1886) to work on /home/airflow/.local/lib/python3.6/site-packages/airflow/example_dags/example_latest_only_with_trigger.py
[2023-02-23 19:59:22,966] {scheduler_job.py:633} INFO - Processing file /home/airflow/.local/lib/python3.6/site-packages/airflow/example_dags/example_latest_only_with_trigger.py for tasks to queue
[2023-02-23 19:59:22,966] {logging_mixin.py:104} INFO - [2023-02-23 19:59:22,966] {dagbag.py:496} INFO - Filling up the DagBag from /home/airflow/.local/lib/python3.6/site-packages/airflow/example_dags/example_latest_only_with_trigger.py
[2023-02-23 19:59:22,977] {scheduler_job.py:643} INFO - DAG(s) dict_keys(['latest_only_with_trigger']) retrieved from /home/airflow/.local/lib/python3.6/site-packages/airflow/example_dags/example_latest_only_with_trigger.py
[2023-02-23 19:59:23,000] {logging_mixin.py:104} INFO - [2023-02-23 19:59:22,999] {dag.py:1833} INFO - Sync 1 DAGs
[2023-02-23 19:59:23,017] {logging_mixin.py:104} INFO - [2023-02-23 19:59:23,016] {dag.py:2306} INFO - Setting next_dagrun for latest_only_with_trigger to 2023-02-21 00:00:00+00:00
[2023-02-23 19:59:23,026] {scheduler_job.py:190} INFO - Processing /home/airflow/.local/lib/python3.6/site-packages/airflow/example_dags/example_latest_only_with_trigger.py took 0.063 seconds
[2023-02-23 19:59:53,664] {scheduler_job.py:182} INFO - Started process (PID=1937) to work on /home/airflow/.local/lib/python3.6/site-packages/airflow/example_dags/example_latest_only_with_trigger.py
[2023-02-23 19:59:53,664] {scheduler_job.py:633} INFO - Processing file /home/airflow/.local/lib/python3.6/site-packages/airflow/example_dags/example_latest_only_with_trigger.py for tasks to queue
[2023-02-23 19:59:53,665] {logging_mixin.py:104} INFO - [2023-02-23 19:59:53,665] {dagbag.py:496} INFO - Filling up the DagBag from /home/airflow/.local/lib/python3.6/site-packages/airflow/example_dags/example_latest_only_with_trigger.py
[2023-02-23 19:59:53,675] {scheduler_job.py:643} INFO - DAG(s) dict_keys(['latest_only_with_trigger']) retrieved from /home/airflow/.local/lib/python3.6/site-packages/airflow/example_dags/example_latest_only_with_trigger.py
[2023-02-23 19:59:53,693] {logging_mixin.py:104} INFO - [2023-02-23 19:59:53,693] {dag.py:1833} INFO - Sync 1 DAGs
[2023-02-23 19:59:53,707] {logging_mixin.py:104} INFO - [2023-02-23 19:59:53,707] {dag.py:2306} INFO - Setting next_dagrun for latest_only_with_trigger to 2023-02-21 00:00:00+00:00
[2023-02-23 19:59:53,716] {scheduler_job.py:190} INFO - Processing /home/airflow/.local/lib/python3.6/site-packages/airflow/example_dags/example_latest_only_with_trigger.py took 0.054 seconds
[2023-02-23 20:00:24,482] {scheduler_job.py:182} INFO - Started process (PID=1998) to work on /home/airflow/.local/lib/python3.6/site-packages/airflow/example_dags/example_latest_only_with_trigger.py
[2023-02-23 20:00:24,485] {scheduler_job.py:633} INFO - Processing file /home/airflow/.local/lib/python3.6/site-packages/airflow/example_dags/example_latest_only_with_trigger.py for tasks to queue
[2023-02-23 20:00:24,485] {logging_mixin.py:104} INFO - [2023-02-23 20:00:24,485] {dagbag.py:496} INFO - Filling up the DagBag from /home/airflow/.local/lib/python3.6/site-packages/airflow/example_dags/example_latest_only_with_trigger.py
[2023-02-23 20:00:24,494] {scheduler_job.py:643} INFO - DAG(s) dict_keys(['latest_only_with_trigger']) retrieved from /home/airflow/.local/lib/python3.6/site-packages/airflow/example_dags/example_latest_only_with_trigger.py
[2023-02-23 20:00:24,511] {logging_mixin.py:104} INFO - [2023-02-23 20:00:24,510] {dag.py:1833} INFO - Sync 1 DAGs
[2023-02-23 20:00:24,523] {logging_mixin.py:104} INFO - [2023-02-23 20:00:24,523] {dag.py:2306} INFO - Setting next_dagrun for latest_only_with_trigger to 2023-02-21 00:00:00+00:00
[2023-02-23 20:00:24,530] {scheduler_job.py:190} INFO - Processing /home/airflow/.local/lib/python3.6/site-packages/airflow/example_dags/example_latest_only_with_trigger.py took 0.049 seconds
[2023-02-23 20:00:55,133] {scheduler_job.py:182} INFO - Started process (PID=2049) to work on /home/airflow/.local/lib/python3.6/site-packages/airflow/example_dags/example_latest_only_with_trigger.py
[2023-02-23 20:00:55,134] {scheduler_job.py:633} INFO - Processing file /home/airflow/.local/lib/python3.6/site-packages/airflow/example_dags/example_latest_only_with_trigger.py for tasks to queue
[2023-02-23 20:00:55,135] {logging_mixin.py:104} INFO - [2023-02-23 20:00:55,135] {dagbag.py:496} INFO - Filling up the DagBag from /home/airflow/.local/lib/python3.6/site-packages/airflow/example_dags/example_latest_only_with_trigger.py
[2023-02-23 20:00:55,144] {scheduler_job.py:643} INFO - DAG(s) dict_keys(['latest_only_with_trigger']) retrieved from /home/airflow/.local/lib/python3.6/site-packages/airflow/example_dags/example_latest_only_with_trigger.py
[2023-02-23 20:00:55,161] {logging_mixin.py:104} INFO - [2023-02-23 20:00:55,161] {dag.py:1833} INFO - Sync 1 DAGs
[2023-02-23 20:00:55,173] {logging_mixin.py:104} INFO - [2023-02-23 20:00:55,173] {dag.py:2306} INFO - Setting next_dagrun for latest_only_with_trigger to 2023-02-21 00:00:00+00:00
[2023-02-23 20:00:55,181] {scheduler_job.py:190} INFO - Processing /home/airflow/.local/lib/python3.6/site-packages/airflow/example_dags/example_latest_only_with_trigger.py took 0.050 seconds
[2023-02-23 20:01:25,789] {scheduler_job.py:182} INFO - Started process (PID=2110) to work on /home/airflow/.local/lib/python3.6/site-packages/airflow/example_dags/example_latest_only_with_trigger.py
[2023-02-23 20:01:25,790] {scheduler_job.py:633} INFO - Processing file /home/airflow/.local/lib/python3.6/site-packages/airflow/example_dags/example_latest_only_with_trigger.py for tasks to queue
[2023-02-23 20:01:25,790] {logging_mixin.py:104} INFO - [2023-02-23 20:01:25,790] {dagbag.py:496} INFO - Filling up the DagBag from /home/airflow/.local/lib/python3.6/site-packages/airflow/example_dags/example_latest_only_with_trigger.py
[2023-02-23 20:01:25,800] {scheduler_job.py:643} INFO - DAG(s) dict_keys(['latest_only_with_trigger']) retrieved from /home/airflow/.local/lib/python3.6/site-packages/airflow/example_dags/example_latest_only_with_trigger.py
[2023-02-23 20:01:25,819] {logging_mixin.py:104} INFO - [2023-02-23 20:01:25,818] {dag.py:1833} INFO - Sync 1 DAGs
[2023-02-23 20:01:25,832] {logging_mixin.py:104} INFO - [2023-02-23 20:01:25,831] {dag.py:2306} INFO - Setting next_dagrun for latest_only_with_trigger to 2023-02-21 00:00:00+00:00
[2023-02-23 20:01:25,839] {scheduler_job.py:190} INFO - Processing /home/airflow/.local/lib/python3.6/site-packages/airflow/example_dags/example_latest_only_with_trigger.py took 0.052 seconds
[2023-02-23 20:01:56,487] {scheduler_job.py:182} INFO - Started process (PID=2168) to work on /home/airflow/.local/lib/python3.6/site-packages/airflow/example_dags/example_latest_only_with_trigger.py
[2023-02-23 20:01:56,488] {scheduler_job.py:633} INFO - Processing file /home/airflow/.local/lib/python3.6/site-packages/airflow/example_dags/example_latest_only_with_trigger.py for tasks to queue
[2023-02-23 20:01:56,489] {logging_mixin.py:104} INFO - [2023-02-23 20:01:56,489] {dagbag.py:496} INFO - Filling up the DagBag from /home/airflow/.local/lib/python3.6/site-packages/airflow/example_dags/example_latest_only_with_trigger.py
[2023-02-23 20:01:56,497] {scheduler_job.py:643} INFO - DAG(s) dict_keys(['latest_only_with_trigger']) retrieved from /home/airflow/.local/lib/python3.6/site-packages/airflow/example_dags/example_latest_only_with_trigger.py
[2023-02-23 20:01:56,514] {logging_mixin.py:104} INFO - [2023-02-23 20:01:56,513] {dag.py:1833} INFO - Sync 1 DAGs
[2023-02-23 20:01:56,527] {logging_mixin.py:104} INFO - [2023-02-23 20:01:56,527] {dag.py:2306} INFO - Setting next_dagrun for latest_only_with_trigger to 2023-02-21 00:00:00+00:00
[2023-02-23 20:01:56,534] {scheduler_job.py:190} INFO - Processing /home/airflow/.local/lib/python3.6/site-packages/airflow/example_dags/example_latest_only_with_trigger.py took 0.049 seconds
[2023-02-23 20:02:27,200] {scheduler_job.py:182} INFO - Started process (PID=2222) to work on /home/airflow/.local/lib/python3.6/site-packages/airflow/example_dags/example_latest_only_with_trigger.py
[2023-02-23 20:02:27,201] {scheduler_job.py:633} INFO - Processing file /home/airflow/.local/lib/python3.6/site-packages/airflow/example_dags/example_latest_only_with_trigger.py for tasks to queue
[2023-02-23 20:02:27,201] {logging_mixin.py:104} INFO - [2023-02-23 20:02:27,201] {dagbag.py:496} INFO - Filling up the DagBag from /home/airflow/.local/lib/python3.6/site-packages/airflow/example_dags/example_latest_only_with_trigger.py
[2023-02-23 20:02:27,209] {scheduler_job.py:643} INFO - DAG(s) dict_keys(['latest_only_with_trigger']) retrieved from /home/airflow/.local/lib/python3.6/site-packages/airflow/example_dags/example_latest_only_with_trigger.py
[2023-02-23 20:02:27,225] {logging_mixin.py:104} INFO - [2023-02-23 20:02:27,225] {dag.py:1833} INFO - Sync 1 DAGs
[2023-02-23 20:02:27,237] {logging_mixin.py:104} INFO - [2023-02-23 20:02:27,237] {dag.py:2306} INFO - Setting next_dagrun for latest_only_with_trigger to 2023-02-21 00:00:00+00:00
[2023-02-23 20:02:27,244] {scheduler_job.py:190} INFO - Processing /home/airflow/.local/lib/python3.6/site-packages/airflow/example_dags/example_latest_only_with_trigger.py took 0.046 seconds
[2023-02-23 20:02:57,877] {scheduler_job.py:182} INFO - Started process (PID=2283) to work on /home/airflow/.local/lib/python3.6/site-packages/airflow/example_dags/example_latest_only_with_trigger.py
[2023-02-23 20:02:57,877] {scheduler_job.py:633} INFO - Processing file /home/airflow/.local/lib/python3.6/site-packages/airflow/example_dags/example_latest_only_with_trigger.py for tasks to queue
[2023-02-23 20:02:57,878] {logging_mixin.py:104} INFO - [2023-02-23 20:02:57,878] {dagbag.py:496} INFO - Filling up the DagBag from /home/airflow/.local/lib/python3.6/site-packages/airflow/example_dags/example_latest_only_with_trigger.py
[2023-02-23 20:02:57,887] {scheduler_job.py:643} INFO - DAG(s) dict_keys(['latest_only_with_trigger']) retrieved from /home/airflow/.local/lib/python3.6/site-packages/airflow/example_dags/example_latest_only_with_trigger.py
[2023-02-23 20:02:57,903] {logging_mixin.py:104} INFO - [2023-02-23 20:02:57,903] {dag.py:1833} INFO - Sync 1 DAGs
[2023-02-23 20:02:57,916] {logging_mixin.py:104} INFO - [2023-02-23 20:02:57,916] {dag.py:2306} INFO - Setting next_dagrun for latest_only_with_trigger to 2023-02-21 00:00:00+00:00
[2023-02-23 20:02:57,923] {scheduler_job.py:190} INFO - Processing /home/airflow/.local/lib/python3.6/site-packages/airflow/example_dags/example_latest_only_with_trigger.py took 0.048 seconds
[2023-02-23 20:03:28,482] {scheduler_job.py:182} INFO - Started process (PID=2334) to work on /home/airflow/.local/lib/python3.6/site-packages/airflow/example_dags/example_latest_only_with_trigger.py
[2023-02-23 20:03:28,482] {scheduler_job.py:633} INFO - Processing file /home/airflow/.local/lib/python3.6/site-packages/airflow/example_dags/example_latest_only_with_trigger.py for tasks to queue
[2023-02-23 20:03:28,483] {logging_mixin.py:104} INFO - [2023-02-23 20:03:28,483] {dagbag.py:496} INFO - Filling up the DagBag from /home/airflow/.local/lib/python3.6/site-packages/airflow/example_dags/example_latest_only_with_trigger.py
[2023-02-23 20:03:28,491] {scheduler_job.py:643} INFO - DAG(s) dict_keys(['latest_only_with_trigger']) retrieved from /home/airflow/.local/lib/python3.6/site-packages/airflow/example_dags/example_latest_only_with_trigger.py
[2023-02-23 20:03:28,507] {logging_mixin.py:104} INFO - [2023-02-23 20:03:28,507] {dag.py:1833} INFO - Sync 1 DAGs
[2023-02-23 20:03:28,519] {logging_mixin.py:104} INFO - [2023-02-23 20:03:28,519] {dag.py:2306} INFO - Setting next_dagrun for latest_only_with_trigger to 2023-02-21 00:00:00+00:00
[2023-02-23 20:03:28,525] {scheduler_job.py:190} INFO - Processing /home/airflow/.local/lib/python3.6/site-packages/airflow/example_dags/example_latest_only_with_trigger.py took 0.045 seconds
[2023-02-23 20:03:59,122] {scheduler_job.py:182} INFO - Started process (PID=2395) to work on /home/airflow/.local/lib/python3.6/site-packages/airflow/example_dags/example_latest_only_with_trigger.py
[2023-02-23 20:03:59,123] {scheduler_job.py:633} INFO - Processing file /home/airflow/.local/lib/python3.6/site-packages/airflow/example_dags/example_latest_only_with_trigger.py for tasks to queue
[2023-02-23 20:03:59,123] {logging_mixin.py:104} INFO - [2023-02-23 20:03:59,123] {dagbag.py:496} INFO - Filling up the DagBag from /home/airflow/.local/lib/python3.6/site-packages/airflow/example_dags/example_latest_only_with_trigger.py
[2023-02-23 20:03:59,132] {scheduler_job.py:643} INFO - DAG(s) dict_keys(['latest_only_with_trigger']) retrieved from /home/airflow/.local/lib/python3.6/site-packages/airflow/example_dags/example_latest_only_with_trigger.py
[2023-02-23 20:03:59,148] {logging_mixin.py:104} INFO - [2023-02-23 20:03:59,148] {dag.py:1833} INFO - Sync 1 DAGs
[2023-02-23 20:03:59,159] {logging_mixin.py:104} INFO - [2023-02-23 20:03:59,159] {dag.py:2306} INFO - Setting next_dagrun for latest_only_with_trigger to 2023-02-21 00:00:00+00:00
[2023-02-23 20:03:59,166] {scheduler_job.py:190} INFO - Processing /home/airflow/.local/lib/python3.6/site-packages/airflow/example_dags/example_latest_only_with_trigger.py took 0.046 seconds
[2023-02-23 20:04:29,653] {scheduler_job.py:182} INFO - Started process (PID=2446) to work on /home/airflow/.local/lib/python3.6/site-packages/airflow/example_dags/example_latest_only_with_trigger.py
[2023-02-23 20:04:29,654] {scheduler_job.py:633} INFO - Processing file /home/airflow/.local/lib/python3.6/site-packages/airflow/example_dags/example_latest_only_with_trigger.py for tasks to queue
[2023-02-23 20:04:29,654] {logging_mixin.py:104} INFO - [2023-02-23 20:04:29,654] {dagbag.py:496} INFO - Filling up the DagBag from /home/airflow/.local/lib/python3.6/site-packages/airflow/example_dags/example_latest_only_with_trigger.py
[2023-02-23 20:04:29,663] {scheduler_job.py:643} INFO - DAG(s) dict_keys(['latest_only_with_trigger']) retrieved from /home/airflow/.local/lib/python3.6/site-packages/airflow/example_dags/example_latest_only_with_trigger.py
[2023-02-23 20:04:29,679] {logging_mixin.py:104} INFO - [2023-02-23 20:04:29,679] {dag.py:1833} INFO - Sync 1 DAGs
[2023-02-23 20:04:29,691] {logging_mixin.py:104} INFO - [2023-02-23 20:04:29,691] {dag.py:2306} INFO - Setting next_dagrun for latest_only_with_trigger to 2023-02-21 00:00:00+00:00
[2023-02-23 20:04:29,698] {scheduler_job.py:190} INFO - Processing /home/airflow/.local/lib/python3.6/site-packages/airflow/example_dags/example_latest_only_with_trigger.py took 0.047 seconds
