[2023-02-23 12:25:55,476] {scheduler_job.py:182} INFO - Started process (PID=81) to work on /home/airflow/.local/lib/python3.6/site-packages/airflow/example_dags/example_branch_python_dop_operator_3.py
[2023-02-23 12:25:55,477] {scheduler_job.py:633} INFO - Processing file /home/airflow/.local/lib/python3.6/site-packages/airflow/example_dags/example_branch_python_dop_operator_3.py for tasks to queue
[2023-02-23 12:25:55,478] {logging_mixin.py:104} INFO - [2023-02-23 12:25:55,478] {dagbag.py:496} INFO - Filling up the DagBag from /home/airflow/.local/lib/python3.6/site-packages/airflow/example_dags/example_branch_python_dop_operator_3.py
[2023-02-23 12:25:55,492] {scheduler_job.py:643} INFO - DAG(s) dict_keys(['example_branch_dop_operator_v3']) retrieved from /home/airflow/.local/lib/python3.6/site-packages/airflow/example_dags/example_branch_python_dop_operator_3.py
[2023-02-23 12:25:55,884] {logging_mixin.py:104} INFO - [2023-02-23 12:25:55,884] {dag.py:1833} INFO - Sync 1 DAGs
[2023-02-23 12:25:55,906] {logging_mixin.py:104} INFO - [2023-02-23 12:25:55,906] {dag.py:2306} INFO - Setting next_dagrun for example_branch_dop_operator_v3 to 2023-02-21 00:00:00+00:00
[2023-02-23 12:25:55,956] {scheduler_job.py:190} INFO - Processing /home/airflow/.local/lib/python3.6/site-packages/airflow/example_dags/example_branch_python_dop_operator_3.py took 0.482 seconds
[2023-02-23 12:26:26,128] {scheduler_job.py:182} INFO - Started process (PID=132) to work on /home/airflow/.local/lib/python3.6/site-packages/airflow/example_dags/example_branch_python_dop_operator_3.py
[2023-02-23 12:26:26,129] {scheduler_job.py:633} INFO - Processing file /home/airflow/.local/lib/python3.6/site-packages/airflow/example_dags/example_branch_python_dop_operator_3.py for tasks to queue
[2023-02-23 12:26:26,129] {logging_mixin.py:104} INFO - [2023-02-23 12:26:26,129] {dagbag.py:496} INFO - Filling up the DagBag from /home/airflow/.local/lib/python3.6/site-packages/airflow/example_dags/example_branch_python_dop_operator_3.py
[2023-02-23 12:26:26,166] {scheduler_job.py:643} INFO - DAG(s) dict_keys(['example_branch_dop_operator_v3']) retrieved from /home/airflow/.local/lib/python3.6/site-packages/airflow/example_dags/example_branch_python_dop_operator_3.py
[2023-02-23 12:26:26,184] {logging_mixin.py:104} INFO - [2023-02-23 12:26:26,183] {dag.py:1833} INFO - Sync 1 DAGs
[2023-02-23 12:26:26,202] {logging_mixin.py:104} INFO - [2023-02-23 12:26:26,202] {dag.py:2306} INFO - Setting next_dagrun for example_branch_dop_operator_v3 to 2023-02-21 00:00:00+00:00
[2023-02-23 12:26:26,256] {scheduler_job.py:190} INFO - Processing /home/airflow/.local/lib/python3.6/site-packages/airflow/example_dags/example_branch_python_dop_operator_3.py took 0.131 seconds
[2023-02-23 16:46:48,186] {scheduler_job.py:182} INFO - Started process (PID=66) to work on /home/airflow/.local/lib/python3.6/site-packages/airflow/example_dags/example_branch_python_dop_operator_3.py
[2023-02-23 16:46:48,187] {scheduler_job.py:633} INFO - Processing file /home/airflow/.local/lib/python3.6/site-packages/airflow/example_dags/example_branch_python_dop_operator_3.py for tasks to queue
[2023-02-23 16:46:48,187] {logging_mixin.py:104} INFO - [2023-02-23 16:46:48,187] {dagbag.py:496} INFO - Filling up the DagBag from /home/airflow/.local/lib/python3.6/site-packages/airflow/example_dags/example_branch_python_dop_operator_3.py
[2023-02-23 16:46:48,199] {scheduler_job.py:643} INFO - DAG(s) dict_keys(['example_branch_dop_operator_v3']) retrieved from /home/airflow/.local/lib/python3.6/site-packages/airflow/example_dags/example_branch_python_dop_operator_3.py
[2023-02-23 16:46:48,217] {logging_mixin.py:104} INFO - [2023-02-23 16:46:48,217] {dag.py:1833} INFO - Sync 1 DAGs
[2023-02-23 16:46:48,240] {logging_mixin.py:104} INFO - [2023-02-23 16:46:48,240] {dag.py:2306} INFO - Setting next_dagrun for example_branch_dop_operator_v3 to 2023-02-21 00:00:00+00:00
[2023-02-23 16:46:48,250] {scheduler_job.py:190} INFO - Processing /home/airflow/.local/lib/python3.6/site-packages/airflow/example_dags/example_branch_python_dop_operator_3.py took 0.067 seconds
[2023-02-23 16:47:18,321] {scheduler_job.py:182} INFO - Started process (PID=118) to work on /home/airflow/.local/lib/python3.6/site-packages/airflow/example_dags/example_branch_python_dop_operator_3.py
[2023-02-23 16:47:18,322] {scheduler_job.py:633} INFO - Processing file /home/airflow/.local/lib/python3.6/site-packages/airflow/example_dags/example_branch_python_dop_operator_3.py for tasks to queue
[2023-02-23 16:47:18,322] {logging_mixin.py:104} INFO - [2023-02-23 16:47:18,322] {dagbag.py:496} INFO - Filling up the DagBag from /home/airflow/.local/lib/python3.6/site-packages/airflow/example_dags/example_branch_python_dop_operator_3.py
[2023-02-23 16:47:18,332] {scheduler_job.py:643} INFO - DAG(s) dict_keys(['example_branch_dop_operator_v3']) retrieved from /home/airflow/.local/lib/python3.6/site-packages/airflow/example_dags/example_branch_python_dop_operator_3.py
[2023-02-23 16:47:18,349] {logging_mixin.py:104} INFO - [2023-02-23 16:47:18,349] {dag.py:1833} INFO - Sync 1 DAGs
[2023-02-23 16:47:18,370] {logging_mixin.py:104} INFO - [2023-02-23 16:47:18,370] {dag.py:2306} INFO - Setting next_dagrun for example_branch_dop_operator_v3 to 2023-02-21 00:00:00+00:00
[2023-02-23 16:47:18,377] {scheduler_job.py:190} INFO - Processing /home/airflow/.local/lib/python3.6/site-packages/airflow/example_dags/example_branch_python_dop_operator_3.py took 0.058 seconds
[2023-02-23 16:47:48,921] {scheduler_job.py:182} INFO - Started process (PID=180) to work on /home/airflow/.local/lib/python3.6/site-packages/airflow/example_dags/example_branch_python_dop_operator_3.py
[2023-02-23 16:47:48,921] {scheduler_job.py:633} INFO - Processing file /home/airflow/.local/lib/python3.6/site-packages/airflow/example_dags/example_branch_python_dop_operator_3.py for tasks to queue
[2023-02-23 16:47:48,922] {logging_mixin.py:104} INFO - [2023-02-23 16:47:48,922] {dagbag.py:496} INFO - Filling up the DagBag from /home/airflow/.local/lib/python3.6/site-packages/airflow/example_dags/example_branch_python_dop_operator_3.py
[2023-02-23 16:47:48,933] {scheduler_job.py:643} INFO - DAG(s) dict_keys(['example_branch_dop_operator_v3']) retrieved from /home/airflow/.local/lib/python3.6/site-packages/airflow/example_dags/example_branch_python_dop_operator_3.py
[2023-02-23 16:47:48,952] {logging_mixin.py:104} INFO - [2023-02-23 16:47:48,951] {dag.py:1833} INFO - Sync 1 DAGs
[2023-02-23 16:47:48,973] {logging_mixin.py:104} INFO - [2023-02-23 16:47:48,973] {dag.py:2306} INFO - Setting next_dagrun for example_branch_dop_operator_v3 to 2023-02-21 00:00:00+00:00
[2023-02-23 16:47:48,982] {scheduler_job.py:190} INFO - Processing /home/airflow/.local/lib/python3.6/site-packages/airflow/example_dags/example_branch_python_dop_operator_3.py took 0.064 seconds
[2023-02-23 16:48:19,924] {scheduler_job.py:182} INFO - Started process (PID=232) to work on /home/airflow/.local/lib/python3.6/site-packages/airflow/example_dags/example_branch_python_dop_operator_3.py
[2023-02-23 16:48:19,925] {scheduler_job.py:633} INFO - Processing file /home/airflow/.local/lib/python3.6/site-packages/airflow/example_dags/example_branch_python_dop_operator_3.py for tasks to queue
[2023-02-23 16:48:19,926] {logging_mixin.py:104} INFO - [2023-02-23 16:48:19,926] {dagbag.py:496} INFO - Filling up the DagBag from /home/airflow/.local/lib/python3.6/site-packages/airflow/example_dags/example_branch_python_dop_operator_3.py
[2023-02-23 16:48:19,937] {scheduler_job.py:643} INFO - DAG(s) dict_keys(['example_branch_dop_operator_v3']) retrieved from /home/airflow/.local/lib/python3.6/site-packages/airflow/example_dags/example_branch_python_dop_operator_3.py
[2023-02-23 16:48:19,955] {logging_mixin.py:104} INFO - [2023-02-23 16:48:19,955] {dag.py:1833} INFO - Sync 1 DAGs
[2023-02-23 16:48:19,976] {logging_mixin.py:104} INFO - [2023-02-23 16:48:19,976] {dag.py:2306} INFO - Setting next_dagrun for example_branch_dop_operator_v3 to 2023-02-21 00:00:00+00:00
[2023-02-23 16:48:19,985] {scheduler_job.py:190} INFO - Processing /home/airflow/.local/lib/python3.6/site-packages/airflow/example_dags/example_branch_python_dop_operator_3.py took 0.063 seconds
[2023-02-23 16:48:50,701] {scheduler_job.py:182} INFO - Started process (PID=294) to work on /home/airflow/.local/lib/python3.6/site-packages/airflow/example_dags/example_branch_python_dop_operator_3.py
[2023-02-23 16:48:50,702] {scheduler_job.py:633} INFO - Processing file /home/airflow/.local/lib/python3.6/site-packages/airflow/example_dags/example_branch_python_dop_operator_3.py for tasks to queue
[2023-02-23 16:48:50,702] {logging_mixin.py:104} INFO - [2023-02-23 16:48:50,702] {dagbag.py:496} INFO - Filling up the DagBag from /home/airflow/.local/lib/python3.6/site-packages/airflow/example_dags/example_branch_python_dop_operator_3.py
[2023-02-23 16:48:50,713] {scheduler_job.py:643} INFO - DAG(s) dict_keys(['example_branch_dop_operator_v3']) retrieved from /home/airflow/.local/lib/python3.6/site-packages/airflow/example_dags/example_branch_python_dop_operator_3.py
[2023-02-23 16:48:50,730] {logging_mixin.py:104} INFO - [2023-02-23 16:48:50,730] {dag.py:1833} INFO - Sync 1 DAGs
[2023-02-23 16:48:50,749] {logging_mixin.py:104} INFO - [2023-02-23 16:48:50,749] {dag.py:2306} INFO - Setting next_dagrun for example_branch_dop_operator_v3 to 2023-02-21 00:00:00+00:00
[2023-02-23 16:48:50,757] {scheduler_job.py:190} INFO - Processing /home/airflow/.local/lib/python3.6/site-packages/airflow/example_dags/example_branch_python_dop_operator_3.py took 0.059 seconds
[2023-02-23 16:49:21,372] {scheduler_job.py:182} INFO - Started process (PID=346) to work on /home/airflow/.local/lib/python3.6/site-packages/airflow/example_dags/example_branch_python_dop_operator_3.py
[2023-02-23 16:49:21,373] {scheduler_job.py:633} INFO - Processing file /home/airflow/.local/lib/python3.6/site-packages/airflow/example_dags/example_branch_python_dop_operator_3.py for tasks to queue
[2023-02-23 16:49:21,374] {logging_mixin.py:104} INFO - [2023-02-23 16:49:21,374] {dagbag.py:496} INFO - Filling up the DagBag from /home/airflow/.local/lib/python3.6/site-packages/airflow/example_dags/example_branch_python_dop_operator_3.py
[2023-02-23 16:49:21,385] {scheduler_job.py:643} INFO - DAG(s) dict_keys(['example_branch_dop_operator_v3']) retrieved from /home/airflow/.local/lib/python3.6/site-packages/airflow/example_dags/example_branch_python_dop_operator_3.py
[2023-02-23 16:49:21,401] {logging_mixin.py:104} INFO - [2023-02-23 16:49:21,401] {dag.py:1833} INFO - Sync 1 DAGs
[2023-02-23 16:49:21,422] {logging_mixin.py:104} INFO - [2023-02-23 16:49:21,422] {dag.py:2306} INFO - Setting next_dagrun for example_branch_dop_operator_v3 to 2023-02-21 00:00:00+00:00
[2023-02-23 16:49:21,430] {scheduler_job.py:190} INFO - Processing /home/airflow/.local/lib/python3.6/site-packages/airflow/example_dags/example_branch_python_dop_operator_3.py took 0.075 seconds
[2023-02-23 16:49:52,190] {scheduler_job.py:182} INFO - Started process (PID=398) to work on /home/airflow/.local/lib/python3.6/site-packages/airflow/example_dags/example_branch_python_dop_operator_3.py
[2023-02-23 16:49:52,191] {scheduler_job.py:633} INFO - Processing file /home/airflow/.local/lib/python3.6/site-packages/airflow/example_dags/example_branch_python_dop_operator_3.py for tasks to queue
[2023-02-23 16:49:52,191] {logging_mixin.py:104} INFO - [2023-02-23 16:49:52,191] {dagbag.py:496} INFO - Filling up the DagBag from /home/airflow/.local/lib/python3.6/site-packages/airflow/example_dags/example_branch_python_dop_operator_3.py
[2023-02-23 16:49:52,204] {scheduler_job.py:643} INFO - DAG(s) dict_keys(['example_branch_dop_operator_v3']) retrieved from /home/airflow/.local/lib/python3.6/site-packages/airflow/example_dags/example_branch_python_dop_operator_3.py
[2023-02-23 16:49:52,226] {logging_mixin.py:104} INFO - [2023-02-23 16:49:52,226] {dag.py:1833} INFO - Sync 1 DAGs
[2023-02-23 16:49:52,249] {logging_mixin.py:104} INFO - [2023-02-23 16:49:52,249] {dag.py:2306} INFO - Setting next_dagrun for example_branch_dop_operator_v3 to 2023-02-21 00:00:00+00:00
[2023-02-23 16:49:52,257] {scheduler_job.py:190} INFO - Processing /home/airflow/.local/lib/python3.6/site-packages/airflow/example_dags/example_branch_python_dop_operator_3.py took 0.070 seconds
[2023-02-23 16:50:23,191] {scheduler_job.py:182} INFO - Started process (PID=460) to work on /home/airflow/.local/lib/python3.6/site-packages/airflow/example_dags/example_branch_python_dop_operator_3.py
[2023-02-23 16:50:23,192] {scheduler_job.py:633} INFO - Processing file /home/airflow/.local/lib/python3.6/site-packages/airflow/example_dags/example_branch_python_dop_operator_3.py for tasks to queue
[2023-02-23 16:50:23,192] {logging_mixin.py:104} INFO - [2023-02-23 16:50:23,192] {dagbag.py:496} INFO - Filling up the DagBag from /home/airflow/.local/lib/python3.6/site-packages/airflow/example_dags/example_branch_python_dop_operator_3.py
[2023-02-23 16:50:23,206] {scheduler_job.py:643} INFO - DAG(s) dict_keys(['example_branch_dop_operator_v3']) retrieved from /home/airflow/.local/lib/python3.6/site-packages/airflow/example_dags/example_branch_python_dop_operator_3.py
[2023-02-23 16:50:23,288] {logging_mixin.py:104} INFO - [2023-02-23 16:50:23,288] {dag.py:1833} INFO - Sync 1 DAGs
[2023-02-23 16:50:23,373] {logging_mixin.py:104} INFO - [2023-02-23 16:50:23,373] {dag.py:2306} INFO - Setting next_dagrun for example_branch_dop_operator_v3 to 2023-02-21 00:00:00+00:00
[2023-02-23 16:50:23,384] {scheduler_job.py:190} INFO - Processing /home/airflow/.local/lib/python3.6/site-packages/airflow/example_dags/example_branch_python_dop_operator_3.py took 0.196 seconds
[2023-02-23 16:50:53,791] {scheduler_job.py:182} INFO - Started process (PID=512) to work on /home/airflow/.local/lib/python3.6/site-packages/airflow/example_dags/example_branch_python_dop_operator_3.py
[2023-02-23 16:50:53,792] {scheduler_job.py:633} INFO - Processing file /home/airflow/.local/lib/python3.6/site-packages/airflow/example_dags/example_branch_python_dop_operator_3.py for tasks to queue
[2023-02-23 16:50:53,792] {logging_mixin.py:104} INFO - [2023-02-23 16:50:53,792] {dagbag.py:496} INFO - Filling up the DagBag from /home/airflow/.local/lib/python3.6/site-packages/airflow/example_dags/example_branch_python_dop_operator_3.py
[2023-02-23 16:50:53,807] {scheduler_job.py:643} INFO - DAG(s) dict_keys(['example_branch_dop_operator_v3']) retrieved from /home/airflow/.local/lib/python3.6/site-packages/airflow/example_dags/example_branch_python_dop_operator_3.py
[2023-02-23 16:50:53,827] {logging_mixin.py:104} INFO - [2023-02-23 16:50:53,827] {dag.py:1833} INFO - Sync 1 DAGs
[2023-02-23 16:50:53,848] {logging_mixin.py:104} INFO - [2023-02-23 16:50:53,848] {dag.py:2306} INFO - Setting next_dagrun for example_branch_dop_operator_v3 to 2023-02-21 00:00:00+00:00
[2023-02-23 16:50:53,856] {scheduler_job.py:190} INFO - Processing /home/airflow/.local/lib/python3.6/site-packages/airflow/example_dags/example_branch_python_dop_operator_3.py took 0.069 seconds
[2023-02-23 16:51:23,955] {scheduler_job.py:182} INFO - Started process (PID=573) to work on /home/airflow/.local/lib/python3.6/site-packages/airflow/example_dags/example_branch_python_dop_operator_3.py
[2023-02-23 16:51:23,956] {scheduler_job.py:633} INFO - Processing file /home/airflow/.local/lib/python3.6/site-packages/airflow/example_dags/example_branch_python_dop_operator_3.py for tasks to queue
[2023-02-23 16:51:23,956] {logging_mixin.py:104} INFO - [2023-02-23 16:51:23,956] {dagbag.py:496} INFO - Filling up the DagBag from /home/airflow/.local/lib/python3.6/site-packages/airflow/example_dags/example_branch_python_dop_operator_3.py
[2023-02-23 16:51:23,967] {scheduler_job.py:643} INFO - DAG(s) dict_keys(['example_branch_dop_operator_v3']) retrieved from /home/airflow/.local/lib/python3.6/site-packages/airflow/example_dags/example_branch_python_dop_operator_3.py
[2023-02-23 16:51:23,986] {logging_mixin.py:104} INFO - [2023-02-23 16:51:23,986] {dag.py:1833} INFO - Sync 1 DAGs
[2023-02-23 16:51:24,008] {logging_mixin.py:104} INFO - [2023-02-23 16:51:24,008] {dag.py:2306} INFO - Setting next_dagrun for example_branch_dop_operator_v3 to 2023-02-21 00:00:00+00:00
[2023-02-23 16:51:24,016] {scheduler_job.py:190} INFO - Processing /home/airflow/.local/lib/python3.6/site-packages/airflow/example_dags/example_branch_python_dop_operator_3.py took 0.064 seconds
[2023-02-23 16:51:54,664] {scheduler_job.py:182} INFO - Started process (PID=626) to work on /home/airflow/.local/lib/python3.6/site-packages/airflow/example_dags/example_branch_python_dop_operator_3.py
[2023-02-23 16:51:54,665] {scheduler_job.py:633} INFO - Processing file /home/airflow/.local/lib/python3.6/site-packages/airflow/example_dags/example_branch_python_dop_operator_3.py for tasks to queue
[2023-02-23 16:51:54,666] {logging_mixin.py:104} INFO - [2023-02-23 16:51:54,665] {dagbag.py:496} INFO - Filling up the DagBag from /home/airflow/.local/lib/python3.6/site-packages/airflow/example_dags/example_branch_python_dop_operator_3.py
[2023-02-23 16:51:54,677] {scheduler_job.py:643} INFO - DAG(s) dict_keys(['example_branch_dop_operator_v3']) retrieved from /home/airflow/.local/lib/python3.6/site-packages/airflow/example_dags/example_branch_python_dop_operator_3.py
[2023-02-23 16:51:54,695] {logging_mixin.py:104} INFO - [2023-02-23 16:51:54,695] {dag.py:1833} INFO - Sync 1 DAGs
[2023-02-23 16:51:54,716] {logging_mixin.py:104} INFO - [2023-02-23 16:51:54,716] {dag.py:2306} INFO - Setting next_dagrun for example_branch_dop_operator_v3 to 2023-02-21 00:00:00+00:00
[2023-02-23 16:51:54,724] {scheduler_job.py:190} INFO - Processing /home/airflow/.local/lib/python3.6/site-packages/airflow/example_dags/example_branch_python_dop_operator_3.py took 0.062 seconds
[2023-02-23 16:52:25,506] {scheduler_job.py:182} INFO - Started process (PID=688) to work on /home/airflow/.local/lib/python3.6/site-packages/airflow/example_dags/example_branch_python_dop_operator_3.py
[2023-02-23 16:52:25,507] {scheduler_job.py:633} INFO - Processing file /home/airflow/.local/lib/python3.6/site-packages/airflow/example_dags/example_branch_python_dop_operator_3.py for tasks to queue
[2023-02-23 16:52:25,508] {logging_mixin.py:104} INFO - [2023-02-23 16:52:25,508] {dagbag.py:496} INFO - Filling up the DagBag from /home/airflow/.local/lib/python3.6/site-packages/airflow/example_dags/example_branch_python_dop_operator_3.py
[2023-02-23 16:52:25,520] {scheduler_job.py:643} INFO - DAG(s) dict_keys(['example_branch_dop_operator_v3']) retrieved from /home/airflow/.local/lib/python3.6/site-packages/airflow/example_dags/example_branch_python_dop_operator_3.py
[2023-02-23 16:52:25,540] {logging_mixin.py:104} INFO - [2023-02-23 16:52:25,540] {dag.py:1833} INFO - Sync 1 DAGs
[2023-02-23 16:52:25,583] {logging_mixin.py:104} INFO - [2023-02-23 16:52:25,582] {dag.py:2306} INFO - Setting next_dagrun for example_branch_dop_operator_v3 to 2023-02-21 00:00:00+00:00
[2023-02-23 16:52:25,591] {scheduler_job.py:190} INFO - Processing /home/airflow/.local/lib/python3.6/site-packages/airflow/example_dags/example_branch_python_dop_operator_3.py took 0.087 seconds
[2023-02-23 16:52:56,228] {scheduler_job.py:182} INFO - Started process (PID=740) to work on /home/airflow/.local/lib/python3.6/site-packages/airflow/example_dags/example_branch_python_dop_operator_3.py
[2023-02-23 16:52:56,229] {scheduler_job.py:633} INFO - Processing file /home/airflow/.local/lib/python3.6/site-packages/airflow/example_dags/example_branch_python_dop_operator_3.py for tasks to queue
[2023-02-23 16:52:56,229] {logging_mixin.py:104} INFO - [2023-02-23 16:52:56,229] {dagbag.py:496} INFO - Filling up the DagBag from /home/airflow/.local/lib/python3.6/site-packages/airflow/example_dags/example_branch_python_dop_operator_3.py
[2023-02-23 16:52:56,271] {scheduler_job.py:643} INFO - DAG(s) dict_keys(['example_branch_dop_operator_v3']) retrieved from /home/airflow/.local/lib/python3.6/site-packages/airflow/example_dags/example_branch_python_dop_operator_3.py
[2023-02-23 16:52:56,293] {logging_mixin.py:104} INFO - [2023-02-23 16:52:56,293] {dag.py:1833} INFO - Sync 1 DAGs
[2023-02-23 16:52:56,321] {logging_mixin.py:104} INFO - [2023-02-23 16:52:56,321] {dag.py:2306} INFO - Setting next_dagrun for example_branch_dop_operator_v3 to 2023-02-21 00:00:00+00:00
[2023-02-23 16:52:56,331] {scheduler_job.py:190} INFO - Processing /home/airflow/.local/lib/python3.6/site-packages/airflow/example_dags/example_branch_python_dop_operator_3.py took 0.106 seconds
[2023-02-23 16:53:26,451] {scheduler_job.py:182} INFO - Started process (PID=793) to work on /home/airflow/.local/lib/python3.6/site-packages/airflow/example_dags/example_branch_python_dop_operator_3.py
[2023-02-23 16:53:26,452] {scheduler_job.py:633} INFO - Processing file /home/airflow/.local/lib/python3.6/site-packages/airflow/example_dags/example_branch_python_dop_operator_3.py for tasks to queue
[2023-02-23 16:53:26,452] {logging_mixin.py:104} INFO - [2023-02-23 16:53:26,452] {dagbag.py:496} INFO - Filling up the DagBag from /home/airflow/.local/lib/python3.6/site-packages/airflow/example_dags/example_branch_python_dop_operator_3.py
[2023-02-23 16:53:26,463] {scheduler_job.py:643} INFO - DAG(s) dict_keys(['example_branch_dop_operator_v3']) retrieved from /home/airflow/.local/lib/python3.6/site-packages/airflow/example_dags/example_branch_python_dop_operator_3.py
[2023-02-23 16:53:26,480] {logging_mixin.py:104} INFO - [2023-02-23 16:53:26,480] {dag.py:1833} INFO - Sync 1 DAGs
[2023-02-23 16:53:26,505] {logging_mixin.py:104} INFO - [2023-02-23 16:53:26,505] {dag.py:2306} INFO - Setting next_dagrun for example_branch_dop_operator_v3 to 2023-02-21 00:00:00+00:00
[2023-02-23 16:53:26,514] {scheduler_job.py:190} INFO - Processing /home/airflow/.local/lib/python3.6/site-packages/airflow/example_dags/example_branch_python_dop_operator_3.py took 0.065 seconds
[2023-02-23 16:53:57,807] {scheduler_job.py:182} INFO - Started process (PID=856) to work on /home/airflow/.local/lib/python3.6/site-packages/airflow/example_dags/example_branch_python_dop_operator_3.py
[2023-02-23 16:53:57,809] {scheduler_job.py:633} INFO - Processing file /home/airflow/.local/lib/python3.6/site-packages/airflow/example_dags/example_branch_python_dop_operator_3.py for tasks to queue
[2023-02-23 16:53:57,809] {logging_mixin.py:104} INFO - [2023-02-23 16:53:57,809] {dagbag.py:496} INFO - Filling up the DagBag from /home/airflow/.local/lib/python3.6/site-packages/airflow/example_dags/example_branch_python_dop_operator_3.py
[2023-02-23 16:53:57,883] {scheduler_job.py:643} INFO - DAG(s) dict_keys(['example_branch_dop_operator_v3']) retrieved from /home/airflow/.local/lib/python3.6/site-packages/airflow/example_dags/example_branch_python_dop_operator_3.py
[2023-02-23 16:53:57,904] {logging_mixin.py:104} INFO - [2023-02-23 16:53:57,904] {dag.py:1833} INFO - Sync 1 DAGs
[2023-02-23 16:53:57,973] {logging_mixin.py:104} INFO - [2023-02-23 16:53:57,973] {dag.py:2306} INFO - Setting next_dagrun for example_branch_dop_operator_v3 to 2023-02-21 00:00:00+00:00
[2023-02-23 16:53:57,984] {scheduler_job.py:190} INFO - Processing /home/airflow/.local/lib/python3.6/site-packages/airflow/example_dags/example_branch_python_dop_operator_3.py took 0.179 seconds
[2023-02-23 16:54:28,027] {scheduler_job.py:182} INFO - Started process (PID=908) to work on /home/airflow/.local/lib/python3.6/site-packages/airflow/example_dags/example_branch_python_dop_operator_3.py
[2023-02-23 16:54:28,027] {scheduler_job.py:633} INFO - Processing file /home/airflow/.local/lib/python3.6/site-packages/airflow/example_dags/example_branch_python_dop_operator_3.py for tasks to queue
[2023-02-23 16:54:28,028] {logging_mixin.py:104} INFO - [2023-02-23 16:54:28,028] {dagbag.py:496} INFO - Filling up the DagBag from /home/airflow/.local/lib/python3.6/site-packages/airflow/example_dags/example_branch_python_dop_operator_3.py
[2023-02-23 16:54:28,039] {scheduler_job.py:643} INFO - DAG(s) dict_keys(['example_branch_dop_operator_v3']) retrieved from /home/airflow/.local/lib/python3.6/site-packages/airflow/example_dags/example_branch_python_dop_operator_3.py
[2023-02-23 16:54:28,056] {logging_mixin.py:104} INFO - [2023-02-23 16:54:28,056] {dag.py:1833} INFO - Sync 1 DAGs
[2023-02-23 16:54:28,077] {logging_mixin.py:104} INFO - [2023-02-23 16:54:28,077] {dag.py:2306} INFO - Setting next_dagrun for example_branch_dop_operator_v3 to 2023-02-21 00:00:00+00:00
[2023-02-23 16:54:28,084] {scheduler_job.py:190} INFO - Processing /home/airflow/.local/lib/python3.6/site-packages/airflow/example_dags/example_branch_python_dop_operator_3.py took 0.060 seconds
[2023-02-23 16:54:58,819] {scheduler_job.py:182} INFO - Started process (PID=970) to work on /home/airflow/.local/lib/python3.6/site-packages/airflow/example_dags/example_branch_python_dop_operator_3.py
[2023-02-23 16:54:58,820] {scheduler_job.py:633} INFO - Processing file /home/airflow/.local/lib/python3.6/site-packages/airflow/example_dags/example_branch_python_dop_operator_3.py for tasks to queue
[2023-02-23 16:54:58,820] {logging_mixin.py:104} INFO - [2023-02-23 16:54:58,820] {dagbag.py:496} INFO - Filling up the DagBag from /home/airflow/.local/lib/python3.6/site-packages/airflow/example_dags/example_branch_python_dop_operator_3.py
[2023-02-23 16:54:58,831] {scheduler_job.py:643} INFO - DAG(s) dict_keys(['example_branch_dop_operator_v3']) retrieved from /home/airflow/.local/lib/python3.6/site-packages/airflow/example_dags/example_branch_python_dop_operator_3.py
[2023-02-23 16:54:58,849] {logging_mixin.py:104} INFO - [2023-02-23 16:54:58,849] {dag.py:1833} INFO - Sync 1 DAGs
[2023-02-23 16:54:58,872] {logging_mixin.py:104} INFO - [2023-02-23 16:54:58,872] {dag.py:2306} INFO - Setting next_dagrun for example_branch_dop_operator_v3 to 2023-02-21 00:00:00+00:00
[2023-02-23 16:54:58,880] {scheduler_job.py:190} INFO - Processing /home/airflow/.local/lib/python3.6/site-packages/airflow/example_dags/example_branch_python_dop_operator_3.py took 0.064 seconds
[2023-02-23 16:55:29,104] {scheduler_job.py:182} INFO - Started process (PID=1022) to work on /home/airflow/.local/lib/python3.6/site-packages/airflow/example_dags/example_branch_python_dop_operator_3.py
[2023-02-23 16:55:29,105] {scheduler_job.py:633} INFO - Processing file /home/airflow/.local/lib/python3.6/site-packages/airflow/example_dags/example_branch_python_dop_operator_3.py for tasks to queue
[2023-02-23 16:55:29,106] {logging_mixin.py:104} INFO - [2023-02-23 16:55:29,106] {dagbag.py:496} INFO - Filling up the DagBag from /home/airflow/.local/lib/python3.6/site-packages/airflow/example_dags/example_branch_python_dop_operator_3.py
[2023-02-23 16:55:29,119] {scheduler_job.py:643} INFO - DAG(s) dict_keys(['example_branch_dop_operator_v3']) retrieved from /home/airflow/.local/lib/python3.6/site-packages/airflow/example_dags/example_branch_python_dop_operator_3.py
[2023-02-23 16:55:29,137] {logging_mixin.py:104} INFO - [2023-02-23 16:55:29,136] {dag.py:1833} INFO - Sync 1 DAGs
[2023-02-23 16:55:29,160] {logging_mixin.py:104} INFO - [2023-02-23 16:55:29,160] {dag.py:2306} INFO - Setting next_dagrun for example_branch_dop_operator_v3 to 2023-02-21 00:00:00+00:00
[2023-02-23 16:55:29,168] {scheduler_job.py:190} INFO - Processing /home/airflow/.local/lib/python3.6/site-packages/airflow/example_dags/example_branch_python_dop_operator_3.py took 0.067 seconds
[2023-02-23 16:55:59,385] {scheduler_job.py:182} INFO - Started process (PID=1074) to work on /home/airflow/.local/lib/python3.6/site-packages/airflow/example_dags/example_branch_python_dop_operator_3.py
[2023-02-23 16:55:59,386] {scheduler_job.py:633} INFO - Processing file /home/airflow/.local/lib/python3.6/site-packages/airflow/example_dags/example_branch_python_dop_operator_3.py for tasks to queue
[2023-02-23 16:55:59,386] {logging_mixin.py:104} INFO - [2023-02-23 16:55:59,386] {dagbag.py:496} INFO - Filling up the DagBag from /home/airflow/.local/lib/python3.6/site-packages/airflow/example_dags/example_branch_python_dop_operator_3.py
[2023-02-23 16:55:59,397] {scheduler_job.py:643} INFO - DAG(s) dict_keys(['example_branch_dop_operator_v3']) retrieved from /home/airflow/.local/lib/python3.6/site-packages/airflow/example_dags/example_branch_python_dop_operator_3.py
[2023-02-23 16:55:59,415] {logging_mixin.py:104} INFO - [2023-02-23 16:55:59,414] {dag.py:1833} INFO - Sync 1 DAGs
[2023-02-23 16:55:59,437] {logging_mixin.py:104} INFO - [2023-02-23 16:55:59,436] {dag.py:2306} INFO - Setting next_dagrun for example_branch_dop_operator_v3 to 2023-02-21 00:00:00+00:00
[2023-02-23 16:55:59,446] {scheduler_job.py:190} INFO - Processing /home/airflow/.local/lib/python3.6/site-packages/airflow/example_dags/example_branch_python_dop_operator_3.py took 0.063 seconds
[2023-02-23 16:56:29,934] {scheduler_job.py:182} INFO - Started process (PID=1136) to work on /home/airflow/.local/lib/python3.6/site-packages/airflow/example_dags/example_branch_python_dop_operator_3.py
[2023-02-23 16:56:29,935] {scheduler_job.py:633} INFO - Processing file /home/airflow/.local/lib/python3.6/site-packages/airflow/example_dags/example_branch_python_dop_operator_3.py for tasks to queue
[2023-02-23 16:56:29,935] {logging_mixin.py:104} INFO - [2023-02-23 16:56:29,935] {dagbag.py:496} INFO - Filling up the DagBag from /home/airflow/.local/lib/python3.6/site-packages/airflow/example_dags/example_branch_python_dop_operator_3.py
[2023-02-23 16:56:29,945] {scheduler_job.py:643} INFO - DAG(s) dict_keys(['example_branch_dop_operator_v3']) retrieved from /home/airflow/.local/lib/python3.6/site-packages/airflow/example_dags/example_branch_python_dop_operator_3.py
[2023-02-23 16:56:29,961] {logging_mixin.py:104} INFO - [2023-02-23 16:56:29,961] {dag.py:1833} INFO - Sync 1 DAGs
[2023-02-23 16:56:29,980] {logging_mixin.py:104} INFO - [2023-02-23 16:56:29,980] {dag.py:2306} INFO - Setting next_dagrun for example_branch_dop_operator_v3 to 2023-02-21 00:00:00+00:00
[2023-02-23 16:56:29,987] {scheduler_job.py:190} INFO - Processing /home/airflow/.local/lib/python3.6/site-packages/airflow/example_dags/example_branch_python_dop_operator_3.py took 0.055 seconds
[2023-02-23 16:57:00,609] {scheduler_job.py:182} INFO - Started process (PID=1188) to work on /home/airflow/.local/lib/python3.6/site-packages/airflow/example_dags/example_branch_python_dop_operator_3.py
[2023-02-23 16:57:00,610] {scheduler_job.py:633} INFO - Processing file /home/airflow/.local/lib/python3.6/site-packages/airflow/example_dags/example_branch_python_dop_operator_3.py for tasks to queue
[2023-02-23 16:57:00,611] {logging_mixin.py:104} INFO - [2023-02-23 16:57:00,611] {dagbag.py:496} INFO - Filling up the DagBag from /home/airflow/.local/lib/python3.6/site-packages/airflow/example_dags/example_branch_python_dop_operator_3.py
[2023-02-23 16:57:00,676] {scheduler_job.py:643} INFO - DAG(s) dict_keys(['example_branch_dop_operator_v3']) retrieved from /home/airflow/.local/lib/python3.6/site-packages/airflow/example_dags/example_branch_python_dop_operator_3.py
[2023-02-23 16:57:00,696] {logging_mixin.py:104} INFO - [2023-02-23 16:57:00,696] {dag.py:1833} INFO - Sync 1 DAGs
[2023-02-23 16:57:00,719] {logging_mixin.py:104} INFO - [2023-02-23 16:57:00,719] {dag.py:2306} INFO - Setting next_dagrun for example_branch_dop_operator_v3 to 2023-02-21 00:00:00+00:00
[2023-02-23 16:57:00,729] {scheduler_job.py:190} INFO - Processing /home/airflow/.local/lib/python3.6/site-packages/airflow/example_dags/example_branch_python_dop_operator_3.py took 0.122 seconds
[2023-02-23 16:57:30,910] {scheduler_job.py:182} INFO - Started process (PID=1249) to work on /home/airflow/.local/lib/python3.6/site-packages/airflow/example_dags/example_branch_python_dop_operator_3.py
[2023-02-23 16:57:30,911] {scheduler_job.py:633} INFO - Processing file /home/airflow/.local/lib/python3.6/site-packages/airflow/example_dags/example_branch_python_dop_operator_3.py for tasks to queue
[2023-02-23 16:57:30,911] {logging_mixin.py:104} INFO - [2023-02-23 16:57:30,911] {dagbag.py:496} INFO - Filling up the DagBag from /home/airflow/.local/lib/python3.6/site-packages/airflow/example_dags/example_branch_python_dop_operator_3.py
[2023-02-23 16:57:30,923] {scheduler_job.py:643} INFO - DAG(s) dict_keys(['example_branch_dop_operator_v3']) retrieved from /home/airflow/.local/lib/python3.6/site-packages/airflow/example_dags/example_branch_python_dop_operator_3.py
[2023-02-23 16:57:30,942] {logging_mixin.py:104} INFO - [2023-02-23 16:57:30,941] {dag.py:1833} INFO - Sync 1 DAGs
[2023-02-23 16:57:30,962] {logging_mixin.py:104} INFO - [2023-02-23 16:57:30,962] {dag.py:2306} INFO - Setting next_dagrun for example_branch_dop_operator_v3 to 2023-02-21 00:00:00+00:00
[2023-02-23 16:57:30,969] {scheduler_job.py:190} INFO - Processing /home/airflow/.local/lib/python3.6/site-packages/airflow/example_dags/example_branch_python_dop_operator_3.py took 0.062 seconds
[2023-02-23 16:58:01,143] {scheduler_job.py:182} INFO - Started process (PID=1301) to work on /home/airflow/.local/lib/python3.6/site-packages/airflow/example_dags/example_branch_python_dop_operator_3.py
[2023-02-23 16:58:01,144] {scheduler_job.py:633} INFO - Processing file /home/airflow/.local/lib/python3.6/site-packages/airflow/example_dags/example_branch_python_dop_operator_3.py for tasks to queue
[2023-02-23 16:58:01,144] {logging_mixin.py:104} INFO - [2023-02-23 16:58:01,144] {dagbag.py:496} INFO - Filling up the DagBag from /home/airflow/.local/lib/python3.6/site-packages/airflow/example_dags/example_branch_python_dop_operator_3.py
[2023-02-23 16:58:01,156] {scheduler_job.py:643} INFO - DAG(s) dict_keys(['example_branch_dop_operator_v3']) retrieved from /home/airflow/.local/lib/python3.6/site-packages/airflow/example_dags/example_branch_python_dop_operator_3.py
[2023-02-23 16:58:01,174] {logging_mixin.py:104} INFO - [2023-02-23 16:58:01,174] {dag.py:1833} INFO - Sync 1 DAGs
[2023-02-23 16:58:01,194] {logging_mixin.py:104} INFO - [2023-02-23 16:58:01,194] {dag.py:2306} INFO - Setting next_dagrun for example_branch_dop_operator_v3 to 2023-02-21 00:00:00+00:00
[2023-02-23 16:58:01,202] {scheduler_job.py:190} INFO - Processing /home/airflow/.local/lib/python3.6/site-packages/airflow/example_dags/example_branch_python_dop_operator_3.py took 0.062 seconds
[2023-02-23 16:58:31,449] {scheduler_job.py:182} INFO - Started process (PID=1363) to work on /home/airflow/.local/lib/python3.6/site-packages/airflow/example_dags/example_branch_python_dop_operator_3.py
[2023-02-23 16:58:31,450] {scheduler_job.py:633} INFO - Processing file /home/airflow/.local/lib/python3.6/site-packages/airflow/example_dags/example_branch_python_dop_operator_3.py for tasks to queue
[2023-02-23 16:58:31,450] {logging_mixin.py:104} INFO - [2023-02-23 16:58:31,450] {dagbag.py:496} INFO - Filling up the DagBag from /home/airflow/.local/lib/python3.6/site-packages/airflow/example_dags/example_branch_python_dop_operator_3.py
[2023-02-23 16:58:31,463] {scheduler_job.py:643} INFO - DAG(s) dict_keys(['example_branch_dop_operator_v3']) retrieved from /home/airflow/.local/lib/python3.6/site-packages/airflow/example_dags/example_branch_python_dop_operator_3.py
[2023-02-23 16:58:31,484] {logging_mixin.py:104} INFO - [2023-02-23 16:58:31,484] {dag.py:1833} INFO - Sync 1 DAGs
[2023-02-23 16:58:31,505] {logging_mixin.py:104} INFO - [2023-02-23 16:58:31,505] {dag.py:2306} INFO - Setting next_dagrun for example_branch_dop_operator_v3 to 2023-02-21 00:00:00+00:00
[2023-02-23 16:58:31,513] {scheduler_job.py:190} INFO - Processing /home/airflow/.local/lib/python3.6/site-packages/airflow/example_dags/example_branch_python_dop_operator_3.py took 0.067 seconds
[2023-02-23 16:59:02,191] {scheduler_job.py:182} INFO - Started process (PID=1415) to work on /home/airflow/.local/lib/python3.6/site-packages/airflow/example_dags/example_branch_python_dop_operator_3.py
[2023-02-23 16:59:02,193] {scheduler_job.py:633} INFO - Processing file /home/airflow/.local/lib/python3.6/site-packages/airflow/example_dags/example_branch_python_dop_operator_3.py for tasks to queue
[2023-02-23 16:59:02,193] {logging_mixin.py:104} INFO - [2023-02-23 16:59:02,193] {dagbag.py:496} INFO - Filling up the DagBag from /home/airflow/.local/lib/python3.6/site-packages/airflow/example_dags/example_branch_python_dop_operator_3.py
[2023-02-23 16:59:02,204] {scheduler_job.py:643} INFO - DAG(s) dict_keys(['example_branch_dop_operator_v3']) retrieved from /home/airflow/.local/lib/python3.6/site-packages/airflow/example_dags/example_branch_python_dop_operator_3.py
[2023-02-23 16:59:02,222] {logging_mixin.py:104} INFO - [2023-02-23 16:59:02,221] {dag.py:1833} INFO - Sync 1 DAGs
[2023-02-23 16:59:02,282] {logging_mixin.py:104} INFO - [2023-02-23 16:59:02,282] {dag.py:2306} INFO - Setting next_dagrun for example_branch_dop_operator_v3 to 2023-02-21 00:00:00+00:00
[2023-02-23 16:59:02,290] {scheduler_job.py:190} INFO - Processing /home/airflow/.local/lib/python3.6/site-packages/airflow/example_dags/example_branch_python_dop_operator_3.py took 0.101 seconds
[2023-02-23 16:59:32,741] {scheduler_job.py:182} INFO - Started process (PID=1478) to work on /home/airflow/.local/lib/python3.6/site-packages/airflow/example_dags/example_branch_python_dop_operator_3.py
[2023-02-23 16:59:32,742] {scheduler_job.py:633} INFO - Processing file /home/airflow/.local/lib/python3.6/site-packages/airflow/example_dags/example_branch_python_dop_operator_3.py for tasks to queue
[2023-02-23 16:59:32,742] {logging_mixin.py:104} INFO - [2023-02-23 16:59:32,742] {dagbag.py:496} INFO - Filling up the DagBag from /home/airflow/.local/lib/python3.6/site-packages/airflow/example_dags/example_branch_python_dop_operator_3.py
[2023-02-23 16:59:32,752] {scheduler_job.py:643} INFO - DAG(s) dict_keys(['example_branch_dop_operator_v3']) retrieved from /home/airflow/.local/lib/python3.6/site-packages/airflow/example_dags/example_branch_python_dop_operator_3.py
[2023-02-23 16:59:32,772] {logging_mixin.py:104} INFO - [2023-02-23 16:59:32,772] {dag.py:1833} INFO - Sync 1 DAGs
[2023-02-23 16:59:32,792] {logging_mixin.py:104} INFO - [2023-02-23 16:59:32,792] {dag.py:2306} INFO - Setting next_dagrun for example_branch_dop_operator_v3 to 2023-02-21 00:00:00+00:00
[2023-02-23 16:59:32,802] {scheduler_job.py:190} INFO - Processing /home/airflow/.local/lib/python3.6/site-packages/airflow/example_dags/example_branch_python_dop_operator_3.py took 0.063 seconds
[2023-02-23 17:00:03,638] {scheduler_job.py:182} INFO - Started process (PID=1531) to work on /home/airflow/.local/lib/python3.6/site-packages/airflow/example_dags/example_branch_python_dop_operator_3.py
[2023-02-23 17:00:03,639] {scheduler_job.py:633} INFO - Processing file /home/airflow/.local/lib/python3.6/site-packages/airflow/example_dags/example_branch_python_dop_operator_3.py for tasks to queue
[2023-02-23 17:00:03,639] {logging_mixin.py:104} INFO - [2023-02-23 17:00:03,639] {dagbag.py:496} INFO - Filling up the DagBag from /home/airflow/.local/lib/python3.6/site-packages/airflow/example_dags/example_branch_python_dop_operator_3.py
[2023-02-23 17:00:03,684] {scheduler_job.py:643} INFO - DAG(s) dict_keys(['example_branch_dop_operator_v3']) retrieved from /home/airflow/.local/lib/python3.6/site-packages/airflow/example_dags/example_branch_python_dop_operator_3.py
[2023-02-23 17:00:03,709] {logging_mixin.py:104} INFO - [2023-02-23 17:00:03,709] {dag.py:1833} INFO - Sync 1 DAGs
[2023-02-23 17:00:03,731] {logging_mixin.py:104} INFO - [2023-02-23 17:00:03,731] {dag.py:2306} INFO - Setting next_dagrun for example_branch_dop_operator_v3 to 2023-02-21 00:00:00+00:00
[2023-02-23 17:00:03,740] {scheduler_job.py:190} INFO - Processing /home/airflow/.local/lib/python3.6/site-packages/airflow/example_dags/example_branch_python_dop_operator_3.py took 0.105 seconds
[2023-02-23 17:00:34,688] {scheduler_job.py:182} INFO - Started process (PID=1593) to work on /home/airflow/.local/lib/python3.6/site-packages/airflow/example_dags/example_branch_python_dop_operator_3.py
[2023-02-23 17:00:34,689] {scheduler_job.py:633} INFO - Processing file /home/airflow/.local/lib/python3.6/site-packages/airflow/example_dags/example_branch_python_dop_operator_3.py for tasks to queue
[2023-02-23 17:00:34,690] {logging_mixin.py:104} INFO - [2023-02-23 17:00:34,689] {dagbag.py:496} INFO - Filling up the DagBag from /home/airflow/.local/lib/python3.6/site-packages/airflow/example_dags/example_branch_python_dop_operator_3.py
[2023-02-23 17:00:34,702] {scheduler_job.py:643} INFO - DAG(s) dict_keys(['example_branch_dop_operator_v3']) retrieved from /home/airflow/.local/lib/python3.6/site-packages/airflow/example_dags/example_branch_python_dop_operator_3.py
[2023-02-23 17:00:34,721] {logging_mixin.py:104} INFO - [2023-02-23 17:00:34,721] {dag.py:1833} INFO - Sync 1 DAGs
[2023-02-23 17:00:34,743] {logging_mixin.py:104} INFO - [2023-02-23 17:00:34,743] {dag.py:2306} INFO - Setting next_dagrun for example_branch_dop_operator_v3 to 2023-02-21 00:00:00+00:00
[2023-02-23 17:00:34,751] {scheduler_job.py:190} INFO - Processing /home/airflow/.local/lib/python3.6/site-packages/airflow/example_dags/example_branch_python_dop_operator_3.py took 0.065 seconds
[2023-02-23 17:01:05,282] {scheduler_job.py:182} INFO - Started process (PID=1645) to work on /home/airflow/.local/lib/python3.6/site-packages/airflow/example_dags/example_branch_python_dop_operator_3.py
[2023-02-23 17:01:05,283] {scheduler_job.py:633} INFO - Processing file /home/airflow/.local/lib/python3.6/site-packages/airflow/example_dags/example_branch_python_dop_operator_3.py for tasks to queue
[2023-02-23 17:01:05,284] {logging_mixin.py:104} INFO - [2023-02-23 17:01:05,284] {dagbag.py:496} INFO - Filling up the DagBag from /home/airflow/.local/lib/python3.6/site-packages/airflow/example_dags/example_branch_python_dop_operator_3.py
[2023-02-23 17:01:05,299] {scheduler_job.py:643} INFO - DAG(s) dict_keys(['example_branch_dop_operator_v3']) retrieved from /home/airflow/.local/lib/python3.6/site-packages/airflow/example_dags/example_branch_python_dop_operator_3.py
[2023-02-23 17:01:05,324] {logging_mixin.py:104} INFO - [2023-02-23 17:01:05,324] {dag.py:1833} INFO - Sync 1 DAGs
[2023-02-23 17:01:05,354] {logging_mixin.py:104} INFO - [2023-02-23 17:01:05,353] {dag.py:2306} INFO - Setting next_dagrun for example_branch_dop_operator_v3 to 2023-02-21 00:00:00+00:00
[2023-02-23 17:01:05,365] {scheduler_job.py:190} INFO - Processing /home/airflow/.local/lib/python3.6/site-packages/airflow/example_dags/example_branch_python_dop_operator_3.py took 0.086 seconds
[2023-02-23 17:01:35,890] {scheduler_job.py:182} INFO - Started process (PID=1708) to work on /home/airflow/.local/lib/python3.6/site-packages/airflow/example_dags/example_branch_python_dop_operator_3.py
[2023-02-23 17:01:35,892] {scheduler_job.py:633} INFO - Processing file /home/airflow/.local/lib/python3.6/site-packages/airflow/example_dags/example_branch_python_dop_operator_3.py for tasks to queue
[2023-02-23 17:01:35,892] {logging_mixin.py:104} INFO - [2023-02-23 17:01:35,892] {dagbag.py:496} INFO - Filling up the DagBag from /home/airflow/.local/lib/python3.6/site-packages/airflow/example_dags/example_branch_python_dop_operator_3.py
[2023-02-23 17:01:35,907] {scheduler_job.py:643} INFO - DAG(s) dict_keys(['example_branch_dop_operator_v3']) retrieved from /home/airflow/.local/lib/python3.6/site-packages/airflow/example_dags/example_branch_python_dop_operator_3.py
[2023-02-23 17:01:35,925] {logging_mixin.py:104} INFO - [2023-02-23 17:01:35,924] {dag.py:1833} INFO - Sync 1 DAGs
[2023-02-23 17:01:35,947] {logging_mixin.py:104} INFO - [2023-02-23 17:01:35,947] {dag.py:2306} INFO - Setting next_dagrun for example_branch_dop_operator_v3 to 2023-02-21 00:00:00+00:00
[2023-02-23 17:01:35,955] {scheduler_job.py:190} INFO - Processing /home/airflow/.local/lib/python3.6/site-packages/airflow/example_dags/example_branch_python_dop_operator_3.py took 0.068 seconds
[2023-02-23 17:02:06,032] {scheduler_job.py:182} INFO - Started process (PID=1760) to work on /home/airflow/.local/lib/python3.6/site-packages/airflow/example_dags/example_branch_python_dop_operator_3.py
[2023-02-23 17:02:06,033] {scheduler_job.py:633} INFO - Processing file /home/airflow/.local/lib/python3.6/site-packages/airflow/example_dags/example_branch_python_dop_operator_3.py for tasks to queue
[2023-02-23 17:02:06,033] {logging_mixin.py:104} INFO - [2023-02-23 17:02:06,033] {dagbag.py:496} INFO - Filling up the DagBag from /home/airflow/.local/lib/python3.6/site-packages/airflow/example_dags/example_branch_python_dop_operator_3.py
[2023-02-23 17:02:06,045] {scheduler_job.py:643} INFO - DAG(s) dict_keys(['example_branch_dop_operator_v3']) retrieved from /home/airflow/.local/lib/python3.6/site-packages/airflow/example_dags/example_branch_python_dop_operator_3.py
[2023-02-23 17:02:06,062] {logging_mixin.py:104} INFO - [2023-02-23 17:02:06,061] {dag.py:1833} INFO - Sync 1 DAGs
[2023-02-23 17:02:06,082] {logging_mixin.py:104} INFO - [2023-02-23 17:02:06,081] {dag.py:2306} INFO - Setting next_dagrun for example_branch_dop_operator_v3 to 2023-02-21 00:00:00+00:00
[2023-02-23 17:02:06,089] {scheduler_job.py:190} INFO - Processing /home/airflow/.local/lib/python3.6/site-packages/airflow/example_dags/example_branch_python_dop_operator_3.py took 0.060 seconds
[2023-02-23 17:02:36,289] {scheduler_job.py:182} INFO - Started process (PID=1822) to work on /home/airflow/.local/lib/python3.6/site-packages/airflow/example_dags/example_branch_python_dop_operator_3.py
[2023-02-23 17:02:36,290] {scheduler_job.py:633} INFO - Processing file /home/airflow/.local/lib/python3.6/site-packages/airflow/example_dags/example_branch_python_dop_operator_3.py for tasks to queue
[2023-02-23 17:02:36,290] {logging_mixin.py:104} INFO - [2023-02-23 17:02:36,290] {dagbag.py:496} INFO - Filling up the DagBag from /home/airflow/.local/lib/python3.6/site-packages/airflow/example_dags/example_branch_python_dop_operator_3.py
[2023-02-23 17:02:36,302] {scheduler_job.py:643} INFO - DAG(s) dict_keys(['example_branch_dop_operator_v3']) retrieved from /home/airflow/.local/lib/python3.6/site-packages/airflow/example_dags/example_branch_python_dop_operator_3.py
[2023-02-23 17:02:36,321] {logging_mixin.py:104} INFO - [2023-02-23 17:02:36,321] {dag.py:1833} INFO - Sync 1 DAGs
[2023-02-23 17:02:36,344] {logging_mixin.py:104} INFO - [2023-02-23 17:02:36,344] {dag.py:2306} INFO - Setting next_dagrun for example_branch_dop_operator_v3 to 2023-02-21 00:00:00+00:00
[2023-02-23 17:02:36,352] {scheduler_job.py:190} INFO - Processing /home/airflow/.local/lib/python3.6/site-packages/airflow/example_dags/example_branch_python_dop_operator_3.py took 0.065 seconds
[2023-02-23 17:03:06,579] {scheduler_job.py:182} INFO - Started process (PID=1874) to work on /home/airflow/.local/lib/python3.6/site-packages/airflow/example_dags/example_branch_python_dop_operator_3.py
[2023-02-23 17:03:06,580] {scheduler_job.py:633} INFO - Processing file /home/airflow/.local/lib/python3.6/site-packages/airflow/example_dags/example_branch_python_dop_operator_3.py for tasks to queue
[2023-02-23 17:03:06,581] {logging_mixin.py:104} INFO - [2023-02-23 17:03:06,581] {dagbag.py:496} INFO - Filling up the DagBag from /home/airflow/.local/lib/python3.6/site-packages/airflow/example_dags/example_branch_python_dop_operator_3.py
[2023-02-23 17:03:06,595] {scheduler_job.py:643} INFO - DAG(s) dict_keys(['example_branch_dop_operator_v3']) retrieved from /home/airflow/.local/lib/python3.6/site-packages/airflow/example_dags/example_branch_python_dop_operator_3.py
[2023-02-23 17:03:06,617] {logging_mixin.py:104} INFO - [2023-02-23 17:03:06,617] {dag.py:1833} INFO - Sync 1 DAGs
[2023-02-23 17:03:06,644] {logging_mixin.py:104} INFO - [2023-02-23 17:03:06,644] {dag.py:2306} INFO - Setting next_dagrun for example_branch_dop_operator_v3 to 2023-02-21 00:00:00+00:00
[2023-02-23 17:03:06,654] {scheduler_job.py:190} INFO - Processing /home/airflow/.local/lib/python3.6/site-packages/airflow/example_dags/example_branch_python_dop_operator_3.py took 0.077 seconds
[2023-02-23 17:03:36,747] {scheduler_job.py:182} INFO - Started process (PID=1926) to work on /home/airflow/.local/lib/python3.6/site-packages/airflow/example_dags/example_branch_python_dop_operator_3.py
[2023-02-23 17:03:36,747] {scheduler_job.py:633} INFO - Processing file /home/airflow/.local/lib/python3.6/site-packages/airflow/example_dags/example_branch_python_dop_operator_3.py for tasks to queue
[2023-02-23 17:03:36,748] {logging_mixin.py:104} INFO - [2023-02-23 17:03:36,748] {dagbag.py:496} INFO - Filling up the DagBag from /home/airflow/.local/lib/python3.6/site-packages/airflow/example_dags/example_branch_python_dop_operator_3.py
[2023-02-23 17:03:36,761] {scheduler_job.py:643} INFO - DAG(s) dict_keys(['example_branch_dop_operator_v3']) retrieved from /home/airflow/.local/lib/python3.6/site-packages/airflow/example_dags/example_branch_python_dop_operator_3.py
[2023-02-23 17:03:36,780] {logging_mixin.py:104} INFO - [2023-02-23 17:03:36,779] {dag.py:1833} INFO - Sync 1 DAGs
[2023-02-23 17:03:36,803] {logging_mixin.py:104} INFO - [2023-02-23 17:03:36,803] {dag.py:2306} INFO - Setting next_dagrun for example_branch_dop_operator_v3 to 2023-02-21 00:00:00+00:00
[2023-02-23 17:03:36,814] {scheduler_job.py:190} INFO - Processing /home/airflow/.local/lib/python3.6/site-packages/airflow/example_dags/example_branch_python_dop_operator_3.py took 0.070 seconds
[2023-02-23 17:04:07,747] {scheduler_job.py:182} INFO - Started process (PID=1988) to work on /home/airflow/.local/lib/python3.6/site-packages/airflow/example_dags/example_branch_python_dop_operator_3.py
[2023-02-23 17:04:07,749] {scheduler_job.py:633} INFO - Processing file /home/airflow/.local/lib/python3.6/site-packages/airflow/example_dags/example_branch_python_dop_operator_3.py for tasks to queue
[2023-02-23 17:04:07,749] {logging_mixin.py:104} INFO - [2023-02-23 17:04:07,749] {dagbag.py:496} INFO - Filling up the DagBag from /home/airflow/.local/lib/python3.6/site-packages/airflow/example_dags/example_branch_python_dop_operator_3.py
[2023-02-23 17:04:07,759] {scheduler_job.py:643} INFO - DAG(s) dict_keys(['example_branch_dop_operator_v3']) retrieved from /home/airflow/.local/lib/python3.6/site-packages/airflow/example_dags/example_branch_python_dop_operator_3.py
[2023-02-23 17:04:07,776] {logging_mixin.py:104} INFO - [2023-02-23 17:04:07,776] {dag.py:1833} INFO - Sync 1 DAGs
[2023-02-23 17:04:07,796] {logging_mixin.py:104} INFO - [2023-02-23 17:04:07,796] {dag.py:2306} INFO - Setting next_dagrun for example_branch_dop_operator_v3 to 2023-02-21 00:00:00+00:00
[2023-02-23 17:04:07,804] {scheduler_job.py:190} INFO - Processing /home/airflow/.local/lib/python3.6/site-packages/airflow/example_dags/example_branch_python_dop_operator_3.py took 0.059 seconds
[2023-02-23 17:04:38,482] {scheduler_job.py:182} INFO - Started process (PID=2041) to work on /home/airflow/.local/lib/python3.6/site-packages/airflow/example_dags/example_branch_python_dop_operator_3.py
[2023-02-23 17:04:38,483] {scheduler_job.py:633} INFO - Processing file /home/airflow/.local/lib/python3.6/site-packages/airflow/example_dags/example_branch_python_dop_operator_3.py for tasks to queue
[2023-02-23 17:04:38,484] {logging_mixin.py:104} INFO - [2023-02-23 17:04:38,483] {dagbag.py:496} INFO - Filling up the DagBag from /home/airflow/.local/lib/python3.6/site-packages/airflow/example_dags/example_branch_python_dop_operator_3.py
[2023-02-23 17:04:38,495] {scheduler_job.py:643} INFO - DAG(s) dict_keys(['example_branch_dop_operator_v3']) retrieved from /home/airflow/.local/lib/python3.6/site-packages/airflow/example_dags/example_branch_python_dop_operator_3.py
[2023-02-23 17:04:38,514] {logging_mixin.py:104} INFO - [2023-02-23 17:04:38,514] {dag.py:1833} INFO - Sync 1 DAGs
[2023-02-23 17:04:38,533] {logging_mixin.py:104} INFO - [2023-02-23 17:04:38,533] {dag.py:2306} INFO - Setting next_dagrun for example_branch_dop_operator_v3 to 2023-02-21 00:00:00+00:00
[2023-02-23 17:04:38,541] {scheduler_job.py:190} INFO - Processing /home/airflow/.local/lib/python3.6/site-packages/airflow/example_dags/example_branch_python_dop_operator_3.py took 0.062 seconds
[2023-02-23 17:05:09,420] {scheduler_job.py:182} INFO - Started process (PID=2103) to work on /home/airflow/.local/lib/python3.6/site-packages/airflow/example_dags/example_branch_python_dop_operator_3.py
[2023-02-23 17:05:09,421] {scheduler_job.py:633} INFO - Processing file /home/airflow/.local/lib/python3.6/site-packages/airflow/example_dags/example_branch_python_dop_operator_3.py for tasks to queue
[2023-02-23 17:05:09,422] {logging_mixin.py:104} INFO - [2023-02-23 17:05:09,422] {dagbag.py:496} INFO - Filling up the DagBag from /home/airflow/.local/lib/python3.6/site-packages/airflow/example_dags/example_branch_python_dop_operator_3.py
[2023-02-23 17:05:09,434] {scheduler_job.py:643} INFO - DAG(s) dict_keys(['example_branch_dop_operator_v3']) retrieved from /home/airflow/.local/lib/python3.6/site-packages/airflow/example_dags/example_branch_python_dop_operator_3.py
[2023-02-23 17:05:09,452] {logging_mixin.py:104} INFO - [2023-02-23 17:05:09,452] {dag.py:1833} INFO - Sync 1 DAGs
[2023-02-23 17:05:09,473] {logging_mixin.py:104} INFO - [2023-02-23 17:05:09,472] {dag.py:2306} INFO - Setting next_dagrun for example_branch_dop_operator_v3 to 2023-02-21 00:00:00+00:00
[2023-02-23 17:05:09,481] {scheduler_job.py:190} INFO - Processing /home/airflow/.local/lib/python3.6/site-packages/airflow/example_dags/example_branch_python_dop_operator_3.py took 0.064 seconds
[2023-02-23 17:05:40,381] {scheduler_job.py:182} INFO - Started process (PID=2162) to work on /home/airflow/.local/lib/python3.6/site-packages/airflow/example_dags/example_branch_python_dop_operator_3.py
[2023-02-23 17:05:40,381] {scheduler_job.py:633} INFO - Processing file /home/airflow/.local/lib/python3.6/site-packages/airflow/example_dags/example_branch_python_dop_operator_3.py for tasks to queue
[2023-02-23 17:05:40,382] {logging_mixin.py:104} INFO - [2023-02-23 17:05:40,382] {dagbag.py:496} INFO - Filling up the DagBag from /home/airflow/.local/lib/python3.6/site-packages/airflow/example_dags/example_branch_python_dop_operator_3.py
[2023-02-23 17:05:40,395] {scheduler_job.py:643} INFO - DAG(s) dict_keys(['example_branch_dop_operator_v3']) retrieved from /home/airflow/.local/lib/python3.6/site-packages/airflow/example_dags/example_branch_python_dop_operator_3.py
[2023-02-23 17:05:40,414] {logging_mixin.py:104} INFO - [2023-02-23 17:05:40,414] {dag.py:1833} INFO - Sync 1 DAGs
[2023-02-23 17:05:40,480] {logging_mixin.py:104} INFO - [2023-02-23 17:05:40,480] {dag.py:2306} INFO - Setting next_dagrun for example_branch_dop_operator_v3 to 2023-02-21 00:00:00+00:00
[2023-02-23 17:05:40,489] {scheduler_job.py:190} INFO - Processing /home/airflow/.local/lib/python3.6/site-packages/airflow/example_dags/example_branch_python_dop_operator_3.py took 0.112 seconds
[2023-02-23 17:06:10,781] {scheduler_job.py:182} INFO - Started process (PID=2217) to work on /home/airflow/.local/lib/python3.6/site-packages/airflow/example_dags/example_branch_python_dop_operator_3.py
[2023-02-23 17:06:10,782] {scheduler_job.py:633} INFO - Processing file /home/airflow/.local/lib/python3.6/site-packages/airflow/example_dags/example_branch_python_dop_operator_3.py for tasks to queue
[2023-02-23 17:06:10,783] {logging_mixin.py:104} INFO - [2023-02-23 17:06:10,783] {dagbag.py:496} INFO - Filling up the DagBag from /home/airflow/.local/lib/python3.6/site-packages/airflow/example_dags/example_branch_python_dop_operator_3.py
[2023-02-23 17:06:10,795] {scheduler_job.py:643} INFO - DAG(s) dict_keys(['example_branch_dop_operator_v3']) retrieved from /home/airflow/.local/lib/python3.6/site-packages/airflow/example_dags/example_branch_python_dop_operator_3.py
[2023-02-23 17:06:10,815] {logging_mixin.py:104} INFO - [2023-02-23 17:06:10,815] {dag.py:1833} INFO - Sync 1 DAGs
[2023-02-23 17:06:10,877] {logging_mixin.py:104} INFO - [2023-02-23 17:06:10,877] {dag.py:2306} INFO - Setting next_dagrun for example_branch_dop_operator_v3 to 2023-02-21 00:00:00+00:00
[2023-02-23 17:06:10,886] {scheduler_job.py:190} INFO - Processing /home/airflow/.local/lib/python3.6/site-packages/airflow/example_dags/example_branch_python_dop_operator_3.py took 0.107 seconds
[2023-02-23 17:06:41,658] {scheduler_job.py:182} INFO - Started process (PID=2269) to work on /home/airflow/.local/lib/python3.6/site-packages/airflow/example_dags/example_branch_python_dop_operator_3.py
[2023-02-23 17:06:41,658] {scheduler_job.py:633} INFO - Processing file /home/airflow/.local/lib/python3.6/site-packages/airflow/example_dags/example_branch_python_dop_operator_3.py for tasks to queue
[2023-02-23 17:06:41,659] {logging_mixin.py:104} INFO - [2023-02-23 17:06:41,659] {dagbag.py:496} INFO - Filling up the DagBag from /home/airflow/.local/lib/python3.6/site-packages/airflow/example_dags/example_branch_python_dop_operator_3.py
[2023-02-23 17:06:41,669] {scheduler_job.py:643} INFO - DAG(s) dict_keys(['example_branch_dop_operator_v3']) retrieved from /home/airflow/.local/lib/python3.6/site-packages/airflow/example_dags/example_branch_python_dop_operator_3.py
[2023-02-23 17:06:41,686] {logging_mixin.py:104} INFO - [2023-02-23 17:06:41,686] {dag.py:1833} INFO - Sync 1 DAGs
[2023-02-23 17:06:41,706] {logging_mixin.py:104} INFO - [2023-02-23 17:06:41,706] {dag.py:2306} INFO - Setting next_dagrun for example_branch_dop_operator_v3 to 2023-02-21 00:00:00+00:00
[2023-02-23 17:06:41,714] {scheduler_job.py:190} INFO - Processing /home/airflow/.local/lib/python3.6/site-packages/airflow/example_dags/example_branch_python_dop_operator_3.py took 0.058 seconds
[2023-02-23 17:07:12,379] {scheduler_job.py:182} INFO - Started process (PID=2331) to work on /home/airflow/.local/lib/python3.6/site-packages/airflow/example_dags/example_branch_python_dop_operator_3.py
[2023-02-23 17:07:12,380] {scheduler_job.py:633} INFO - Processing file /home/airflow/.local/lib/python3.6/site-packages/airflow/example_dags/example_branch_python_dop_operator_3.py for tasks to queue
[2023-02-23 17:07:12,381] {logging_mixin.py:104} INFO - [2023-02-23 17:07:12,381] {dagbag.py:496} INFO - Filling up the DagBag from /home/airflow/.local/lib/python3.6/site-packages/airflow/example_dags/example_branch_python_dop_operator_3.py
[2023-02-23 17:07:12,392] {scheduler_job.py:643} INFO - DAG(s) dict_keys(['example_branch_dop_operator_v3']) retrieved from /home/airflow/.local/lib/python3.6/site-packages/airflow/example_dags/example_branch_python_dop_operator_3.py
[2023-02-23 17:07:12,436] {logging_mixin.py:104} INFO - [2023-02-23 17:07:12,436] {dag.py:1833} INFO - Sync 1 DAGs
[2023-02-23 17:07:12,458] {logging_mixin.py:104} INFO - [2023-02-23 17:07:12,458] {dag.py:2306} INFO - Setting next_dagrun for example_branch_dop_operator_v3 to 2023-02-21 00:00:00+00:00
[2023-02-23 17:07:12,466] {scheduler_job.py:190} INFO - Processing /home/airflow/.local/lib/python3.6/site-packages/airflow/example_dags/example_branch_python_dop_operator_3.py took 0.089 seconds
[2023-02-23 17:07:42,607] {scheduler_job.py:182} INFO - Started process (PID=2384) to work on /home/airflow/.local/lib/python3.6/site-packages/airflow/example_dags/example_branch_python_dop_operator_3.py
[2023-02-23 17:07:42,608] {scheduler_job.py:633} INFO - Processing file /home/airflow/.local/lib/python3.6/site-packages/airflow/example_dags/example_branch_python_dop_operator_3.py for tasks to queue
[2023-02-23 17:07:42,609] {logging_mixin.py:104} INFO - [2023-02-23 17:07:42,608] {dagbag.py:496} INFO - Filling up the DagBag from /home/airflow/.local/lib/python3.6/site-packages/airflow/example_dags/example_branch_python_dop_operator_3.py
[2023-02-23 17:07:42,620] {scheduler_job.py:643} INFO - DAG(s) dict_keys(['example_branch_dop_operator_v3']) retrieved from /home/airflow/.local/lib/python3.6/site-packages/airflow/example_dags/example_branch_python_dop_operator_3.py
[2023-02-23 17:07:42,642] {logging_mixin.py:104} INFO - [2023-02-23 17:07:42,642] {dag.py:1833} INFO - Sync 1 DAGs
[2023-02-23 17:07:42,683] {logging_mixin.py:104} INFO - [2023-02-23 17:07:42,682] {dag.py:2306} INFO - Setting next_dagrun for example_branch_dop_operator_v3 to 2023-02-21 00:00:00+00:00
[2023-02-23 17:07:42,692] {scheduler_job.py:190} INFO - Processing /home/airflow/.local/lib/python3.6/site-packages/airflow/example_dags/example_branch_python_dop_operator_3.py took 0.088 seconds
[2023-02-23 17:08:13,079] {scheduler_job.py:182} INFO - Started process (PID=2445) to work on /home/airflow/.local/lib/python3.6/site-packages/airflow/example_dags/example_branch_python_dop_operator_3.py
[2023-02-23 17:08:13,079] {scheduler_job.py:633} INFO - Processing file /home/airflow/.local/lib/python3.6/site-packages/airflow/example_dags/example_branch_python_dop_operator_3.py for tasks to queue
[2023-02-23 17:08:13,080] {logging_mixin.py:104} INFO - [2023-02-23 17:08:13,080] {dagbag.py:496} INFO - Filling up the DagBag from /home/airflow/.local/lib/python3.6/site-packages/airflow/example_dags/example_branch_python_dop_operator_3.py
[2023-02-23 17:08:13,091] {scheduler_job.py:643} INFO - DAG(s) dict_keys(['example_branch_dop_operator_v3']) retrieved from /home/airflow/.local/lib/python3.6/site-packages/airflow/example_dags/example_branch_python_dop_operator_3.py
[2023-02-23 17:08:13,109] {logging_mixin.py:104} INFO - [2023-02-23 17:08:13,109] {dag.py:1833} INFO - Sync 1 DAGs
[2023-02-23 17:08:13,129] {logging_mixin.py:104} INFO - [2023-02-23 17:08:13,129] {dag.py:2306} INFO - Setting next_dagrun for example_branch_dop_operator_v3 to 2023-02-21 00:00:00+00:00
[2023-02-23 17:08:13,137] {scheduler_job.py:190} INFO - Processing /home/airflow/.local/lib/python3.6/site-packages/airflow/example_dags/example_branch_python_dop_operator_3.py took 0.061 seconds
[2023-02-23 17:08:43,352] {scheduler_job.py:182} INFO - Started process (PID=2497) to work on /home/airflow/.local/lib/python3.6/site-packages/airflow/example_dags/example_branch_python_dop_operator_3.py
[2023-02-23 17:08:43,353] {scheduler_job.py:633} INFO - Processing file /home/airflow/.local/lib/python3.6/site-packages/airflow/example_dags/example_branch_python_dop_operator_3.py for tasks to queue
[2023-02-23 17:08:43,354] {logging_mixin.py:104} INFO - [2023-02-23 17:08:43,353] {dagbag.py:496} INFO - Filling up the DagBag from /home/airflow/.local/lib/python3.6/site-packages/airflow/example_dags/example_branch_python_dop_operator_3.py
[2023-02-23 17:08:43,364] {scheduler_job.py:643} INFO - DAG(s) dict_keys(['example_branch_dop_operator_v3']) retrieved from /home/airflow/.local/lib/python3.6/site-packages/airflow/example_dags/example_branch_python_dop_operator_3.py
[2023-02-23 17:08:43,380] {logging_mixin.py:104} INFO - [2023-02-23 17:08:43,380] {dag.py:1833} INFO - Sync 1 DAGs
[2023-02-23 17:08:43,400] {logging_mixin.py:104} INFO - [2023-02-23 17:08:43,400] {dag.py:2306} INFO - Setting next_dagrun for example_branch_dop_operator_v3 to 2023-02-21 00:00:00+00:00
[2023-02-23 17:08:43,409] {scheduler_job.py:190} INFO - Processing /home/airflow/.local/lib/python3.6/site-packages/airflow/example_dags/example_branch_python_dop_operator_3.py took 0.058 seconds
[2023-02-23 17:09:14,194] {scheduler_job.py:182} INFO - Started process (PID=2558) to work on /home/airflow/.local/lib/python3.6/site-packages/airflow/example_dags/example_branch_python_dop_operator_3.py
[2023-02-23 17:09:14,195] {scheduler_job.py:633} INFO - Processing file /home/airflow/.local/lib/python3.6/site-packages/airflow/example_dags/example_branch_python_dop_operator_3.py for tasks to queue
[2023-02-23 17:09:14,196] {logging_mixin.py:104} INFO - [2023-02-23 17:09:14,196] {dagbag.py:496} INFO - Filling up the DagBag from /home/airflow/.local/lib/python3.6/site-packages/airflow/example_dags/example_branch_python_dop_operator_3.py
[2023-02-23 17:09:14,281] {scheduler_job.py:643} INFO - DAG(s) dict_keys(['example_branch_dop_operator_v3']) retrieved from /home/airflow/.local/lib/python3.6/site-packages/airflow/example_dags/example_branch_python_dop_operator_3.py
[2023-02-23 17:09:14,300] {logging_mixin.py:104} INFO - [2023-02-23 17:09:14,300] {dag.py:1833} INFO - Sync 1 DAGs
[2023-02-23 17:09:14,483] {logging_mixin.py:104} INFO - [2023-02-23 17:09:14,483] {dag.py:2306} INFO - Setting next_dagrun for example_branch_dop_operator_v3 to 2023-02-21 00:00:00+00:00
[2023-02-23 17:09:14,493] {scheduler_job.py:190} INFO - Processing /home/airflow/.local/lib/python3.6/site-packages/airflow/example_dags/example_branch_python_dop_operator_3.py took 0.302 seconds
[2023-02-23 17:09:45,329] {scheduler_job.py:182} INFO - Started process (PID=2611) to work on /home/airflow/.local/lib/python3.6/site-packages/airflow/example_dags/example_branch_python_dop_operator_3.py
[2023-02-23 17:09:45,329] {scheduler_job.py:633} INFO - Processing file /home/airflow/.local/lib/python3.6/site-packages/airflow/example_dags/example_branch_python_dop_operator_3.py for tasks to queue
[2023-02-23 17:09:45,330] {logging_mixin.py:104} INFO - [2023-02-23 17:09:45,330] {dagbag.py:496} INFO - Filling up the DagBag from /home/airflow/.local/lib/python3.6/site-packages/airflow/example_dags/example_branch_python_dop_operator_3.py
[2023-02-23 17:09:45,341] {scheduler_job.py:643} INFO - DAG(s) dict_keys(['example_branch_dop_operator_v3']) retrieved from /home/airflow/.local/lib/python3.6/site-packages/airflow/example_dags/example_branch_python_dop_operator_3.py
[2023-02-23 17:09:45,387] {logging_mixin.py:104} INFO - [2023-02-23 17:09:45,387] {dag.py:1833} INFO - Sync 1 DAGs
[2023-02-23 17:09:45,410] {logging_mixin.py:104} INFO - [2023-02-23 17:09:45,410] {dag.py:2306} INFO - Setting next_dagrun for example_branch_dop_operator_v3 to 2023-02-21 00:00:00+00:00
[2023-02-23 17:09:45,477] {scheduler_job.py:190} INFO - Processing /home/airflow/.local/lib/python3.6/site-packages/airflow/example_dags/example_branch_python_dop_operator_3.py took 0.150 seconds
[2023-02-23 17:10:15,930] {scheduler_job.py:182} INFO - Started process (PID=2664) to work on /home/airflow/.local/lib/python3.6/site-packages/airflow/example_dags/example_branch_python_dop_operator_3.py
[2023-02-23 17:10:15,931] {scheduler_job.py:633} INFO - Processing file /home/airflow/.local/lib/python3.6/site-packages/airflow/example_dags/example_branch_python_dop_operator_3.py for tasks to queue
[2023-02-23 17:10:15,931] {logging_mixin.py:104} INFO - [2023-02-23 17:10:15,931] {dagbag.py:496} INFO - Filling up the DagBag from /home/airflow/.local/lib/python3.6/site-packages/airflow/example_dags/example_branch_python_dop_operator_3.py
[2023-02-23 17:10:15,943] {scheduler_job.py:643} INFO - DAG(s) dict_keys(['example_branch_dop_operator_v3']) retrieved from /home/airflow/.local/lib/python3.6/site-packages/airflow/example_dags/example_branch_python_dop_operator_3.py
[2023-02-23 17:10:15,963] {logging_mixin.py:104} INFO - [2023-02-23 17:10:15,963] {dag.py:1833} INFO - Sync 1 DAGs
[2023-02-23 17:10:15,985] {logging_mixin.py:104} INFO - [2023-02-23 17:10:15,984] {dag.py:2306} INFO - Setting next_dagrun for example_branch_dop_operator_v3 to 2023-02-21 00:00:00+00:00
[2023-02-23 17:10:15,994] {scheduler_job.py:190} INFO - Processing /home/airflow/.local/lib/python3.6/site-packages/airflow/example_dags/example_branch_python_dop_operator_3.py took 0.066 seconds
[2023-02-23 17:10:46,476] {scheduler_job.py:182} INFO - Started process (PID=2719) to work on /home/airflow/.local/lib/python3.6/site-packages/airflow/example_dags/example_branch_python_dop_operator_3.py
[2023-02-23 17:10:46,477] {scheduler_job.py:633} INFO - Processing file /home/airflow/.local/lib/python3.6/site-packages/airflow/example_dags/example_branch_python_dop_operator_3.py for tasks to queue
[2023-02-23 17:10:46,478] {logging_mixin.py:104} INFO - [2023-02-23 17:10:46,478] {dagbag.py:496} INFO - Filling up the DagBag from /home/airflow/.local/lib/python3.6/site-packages/airflow/example_dags/example_branch_python_dop_operator_3.py
[2023-02-23 17:10:46,493] {scheduler_job.py:643} INFO - DAG(s) dict_keys(['example_branch_dop_operator_v3']) retrieved from /home/airflow/.local/lib/python3.6/site-packages/airflow/example_dags/example_branch_python_dop_operator_3.py
[2023-02-23 17:10:46,590] {logging_mixin.py:104} INFO - [2023-02-23 17:10:46,590] {dag.py:1833} INFO - Sync 1 DAGs
[2023-02-23 17:10:46,692] {logging_mixin.py:104} INFO - [2023-02-23 17:10:46,691] {dag.py:2306} INFO - Setting next_dagrun for example_branch_dop_operator_v3 to 2023-02-21 00:00:00+00:00
[2023-02-23 17:10:46,784] {scheduler_job.py:190} INFO - Processing /home/airflow/.local/lib/python3.6/site-packages/airflow/example_dags/example_branch_python_dop_operator_3.py took 0.311 seconds
