[2023-02-23 12:26:02,078] {scheduler_job.py:182} INFO - Started process (PID=99) to work on /home/airflow/.local/lib/python3.6/site-packages/airflow/example_dags/example_xcom.py
[2023-02-23 12:26:02,079] {scheduler_job.py:633} INFO - Processing file /home/airflow/.local/lib/python3.6/site-packages/airflow/example_dags/example_xcom.py for tasks to queue
[2023-02-23 12:26:02,079] {logging_mixin.py:104} INFO - [2023-02-23 12:26:02,079] {dagbag.py:496} INFO - Filling up the DagBag from /home/airflow/.local/lib/python3.6/site-packages/airflow/example_dags/example_xcom.py
[2023-02-23 12:26:02,092] {scheduler_job.py:643} INFO - DAG(s) dict_keys(['example_xcom']) retrieved from /home/airflow/.local/lib/python3.6/site-packages/airflow/example_dags/example_xcom.py
[2023-02-23 12:26:02,694] {logging_mixin.py:104} INFO - [2023-02-23 12:26:02,694] {dag.py:1833} INFO - Sync 1 DAGs
[2023-02-23 12:26:02,764] {logging_mixin.py:104} INFO - [2023-02-23 12:26:02,764] {dag.py:2306} INFO - Setting next_dagrun for example_xcom to 2023-02-21 00:00:00+00:00
[2023-02-23 12:26:02,861] {scheduler_job.py:190} INFO - Processing /home/airflow/.local/lib/python3.6/site-packages/airflow/example_dags/example_xcom.py took 0.786 seconds
[2023-02-23 16:46:50,495] {scheduler_job.py:182} INFO - Started process (PID=93) to work on /home/airflow/.local/lib/python3.6/site-packages/airflow/example_dags/example_xcom.py
[2023-02-23 16:46:50,495] {scheduler_job.py:633} INFO - Processing file /home/airflow/.local/lib/python3.6/site-packages/airflow/example_dags/example_xcom.py for tasks to queue
[2023-02-23 16:46:50,496] {logging_mixin.py:104} INFO - [2023-02-23 16:46:50,496] {dagbag.py:496} INFO - Filling up the DagBag from /home/airflow/.local/lib/python3.6/site-packages/airflow/example_dags/example_xcom.py
[2023-02-23 16:46:50,508] {scheduler_job.py:643} INFO - DAG(s) dict_keys(['example_xcom']) retrieved from /home/airflow/.local/lib/python3.6/site-packages/airflow/example_dags/example_xcom.py
[2023-02-23 16:46:50,592] {logging_mixin.py:104} INFO - [2023-02-23 16:46:50,592] {dag.py:1833} INFO - Sync 1 DAGs
[2023-02-23 16:46:50,604] {logging_mixin.py:104} INFO - [2023-02-23 16:46:50,604] {dag.py:2306} INFO - Setting next_dagrun for example_xcom to 2023-02-21 00:00:00+00:00
[2023-02-23 16:46:50,674] {scheduler_job.py:190} INFO - Processing /home/airflow/.local/lib/python3.6/site-packages/airflow/example_dags/example_xcom.py took 0.182 seconds
[2023-02-23 16:47:21,212] {scheduler_job.py:182} INFO - Started process (PID=136) to work on /home/airflow/.local/lib/python3.6/site-packages/airflow/example_dags/example_xcom.py
[2023-02-23 16:47:21,213] {scheduler_job.py:633} INFO - Processing file /home/airflow/.local/lib/python3.6/site-packages/airflow/example_dags/example_xcom.py for tasks to queue
[2023-02-23 16:47:21,214] {logging_mixin.py:104} INFO - [2023-02-23 16:47:21,213] {dagbag.py:496} INFO - Filling up the DagBag from /home/airflow/.local/lib/python3.6/site-packages/airflow/example_dags/example_xcom.py
[2023-02-23 16:47:21,224] {scheduler_job.py:643} INFO - DAG(s) dict_keys(['example_xcom']) retrieved from /home/airflow/.local/lib/python3.6/site-packages/airflow/example_dags/example_xcom.py
[2023-02-23 16:47:21,242] {logging_mixin.py:104} INFO - [2023-02-23 16:47:21,242] {dag.py:1833} INFO - Sync 1 DAGs
[2023-02-23 16:47:21,255] {logging_mixin.py:104} INFO - [2023-02-23 16:47:21,255] {dag.py:2306} INFO - Setting next_dagrun for example_xcom to 2023-02-21 00:00:00+00:00
[2023-02-23 16:47:21,263] {scheduler_job.py:190} INFO - Processing /home/airflow/.local/lib/python3.6/site-packages/airflow/example_dags/example_xcom.py took 0.053 seconds
[2023-02-23 16:47:51,877] {scheduler_job.py:182} INFO - Started process (PID=198) to work on /home/airflow/.local/lib/python3.6/site-packages/airflow/example_dags/example_xcom.py
[2023-02-23 16:47:51,878] {scheduler_job.py:633} INFO - Processing file /home/airflow/.local/lib/python3.6/site-packages/airflow/example_dags/example_xcom.py for tasks to queue
[2023-02-23 16:47:51,878] {logging_mixin.py:104} INFO - [2023-02-23 16:47:51,878] {dagbag.py:496} INFO - Filling up the DagBag from /home/airflow/.local/lib/python3.6/site-packages/airflow/example_dags/example_xcom.py
[2023-02-23 16:47:51,888] {scheduler_job.py:643} INFO - DAG(s) dict_keys(['example_xcom']) retrieved from /home/airflow/.local/lib/python3.6/site-packages/airflow/example_dags/example_xcom.py
[2023-02-23 16:47:51,908] {logging_mixin.py:104} INFO - [2023-02-23 16:47:51,908] {dag.py:1833} INFO - Sync 1 DAGs
[2023-02-23 16:47:51,922] {logging_mixin.py:104} INFO - [2023-02-23 16:47:51,922] {dag.py:2306} INFO - Setting next_dagrun for example_xcom to 2023-02-21 00:00:00+00:00
[2023-02-23 16:47:51,931] {scheduler_job.py:190} INFO - Processing /home/airflow/.local/lib/python3.6/site-packages/airflow/example_dags/example_xcom.py took 0.057 seconds
[2023-02-23 16:48:22,854] {scheduler_job.py:182} INFO - Started process (PID=259) to work on /home/airflow/.local/lib/python3.6/site-packages/airflow/example_dags/example_xcom.py
[2023-02-23 16:48:22,854] {scheduler_job.py:633} INFO - Processing file /home/airflow/.local/lib/python3.6/site-packages/airflow/example_dags/example_xcom.py for tasks to queue
[2023-02-23 16:48:22,855] {logging_mixin.py:104} INFO - [2023-02-23 16:48:22,855] {dagbag.py:496} INFO - Filling up the DagBag from /home/airflow/.local/lib/python3.6/site-packages/airflow/example_dags/example_xcom.py
[2023-02-23 16:48:22,864] {scheduler_job.py:643} INFO - DAG(s) dict_keys(['example_xcom']) retrieved from /home/airflow/.local/lib/python3.6/site-packages/airflow/example_dags/example_xcom.py
[2023-02-23 16:48:22,881] {logging_mixin.py:104} INFO - [2023-02-23 16:48:22,881] {dag.py:1833} INFO - Sync 1 DAGs
[2023-02-23 16:48:22,894] {logging_mixin.py:104} INFO - [2023-02-23 16:48:22,894] {dag.py:2306} INFO - Setting next_dagrun for example_xcom to 2023-02-21 00:00:00+00:00
[2023-02-23 16:48:22,901] {scheduler_job.py:190} INFO - Processing /home/airflow/.local/lib/python3.6/site-packages/airflow/example_dags/example_xcom.py took 0.050 seconds
[2023-02-23 16:48:53,558] {scheduler_job.py:182} INFO - Started process (PID=312) to work on /home/airflow/.local/lib/python3.6/site-packages/airflow/example_dags/example_xcom.py
[2023-02-23 16:48:53,559] {scheduler_job.py:633} INFO - Processing file /home/airflow/.local/lib/python3.6/site-packages/airflow/example_dags/example_xcom.py for tasks to queue
[2023-02-23 16:48:53,559] {logging_mixin.py:104} INFO - [2023-02-23 16:48:53,559] {dagbag.py:496} INFO - Filling up the DagBag from /home/airflow/.local/lib/python3.6/site-packages/airflow/example_dags/example_xcom.py
[2023-02-23 16:48:53,569] {scheduler_job.py:643} INFO - DAG(s) dict_keys(['example_xcom']) retrieved from /home/airflow/.local/lib/python3.6/site-packages/airflow/example_dags/example_xcom.py
[2023-02-23 16:48:53,586] {logging_mixin.py:104} INFO - [2023-02-23 16:48:53,586] {dag.py:1833} INFO - Sync 1 DAGs
[2023-02-23 16:48:53,597] {logging_mixin.py:104} INFO - [2023-02-23 16:48:53,597] {dag.py:2306} INFO - Setting next_dagrun for example_xcom to 2023-02-21 00:00:00+00:00
[2023-02-23 16:48:53,607] {scheduler_job.py:190} INFO - Processing /home/airflow/.local/lib/python3.6/site-packages/airflow/example_dags/example_xcom.py took 0.052 seconds
[2023-02-23 16:49:24,877] {scheduler_job.py:182} INFO - Started process (PID=374) to work on /home/airflow/.local/lib/python3.6/site-packages/airflow/example_dags/example_xcom.py
[2023-02-23 16:49:24,878] {scheduler_job.py:633} INFO - Processing file /home/airflow/.local/lib/python3.6/site-packages/airflow/example_dags/example_xcom.py for tasks to queue
[2023-02-23 16:49:24,879] {logging_mixin.py:104} INFO - [2023-02-23 16:49:24,879] {dagbag.py:496} INFO - Filling up the DagBag from /home/airflow/.local/lib/python3.6/site-packages/airflow/example_dags/example_xcom.py
[2023-02-23 16:49:24,890] {scheduler_job.py:643} INFO - DAG(s) dict_keys(['example_xcom']) retrieved from /home/airflow/.local/lib/python3.6/site-packages/airflow/example_dags/example_xcom.py
[2023-02-23 16:49:24,980] {logging_mixin.py:104} INFO - [2023-02-23 16:49:24,980] {dag.py:1833} INFO - Sync 1 DAGs
[2023-02-23 16:49:24,993] {logging_mixin.py:104} INFO - [2023-02-23 16:49:24,993] {dag.py:2306} INFO - Setting next_dagrun for example_xcom to 2023-02-21 00:00:00+00:00
[2023-02-23 16:49:25,000] {scheduler_job.py:190} INFO - Processing /home/airflow/.local/lib/python3.6/site-packages/airflow/example_dags/example_xcom.py took 0.127 seconds
[2023-02-23 16:49:55,970] {scheduler_job.py:182} INFO - Started process (PID=416) to work on /home/airflow/.local/lib/python3.6/site-packages/airflow/example_dags/example_xcom.py
[2023-02-23 16:49:55,971] {scheduler_job.py:633} INFO - Processing file /home/airflow/.local/lib/python3.6/site-packages/airflow/example_dags/example_xcom.py for tasks to queue
[2023-02-23 16:49:55,972] {logging_mixin.py:104} INFO - [2023-02-23 16:49:55,971] {dagbag.py:496} INFO - Filling up the DagBag from /home/airflow/.local/lib/python3.6/site-packages/airflow/example_dags/example_xcom.py
[2023-02-23 16:49:55,981] {scheduler_job.py:643} INFO - DAG(s) dict_keys(['example_xcom']) retrieved from /home/airflow/.local/lib/python3.6/site-packages/airflow/example_dags/example_xcom.py
[2023-02-23 16:49:55,998] {logging_mixin.py:104} INFO - [2023-02-23 16:49:55,998] {dag.py:1833} INFO - Sync 1 DAGs
[2023-02-23 16:49:56,011] {logging_mixin.py:104} INFO - [2023-02-23 16:49:56,011] {dag.py:2306} INFO - Setting next_dagrun for example_xcom to 2023-02-21 00:00:00+00:00
[2023-02-23 16:49:56,018] {scheduler_job.py:190} INFO - Processing /home/airflow/.local/lib/python3.6/site-packages/airflow/example_dags/example_xcom.py took 0.051 seconds
[2023-02-23 16:50:26,889] {scheduler_job.py:182} INFO - Started process (PID=478) to work on /home/airflow/.local/lib/python3.6/site-packages/airflow/example_dags/example_xcom.py
[2023-02-23 16:50:26,890] {scheduler_job.py:633} INFO - Processing file /home/airflow/.local/lib/python3.6/site-packages/airflow/example_dags/example_xcom.py for tasks to queue
[2023-02-23 16:50:26,890] {logging_mixin.py:104} INFO - [2023-02-23 16:50:26,890] {dagbag.py:496} INFO - Filling up the DagBag from /home/airflow/.local/lib/python3.6/site-packages/airflow/example_dags/example_xcom.py
[2023-02-23 16:50:26,899] {scheduler_job.py:643} INFO - DAG(s) dict_keys(['example_xcom']) retrieved from /home/airflow/.local/lib/python3.6/site-packages/airflow/example_dags/example_xcom.py
[2023-02-23 16:50:26,917] {logging_mixin.py:104} INFO - [2023-02-23 16:50:26,917] {dag.py:1833} INFO - Sync 1 DAGs
[2023-02-23 16:50:26,928] {logging_mixin.py:104} INFO - [2023-02-23 16:50:26,928] {dag.py:2306} INFO - Setting next_dagrun for example_xcom to 2023-02-21 00:00:00+00:00
[2023-02-23 16:50:26,936] {scheduler_job.py:190} INFO - Processing /home/airflow/.local/lib/python3.6/site-packages/airflow/example_dags/example_xcom.py took 0.050 seconds
[2023-02-23 16:50:57,698] {scheduler_job.py:182} INFO - Started process (PID=530) to work on /home/airflow/.local/lib/python3.6/site-packages/airflow/example_dags/example_xcom.py
[2023-02-23 16:50:57,699] {scheduler_job.py:633} INFO - Processing file /home/airflow/.local/lib/python3.6/site-packages/airflow/example_dags/example_xcom.py for tasks to queue
[2023-02-23 16:50:57,699] {logging_mixin.py:104} INFO - [2023-02-23 16:50:57,699] {dagbag.py:496} INFO - Filling up the DagBag from /home/airflow/.local/lib/python3.6/site-packages/airflow/example_dags/example_xcom.py
[2023-02-23 16:50:57,711] {scheduler_job.py:643} INFO - DAG(s) dict_keys(['example_xcom']) retrieved from /home/airflow/.local/lib/python3.6/site-packages/airflow/example_dags/example_xcom.py
[2023-02-23 16:50:57,787] {logging_mixin.py:104} INFO - [2023-02-23 16:50:57,787] {dag.py:1833} INFO - Sync 1 DAGs
[2023-02-23 16:50:57,805] {logging_mixin.py:104} INFO - [2023-02-23 16:50:57,805] {dag.py:2306} INFO - Setting next_dagrun for example_xcom to 2023-02-21 00:00:00+00:00
[2023-02-23 16:50:57,879] {scheduler_job.py:190} INFO - Processing /home/airflow/.local/lib/python3.6/site-packages/airflow/example_dags/example_xcom.py took 0.184 seconds
[2023-02-23 16:51:28,775] {scheduler_job.py:182} INFO - Started process (PID=592) to work on /home/airflow/.local/lib/python3.6/site-packages/airflow/example_dags/example_xcom.py
[2023-02-23 16:51:28,775] {scheduler_job.py:633} INFO - Processing file /home/airflow/.local/lib/python3.6/site-packages/airflow/example_dags/example_xcom.py for tasks to queue
[2023-02-23 16:51:28,776] {logging_mixin.py:104} INFO - [2023-02-23 16:51:28,776] {dagbag.py:496} INFO - Filling up the DagBag from /home/airflow/.local/lib/python3.6/site-packages/airflow/example_dags/example_xcom.py
[2023-02-23 16:51:28,786] {scheduler_job.py:643} INFO - DAG(s) dict_keys(['example_xcom']) retrieved from /home/airflow/.local/lib/python3.6/site-packages/airflow/example_dags/example_xcom.py
[2023-02-23 16:51:28,807] {logging_mixin.py:104} INFO - [2023-02-23 16:51:28,806] {dag.py:1833} INFO - Sync 1 DAGs
[2023-02-23 16:51:28,822] {logging_mixin.py:104} INFO - [2023-02-23 16:51:28,822] {dag.py:2306} INFO - Setting next_dagrun for example_xcom to 2023-02-21 00:00:00+00:00
[2023-02-23 16:51:28,830] {scheduler_job.py:190} INFO - Processing /home/airflow/.local/lib/python3.6/site-packages/airflow/example_dags/example_xcom.py took 0.058 seconds
[2023-02-23 16:51:59,569] {scheduler_job.py:182} INFO - Started process (PID=644) to work on /home/airflow/.local/lib/python3.6/site-packages/airflow/example_dags/example_xcom.py
[2023-02-23 16:51:59,570] {scheduler_job.py:633} INFO - Processing file /home/airflow/.local/lib/python3.6/site-packages/airflow/example_dags/example_xcom.py for tasks to queue
[2023-02-23 16:51:59,570] {logging_mixin.py:104} INFO - [2023-02-23 16:51:59,570] {dagbag.py:496} INFO - Filling up the DagBag from /home/airflow/.local/lib/python3.6/site-packages/airflow/example_dags/example_xcom.py
[2023-02-23 16:51:59,580] {scheduler_job.py:643} INFO - DAG(s) dict_keys(['example_xcom']) retrieved from /home/airflow/.local/lib/python3.6/site-packages/airflow/example_dags/example_xcom.py
[2023-02-23 16:51:59,596] {logging_mixin.py:104} INFO - [2023-02-23 16:51:59,596] {dag.py:1833} INFO - Sync 1 DAGs
[2023-02-23 16:51:59,608] {logging_mixin.py:104} INFO - [2023-02-23 16:51:59,608] {dag.py:2306} INFO - Setting next_dagrun for example_xcom to 2023-02-21 00:00:00+00:00
[2023-02-23 16:51:59,615] {scheduler_job.py:190} INFO - Processing /home/airflow/.local/lib/python3.6/site-packages/airflow/example_dags/example_xcom.py took 0.048 seconds
[2023-02-23 16:52:30,323] {scheduler_job.py:182} INFO - Started process (PID=706) to work on /home/airflow/.local/lib/python3.6/site-packages/airflow/example_dags/example_xcom.py
[2023-02-23 16:52:30,324] {scheduler_job.py:633} INFO - Processing file /home/airflow/.local/lib/python3.6/site-packages/airflow/example_dags/example_xcom.py for tasks to queue
[2023-02-23 16:52:30,325] {logging_mixin.py:104} INFO - [2023-02-23 16:52:30,325] {dagbag.py:496} INFO - Filling up the DagBag from /home/airflow/.local/lib/python3.6/site-packages/airflow/example_dags/example_xcom.py
[2023-02-23 16:52:30,334] {scheduler_job.py:643} INFO - DAG(s) dict_keys(['example_xcom']) retrieved from /home/airflow/.local/lib/python3.6/site-packages/airflow/example_dags/example_xcom.py
[2023-02-23 16:52:30,353] {logging_mixin.py:104} INFO - [2023-02-23 16:52:30,353] {dag.py:1833} INFO - Sync 1 DAGs
[2023-02-23 16:52:30,367] {logging_mixin.py:104} INFO - [2023-02-23 16:52:30,367] {dag.py:2306} INFO - Setting next_dagrun for example_xcom to 2023-02-21 00:00:00+00:00
[2023-02-23 16:52:30,376] {scheduler_job.py:190} INFO - Processing /home/airflow/.local/lib/python3.6/site-packages/airflow/example_dags/example_xcom.py took 0.055 seconds
[2023-02-23 16:53:01,313] {scheduler_job.py:182} INFO - Started process (PID=758) to work on /home/airflow/.local/lib/python3.6/site-packages/airflow/example_dags/example_xcom.py
[2023-02-23 16:53:01,314] {scheduler_job.py:633} INFO - Processing file /home/airflow/.local/lib/python3.6/site-packages/airflow/example_dags/example_xcom.py for tasks to queue
[2023-02-23 16:53:01,315] {logging_mixin.py:104} INFO - [2023-02-23 16:53:01,314] {dagbag.py:496} INFO - Filling up the DagBag from /home/airflow/.local/lib/python3.6/site-packages/airflow/example_dags/example_xcom.py
[2023-02-23 16:53:01,324] {scheduler_job.py:643} INFO - DAG(s) dict_keys(['example_xcom']) retrieved from /home/airflow/.local/lib/python3.6/site-packages/airflow/example_dags/example_xcom.py
[2023-02-23 16:53:01,389] {logging_mixin.py:104} INFO - [2023-02-23 16:53:01,389] {dag.py:1833} INFO - Sync 1 DAGs
[2023-02-23 16:53:01,404] {logging_mixin.py:104} INFO - [2023-02-23 16:53:01,404] {dag.py:2306} INFO - Setting next_dagrun for example_xcom to 2023-02-21 00:00:00+00:00
[2023-02-23 16:53:01,479] {scheduler_job.py:190} INFO - Processing /home/airflow/.local/lib/python3.6/site-packages/airflow/example_dags/example_xcom.py took 0.168 seconds
[2023-02-23 16:53:32,414] {scheduler_job.py:182} INFO - Started process (PID=821) to work on /home/airflow/.local/lib/python3.6/site-packages/airflow/example_dags/example_xcom.py
[2023-02-23 16:53:32,415] {scheduler_job.py:633} INFO - Processing file /home/airflow/.local/lib/python3.6/site-packages/airflow/example_dags/example_xcom.py for tasks to queue
[2023-02-23 16:53:32,415] {logging_mixin.py:104} INFO - [2023-02-23 16:53:32,415] {dagbag.py:496} INFO - Filling up the DagBag from /home/airflow/.local/lib/python3.6/site-packages/airflow/example_dags/example_xcom.py
[2023-02-23 16:53:32,425] {scheduler_job.py:643} INFO - DAG(s) dict_keys(['example_xcom']) retrieved from /home/airflow/.local/lib/python3.6/site-packages/airflow/example_dags/example_xcom.py
[2023-02-23 16:53:32,443] {logging_mixin.py:104} INFO - [2023-02-23 16:53:32,443] {dag.py:1833} INFO - Sync 1 DAGs
[2023-02-23 16:53:32,456] {logging_mixin.py:104} INFO - [2023-02-23 16:53:32,456] {dag.py:2306} INFO - Setting next_dagrun for example_xcom to 2023-02-21 00:00:00+00:00
[2023-02-23 16:53:32,465] {scheduler_job.py:190} INFO - Processing /home/airflow/.local/lib/python3.6/site-packages/airflow/example_dags/example_xcom.py took 0.054 seconds
[2023-02-23 16:54:03,208] {scheduler_job.py:182} INFO - Started process (PID=874) to work on /home/airflow/.local/lib/python3.6/site-packages/airflow/example_dags/example_xcom.py
[2023-02-23 16:54:03,209] {scheduler_job.py:633} INFO - Processing file /home/airflow/.local/lib/python3.6/site-packages/airflow/example_dags/example_xcom.py for tasks to queue
[2023-02-23 16:54:03,210] {logging_mixin.py:104} INFO - [2023-02-23 16:54:03,210] {dagbag.py:496} INFO - Filling up the DagBag from /home/airflow/.local/lib/python3.6/site-packages/airflow/example_dags/example_xcom.py
[2023-02-23 16:54:03,219] {scheduler_job.py:643} INFO - DAG(s) dict_keys(['example_xcom']) retrieved from /home/airflow/.local/lib/python3.6/site-packages/airflow/example_dags/example_xcom.py
[2023-02-23 16:54:03,238] {logging_mixin.py:104} INFO - [2023-02-23 16:54:03,238] {dag.py:1833} INFO - Sync 1 DAGs
[2023-02-23 16:54:03,250] {logging_mixin.py:104} INFO - [2023-02-23 16:54:03,250] {dag.py:2306} INFO - Setting next_dagrun for example_xcom to 2023-02-21 00:00:00+00:00
[2023-02-23 16:54:03,258] {scheduler_job.py:190} INFO - Processing /home/airflow/.local/lib/python3.6/site-packages/airflow/example_dags/example_xcom.py took 0.052 seconds
[2023-02-23 16:54:33,872] {scheduler_job.py:182} INFO - Started process (PID=936) to work on /home/airflow/.local/lib/python3.6/site-packages/airflow/example_dags/example_xcom.py
[2023-02-23 16:54:33,873] {scheduler_job.py:633} INFO - Processing file /home/airflow/.local/lib/python3.6/site-packages/airflow/example_dags/example_xcom.py for tasks to queue
[2023-02-23 16:54:33,874] {logging_mixin.py:104} INFO - [2023-02-23 16:54:33,874] {dagbag.py:496} INFO - Filling up the DagBag from /home/airflow/.local/lib/python3.6/site-packages/airflow/example_dags/example_xcom.py
[2023-02-23 16:54:33,885] {scheduler_job.py:643} INFO - DAG(s) dict_keys(['example_xcom']) retrieved from /home/airflow/.local/lib/python3.6/site-packages/airflow/example_dags/example_xcom.py
[2023-02-23 16:54:33,902] {logging_mixin.py:104} INFO - [2023-02-23 16:54:33,902] {dag.py:1833} INFO - Sync 1 DAGs
[2023-02-23 16:54:33,914] {logging_mixin.py:104} INFO - [2023-02-23 16:54:33,914] {dag.py:2306} INFO - Setting next_dagrun for example_xcom to 2023-02-21 00:00:00+00:00
[2023-02-23 16:54:33,922] {scheduler_job.py:190} INFO - Processing /home/airflow/.local/lib/python3.6/site-packages/airflow/example_dags/example_xcom.py took 0.064 seconds
[2023-02-23 16:55:04,483] {scheduler_job.py:182} INFO - Started process (PID=988) to work on /home/airflow/.local/lib/python3.6/site-packages/airflow/example_dags/example_xcom.py
[2023-02-23 16:55:04,484] {scheduler_job.py:633} INFO - Processing file /home/airflow/.local/lib/python3.6/site-packages/airflow/example_dags/example_xcom.py for tasks to queue
[2023-02-23 16:55:04,484] {logging_mixin.py:104} INFO - [2023-02-23 16:55:04,484] {dagbag.py:496} INFO - Filling up the DagBag from /home/airflow/.local/lib/python3.6/site-packages/airflow/example_dags/example_xcom.py
[2023-02-23 16:55:04,584] {scheduler_job.py:643} INFO - DAG(s) dict_keys(['example_xcom']) retrieved from /home/airflow/.local/lib/python3.6/site-packages/airflow/example_dags/example_xcom.py
[2023-02-23 16:55:04,777] {logging_mixin.py:104} INFO - [2023-02-23 16:55:04,776] {dag.py:1833} INFO - Sync 1 DAGs
[2023-02-23 16:55:04,793] {logging_mixin.py:104} INFO - [2023-02-23 16:55:04,793] {dag.py:2306} INFO - Setting next_dagrun for example_xcom to 2023-02-21 00:00:00+00:00
[2023-02-23 16:55:04,881] {scheduler_job.py:190} INFO - Processing /home/airflow/.local/lib/python3.6/site-packages/airflow/example_dags/example_xcom.py took 0.402 seconds
[2023-02-23 16:55:35,786] {scheduler_job.py:182} INFO - Started process (PID=1049) to work on /home/airflow/.local/lib/python3.6/site-packages/airflow/example_dags/example_xcom.py
[2023-02-23 16:55:35,786] {scheduler_job.py:633} INFO - Processing file /home/airflow/.local/lib/python3.6/site-packages/airflow/example_dags/example_xcom.py for tasks to queue
[2023-02-23 16:55:35,787] {logging_mixin.py:104} INFO - [2023-02-23 16:55:35,787] {dagbag.py:496} INFO - Filling up the DagBag from /home/airflow/.local/lib/python3.6/site-packages/airflow/example_dags/example_xcom.py
[2023-02-23 16:55:35,796] {scheduler_job.py:643} INFO - DAG(s) dict_keys(['example_xcom']) retrieved from /home/airflow/.local/lib/python3.6/site-packages/airflow/example_dags/example_xcom.py
[2023-02-23 16:55:35,814] {logging_mixin.py:104} INFO - [2023-02-23 16:55:35,814] {dag.py:1833} INFO - Sync 1 DAGs
[2023-02-23 16:55:35,827] {logging_mixin.py:104} INFO - [2023-02-23 16:55:35,827] {dag.py:2306} INFO - Setting next_dagrun for example_xcom to 2023-02-21 00:00:00+00:00
[2023-02-23 16:55:35,836] {scheduler_job.py:190} INFO - Processing /home/airflow/.local/lib/python3.6/site-packages/airflow/example_dags/example_xcom.py took 0.053 seconds
[2023-02-23 16:56:06,101] {scheduler_job.py:182} INFO - Started process (PID=1101) to work on /home/airflow/.local/lib/python3.6/site-packages/airflow/example_dags/example_xcom.py
[2023-02-23 16:56:06,102] {scheduler_job.py:633} INFO - Processing file /home/airflow/.local/lib/python3.6/site-packages/airflow/example_dags/example_xcom.py for tasks to queue
[2023-02-23 16:56:06,103] {logging_mixin.py:104} INFO - [2023-02-23 16:56:06,103] {dagbag.py:496} INFO - Filling up the DagBag from /home/airflow/.local/lib/python3.6/site-packages/airflow/example_dags/example_xcom.py
[2023-02-23 16:56:06,112] {scheduler_job.py:643} INFO - DAG(s) dict_keys(['example_xcom']) retrieved from /home/airflow/.local/lib/python3.6/site-packages/airflow/example_dags/example_xcom.py
[2023-02-23 16:56:06,132] {logging_mixin.py:104} INFO - [2023-02-23 16:56:06,132] {dag.py:1833} INFO - Sync 1 DAGs
[2023-02-23 16:56:06,146] {logging_mixin.py:104} INFO - [2023-02-23 16:56:06,146] {dag.py:2306} INFO - Setting next_dagrun for example_xcom to 2023-02-21 00:00:00+00:00
[2023-02-23 16:56:06,154] {scheduler_job.py:190} INFO - Processing /home/airflow/.local/lib/python3.6/site-packages/airflow/example_dags/example_xcom.py took 0.054 seconds
[2023-02-23 16:56:36,634] {scheduler_job.py:182} INFO - Started process (PID=1153) to work on /home/airflow/.local/lib/python3.6/site-packages/airflow/example_dags/example_xcom.py
[2023-02-23 16:56:36,635] {scheduler_job.py:633} INFO - Processing file /home/airflow/.local/lib/python3.6/site-packages/airflow/example_dags/example_xcom.py for tasks to queue
[2023-02-23 16:56:36,636] {logging_mixin.py:104} INFO - [2023-02-23 16:56:36,636] {dagbag.py:496} INFO - Filling up the DagBag from /home/airflow/.local/lib/python3.6/site-packages/airflow/example_dags/example_xcom.py
[2023-02-23 16:56:36,645] {scheduler_job.py:643} INFO - DAG(s) dict_keys(['example_xcom']) retrieved from /home/airflow/.local/lib/python3.6/site-packages/airflow/example_dags/example_xcom.py
[2023-02-23 16:56:36,665] {logging_mixin.py:104} INFO - [2023-02-23 16:56:36,665] {dag.py:1833} INFO - Sync 1 DAGs
[2023-02-23 16:56:36,679] {logging_mixin.py:104} INFO - [2023-02-23 16:56:36,678] {dag.py:2306} INFO - Setting next_dagrun for example_xcom to 2023-02-21 00:00:00+00:00
[2023-02-23 16:56:36,686] {scheduler_job.py:190} INFO - Processing /home/airflow/.local/lib/python3.6/site-packages/airflow/example_dags/example_xcom.py took 0.054 seconds
[2023-02-23 16:57:07,040] {scheduler_job.py:182} INFO - Started process (PID=1214) to work on /home/airflow/.local/lib/python3.6/site-packages/airflow/example_dags/example_xcom.py
[2023-02-23 16:57:07,041] {scheduler_job.py:633} INFO - Processing file /home/airflow/.local/lib/python3.6/site-packages/airflow/example_dags/example_xcom.py for tasks to queue
[2023-02-23 16:57:07,042] {logging_mixin.py:104} INFO - [2023-02-23 16:57:07,041] {dagbag.py:496} INFO - Filling up the DagBag from /home/airflow/.local/lib/python3.6/site-packages/airflow/example_dags/example_xcom.py
[2023-02-23 16:57:07,051] {scheduler_job.py:643} INFO - DAG(s) dict_keys(['example_xcom']) retrieved from /home/airflow/.local/lib/python3.6/site-packages/airflow/example_dags/example_xcom.py
[2023-02-23 16:57:07,069] {logging_mixin.py:104} INFO - [2023-02-23 16:57:07,069] {dag.py:1833} INFO - Sync 1 DAGs
[2023-02-23 16:57:07,082] {logging_mixin.py:104} INFO - [2023-02-23 16:57:07,082] {dag.py:2306} INFO - Setting next_dagrun for example_xcom to 2023-02-21 00:00:00+00:00
[2023-02-23 16:57:07,089] {scheduler_job.py:190} INFO - Processing /home/airflow/.local/lib/python3.6/site-packages/airflow/example_dags/example_xcom.py took 0.051 seconds
[2023-02-23 16:57:38,059] {scheduler_job.py:182} INFO - Started process (PID=1266) to work on /home/airflow/.local/lib/python3.6/site-packages/airflow/example_dags/example_xcom.py
[2023-02-23 16:57:38,060] {scheduler_job.py:633} INFO - Processing file /home/airflow/.local/lib/python3.6/site-packages/airflow/example_dags/example_xcom.py for tasks to queue
[2023-02-23 16:57:38,061] {logging_mixin.py:104} INFO - [2023-02-23 16:57:38,061] {dagbag.py:496} INFO - Filling up the DagBag from /home/airflow/.local/lib/python3.6/site-packages/airflow/example_dags/example_xcom.py
[2023-02-23 16:57:38,071] {scheduler_job.py:643} INFO - DAG(s) dict_keys(['example_xcom']) retrieved from /home/airflow/.local/lib/python3.6/site-packages/airflow/example_dags/example_xcom.py
[2023-02-23 16:57:38,090] {logging_mixin.py:104} INFO - [2023-02-23 16:57:38,090] {dag.py:1833} INFO - Sync 1 DAGs
[2023-02-23 16:57:38,105] {logging_mixin.py:104} INFO - [2023-02-23 16:57:38,105] {dag.py:2306} INFO - Setting next_dagrun for example_xcom to 2023-02-21 00:00:00+00:00
[2023-02-23 16:57:38,113] {scheduler_job.py:190} INFO - Processing /home/airflow/.local/lib/python3.6/site-packages/airflow/example_dags/example_xcom.py took 0.056 seconds
[2023-02-23 16:58:08,978] {scheduler_job.py:182} INFO - Started process (PID=1328) to work on /home/airflow/.local/lib/python3.6/site-packages/airflow/example_dags/example_xcom.py
[2023-02-23 16:58:08,978] {scheduler_job.py:633} INFO - Processing file /home/airflow/.local/lib/python3.6/site-packages/airflow/example_dags/example_xcom.py for tasks to queue
[2023-02-23 16:58:08,979] {logging_mixin.py:104} INFO - [2023-02-23 16:58:08,979] {dagbag.py:496} INFO - Filling up the DagBag from /home/airflow/.local/lib/python3.6/site-packages/airflow/example_dags/example_xcom.py
[2023-02-23 16:58:08,989] {scheduler_job.py:643} INFO - DAG(s) dict_keys(['example_xcom']) retrieved from /home/airflow/.local/lib/python3.6/site-packages/airflow/example_dags/example_xcom.py
[2023-02-23 16:58:09,006] {logging_mixin.py:104} INFO - [2023-02-23 16:58:09,006] {dag.py:1833} INFO - Sync 1 DAGs
[2023-02-23 16:58:09,019] {logging_mixin.py:104} INFO - [2023-02-23 16:58:09,019] {dag.py:2306} INFO - Setting next_dagrun for example_xcom to 2023-02-21 00:00:00+00:00
[2023-02-23 16:58:09,026] {scheduler_job.py:190} INFO - Processing /home/airflow/.local/lib/python3.6/site-packages/airflow/example_dags/example_xcom.py took 0.051 seconds
[2023-02-23 16:58:39,148] {scheduler_job.py:182} INFO - Started process (PID=1380) to work on /home/airflow/.local/lib/python3.6/site-packages/airflow/example_dags/example_xcom.py
[2023-02-23 16:58:39,149] {scheduler_job.py:633} INFO - Processing file /home/airflow/.local/lib/python3.6/site-packages/airflow/example_dags/example_xcom.py for tasks to queue
[2023-02-23 16:58:39,149] {logging_mixin.py:104} INFO - [2023-02-23 16:58:39,149] {dagbag.py:496} INFO - Filling up the DagBag from /home/airflow/.local/lib/python3.6/site-packages/airflow/example_dags/example_xcom.py
[2023-02-23 16:58:39,159] {scheduler_job.py:643} INFO - DAG(s) dict_keys(['example_xcom']) retrieved from /home/airflow/.local/lib/python3.6/site-packages/airflow/example_dags/example_xcom.py
[2023-02-23 16:58:39,180] {logging_mixin.py:104} INFO - [2023-02-23 16:58:39,180] {dag.py:1833} INFO - Sync 1 DAGs
[2023-02-23 16:58:39,194] {logging_mixin.py:104} INFO - [2023-02-23 16:58:39,194] {dag.py:2306} INFO - Setting next_dagrun for example_xcom to 2023-02-21 00:00:00+00:00
[2023-02-23 16:58:39,202] {scheduler_job.py:190} INFO - Processing /home/airflow/.local/lib/python3.6/site-packages/airflow/example_dags/example_xcom.py took 0.056 seconds
[2023-02-23 16:59:09,547] {scheduler_job.py:182} INFO - Started process (PID=1442) to work on /home/airflow/.local/lib/python3.6/site-packages/airflow/example_dags/example_xcom.py
[2023-02-23 16:59:09,548] {scheduler_job.py:633} INFO - Processing file /home/airflow/.local/lib/python3.6/site-packages/airflow/example_dags/example_xcom.py for tasks to queue
[2023-02-23 16:59:09,549] {logging_mixin.py:104} INFO - [2023-02-23 16:59:09,549] {dagbag.py:496} INFO - Filling up the DagBag from /home/airflow/.local/lib/python3.6/site-packages/airflow/example_dags/example_xcom.py
[2023-02-23 16:59:09,559] {scheduler_job.py:643} INFO - DAG(s) dict_keys(['example_xcom']) retrieved from /home/airflow/.local/lib/python3.6/site-packages/airflow/example_dags/example_xcom.py
[2023-02-23 16:59:09,579] {logging_mixin.py:104} INFO - [2023-02-23 16:59:09,578] {dag.py:1833} INFO - Sync 1 DAGs
[2023-02-23 16:59:09,597] {logging_mixin.py:104} INFO - [2023-02-23 16:59:09,597] {dag.py:2306} INFO - Setting next_dagrun for example_xcom to 2023-02-21 00:00:00+00:00
[2023-02-23 16:59:09,605] {scheduler_job.py:190} INFO - Processing /home/airflow/.local/lib/python3.6/site-packages/airflow/example_dags/example_xcom.py took 0.061 seconds
[2023-02-23 16:59:40,510] {scheduler_job.py:182} INFO - Started process (PID=1495) to work on /home/airflow/.local/lib/python3.6/site-packages/airflow/example_dags/example_xcom.py
[2023-02-23 16:59:40,511] {scheduler_job.py:633} INFO - Processing file /home/airflow/.local/lib/python3.6/site-packages/airflow/example_dags/example_xcom.py for tasks to queue
[2023-02-23 16:59:40,512] {logging_mixin.py:104} INFO - [2023-02-23 16:59:40,512] {dagbag.py:496} INFO - Filling up the DagBag from /home/airflow/.local/lib/python3.6/site-packages/airflow/example_dags/example_xcom.py
[2023-02-23 16:59:40,522] {scheduler_job.py:643} INFO - DAG(s) dict_keys(['example_xcom']) retrieved from /home/airflow/.local/lib/python3.6/site-packages/airflow/example_dags/example_xcom.py
[2023-02-23 16:59:40,540] {logging_mixin.py:104} INFO - [2023-02-23 16:59:40,540] {dag.py:1833} INFO - Sync 1 DAGs
[2023-02-23 16:59:40,553] {logging_mixin.py:104} INFO - [2023-02-23 16:59:40,553] {dag.py:2306} INFO - Setting next_dagrun for example_xcom to 2023-02-21 00:00:00+00:00
[2023-02-23 16:59:40,562] {scheduler_job.py:190} INFO - Processing /home/airflow/.local/lib/python3.6/site-packages/airflow/example_dags/example_xcom.py took 0.054 seconds
[2023-02-23 17:00:10,727] {scheduler_job.py:182} INFO - Started process (PID=1558) to work on /home/airflow/.local/lib/python3.6/site-packages/airflow/example_dags/example_xcom.py
[2023-02-23 17:00:10,728] {scheduler_job.py:633} INFO - Processing file /home/airflow/.local/lib/python3.6/site-packages/airflow/example_dags/example_xcom.py for tasks to queue
[2023-02-23 17:00:10,728] {logging_mixin.py:104} INFO - [2023-02-23 17:00:10,728] {dagbag.py:496} INFO - Filling up the DagBag from /home/airflow/.local/lib/python3.6/site-packages/airflow/example_dags/example_xcom.py
[2023-02-23 17:00:10,739] {scheduler_job.py:643} INFO - DAG(s) dict_keys(['example_xcom']) retrieved from /home/airflow/.local/lib/python3.6/site-packages/airflow/example_dags/example_xcom.py
[2023-02-23 17:00:10,760] {logging_mixin.py:104} INFO - [2023-02-23 17:00:10,760] {dag.py:1833} INFO - Sync 1 DAGs
[2023-02-23 17:00:10,775] {logging_mixin.py:104} INFO - [2023-02-23 17:00:10,775] {dag.py:2306} INFO - Setting next_dagrun for example_xcom to 2023-02-21 00:00:00+00:00
[2023-02-23 17:00:10,784] {scheduler_job.py:190} INFO - Processing /home/airflow/.local/lib/python3.6/site-packages/airflow/example_dags/example_xcom.py took 0.060 seconds
[2023-02-23 17:00:41,183] {scheduler_job.py:182} INFO - Started process (PID=1610) to work on /home/airflow/.local/lib/python3.6/site-packages/airflow/example_dags/example_xcom.py
[2023-02-23 17:00:41,183] {scheduler_job.py:633} INFO - Processing file /home/airflow/.local/lib/python3.6/site-packages/airflow/example_dags/example_xcom.py for tasks to queue
[2023-02-23 17:00:41,184] {logging_mixin.py:104} INFO - [2023-02-23 17:00:41,184] {dagbag.py:496} INFO - Filling up the DagBag from /home/airflow/.local/lib/python3.6/site-packages/airflow/example_dags/example_xcom.py
[2023-02-23 17:00:41,195] {scheduler_job.py:643} INFO - DAG(s) dict_keys(['example_xcom']) retrieved from /home/airflow/.local/lib/python3.6/site-packages/airflow/example_dags/example_xcom.py
[2023-02-23 17:00:41,215] {logging_mixin.py:104} INFO - [2023-02-23 17:00:41,215] {dag.py:1833} INFO - Sync 1 DAGs
[2023-02-23 17:00:41,277] {logging_mixin.py:104} INFO - [2023-02-23 17:00:41,277] {dag.py:2306} INFO - Setting next_dagrun for example_xcom to 2023-02-21 00:00:00+00:00
[2023-02-23 17:00:41,289] {scheduler_job.py:190} INFO - Processing /home/airflow/.local/lib/python3.6/site-packages/airflow/example_dags/example_xcom.py took 0.109 seconds
[2023-02-23 17:01:11,340] {scheduler_job.py:182} INFO - Started process (PID=1673) to work on /home/airflow/.local/lib/python3.6/site-packages/airflow/example_dags/example_xcom.py
[2023-02-23 17:01:11,341] {scheduler_job.py:633} INFO - Processing file /home/airflow/.local/lib/python3.6/site-packages/airflow/example_dags/example_xcom.py for tasks to queue
[2023-02-23 17:01:11,342] {logging_mixin.py:104} INFO - [2023-02-23 17:01:11,341] {dagbag.py:496} INFO - Filling up the DagBag from /home/airflow/.local/lib/python3.6/site-packages/airflow/example_dags/example_xcom.py
[2023-02-23 17:01:11,356] {scheduler_job.py:643} INFO - DAG(s) dict_keys(['example_xcom']) retrieved from /home/airflow/.local/lib/python3.6/site-packages/airflow/example_dags/example_xcom.py
[2023-02-23 17:01:11,381] {logging_mixin.py:104} INFO - [2023-02-23 17:01:11,381] {dag.py:1833} INFO - Sync 1 DAGs
[2023-02-23 17:01:11,399] {logging_mixin.py:104} INFO - [2023-02-23 17:01:11,399] {dag.py:2306} INFO - Setting next_dagrun for example_xcom to 2023-02-21 00:00:00+00:00
[2023-02-23 17:01:11,411] {scheduler_job.py:190} INFO - Processing /home/airflow/.local/lib/python3.6/site-packages/airflow/example_dags/example_xcom.py took 0.074 seconds
[2023-02-23 17:01:41,898] {scheduler_job.py:182} INFO - Started process (PID=1725) to work on /home/airflow/.local/lib/python3.6/site-packages/airflow/example_dags/example_xcom.py
[2023-02-23 17:01:41,898] {scheduler_job.py:633} INFO - Processing file /home/airflow/.local/lib/python3.6/site-packages/airflow/example_dags/example_xcom.py for tasks to queue
[2023-02-23 17:01:41,899] {logging_mixin.py:104} INFO - [2023-02-23 17:01:41,899] {dagbag.py:496} INFO - Filling up the DagBag from /home/airflow/.local/lib/python3.6/site-packages/airflow/example_dags/example_xcom.py
[2023-02-23 17:01:41,910] {scheduler_job.py:643} INFO - DAG(s) dict_keys(['example_xcom']) retrieved from /home/airflow/.local/lib/python3.6/site-packages/airflow/example_dags/example_xcom.py
[2023-02-23 17:01:41,926] {logging_mixin.py:104} INFO - [2023-02-23 17:01:41,926] {dag.py:1833} INFO - Sync 1 DAGs
[2023-02-23 17:01:41,938] {logging_mixin.py:104} INFO - [2023-02-23 17:01:41,938] {dag.py:2306} INFO - Setting next_dagrun for example_xcom to 2023-02-21 00:00:00+00:00
[2023-02-23 17:01:41,946] {scheduler_job.py:190} INFO - Processing /home/airflow/.local/lib/python3.6/site-packages/airflow/example_dags/example_xcom.py took 0.051 seconds
[2023-02-23 17:02:12,178] {scheduler_job.py:182} INFO - Started process (PID=1787) to work on /home/airflow/.local/lib/python3.6/site-packages/airflow/example_dags/example_xcom.py
[2023-02-23 17:02:12,179] {scheduler_job.py:633} INFO - Processing file /home/airflow/.local/lib/python3.6/site-packages/airflow/example_dags/example_xcom.py for tasks to queue
[2023-02-23 17:02:12,179] {logging_mixin.py:104} INFO - [2023-02-23 17:02:12,179] {dagbag.py:496} INFO - Filling up the DagBag from /home/airflow/.local/lib/python3.6/site-packages/airflow/example_dags/example_xcom.py
[2023-02-23 17:02:12,190] {scheduler_job.py:643} INFO - DAG(s) dict_keys(['example_xcom']) retrieved from /home/airflow/.local/lib/python3.6/site-packages/airflow/example_dags/example_xcom.py
[2023-02-23 17:02:12,207] {logging_mixin.py:104} INFO - [2023-02-23 17:02:12,207] {dag.py:1833} INFO - Sync 1 DAGs
[2023-02-23 17:02:12,219] {logging_mixin.py:104} INFO - [2023-02-23 17:02:12,219] {dag.py:2306} INFO - Setting next_dagrun for example_xcom to 2023-02-21 00:00:00+00:00
[2023-02-23 17:02:12,226] {scheduler_job.py:190} INFO - Processing /home/airflow/.local/lib/python3.6/site-packages/airflow/example_dags/example_xcom.py took 0.051 seconds
[2023-02-23 17:02:43,299] {scheduler_job.py:182} INFO - Started process (PID=1839) to work on /home/airflow/.local/lib/python3.6/site-packages/airflow/example_dags/example_xcom.py
[2023-02-23 17:02:43,299] {scheduler_job.py:633} INFO - Processing file /home/airflow/.local/lib/python3.6/site-packages/airflow/example_dags/example_xcom.py for tasks to queue
[2023-02-23 17:02:43,300] {logging_mixin.py:104} INFO - [2023-02-23 17:02:43,300] {dagbag.py:496} INFO - Filling up the DagBag from /home/airflow/.local/lib/python3.6/site-packages/airflow/example_dags/example_xcom.py
[2023-02-23 17:02:43,313] {scheduler_job.py:643} INFO - DAG(s) dict_keys(['example_xcom']) retrieved from /home/airflow/.local/lib/python3.6/site-packages/airflow/example_dags/example_xcom.py
[2023-02-23 17:02:43,337] {logging_mixin.py:104} INFO - [2023-02-23 17:02:43,337] {dag.py:1833} INFO - Sync 1 DAGs
[2023-02-23 17:02:43,355] {logging_mixin.py:104} INFO - [2023-02-23 17:02:43,354] {dag.py:2306} INFO - Setting next_dagrun for example_xcom to 2023-02-21 00:00:00+00:00
[2023-02-23 17:02:43,366] {scheduler_job.py:190} INFO - Processing /home/airflow/.local/lib/python3.6/site-packages/airflow/example_dags/example_xcom.py took 0.070 seconds
[2023-02-23 17:03:13,514] {scheduler_job.py:182} INFO - Started process (PID=1898) to work on /home/airflow/.local/lib/python3.6/site-packages/airflow/example_dags/example_xcom.py
[2023-02-23 17:03:13,515] {scheduler_job.py:633} INFO - Processing file /home/airflow/.local/lib/python3.6/site-packages/airflow/example_dags/example_xcom.py for tasks to queue
[2023-02-23 17:03:13,516] {logging_mixin.py:104} INFO - [2023-02-23 17:03:13,516] {dagbag.py:496} INFO - Filling up the DagBag from /home/airflow/.local/lib/python3.6/site-packages/airflow/example_dags/example_xcom.py
[2023-02-23 17:03:13,528] {scheduler_job.py:643} INFO - DAG(s) dict_keys(['example_xcom']) retrieved from /home/airflow/.local/lib/python3.6/site-packages/airflow/example_dags/example_xcom.py
[2023-02-23 17:03:13,549] {logging_mixin.py:104} INFO - [2023-02-23 17:03:13,548] {dag.py:1833} INFO - Sync 1 DAGs
[2023-02-23 17:03:13,567] {logging_mixin.py:104} INFO - [2023-02-23 17:03:13,567] {dag.py:2306} INFO - Setting next_dagrun for example_xcom to 2023-02-21 00:00:00+00:00
[2023-02-23 17:03:13,577] {scheduler_job.py:190} INFO - Processing /home/airflow/.local/lib/python3.6/site-packages/airflow/example_dags/example_xcom.py took 0.065 seconds
[2023-02-23 17:03:43,662] {scheduler_job.py:182} INFO - Started process (PID=1953) to work on /home/airflow/.local/lib/python3.6/site-packages/airflow/example_dags/example_xcom.py
[2023-02-23 17:03:43,663] {scheduler_job.py:633} INFO - Processing file /home/airflow/.local/lib/python3.6/site-packages/airflow/example_dags/example_xcom.py for tasks to queue
[2023-02-23 17:03:43,664] {logging_mixin.py:104} INFO - [2023-02-23 17:03:43,664] {dagbag.py:496} INFO - Filling up the DagBag from /home/airflow/.local/lib/python3.6/site-packages/airflow/example_dags/example_xcom.py
[2023-02-23 17:03:43,683] {scheduler_job.py:643} INFO - DAG(s) dict_keys(['example_xcom']) retrieved from /home/airflow/.local/lib/python3.6/site-packages/airflow/example_dags/example_xcom.py
[2023-02-23 17:03:43,704] {logging_mixin.py:104} INFO - [2023-02-23 17:03:43,704] {dag.py:1833} INFO - Sync 1 DAGs
[2023-02-23 17:03:43,720] {logging_mixin.py:104} INFO - [2023-02-23 17:03:43,719] {dag.py:2306} INFO - Setting next_dagrun for example_xcom to 2023-02-21 00:00:00+00:00
[2023-02-23 17:03:43,729] {scheduler_job.py:190} INFO - Processing /home/airflow/.local/lib/python3.6/site-packages/airflow/example_dags/example_xcom.py took 0.069 seconds
[2023-02-23 17:04:14,443] {scheduler_job.py:182} INFO - Started process (PID=2005) to work on /home/airflow/.local/lib/python3.6/site-packages/airflow/example_dags/example_xcom.py
[2023-02-23 17:04:14,446] {scheduler_job.py:633} INFO - Processing file /home/airflow/.local/lib/python3.6/site-packages/airflow/example_dags/example_xcom.py for tasks to queue
[2023-02-23 17:04:14,447] {logging_mixin.py:104} INFO - [2023-02-23 17:04:14,447] {dagbag.py:496} INFO - Filling up the DagBag from /home/airflow/.local/lib/python3.6/site-packages/airflow/example_dags/example_xcom.py
[2023-02-23 17:04:14,455] {scheduler_job.py:643} INFO - DAG(s) dict_keys(['example_xcom']) retrieved from /home/airflow/.local/lib/python3.6/site-packages/airflow/example_dags/example_xcom.py
[2023-02-23 17:04:14,472] {logging_mixin.py:104} INFO - [2023-02-23 17:04:14,472] {dag.py:1833} INFO - Sync 1 DAGs
[2023-02-23 17:04:14,485] {logging_mixin.py:104} INFO - [2023-02-23 17:04:14,484] {dag.py:2306} INFO - Setting next_dagrun for example_xcom to 2023-02-21 00:00:00+00:00
[2023-02-23 17:04:14,492] {scheduler_job.py:190} INFO - Processing /home/airflow/.local/lib/python3.6/site-packages/airflow/example_dags/example_xcom.py took 0.051 seconds
[2023-02-23 17:04:45,551] {scheduler_job.py:182} INFO - Started process (PID=2068) to work on /home/airflow/.local/lib/python3.6/site-packages/airflow/example_dags/example_xcom.py
[2023-02-23 17:04:45,552] {scheduler_job.py:633} INFO - Processing file /home/airflow/.local/lib/python3.6/site-packages/airflow/example_dags/example_xcom.py for tasks to queue
[2023-02-23 17:04:45,552] {logging_mixin.py:104} INFO - [2023-02-23 17:04:45,552] {dagbag.py:496} INFO - Filling up the DagBag from /home/airflow/.local/lib/python3.6/site-packages/airflow/example_dags/example_xcom.py
[2023-02-23 17:04:45,563] {scheduler_job.py:643} INFO - DAG(s) dict_keys(['example_xcom']) retrieved from /home/airflow/.local/lib/python3.6/site-packages/airflow/example_dags/example_xcom.py
[2023-02-23 17:04:45,587] {logging_mixin.py:104} INFO - [2023-02-23 17:04:45,587] {dag.py:1833} INFO - Sync 1 DAGs
[2023-02-23 17:04:45,599] {logging_mixin.py:104} INFO - [2023-02-23 17:04:45,599] {dag.py:2306} INFO - Setting next_dagrun for example_xcom to 2023-02-21 00:00:00+00:00
[2023-02-23 17:04:45,607] {scheduler_job.py:190} INFO - Processing /home/airflow/.local/lib/python3.6/site-packages/airflow/example_dags/example_xcom.py took 0.058 seconds
[2023-02-23 17:05:16,160] {scheduler_job.py:182} INFO - Started process (PID=2129) to work on /home/airflow/.local/lib/python3.6/site-packages/airflow/example_dags/example_xcom.py
[2023-02-23 17:05:16,161] {scheduler_job.py:633} INFO - Processing file /home/airflow/.local/lib/python3.6/site-packages/airflow/example_dags/example_xcom.py for tasks to queue
[2023-02-23 17:05:16,161] {logging_mixin.py:104} INFO - [2023-02-23 17:05:16,161] {dagbag.py:496} INFO - Filling up the DagBag from /home/airflow/.local/lib/python3.6/site-packages/airflow/example_dags/example_xcom.py
[2023-02-23 17:05:16,177] {scheduler_job.py:643} INFO - DAG(s) dict_keys(['example_xcom']) retrieved from /home/airflow/.local/lib/python3.6/site-packages/airflow/example_dags/example_xcom.py
[2023-02-23 17:05:16,195] {logging_mixin.py:104} INFO - [2023-02-23 17:05:16,195] {dag.py:1833} INFO - Sync 1 DAGs
[2023-02-23 17:05:16,210] {logging_mixin.py:104} INFO - [2023-02-23 17:05:16,210] {dag.py:2306} INFO - Setting next_dagrun for example_xcom to 2023-02-21 00:00:00+00:00
[2023-02-23 17:05:16,217] {scheduler_job.py:190} INFO - Processing /home/airflow/.local/lib/python3.6/site-packages/airflow/example_dags/example_xcom.py took 0.059 seconds
[2023-02-23 17:05:46,553] {scheduler_job.py:182} INFO - Started process (PID=2182) to work on /home/airflow/.local/lib/python3.6/site-packages/airflow/example_dags/example_xcom.py
[2023-02-23 17:05:46,553] {scheduler_job.py:633} INFO - Processing file /home/airflow/.local/lib/python3.6/site-packages/airflow/example_dags/example_xcom.py for tasks to queue
[2023-02-23 17:05:46,554] {logging_mixin.py:104} INFO - [2023-02-23 17:05:46,554] {dagbag.py:496} INFO - Filling up the DagBag from /home/airflow/.local/lib/python3.6/site-packages/airflow/example_dags/example_xcom.py
[2023-02-23 17:05:46,562] {scheduler_job.py:643} INFO - DAG(s) dict_keys(['example_xcom']) retrieved from /home/airflow/.local/lib/python3.6/site-packages/airflow/example_dags/example_xcom.py
[2023-02-23 17:05:46,580] {logging_mixin.py:104} INFO - [2023-02-23 17:05:46,579] {dag.py:1833} INFO - Sync 1 DAGs
[2023-02-23 17:05:46,592] {logging_mixin.py:104} INFO - [2023-02-23 17:05:46,591] {dag.py:2306} INFO - Setting next_dagrun for example_xcom to 2023-02-21 00:00:00+00:00
[2023-02-23 17:05:46,599] {scheduler_job.py:190} INFO - Processing /home/airflow/.local/lib/python3.6/site-packages/airflow/example_dags/example_xcom.py took 0.048 seconds
[2023-02-23 17:06:17,724] {scheduler_job.py:182} INFO - Started process (PID=2240) to work on /home/airflow/.local/lib/python3.6/site-packages/airflow/example_dags/example_xcom.py
[2023-02-23 17:06:17,724] {scheduler_job.py:633} INFO - Processing file /home/airflow/.local/lib/python3.6/site-packages/airflow/example_dags/example_xcom.py for tasks to queue
[2023-02-23 17:06:17,725] {logging_mixin.py:104} INFO - [2023-02-23 17:06:17,725] {dagbag.py:496} INFO - Filling up the DagBag from /home/airflow/.local/lib/python3.6/site-packages/airflow/example_dags/example_xcom.py
[2023-02-23 17:06:17,735] {scheduler_job.py:643} INFO - DAG(s) dict_keys(['example_xcom']) retrieved from /home/airflow/.local/lib/python3.6/site-packages/airflow/example_dags/example_xcom.py
[2023-02-23 17:06:17,752] {logging_mixin.py:104} INFO - [2023-02-23 17:06:17,752] {dag.py:1833} INFO - Sync 1 DAGs
[2023-02-23 17:06:17,785] {logging_mixin.py:104} INFO - [2023-02-23 17:06:17,785] {dag.py:2306} INFO - Setting next_dagrun for example_xcom to 2023-02-21 00:00:00+00:00
[2023-02-23 17:06:17,793] {scheduler_job.py:190} INFO - Processing /home/airflow/.local/lib/python3.6/site-packages/airflow/example_dags/example_xcom.py took 0.072 seconds
[2023-02-23 17:06:49,400] {scheduler_job.py:182} INFO - Started process (PID=2297) to work on /home/airflow/.local/lib/python3.6/site-packages/airflow/example_dags/example_xcom.py
[2023-02-23 17:06:49,401] {scheduler_job.py:633} INFO - Processing file /home/airflow/.local/lib/python3.6/site-packages/airflow/example_dags/example_xcom.py for tasks to queue
[2023-02-23 17:06:49,402] {logging_mixin.py:104} INFO - [2023-02-23 17:06:49,402] {dagbag.py:496} INFO - Filling up the DagBag from /home/airflow/.local/lib/python3.6/site-packages/airflow/example_dags/example_xcom.py
[2023-02-23 17:06:49,412] {scheduler_job.py:643} INFO - DAG(s) dict_keys(['example_xcom']) retrieved from /home/airflow/.local/lib/python3.6/site-packages/airflow/example_dags/example_xcom.py
[2023-02-23 17:06:49,429] {logging_mixin.py:104} INFO - [2023-02-23 17:06:49,429] {dag.py:1833} INFO - Sync 1 DAGs
[2023-02-23 17:06:49,442] {logging_mixin.py:104} INFO - [2023-02-23 17:06:49,442] {dag.py:2306} INFO - Setting next_dagrun for example_xcom to 2023-02-21 00:00:00+00:00
[2023-02-23 17:06:49,450] {scheduler_job.py:190} INFO - Processing /home/airflow/.local/lib/python3.6/site-packages/airflow/example_dags/example_xcom.py took 0.052 seconds
[2023-02-23 17:07:19,991] {scheduler_job.py:182} INFO - Started process (PID=2358) to work on /home/airflow/.local/lib/python3.6/site-packages/airflow/example_dags/example_xcom.py
[2023-02-23 17:07:19,991] {scheduler_job.py:633} INFO - Processing file /home/airflow/.local/lib/python3.6/site-packages/airflow/example_dags/example_xcom.py for tasks to queue
[2023-02-23 17:07:19,992] {logging_mixin.py:104} INFO - [2023-02-23 17:07:19,992] {dagbag.py:496} INFO - Filling up the DagBag from /home/airflow/.local/lib/python3.6/site-packages/airflow/example_dags/example_xcom.py
[2023-02-23 17:07:20,000] {scheduler_job.py:643} INFO - DAG(s) dict_keys(['example_xcom']) retrieved from /home/airflow/.local/lib/python3.6/site-packages/airflow/example_dags/example_xcom.py
[2023-02-23 17:07:20,018] {logging_mixin.py:104} INFO - [2023-02-23 17:07:20,018] {dag.py:1833} INFO - Sync 1 DAGs
[2023-02-23 17:07:20,030] {logging_mixin.py:104} INFO - [2023-02-23 17:07:20,030] {dag.py:2306} INFO - Setting next_dagrun for example_xcom to 2023-02-21 00:00:00+00:00
[2023-02-23 17:07:20,038] {scheduler_job.py:190} INFO - Processing /home/airflow/.local/lib/python3.6/site-packages/airflow/example_dags/example_xcom.py took 0.049 seconds
[2023-02-23 17:07:51,080] {scheduler_job.py:182} INFO - Started process (PID=2411) to work on /home/airflow/.local/lib/python3.6/site-packages/airflow/example_dags/example_xcom.py
[2023-02-23 17:07:51,080] {scheduler_job.py:633} INFO - Processing file /home/airflow/.local/lib/python3.6/site-packages/airflow/example_dags/example_xcom.py for tasks to queue
[2023-02-23 17:07:51,081] {logging_mixin.py:104} INFO - [2023-02-23 17:07:51,081] {dagbag.py:496} INFO - Filling up the DagBag from /home/airflow/.local/lib/python3.6/site-packages/airflow/example_dags/example_xcom.py
[2023-02-23 17:07:51,092] {scheduler_job.py:643} INFO - DAG(s) dict_keys(['example_xcom']) retrieved from /home/airflow/.local/lib/python3.6/site-packages/airflow/example_dags/example_xcom.py
[2023-02-23 17:07:51,111] {logging_mixin.py:104} INFO - [2023-02-23 17:07:51,111] {dag.py:1833} INFO - Sync 1 DAGs
[2023-02-23 17:07:51,129] {logging_mixin.py:104} INFO - [2023-02-23 17:07:51,128] {dag.py:2306} INFO - Setting next_dagrun for example_xcom to 2023-02-21 00:00:00+00:00
[2023-02-23 17:07:51,176] {scheduler_job.py:190} INFO - Processing /home/airflow/.local/lib/python3.6/site-packages/airflow/example_dags/example_xcom.py took 0.099 seconds
[2023-02-23 17:08:21,613] {scheduler_job.py:182} INFO - Started process (PID=2472) to work on /home/airflow/.local/lib/python3.6/site-packages/airflow/example_dags/example_xcom.py
[2023-02-23 17:08:21,614] {scheduler_job.py:633} INFO - Processing file /home/airflow/.local/lib/python3.6/site-packages/airflow/example_dags/example_xcom.py for tasks to queue
[2023-02-23 17:08:21,614] {logging_mixin.py:104} INFO - [2023-02-23 17:08:21,614] {dagbag.py:496} INFO - Filling up the DagBag from /home/airflow/.local/lib/python3.6/site-packages/airflow/example_dags/example_xcom.py
[2023-02-23 17:08:21,624] {scheduler_job.py:643} INFO - DAG(s) dict_keys(['example_xcom']) retrieved from /home/airflow/.local/lib/python3.6/site-packages/airflow/example_dags/example_xcom.py
[2023-02-23 17:08:21,642] {logging_mixin.py:104} INFO - [2023-02-23 17:08:21,642] {dag.py:1833} INFO - Sync 1 DAGs
[2023-02-23 17:08:21,674] {logging_mixin.py:104} INFO - [2023-02-23 17:08:21,674] {dag.py:2306} INFO - Setting next_dagrun for example_xcom to 2023-02-21 00:00:00+00:00
[2023-02-23 17:08:21,681] {scheduler_job.py:190} INFO - Processing /home/airflow/.local/lib/python3.6/site-packages/airflow/example_dags/example_xcom.py took 0.070 seconds
[2023-02-23 17:08:52,071] {scheduler_job.py:182} INFO - Started process (PID=2525) to work on /home/airflow/.local/lib/python3.6/site-packages/airflow/example_dags/example_xcom.py
[2023-02-23 17:08:52,072] {scheduler_job.py:633} INFO - Processing file /home/airflow/.local/lib/python3.6/site-packages/airflow/example_dags/example_xcom.py for tasks to queue
[2023-02-23 17:08:52,073] {logging_mixin.py:104} INFO - [2023-02-23 17:08:52,072] {dagbag.py:496} INFO - Filling up the DagBag from /home/airflow/.local/lib/python3.6/site-packages/airflow/example_dags/example_xcom.py
[2023-02-23 17:08:52,082] {scheduler_job.py:643} INFO - DAG(s) dict_keys(['example_xcom']) retrieved from /home/airflow/.local/lib/python3.6/site-packages/airflow/example_dags/example_xcom.py
[2023-02-23 17:08:52,100] {logging_mixin.py:104} INFO - [2023-02-23 17:08:52,100] {dag.py:1833} INFO - Sync 1 DAGs
[2023-02-23 17:08:52,113] {logging_mixin.py:104} INFO - [2023-02-23 17:08:52,113] {dag.py:2306} INFO - Setting next_dagrun for example_xcom to 2023-02-21 00:00:00+00:00
[2023-02-23 17:08:52,120] {scheduler_job.py:190} INFO - Processing /home/airflow/.local/lib/python3.6/site-packages/airflow/example_dags/example_xcom.py took 0.052 seconds
[2023-02-23 17:09:22,547] {scheduler_job.py:182} INFO - Started process (PID=2577) to work on /home/airflow/.local/lib/python3.6/site-packages/airflow/example_dags/example_xcom.py
[2023-02-23 17:09:22,548] {scheduler_job.py:633} INFO - Processing file /home/airflow/.local/lib/python3.6/site-packages/airflow/example_dags/example_xcom.py for tasks to queue
[2023-02-23 17:09:22,548] {logging_mixin.py:104} INFO - [2023-02-23 17:09:22,548] {dagbag.py:496} INFO - Filling up the DagBag from /home/airflow/.local/lib/python3.6/site-packages/airflow/example_dags/example_xcom.py
[2023-02-23 17:09:22,557] {scheduler_job.py:643} INFO - DAG(s) dict_keys(['example_xcom']) retrieved from /home/airflow/.local/lib/python3.6/site-packages/airflow/example_dags/example_xcom.py
[2023-02-23 17:09:22,577] {logging_mixin.py:104} INFO - [2023-02-23 17:09:22,577] {dag.py:1833} INFO - Sync 1 DAGs
[2023-02-23 17:09:22,590] {logging_mixin.py:104} INFO - [2023-02-23 17:09:22,590] {dag.py:2306} INFO - Setting next_dagrun for example_xcom to 2023-02-21 00:00:00+00:00
[2023-02-23 17:09:22,597] {scheduler_job.py:190} INFO - Processing /home/airflow/.local/lib/python3.6/site-packages/airflow/example_dags/example_xcom.py took 0.053 seconds
[2023-02-23 17:09:56,778] {scheduler_job.py:182} INFO - Started process (PID=2640) to work on /home/airflow/.local/lib/python3.6/site-packages/airflow/example_dags/example_xcom.py
[2023-02-23 17:09:56,779] {scheduler_job.py:633} INFO - Processing file /home/airflow/.local/lib/python3.6/site-packages/airflow/example_dags/example_xcom.py for tasks to queue
[2023-02-23 17:09:56,780] {logging_mixin.py:104} INFO - [2023-02-23 17:09:56,779] {dagbag.py:496} INFO - Filling up the DagBag from /home/airflow/.local/lib/python3.6/site-packages/airflow/example_dags/example_xcom.py
[2023-02-23 17:09:56,792] {scheduler_job.py:643} INFO - DAG(s) dict_keys(['example_xcom']) retrieved from /home/airflow/.local/lib/python3.6/site-packages/airflow/example_dags/example_xcom.py
[2023-02-23 17:09:56,978] {logging_mixin.py:104} INFO - [2023-02-23 17:09:56,978] {dag.py:1833} INFO - Sync 1 DAGs
[2023-02-23 17:09:57,080] {logging_mixin.py:104} INFO - [2023-02-23 17:09:57,080] {dag.py:2306} INFO - Setting next_dagrun for example_xcom to 2023-02-21 00:00:00+00:00
[2023-02-23 17:09:57,090] {scheduler_job.py:190} INFO - Processing /home/airflow/.local/lib/python3.6/site-packages/airflow/example_dags/example_xcom.py took 0.315 seconds
[2023-02-23 17:10:27,665] {scheduler_job.py:182} INFO - Started process (PID=2693) to work on /home/airflow/.local/lib/python3.6/site-packages/airflow/example_dags/example_xcom.py
[2023-02-23 17:10:27,666] {scheduler_job.py:633} INFO - Processing file /home/airflow/.local/lib/python3.6/site-packages/airflow/example_dags/example_xcom.py for tasks to queue
[2023-02-23 17:10:27,667] {logging_mixin.py:104} INFO - [2023-02-23 17:10:27,666] {dagbag.py:496} INFO - Filling up the DagBag from /home/airflow/.local/lib/python3.6/site-packages/airflow/example_dags/example_xcom.py
[2023-02-23 17:10:27,675] {scheduler_job.py:643} INFO - DAG(s) dict_keys(['example_xcom']) retrieved from /home/airflow/.local/lib/python3.6/site-packages/airflow/example_dags/example_xcom.py
[2023-02-23 17:10:27,694] {logging_mixin.py:104} INFO - [2023-02-23 17:10:27,694] {dag.py:1833} INFO - Sync 1 DAGs
[2023-02-23 17:10:27,708] {logging_mixin.py:104} INFO - [2023-02-23 17:10:27,708] {dag.py:2306} INFO - Setting next_dagrun for example_xcom to 2023-02-21 00:00:00+00:00
[2023-02-23 17:10:27,716] {scheduler_job.py:190} INFO - Processing /home/airflow/.local/lib/python3.6/site-packages/airflow/example_dags/example_xcom.py took 0.053 seconds
