[2023-02-23 19:43:01,520] {scheduler_job.py:182} INFO - Started process (PID=84) to work on /home/airflow/.local/lib/python3.6/site-packages/airflow/example_dags/example_trigger_target_dag.py
[2023-02-23 19:43:01,521] {scheduler_job.py:633} INFO - Processing file /home/airflow/.local/lib/python3.6/site-packages/airflow/example_dags/example_trigger_target_dag.py for tasks to queue
[2023-02-23 19:43:01,521] {logging_mixin.py:104} INFO - [2023-02-23 19:43:01,521] {dagbag.py:496} INFO - Filling up the DagBag from /home/airflow/.local/lib/python3.6/site-packages/airflow/example_dags/example_trigger_target_dag.py
[2023-02-23 19:43:01,575] {scheduler_job.py:643} INFO - DAG(s) dict_keys(['example_trigger_target_dag']) retrieved from /home/airflow/.local/lib/python3.6/site-packages/airflow/example_dags/example_trigger_target_dag.py
[2023-02-23 19:43:01,595] {logging_mixin.py:104} INFO - [2023-02-23 19:43:01,595] {dag.py:1833} INFO - Sync 1 DAGs
[2023-02-23 19:43:01,609] {logging_mixin.py:104} INFO - [2023-02-23 19:43:01,609] {dag.py:2306} INFO - Setting next_dagrun for example_trigger_target_dag to None
[2023-02-23 19:43:01,617] {scheduler_job.py:190} INFO - Processing /home/airflow/.local/lib/python3.6/site-packages/airflow/example_dags/example_trigger_target_dag.py took 0.099 seconds
[2023-02-23 19:43:32,560] {scheduler_job.py:182} INFO - Started process (PID=142) to work on /home/airflow/.local/lib/python3.6/site-packages/airflow/example_dags/example_trigger_target_dag.py
[2023-02-23 19:43:32,561] {scheduler_job.py:633} INFO - Processing file /home/airflow/.local/lib/python3.6/site-packages/airflow/example_dags/example_trigger_target_dag.py for tasks to queue
[2023-02-23 19:43:32,561] {logging_mixin.py:104} INFO - [2023-02-23 19:43:32,561] {dagbag.py:496} INFO - Filling up the DagBag from /home/airflow/.local/lib/python3.6/site-packages/airflow/example_dags/example_trigger_target_dag.py
[2023-02-23 19:43:32,574] {scheduler_job.py:643} INFO - DAG(s) dict_keys(['example_trigger_target_dag']) retrieved from /home/airflow/.local/lib/python3.6/site-packages/airflow/example_dags/example_trigger_target_dag.py
[2023-02-23 19:43:32,593] {logging_mixin.py:104} INFO - [2023-02-23 19:43:32,593] {dag.py:1833} INFO - Sync 1 DAGs
[2023-02-23 19:43:32,605] {logging_mixin.py:104} INFO - [2023-02-23 19:43:32,605] {dag.py:2306} INFO - Setting next_dagrun for example_trigger_target_dag to None
[2023-02-23 19:43:32,613] {scheduler_job.py:190} INFO - Processing /home/airflow/.local/lib/python3.6/site-packages/airflow/example_dags/example_trigger_target_dag.py took 0.055 seconds
[2023-02-23 19:44:03,280] {scheduler_job.py:182} INFO - Started process (PID=196) to work on /home/airflow/.local/lib/python3.6/site-packages/airflow/example_dags/example_trigger_target_dag.py
[2023-02-23 19:44:03,281] {scheduler_job.py:633} INFO - Processing file /home/airflow/.local/lib/python3.6/site-packages/airflow/example_dags/example_trigger_target_dag.py for tasks to queue
[2023-02-23 19:44:03,281] {logging_mixin.py:104} INFO - [2023-02-23 19:44:03,281] {dagbag.py:496} INFO - Filling up the DagBag from /home/airflow/.local/lib/python3.6/site-packages/airflow/example_dags/example_trigger_target_dag.py
[2023-02-23 19:44:03,291] {scheduler_job.py:643} INFO - DAG(s) dict_keys(['example_trigger_target_dag']) retrieved from /home/airflow/.local/lib/python3.6/site-packages/airflow/example_dags/example_trigger_target_dag.py
[2023-02-23 19:44:03,308] {logging_mixin.py:104} INFO - [2023-02-23 19:44:03,308] {dag.py:1833} INFO - Sync 1 DAGs
[2023-02-23 19:44:03,321] {logging_mixin.py:104} INFO - [2023-02-23 19:44:03,321] {dag.py:2306} INFO - Setting next_dagrun for example_trigger_target_dag to None
[2023-02-23 19:44:03,328] {scheduler_job.py:190} INFO - Processing /home/airflow/.local/lib/python3.6/site-packages/airflow/example_dags/example_trigger_target_dag.py took 0.050 seconds
[2023-02-23 19:44:34,149] {scheduler_job.py:182} INFO - Started process (PID=257) to work on /home/airflow/.local/lib/python3.6/site-packages/airflow/example_dags/example_trigger_target_dag.py
[2023-02-23 19:44:34,150] {scheduler_job.py:633} INFO - Processing file /home/airflow/.local/lib/python3.6/site-packages/airflow/example_dags/example_trigger_target_dag.py for tasks to queue
[2023-02-23 19:44:34,151] {logging_mixin.py:104} INFO - [2023-02-23 19:44:34,150] {dagbag.py:496} INFO - Filling up the DagBag from /home/airflow/.local/lib/python3.6/site-packages/airflow/example_dags/example_trigger_target_dag.py
[2023-02-23 19:44:34,161] {scheduler_job.py:643} INFO - DAG(s) dict_keys(['example_trigger_target_dag']) retrieved from /home/airflow/.local/lib/python3.6/site-packages/airflow/example_dags/example_trigger_target_dag.py
[2023-02-23 19:44:34,177] {logging_mixin.py:104} INFO - [2023-02-23 19:44:34,177] {dag.py:1833} INFO - Sync 1 DAGs
[2023-02-23 19:44:34,189] {logging_mixin.py:104} INFO - [2023-02-23 19:44:34,188] {dag.py:2306} INFO - Setting next_dagrun for example_trigger_target_dag to None
[2023-02-23 19:44:34,196] {scheduler_job.py:190} INFO - Processing /home/airflow/.local/lib/python3.6/site-packages/airflow/example_dags/example_trigger_target_dag.py took 0.049 seconds
[2023-02-23 19:45:04,809] {scheduler_job.py:182} INFO - Started process (PID=308) to work on /home/airflow/.local/lib/python3.6/site-packages/airflow/example_dags/example_trigger_target_dag.py
[2023-02-23 19:45:04,810] {scheduler_job.py:633} INFO - Processing file /home/airflow/.local/lib/python3.6/site-packages/airflow/example_dags/example_trigger_target_dag.py for tasks to queue
[2023-02-23 19:45:04,811] {logging_mixin.py:104} INFO - [2023-02-23 19:45:04,811] {dagbag.py:496} INFO - Filling up the DagBag from /home/airflow/.local/lib/python3.6/site-packages/airflow/example_dags/example_trigger_target_dag.py
[2023-02-23 19:45:04,822] {scheduler_job.py:643} INFO - DAG(s) dict_keys(['example_trigger_target_dag']) retrieved from /home/airflow/.local/lib/python3.6/site-packages/airflow/example_dags/example_trigger_target_dag.py
[2023-02-23 19:45:04,839] {logging_mixin.py:104} INFO - [2023-02-23 19:45:04,839] {dag.py:1833} INFO - Sync 1 DAGs
[2023-02-23 19:45:04,850] {logging_mixin.py:104} INFO - [2023-02-23 19:45:04,850] {dag.py:2306} INFO - Setting next_dagrun for example_trigger_target_dag to None
[2023-02-23 19:45:04,857] {scheduler_job.py:190} INFO - Processing /home/airflow/.local/lib/python3.6/site-packages/airflow/example_dags/example_trigger_target_dag.py took 0.050 seconds
[2023-02-23 19:45:35,705] {scheduler_job.py:182} INFO - Started process (PID=369) to work on /home/airflow/.local/lib/python3.6/site-packages/airflow/example_dags/example_trigger_target_dag.py
[2023-02-23 19:45:35,706] {scheduler_job.py:633} INFO - Processing file /home/airflow/.local/lib/python3.6/site-packages/airflow/example_dags/example_trigger_target_dag.py for tasks to queue
[2023-02-23 19:45:35,706] {logging_mixin.py:104} INFO - [2023-02-23 19:45:35,706] {dagbag.py:496} INFO - Filling up the DagBag from /home/airflow/.local/lib/python3.6/site-packages/airflow/example_dags/example_trigger_target_dag.py
[2023-02-23 19:45:35,717] {scheduler_job.py:643} INFO - DAG(s) dict_keys(['example_trigger_target_dag']) retrieved from /home/airflow/.local/lib/python3.6/site-packages/airflow/example_dags/example_trigger_target_dag.py
[2023-02-23 19:45:35,735] {logging_mixin.py:104} INFO - [2023-02-23 19:45:35,735] {dag.py:1833} INFO - Sync 1 DAGs
[2023-02-23 19:45:35,748] {logging_mixin.py:104} INFO - [2023-02-23 19:45:35,748] {dag.py:2306} INFO - Setting next_dagrun for example_trigger_target_dag to None
[2023-02-23 19:45:35,756] {scheduler_job.py:190} INFO - Processing /home/airflow/.local/lib/python3.6/site-packages/airflow/example_dags/example_trigger_target_dag.py took 0.053 seconds
[2023-02-23 19:46:06,370] {scheduler_job.py:182} INFO - Started process (PID=420) to work on /home/airflow/.local/lib/python3.6/site-packages/airflow/example_dags/example_trigger_target_dag.py
[2023-02-23 19:46:06,370] {scheduler_job.py:633} INFO - Processing file /home/airflow/.local/lib/python3.6/site-packages/airflow/example_dags/example_trigger_target_dag.py for tasks to queue
[2023-02-23 19:46:06,371] {logging_mixin.py:104} INFO - [2023-02-23 19:46:06,371] {dagbag.py:496} INFO - Filling up the DagBag from /home/airflow/.local/lib/python3.6/site-packages/airflow/example_dags/example_trigger_target_dag.py
[2023-02-23 19:46:06,382] {scheduler_job.py:643} INFO - DAG(s) dict_keys(['example_trigger_target_dag']) retrieved from /home/airflow/.local/lib/python3.6/site-packages/airflow/example_dags/example_trigger_target_dag.py
[2023-02-23 19:46:06,399] {logging_mixin.py:104} INFO - [2023-02-23 19:46:06,399] {dag.py:1833} INFO - Sync 1 DAGs
[2023-02-23 19:46:06,413] {logging_mixin.py:104} INFO - [2023-02-23 19:46:06,413] {dag.py:2306} INFO - Setting next_dagrun for example_trigger_target_dag to None
[2023-02-23 19:46:06,420] {scheduler_job.py:190} INFO - Processing /home/airflow/.local/lib/python3.6/site-packages/airflow/example_dags/example_trigger_target_dag.py took 0.052 seconds
[2023-02-23 19:46:37,134] {scheduler_job.py:182} INFO - Started process (PID=481) to work on /home/airflow/.local/lib/python3.6/site-packages/airflow/example_dags/example_trigger_target_dag.py
[2023-02-23 19:46:37,134] {scheduler_job.py:633} INFO - Processing file /home/airflow/.local/lib/python3.6/site-packages/airflow/example_dags/example_trigger_target_dag.py for tasks to queue
[2023-02-23 19:46:37,135] {logging_mixin.py:104} INFO - [2023-02-23 19:46:37,135] {dagbag.py:496} INFO - Filling up the DagBag from /home/airflow/.local/lib/python3.6/site-packages/airflow/example_dags/example_trigger_target_dag.py
[2023-02-23 19:46:37,146] {scheduler_job.py:643} INFO - DAG(s) dict_keys(['example_trigger_target_dag']) retrieved from /home/airflow/.local/lib/python3.6/site-packages/airflow/example_dags/example_trigger_target_dag.py
[2023-02-23 19:46:37,163] {logging_mixin.py:104} INFO - [2023-02-23 19:46:37,163] {dag.py:1833} INFO - Sync 1 DAGs
[2023-02-23 19:46:37,176] {logging_mixin.py:104} INFO - [2023-02-23 19:46:37,176] {dag.py:2306} INFO - Setting next_dagrun for example_trigger_target_dag to None
[2023-02-23 19:46:37,184] {scheduler_job.py:190} INFO - Processing /home/airflow/.local/lib/python3.6/site-packages/airflow/example_dags/example_trigger_target_dag.py took 0.052 seconds
[2023-02-23 19:47:07,835] {scheduler_job.py:182} INFO - Started process (PID=541) to work on /home/airflow/.local/lib/python3.6/site-packages/airflow/example_dags/example_trigger_target_dag.py
[2023-02-23 19:47:07,836] {scheduler_job.py:633} INFO - Processing file /home/airflow/.local/lib/python3.6/site-packages/airflow/example_dags/example_trigger_target_dag.py for tasks to queue
[2023-02-23 19:47:07,836] {logging_mixin.py:104} INFO - [2023-02-23 19:47:07,836] {dagbag.py:496} INFO - Filling up the DagBag from /home/airflow/.local/lib/python3.6/site-packages/airflow/example_dags/example_trigger_target_dag.py
[2023-02-23 19:47:07,847] {scheduler_job.py:643} INFO - DAG(s) dict_keys(['example_trigger_target_dag']) retrieved from /home/airflow/.local/lib/python3.6/site-packages/airflow/example_dags/example_trigger_target_dag.py
[2023-02-23 19:47:07,864] {logging_mixin.py:104} INFO - [2023-02-23 19:47:07,864] {dag.py:1833} INFO - Sync 1 DAGs
[2023-02-23 19:47:07,876] {logging_mixin.py:104} INFO - [2023-02-23 19:47:07,876] {dag.py:2306} INFO - Setting next_dagrun for example_trigger_target_dag to None
[2023-02-23 19:47:07,883] {scheduler_job.py:190} INFO - Processing /home/airflow/.local/lib/python3.6/site-packages/airflow/example_dags/example_trigger_target_dag.py took 0.051 seconds
[2023-02-23 19:47:38,534] {scheduler_job.py:182} INFO - Started process (PID=593) to work on /home/airflow/.local/lib/python3.6/site-packages/airflow/example_dags/example_trigger_target_dag.py
[2023-02-23 19:47:38,534] {scheduler_job.py:633} INFO - Processing file /home/airflow/.local/lib/python3.6/site-packages/airflow/example_dags/example_trigger_target_dag.py for tasks to queue
[2023-02-23 19:47:38,535] {logging_mixin.py:104} INFO - [2023-02-23 19:47:38,534] {dagbag.py:496} INFO - Filling up the DagBag from /home/airflow/.local/lib/python3.6/site-packages/airflow/example_dags/example_trigger_target_dag.py
[2023-02-23 19:47:38,544] {scheduler_job.py:643} INFO - DAG(s) dict_keys(['example_trigger_target_dag']) retrieved from /home/airflow/.local/lib/python3.6/site-packages/airflow/example_dags/example_trigger_target_dag.py
[2023-02-23 19:47:38,563] {logging_mixin.py:104} INFO - [2023-02-23 19:47:38,562] {dag.py:1833} INFO - Sync 1 DAGs
[2023-02-23 19:47:38,575] {logging_mixin.py:104} INFO - [2023-02-23 19:47:38,575] {dag.py:2306} INFO - Setting next_dagrun for example_trigger_target_dag to None
[2023-02-23 19:47:38,582] {scheduler_job.py:190} INFO - Processing /home/airflow/.local/lib/python3.6/site-packages/airflow/example_dags/example_trigger_target_dag.py took 0.050 seconds
[2023-02-23 19:48:09,047] {scheduler_job.py:182} INFO - Started process (PID=654) to work on /home/airflow/.local/lib/python3.6/site-packages/airflow/example_dags/example_trigger_target_dag.py
[2023-02-23 19:48:09,048] {scheduler_job.py:633} INFO - Processing file /home/airflow/.local/lib/python3.6/site-packages/airflow/example_dags/example_trigger_target_dag.py for tasks to queue
[2023-02-23 19:48:09,048] {logging_mixin.py:104} INFO - [2023-02-23 19:48:09,048] {dagbag.py:496} INFO - Filling up the DagBag from /home/airflow/.local/lib/python3.6/site-packages/airflow/example_dags/example_trigger_target_dag.py
[2023-02-23 19:48:09,059] {scheduler_job.py:643} INFO - DAG(s) dict_keys(['example_trigger_target_dag']) retrieved from /home/airflow/.local/lib/python3.6/site-packages/airflow/example_dags/example_trigger_target_dag.py
[2023-02-23 19:48:09,079] {logging_mixin.py:104} INFO - [2023-02-23 19:48:09,079] {dag.py:1833} INFO - Sync 1 DAGs
[2023-02-23 19:48:09,092] {logging_mixin.py:104} INFO - [2023-02-23 19:48:09,092] {dag.py:2306} INFO - Setting next_dagrun for example_trigger_target_dag to None
[2023-02-23 19:48:09,100] {scheduler_job.py:190} INFO - Processing /home/airflow/.local/lib/python3.6/site-packages/airflow/example_dags/example_trigger_target_dag.py took 0.055 seconds
[2023-02-23 19:48:39,708] {scheduler_job.py:182} INFO - Started process (PID=705) to work on /home/airflow/.local/lib/python3.6/site-packages/airflow/example_dags/example_trigger_target_dag.py
[2023-02-23 19:48:39,708] {scheduler_job.py:633} INFO - Processing file /home/airflow/.local/lib/python3.6/site-packages/airflow/example_dags/example_trigger_target_dag.py for tasks to queue
[2023-02-23 19:48:39,709] {logging_mixin.py:104} INFO - [2023-02-23 19:48:39,709] {dagbag.py:496} INFO - Filling up the DagBag from /home/airflow/.local/lib/python3.6/site-packages/airflow/example_dags/example_trigger_target_dag.py
[2023-02-23 19:48:39,723] {scheduler_job.py:643} INFO - DAG(s) dict_keys(['example_trigger_target_dag']) retrieved from /home/airflow/.local/lib/python3.6/site-packages/airflow/example_dags/example_trigger_target_dag.py
[2023-02-23 19:48:39,744] {logging_mixin.py:104} INFO - [2023-02-23 19:48:39,744] {dag.py:1833} INFO - Sync 1 DAGs
[2023-02-23 19:48:39,760] {logging_mixin.py:104} INFO - [2023-02-23 19:48:39,760] {dag.py:2306} INFO - Setting next_dagrun for example_trigger_target_dag to None
[2023-02-23 19:48:39,768] {scheduler_job.py:190} INFO - Processing /home/airflow/.local/lib/python3.6/site-packages/airflow/example_dags/example_trigger_target_dag.py took 0.063 seconds
[2023-02-23 19:49:10,195] {scheduler_job.py:182} INFO - Started process (PID=766) to work on /home/airflow/.local/lib/python3.6/site-packages/airflow/example_dags/example_trigger_target_dag.py
[2023-02-23 19:49:10,195] {scheduler_job.py:633} INFO - Processing file /home/airflow/.local/lib/python3.6/site-packages/airflow/example_dags/example_trigger_target_dag.py for tasks to queue
[2023-02-23 19:49:10,196] {logging_mixin.py:104} INFO - [2023-02-23 19:49:10,196] {dagbag.py:496} INFO - Filling up the DagBag from /home/airflow/.local/lib/python3.6/site-packages/airflow/example_dags/example_trigger_target_dag.py
[2023-02-23 19:49:10,207] {scheduler_job.py:643} INFO - DAG(s) dict_keys(['example_trigger_target_dag']) retrieved from /home/airflow/.local/lib/python3.6/site-packages/airflow/example_dags/example_trigger_target_dag.py
[2023-02-23 19:49:10,223] {logging_mixin.py:104} INFO - [2023-02-23 19:49:10,223] {dag.py:1833} INFO - Sync 1 DAGs
[2023-02-23 19:49:10,235] {logging_mixin.py:104} INFO - [2023-02-23 19:49:10,235] {dag.py:2306} INFO - Setting next_dagrun for example_trigger_target_dag to None
[2023-02-23 19:49:10,242] {scheduler_job.py:190} INFO - Processing /home/airflow/.local/lib/python3.6/site-packages/airflow/example_dags/example_trigger_target_dag.py took 0.050 seconds
[2023-02-23 19:49:41,970] {scheduler_job.py:182} INFO - Started process (PID=817) to work on /home/airflow/.local/lib/python3.6/site-packages/airflow/example_dags/example_trigger_target_dag.py
[2023-02-23 19:49:41,971] {scheduler_job.py:633} INFO - Processing file /home/airflow/.local/lib/python3.6/site-packages/airflow/example_dags/example_trigger_target_dag.py for tasks to queue
[2023-02-23 19:49:41,971] {logging_mixin.py:104} INFO - [2023-02-23 19:49:41,971] {dagbag.py:496} INFO - Filling up the DagBag from /home/airflow/.local/lib/python3.6/site-packages/airflow/example_dags/example_trigger_target_dag.py
[2023-02-23 19:49:41,983] {scheduler_job.py:643} INFO - DAG(s) dict_keys(['example_trigger_target_dag']) retrieved from /home/airflow/.local/lib/python3.6/site-packages/airflow/example_dags/example_trigger_target_dag.py
[2023-02-23 19:49:41,999] {logging_mixin.py:104} INFO - [2023-02-23 19:49:41,999] {dag.py:1833} INFO - Sync 1 DAGs
[2023-02-23 19:49:42,078] {logging_mixin.py:104} INFO - [2023-02-23 19:49:42,078] {dag.py:2306} INFO - Setting next_dagrun for example_trigger_target_dag to None
[2023-02-23 19:49:42,086] {scheduler_job.py:190} INFO - Processing /home/airflow/.local/lib/python3.6/site-packages/airflow/example_dags/example_trigger_target_dag.py took 0.168 seconds
[2023-02-23 19:50:12,730] {scheduler_job.py:182} INFO - Started process (PID=878) to work on /home/airflow/.local/lib/python3.6/site-packages/airflow/example_dags/example_trigger_target_dag.py
[2023-02-23 19:50:12,731] {scheduler_job.py:633} INFO - Processing file /home/airflow/.local/lib/python3.6/site-packages/airflow/example_dags/example_trigger_target_dag.py for tasks to queue
[2023-02-23 19:50:12,731] {logging_mixin.py:104} INFO - [2023-02-23 19:50:12,731] {dagbag.py:496} INFO - Filling up the DagBag from /home/airflow/.local/lib/python3.6/site-packages/airflow/example_dags/example_trigger_target_dag.py
[2023-02-23 19:50:12,741] {scheduler_job.py:643} INFO - DAG(s) dict_keys(['example_trigger_target_dag']) retrieved from /home/airflow/.local/lib/python3.6/site-packages/airflow/example_dags/example_trigger_target_dag.py
[2023-02-23 19:50:12,758] {logging_mixin.py:104} INFO - [2023-02-23 19:50:12,758] {dag.py:1833} INFO - Sync 1 DAGs
[2023-02-23 19:50:12,769] {logging_mixin.py:104} INFO - [2023-02-23 19:50:12,768] {dag.py:2306} INFO - Setting next_dagrun for example_trigger_target_dag to None
[2023-02-23 19:50:12,777] {scheduler_job.py:190} INFO - Processing /home/airflow/.local/lib/python3.6/site-packages/airflow/example_dags/example_trigger_target_dag.py took 0.049 seconds
[2023-02-23 19:50:43,299] {scheduler_job.py:182} INFO - Started process (PID=929) to work on /home/airflow/.local/lib/python3.6/site-packages/airflow/example_dags/example_trigger_target_dag.py
[2023-02-23 19:50:43,300] {scheduler_job.py:633} INFO - Processing file /home/airflow/.local/lib/python3.6/site-packages/airflow/example_dags/example_trigger_target_dag.py for tasks to queue
[2023-02-23 19:50:43,300] {logging_mixin.py:104} INFO - [2023-02-23 19:50:43,300] {dagbag.py:496} INFO - Filling up the DagBag from /home/airflow/.local/lib/python3.6/site-packages/airflow/example_dags/example_trigger_target_dag.py
[2023-02-23 19:50:43,312] {scheduler_job.py:643} INFO - DAG(s) dict_keys(['example_trigger_target_dag']) retrieved from /home/airflow/.local/lib/python3.6/site-packages/airflow/example_dags/example_trigger_target_dag.py
[2023-02-23 19:50:43,423] {logging_mixin.py:104} INFO - [2023-02-23 19:50:43,423] {dag.py:1833} INFO - Sync 1 DAGs
[2023-02-23 19:50:43,438] {logging_mixin.py:104} INFO - [2023-02-23 19:50:43,438] {dag.py:2306} INFO - Setting next_dagrun for example_trigger_target_dag to None
[2023-02-23 19:50:43,470] {scheduler_job.py:190} INFO - Processing /home/airflow/.local/lib/python3.6/site-packages/airflow/example_dags/example_trigger_target_dag.py took 0.173 seconds
[2023-02-23 19:51:13,512] {scheduler_job.py:182} INFO - Started process (PID=989) to work on /home/airflow/.local/lib/python3.6/site-packages/airflow/example_dags/example_trigger_target_dag.py
[2023-02-23 19:51:13,513] {scheduler_job.py:633} INFO - Processing file /home/airflow/.local/lib/python3.6/site-packages/airflow/example_dags/example_trigger_target_dag.py for tasks to queue
[2023-02-23 19:51:13,513] {logging_mixin.py:104} INFO - [2023-02-23 19:51:13,513] {dagbag.py:496} INFO - Filling up the DagBag from /home/airflow/.local/lib/python3.6/site-packages/airflow/example_dags/example_trigger_target_dag.py
[2023-02-23 19:51:13,523] {scheduler_job.py:643} INFO - DAG(s) dict_keys(['example_trigger_target_dag']) retrieved from /home/airflow/.local/lib/python3.6/site-packages/airflow/example_dags/example_trigger_target_dag.py
[2023-02-23 19:51:13,538] {logging_mixin.py:104} INFO - [2023-02-23 19:51:13,538] {dag.py:1833} INFO - Sync 1 DAGs
[2023-02-23 19:51:13,550] {logging_mixin.py:104} INFO - [2023-02-23 19:51:13,550] {dag.py:2306} INFO - Setting next_dagrun for example_trigger_target_dag to None
[2023-02-23 19:51:13,556] {scheduler_job.py:190} INFO - Processing /home/airflow/.local/lib/python3.6/site-packages/airflow/example_dags/example_trigger_target_dag.py took 0.046 seconds
[2023-02-23 19:51:43,941] {scheduler_job.py:182} INFO - Started process (PID=1040) to work on /home/airflow/.local/lib/python3.6/site-packages/airflow/example_dags/example_trigger_target_dag.py
[2023-02-23 19:51:43,941] {scheduler_job.py:633} INFO - Processing file /home/airflow/.local/lib/python3.6/site-packages/airflow/example_dags/example_trigger_target_dag.py for tasks to queue
[2023-02-23 19:51:43,942] {logging_mixin.py:104} INFO - [2023-02-23 19:51:43,941] {dagbag.py:496} INFO - Filling up the DagBag from /home/airflow/.local/lib/python3.6/site-packages/airflow/example_dags/example_trigger_target_dag.py
[2023-02-23 19:51:43,952] {scheduler_job.py:643} INFO - DAG(s) dict_keys(['example_trigger_target_dag']) retrieved from /home/airflow/.local/lib/python3.6/site-packages/airflow/example_dags/example_trigger_target_dag.py
[2023-02-23 19:51:43,968] {logging_mixin.py:104} INFO - [2023-02-23 19:51:43,968] {dag.py:1833} INFO - Sync 1 DAGs
[2023-02-23 19:51:43,981] {logging_mixin.py:104} INFO - [2023-02-23 19:51:43,981] {dag.py:2306} INFO - Setting next_dagrun for example_trigger_target_dag to None
[2023-02-23 19:51:43,988] {scheduler_job.py:190} INFO - Processing /home/airflow/.local/lib/python3.6/site-packages/airflow/example_dags/example_trigger_target_dag.py took 0.049 seconds
[2023-02-23 19:52:14,578] {scheduler_job.py:182} INFO - Started process (PID=1101) to work on /home/airflow/.local/lib/python3.6/site-packages/airflow/example_dags/example_trigger_target_dag.py
[2023-02-23 19:52:14,579] {scheduler_job.py:633} INFO - Processing file /home/airflow/.local/lib/python3.6/site-packages/airflow/example_dags/example_trigger_target_dag.py for tasks to queue
[2023-02-23 19:52:14,579] {logging_mixin.py:104} INFO - [2023-02-23 19:52:14,579] {dagbag.py:496} INFO - Filling up the DagBag from /home/airflow/.local/lib/python3.6/site-packages/airflow/example_dags/example_trigger_target_dag.py
[2023-02-23 19:52:14,589] {scheduler_job.py:643} INFO - DAG(s) dict_keys(['example_trigger_target_dag']) retrieved from /home/airflow/.local/lib/python3.6/site-packages/airflow/example_dags/example_trigger_target_dag.py
[2023-02-23 19:52:14,604] {logging_mixin.py:104} INFO - [2023-02-23 19:52:14,604] {dag.py:1833} INFO - Sync 1 DAGs
[2023-02-23 19:52:14,618] {logging_mixin.py:104} INFO - [2023-02-23 19:52:14,618] {dag.py:2306} INFO - Setting next_dagrun for example_trigger_target_dag to None
[2023-02-23 19:52:14,624] {scheduler_job.py:190} INFO - Processing /home/airflow/.local/lib/python3.6/site-packages/airflow/example_dags/example_trigger_target_dag.py took 0.048 seconds
[2023-02-23 19:52:45,231] {scheduler_job.py:182} INFO - Started process (PID=1161) to work on /home/airflow/.local/lib/python3.6/site-packages/airflow/example_dags/example_trigger_target_dag.py
[2023-02-23 19:52:45,232] {scheduler_job.py:633} INFO - Processing file /home/airflow/.local/lib/python3.6/site-packages/airflow/example_dags/example_trigger_target_dag.py for tasks to queue
[2023-02-23 19:52:45,232] {logging_mixin.py:104} INFO - [2023-02-23 19:52:45,232] {dagbag.py:496} INFO - Filling up the DagBag from /home/airflow/.local/lib/python3.6/site-packages/airflow/example_dags/example_trigger_target_dag.py
[2023-02-23 19:52:45,243] {scheduler_job.py:643} INFO - DAG(s) dict_keys(['example_trigger_target_dag']) retrieved from /home/airflow/.local/lib/python3.6/site-packages/airflow/example_dags/example_trigger_target_dag.py
[2023-02-23 19:52:45,262] {logging_mixin.py:104} INFO - [2023-02-23 19:52:45,262] {dag.py:1833} INFO - Sync 1 DAGs
[2023-02-23 19:52:45,279] {logging_mixin.py:104} INFO - [2023-02-23 19:52:45,279] {dag.py:2306} INFO - Setting next_dagrun for example_trigger_target_dag to None
[2023-02-23 19:52:45,286] {scheduler_job.py:190} INFO - Processing /home/airflow/.local/lib/python3.6/site-packages/airflow/example_dags/example_trigger_target_dag.py took 0.057 seconds
[2023-02-23 19:53:16,006] {scheduler_job.py:182} INFO - Started process (PID=1212) to work on /home/airflow/.local/lib/python3.6/site-packages/airflow/example_dags/example_trigger_target_dag.py
[2023-02-23 19:53:16,007] {scheduler_job.py:633} INFO - Processing file /home/airflow/.local/lib/python3.6/site-packages/airflow/example_dags/example_trigger_target_dag.py for tasks to queue
[2023-02-23 19:53:16,007] {logging_mixin.py:104} INFO - [2023-02-23 19:53:16,007] {dagbag.py:496} INFO - Filling up the DagBag from /home/airflow/.local/lib/python3.6/site-packages/airflow/example_dags/example_trigger_target_dag.py
[2023-02-23 19:53:16,018] {scheduler_job.py:643} INFO - DAG(s) dict_keys(['example_trigger_target_dag']) retrieved from /home/airflow/.local/lib/python3.6/site-packages/airflow/example_dags/example_trigger_target_dag.py
[2023-02-23 19:53:16,033] {logging_mixin.py:104} INFO - [2023-02-23 19:53:16,033] {dag.py:1833} INFO - Sync 1 DAGs
[2023-02-23 19:53:16,047] {logging_mixin.py:104} INFO - [2023-02-23 19:53:16,047] {dag.py:2306} INFO - Setting next_dagrun for example_trigger_target_dag to None
[2023-02-23 19:53:16,054] {scheduler_job.py:190} INFO - Processing /home/airflow/.local/lib/python3.6/site-packages/airflow/example_dags/example_trigger_target_dag.py took 0.050 seconds
[2023-02-23 19:53:46,699] {scheduler_job.py:182} INFO - Started process (PID=1272) to work on /home/airflow/.local/lib/python3.6/site-packages/airflow/example_dags/example_trigger_target_dag.py
[2023-02-23 19:53:46,700] {scheduler_job.py:633} INFO - Processing file /home/airflow/.local/lib/python3.6/site-packages/airflow/example_dags/example_trigger_target_dag.py for tasks to queue
[2023-02-23 19:53:46,700] {logging_mixin.py:104} INFO - [2023-02-23 19:53:46,700] {dagbag.py:496} INFO - Filling up the DagBag from /home/airflow/.local/lib/python3.6/site-packages/airflow/example_dags/example_trigger_target_dag.py
[2023-02-23 19:53:46,711] {scheduler_job.py:643} INFO - DAG(s) dict_keys(['example_trigger_target_dag']) retrieved from /home/airflow/.local/lib/python3.6/site-packages/airflow/example_dags/example_trigger_target_dag.py
[2023-02-23 19:53:46,730] {logging_mixin.py:104} INFO - [2023-02-23 19:53:46,730] {dag.py:1833} INFO - Sync 1 DAGs
[2023-02-23 19:53:46,742] {logging_mixin.py:104} INFO - [2023-02-23 19:53:46,742] {dag.py:2306} INFO - Setting next_dagrun for example_trigger_target_dag to None
[2023-02-23 19:53:46,749] {scheduler_job.py:190} INFO - Processing /home/airflow/.local/lib/python3.6/site-packages/airflow/example_dags/example_trigger_target_dag.py took 0.052 seconds
[2023-02-23 19:54:17,238] {scheduler_job.py:182} INFO - Started process (PID=1324) to work on /home/airflow/.local/lib/python3.6/site-packages/airflow/example_dags/example_trigger_target_dag.py
[2023-02-23 19:54:17,239] {scheduler_job.py:633} INFO - Processing file /home/airflow/.local/lib/python3.6/site-packages/airflow/example_dags/example_trigger_target_dag.py for tasks to queue
[2023-02-23 19:54:17,240] {logging_mixin.py:104} INFO - [2023-02-23 19:54:17,239] {dagbag.py:496} INFO - Filling up the DagBag from /home/airflow/.local/lib/python3.6/site-packages/airflow/example_dags/example_trigger_target_dag.py
[2023-02-23 19:54:17,250] {scheduler_job.py:643} INFO - DAG(s) dict_keys(['example_trigger_target_dag']) retrieved from /home/airflow/.local/lib/python3.6/site-packages/airflow/example_dags/example_trigger_target_dag.py
[2023-02-23 19:54:17,266] {logging_mixin.py:104} INFO - [2023-02-23 19:54:17,266] {dag.py:1833} INFO - Sync 1 DAGs
[2023-02-23 19:54:17,280] {logging_mixin.py:104} INFO - [2023-02-23 19:54:17,280] {dag.py:2306} INFO - Setting next_dagrun for example_trigger_target_dag to None
[2023-02-23 19:54:17,288] {scheduler_job.py:190} INFO - Processing /home/airflow/.local/lib/python3.6/site-packages/airflow/example_dags/example_trigger_target_dag.py took 0.052 seconds
[2023-02-23 19:54:47,916] {scheduler_job.py:182} INFO - Started process (PID=1385) to work on /home/airflow/.local/lib/python3.6/site-packages/airflow/example_dags/example_trigger_target_dag.py
[2023-02-23 19:54:47,917] {scheduler_job.py:633} INFO - Processing file /home/airflow/.local/lib/python3.6/site-packages/airflow/example_dags/example_trigger_target_dag.py for tasks to queue
[2023-02-23 19:54:47,917] {logging_mixin.py:104} INFO - [2023-02-23 19:54:47,917] {dagbag.py:496} INFO - Filling up the DagBag from /home/airflow/.local/lib/python3.6/site-packages/airflow/example_dags/example_trigger_target_dag.py
[2023-02-23 19:54:47,929] {scheduler_job.py:643} INFO - DAG(s) dict_keys(['example_trigger_target_dag']) retrieved from /home/airflow/.local/lib/python3.6/site-packages/airflow/example_dags/example_trigger_target_dag.py
[2023-02-23 19:54:47,946] {logging_mixin.py:104} INFO - [2023-02-23 19:54:47,946] {dag.py:1833} INFO - Sync 1 DAGs
[2023-02-23 19:54:47,957] {logging_mixin.py:104} INFO - [2023-02-23 19:54:47,957] {dag.py:2306} INFO - Setting next_dagrun for example_trigger_target_dag to None
[2023-02-23 19:54:47,964] {scheduler_job.py:190} INFO - Processing /home/airflow/.local/lib/python3.6/site-packages/airflow/example_dags/example_trigger_target_dag.py took 0.050 seconds
[2023-02-23 19:55:18,573] {scheduler_job.py:182} INFO - Started process (PID=1436) to work on /home/airflow/.local/lib/python3.6/site-packages/airflow/example_dags/example_trigger_target_dag.py
[2023-02-23 19:55:18,574] {scheduler_job.py:633} INFO - Processing file /home/airflow/.local/lib/python3.6/site-packages/airflow/example_dags/example_trigger_target_dag.py for tasks to queue
[2023-02-23 19:55:18,575] {logging_mixin.py:104} INFO - [2023-02-23 19:55:18,574] {dagbag.py:496} INFO - Filling up the DagBag from /home/airflow/.local/lib/python3.6/site-packages/airflow/example_dags/example_trigger_target_dag.py
[2023-02-23 19:55:18,586] {scheduler_job.py:643} INFO - DAG(s) dict_keys(['example_trigger_target_dag']) retrieved from /home/airflow/.local/lib/python3.6/site-packages/airflow/example_dags/example_trigger_target_dag.py
[2023-02-23 19:55:18,684] {logging_mixin.py:104} INFO - [2023-02-23 19:55:18,684] {dag.py:1833} INFO - Sync 1 DAGs
[2023-02-23 19:55:18,697] {logging_mixin.py:104} INFO - [2023-02-23 19:55:18,697] {dag.py:2306} INFO - Setting next_dagrun for example_trigger_target_dag to None
[2023-02-23 19:55:18,705] {scheduler_job.py:190} INFO - Processing /home/airflow/.local/lib/python3.6/site-packages/airflow/example_dags/example_trigger_target_dag.py took 0.135 seconds
[2023-02-23 19:55:49,263] {scheduler_job.py:182} INFO - Started process (PID=1497) to work on /home/airflow/.local/lib/python3.6/site-packages/airflow/example_dags/example_trigger_target_dag.py
[2023-02-23 19:55:49,264] {scheduler_job.py:633} INFO - Processing file /home/airflow/.local/lib/python3.6/site-packages/airflow/example_dags/example_trigger_target_dag.py for tasks to queue
[2023-02-23 19:55:49,265] {logging_mixin.py:104} INFO - [2023-02-23 19:55:49,265] {dagbag.py:496} INFO - Filling up the DagBag from /home/airflow/.local/lib/python3.6/site-packages/airflow/example_dags/example_trigger_target_dag.py
[2023-02-23 19:55:49,278] {scheduler_job.py:643} INFO - DAG(s) dict_keys(['example_trigger_target_dag']) retrieved from /home/airflow/.local/lib/python3.6/site-packages/airflow/example_dags/example_trigger_target_dag.py
[2023-02-23 19:55:49,295] {logging_mixin.py:104} INFO - [2023-02-23 19:55:49,295] {dag.py:1833} INFO - Sync 1 DAGs
[2023-02-23 19:55:49,307] {logging_mixin.py:104} INFO - [2023-02-23 19:55:49,307] {dag.py:2306} INFO - Setting next_dagrun for example_trigger_target_dag to None
[2023-02-23 19:55:49,315] {scheduler_job.py:190} INFO - Processing /home/airflow/.local/lib/python3.6/site-packages/airflow/example_dags/example_trigger_target_dag.py took 0.054 seconds
[2023-02-23 19:56:20,109] {scheduler_job.py:182} INFO - Started process (PID=1549) to work on /home/airflow/.local/lib/python3.6/site-packages/airflow/example_dags/example_trigger_target_dag.py
[2023-02-23 19:56:20,110] {scheduler_job.py:633} INFO - Processing file /home/airflow/.local/lib/python3.6/site-packages/airflow/example_dags/example_trigger_target_dag.py for tasks to queue
[2023-02-23 19:56:20,111] {logging_mixin.py:104} INFO - [2023-02-23 19:56:20,111] {dagbag.py:496} INFO - Filling up the DagBag from /home/airflow/.local/lib/python3.6/site-packages/airflow/example_dags/example_trigger_target_dag.py
[2023-02-23 19:56:20,123] {scheduler_job.py:643} INFO - DAG(s) dict_keys(['example_trigger_target_dag']) retrieved from /home/airflow/.local/lib/python3.6/site-packages/airflow/example_dags/example_trigger_target_dag.py
[2023-02-23 19:56:20,139] {logging_mixin.py:104} INFO - [2023-02-23 19:56:20,139] {dag.py:1833} INFO - Sync 1 DAGs
[2023-02-23 19:56:20,151] {logging_mixin.py:104} INFO - [2023-02-23 19:56:20,150] {dag.py:2306} INFO - Setting next_dagrun for example_trigger_target_dag to None
[2023-02-23 19:56:20,158] {scheduler_job.py:190} INFO - Processing /home/airflow/.local/lib/python3.6/site-packages/airflow/example_dags/example_trigger_target_dag.py took 0.050 seconds
[2023-02-23 19:56:51,088] {scheduler_job.py:182} INFO - Started process (PID=1610) to work on /home/airflow/.local/lib/python3.6/site-packages/airflow/example_dags/example_trigger_target_dag.py
[2023-02-23 19:56:51,088] {scheduler_job.py:633} INFO - Processing file /home/airflow/.local/lib/python3.6/site-packages/airflow/example_dags/example_trigger_target_dag.py for tasks to queue
[2023-02-23 19:56:51,089] {logging_mixin.py:104} INFO - [2023-02-23 19:56:51,089] {dagbag.py:496} INFO - Filling up the DagBag from /home/airflow/.local/lib/python3.6/site-packages/airflow/example_dags/example_trigger_target_dag.py
[2023-02-23 19:56:51,100] {scheduler_job.py:643} INFO - DAG(s) dict_keys(['example_trigger_target_dag']) retrieved from /home/airflow/.local/lib/python3.6/site-packages/airflow/example_dags/example_trigger_target_dag.py
[2023-02-23 19:56:51,114] {logging_mixin.py:104} INFO - [2023-02-23 19:56:51,114] {dag.py:1833} INFO - Sync 1 DAGs
[2023-02-23 19:56:51,125] {logging_mixin.py:104} INFO - [2023-02-23 19:56:51,125] {dag.py:2306} INFO - Setting next_dagrun for example_trigger_target_dag to None
[2023-02-23 19:56:51,131] {scheduler_job.py:190} INFO - Processing /home/airflow/.local/lib/python3.6/site-packages/airflow/example_dags/example_trigger_target_dag.py took 0.046 seconds
[2023-02-23 19:57:21,707] {scheduler_job.py:182} INFO - Started process (PID=1671) to work on /home/airflow/.local/lib/python3.6/site-packages/airflow/example_dags/example_trigger_target_dag.py
[2023-02-23 19:57:21,708] {scheduler_job.py:633} INFO - Processing file /home/airflow/.local/lib/python3.6/site-packages/airflow/example_dags/example_trigger_target_dag.py for tasks to queue
[2023-02-23 19:57:21,708] {logging_mixin.py:104} INFO - [2023-02-23 19:57:21,708] {dagbag.py:496} INFO - Filling up the DagBag from /home/airflow/.local/lib/python3.6/site-packages/airflow/example_dags/example_trigger_target_dag.py
[2023-02-23 19:57:21,721] {scheduler_job.py:643} INFO - DAG(s) dict_keys(['example_trigger_target_dag']) retrieved from /home/airflow/.local/lib/python3.6/site-packages/airflow/example_dags/example_trigger_target_dag.py
[2023-02-23 19:57:21,738] {logging_mixin.py:104} INFO - [2023-02-23 19:57:21,737] {dag.py:1833} INFO - Sync 1 DAGs
[2023-02-23 19:57:21,749] {logging_mixin.py:104} INFO - [2023-02-23 19:57:21,749] {dag.py:2306} INFO - Setting next_dagrun for example_trigger_target_dag to None
[2023-02-23 19:57:21,756] {scheduler_job.py:190} INFO - Processing /home/airflow/.local/lib/python3.6/site-packages/airflow/example_dags/example_trigger_target_dag.py took 0.051 seconds
[2023-02-23 19:57:52,388] {scheduler_job.py:182} INFO - Started process (PID=1722) to work on /home/airflow/.local/lib/python3.6/site-packages/airflow/example_dags/example_trigger_target_dag.py
[2023-02-23 19:57:52,388] {scheduler_job.py:633} INFO - Processing file /home/airflow/.local/lib/python3.6/site-packages/airflow/example_dags/example_trigger_target_dag.py for tasks to queue
[2023-02-23 19:57:52,389] {logging_mixin.py:104} INFO - [2023-02-23 19:57:52,389] {dagbag.py:496} INFO - Filling up the DagBag from /home/airflow/.local/lib/python3.6/site-packages/airflow/example_dags/example_trigger_target_dag.py
[2023-02-23 19:57:52,401] {scheduler_job.py:643} INFO - DAG(s) dict_keys(['example_trigger_target_dag']) retrieved from /home/airflow/.local/lib/python3.6/site-packages/airflow/example_dags/example_trigger_target_dag.py
[2023-02-23 19:57:52,418] {logging_mixin.py:104} INFO - [2023-02-23 19:57:52,418] {dag.py:1833} INFO - Sync 1 DAGs
[2023-02-23 19:57:52,430] {logging_mixin.py:104} INFO - [2023-02-23 19:57:52,430] {dag.py:2306} INFO - Setting next_dagrun for example_trigger_target_dag to None
[2023-02-23 19:57:52,438] {scheduler_job.py:190} INFO - Processing /home/airflow/.local/lib/python3.6/site-packages/airflow/example_dags/example_trigger_target_dag.py took 0.052 seconds
[2023-02-23 19:58:22,999] {scheduler_job.py:182} INFO - Started process (PID=1783) to work on /home/airflow/.local/lib/python3.6/site-packages/airflow/example_dags/example_trigger_target_dag.py
[2023-02-23 19:58:23,000] {scheduler_job.py:633} INFO - Processing file /home/airflow/.local/lib/python3.6/site-packages/airflow/example_dags/example_trigger_target_dag.py for tasks to queue
[2023-02-23 19:58:23,001] {logging_mixin.py:104} INFO - [2023-02-23 19:58:23,000] {dagbag.py:496} INFO - Filling up the DagBag from /home/airflow/.local/lib/python3.6/site-packages/airflow/example_dags/example_trigger_target_dag.py
[2023-02-23 19:58:23,013] {scheduler_job.py:643} INFO - DAG(s) dict_keys(['example_trigger_target_dag']) retrieved from /home/airflow/.local/lib/python3.6/site-packages/airflow/example_dags/example_trigger_target_dag.py
[2023-02-23 19:58:23,029] {logging_mixin.py:104} INFO - [2023-02-23 19:58:23,029] {dag.py:1833} INFO - Sync 1 DAGs
[2023-02-23 19:58:23,043] {logging_mixin.py:104} INFO - [2023-02-23 19:58:23,042] {dag.py:2306} INFO - Setting next_dagrun for example_trigger_target_dag to None
[2023-02-23 19:58:23,051] {scheduler_job.py:190} INFO - Processing /home/airflow/.local/lib/python3.6/site-packages/airflow/example_dags/example_trigger_target_dag.py took 0.054 seconds
[2023-02-23 19:58:53,634] {scheduler_job.py:182} INFO - Started process (PID=1834) to work on /home/airflow/.local/lib/python3.6/site-packages/airflow/example_dags/example_trigger_target_dag.py
[2023-02-23 19:58:53,634] {scheduler_job.py:633} INFO - Processing file /home/airflow/.local/lib/python3.6/site-packages/airflow/example_dags/example_trigger_target_dag.py for tasks to queue
[2023-02-23 19:58:53,635] {logging_mixin.py:104} INFO - [2023-02-23 19:58:53,635] {dagbag.py:496} INFO - Filling up the DagBag from /home/airflow/.local/lib/python3.6/site-packages/airflow/example_dags/example_trigger_target_dag.py
[2023-02-23 19:58:53,647] {scheduler_job.py:643} INFO - DAG(s) dict_keys(['example_trigger_target_dag']) retrieved from /home/airflow/.local/lib/python3.6/site-packages/airflow/example_dags/example_trigger_target_dag.py
[2023-02-23 19:58:53,670] {logging_mixin.py:104} INFO - [2023-02-23 19:58:53,670] {dag.py:1833} INFO - Sync 1 DAGs
[2023-02-23 19:58:53,683] {logging_mixin.py:104} INFO - [2023-02-23 19:58:53,682] {dag.py:2306} INFO - Setting next_dagrun for example_trigger_target_dag to None
[2023-02-23 19:58:53,690] {scheduler_job.py:190} INFO - Processing /home/airflow/.local/lib/python3.6/site-packages/airflow/example_dags/example_trigger_target_dag.py took 0.059 seconds
[2023-02-23 19:59:24,290] {scheduler_job.py:182} INFO - Started process (PID=1895) to work on /home/airflow/.local/lib/python3.6/site-packages/airflow/example_dags/example_trigger_target_dag.py
[2023-02-23 19:59:24,291] {scheduler_job.py:633} INFO - Processing file /home/airflow/.local/lib/python3.6/site-packages/airflow/example_dags/example_trigger_target_dag.py for tasks to queue
[2023-02-23 19:59:24,292] {logging_mixin.py:104} INFO - [2023-02-23 19:59:24,292] {dagbag.py:496} INFO - Filling up the DagBag from /home/airflow/.local/lib/python3.6/site-packages/airflow/example_dags/example_trigger_target_dag.py
[2023-02-23 19:59:24,303] {scheduler_job.py:643} INFO - DAG(s) dict_keys(['example_trigger_target_dag']) retrieved from /home/airflow/.local/lib/python3.6/site-packages/airflow/example_dags/example_trigger_target_dag.py
[2023-02-23 19:59:24,322] {logging_mixin.py:104} INFO - [2023-02-23 19:59:24,322] {dag.py:1833} INFO - Sync 1 DAGs
[2023-02-23 19:59:24,337] {logging_mixin.py:104} INFO - [2023-02-23 19:59:24,337] {dag.py:2306} INFO - Setting next_dagrun for example_trigger_target_dag to None
[2023-02-23 19:59:24,344] {scheduler_job.py:190} INFO - Processing /home/airflow/.local/lib/python3.6/site-packages/airflow/example_dags/example_trigger_target_dag.py took 0.056 seconds
[2023-02-23 19:59:54,955] {scheduler_job.py:182} INFO - Started process (PID=1946) to work on /home/airflow/.local/lib/python3.6/site-packages/airflow/example_dags/example_trigger_target_dag.py
[2023-02-23 19:59:54,955] {scheduler_job.py:633} INFO - Processing file /home/airflow/.local/lib/python3.6/site-packages/airflow/example_dags/example_trigger_target_dag.py for tasks to queue
[2023-02-23 19:59:54,956] {logging_mixin.py:104} INFO - [2023-02-23 19:59:54,956] {dagbag.py:496} INFO - Filling up the DagBag from /home/airflow/.local/lib/python3.6/site-packages/airflow/example_dags/example_trigger_target_dag.py
[2023-02-23 19:59:54,969] {scheduler_job.py:643} INFO - DAG(s) dict_keys(['example_trigger_target_dag']) retrieved from /home/airflow/.local/lib/python3.6/site-packages/airflow/example_dags/example_trigger_target_dag.py
[2023-02-23 19:59:54,988] {logging_mixin.py:104} INFO - [2023-02-23 19:59:54,988] {dag.py:1833} INFO - Sync 1 DAGs
[2023-02-23 19:59:55,000] {logging_mixin.py:104} INFO - [2023-02-23 19:59:55,000] {dag.py:2306} INFO - Setting next_dagrun for example_trigger_target_dag to None
[2023-02-23 19:59:55,007] {scheduler_job.py:190} INFO - Processing /home/airflow/.local/lib/python3.6/site-packages/airflow/example_dags/example_trigger_target_dag.py took 0.055 seconds
[2023-02-23 20:00:25,908] {scheduler_job.py:182} INFO - Started process (PID=2007) to work on /home/airflow/.local/lib/python3.6/site-packages/airflow/example_dags/example_trigger_target_dag.py
[2023-02-23 20:00:25,911] {scheduler_job.py:633} INFO - Processing file /home/airflow/.local/lib/python3.6/site-packages/airflow/example_dags/example_trigger_target_dag.py for tasks to queue
[2023-02-23 20:00:25,912] {logging_mixin.py:104} INFO - [2023-02-23 20:00:25,912] {dagbag.py:496} INFO - Filling up the DagBag from /home/airflow/.local/lib/python3.6/site-packages/airflow/example_dags/example_trigger_target_dag.py
[2023-02-23 20:00:25,924] {scheduler_job.py:643} INFO - DAG(s) dict_keys(['example_trigger_target_dag']) retrieved from /home/airflow/.local/lib/python3.6/site-packages/airflow/example_dags/example_trigger_target_dag.py
[2023-02-23 20:00:25,943] {logging_mixin.py:104} INFO - [2023-02-23 20:00:25,943] {dag.py:1833} INFO - Sync 1 DAGs
[2023-02-23 20:00:25,975] {logging_mixin.py:104} INFO - [2023-02-23 20:00:25,974] {dag.py:2306} INFO - Setting next_dagrun for example_trigger_target_dag to None
[2023-02-23 20:00:25,982] {scheduler_job.py:190} INFO - Processing /home/airflow/.local/lib/python3.6/site-packages/airflow/example_dags/example_trigger_target_dag.py took 0.077 seconds
[2023-02-23 20:00:56,419] {scheduler_job.py:182} INFO - Started process (PID=2058) to work on /home/airflow/.local/lib/python3.6/site-packages/airflow/example_dags/example_trigger_target_dag.py
[2023-02-23 20:00:56,419] {scheduler_job.py:633} INFO - Processing file /home/airflow/.local/lib/python3.6/site-packages/airflow/example_dags/example_trigger_target_dag.py for tasks to queue
[2023-02-23 20:00:56,420] {logging_mixin.py:104} INFO - [2023-02-23 20:00:56,420] {dagbag.py:496} INFO - Filling up the DagBag from /home/airflow/.local/lib/python3.6/site-packages/airflow/example_dags/example_trigger_target_dag.py
[2023-02-23 20:00:56,431] {scheduler_job.py:643} INFO - DAG(s) dict_keys(['example_trigger_target_dag']) retrieved from /home/airflow/.local/lib/python3.6/site-packages/airflow/example_dags/example_trigger_target_dag.py
[2023-02-23 20:00:56,449] {logging_mixin.py:104} INFO - [2023-02-23 20:00:56,448] {dag.py:1833} INFO - Sync 1 DAGs
[2023-02-23 20:00:56,460] {logging_mixin.py:104} INFO - [2023-02-23 20:00:56,460] {dag.py:2306} INFO - Setting next_dagrun for example_trigger_target_dag to None
[2023-02-23 20:00:56,468] {scheduler_job.py:190} INFO - Processing /home/airflow/.local/lib/python3.6/site-packages/airflow/example_dags/example_trigger_target_dag.py took 0.051 seconds
[2023-02-23 20:01:27,217] {scheduler_job.py:182} INFO - Started process (PID=2119) to work on /home/airflow/.local/lib/python3.6/site-packages/airflow/example_dags/example_trigger_target_dag.py
[2023-02-23 20:01:27,217] {scheduler_job.py:633} INFO - Processing file /home/airflow/.local/lib/python3.6/site-packages/airflow/example_dags/example_trigger_target_dag.py for tasks to queue
[2023-02-23 20:01:27,218] {logging_mixin.py:104} INFO - [2023-02-23 20:01:27,218] {dagbag.py:496} INFO - Filling up the DagBag from /home/airflow/.local/lib/python3.6/site-packages/airflow/example_dags/example_trigger_target_dag.py
[2023-02-23 20:01:27,229] {scheduler_job.py:643} INFO - DAG(s) dict_keys(['example_trigger_target_dag']) retrieved from /home/airflow/.local/lib/python3.6/site-packages/airflow/example_dags/example_trigger_target_dag.py
[2023-02-23 20:01:27,245] {logging_mixin.py:104} INFO - [2023-02-23 20:01:27,244] {dag.py:1833} INFO - Sync 1 DAGs
[2023-02-23 20:01:27,256] {logging_mixin.py:104} INFO - [2023-02-23 20:01:27,256] {dag.py:2306} INFO - Setting next_dagrun for example_trigger_target_dag to None
[2023-02-23 20:01:27,262] {scheduler_job.py:190} INFO - Processing /home/airflow/.local/lib/python3.6/site-packages/airflow/example_dags/example_trigger_target_dag.py took 0.048 seconds
[2023-02-23 20:01:57,899] {scheduler_job.py:182} INFO - Started process (PID=2180) to work on /home/airflow/.local/lib/python3.6/site-packages/airflow/example_dags/example_trigger_target_dag.py
[2023-02-23 20:01:57,899] {scheduler_job.py:633} INFO - Processing file /home/airflow/.local/lib/python3.6/site-packages/airflow/example_dags/example_trigger_target_dag.py for tasks to queue
[2023-02-23 20:01:57,900] {logging_mixin.py:104} INFO - [2023-02-23 20:01:57,900] {dagbag.py:496} INFO - Filling up the DagBag from /home/airflow/.local/lib/python3.6/site-packages/airflow/example_dags/example_trigger_target_dag.py
[2023-02-23 20:01:57,912] {scheduler_job.py:643} INFO - DAG(s) dict_keys(['example_trigger_target_dag']) retrieved from /home/airflow/.local/lib/python3.6/site-packages/airflow/example_dags/example_trigger_target_dag.py
[2023-02-23 20:01:57,933] {logging_mixin.py:104} INFO - [2023-02-23 20:01:57,933] {dag.py:1833} INFO - Sync 1 DAGs
[2023-02-23 20:01:57,950] {logging_mixin.py:104} INFO - [2023-02-23 20:01:57,950] {dag.py:2306} INFO - Setting next_dagrun for example_trigger_target_dag to None
[2023-02-23 20:01:57,958] {scheduler_job.py:190} INFO - Processing /home/airflow/.local/lib/python3.6/site-packages/airflow/example_dags/example_trigger_target_dag.py took 0.062 seconds
[2023-02-23 20:02:28,459] {scheduler_job.py:182} INFO - Started process (PID=2231) to work on /home/airflow/.local/lib/python3.6/site-packages/airflow/example_dags/example_trigger_target_dag.py
[2023-02-23 20:02:28,460] {scheduler_job.py:633} INFO - Processing file /home/airflow/.local/lib/python3.6/site-packages/airflow/example_dags/example_trigger_target_dag.py for tasks to queue
[2023-02-23 20:02:28,461] {logging_mixin.py:104} INFO - [2023-02-23 20:02:28,460] {dagbag.py:496} INFO - Filling up the DagBag from /home/airflow/.local/lib/python3.6/site-packages/airflow/example_dags/example_trigger_target_dag.py
[2023-02-23 20:02:28,472] {scheduler_job.py:643} INFO - DAG(s) dict_keys(['example_trigger_target_dag']) retrieved from /home/airflow/.local/lib/python3.6/site-packages/airflow/example_dags/example_trigger_target_dag.py
[2023-02-23 20:02:28,488] {logging_mixin.py:104} INFO - [2023-02-23 20:02:28,488] {dag.py:1833} INFO - Sync 1 DAGs
[2023-02-23 20:02:28,502] {logging_mixin.py:104} INFO - [2023-02-23 20:02:28,502] {dag.py:2306} INFO - Setting next_dagrun for example_trigger_target_dag to None
[2023-02-23 20:02:28,510] {scheduler_job.py:190} INFO - Processing /home/airflow/.local/lib/python3.6/site-packages/airflow/example_dags/example_trigger_target_dag.py took 0.053 seconds
[2023-02-23 20:02:59,137] {scheduler_job.py:182} INFO - Started process (PID=2292) to work on /home/airflow/.local/lib/python3.6/site-packages/airflow/example_dags/example_trigger_target_dag.py
[2023-02-23 20:02:59,138] {scheduler_job.py:633} INFO - Processing file /home/airflow/.local/lib/python3.6/site-packages/airflow/example_dags/example_trigger_target_dag.py for tasks to queue
[2023-02-23 20:02:59,138] {logging_mixin.py:104} INFO - [2023-02-23 20:02:59,138] {dagbag.py:496} INFO - Filling up the DagBag from /home/airflow/.local/lib/python3.6/site-packages/airflow/example_dags/example_trigger_target_dag.py
[2023-02-23 20:02:59,148] {scheduler_job.py:643} INFO - DAG(s) dict_keys(['example_trigger_target_dag']) retrieved from /home/airflow/.local/lib/python3.6/site-packages/airflow/example_dags/example_trigger_target_dag.py
[2023-02-23 20:02:59,164] {logging_mixin.py:104} INFO - [2023-02-23 20:02:59,163] {dag.py:1833} INFO - Sync 1 DAGs
[2023-02-23 20:02:59,176] {logging_mixin.py:104} INFO - [2023-02-23 20:02:59,176] {dag.py:2306} INFO - Setting next_dagrun for example_trigger_target_dag to None
[2023-02-23 20:02:59,183] {scheduler_job.py:190} INFO - Processing /home/airflow/.local/lib/python3.6/site-packages/airflow/example_dags/example_trigger_target_dag.py took 0.048 seconds
[2023-02-23 20:03:29,744] {scheduler_job.py:182} INFO - Started process (PID=2343) to work on /home/airflow/.local/lib/python3.6/site-packages/airflow/example_dags/example_trigger_target_dag.py
[2023-02-23 20:03:29,744] {scheduler_job.py:633} INFO - Processing file /home/airflow/.local/lib/python3.6/site-packages/airflow/example_dags/example_trigger_target_dag.py for tasks to queue
[2023-02-23 20:03:29,745] {logging_mixin.py:104} INFO - [2023-02-23 20:03:29,745] {dagbag.py:496} INFO - Filling up the DagBag from /home/airflow/.local/lib/python3.6/site-packages/airflow/example_dags/example_trigger_target_dag.py
[2023-02-23 20:03:29,756] {scheduler_job.py:643} INFO - DAG(s) dict_keys(['example_trigger_target_dag']) retrieved from /home/airflow/.local/lib/python3.6/site-packages/airflow/example_dags/example_trigger_target_dag.py
[2023-02-23 20:03:29,773] {logging_mixin.py:104} INFO - [2023-02-23 20:03:29,773] {dag.py:1833} INFO - Sync 1 DAGs
[2023-02-23 20:03:29,785] {logging_mixin.py:104} INFO - [2023-02-23 20:03:29,784] {dag.py:2306} INFO - Setting next_dagrun for example_trigger_target_dag to None
[2023-02-23 20:03:29,793] {scheduler_job.py:190} INFO - Processing /home/airflow/.local/lib/python3.6/site-packages/airflow/example_dags/example_trigger_target_dag.py took 0.051 seconds
[2023-02-23 20:04:00,397] {scheduler_job.py:182} INFO - Started process (PID=2404) to work on /home/airflow/.local/lib/python3.6/site-packages/airflow/example_dags/example_trigger_target_dag.py
[2023-02-23 20:04:00,397] {scheduler_job.py:633} INFO - Processing file /home/airflow/.local/lib/python3.6/site-packages/airflow/example_dags/example_trigger_target_dag.py for tasks to queue
[2023-02-23 20:04:00,398] {logging_mixin.py:104} INFO - [2023-02-23 20:04:00,398] {dagbag.py:496} INFO - Filling up the DagBag from /home/airflow/.local/lib/python3.6/site-packages/airflow/example_dags/example_trigger_target_dag.py
[2023-02-23 20:04:00,409] {scheduler_job.py:643} INFO - DAG(s) dict_keys(['example_trigger_target_dag']) retrieved from /home/airflow/.local/lib/python3.6/site-packages/airflow/example_dags/example_trigger_target_dag.py
[2023-02-23 20:04:00,425] {logging_mixin.py:104} INFO - [2023-02-23 20:04:00,425] {dag.py:1833} INFO - Sync 1 DAGs
[2023-02-23 20:04:00,437] {logging_mixin.py:104} INFO - [2023-02-23 20:04:00,437] {dag.py:2306} INFO - Setting next_dagrun for example_trigger_target_dag to None
[2023-02-23 20:04:00,445] {scheduler_job.py:190} INFO - Processing /home/airflow/.local/lib/python3.6/site-packages/airflow/example_dags/example_trigger_target_dag.py took 0.051 seconds
[2023-02-23 20:04:31,004] {scheduler_job.py:182} INFO - Started process (PID=2455) to work on /home/airflow/.local/lib/python3.6/site-packages/airflow/example_dags/example_trigger_target_dag.py
[2023-02-23 20:04:31,004] {scheduler_job.py:633} INFO - Processing file /home/airflow/.local/lib/python3.6/site-packages/airflow/example_dags/example_trigger_target_dag.py for tasks to queue
[2023-02-23 20:04:31,005] {logging_mixin.py:104} INFO - [2023-02-23 20:04:31,005] {dagbag.py:496} INFO - Filling up the DagBag from /home/airflow/.local/lib/python3.6/site-packages/airflow/example_dags/example_trigger_target_dag.py
[2023-02-23 20:04:31,015] {scheduler_job.py:643} INFO - DAG(s) dict_keys(['example_trigger_target_dag']) retrieved from /home/airflow/.local/lib/python3.6/site-packages/airflow/example_dags/example_trigger_target_dag.py
[2023-02-23 20:04:31,032] {logging_mixin.py:104} INFO - [2023-02-23 20:04:31,032] {dag.py:1833} INFO - Sync 1 DAGs
[2023-02-23 20:04:31,044] {logging_mixin.py:104} INFO - [2023-02-23 20:04:31,043] {dag.py:2306} INFO - Setting next_dagrun for example_trigger_target_dag to None
[2023-02-23 20:04:31,052] {scheduler_job.py:190} INFO - Processing /home/airflow/.local/lib/python3.6/site-packages/airflow/example_dags/example_trigger_target_dag.py took 0.051 seconds
