[2023-02-23 12:25:54,860] {scheduler_job.py:182} INFO - Started process (PID=79) to work on /home/airflow/.local/lib/python3.6/site-packages/airflow/example_dags/example_branch_labels.py
[2023-02-23 12:25:54,861] {scheduler_job.py:633} INFO - Processing file /home/airflow/.local/lib/python3.6/site-packages/airflow/example_dags/example_branch_labels.py for tasks to queue
[2023-02-23 12:25:54,862] {logging_mixin.py:104} INFO - [2023-02-23 12:25:54,862] {dagbag.py:496} INFO - Filling up the DagBag from /home/airflow/.local/lib/python3.6/site-packages/airflow/example_dags/example_branch_labels.py
[2023-02-23 12:25:54,873] {scheduler_job.py:643} INFO - DAG(s) dict_keys(['example_branch_labels']) retrieved from /home/airflow/.local/lib/python3.6/site-packages/airflow/example_dags/example_branch_labels.py
[2023-02-23 12:25:55,386] {logging_mixin.py:104} INFO - [2023-02-23 12:25:55,386] {dag.py:1833} INFO - Sync 1 DAGs
[2023-02-23 12:25:55,401] {logging_mixin.py:104} INFO - [2023-02-23 12:25:55,401] {dag.py:2306} INFO - Setting next_dagrun for example_branch_labels to 2023-02-21 00:00:00+00:00
[2023-02-23 12:25:55,456] {scheduler_job.py:190} INFO - Processing /home/airflow/.local/lib/python3.6/site-packages/airflow/example_dags/example_branch_labels.py took 0.598 seconds
[2023-02-23 12:26:25,994] {scheduler_job.py:182} INFO - Started process (PID=130) to work on /home/airflow/.local/lib/python3.6/site-packages/airflow/example_dags/example_branch_labels.py
[2023-02-23 12:26:25,994] {scheduler_job.py:633} INFO - Processing file /home/airflow/.local/lib/python3.6/site-packages/airflow/example_dags/example_branch_labels.py for tasks to queue
[2023-02-23 12:26:25,995] {logging_mixin.py:104} INFO - [2023-02-23 12:26:25,995] {dagbag.py:496} INFO - Filling up the DagBag from /home/airflow/.local/lib/python3.6/site-packages/airflow/example_dags/example_branch_labels.py
[2023-02-23 12:26:26,004] {scheduler_job.py:643} INFO - DAG(s) dict_keys(['example_branch_labels']) retrieved from /home/airflow/.local/lib/python3.6/site-packages/airflow/example_dags/example_branch_labels.py
[2023-02-23 12:26:26,021] {logging_mixin.py:104} INFO - [2023-02-23 12:26:26,021] {dag.py:1833} INFO - Sync 1 DAGs
[2023-02-23 12:26:26,035] {logging_mixin.py:104} INFO - [2023-02-23 12:26:26,035] {dag.py:2306} INFO - Setting next_dagrun for example_branch_labels to 2023-02-21 00:00:00+00:00
[2023-02-23 12:26:26,114] {scheduler_job.py:190} INFO - Processing /home/airflow/.local/lib/python3.6/site-packages/airflow/example_dags/example_branch_labels.py took 0.123 seconds
[2023-02-23 16:46:48,028] {scheduler_job.py:182} INFO - Started process (PID=64) to work on /home/airflow/.local/lib/python3.6/site-packages/airflow/example_dags/example_branch_labels.py
[2023-02-23 16:46:48,029] {scheduler_job.py:633} INFO - Processing file /home/airflow/.local/lib/python3.6/site-packages/airflow/example_dags/example_branch_labels.py for tasks to queue
[2023-02-23 16:46:48,029] {logging_mixin.py:104} INFO - [2023-02-23 16:46:48,029] {dagbag.py:496} INFO - Filling up the DagBag from /home/airflow/.local/lib/python3.6/site-packages/airflow/example_dags/example_branch_labels.py
[2023-02-23 16:46:48,079] {scheduler_job.py:643} INFO - DAG(s) dict_keys(['example_branch_labels']) retrieved from /home/airflow/.local/lib/python3.6/site-packages/airflow/example_dags/example_branch_labels.py
[2023-02-23 16:46:48,100] {logging_mixin.py:104} INFO - [2023-02-23 16:46:48,100] {dag.py:1833} INFO - Sync 1 DAGs
[2023-02-23 16:46:48,124] {logging_mixin.py:104} INFO - [2023-02-23 16:46:48,124] {dag.py:2306} INFO - Setting next_dagrun for example_branch_labels to 2023-02-21 00:00:00+00:00
[2023-02-23 16:46:48,133] {scheduler_job.py:190} INFO - Processing /home/airflow/.local/lib/python3.6/site-packages/airflow/example_dags/example_branch_labels.py took 0.108 seconds
[2023-02-23 16:47:18,212] {scheduler_job.py:182} INFO - Started process (PID=116) to work on /home/airflow/.local/lib/python3.6/site-packages/airflow/example_dags/example_branch_labels.py
[2023-02-23 16:47:18,213] {scheduler_job.py:633} INFO - Processing file /home/airflow/.local/lib/python3.6/site-packages/airflow/example_dags/example_branch_labels.py for tasks to queue
[2023-02-23 16:47:18,214] {logging_mixin.py:104} INFO - [2023-02-23 16:47:18,213] {dagbag.py:496} INFO - Filling up the DagBag from /home/airflow/.local/lib/python3.6/site-packages/airflow/example_dags/example_branch_labels.py
[2023-02-23 16:47:18,224] {scheduler_job.py:643} INFO - DAG(s) dict_keys(['example_branch_labels']) retrieved from /home/airflow/.local/lib/python3.6/site-packages/airflow/example_dags/example_branch_labels.py
[2023-02-23 16:47:18,242] {logging_mixin.py:104} INFO - [2023-02-23 16:47:18,242] {dag.py:1833} INFO - Sync 1 DAGs
[2023-02-23 16:47:18,258] {logging_mixin.py:104} INFO - [2023-02-23 16:47:18,258] {dag.py:2306} INFO - Setting next_dagrun for example_branch_labels to 2023-02-21 00:00:00+00:00
[2023-02-23 16:47:18,265] {scheduler_job.py:190} INFO - Processing /home/airflow/.local/lib/python3.6/site-packages/airflow/example_dags/example_branch_labels.py took 0.055 seconds
[2023-02-23 16:47:48,850] {scheduler_job.py:182} INFO - Started process (PID=178) to work on /home/airflow/.local/lib/python3.6/site-packages/airflow/example_dags/example_branch_labels.py
[2023-02-23 16:47:48,851] {scheduler_job.py:633} INFO - Processing file /home/airflow/.local/lib/python3.6/site-packages/airflow/example_dags/example_branch_labels.py for tasks to queue
[2023-02-23 16:47:48,852] {logging_mixin.py:104} INFO - [2023-02-23 16:47:48,852] {dagbag.py:496} INFO - Filling up the DagBag from /home/airflow/.local/lib/python3.6/site-packages/airflow/example_dags/example_branch_labels.py
[2023-02-23 16:47:48,861] {scheduler_job.py:643} INFO - DAG(s) dict_keys(['example_branch_labels']) retrieved from /home/airflow/.local/lib/python3.6/site-packages/airflow/example_dags/example_branch_labels.py
[2023-02-23 16:47:48,883] {logging_mixin.py:104} INFO - [2023-02-23 16:47:48,883] {dag.py:1833} INFO - Sync 1 DAGs
[2023-02-23 16:47:48,902] {logging_mixin.py:104} INFO - [2023-02-23 16:47:48,902] {dag.py:2306} INFO - Setting next_dagrun for example_branch_labels to 2023-02-21 00:00:00+00:00
[2023-02-23 16:47:48,908] {scheduler_job.py:190} INFO - Processing /home/airflow/.local/lib/python3.6/site-packages/airflow/example_dags/example_branch_labels.py took 0.060 seconds
[2023-02-23 16:48:19,857] {scheduler_job.py:182} INFO - Started process (PID=230) to work on /home/airflow/.local/lib/python3.6/site-packages/airflow/example_dags/example_branch_labels.py
[2023-02-23 16:48:19,858] {scheduler_job.py:633} INFO - Processing file /home/airflow/.local/lib/python3.6/site-packages/airflow/example_dags/example_branch_labels.py for tasks to queue
[2023-02-23 16:48:19,858] {logging_mixin.py:104} INFO - [2023-02-23 16:48:19,858] {dagbag.py:496} INFO - Filling up the DagBag from /home/airflow/.local/lib/python3.6/site-packages/airflow/example_dags/example_branch_labels.py
[2023-02-23 16:48:19,868] {scheduler_job.py:643} INFO - DAG(s) dict_keys(['example_branch_labels']) retrieved from /home/airflow/.local/lib/python3.6/site-packages/airflow/example_dags/example_branch_labels.py
[2023-02-23 16:48:19,886] {logging_mixin.py:104} INFO - [2023-02-23 16:48:19,886] {dag.py:1833} INFO - Sync 1 DAGs
[2023-02-23 16:48:19,902] {logging_mixin.py:104} INFO - [2023-02-23 16:48:19,902] {dag.py:2306} INFO - Setting next_dagrun for example_branch_labels to 2023-02-21 00:00:00+00:00
[2023-02-23 16:48:19,908] {scheduler_job.py:190} INFO - Processing /home/airflow/.local/lib/python3.6/site-packages/airflow/example_dags/example_branch_labels.py took 0.053 seconds
[2023-02-23 16:48:50,638] {scheduler_job.py:182} INFO - Started process (PID=292) to work on /home/airflow/.local/lib/python3.6/site-packages/airflow/example_dags/example_branch_labels.py
[2023-02-23 16:48:50,639] {scheduler_job.py:633} INFO - Processing file /home/airflow/.local/lib/python3.6/site-packages/airflow/example_dags/example_branch_labels.py for tasks to queue
[2023-02-23 16:48:50,640] {logging_mixin.py:104} INFO - [2023-02-23 16:48:50,639] {dagbag.py:496} INFO - Filling up the DagBag from /home/airflow/.local/lib/python3.6/site-packages/airflow/example_dags/example_branch_labels.py
[2023-02-23 16:48:50,648] {scheduler_job.py:643} INFO - DAG(s) dict_keys(['example_branch_labels']) retrieved from /home/airflow/.local/lib/python3.6/site-packages/airflow/example_dags/example_branch_labels.py
[2023-02-23 16:48:50,666] {logging_mixin.py:104} INFO - [2023-02-23 16:48:50,666] {dag.py:1833} INFO - Sync 1 DAGs
[2023-02-23 16:48:50,681] {logging_mixin.py:104} INFO - [2023-02-23 16:48:50,681] {dag.py:2306} INFO - Setting next_dagrun for example_branch_labels to 2023-02-21 00:00:00+00:00
[2023-02-23 16:48:50,688] {scheduler_job.py:190} INFO - Processing /home/airflow/.local/lib/python3.6/site-packages/airflow/example_dags/example_branch_labels.py took 0.052 seconds
[2023-02-23 16:49:21,295] {scheduler_job.py:182} INFO - Started process (PID=344) to work on /home/airflow/.local/lib/python3.6/site-packages/airflow/example_dags/example_branch_labels.py
[2023-02-23 16:49:21,296] {scheduler_job.py:633} INFO - Processing file /home/airflow/.local/lib/python3.6/site-packages/airflow/example_dags/example_branch_labels.py for tasks to queue
[2023-02-23 16:49:21,296] {logging_mixin.py:104} INFO - [2023-02-23 16:49:21,296] {dagbag.py:496} INFO - Filling up the DagBag from /home/airflow/.local/lib/python3.6/site-packages/airflow/example_dags/example_branch_labels.py
[2023-02-23 16:49:21,305] {scheduler_job.py:643} INFO - DAG(s) dict_keys(['example_branch_labels']) retrieved from /home/airflow/.local/lib/python3.6/site-packages/airflow/example_dags/example_branch_labels.py
[2023-02-23 16:49:21,323] {logging_mixin.py:104} INFO - [2023-02-23 16:49:21,323] {dag.py:1833} INFO - Sync 1 DAGs
[2023-02-23 16:49:21,337] {logging_mixin.py:104} INFO - [2023-02-23 16:49:21,337] {dag.py:2306} INFO - Setting next_dagrun for example_branch_labels to 2023-02-21 00:00:00+00:00
[2023-02-23 16:49:21,343] {scheduler_job.py:190} INFO - Processing /home/airflow/.local/lib/python3.6/site-packages/airflow/example_dags/example_branch_labels.py took 0.050 seconds
[2023-02-23 16:49:52,122] {scheduler_job.py:182} INFO - Started process (PID=396) to work on /home/airflow/.local/lib/python3.6/site-packages/airflow/example_dags/example_branch_labels.py
[2023-02-23 16:49:52,123] {scheduler_job.py:633} INFO - Processing file /home/airflow/.local/lib/python3.6/site-packages/airflow/example_dags/example_branch_labels.py for tasks to queue
[2023-02-23 16:49:52,124] {logging_mixin.py:104} INFO - [2023-02-23 16:49:52,124] {dagbag.py:496} INFO - Filling up the DagBag from /home/airflow/.local/lib/python3.6/site-packages/airflow/example_dags/example_branch_labels.py
[2023-02-23 16:49:52,134] {scheduler_job.py:643} INFO - DAG(s) dict_keys(['example_branch_labels']) retrieved from /home/airflow/.local/lib/python3.6/site-packages/airflow/example_dags/example_branch_labels.py
[2023-02-23 16:49:52,152] {logging_mixin.py:104} INFO - [2023-02-23 16:49:52,152] {dag.py:1833} INFO - Sync 1 DAGs
[2023-02-23 16:49:52,167] {logging_mixin.py:104} INFO - [2023-02-23 16:49:52,167] {dag.py:2306} INFO - Setting next_dagrun for example_branch_labels to 2023-02-21 00:00:00+00:00
[2023-02-23 16:49:52,175] {scheduler_job.py:190} INFO - Processing /home/airflow/.local/lib/python3.6/site-packages/airflow/example_dags/example_branch_labels.py took 0.055 seconds
[2023-02-23 16:50:23,002] {scheduler_job.py:182} INFO - Started process (PID=458) to work on /home/airflow/.local/lib/python3.6/site-packages/airflow/example_dags/example_branch_labels.py
[2023-02-23 16:50:23,003] {scheduler_job.py:633} INFO - Processing file /home/airflow/.local/lib/python3.6/site-packages/airflow/example_dags/example_branch_labels.py for tasks to queue
[2023-02-23 16:50:23,003] {logging_mixin.py:104} INFO - [2023-02-23 16:50:23,003] {dagbag.py:496} INFO - Filling up the DagBag from /home/airflow/.local/lib/python3.6/site-packages/airflow/example_dags/example_branch_labels.py
[2023-02-23 16:50:23,016] {scheduler_job.py:643} INFO - DAG(s) dict_keys(['example_branch_labels']) retrieved from /home/airflow/.local/lib/python3.6/site-packages/airflow/example_dags/example_branch_labels.py
[2023-02-23 16:50:23,090] {logging_mixin.py:104} INFO - [2023-02-23 16:50:23,090] {dag.py:1833} INFO - Sync 1 DAGs
[2023-02-23 16:50:23,111] {logging_mixin.py:104} INFO - [2023-02-23 16:50:23,110] {dag.py:2306} INFO - Setting next_dagrun for example_branch_labels to 2023-02-21 00:00:00+00:00
[2023-02-23 16:50:23,121] {scheduler_job.py:190} INFO - Processing /home/airflow/.local/lib/python3.6/site-packages/airflow/example_dags/example_branch_labels.py took 0.122 seconds
[2023-02-23 16:50:53,698] {scheduler_job.py:182} INFO - Started process (PID=510) to work on /home/airflow/.local/lib/python3.6/site-packages/airflow/example_dags/example_branch_labels.py
[2023-02-23 16:50:53,699] {scheduler_job.py:633} INFO - Processing file /home/airflow/.local/lib/python3.6/site-packages/airflow/example_dags/example_branch_labels.py for tasks to queue
[2023-02-23 16:50:53,699] {logging_mixin.py:104} INFO - [2023-02-23 16:50:53,699] {dagbag.py:496} INFO - Filling up the DagBag from /home/airflow/.local/lib/python3.6/site-packages/airflow/example_dags/example_branch_labels.py
[2023-02-23 16:50:53,710] {scheduler_job.py:643} INFO - DAG(s) dict_keys(['example_branch_labels']) retrieved from /home/airflow/.local/lib/python3.6/site-packages/airflow/example_dags/example_branch_labels.py
[2023-02-23 16:50:53,735] {logging_mixin.py:104} INFO - [2023-02-23 16:50:53,735] {dag.py:1833} INFO - Sync 1 DAGs
[2023-02-23 16:50:53,753] {logging_mixin.py:104} INFO - [2023-02-23 16:50:53,753] {dag.py:2306} INFO - Setting next_dagrun for example_branch_labels to 2023-02-21 00:00:00+00:00
[2023-02-23 16:50:53,760] {scheduler_job.py:190} INFO - Processing /home/airflow/.local/lib/python3.6/site-packages/airflow/example_dags/example_branch_labels.py took 0.065 seconds
[2023-02-23 16:51:23,889] {scheduler_job.py:182} INFO - Started process (PID=571) to work on /home/airflow/.local/lib/python3.6/site-packages/airflow/example_dags/example_branch_labels.py
[2023-02-23 16:51:23,889] {scheduler_job.py:633} INFO - Processing file /home/airflow/.local/lib/python3.6/site-packages/airflow/example_dags/example_branch_labels.py for tasks to queue
[2023-02-23 16:51:23,890] {logging_mixin.py:104} INFO - [2023-02-23 16:51:23,890] {dagbag.py:496} INFO - Filling up the DagBag from /home/airflow/.local/lib/python3.6/site-packages/airflow/example_dags/example_branch_labels.py
[2023-02-23 16:51:23,899] {scheduler_job.py:643} INFO - DAG(s) dict_keys(['example_branch_labels']) retrieved from /home/airflow/.local/lib/python3.6/site-packages/airflow/example_dags/example_branch_labels.py
[2023-02-23 16:51:23,916] {logging_mixin.py:104} INFO - [2023-02-23 16:51:23,916] {dag.py:1833} INFO - Sync 1 DAGs
[2023-02-23 16:51:23,930] {logging_mixin.py:104} INFO - [2023-02-23 16:51:23,930] {dag.py:2306} INFO - Setting next_dagrun for example_branch_labels to 2023-02-21 00:00:00+00:00
[2023-02-23 16:51:23,938] {scheduler_job.py:190} INFO - Processing /home/airflow/.local/lib/python3.6/site-packages/airflow/example_dags/example_branch_labels.py took 0.052 seconds
[2023-02-23 16:51:54,594] {scheduler_job.py:182} INFO - Started process (PID=624) to work on /home/airflow/.local/lib/python3.6/site-packages/airflow/example_dags/example_branch_labels.py
[2023-02-23 16:51:54,595] {scheduler_job.py:633} INFO - Processing file /home/airflow/.local/lib/python3.6/site-packages/airflow/example_dags/example_branch_labels.py for tasks to queue
[2023-02-23 16:51:54,595] {logging_mixin.py:104} INFO - [2023-02-23 16:51:54,595] {dagbag.py:496} INFO - Filling up the DagBag from /home/airflow/.local/lib/python3.6/site-packages/airflow/example_dags/example_branch_labels.py
[2023-02-23 16:51:54,606] {scheduler_job.py:643} INFO - DAG(s) dict_keys(['example_branch_labels']) retrieved from /home/airflow/.local/lib/python3.6/site-packages/airflow/example_dags/example_branch_labels.py
[2023-02-23 16:51:54,626] {logging_mixin.py:104} INFO - [2023-02-23 16:51:54,626] {dag.py:1833} INFO - Sync 1 DAGs
[2023-02-23 16:51:54,641] {logging_mixin.py:104} INFO - [2023-02-23 16:51:54,641] {dag.py:2306} INFO - Setting next_dagrun for example_branch_labels to 2023-02-21 00:00:00+00:00
[2023-02-23 16:51:54,648] {scheduler_job.py:190} INFO - Processing /home/airflow/.local/lib/python3.6/site-packages/airflow/example_dags/example_branch_labels.py took 0.057 seconds
[2023-02-23 16:52:25,432] {scheduler_job.py:182} INFO - Started process (PID=686) to work on /home/airflow/.local/lib/python3.6/site-packages/airflow/example_dags/example_branch_labels.py
[2023-02-23 16:52:25,433] {scheduler_job.py:633} INFO - Processing file /home/airflow/.local/lib/python3.6/site-packages/airflow/example_dags/example_branch_labels.py for tasks to queue
[2023-02-23 16:52:25,434] {logging_mixin.py:104} INFO - [2023-02-23 16:52:25,434] {dagbag.py:496} INFO - Filling up the DagBag from /home/airflow/.local/lib/python3.6/site-packages/airflow/example_dags/example_branch_labels.py
[2023-02-23 16:52:25,443] {scheduler_job.py:643} INFO - DAG(s) dict_keys(['example_branch_labels']) retrieved from /home/airflow/.local/lib/python3.6/site-packages/airflow/example_dags/example_branch_labels.py
[2023-02-23 16:52:25,460] {logging_mixin.py:104} INFO - [2023-02-23 16:52:25,460] {dag.py:1833} INFO - Sync 1 DAGs
[2023-02-23 16:52:25,483] {logging_mixin.py:104} INFO - [2023-02-23 16:52:25,483] {dag.py:2306} INFO - Setting next_dagrun for example_branch_labels to 2023-02-21 00:00:00+00:00
[2023-02-23 16:52:25,490] {scheduler_job.py:190} INFO - Processing /home/airflow/.local/lib/python3.6/site-packages/airflow/example_dags/example_branch_labels.py took 0.060 seconds
[2023-02-23 16:52:56,128] {scheduler_job.py:182} INFO - Started process (PID=738) to work on /home/airflow/.local/lib/python3.6/site-packages/airflow/example_dags/example_branch_labels.py
[2023-02-23 16:52:56,129] {scheduler_job.py:633} INFO - Processing file /home/airflow/.local/lib/python3.6/site-packages/airflow/example_dags/example_branch_labels.py for tasks to queue
[2023-02-23 16:52:56,130] {logging_mixin.py:104} INFO - [2023-02-23 16:52:56,130] {dagbag.py:496} INFO - Filling up the DagBag from /home/airflow/.local/lib/python3.6/site-packages/airflow/example_dags/example_branch_labels.py
[2023-02-23 16:52:56,139] {scheduler_job.py:643} INFO - DAG(s) dict_keys(['example_branch_labels']) retrieved from /home/airflow/.local/lib/python3.6/site-packages/airflow/example_dags/example_branch_labels.py
[2023-02-23 16:52:56,189] {logging_mixin.py:104} INFO - [2023-02-23 16:52:56,189] {dag.py:1833} INFO - Sync 1 DAGs
[2023-02-23 16:52:56,205] {logging_mixin.py:104} INFO - [2023-02-23 16:52:56,205] {dag.py:2306} INFO - Setting next_dagrun for example_branch_labels to 2023-02-21 00:00:00+00:00
[2023-02-23 16:52:56,212] {scheduler_job.py:190} INFO - Processing /home/airflow/.local/lib/python3.6/site-packages/airflow/example_dags/example_branch_labels.py took 0.086 seconds
[2023-02-23 16:53:26,387] {scheduler_job.py:182} INFO - Started process (PID=791) to work on /home/airflow/.local/lib/python3.6/site-packages/airflow/example_dags/example_branch_labels.py
[2023-02-23 16:53:26,388] {scheduler_job.py:633} INFO - Processing file /home/airflow/.local/lib/python3.6/site-packages/airflow/example_dags/example_branch_labels.py for tasks to queue
[2023-02-23 16:53:26,388] {logging_mixin.py:104} INFO - [2023-02-23 16:53:26,388] {dagbag.py:496} INFO - Filling up the DagBag from /home/airflow/.local/lib/python3.6/site-packages/airflow/example_dags/example_branch_labels.py
[2023-02-23 16:53:26,398] {scheduler_job.py:643} INFO - DAG(s) dict_keys(['example_branch_labels']) retrieved from /home/airflow/.local/lib/python3.6/site-packages/airflow/example_dags/example_branch_labels.py
[2023-02-23 16:53:26,417] {logging_mixin.py:104} INFO - [2023-02-23 16:53:26,417] {dag.py:1833} INFO - Sync 1 DAGs
[2023-02-23 16:53:26,432] {logging_mixin.py:104} INFO - [2023-02-23 16:53:26,432] {dag.py:2306} INFO - Setting next_dagrun for example_branch_labels to 2023-02-21 00:00:00+00:00
[2023-02-23 16:53:26,439] {scheduler_job.py:190} INFO - Processing /home/airflow/.local/lib/python3.6/site-packages/airflow/example_dags/example_branch_labels.py took 0.055 seconds
[2023-02-23 16:53:57,576] {scheduler_job.py:182} INFO - Started process (PID=854) to work on /home/airflow/.local/lib/python3.6/site-packages/airflow/example_dags/example_branch_labels.py
[2023-02-23 16:53:57,578] {scheduler_job.py:633} INFO - Processing file /home/airflow/.local/lib/python3.6/site-packages/airflow/example_dags/example_branch_labels.py for tasks to queue
[2023-02-23 16:53:57,578] {logging_mixin.py:104} INFO - [2023-02-23 16:53:57,578] {dagbag.py:496} INFO - Filling up the DagBag from /home/airflow/.local/lib/python3.6/site-packages/airflow/example_dags/example_branch_labels.py
[2023-02-23 16:53:57,592] {scheduler_job.py:643} INFO - DAG(s) dict_keys(['example_branch_labels']) retrieved from /home/airflow/.local/lib/python3.6/site-packages/airflow/example_dags/example_branch_labels.py
[2023-02-23 16:53:57,686] {logging_mixin.py:104} INFO - [2023-02-23 16:53:57,685] {dag.py:1833} INFO - Sync 1 DAGs
[2023-02-23 16:53:57,779] {logging_mixin.py:104} INFO - [2023-02-23 16:53:57,779] {dag.py:2306} INFO - Setting next_dagrun for example_branch_labels to 2023-02-21 00:00:00+00:00
[2023-02-23 16:53:57,789] {scheduler_job.py:190} INFO - Processing /home/airflow/.local/lib/python3.6/site-packages/airflow/example_dags/example_branch_labels.py took 0.216 seconds
[2023-02-23 16:54:27,963] {scheduler_job.py:182} INFO - Started process (PID=906) to work on /home/airflow/.local/lib/python3.6/site-packages/airflow/example_dags/example_branch_labels.py
[2023-02-23 16:54:27,964] {scheduler_job.py:633} INFO - Processing file /home/airflow/.local/lib/python3.6/site-packages/airflow/example_dags/example_branch_labels.py for tasks to queue
[2023-02-23 16:54:27,964] {logging_mixin.py:104} INFO - [2023-02-23 16:54:27,964] {dagbag.py:496} INFO - Filling up the DagBag from /home/airflow/.local/lib/python3.6/site-packages/airflow/example_dags/example_branch_labels.py
[2023-02-23 16:54:27,974] {scheduler_job.py:643} INFO - DAG(s) dict_keys(['example_branch_labels']) retrieved from /home/airflow/.local/lib/python3.6/site-packages/airflow/example_dags/example_branch_labels.py
[2023-02-23 16:54:27,991] {logging_mixin.py:104} INFO - [2023-02-23 16:54:27,991] {dag.py:1833} INFO - Sync 1 DAGs
[2023-02-23 16:54:28,006] {logging_mixin.py:104} INFO - [2023-02-23 16:54:28,006] {dag.py:2306} INFO - Setting next_dagrun for example_branch_labels to 2023-02-21 00:00:00+00:00
[2023-02-23 16:54:28,012] {scheduler_job.py:190} INFO - Processing /home/airflow/.local/lib/python3.6/site-packages/airflow/example_dags/example_branch_labels.py took 0.051 seconds
[2023-02-23 16:54:58,752] {scheduler_job.py:182} INFO - Started process (PID=968) to work on /home/airflow/.local/lib/python3.6/site-packages/airflow/example_dags/example_branch_labels.py
[2023-02-23 16:54:58,753] {scheduler_job.py:633} INFO - Processing file /home/airflow/.local/lib/python3.6/site-packages/airflow/example_dags/example_branch_labels.py for tasks to queue
[2023-02-23 16:54:58,753] {logging_mixin.py:104} INFO - [2023-02-23 16:54:58,753] {dagbag.py:496} INFO - Filling up the DagBag from /home/airflow/.local/lib/python3.6/site-packages/airflow/example_dags/example_branch_labels.py
[2023-02-23 16:54:58,763] {scheduler_job.py:643} INFO - DAG(s) dict_keys(['example_branch_labels']) retrieved from /home/airflow/.local/lib/python3.6/site-packages/airflow/example_dags/example_branch_labels.py
[2023-02-23 16:54:58,781] {logging_mixin.py:104} INFO - [2023-02-23 16:54:58,781] {dag.py:1833} INFO - Sync 1 DAGs
[2023-02-23 16:54:58,796] {logging_mixin.py:104} INFO - [2023-02-23 16:54:58,796] {dag.py:2306} INFO - Setting next_dagrun for example_branch_labels to 2023-02-21 00:00:00+00:00
[2023-02-23 16:54:58,803] {scheduler_job.py:190} INFO - Processing /home/airflow/.local/lib/python3.6/site-packages/airflow/example_dags/example_branch_labels.py took 0.053 seconds
[2023-02-23 16:55:29,033] {scheduler_job.py:182} INFO - Started process (PID=1020) to work on /home/airflow/.local/lib/python3.6/site-packages/airflow/example_dags/example_branch_labels.py
[2023-02-23 16:55:29,034] {scheduler_job.py:633} INFO - Processing file /home/airflow/.local/lib/python3.6/site-packages/airflow/example_dags/example_branch_labels.py for tasks to queue
[2023-02-23 16:55:29,034] {logging_mixin.py:104} INFO - [2023-02-23 16:55:29,034] {dagbag.py:496} INFO - Filling up the DagBag from /home/airflow/.local/lib/python3.6/site-packages/airflow/example_dags/example_branch_labels.py
[2023-02-23 16:55:29,046] {scheduler_job.py:643} INFO - DAG(s) dict_keys(['example_branch_labels']) retrieved from /home/airflow/.local/lib/python3.6/site-packages/airflow/example_dags/example_branch_labels.py
[2023-02-23 16:55:29,066] {logging_mixin.py:104} INFO - [2023-02-23 16:55:29,066] {dag.py:1833} INFO - Sync 1 DAGs
[2023-02-23 16:55:29,082] {logging_mixin.py:104} INFO - [2023-02-23 16:55:29,082] {dag.py:2306} INFO - Setting next_dagrun for example_branch_labels to 2023-02-21 00:00:00+00:00
[2023-02-23 16:55:29,088] {scheduler_job.py:190} INFO - Processing /home/airflow/.local/lib/python3.6/site-packages/airflow/example_dags/example_branch_labels.py took 0.058 seconds
[2023-02-23 16:55:59,317] {scheduler_job.py:182} INFO - Started process (PID=1072) to work on /home/airflow/.local/lib/python3.6/site-packages/airflow/example_dags/example_branch_labels.py
[2023-02-23 16:55:59,318] {scheduler_job.py:633} INFO - Processing file /home/airflow/.local/lib/python3.6/site-packages/airflow/example_dags/example_branch_labels.py for tasks to queue
[2023-02-23 16:55:59,319] {logging_mixin.py:104} INFO - [2023-02-23 16:55:59,318] {dagbag.py:496} INFO - Filling up the DagBag from /home/airflow/.local/lib/python3.6/site-packages/airflow/example_dags/example_branch_labels.py
[2023-02-23 16:55:59,329] {scheduler_job.py:643} INFO - DAG(s) dict_keys(['example_branch_labels']) retrieved from /home/airflow/.local/lib/python3.6/site-packages/airflow/example_dags/example_branch_labels.py
[2023-02-23 16:55:59,348] {logging_mixin.py:104} INFO - [2023-02-23 16:55:59,348] {dag.py:1833} INFO - Sync 1 DAGs
[2023-02-23 16:55:59,364] {logging_mixin.py:104} INFO - [2023-02-23 16:55:59,364] {dag.py:2306} INFO - Setting next_dagrun for example_branch_labels to 2023-02-21 00:00:00+00:00
[2023-02-23 16:55:59,371] {scheduler_job.py:190} INFO - Processing /home/airflow/.local/lib/python3.6/site-packages/airflow/example_dags/example_branch_labels.py took 0.056 seconds
[2023-02-23 16:56:29,876] {scheduler_job.py:182} INFO - Started process (PID=1134) to work on /home/airflow/.local/lib/python3.6/site-packages/airflow/example_dags/example_branch_labels.py
[2023-02-23 16:56:29,877] {scheduler_job.py:633} INFO - Processing file /home/airflow/.local/lib/python3.6/site-packages/airflow/example_dags/example_branch_labels.py for tasks to queue
[2023-02-23 16:56:29,878] {logging_mixin.py:104} INFO - [2023-02-23 16:56:29,878] {dagbag.py:496} INFO - Filling up the DagBag from /home/airflow/.local/lib/python3.6/site-packages/airflow/example_dags/example_branch_labels.py
[2023-02-23 16:56:29,887] {scheduler_job.py:643} INFO - DAG(s) dict_keys(['example_branch_labels']) retrieved from /home/airflow/.local/lib/python3.6/site-packages/airflow/example_dags/example_branch_labels.py
[2023-02-23 16:56:29,903] {logging_mixin.py:104} INFO - [2023-02-23 16:56:29,903] {dag.py:1833} INFO - Sync 1 DAGs
[2023-02-23 16:56:29,917] {logging_mixin.py:104} INFO - [2023-02-23 16:56:29,917] {dag.py:2306} INFO - Setting next_dagrun for example_branch_labels to 2023-02-21 00:00:00+00:00
[2023-02-23 16:56:29,923] {scheduler_job.py:190} INFO - Processing /home/airflow/.local/lib/python3.6/site-packages/airflow/example_dags/example_branch_labels.py took 0.049 seconds
[2023-02-23 16:57:00,409] {scheduler_job.py:182} INFO - Started process (PID=1186) to work on /home/airflow/.local/lib/python3.6/site-packages/airflow/example_dags/example_branch_labels.py
[2023-02-23 16:57:00,410] {scheduler_job.py:633} INFO - Processing file /home/airflow/.local/lib/python3.6/site-packages/airflow/example_dags/example_branch_labels.py for tasks to queue
[2023-02-23 16:57:00,410] {logging_mixin.py:104} INFO - [2023-02-23 16:57:00,410] {dagbag.py:496} INFO - Filling up the DagBag from /home/airflow/.local/lib/python3.6/site-packages/airflow/example_dags/example_branch_labels.py
[2023-02-23 16:57:00,483] {scheduler_job.py:643} INFO - DAG(s) dict_keys(['example_branch_labels']) retrieved from /home/airflow/.local/lib/python3.6/site-packages/airflow/example_dags/example_branch_labels.py
[2023-02-23 16:57:00,510] {logging_mixin.py:104} INFO - [2023-02-23 16:57:00,509] {dag.py:1833} INFO - Sync 1 DAGs
[2023-02-23 16:57:00,583] {logging_mixin.py:104} INFO - [2023-02-23 16:57:00,583] {dag.py:2306} INFO - Setting next_dagrun for example_branch_labels to 2023-02-21 00:00:00+00:00
[2023-02-23 16:57:00,591] {scheduler_job.py:190} INFO - Processing /home/airflow/.local/lib/python3.6/site-packages/airflow/example_dags/example_branch_labels.py took 0.186 seconds
[2023-02-23 16:57:30,844] {scheduler_job.py:182} INFO - Started process (PID=1247) to work on /home/airflow/.local/lib/python3.6/site-packages/airflow/example_dags/example_branch_labels.py
[2023-02-23 16:57:30,845] {scheduler_job.py:633} INFO - Processing file /home/airflow/.local/lib/python3.6/site-packages/airflow/example_dags/example_branch_labels.py for tasks to queue
[2023-02-23 16:57:30,845] {logging_mixin.py:104} INFO - [2023-02-23 16:57:30,845] {dagbag.py:496} INFO - Filling up the DagBag from /home/airflow/.local/lib/python3.6/site-packages/airflow/example_dags/example_branch_labels.py
[2023-02-23 16:57:30,854] {scheduler_job.py:643} INFO - DAG(s) dict_keys(['example_branch_labels']) retrieved from /home/airflow/.local/lib/python3.6/site-packages/airflow/example_dags/example_branch_labels.py
[2023-02-23 16:57:30,871] {logging_mixin.py:104} INFO - [2023-02-23 16:57:30,871] {dag.py:1833} INFO - Sync 1 DAGs
[2023-02-23 16:57:30,886] {logging_mixin.py:104} INFO - [2023-02-23 16:57:30,886] {dag.py:2306} INFO - Setting next_dagrun for example_branch_labels to 2023-02-21 00:00:00+00:00
[2023-02-23 16:57:30,893] {scheduler_job.py:190} INFO - Processing /home/airflow/.local/lib/python3.6/site-packages/airflow/example_dags/example_branch_labels.py took 0.051 seconds
[2023-02-23 16:58:01,070] {scheduler_job.py:182} INFO - Started process (PID=1299) to work on /home/airflow/.local/lib/python3.6/site-packages/airflow/example_dags/example_branch_labels.py
[2023-02-23 16:58:01,071] {scheduler_job.py:633} INFO - Processing file /home/airflow/.local/lib/python3.6/site-packages/airflow/example_dags/example_branch_labels.py for tasks to queue
[2023-02-23 16:58:01,072] {logging_mixin.py:104} INFO - [2023-02-23 16:58:01,072] {dagbag.py:496} INFO - Filling up the DagBag from /home/airflow/.local/lib/python3.6/site-packages/airflow/example_dags/example_branch_labels.py
[2023-02-23 16:58:01,084] {scheduler_job.py:643} INFO - DAG(s) dict_keys(['example_branch_labels']) retrieved from /home/airflow/.local/lib/python3.6/site-packages/airflow/example_dags/example_branch_labels.py
[2023-02-23 16:58:01,103] {logging_mixin.py:104} INFO - [2023-02-23 16:58:01,103] {dag.py:1833} INFO - Sync 1 DAGs
[2023-02-23 16:58:01,120] {logging_mixin.py:104} INFO - [2023-02-23 16:58:01,120] {dag.py:2306} INFO - Setting next_dagrun for example_branch_labels to 2023-02-21 00:00:00+00:00
[2023-02-23 16:58:01,127] {scheduler_job.py:190} INFO - Processing /home/airflow/.local/lib/python3.6/site-packages/airflow/example_dags/example_branch_labels.py took 0.059 seconds
[2023-02-23 16:58:31,379] {scheduler_job.py:182} INFO - Started process (PID=1361) to work on /home/airflow/.local/lib/python3.6/site-packages/airflow/example_dags/example_branch_labels.py
[2023-02-23 16:58:31,380] {scheduler_job.py:633} INFO - Processing file /home/airflow/.local/lib/python3.6/site-packages/airflow/example_dags/example_branch_labels.py for tasks to queue
[2023-02-23 16:58:31,380] {logging_mixin.py:104} INFO - [2023-02-23 16:58:31,380] {dagbag.py:496} INFO - Filling up the DagBag from /home/airflow/.local/lib/python3.6/site-packages/airflow/example_dags/example_branch_labels.py
[2023-02-23 16:58:31,390] {scheduler_job.py:643} INFO - DAG(s) dict_keys(['example_branch_labels']) retrieved from /home/airflow/.local/lib/python3.6/site-packages/airflow/example_dags/example_branch_labels.py
[2023-02-23 16:58:31,410] {logging_mixin.py:104} INFO - [2023-02-23 16:58:31,410] {dag.py:1833} INFO - Sync 1 DAGs
[2023-02-23 16:58:31,428] {logging_mixin.py:104} INFO - [2023-02-23 16:58:31,428] {dag.py:2306} INFO - Setting next_dagrun for example_branch_labels to 2023-02-21 00:00:00+00:00
[2023-02-23 16:58:31,435] {scheduler_job.py:190} INFO - Processing /home/airflow/.local/lib/python3.6/site-packages/airflow/example_dags/example_branch_labels.py took 0.059 seconds
[2023-02-23 16:59:02,075] {scheduler_job.py:182} INFO - Started process (PID=1413) to work on /home/airflow/.local/lib/python3.6/site-packages/airflow/example_dags/example_branch_labels.py
[2023-02-23 16:59:02,077] {scheduler_job.py:633} INFO - Processing file /home/airflow/.local/lib/python3.6/site-packages/airflow/example_dags/example_branch_labels.py for tasks to queue
[2023-02-23 16:59:02,077] {logging_mixin.py:104} INFO - [2023-02-23 16:59:02,077] {dagbag.py:496} INFO - Filling up the DagBag from /home/airflow/.local/lib/python3.6/site-packages/airflow/example_dags/example_branch_labels.py
[2023-02-23 16:59:02,089] {scheduler_job.py:643} INFO - DAG(s) dict_keys(['example_branch_labels']) retrieved from /home/airflow/.local/lib/python3.6/site-packages/airflow/example_dags/example_branch_labels.py
[2023-02-23 16:59:02,110] {logging_mixin.py:104} INFO - [2023-02-23 16:59:02,110] {dag.py:1833} INFO - Sync 1 DAGs
[2023-02-23 16:59:02,131] {logging_mixin.py:104} INFO - [2023-02-23 16:59:02,131] {dag.py:2306} INFO - Setting next_dagrun for example_branch_labels to 2023-02-21 00:00:00+00:00
[2023-02-23 16:59:02,175] {scheduler_job.py:190} INFO - Processing /home/airflow/.local/lib/python3.6/site-packages/airflow/example_dags/example_branch_labels.py took 0.103 seconds
[2023-02-23 16:59:32,672] {scheduler_job.py:182} INFO - Started process (PID=1476) to work on /home/airflow/.local/lib/python3.6/site-packages/airflow/example_dags/example_branch_labels.py
[2023-02-23 16:59:32,673] {scheduler_job.py:633} INFO - Processing file /home/airflow/.local/lib/python3.6/site-packages/airflow/example_dags/example_branch_labels.py for tasks to queue
[2023-02-23 16:59:32,674] {logging_mixin.py:104} INFO - [2023-02-23 16:59:32,674] {dagbag.py:496} INFO - Filling up the DagBag from /home/airflow/.local/lib/python3.6/site-packages/airflow/example_dags/example_branch_labels.py
[2023-02-23 16:59:32,684] {scheduler_job.py:643} INFO - DAG(s) dict_keys(['example_branch_labels']) retrieved from /home/airflow/.local/lib/python3.6/site-packages/airflow/example_dags/example_branch_labels.py
[2023-02-23 16:59:32,705] {logging_mixin.py:104} INFO - [2023-02-23 16:59:32,705] {dag.py:1833} INFO - Sync 1 DAGs
[2023-02-23 16:59:32,720] {logging_mixin.py:104} INFO - [2023-02-23 16:59:32,719] {dag.py:2306} INFO - Setting next_dagrun for example_branch_labels to 2023-02-21 00:00:00+00:00
[2023-02-23 16:59:32,726] {scheduler_job.py:190} INFO - Processing /home/airflow/.local/lib/python3.6/site-packages/airflow/example_dags/example_branch_labels.py took 0.056 seconds
[2023-02-23 17:00:03,530] {scheduler_job.py:182} INFO - Started process (PID=1529) to work on /home/airflow/.local/lib/python3.6/site-packages/airflow/example_dags/example_branch_labels.py
[2023-02-23 17:00:03,531] {scheduler_job.py:633} INFO - Processing file /home/airflow/.local/lib/python3.6/site-packages/airflow/example_dags/example_branch_labels.py for tasks to queue
[2023-02-23 17:00:03,531] {logging_mixin.py:104} INFO - [2023-02-23 17:00:03,531] {dagbag.py:496} INFO - Filling up the DagBag from /home/airflow/.local/lib/python3.6/site-packages/airflow/example_dags/example_branch_labels.py
[2023-02-23 17:00:03,579] {scheduler_job.py:643} INFO - DAG(s) dict_keys(['example_branch_labels']) retrieved from /home/airflow/.local/lib/python3.6/site-packages/airflow/example_dags/example_branch_labels.py
[2023-02-23 17:00:03,601] {logging_mixin.py:104} INFO - [2023-02-23 17:00:03,601] {dag.py:1833} INFO - Sync 1 DAGs
[2023-02-23 17:00:03,618] {logging_mixin.py:104} INFO - [2023-02-23 17:00:03,618] {dag.py:2306} INFO - Setting next_dagrun for example_branch_labels to 2023-02-21 00:00:00+00:00
[2023-02-23 17:00:03,624] {scheduler_job.py:190} INFO - Processing /home/airflow/.local/lib/python3.6/site-packages/airflow/example_dags/example_branch_labels.py took 0.097 seconds
[2023-02-23 17:00:34,618] {scheduler_job.py:182} INFO - Started process (PID=1591) to work on /home/airflow/.local/lib/python3.6/site-packages/airflow/example_dags/example_branch_labels.py
[2023-02-23 17:00:34,618] {scheduler_job.py:633} INFO - Processing file /home/airflow/.local/lib/python3.6/site-packages/airflow/example_dags/example_branch_labels.py for tasks to queue
[2023-02-23 17:00:34,619] {logging_mixin.py:104} INFO - [2023-02-23 17:00:34,619] {dagbag.py:496} INFO - Filling up the DagBag from /home/airflow/.local/lib/python3.6/site-packages/airflow/example_dags/example_branch_labels.py
[2023-02-23 17:00:34,630] {scheduler_job.py:643} INFO - DAG(s) dict_keys(['example_branch_labels']) retrieved from /home/airflow/.local/lib/python3.6/site-packages/airflow/example_dags/example_branch_labels.py
[2023-02-23 17:00:34,652] {logging_mixin.py:104} INFO - [2023-02-23 17:00:34,652] {dag.py:1833} INFO - Sync 1 DAGs
[2023-02-23 17:00:34,669] {logging_mixin.py:104} INFO - [2023-02-23 17:00:34,668] {dag.py:2306} INFO - Setting next_dagrun for example_branch_labels to 2023-02-21 00:00:00+00:00
[2023-02-23 17:00:34,675] {scheduler_job.py:190} INFO - Processing /home/airflow/.local/lib/python3.6/site-packages/airflow/example_dags/example_branch_labels.py took 0.060 seconds
[2023-02-23 17:01:05,190] {scheduler_job.py:182} INFO - Started process (PID=1643) to work on /home/airflow/.local/lib/python3.6/site-packages/airflow/example_dags/example_branch_labels.py
[2023-02-23 17:01:05,191] {scheduler_job.py:633} INFO - Processing file /home/airflow/.local/lib/python3.6/site-packages/airflow/example_dags/example_branch_labels.py for tasks to queue
[2023-02-23 17:01:05,192] {logging_mixin.py:104} INFO - [2023-02-23 17:01:05,192] {dagbag.py:496} INFO - Filling up the DagBag from /home/airflow/.local/lib/python3.6/site-packages/airflow/example_dags/example_branch_labels.py
[2023-02-23 17:01:05,206] {scheduler_job.py:643} INFO - DAG(s) dict_keys(['example_branch_labels']) retrieved from /home/airflow/.local/lib/python3.6/site-packages/airflow/example_dags/example_branch_labels.py
[2023-02-23 17:01:05,232] {logging_mixin.py:104} INFO - [2023-02-23 17:01:05,232] {dag.py:1833} INFO - Sync 1 DAGs
[2023-02-23 17:01:05,254] {logging_mixin.py:104} INFO - [2023-02-23 17:01:05,253] {dag.py:2306} INFO - Setting next_dagrun for example_branch_labels to 2023-02-21 00:00:00+00:00
[2023-02-23 17:01:05,264] {scheduler_job.py:190} INFO - Processing /home/airflow/.local/lib/python3.6/site-packages/airflow/example_dags/example_branch_labels.py took 0.077 seconds
[2023-02-23 17:01:35,818] {scheduler_job.py:182} INFO - Started process (PID=1706) to work on /home/airflow/.local/lib/python3.6/site-packages/airflow/example_dags/example_branch_labels.py
[2023-02-23 17:01:35,819] {scheduler_job.py:633} INFO - Processing file /home/airflow/.local/lib/python3.6/site-packages/airflow/example_dags/example_branch_labels.py for tasks to queue
[2023-02-23 17:01:35,819] {logging_mixin.py:104} INFO - [2023-02-23 17:01:35,819] {dagbag.py:496} INFO - Filling up the DagBag from /home/airflow/.local/lib/python3.6/site-packages/airflow/example_dags/example_branch_labels.py
[2023-02-23 17:01:35,829] {scheduler_job.py:643} INFO - DAG(s) dict_keys(['example_branch_labels']) retrieved from /home/airflow/.local/lib/python3.6/site-packages/airflow/example_dags/example_branch_labels.py
[2023-02-23 17:01:35,849] {logging_mixin.py:104} INFO - [2023-02-23 17:01:35,849] {dag.py:1833} INFO - Sync 1 DAGs
[2023-02-23 17:01:35,865] {logging_mixin.py:104} INFO - [2023-02-23 17:01:35,865] {dag.py:2306} INFO - Setting next_dagrun for example_branch_labels to 2023-02-21 00:00:00+00:00
[2023-02-23 17:01:35,873] {scheduler_job.py:190} INFO - Processing /home/airflow/.local/lib/python3.6/site-packages/airflow/example_dags/example_branch_labels.py took 0.057 seconds
[2023-02-23 17:02:05,967] {scheduler_job.py:182} INFO - Started process (PID=1758) to work on /home/airflow/.local/lib/python3.6/site-packages/airflow/example_dags/example_branch_labels.py
[2023-02-23 17:02:05,968] {scheduler_job.py:633} INFO - Processing file /home/airflow/.local/lib/python3.6/site-packages/airflow/example_dags/example_branch_labels.py for tasks to queue
[2023-02-23 17:02:05,968] {logging_mixin.py:104} INFO - [2023-02-23 17:02:05,968] {dagbag.py:496} INFO - Filling up the DagBag from /home/airflow/.local/lib/python3.6/site-packages/airflow/example_dags/example_branch_labels.py
[2023-02-23 17:02:05,978] {scheduler_job.py:643} INFO - DAG(s) dict_keys(['example_branch_labels']) retrieved from /home/airflow/.local/lib/python3.6/site-packages/airflow/example_dags/example_branch_labels.py
[2023-02-23 17:02:05,996] {logging_mixin.py:104} INFO - [2023-02-23 17:02:05,996] {dag.py:1833} INFO - Sync 1 DAGs
[2023-02-23 17:02:06,011] {logging_mixin.py:104} INFO - [2023-02-23 17:02:06,011] {dag.py:2306} INFO - Setting next_dagrun for example_branch_labels to 2023-02-21 00:00:00+00:00
[2023-02-23 17:02:06,017] {scheduler_job.py:190} INFO - Processing /home/airflow/.local/lib/python3.6/site-packages/airflow/example_dags/example_branch_labels.py took 0.051 seconds
[2023-02-23 17:02:36,201] {scheduler_job.py:182} INFO - Started process (PID=1820) to work on /home/airflow/.local/lib/python3.6/site-packages/airflow/example_dags/example_branch_labels.py
[2023-02-23 17:02:36,202] {scheduler_job.py:633} INFO - Processing file /home/airflow/.local/lib/python3.6/site-packages/airflow/example_dags/example_branch_labels.py for tasks to queue
[2023-02-23 17:02:36,203] {logging_mixin.py:104} INFO - [2023-02-23 17:02:36,202] {dagbag.py:496} INFO - Filling up the DagBag from /home/airflow/.local/lib/python3.6/site-packages/airflow/example_dags/example_branch_labels.py
[2023-02-23 17:02:36,214] {scheduler_job.py:643} INFO - DAG(s) dict_keys(['example_branch_labels']) retrieved from /home/airflow/.local/lib/python3.6/site-packages/airflow/example_dags/example_branch_labels.py
[2023-02-23 17:02:36,236] {logging_mixin.py:104} INFO - [2023-02-23 17:02:36,236] {dag.py:1833} INFO - Sync 1 DAGs
[2023-02-23 17:02:36,255] {logging_mixin.py:104} INFO - [2023-02-23 17:02:36,255] {dag.py:2306} INFO - Setting next_dagrun for example_branch_labels to 2023-02-21 00:00:00+00:00
[2023-02-23 17:02:36,273] {scheduler_job.py:190} INFO - Processing /home/airflow/.local/lib/python3.6/site-packages/airflow/example_dags/example_branch_labels.py took 0.074 seconds
[2023-02-23 17:03:06,477] {scheduler_job.py:182} INFO - Started process (PID=1872) to work on /home/airflow/.local/lib/python3.6/site-packages/airflow/example_dags/example_branch_labels.py
[2023-02-23 17:03:06,478] {scheduler_job.py:633} INFO - Processing file /home/airflow/.local/lib/python3.6/site-packages/airflow/example_dags/example_branch_labels.py for tasks to queue
[2023-02-23 17:03:06,478] {logging_mixin.py:104} INFO - [2023-02-23 17:03:06,478] {dagbag.py:496} INFO - Filling up the DagBag from /home/airflow/.local/lib/python3.6/site-packages/airflow/example_dags/example_branch_labels.py
[2023-02-23 17:03:06,490] {scheduler_job.py:643} INFO - DAG(s) dict_keys(['example_branch_labels']) retrieved from /home/airflow/.local/lib/python3.6/site-packages/airflow/example_dags/example_branch_labels.py
[2023-02-23 17:03:06,513] {logging_mixin.py:104} INFO - [2023-02-23 17:03:06,513] {dag.py:1833} INFO - Sync 1 DAGs
[2023-02-23 17:03:06,534] {logging_mixin.py:104} INFO - [2023-02-23 17:03:06,534] {dag.py:2306} INFO - Setting next_dagrun for example_branch_labels to 2023-02-21 00:00:00+00:00
[2023-02-23 17:03:06,544] {scheduler_job.py:190} INFO - Processing /home/airflow/.local/lib/python3.6/site-packages/airflow/example_dags/example_branch_labels.py took 0.069 seconds
[2023-02-23 17:03:36,672] {scheduler_job.py:182} INFO - Started process (PID=1924) to work on /home/airflow/.local/lib/python3.6/site-packages/airflow/example_dags/example_branch_labels.py
[2023-02-23 17:03:36,673] {scheduler_job.py:633} INFO - Processing file /home/airflow/.local/lib/python3.6/site-packages/airflow/example_dags/example_branch_labels.py for tasks to queue
[2023-02-23 17:03:36,674] {logging_mixin.py:104} INFO - [2023-02-23 17:03:36,674] {dagbag.py:496} INFO - Filling up the DagBag from /home/airflow/.local/lib/python3.6/site-packages/airflow/example_dags/example_branch_labels.py
[2023-02-23 17:03:36,685] {scheduler_job.py:643} INFO - DAG(s) dict_keys(['example_branch_labels']) retrieved from /home/airflow/.local/lib/python3.6/site-packages/airflow/example_dags/example_branch_labels.py
[2023-02-23 17:03:36,705] {logging_mixin.py:104} INFO - [2023-02-23 17:03:36,705] {dag.py:1833} INFO - Sync 1 DAGs
[2023-02-23 17:03:36,723] {logging_mixin.py:104} INFO - [2023-02-23 17:03:36,723] {dag.py:2306} INFO - Setting next_dagrun for example_branch_labels to 2023-02-21 00:00:00+00:00
[2023-02-23 17:03:36,730] {scheduler_job.py:190} INFO - Processing /home/airflow/.local/lib/python3.6/site-packages/airflow/example_dags/example_branch_labels.py took 0.061 seconds
[2023-02-23 17:04:07,682] {scheduler_job.py:182} INFO - Started process (PID=1986) to work on /home/airflow/.local/lib/python3.6/site-packages/airflow/example_dags/example_branch_labels.py
[2023-02-23 17:04:07,684] {scheduler_job.py:633} INFO - Processing file /home/airflow/.local/lib/python3.6/site-packages/airflow/example_dags/example_branch_labels.py for tasks to queue
[2023-02-23 17:04:07,685] {logging_mixin.py:104} INFO - [2023-02-23 17:04:07,685] {dagbag.py:496} INFO - Filling up the DagBag from /home/airflow/.local/lib/python3.6/site-packages/airflow/example_dags/example_branch_labels.py
[2023-02-23 17:04:07,694] {scheduler_job.py:643} INFO - DAG(s) dict_keys(['example_branch_labels']) retrieved from /home/airflow/.local/lib/python3.6/site-packages/airflow/example_dags/example_branch_labels.py
[2023-02-23 17:04:07,712] {logging_mixin.py:104} INFO - [2023-02-23 17:04:07,712] {dag.py:1833} INFO - Sync 1 DAGs
[2023-02-23 17:04:07,727] {logging_mixin.py:104} INFO - [2023-02-23 17:04:07,727] {dag.py:2306} INFO - Setting next_dagrun for example_branch_labels to 2023-02-21 00:00:00+00:00
[2023-02-23 17:04:07,734] {scheduler_job.py:190} INFO - Processing /home/airflow/.local/lib/python3.6/site-packages/airflow/example_dags/example_branch_labels.py took 0.055 seconds
[2023-02-23 17:04:38,403] {scheduler_job.py:182} INFO - Started process (PID=2039) to work on /home/airflow/.local/lib/python3.6/site-packages/airflow/example_dags/example_branch_labels.py
[2023-02-23 17:04:38,404] {scheduler_job.py:633} INFO - Processing file /home/airflow/.local/lib/python3.6/site-packages/airflow/example_dags/example_branch_labels.py for tasks to queue
[2023-02-23 17:04:38,405] {logging_mixin.py:104} INFO - [2023-02-23 17:04:38,405] {dagbag.py:496} INFO - Filling up the DagBag from /home/airflow/.local/lib/python3.6/site-packages/airflow/example_dags/example_branch_labels.py
[2023-02-23 17:04:38,418] {scheduler_job.py:643} INFO - DAG(s) dict_keys(['example_branch_labels']) retrieved from /home/airflow/.local/lib/python3.6/site-packages/airflow/example_dags/example_branch_labels.py
[2023-02-23 17:04:38,440] {logging_mixin.py:104} INFO - [2023-02-23 17:04:38,440] {dag.py:1833} INFO - Sync 1 DAGs
[2023-02-23 17:04:38,457] {logging_mixin.py:104} INFO - [2023-02-23 17:04:38,457] {dag.py:2306} INFO - Setting next_dagrun for example_branch_labels to 2023-02-21 00:00:00+00:00
[2023-02-23 17:04:38,464] {scheduler_job.py:190} INFO - Processing /home/airflow/.local/lib/python3.6/site-packages/airflow/example_dags/example_branch_labels.py took 0.064 seconds
[2023-02-23 17:05:09,354] {scheduler_job.py:182} INFO - Started process (PID=2101) to work on /home/airflow/.local/lib/python3.6/site-packages/airflow/example_dags/example_branch_labels.py
[2023-02-23 17:05:09,355] {scheduler_job.py:633} INFO - Processing file /home/airflow/.local/lib/python3.6/site-packages/airflow/example_dags/example_branch_labels.py for tasks to queue
[2023-02-23 17:05:09,355] {logging_mixin.py:104} INFO - [2023-02-23 17:05:09,355] {dagbag.py:496} INFO - Filling up the DagBag from /home/airflow/.local/lib/python3.6/site-packages/airflow/example_dags/example_branch_labels.py
[2023-02-23 17:05:09,365] {scheduler_job.py:643} INFO - DAG(s) dict_keys(['example_branch_labels']) retrieved from /home/airflow/.local/lib/python3.6/site-packages/airflow/example_dags/example_branch_labels.py
[2023-02-23 17:05:09,383] {logging_mixin.py:104} INFO - [2023-02-23 17:05:09,383] {dag.py:1833} INFO - Sync 1 DAGs
[2023-02-23 17:05:09,399] {logging_mixin.py:104} INFO - [2023-02-23 17:05:09,399] {dag.py:2306} INFO - Setting next_dagrun for example_branch_labels to 2023-02-21 00:00:00+00:00
[2023-02-23 17:05:09,405] {scheduler_job.py:190} INFO - Processing /home/airflow/.local/lib/python3.6/site-packages/airflow/example_dags/example_branch_labels.py took 0.054 seconds
[2023-02-23 17:05:40,196] {scheduler_job.py:182} INFO - Started process (PID=2160) to work on /home/airflow/.local/lib/python3.6/site-packages/airflow/example_dags/example_branch_labels.py
[2023-02-23 17:05:40,197] {scheduler_job.py:633} INFO - Processing file /home/airflow/.local/lib/python3.6/site-packages/airflow/example_dags/example_branch_labels.py for tasks to queue
[2023-02-23 17:05:40,197] {logging_mixin.py:104} INFO - [2023-02-23 17:05:40,197] {dagbag.py:496} INFO - Filling up the DagBag from /home/airflow/.local/lib/python3.6/site-packages/airflow/example_dags/example_branch_labels.py
[2023-02-23 17:05:40,210] {scheduler_job.py:643} INFO - DAG(s) dict_keys(['example_branch_labels']) retrieved from /home/airflow/.local/lib/python3.6/site-packages/airflow/example_dags/example_branch_labels.py
[2023-02-23 17:05:40,284] {logging_mixin.py:104} INFO - [2023-02-23 17:05:40,284] {dag.py:1833} INFO - Sync 1 DAGs
[2023-02-23 17:05:40,303] {logging_mixin.py:104} INFO - [2023-02-23 17:05:40,303] {dag.py:2306} INFO - Setting next_dagrun for example_branch_labels to 2023-02-21 00:00:00+00:00
[2023-02-23 17:05:40,311] {scheduler_job.py:190} INFO - Processing /home/airflow/.local/lib/python3.6/site-packages/airflow/example_dags/example_branch_labels.py took 0.117 seconds
[2023-02-23 17:06:10,604] {scheduler_job.py:182} INFO - Started process (PID=2215) to work on /home/airflow/.local/lib/python3.6/site-packages/airflow/example_dags/example_branch_labels.py
[2023-02-23 17:06:10,605] {scheduler_job.py:633} INFO - Processing file /home/airflow/.local/lib/python3.6/site-packages/airflow/example_dags/example_branch_labels.py for tasks to queue
[2023-02-23 17:06:10,605] {logging_mixin.py:104} INFO - [2023-02-23 17:06:10,605] {dagbag.py:496} INFO - Filling up the DagBag from /home/airflow/.local/lib/python3.6/site-packages/airflow/example_dags/example_branch_labels.py
[2023-02-23 17:06:10,617] {scheduler_job.py:643} INFO - DAG(s) dict_keys(['example_branch_labels']) retrieved from /home/airflow/.local/lib/python3.6/site-packages/airflow/example_dags/example_branch_labels.py
[2023-02-23 17:06:10,689] {logging_mixin.py:104} INFO - [2023-02-23 17:06:10,689] {dag.py:1833} INFO - Sync 1 DAGs
[2023-02-23 17:06:10,707] {logging_mixin.py:104} INFO - [2023-02-23 17:06:10,707] {dag.py:2306} INFO - Setting next_dagrun for example_branch_labels to 2023-02-21 00:00:00+00:00
[2023-02-23 17:06:10,716] {scheduler_job.py:190} INFO - Processing /home/airflow/.local/lib/python3.6/site-packages/airflow/example_dags/example_branch_labels.py took 0.114 seconds
[2023-02-23 17:06:41,535] {scheduler_job.py:182} INFO - Started process (PID=2267) to work on /home/airflow/.local/lib/python3.6/site-packages/airflow/example_dags/example_branch_labels.py
[2023-02-23 17:06:41,536] {scheduler_job.py:633} INFO - Processing file /home/airflow/.local/lib/python3.6/site-packages/airflow/example_dags/example_branch_labels.py for tasks to queue
[2023-02-23 17:06:41,536] {logging_mixin.py:104} INFO - [2023-02-23 17:06:41,536] {dagbag.py:496} INFO - Filling up the DagBag from /home/airflow/.local/lib/python3.6/site-packages/airflow/example_dags/example_branch_labels.py
[2023-02-23 17:06:41,546] {scheduler_job.py:643} INFO - DAG(s) dict_keys(['example_branch_labels']) retrieved from /home/airflow/.local/lib/python3.6/site-packages/airflow/example_dags/example_branch_labels.py
[2023-02-23 17:06:41,562] {logging_mixin.py:104} INFO - [2023-02-23 17:06:41,562] {dag.py:1833} INFO - Sync 1 DAGs
[2023-02-23 17:06:41,576] {logging_mixin.py:104} INFO - [2023-02-23 17:06:41,576] {dag.py:2306} INFO - Setting next_dagrun for example_branch_labels to 2023-02-21 00:00:00+00:00
[2023-02-23 17:06:41,582] {scheduler_job.py:190} INFO - Processing /home/airflow/.local/lib/python3.6/site-packages/airflow/example_dags/example_branch_labels.py took 0.050 seconds
[2023-02-23 17:07:12,245] {scheduler_job.py:182} INFO - Started process (PID=2329) to work on /home/airflow/.local/lib/python3.6/site-packages/airflow/example_dags/example_branch_labels.py
[2023-02-23 17:07:12,246] {scheduler_job.py:633} INFO - Processing file /home/airflow/.local/lib/python3.6/site-packages/airflow/example_dags/example_branch_labels.py for tasks to queue
[2023-02-23 17:07:12,247] {logging_mixin.py:104} INFO - [2023-02-23 17:07:12,246] {dagbag.py:496} INFO - Filling up the DagBag from /home/airflow/.local/lib/python3.6/site-packages/airflow/example_dags/example_branch_labels.py
[2023-02-23 17:07:12,258] {scheduler_job.py:643} INFO - DAG(s) dict_keys(['example_branch_labels']) retrieved from /home/airflow/.local/lib/python3.6/site-packages/airflow/example_dags/example_branch_labels.py
[2023-02-23 17:07:12,277] {logging_mixin.py:104} INFO - [2023-02-23 17:07:12,277] {dag.py:1833} INFO - Sync 1 DAGs
[2023-02-23 17:07:12,293] {logging_mixin.py:104} INFO - [2023-02-23 17:07:12,293] {dag.py:2306} INFO - Setting next_dagrun for example_branch_labels to 2023-02-21 00:00:00+00:00
[2023-02-23 17:07:12,299] {scheduler_job.py:190} INFO - Processing /home/airflow/.local/lib/python3.6/site-packages/airflow/example_dags/example_branch_labels.py took 0.056 seconds
[2023-02-23 17:07:42,350] {scheduler_job.py:182} INFO - Started process (PID=2381) to work on /home/airflow/.local/lib/python3.6/site-packages/airflow/example_dags/example_branch_labels.py
[2023-02-23 17:07:42,351] {scheduler_job.py:633} INFO - Processing file /home/airflow/.local/lib/python3.6/site-packages/airflow/example_dags/example_branch_labels.py for tasks to queue
[2023-02-23 17:07:42,351] {logging_mixin.py:104} INFO - [2023-02-23 17:07:42,351] {dagbag.py:496} INFO - Filling up the DagBag from /home/airflow/.local/lib/python3.6/site-packages/airflow/example_dags/example_branch_labels.py
[2023-02-23 17:07:42,361] {scheduler_job.py:643} INFO - DAG(s) dict_keys(['example_branch_labels']) retrieved from /home/airflow/.local/lib/python3.6/site-packages/airflow/example_dags/example_branch_labels.py
[2023-02-23 17:07:42,380] {logging_mixin.py:104} INFO - [2023-02-23 17:07:42,380] {dag.py:1833} INFO - Sync 1 DAGs
[2023-02-23 17:07:42,396] {logging_mixin.py:104} INFO - [2023-02-23 17:07:42,396] {dag.py:2306} INFO - Setting next_dagrun for example_branch_labels to 2023-02-21 00:00:00+00:00
[2023-02-23 17:07:42,402] {scheduler_job.py:190} INFO - Processing /home/airflow/.local/lib/python3.6/site-packages/airflow/example_dags/example_branch_labels.py took 0.055 seconds
[2023-02-23 17:08:13,013] {scheduler_job.py:182} INFO - Started process (PID=2443) to work on /home/airflow/.local/lib/python3.6/site-packages/airflow/example_dags/example_branch_labels.py
[2023-02-23 17:08:13,013] {scheduler_job.py:633} INFO - Processing file /home/airflow/.local/lib/python3.6/site-packages/airflow/example_dags/example_branch_labels.py for tasks to queue
[2023-02-23 17:08:13,014] {logging_mixin.py:104} INFO - [2023-02-23 17:08:13,014] {dagbag.py:496} INFO - Filling up the DagBag from /home/airflow/.local/lib/python3.6/site-packages/airflow/example_dags/example_branch_labels.py
[2023-02-23 17:08:13,024] {scheduler_job.py:643} INFO - DAG(s) dict_keys(['example_branch_labels']) retrieved from /home/airflow/.local/lib/python3.6/site-packages/airflow/example_dags/example_branch_labels.py
[2023-02-23 17:08:13,043] {logging_mixin.py:104} INFO - [2023-02-23 17:08:13,043] {dag.py:1833} INFO - Sync 1 DAGs
[2023-02-23 17:08:13,058] {logging_mixin.py:104} INFO - [2023-02-23 17:08:13,058] {dag.py:2306} INFO - Setting next_dagrun for example_branch_labels to 2023-02-21 00:00:00+00:00
[2023-02-23 17:08:13,064] {scheduler_job.py:190} INFO - Processing /home/airflow/.local/lib/python3.6/site-packages/airflow/example_dags/example_branch_labels.py took 0.055 seconds
[2023-02-23 17:08:43,219] {scheduler_job.py:182} INFO - Started process (PID=2495) to work on /home/airflow/.local/lib/python3.6/site-packages/airflow/example_dags/example_branch_labels.py
[2023-02-23 17:08:43,220] {scheduler_job.py:633} INFO - Processing file /home/airflow/.local/lib/python3.6/site-packages/airflow/example_dags/example_branch_labels.py for tasks to queue
[2023-02-23 17:08:43,221] {logging_mixin.py:104} INFO - [2023-02-23 17:08:43,221] {dagbag.py:496} INFO - Filling up the DagBag from /home/airflow/.local/lib/python3.6/site-packages/airflow/example_dags/example_branch_labels.py
[2023-02-23 17:08:43,232] {scheduler_job.py:643} INFO - DAG(s) dict_keys(['example_branch_labels']) retrieved from /home/airflow/.local/lib/python3.6/site-packages/airflow/example_dags/example_branch_labels.py
[2023-02-23 17:08:43,250] {logging_mixin.py:104} INFO - [2023-02-23 17:08:43,250] {dag.py:1833} INFO - Sync 1 DAGs
[2023-02-23 17:08:43,266] {logging_mixin.py:104} INFO - [2023-02-23 17:08:43,266] {dag.py:2306} INFO - Setting next_dagrun for example_branch_labels to 2023-02-21 00:00:00+00:00
[2023-02-23 17:08:43,273] {scheduler_job.py:190} INFO - Processing /home/airflow/.local/lib/python3.6/site-packages/airflow/example_dags/example_branch_labels.py took 0.056 seconds
[2023-02-23 17:09:13,887] {scheduler_job.py:182} INFO - Started process (PID=2556) to work on /home/airflow/.local/lib/python3.6/site-packages/airflow/example_dags/example_branch_labels.py
[2023-02-23 17:09:13,888] {scheduler_job.py:633} INFO - Processing file /home/airflow/.local/lib/python3.6/site-packages/airflow/example_dags/example_branch_labels.py for tasks to queue
[2023-02-23 17:09:13,889] {logging_mixin.py:104} INFO - [2023-02-23 17:09:13,889] {dagbag.py:496} INFO - Filling up the DagBag from /home/airflow/.local/lib/python3.6/site-packages/airflow/example_dags/example_branch_labels.py
[2023-02-23 17:09:13,899] {scheduler_job.py:643} INFO - DAG(s) dict_keys(['example_branch_labels']) retrieved from /home/airflow/.local/lib/python3.6/site-packages/airflow/example_dags/example_branch_labels.py
[2023-02-23 17:09:13,993] {logging_mixin.py:104} INFO - [2023-02-23 17:09:13,992] {dag.py:1833} INFO - Sync 1 DAGs
[2023-02-23 17:09:14,085] {logging_mixin.py:104} INFO - [2023-02-23 17:09:14,085] {dag.py:2306} INFO - Setting next_dagrun for example_branch_labels to 2023-02-21 00:00:00+00:00
[2023-02-23 17:09:14,175] {scheduler_job.py:190} INFO - Processing /home/airflow/.local/lib/python3.6/site-packages/airflow/example_dags/example_branch_labels.py took 0.290 seconds
[2023-02-23 17:09:44,238] {scheduler_job.py:182} INFO - Started process (PID=2609) to work on /home/airflow/.local/lib/python3.6/site-packages/airflow/example_dags/example_branch_labels.py
[2023-02-23 17:09:44,239] {scheduler_job.py:633} INFO - Processing file /home/airflow/.local/lib/python3.6/site-packages/airflow/example_dags/example_branch_labels.py for tasks to queue
[2023-02-23 17:09:44,239] {logging_mixin.py:104} INFO - [2023-02-23 17:09:44,239] {dagbag.py:496} INFO - Filling up the DagBag from /home/airflow/.local/lib/python3.6/site-packages/airflow/example_dags/example_branch_labels.py
[2023-02-23 17:09:44,250] {scheduler_job.py:643} INFO - DAG(s) dict_keys(['example_branch_labels']) retrieved from /home/airflow/.local/lib/python3.6/site-packages/airflow/example_dags/example_branch_labels.py
[2023-02-23 17:09:44,284] {logging_mixin.py:104} INFO - [2023-02-23 17:09:44,284] {dag.py:1833} INFO - Sync 1 DAGs
[2023-02-23 17:09:44,302] {logging_mixin.py:104} INFO - [2023-02-23 17:09:44,302] {dag.py:2306} INFO - Setting next_dagrun for example_branch_labels to 2023-02-21 00:00:00+00:00
[2023-02-23 17:09:44,309] {scheduler_job.py:190} INFO - Processing /home/airflow/.local/lib/python3.6/site-packages/airflow/example_dags/example_branch_labels.py took 0.074 seconds
[2023-02-23 17:10:14,860] {scheduler_job.py:182} INFO - Started process (PID=2662) to work on /home/airflow/.local/lib/python3.6/site-packages/airflow/example_dags/example_branch_labels.py
[2023-02-23 17:10:14,861] {scheduler_job.py:633} INFO - Processing file /home/airflow/.local/lib/python3.6/site-packages/airflow/example_dags/example_branch_labels.py for tasks to queue
[2023-02-23 17:10:14,861] {logging_mixin.py:104} INFO - [2023-02-23 17:10:14,861] {dagbag.py:496} INFO - Filling up the DagBag from /home/airflow/.local/lib/python3.6/site-packages/airflow/example_dags/example_branch_labels.py
[2023-02-23 17:10:14,872] {scheduler_job.py:643} INFO - DAG(s) dict_keys(['example_branch_labels']) retrieved from /home/airflow/.local/lib/python3.6/site-packages/airflow/example_dags/example_branch_labels.py
[2023-02-23 17:10:14,891] {logging_mixin.py:104} INFO - [2023-02-23 17:10:14,891] {dag.py:1833} INFO - Sync 1 DAGs
[2023-02-23 17:10:14,906] {logging_mixin.py:104} INFO - [2023-02-23 17:10:14,906] {dag.py:2306} INFO - Setting next_dagrun for example_branch_labels to 2023-02-21 00:00:00+00:00
[2023-02-23 17:10:14,913] {scheduler_job.py:190} INFO - Processing /home/airflow/.local/lib/python3.6/site-packages/airflow/example_dags/example_branch_labels.py took 0.056 seconds
[2023-02-23 17:10:45,475] {scheduler_job.py:182} INFO - Started process (PID=2717) to work on /home/airflow/.local/lib/python3.6/site-packages/airflow/example_dags/example_branch_labels.py
[2023-02-23 17:10:45,476] {scheduler_job.py:633} INFO - Processing file /home/airflow/.local/lib/python3.6/site-packages/airflow/example_dags/example_branch_labels.py for tasks to queue
[2023-02-23 17:10:45,477] {logging_mixin.py:104} INFO - [2023-02-23 17:10:45,477] {dagbag.py:496} INFO - Filling up the DagBag from /home/airflow/.local/lib/python3.6/site-packages/airflow/example_dags/example_branch_labels.py
[2023-02-23 17:10:45,488] {scheduler_job.py:643} INFO - DAG(s) dict_keys(['example_branch_labels']) retrieved from /home/airflow/.local/lib/python3.6/site-packages/airflow/example_dags/example_branch_labels.py
[2023-02-23 17:10:45,675] {logging_mixin.py:104} INFO - [2023-02-23 17:10:45,675] {dag.py:1833} INFO - Sync 1 DAGs
[2023-02-23 17:10:45,780] {logging_mixin.py:104} INFO - [2023-02-23 17:10:45,780] {dag.py:2306} INFO - Setting next_dagrun for example_branch_labels to 2023-02-21 00:00:00+00:00
[2023-02-23 17:10:45,790] {scheduler_job.py:190} INFO - Processing /home/airflow/.local/lib/python3.6/site-packages/airflow/example_dags/example_branch_labels.py took 0.318 seconds
