[2023-02-23 12:26:01,077] {scheduler_job.py:182} INFO - Started process (PID=96) to work on /home/airflow/.local/lib/python3.6/site-packages/airflow/example_dags/example_task_group_decorator.py
[2023-02-23 12:26:01,081] {scheduler_job.py:633} INFO - Processing file /home/airflow/.local/lib/python3.6/site-packages/airflow/example_dags/example_task_group_decorator.py for tasks to queue
[2023-02-23 12:26:01,082] {logging_mixin.py:104} INFO - [2023-02-23 12:26:01,082] {dagbag.py:496} INFO - Filling up the DagBag from /home/airflow/.local/lib/python3.6/site-packages/airflow/example_dags/example_task_group_decorator.py
[2023-02-23 12:26:01,172] {scheduler_job.py:643} INFO - DAG(s) dict_keys(['example_task_group_decorator']) retrieved from /home/airflow/.local/lib/python3.6/site-packages/airflow/example_dags/example_task_group_decorator.py
[2023-02-23 12:26:01,890] {logging_mixin.py:104} INFO - [2023-02-23 12:26:01,889] {dag.py:1833} INFO - Sync 1 DAGs
[2023-02-23 12:26:01,967] {logging_mixin.py:104} INFO - [2023-02-23 12:26:01,967] {dag.py:2306} INFO - Setting next_dagrun for example_task_group_decorator to 2023-02-21 00:00:00+00:00
[2023-02-23 12:26:01,996] {scheduler_job.py:190} INFO - Processing /home/airflow/.local/lib/python3.6/site-packages/airflow/example_dags/example_task_group_decorator.py took 0.922 seconds
[2023-02-23 16:46:49,789] {scheduler_job.py:182} INFO - Started process (PID=90) to work on /home/airflow/.local/lib/python3.6/site-packages/airflow/example_dags/example_task_group_decorator.py
[2023-02-23 16:46:49,790] {scheduler_job.py:633} INFO - Processing file /home/airflow/.local/lib/python3.6/site-packages/airflow/example_dags/example_task_group_decorator.py for tasks to queue
[2023-02-23 16:46:49,790] {logging_mixin.py:104} INFO - [2023-02-23 16:46:49,790] {dagbag.py:496} INFO - Filling up the DagBag from /home/airflow/.local/lib/python3.6/site-packages/airflow/example_dags/example_task_group_decorator.py
[2023-02-23 16:46:49,817] {scheduler_job.py:643} INFO - DAG(s) dict_keys(['example_task_group_decorator']) retrieved from /home/airflow/.local/lib/python3.6/site-packages/airflow/example_dags/example_task_group_decorator.py
[2023-02-23 16:46:50,289] {logging_mixin.py:104} INFO - [2023-02-23 16:46:50,289] {dag.py:1833} INFO - Sync 1 DAGs
[2023-02-23 16:46:50,306] {logging_mixin.py:104} INFO - [2023-02-23 16:46:50,306] {dag.py:2306} INFO - Setting next_dagrun for example_task_group_decorator to 2023-02-21 00:00:00+00:00
[2023-02-23 16:46:50,379] {scheduler_job.py:190} INFO - Processing /home/airflow/.local/lib/python3.6/site-packages/airflow/example_dags/example_task_group_decorator.py took 0.594 seconds
[2023-02-23 16:47:21,010] {scheduler_job.py:182} INFO - Started process (PID=133) to work on /home/airflow/.local/lib/python3.6/site-packages/airflow/example_dags/example_task_group_decorator.py
[2023-02-23 16:47:21,011] {scheduler_job.py:633} INFO - Processing file /home/airflow/.local/lib/python3.6/site-packages/airflow/example_dags/example_task_group_decorator.py for tasks to queue
[2023-02-23 16:47:21,011] {logging_mixin.py:104} INFO - [2023-02-23 16:47:21,011] {dagbag.py:496} INFO - Filling up the DagBag from /home/airflow/.local/lib/python3.6/site-packages/airflow/example_dags/example_task_group_decorator.py
[2023-02-23 16:47:21,032] {scheduler_job.py:643} INFO - DAG(s) dict_keys(['example_task_group_decorator']) retrieved from /home/airflow/.local/lib/python3.6/site-packages/airflow/example_dags/example_task_group_decorator.py
[2023-02-23 16:47:21,225] {logging_mixin.py:104} INFO - [2023-02-23 16:47:21,224] {dag.py:1833} INFO - Sync 1 DAGs
[2023-02-23 16:47:21,237] {logging_mixin.py:104} INFO - [2023-02-23 16:47:21,237] {dag.py:2306} INFO - Setting next_dagrun for example_task_group_decorator to 2023-02-21 00:00:00+00:00
[2023-02-23 16:47:21,248] {scheduler_job.py:190} INFO - Processing /home/airflow/.local/lib/python3.6/site-packages/airflow/example_dags/example_task_group_decorator.py took 0.240 seconds
[2023-02-23 16:47:51,475] {scheduler_job.py:182} INFO - Started process (PID=195) to work on /home/airflow/.local/lib/python3.6/site-packages/airflow/example_dags/example_task_group_decorator.py
[2023-02-23 16:47:51,476] {scheduler_job.py:633} INFO - Processing file /home/airflow/.local/lib/python3.6/site-packages/airflow/example_dags/example_task_group_decorator.py for tasks to queue
[2023-02-23 16:47:51,477] {logging_mixin.py:104} INFO - [2023-02-23 16:47:51,477] {dagbag.py:496} INFO - Filling up the DagBag from /home/airflow/.local/lib/python3.6/site-packages/airflow/example_dags/example_task_group_decorator.py
[2023-02-23 16:47:51,502] {scheduler_job.py:643} INFO - DAG(s) dict_keys(['example_task_group_decorator']) retrieved from /home/airflow/.local/lib/python3.6/site-packages/airflow/example_dags/example_task_group_decorator.py
[2023-02-23 16:47:51,909] {logging_mixin.py:104} INFO - [2023-02-23 16:47:51,908] {dag.py:1833} INFO - Sync 1 DAGs
[2023-02-23 16:47:51,922] {logging_mixin.py:104} INFO - [2023-02-23 16:47:51,922] {dag.py:2306} INFO - Setting next_dagrun for example_task_group_decorator to 2023-02-21 00:00:00+00:00
[2023-02-23 16:47:51,935] {scheduler_job.py:190} INFO - Processing /home/airflow/.local/lib/python3.6/site-packages/airflow/example_dags/example_task_group_decorator.py took 0.463 seconds
[2023-02-23 16:48:22,785] {scheduler_job.py:182} INFO - Started process (PID=257) to work on /home/airflow/.local/lib/python3.6/site-packages/airflow/example_dags/example_task_group_decorator.py
[2023-02-23 16:48:22,786] {scheduler_job.py:633} INFO - Processing file /home/airflow/.local/lib/python3.6/site-packages/airflow/example_dags/example_task_group_decorator.py for tasks to queue
[2023-02-23 16:48:22,787] {logging_mixin.py:104} INFO - [2023-02-23 16:48:22,787] {dagbag.py:496} INFO - Filling up the DagBag from /home/airflow/.local/lib/python3.6/site-packages/airflow/example_dags/example_task_group_decorator.py
[2023-02-23 16:48:22,811] {scheduler_job.py:643} INFO - DAG(s) dict_keys(['example_task_group_decorator']) retrieved from /home/airflow/.local/lib/python3.6/site-packages/airflow/example_dags/example_task_group_decorator.py
[2023-02-23 16:48:22,995] {logging_mixin.py:104} INFO - [2023-02-23 16:48:22,995] {dag.py:1833} INFO - Sync 1 DAGs
[2023-02-23 16:48:23,007] {logging_mixin.py:104} INFO - [2023-02-23 16:48:23,007] {dag.py:2306} INFO - Setting next_dagrun for example_task_group_decorator to 2023-02-21 00:00:00+00:00
[2023-02-23 16:48:23,016] {scheduler_job.py:190} INFO - Processing /home/airflow/.local/lib/python3.6/site-packages/airflow/example_dags/example_task_group_decorator.py took 0.233 seconds
[2023-02-23 16:48:53,487] {scheduler_job.py:182} INFO - Started process (PID=310) to work on /home/airflow/.local/lib/python3.6/site-packages/airflow/example_dags/example_task_group_decorator.py
[2023-02-23 16:48:53,487] {scheduler_job.py:633} INFO - Processing file /home/airflow/.local/lib/python3.6/site-packages/airflow/example_dags/example_task_group_decorator.py for tasks to queue
[2023-02-23 16:48:53,488] {logging_mixin.py:104} INFO - [2023-02-23 16:48:53,488] {dagbag.py:496} INFO - Filling up the DagBag from /home/airflow/.local/lib/python3.6/site-packages/airflow/example_dags/example_task_group_decorator.py
[2023-02-23 16:48:53,510] {scheduler_job.py:643} INFO - DAG(s) dict_keys(['example_task_group_decorator']) retrieved from /home/airflow/.local/lib/python3.6/site-packages/airflow/example_dags/example_task_group_decorator.py
[2023-02-23 16:48:53,697] {logging_mixin.py:104} INFO - [2023-02-23 16:48:53,697] {dag.py:1833} INFO - Sync 1 DAGs
[2023-02-23 16:48:53,709] {logging_mixin.py:104} INFO - [2023-02-23 16:48:53,709] {dag.py:2306} INFO - Setting next_dagrun for example_task_group_decorator to 2023-02-21 00:00:00+00:00
[2023-02-23 16:48:53,719] {scheduler_job.py:190} INFO - Processing /home/airflow/.local/lib/python3.6/site-packages/airflow/example_dags/example_task_group_decorator.py took 0.234 seconds
[2023-02-23 16:49:24,390] {scheduler_job.py:182} INFO - Started process (PID=370) to work on /home/airflow/.local/lib/python3.6/site-packages/airflow/example_dags/example_task_group_decorator.py
[2023-02-23 16:49:24,391] {scheduler_job.py:633} INFO - Processing file /home/airflow/.local/lib/python3.6/site-packages/airflow/example_dags/example_task_group_decorator.py for tasks to queue
[2023-02-23 16:49:24,392] {logging_mixin.py:104} INFO - [2023-02-23 16:49:24,392] {dagbag.py:496} INFO - Filling up the DagBag from /home/airflow/.local/lib/python3.6/site-packages/airflow/example_dags/example_task_group_decorator.py
[2023-02-23 16:49:24,414] {scheduler_job.py:643} INFO - DAG(s) dict_keys(['example_task_group_decorator']) retrieved from /home/airflow/.local/lib/python3.6/site-packages/airflow/example_dags/example_task_group_decorator.py
[2023-02-23 16:49:25,087] {logging_mixin.py:104} INFO - [2023-02-23 16:49:25,086] {dag.py:1833} INFO - Sync 1 DAGs
[2023-02-23 16:49:25,099] {logging_mixin.py:104} INFO - [2023-02-23 16:49:25,099] {dag.py:2306} INFO - Setting next_dagrun for example_task_group_decorator to 2023-02-21 00:00:00+00:00
[2023-02-23 16:49:25,108] {scheduler_job.py:190} INFO - Processing /home/airflow/.local/lib/python3.6/site-packages/airflow/example_dags/example_task_group_decorator.py took 0.721 seconds
[2023-02-23 16:49:55,965] {scheduler_job.py:182} INFO - Started process (PID=415) to work on /home/airflow/.local/lib/python3.6/site-packages/airflow/example_dags/example_task_group_decorator.py
[2023-02-23 16:49:55,966] {scheduler_job.py:633} INFO - Processing file /home/airflow/.local/lib/python3.6/site-packages/airflow/example_dags/example_task_group_decorator.py for tasks to queue
[2023-02-23 16:49:55,966] {logging_mixin.py:104} INFO - [2023-02-23 16:49:55,966] {dagbag.py:496} INFO - Filling up the DagBag from /home/airflow/.local/lib/python3.6/site-packages/airflow/example_dags/example_task_group_decorator.py
[2023-02-23 16:49:55,987] {scheduler_job.py:643} INFO - DAG(s) dict_keys(['example_task_group_decorator']) retrieved from /home/airflow/.local/lib/python3.6/site-packages/airflow/example_dags/example_task_group_decorator.py
[2023-02-23 16:49:56,177] {logging_mixin.py:104} INFO - [2023-02-23 16:49:56,177] {dag.py:1833} INFO - Sync 1 DAGs
[2023-02-23 16:49:56,189] {logging_mixin.py:104} INFO - [2023-02-23 16:49:56,189] {dag.py:2306} INFO - Setting next_dagrun for example_task_group_decorator to 2023-02-21 00:00:00+00:00
[2023-02-23 16:49:56,198] {scheduler_job.py:190} INFO - Processing /home/airflow/.local/lib/python3.6/site-packages/airflow/example_dags/example_task_group_decorator.py took 0.236 seconds
[2023-02-23 16:50:26,885] {scheduler_job.py:182} INFO - Started process (PID=477) to work on /home/airflow/.local/lib/python3.6/site-packages/airflow/example_dags/example_task_group_decorator.py
[2023-02-23 16:50:26,886] {scheduler_job.py:633} INFO - Processing file /home/airflow/.local/lib/python3.6/site-packages/airflow/example_dags/example_task_group_decorator.py for tasks to queue
[2023-02-23 16:50:26,887] {logging_mixin.py:104} INFO - [2023-02-23 16:50:26,887] {dagbag.py:496} INFO - Filling up the DagBag from /home/airflow/.local/lib/python3.6/site-packages/airflow/example_dags/example_task_group_decorator.py
[2023-02-23 16:50:26,912] {scheduler_job.py:643} INFO - DAG(s) dict_keys(['example_task_group_decorator']) retrieved from /home/airflow/.local/lib/python3.6/site-packages/airflow/example_dags/example_task_group_decorator.py
[2023-02-23 16:50:27,102] {logging_mixin.py:104} INFO - [2023-02-23 16:50:27,102] {dag.py:1833} INFO - Sync 1 DAGs
[2023-02-23 16:50:27,115] {logging_mixin.py:104} INFO - [2023-02-23 16:50:27,115] {dag.py:2306} INFO - Setting next_dagrun for example_task_group_decorator to 2023-02-21 00:00:00+00:00
[2023-02-23 16:50:27,124] {scheduler_job.py:190} INFO - Processing /home/airflow/.local/lib/python3.6/site-packages/airflow/example_dags/example_task_group_decorator.py took 0.242 seconds
[2023-02-23 16:50:57,692] {scheduler_job.py:182} INFO - Started process (PID=529) to work on /home/airflow/.local/lib/python3.6/site-packages/airflow/example_dags/example_task_group_decorator.py
[2023-02-23 16:50:57,693] {scheduler_job.py:633} INFO - Processing file /home/airflow/.local/lib/python3.6/site-packages/airflow/example_dags/example_task_group_decorator.py for tasks to queue
[2023-02-23 16:50:57,694] {logging_mixin.py:104} INFO - [2023-02-23 16:50:57,694] {dagbag.py:496} INFO - Filling up the DagBag from /home/airflow/.local/lib/python3.6/site-packages/airflow/example_dags/example_task_group_decorator.py
[2023-02-23 16:50:57,719] {scheduler_job.py:643} INFO - DAG(s) dict_keys(['example_task_group_decorator']) retrieved from /home/airflow/.local/lib/python3.6/site-packages/airflow/example_dags/example_task_group_decorator.py
[2023-02-23 16:50:58,194] {logging_mixin.py:104} INFO - [2023-02-23 16:50:58,194] {dag.py:1833} INFO - Sync 1 DAGs
[2023-02-23 16:50:58,206] {logging_mixin.py:104} INFO - [2023-02-23 16:50:58,205] {dag.py:2306} INFO - Setting next_dagrun for example_task_group_decorator to 2023-02-21 00:00:00+00:00
[2023-02-23 16:50:58,218] {scheduler_job.py:190} INFO - Processing /home/airflow/.local/lib/python3.6/site-packages/airflow/example_dags/example_task_group_decorator.py took 0.529 seconds
[2023-02-23 16:51:28,770] {scheduler_job.py:182} INFO - Started process (PID=591) to work on /home/airflow/.local/lib/python3.6/site-packages/airflow/example_dags/example_task_group_decorator.py
[2023-02-23 16:51:28,771] {scheduler_job.py:633} INFO - Processing file /home/airflow/.local/lib/python3.6/site-packages/airflow/example_dags/example_task_group_decorator.py for tasks to queue
[2023-02-23 16:51:28,771] {logging_mixin.py:104} INFO - [2023-02-23 16:51:28,771] {dagbag.py:496} INFO - Filling up the DagBag from /home/airflow/.local/lib/python3.6/site-packages/airflow/example_dags/example_task_group_decorator.py
[2023-02-23 16:51:28,797] {scheduler_job.py:643} INFO - DAG(s) dict_keys(['example_task_group_decorator']) retrieved from /home/airflow/.local/lib/python3.6/site-packages/airflow/example_dags/example_task_group_decorator.py
[2023-02-23 16:51:28,977] {logging_mixin.py:104} INFO - [2023-02-23 16:51:28,977] {dag.py:1833} INFO - Sync 1 DAGs
[2023-02-23 16:51:28,989] {logging_mixin.py:104} INFO - [2023-02-23 16:51:28,989] {dag.py:2306} INFO - Setting next_dagrun for example_task_group_decorator to 2023-02-21 00:00:00+00:00
[2023-02-23 16:51:28,999] {scheduler_job.py:190} INFO - Processing /home/airflow/.local/lib/python3.6/site-packages/airflow/example_dags/example_task_group_decorator.py took 0.232 seconds
[2023-02-23 16:51:59,564] {scheduler_job.py:182} INFO - Started process (PID=643) to work on /home/airflow/.local/lib/python3.6/site-packages/airflow/example_dags/example_task_group_decorator.py
[2023-02-23 16:51:59,565] {scheduler_job.py:633} INFO - Processing file /home/airflow/.local/lib/python3.6/site-packages/airflow/example_dags/example_task_group_decorator.py for tasks to queue
[2023-02-23 16:51:59,566] {logging_mixin.py:104} INFO - [2023-02-23 16:51:59,565] {dagbag.py:496} INFO - Filling up the DagBag from /home/airflow/.local/lib/python3.6/site-packages/airflow/example_dags/example_task_group_decorator.py
[2023-02-23 16:51:59,588] {scheduler_job.py:643} INFO - DAG(s) dict_keys(['example_task_group_decorator']) retrieved from /home/airflow/.local/lib/python3.6/site-packages/airflow/example_dags/example_task_group_decorator.py
[2023-02-23 16:51:59,768] {logging_mixin.py:104} INFO - [2023-02-23 16:51:59,768] {dag.py:1833} INFO - Sync 1 DAGs
[2023-02-23 16:51:59,780] {logging_mixin.py:104} INFO - [2023-02-23 16:51:59,780] {dag.py:2306} INFO - Setting next_dagrun for example_task_group_decorator to 2023-02-21 00:00:00+00:00
[2023-02-23 16:51:59,789] {scheduler_job.py:190} INFO - Processing /home/airflow/.local/lib/python3.6/site-packages/airflow/example_dags/example_task_group_decorator.py took 0.227 seconds
[2023-02-23 16:52:30,318] {scheduler_job.py:182} INFO - Started process (PID=705) to work on /home/airflow/.local/lib/python3.6/site-packages/airflow/example_dags/example_task_group_decorator.py
[2023-02-23 16:52:30,319] {scheduler_job.py:633} INFO - Processing file /home/airflow/.local/lib/python3.6/site-packages/airflow/example_dags/example_task_group_decorator.py for tasks to queue
[2023-02-23 16:52:30,320] {logging_mixin.py:104} INFO - [2023-02-23 16:52:30,319] {dagbag.py:496} INFO - Filling up the DagBag from /home/airflow/.local/lib/python3.6/site-packages/airflow/example_dags/example_task_group_decorator.py
[2023-02-23 16:52:30,341] {scheduler_job.py:643} INFO - DAG(s) dict_keys(['example_task_group_decorator']) retrieved from /home/airflow/.local/lib/python3.6/site-packages/airflow/example_dags/example_task_group_decorator.py
[2023-02-23 16:52:30,528] {logging_mixin.py:104} INFO - [2023-02-23 16:52:30,528] {dag.py:1833} INFO - Sync 1 DAGs
[2023-02-23 16:52:30,539] {logging_mixin.py:104} INFO - [2023-02-23 16:52:30,539] {dag.py:2306} INFO - Setting next_dagrun for example_task_group_decorator to 2023-02-21 00:00:00+00:00
[2023-02-23 16:52:30,547] {scheduler_job.py:190} INFO - Processing /home/airflow/.local/lib/python3.6/site-packages/airflow/example_dags/example_task_group_decorator.py took 0.231 seconds
[2023-02-23 16:53:01,310] {scheduler_job.py:182} INFO - Started process (PID=757) to work on /home/airflow/.local/lib/python3.6/site-packages/airflow/example_dags/example_task_group_decorator.py
[2023-02-23 16:53:01,310] {scheduler_job.py:633} INFO - Processing file /home/airflow/.local/lib/python3.6/site-packages/airflow/example_dags/example_task_group_decorator.py for tasks to queue
[2023-02-23 16:53:01,311] {logging_mixin.py:104} INFO - [2023-02-23 16:53:01,311] {dagbag.py:496} INFO - Filling up the DagBag from /home/airflow/.local/lib/python3.6/site-packages/airflow/example_dags/example_task_group_decorator.py
[2023-02-23 16:53:01,376] {scheduler_job.py:643} INFO - DAG(s) dict_keys(['example_task_group_decorator']) retrieved from /home/airflow/.local/lib/python3.6/site-packages/airflow/example_dags/example_task_group_decorator.py
[2023-02-23 16:53:01,988] {logging_mixin.py:104} INFO - [2023-02-23 16:53:01,988] {dag.py:1833} INFO - Sync 1 DAGs
[2023-02-23 16:53:02,082] {logging_mixin.py:104} INFO - [2023-02-23 16:53:02,082] {dag.py:2306} INFO - Setting next_dagrun for example_task_group_decorator to 2023-02-21 00:00:00+00:00
[2023-02-23 16:53:02,093] {scheduler_job.py:190} INFO - Processing /home/airflow/.local/lib/python3.6/site-packages/airflow/example_dags/example_task_group_decorator.py took 0.786 seconds
[2023-02-23 16:53:32,385] {scheduler_job.py:182} INFO - Started process (PID=820) to work on /home/airflow/.local/lib/python3.6/site-packages/airflow/example_dags/example_task_group_decorator.py
[2023-02-23 16:53:32,386] {scheduler_job.py:633} INFO - Processing file /home/airflow/.local/lib/python3.6/site-packages/airflow/example_dags/example_task_group_decorator.py for tasks to queue
[2023-02-23 16:53:32,386] {logging_mixin.py:104} INFO - [2023-02-23 16:53:32,386] {dagbag.py:496} INFO - Filling up the DagBag from /home/airflow/.local/lib/python3.6/site-packages/airflow/example_dags/example_task_group_decorator.py
[2023-02-23 16:53:32,408] {scheduler_job.py:643} INFO - DAG(s) dict_keys(['example_task_group_decorator']) retrieved from /home/airflow/.local/lib/python3.6/site-packages/airflow/example_dags/example_task_group_decorator.py
[2023-02-23 16:53:32,620] {logging_mixin.py:104} INFO - [2023-02-23 16:53:32,620] {dag.py:1833} INFO - Sync 1 DAGs
[2023-02-23 16:53:32,636] {logging_mixin.py:104} INFO - [2023-02-23 16:53:32,636] {dag.py:2306} INFO - Setting next_dagrun for example_task_group_decorator to 2023-02-21 00:00:00+00:00
[2023-02-23 16:53:32,645] {scheduler_job.py:190} INFO - Processing /home/airflow/.local/lib/python3.6/site-packages/airflow/example_dags/example_task_group_decorator.py took 0.263 seconds
[2023-02-23 16:54:03,203] {scheduler_job.py:182} INFO - Started process (PID=873) to work on /home/airflow/.local/lib/python3.6/site-packages/airflow/example_dags/example_task_group_decorator.py
[2023-02-23 16:54:03,204] {scheduler_job.py:633} INFO - Processing file /home/airflow/.local/lib/python3.6/site-packages/airflow/example_dags/example_task_group_decorator.py for tasks to queue
[2023-02-23 16:54:03,204] {logging_mixin.py:104} INFO - [2023-02-23 16:54:03,204] {dagbag.py:496} INFO - Filling up the DagBag from /home/airflow/.local/lib/python3.6/site-packages/airflow/example_dags/example_task_group_decorator.py
[2023-02-23 16:54:03,224] {scheduler_job.py:643} INFO - DAG(s) dict_keys(['example_task_group_decorator']) retrieved from /home/airflow/.local/lib/python3.6/site-packages/airflow/example_dags/example_task_group_decorator.py
[2023-02-23 16:54:03,397] {logging_mixin.py:104} INFO - [2023-02-23 16:54:03,397] {dag.py:1833} INFO - Sync 1 DAGs
[2023-02-23 16:54:03,408] {logging_mixin.py:104} INFO - [2023-02-23 16:54:03,408] {dag.py:2306} INFO - Setting next_dagrun for example_task_group_decorator to 2023-02-21 00:00:00+00:00
[2023-02-23 16:54:03,417] {scheduler_job.py:190} INFO - Processing /home/airflow/.local/lib/python3.6/site-packages/airflow/example_dags/example_task_group_decorator.py took 0.217 seconds
[2023-02-23 16:54:33,874] {scheduler_job.py:182} INFO - Started process (PID=935) to work on /home/airflow/.local/lib/python3.6/site-packages/airflow/example_dags/example_task_group_decorator.py
[2023-02-23 16:54:33,875] {scheduler_job.py:633} INFO - Processing file /home/airflow/.local/lib/python3.6/site-packages/airflow/example_dags/example_task_group_decorator.py for tasks to queue
[2023-02-23 16:54:33,875] {logging_mixin.py:104} INFO - [2023-02-23 16:54:33,875] {dagbag.py:496} INFO - Filling up the DagBag from /home/airflow/.local/lib/python3.6/site-packages/airflow/example_dags/example_task_group_decorator.py
[2023-02-23 16:54:33,900] {scheduler_job.py:643} INFO - DAG(s) dict_keys(['example_task_group_decorator']) retrieved from /home/airflow/.local/lib/python3.6/site-packages/airflow/example_dags/example_task_group_decorator.py
[2023-02-23 16:54:34,121] {logging_mixin.py:104} INFO - [2023-02-23 16:54:34,121] {dag.py:1833} INFO - Sync 1 DAGs
[2023-02-23 16:54:34,134] {logging_mixin.py:104} INFO - [2023-02-23 16:54:34,134] {dag.py:2306} INFO - Setting next_dagrun for example_task_group_decorator to 2023-02-21 00:00:00+00:00
[2023-02-23 16:54:34,180] {scheduler_job.py:190} INFO - Processing /home/airflow/.local/lib/python3.6/site-packages/airflow/example_dags/example_task_group_decorator.py took 0.324 seconds
[2023-02-23 16:55:04,478] {scheduler_job.py:182} INFO - Started process (PID=987) to work on /home/airflow/.local/lib/python3.6/site-packages/airflow/example_dags/example_task_group_decorator.py
[2023-02-23 16:55:04,479] {scheduler_job.py:633} INFO - Processing file /home/airflow/.local/lib/python3.6/site-packages/airflow/example_dags/example_task_group_decorator.py for tasks to queue
[2023-02-23 16:55:04,480] {logging_mixin.py:104} INFO - [2023-02-23 16:55:04,480] {dagbag.py:496} INFO - Filling up the DagBag from /home/airflow/.local/lib/python3.6/site-packages/airflow/example_dags/example_task_group_decorator.py
[2023-02-23 16:55:04,675] {scheduler_job.py:643} INFO - DAG(s) dict_keys(['example_task_group_decorator']) retrieved from /home/airflow/.local/lib/python3.6/site-packages/airflow/example_dags/example_task_group_decorator.py
[2023-02-23 16:55:05,777] {logging_mixin.py:104} INFO - [2023-02-23 16:55:05,777] {dag.py:1833} INFO - Sync 1 DAGs
[2023-02-23 16:55:05,879] {logging_mixin.py:104} INFO - [2023-02-23 16:55:05,878] {dag.py:2306} INFO - Setting next_dagrun for example_task_group_decorator to 2023-02-21 00:00:00+00:00
[2023-02-23 16:55:05,891] {scheduler_job.py:190} INFO - Processing /home/airflow/.local/lib/python3.6/site-packages/airflow/example_dags/example_task_group_decorator.py took 1.416 seconds
[2023-02-23 16:55:36,795] {scheduler_job.py:182} INFO - Started process (PID=1050) to work on /home/airflow/.local/lib/python3.6/site-packages/airflow/example_dags/example_task_group_decorator.py
[2023-02-23 16:55:36,796] {scheduler_job.py:633} INFO - Processing file /home/airflow/.local/lib/python3.6/site-packages/airflow/example_dags/example_task_group_decorator.py for tasks to queue
[2023-02-23 16:55:36,797] {logging_mixin.py:104} INFO - [2023-02-23 16:55:36,797] {dagbag.py:496} INFO - Filling up the DagBag from /home/airflow/.local/lib/python3.6/site-packages/airflow/example_dags/example_task_group_decorator.py
[2023-02-23 16:55:36,821] {scheduler_job.py:643} INFO - DAG(s) dict_keys(['example_task_group_decorator']) retrieved from /home/airflow/.local/lib/python3.6/site-packages/airflow/example_dags/example_task_group_decorator.py
[2023-02-23 16:55:37,008] {logging_mixin.py:104} INFO - [2023-02-23 16:55:37,008] {dag.py:1833} INFO - Sync 1 DAGs
[2023-02-23 16:55:37,020] {logging_mixin.py:104} INFO - [2023-02-23 16:55:37,020] {dag.py:2306} INFO - Setting next_dagrun for example_task_group_decorator to 2023-02-21 00:00:00+00:00
[2023-02-23 16:55:37,030] {scheduler_job.py:190} INFO - Processing /home/airflow/.local/lib/python3.6/site-packages/airflow/example_dags/example_task_group_decorator.py took 0.237 seconds
[2023-02-23 16:56:07,109] {scheduler_job.py:182} INFO - Started process (PID=1102) to work on /home/airflow/.local/lib/python3.6/site-packages/airflow/example_dags/example_task_group_decorator.py
[2023-02-23 16:56:07,110] {scheduler_job.py:633} INFO - Processing file /home/airflow/.local/lib/python3.6/site-packages/airflow/example_dags/example_task_group_decorator.py for tasks to queue
[2023-02-23 16:56:07,111] {logging_mixin.py:104} INFO - [2023-02-23 16:56:07,110] {dagbag.py:496} INFO - Filling up the DagBag from /home/airflow/.local/lib/python3.6/site-packages/airflow/example_dags/example_task_group_decorator.py
[2023-02-23 16:56:07,131] {scheduler_job.py:643} INFO - DAG(s) dict_keys(['example_task_group_decorator']) retrieved from /home/airflow/.local/lib/python3.6/site-packages/airflow/example_dags/example_task_group_decorator.py
[2023-02-23 16:56:07,306] {logging_mixin.py:104} INFO - [2023-02-23 16:56:07,306] {dag.py:1833} INFO - Sync 1 DAGs
[2023-02-23 16:56:07,316] {logging_mixin.py:104} INFO - [2023-02-23 16:56:07,316] {dag.py:2306} INFO - Setting next_dagrun for example_task_group_decorator to 2023-02-21 00:00:00+00:00
[2023-02-23 16:56:07,325] {scheduler_job.py:190} INFO - Processing /home/airflow/.local/lib/python3.6/site-packages/airflow/example_dags/example_task_group_decorator.py took 0.218 seconds
[2023-02-23 16:56:37,643] {scheduler_job.py:182} INFO - Started process (PID=1163) to work on /home/airflow/.local/lib/python3.6/site-packages/airflow/example_dags/example_task_group_decorator.py
[2023-02-23 16:56:37,644] {scheduler_job.py:633} INFO - Processing file /home/airflow/.local/lib/python3.6/site-packages/airflow/example_dags/example_task_group_decorator.py for tasks to queue
[2023-02-23 16:56:37,644] {logging_mixin.py:104} INFO - [2023-02-23 16:56:37,644] {dagbag.py:496} INFO - Filling up the DagBag from /home/airflow/.local/lib/python3.6/site-packages/airflow/example_dags/example_task_group_decorator.py
[2023-02-23 16:56:37,665] {scheduler_job.py:643} INFO - DAG(s) dict_keys(['example_task_group_decorator']) retrieved from /home/airflow/.local/lib/python3.6/site-packages/airflow/example_dags/example_task_group_decorator.py
[2023-02-23 16:56:37,855] {logging_mixin.py:104} INFO - [2023-02-23 16:56:37,855] {dag.py:1833} INFO - Sync 1 DAGs
[2023-02-23 16:56:37,874] {logging_mixin.py:104} INFO - [2023-02-23 16:56:37,874] {dag.py:2306} INFO - Setting next_dagrun for example_task_group_decorator to 2023-02-21 00:00:00+00:00
[2023-02-23 16:56:37,885] {scheduler_job.py:190} INFO - Processing /home/airflow/.local/lib/python3.6/site-packages/airflow/example_dags/example_task_group_decorator.py took 0.244 seconds
[2023-02-23 16:57:08,049] {scheduler_job.py:182} INFO - Started process (PID=1215) to work on /home/airflow/.local/lib/python3.6/site-packages/airflow/example_dags/example_task_group_decorator.py
[2023-02-23 16:57:08,050] {scheduler_job.py:633} INFO - Processing file /home/airflow/.local/lib/python3.6/site-packages/airflow/example_dags/example_task_group_decorator.py for tasks to queue
[2023-02-23 16:57:08,050] {logging_mixin.py:104} INFO - [2023-02-23 16:57:08,050] {dagbag.py:496} INFO - Filling up the DagBag from /home/airflow/.local/lib/python3.6/site-packages/airflow/example_dags/example_task_group_decorator.py
[2023-02-23 16:57:08,074] {scheduler_job.py:643} INFO - DAG(s) dict_keys(['example_task_group_decorator']) retrieved from /home/airflow/.local/lib/python3.6/site-packages/airflow/example_dags/example_task_group_decorator.py
[2023-02-23 16:57:08,262] {logging_mixin.py:104} INFO - [2023-02-23 16:57:08,261] {dag.py:1833} INFO - Sync 1 DAGs
[2023-02-23 16:57:08,273] {logging_mixin.py:104} INFO - [2023-02-23 16:57:08,273] {dag.py:2306} INFO - Setting next_dagrun for example_task_group_decorator to 2023-02-21 00:00:00+00:00
[2023-02-23 16:57:08,284] {scheduler_job.py:190} INFO - Processing /home/airflow/.local/lib/python3.6/site-packages/airflow/example_dags/example_task_group_decorator.py took 0.238 seconds
[2023-02-23 16:57:39,097] {scheduler_job.py:182} INFO - Started process (PID=1274) to work on /home/airflow/.local/lib/python3.6/site-packages/airflow/example_dags/example_task_group_decorator.py
[2023-02-23 16:57:39,098] {scheduler_job.py:633} INFO - Processing file /home/airflow/.local/lib/python3.6/site-packages/airflow/example_dags/example_task_group_decorator.py for tasks to queue
[2023-02-23 16:57:39,098] {logging_mixin.py:104} INFO - [2023-02-23 16:57:39,098] {dagbag.py:496} INFO - Filling up the DagBag from /home/airflow/.local/lib/python3.6/site-packages/airflow/example_dags/example_task_group_decorator.py
[2023-02-23 16:57:39,125] {scheduler_job.py:643} INFO - DAG(s) dict_keys(['example_task_group_decorator']) retrieved from /home/airflow/.local/lib/python3.6/site-packages/airflow/example_dags/example_task_group_decorator.py
[2023-02-23 16:57:39,451] {logging_mixin.py:104} INFO - [2023-02-23 16:57:39,451] {dag.py:1833} INFO - Sync 1 DAGs
[2023-02-23 16:57:39,479] {logging_mixin.py:104} INFO - [2023-02-23 16:57:39,479] {dag.py:2306} INFO - Setting next_dagrun for example_task_group_decorator to 2023-02-21 00:00:00+00:00
[2023-02-23 16:57:39,489] {scheduler_job.py:190} INFO - Processing /home/airflow/.local/lib/python3.6/site-packages/airflow/example_dags/example_task_group_decorator.py took 0.394 seconds
[2023-02-23 16:58:10,009] {scheduler_job.py:182} INFO - Started process (PID=1329) to work on /home/airflow/.local/lib/python3.6/site-packages/airflow/example_dags/example_task_group_decorator.py
[2023-02-23 16:58:10,010] {scheduler_job.py:633} INFO - Processing file /home/airflow/.local/lib/python3.6/site-packages/airflow/example_dags/example_task_group_decorator.py for tasks to queue
[2023-02-23 16:58:10,011] {logging_mixin.py:104} INFO - [2023-02-23 16:58:10,011] {dagbag.py:496} INFO - Filling up the DagBag from /home/airflow/.local/lib/python3.6/site-packages/airflow/example_dags/example_task_group_decorator.py
[2023-02-23 16:58:10,035] {scheduler_job.py:643} INFO - DAG(s) dict_keys(['example_task_group_decorator']) retrieved from /home/airflow/.local/lib/python3.6/site-packages/airflow/example_dags/example_task_group_decorator.py
[2023-02-23 16:58:10,234] {logging_mixin.py:104} INFO - [2023-02-23 16:58:10,234] {dag.py:1833} INFO - Sync 1 DAGs
[2023-02-23 16:58:10,275] {logging_mixin.py:104} INFO - [2023-02-23 16:58:10,275] {dag.py:2306} INFO - Setting next_dagrun for example_task_group_decorator to 2023-02-21 00:00:00+00:00
[2023-02-23 16:58:10,288] {scheduler_job.py:190} INFO - Processing /home/airflow/.local/lib/python3.6/site-packages/airflow/example_dags/example_task_group_decorator.py took 0.281 seconds
[2023-02-23 16:58:41,178] {scheduler_job.py:182} INFO - Started process (PID=1391) to work on /home/airflow/.local/lib/python3.6/site-packages/airflow/example_dags/example_task_group_decorator.py
[2023-02-23 16:58:41,179] {scheduler_job.py:633} INFO - Processing file /home/airflow/.local/lib/python3.6/site-packages/airflow/example_dags/example_task_group_decorator.py for tasks to queue
[2023-02-23 16:58:41,179] {logging_mixin.py:104} INFO - [2023-02-23 16:58:41,179] {dagbag.py:496} INFO - Filling up the DagBag from /home/airflow/.local/lib/python3.6/site-packages/airflow/example_dags/example_task_group_decorator.py
[2023-02-23 16:58:41,204] {scheduler_job.py:643} INFO - DAG(s) dict_keys(['example_task_group_decorator']) retrieved from /home/airflow/.local/lib/python3.6/site-packages/airflow/example_dags/example_task_group_decorator.py
[2023-02-23 16:58:41,383] {logging_mixin.py:104} INFO - [2023-02-23 16:58:41,383] {dag.py:1833} INFO - Sync 1 DAGs
[2023-02-23 16:58:41,394] {logging_mixin.py:104} INFO - [2023-02-23 16:58:41,394] {dag.py:2306} INFO - Setting next_dagrun for example_task_group_decorator to 2023-02-21 00:00:00+00:00
[2023-02-23 16:58:41,403] {scheduler_job.py:190} INFO - Processing /home/airflow/.local/lib/python3.6/site-packages/airflow/example_dags/example_task_group_decorator.py took 0.228 seconds
[2023-02-23 16:59:11,557] {scheduler_job.py:182} INFO - Started process (PID=1443) to work on /home/airflow/.local/lib/python3.6/site-packages/airflow/example_dags/example_task_group_decorator.py
[2023-02-23 16:59:11,558] {scheduler_job.py:633} INFO - Processing file /home/airflow/.local/lib/python3.6/site-packages/airflow/example_dags/example_task_group_decorator.py for tasks to queue
[2023-02-23 16:59:11,559] {logging_mixin.py:104} INFO - [2023-02-23 16:59:11,559] {dagbag.py:496} INFO - Filling up the DagBag from /home/airflow/.local/lib/python3.6/site-packages/airflow/example_dags/example_task_group_decorator.py
[2023-02-23 16:59:11,582] {scheduler_job.py:643} INFO - DAG(s) dict_keys(['example_task_group_decorator']) retrieved from /home/airflow/.local/lib/python3.6/site-packages/airflow/example_dags/example_task_group_decorator.py
[2023-02-23 16:59:11,848] {logging_mixin.py:104} INFO - [2023-02-23 16:59:11,848] {dag.py:1833} INFO - Sync 1 DAGs
[2023-02-23 16:59:11,882] {logging_mixin.py:104} INFO - [2023-02-23 16:59:11,882] {dag.py:2306} INFO - Setting next_dagrun for example_task_group_decorator to 2023-02-21 00:00:00+00:00
[2023-02-23 16:59:11,894] {scheduler_job.py:190} INFO - Processing /home/airflow/.local/lib/python3.6/site-packages/airflow/example_dags/example_task_group_decorator.py took 0.340 seconds
[2023-02-23 16:59:42,581] {scheduler_job.py:182} INFO - Started process (PID=1496) to work on /home/airflow/.local/lib/python3.6/site-packages/airflow/example_dags/example_task_group_decorator.py
[2023-02-23 16:59:42,581] {scheduler_job.py:633} INFO - Processing file /home/airflow/.local/lib/python3.6/site-packages/airflow/example_dags/example_task_group_decorator.py for tasks to queue
[2023-02-23 16:59:42,582] {logging_mixin.py:104} INFO - [2023-02-23 16:59:42,582] {dagbag.py:496} INFO - Filling up the DagBag from /home/airflow/.local/lib/python3.6/site-packages/airflow/example_dags/example_task_group_decorator.py
[2023-02-23 16:59:42,687] {scheduler_job.py:643} INFO - DAG(s) dict_keys(['example_task_group_decorator']) retrieved from /home/airflow/.local/lib/python3.6/site-packages/airflow/example_dags/example_task_group_decorator.py
[2023-02-23 16:59:42,971] {logging_mixin.py:104} INFO - [2023-02-23 16:59:42,971] {dag.py:1833} INFO - Sync 1 DAGs
[2023-02-23 16:59:42,985] {logging_mixin.py:104} INFO - [2023-02-23 16:59:42,985] {dag.py:2306} INFO - Setting next_dagrun for example_task_group_decorator to 2023-02-21 00:00:00+00:00
[2023-02-23 16:59:42,995] {scheduler_job.py:190} INFO - Processing /home/airflow/.local/lib/python3.6/site-packages/airflow/example_dags/example_task_group_decorator.py took 0.417 seconds
[2023-02-23 17:00:13,743] {scheduler_job.py:182} INFO - Started process (PID=1559) to work on /home/airflow/.local/lib/python3.6/site-packages/airflow/example_dags/example_task_group_decorator.py
[2023-02-23 17:00:13,744] {scheduler_job.py:633} INFO - Processing file /home/airflow/.local/lib/python3.6/site-packages/airflow/example_dags/example_task_group_decorator.py for tasks to queue
[2023-02-23 17:00:13,744] {logging_mixin.py:104} INFO - [2023-02-23 17:00:13,744] {dagbag.py:496} INFO - Filling up the DagBag from /home/airflow/.local/lib/python3.6/site-packages/airflow/example_dags/example_task_group_decorator.py
[2023-02-23 17:00:13,767] {scheduler_job.py:643} INFO - DAG(s) dict_keys(['example_task_group_decorator']) retrieved from /home/airflow/.local/lib/python3.6/site-packages/airflow/example_dags/example_task_group_decorator.py
[2023-02-23 17:00:13,956] {logging_mixin.py:104} INFO - [2023-02-23 17:00:13,955] {dag.py:1833} INFO - Sync 1 DAGs
[2023-02-23 17:00:13,967] {logging_mixin.py:104} INFO - [2023-02-23 17:00:13,967] {dag.py:2306} INFO - Setting next_dagrun for example_task_group_decorator to 2023-02-21 00:00:00+00:00
[2023-02-23 17:00:13,976] {scheduler_job.py:190} INFO - Processing /home/airflow/.local/lib/python3.6/site-packages/airflow/example_dags/example_task_group_decorator.py took 0.235 seconds
[2023-02-23 17:00:44,238] {scheduler_job.py:182} INFO - Started process (PID=1611) to work on /home/airflow/.local/lib/python3.6/site-packages/airflow/example_dags/example_task_group_decorator.py
[2023-02-23 17:00:44,239] {scheduler_job.py:633} INFO - Processing file /home/airflow/.local/lib/python3.6/site-packages/airflow/example_dags/example_task_group_decorator.py for tasks to queue
[2023-02-23 17:00:44,239] {logging_mixin.py:104} INFO - [2023-02-23 17:00:44,239] {dagbag.py:496} INFO - Filling up the DagBag from /home/airflow/.local/lib/python3.6/site-packages/airflow/example_dags/example_task_group_decorator.py
[2023-02-23 17:00:44,294] {scheduler_job.py:643} INFO - DAG(s) dict_keys(['example_task_group_decorator']) retrieved from /home/airflow/.local/lib/python3.6/site-packages/airflow/example_dags/example_task_group_decorator.py
[2023-02-23 17:00:44,498] {logging_mixin.py:104} INFO - [2023-02-23 17:00:44,498] {dag.py:1833} INFO - Sync 1 DAGs
[2023-02-23 17:00:44,510] {logging_mixin.py:104} INFO - [2023-02-23 17:00:44,510] {dag.py:2306} INFO - Setting next_dagrun for example_task_group_decorator to 2023-02-21 00:00:00+00:00
[2023-02-23 17:00:44,522] {scheduler_job.py:190} INFO - Processing /home/airflow/.local/lib/python3.6/site-packages/airflow/example_dags/example_task_group_decorator.py took 0.288 seconds
[2023-02-23 17:01:15,369] {scheduler_job.py:182} INFO - Started process (PID=1675) to work on /home/airflow/.local/lib/python3.6/site-packages/airflow/example_dags/example_task_group_decorator.py
[2023-02-23 17:01:15,370] {scheduler_job.py:633} INFO - Processing file /home/airflow/.local/lib/python3.6/site-packages/airflow/example_dags/example_task_group_decorator.py for tasks to queue
[2023-02-23 17:01:15,371] {logging_mixin.py:104} INFO - [2023-02-23 17:01:15,370] {dagbag.py:496} INFO - Filling up the DagBag from /home/airflow/.local/lib/python3.6/site-packages/airflow/example_dags/example_task_group_decorator.py
[2023-02-23 17:01:15,404] {scheduler_job.py:643} INFO - DAG(s) dict_keys(['example_task_group_decorator']) retrieved from /home/airflow/.local/lib/python3.6/site-packages/airflow/example_dags/example_task_group_decorator.py
[2023-02-23 17:01:15,689] {logging_mixin.py:104} INFO - [2023-02-23 17:01:15,689] {dag.py:1833} INFO - Sync 1 DAGs
[2023-02-23 17:01:15,707] {logging_mixin.py:104} INFO - [2023-02-23 17:01:15,707] {dag.py:2306} INFO - Setting next_dagrun for example_task_group_decorator to 2023-02-21 00:00:00+00:00
[2023-02-23 17:01:15,721] {scheduler_job.py:190} INFO - Processing /home/airflow/.local/lib/python3.6/site-packages/airflow/example_dags/example_task_group_decorator.py took 0.356 seconds
[2023-02-23 17:01:45,981] {scheduler_job.py:182} INFO - Started process (PID=1727) to work on /home/airflow/.local/lib/python3.6/site-packages/airflow/example_dags/example_task_group_decorator.py
[2023-02-23 17:01:45,982] {scheduler_job.py:633} INFO - Processing file /home/airflow/.local/lib/python3.6/site-packages/airflow/example_dags/example_task_group_decorator.py for tasks to queue
[2023-02-23 17:01:45,983] {logging_mixin.py:104} INFO - [2023-02-23 17:01:45,983] {dagbag.py:496} INFO - Filling up the DagBag from /home/airflow/.local/lib/python3.6/site-packages/airflow/example_dags/example_task_group_decorator.py
[2023-02-23 17:01:46,007] {scheduler_job.py:643} INFO - DAG(s) dict_keys(['example_task_group_decorator']) retrieved from /home/airflow/.local/lib/python3.6/site-packages/airflow/example_dags/example_task_group_decorator.py
[2023-02-23 17:01:46,199] {logging_mixin.py:104} INFO - [2023-02-23 17:01:46,198] {dag.py:1833} INFO - Sync 1 DAGs
[2023-02-23 17:01:46,210] {logging_mixin.py:104} INFO - [2023-02-23 17:01:46,210] {dag.py:2306} INFO - Setting next_dagrun for example_task_group_decorator to 2023-02-21 00:00:00+00:00
[2023-02-23 17:01:46,221] {scheduler_job.py:190} INFO - Processing /home/airflow/.local/lib/python3.6/site-packages/airflow/example_dags/example_task_group_decorator.py took 0.242 seconds
[2023-02-23 17:02:16,251] {scheduler_job.py:182} INFO - Started process (PID=1789) to work on /home/airflow/.local/lib/python3.6/site-packages/airflow/example_dags/example_task_group_decorator.py
[2023-02-23 17:02:16,252] {scheduler_job.py:633} INFO - Processing file /home/airflow/.local/lib/python3.6/site-packages/airflow/example_dags/example_task_group_decorator.py for tasks to queue
[2023-02-23 17:02:16,253] {logging_mixin.py:104} INFO - [2023-02-23 17:02:16,253] {dagbag.py:496} INFO - Filling up the DagBag from /home/airflow/.local/lib/python3.6/site-packages/airflow/example_dags/example_task_group_decorator.py
[2023-02-23 17:02:16,278] {scheduler_job.py:643} INFO - DAG(s) dict_keys(['example_task_group_decorator']) retrieved from /home/airflow/.local/lib/python3.6/site-packages/airflow/example_dags/example_task_group_decorator.py
[2023-02-23 17:02:16,455] {logging_mixin.py:104} INFO - [2023-02-23 17:02:16,455] {dag.py:1833} INFO - Sync 1 DAGs
[2023-02-23 17:02:16,466] {logging_mixin.py:104} INFO - [2023-02-23 17:02:16,466] {dag.py:2306} INFO - Setting next_dagrun for example_task_group_decorator to 2023-02-21 00:00:00+00:00
[2023-02-23 17:02:16,475] {scheduler_job.py:190} INFO - Processing /home/airflow/.local/lib/python3.6/site-packages/airflow/example_dags/example_task_group_decorator.py took 0.226 seconds
[2023-02-23 17:02:47,393] {scheduler_job.py:182} INFO - Started process (PID=1848) to work on /home/airflow/.local/lib/python3.6/site-packages/airflow/example_dags/example_task_group_decorator.py
[2023-02-23 17:02:47,394] {scheduler_job.py:633} INFO - Processing file /home/airflow/.local/lib/python3.6/site-packages/airflow/example_dags/example_task_group_decorator.py for tasks to queue
[2023-02-23 17:02:47,394] {logging_mixin.py:104} INFO - [2023-02-23 17:02:47,394] {dagbag.py:496} INFO - Filling up the DagBag from /home/airflow/.local/lib/python3.6/site-packages/airflow/example_dags/example_task_group_decorator.py
[2023-02-23 17:02:47,419] {scheduler_job.py:643} INFO - DAG(s) dict_keys(['example_task_group_decorator']) retrieved from /home/airflow/.local/lib/python3.6/site-packages/airflow/example_dags/example_task_group_decorator.py
[2023-02-23 17:02:47,695] {logging_mixin.py:104} INFO - [2023-02-23 17:02:47,695] {dag.py:1833} INFO - Sync 1 DAGs
[2023-02-23 17:02:47,720] {logging_mixin.py:104} INFO - [2023-02-23 17:02:47,720] {dag.py:2306} INFO - Setting next_dagrun for example_task_group_decorator to 2023-02-21 00:00:00+00:00
[2023-02-23 17:02:47,731] {scheduler_job.py:190} INFO - Processing /home/airflow/.local/lib/python3.6/site-packages/airflow/example_dags/example_task_group_decorator.py took 0.341 seconds
[2023-02-23 17:03:18,539] {scheduler_job.py:182} INFO - Started process (PID=1903) to work on /home/airflow/.local/lib/python3.6/site-packages/airflow/example_dags/example_task_group_decorator.py
[2023-02-23 17:03:18,540] {scheduler_job.py:633} INFO - Processing file /home/airflow/.local/lib/python3.6/site-packages/airflow/example_dags/example_task_group_decorator.py for tasks to queue
[2023-02-23 17:03:18,541] {logging_mixin.py:104} INFO - [2023-02-23 17:03:18,541] {dagbag.py:496} INFO - Filling up the DagBag from /home/airflow/.local/lib/python3.6/site-packages/airflow/example_dags/example_task_group_decorator.py
[2023-02-23 17:03:18,574] {scheduler_job.py:643} INFO - DAG(s) dict_keys(['example_task_group_decorator']) retrieved from /home/airflow/.local/lib/python3.6/site-packages/airflow/example_dags/example_task_group_decorator.py
[2023-02-23 17:03:18,873] {logging_mixin.py:104} INFO - [2023-02-23 17:03:18,873] {dag.py:1833} INFO - Sync 1 DAGs
[2023-02-23 17:03:18,893] {logging_mixin.py:104} INFO - [2023-02-23 17:03:18,892] {dag.py:2306} INFO - Setting next_dagrun for example_task_group_decorator to 2023-02-21 00:00:00+00:00
[2023-02-23 17:03:18,906] {scheduler_job.py:190} INFO - Processing /home/airflow/.local/lib/python3.6/site-packages/airflow/example_dags/example_task_group_decorator.py took 0.370 seconds
[2023-02-23 17:03:49,800] {scheduler_job.py:182} INFO - Started process (PID=1955) to work on /home/airflow/.local/lib/python3.6/site-packages/airflow/example_dags/example_task_group_decorator.py
[2023-02-23 17:03:49,801] {scheduler_job.py:633} INFO - Processing file /home/airflow/.local/lib/python3.6/site-packages/airflow/example_dags/example_task_group_decorator.py for tasks to queue
[2023-02-23 17:03:49,802] {logging_mixin.py:104} INFO - [2023-02-23 17:03:49,801] {dagbag.py:496} INFO - Filling up the DagBag from /home/airflow/.local/lib/python3.6/site-packages/airflow/example_dags/example_task_group_decorator.py
[2023-02-23 17:03:49,825] {scheduler_job.py:643} INFO - DAG(s) dict_keys(['example_task_group_decorator']) retrieved from /home/airflow/.local/lib/python3.6/site-packages/airflow/example_dags/example_task_group_decorator.py
[2023-02-23 17:03:50,009] {logging_mixin.py:104} INFO - [2023-02-23 17:03:50,009] {dag.py:1833} INFO - Sync 1 DAGs
[2023-02-23 17:03:50,021] {logging_mixin.py:104} INFO - [2023-02-23 17:03:50,021] {dag.py:2306} INFO - Setting next_dagrun for example_task_group_decorator to 2023-02-21 00:00:00+00:00
[2023-02-23 17:03:50,031] {scheduler_job.py:190} INFO - Processing /home/airflow/.local/lib/python3.6/site-packages/airflow/example_dags/example_task_group_decorator.py took 0.233 seconds
[2023-02-23 17:04:20,483] {scheduler_job.py:182} INFO - Started process (PID=2017) to work on /home/airflow/.local/lib/python3.6/site-packages/airflow/example_dags/example_task_group_decorator.py
[2023-02-23 17:04:20,486] {scheduler_job.py:633} INFO - Processing file /home/airflow/.local/lib/python3.6/site-packages/airflow/example_dags/example_task_group_decorator.py for tasks to queue
[2023-02-23 17:04:20,486] {logging_mixin.py:104} INFO - [2023-02-23 17:04:20,486] {dagbag.py:496} INFO - Filling up the DagBag from /home/airflow/.local/lib/python3.6/site-packages/airflow/example_dags/example_task_group_decorator.py
[2023-02-23 17:04:20,517] {scheduler_job.py:643} INFO - DAG(s) dict_keys(['example_task_group_decorator']) retrieved from /home/airflow/.local/lib/python3.6/site-packages/airflow/example_dags/example_task_group_decorator.py
[2023-02-23 17:04:21,008] {logging_mixin.py:104} INFO - [2023-02-23 17:04:21,007] {dag.py:1833} INFO - Sync 1 DAGs
[2023-02-23 17:04:21,074] {logging_mixin.py:104} INFO - [2023-02-23 17:04:21,074] {dag.py:2306} INFO - Setting next_dagrun for example_task_group_decorator to 2023-02-21 00:00:00+00:00
[2023-02-23 17:04:21,087] {scheduler_job.py:190} INFO - Processing /home/airflow/.local/lib/python3.6/site-packages/airflow/example_dags/example_task_group_decorator.py took 0.606 seconds
[2023-02-23 17:04:51,574] {scheduler_job.py:182} INFO - Started process (PID=2070) to work on /home/airflow/.local/lib/python3.6/site-packages/airflow/example_dags/example_task_group_decorator.py
[2023-02-23 17:04:51,575] {scheduler_job.py:633} INFO - Processing file /home/airflow/.local/lib/python3.6/site-packages/airflow/example_dags/example_task_group_decorator.py for tasks to queue
[2023-02-23 17:04:51,575] {logging_mixin.py:104} INFO - [2023-02-23 17:04:51,575] {dagbag.py:496} INFO - Filling up the DagBag from /home/airflow/.local/lib/python3.6/site-packages/airflow/example_dags/example_task_group_decorator.py
[2023-02-23 17:04:51,597] {scheduler_job.py:643} INFO - DAG(s) dict_keys(['example_task_group_decorator']) retrieved from /home/airflow/.local/lib/python3.6/site-packages/airflow/example_dags/example_task_group_decorator.py
[2023-02-23 17:04:51,778] {logging_mixin.py:104} INFO - [2023-02-23 17:04:51,778] {dag.py:1833} INFO - Sync 1 DAGs
[2023-02-23 17:04:51,791] {logging_mixin.py:104} INFO - [2023-02-23 17:04:51,790] {dag.py:2306} INFO - Setting next_dagrun for example_task_group_decorator to 2023-02-21 00:00:00+00:00
[2023-02-23 17:04:51,802] {scheduler_job.py:190} INFO - Processing /home/airflow/.local/lib/python3.6/site-packages/airflow/example_dags/example_task_group_decorator.py took 0.230 seconds
[2023-02-23 17:05:22,249] {scheduler_job.py:182} INFO - Started process (PID=2132) to work on /home/airflow/.local/lib/python3.6/site-packages/airflow/example_dags/example_task_group_decorator.py
[2023-02-23 17:05:22,250] {scheduler_job.py:633} INFO - Processing file /home/airflow/.local/lib/python3.6/site-packages/airflow/example_dags/example_task_group_decorator.py for tasks to queue
[2023-02-23 17:05:22,250] {logging_mixin.py:104} INFO - [2023-02-23 17:05:22,250] {dagbag.py:496} INFO - Filling up the DagBag from /home/airflow/.local/lib/python3.6/site-packages/airflow/example_dags/example_task_group_decorator.py
[2023-02-23 17:05:22,274] {scheduler_job.py:643} INFO - DAG(s) dict_keys(['example_task_group_decorator']) retrieved from /home/airflow/.local/lib/python3.6/site-packages/airflow/example_dags/example_task_group_decorator.py
[2023-02-23 17:05:22,296] {logging_mixin.py:104} INFO - [2023-02-23 17:05:22,296] {dag.py:1833} INFO - Sync 1 DAGs
[2023-02-23 17:05:22,311] {logging_mixin.py:104} INFO - [2023-02-23 17:05:22,311] {dag.py:2306} INFO - Setting next_dagrun for example_task_group_decorator to 2023-02-21 00:00:00+00:00
[2023-02-23 17:05:22,319] {scheduler_job.py:190} INFO - Processing /home/airflow/.local/lib/python3.6/site-packages/airflow/example_dags/example_task_group_decorator.py took 0.073 seconds
[2023-02-23 17:05:52,631] {scheduler_job.py:182} INFO - Started process (PID=2184) to work on /home/airflow/.local/lib/python3.6/site-packages/airflow/example_dags/example_task_group_decorator.py
[2023-02-23 17:05:52,632] {scheduler_job.py:633} INFO - Processing file /home/airflow/.local/lib/python3.6/site-packages/airflow/example_dags/example_task_group_decorator.py for tasks to queue
[2023-02-23 17:05:52,633] {logging_mixin.py:104} INFO - [2023-02-23 17:05:52,633] {dagbag.py:496} INFO - Filling up the DagBag from /home/airflow/.local/lib/python3.6/site-packages/airflow/example_dags/example_task_group_decorator.py
[2023-02-23 17:05:52,656] {scheduler_job.py:643} INFO - DAG(s) dict_keys(['example_task_group_decorator']) retrieved from /home/airflow/.local/lib/python3.6/site-packages/airflow/example_dags/example_task_group_decorator.py
[2023-02-23 17:05:52,832] {logging_mixin.py:104} INFO - [2023-02-23 17:05:52,832] {dag.py:1833} INFO - Sync 1 DAGs
[2023-02-23 17:05:52,845] {logging_mixin.py:104} INFO - [2023-02-23 17:05:52,845] {dag.py:2306} INFO - Setting next_dagrun for example_task_group_decorator to 2023-02-21 00:00:00+00:00
[2023-02-23 17:05:52,855] {scheduler_job.py:190} INFO - Processing /home/airflow/.local/lib/python3.6/site-packages/airflow/example_dags/example_task_group_decorator.py took 0.226 seconds
[2023-02-23 17:06:23,823] {scheduler_job.py:182} INFO - Started process (PID=2246) to work on /home/airflow/.local/lib/python3.6/site-packages/airflow/example_dags/example_task_group_decorator.py
[2023-02-23 17:06:23,824] {scheduler_job.py:633} INFO - Processing file /home/airflow/.local/lib/python3.6/site-packages/airflow/example_dags/example_task_group_decorator.py for tasks to queue
[2023-02-23 17:06:23,824] {logging_mixin.py:104} INFO - [2023-02-23 17:06:23,824] {dagbag.py:496} INFO - Filling up the DagBag from /home/airflow/.local/lib/python3.6/site-packages/airflow/example_dags/example_task_group_decorator.py
[2023-02-23 17:06:23,846] {scheduler_job.py:643} INFO - DAG(s) dict_keys(['example_task_group_decorator']) retrieved from /home/airflow/.local/lib/python3.6/site-packages/airflow/example_dags/example_task_group_decorator.py
[2023-02-23 17:06:24,036] {logging_mixin.py:104} INFO - [2023-02-23 17:06:24,036] {dag.py:1833} INFO - Sync 1 DAGs
[2023-02-23 17:06:24,048] {logging_mixin.py:104} INFO - [2023-02-23 17:06:24,048] {dag.py:2306} INFO - Setting next_dagrun for example_task_group_decorator to 2023-02-21 00:00:00+00:00
[2023-02-23 17:06:24,056] {scheduler_job.py:190} INFO - Processing /home/airflow/.local/lib/python3.6/site-packages/airflow/example_dags/example_task_group_decorator.py took 0.236 seconds
[2023-02-23 17:06:54,449] {scheduler_job.py:182} INFO - Started process (PID=2307) to work on /home/airflow/.local/lib/python3.6/site-packages/airflow/example_dags/example_task_group_decorator.py
[2023-02-23 17:06:54,450] {scheduler_job.py:633} INFO - Processing file /home/airflow/.local/lib/python3.6/site-packages/airflow/example_dags/example_task_group_decorator.py for tasks to queue
[2023-02-23 17:06:54,451] {logging_mixin.py:104} INFO - [2023-02-23 17:06:54,451] {dagbag.py:496} INFO - Filling up the DagBag from /home/airflow/.local/lib/python3.6/site-packages/airflow/example_dags/example_task_group_decorator.py
[2023-02-23 17:06:54,475] {scheduler_job.py:643} INFO - DAG(s) dict_keys(['example_task_group_decorator']) retrieved from /home/airflow/.local/lib/python3.6/site-packages/airflow/example_dags/example_task_group_decorator.py
[2023-02-23 17:06:54,652] {logging_mixin.py:104} INFO - [2023-02-23 17:06:54,652] {dag.py:1833} INFO - Sync 1 DAGs
[2023-02-23 17:06:54,664] {logging_mixin.py:104} INFO - [2023-02-23 17:06:54,664] {dag.py:2306} INFO - Setting next_dagrun for example_task_group_decorator to 2023-02-21 00:00:00+00:00
[2023-02-23 17:06:54,674] {scheduler_job.py:190} INFO - Processing /home/airflow/.local/lib/python3.6/site-packages/airflow/example_dags/example_task_group_decorator.py took 0.227 seconds
[2023-02-23 17:07:25,092] {scheduler_job.py:182} INFO - Started process (PID=2360) to work on /home/airflow/.local/lib/python3.6/site-packages/airflow/example_dags/example_task_group_decorator.py
[2023-02-23 17:07:25,093] {scheduler_job.py:633} INFO - Processing file /home/airflow/.local/lib/python3.6/site-packages/airflow/example_dags/example_task_group_decorator.py for tasks to queue
[2023-02-23 17:07:25,094] {logging_mixin.py:104} INFO - [2023-02-23 17:07:25,094] {dagbag.py:496} INFO - Filling up the DagBag from /home/airflow/.local/lib/python3.6/site-packages/airflow/example_dags/example_task_group_decorator.py
[2023-02-23 17:07:25,117] {scheduler_job.py:643} INFO - DAG(s) dict_keys(['example_task_group_decorator']) retrieved from /home/airflow/.local/lib/python3.6/site-packages/airflow/example_dags/example_task_group_decorator.py
[2023-02-23 17:07:25,586] {logging_mixin.py:104} INFO - [2023-02-23 17:07:25,586] {dag.py:1833} INFO - Sync 1 DAGs
[2023-02-23 17:07:25,603] {logging_mixin.py:104} INFO - [2023-02-23 17:07:25,603] {dag.py:2306} INFO - Setting next_dagrun for example_task_group_decorator to 2023-02-21 00:00:00+00:00
[2023-02-23 17:07:25,674] {scheduler_job.py:190} INFO - Processing /home/airflow/.local/lib/python3.6/site-packages/airflow/example_dags/example_task_group_decorator.py took 0.585 seconds
[2023-02-23 17:07:56,097] {scheduler_job.py:182} INFO - Started process (PID=2412) to work on /home/airflow/.local/lib/python3.6/site-packages/airflow/example_dags/example_task_group_decorator.py
[2023-02-23 17:07:56,098] {scheduler_job.py:633} INFO - Processing file /home/airflow/.local/lib/python3.6/site-packages/airflow/example_dags/example_task_group_decorator.py for tasks to queue
[2023-02-23 17:07:56,098] {logging_mixin.py:104} INFO - [2023-02-23 17:07:56,098] {dagbag.py:496} INFO - Filling up the DagBag from /home/airflow/.local/lib/python3.6/site-packages/airflow/example_dags/example_task_group_decorator.py
[2023-02-23 17:07:56,120] {scheduler_job.py:643} INFO - DAG(s) dict_keys(['example_task_group_decorator']) retrieved from /home/airflow/.local/lib/python3.6/site-packages/airflow/example_dags/example_task_group_decorator.py
[2023-02-23 17:07:56,300] {logging_mixin.py:104} INFO - [2023-02-23 17:07:56,300] {dag.py:1833} INFO - Sync 1 DAGs
[2023-02-23 17:07:56,313] {logging_mixin.py:104} INFO - [2023-02-23 17:07:56,313] {dag.py:2306} INFO - Setting next_dagrun for example_task_group_decorator to 2023-02-21 00:00:00+00:00
[2023-02-23 17:07:56,325] {scheduler_job.py:190} INFO - Processing /home/airflow/.local/lib/python3.6/site-packages/airflow/example_dags/example_task_group_decorator.py took 0.230 seconds
[2023-02-23 17:08:26,630] {scheduler_job.py:182} INFO - Started process (PID=2474) to work on /home/airflow/.local/lib/python3.6/site-packages/airflow/example_dags/example_task_group_decorator.py
[2023-02-23 17:08:26,631] {scheduler_job.py:633} INFO - Processing file /home/airflow/.local/lib/python3.6/site-packages/airflow/example_dags/example_task_group_decorator.py for tasks to queue
[2023-02-23 17:08:26,631] {logging_mixin.py:104} INFO - [2023-02-23 17:08:26,631] {dagbag.py:496} INFO - Filling up the DagBag from /home/airflow/.local/lib/python3.6/site-packages/airflow/example_dags/example_task_group_decorator.py
[2023-02-23 17:08:26,652] {scheduler_job.py:643} INFO - DAG(s) dict_keys(['example_task_group_decorator']) retrieved from /home/airflow/.local/lib/python3.6/site-packages/airflow/example_dags/example_task_group_decorator.py
[2023-02-23 17:08:26,834] {logging_mixin.py:104} INFO - [2023-02-23 17:08:26,834] {dag.py:1833} INFO - Sync 1 DAGs
[2023-02-23 17:08:26,846] {logging_mixin.py:104} INFO - [2023-02-23 17:08:26,846] {dag.py:2306} INFO - Setting next_dagrun for example_task_group_decorator to 2023-02-21 00:00:00+00:00
[2023-02-23 17:08:26,855] {scheduler_job.py:190} INFO - Processing /home/airflow/.local/lib/python3.6/site-packages/airflow/example_dags/example_task_group_decorator.py took 0.227 seconds
[2023-02-23 17:08:57,147] {scheduler_job.py:182} INFO - Started process (PID=2526) to work on /home/airflow/.local/lib/python3.6/site-packages/airflow/example_dags/example_task_group_decorator.py
[2023-02-23 17:08:57,148] {scheduler_job.py:633} INFO - Processing file /home/airflow/.local/lib/python3.6/site-packages/airflow/example_dags/example_task_group_decorator.py for tasks to queue
[2023-02-23 17:08:57,149] {logging_mixin.py:104} INFO - [2023-02-23 17:08:57,149] {dagbag.py:496} INFO - Filling up the DagBag from /home/airflow/.local/lib/python3.6/site-packages/airflow/example_dags/example_task_group_decorator.py
[2023-02-23 17:08:57,170] {scheduler_job.py:643} INFO - DAG(s) dict_keys(['example_task_group_decorator']) retrieved from /home/airflow/.local/lib/python3.6/site-packages/airflow/example_dags/example_task_group_decorator.py
[2023-02-23 17:08:57,349] {logging_mixin.py:104} INFO - [2023-02-23 17:08:57,349] {dag.py:1833} INFO - Sync 1 DAGs
[2023-02-23 17:08:57,360] {logging_mixin.py:104} INFO - [2023-02-23 17:08:57,360] {dag.py:2306} INFO - Setting next_dagrun for example_task_group_decorator to 2023-02-21 00:00:00+00:00
[2023-02-23 17:08:57,369] {scheduler_job.py:190} INFO - Processing /home/airflow/.local/lib/python3.6/site-packages/airflow/example_dags/example_task_group_decorator.py took 0.224 seconds
[2023-02-23 17:09:27,560] {scheduler_job.py:182} INFO - Started process (PID=2588) to work on /home/airflow/.local/lib/python3.6/site-packages/airflow/example_dags/example_task_group_decorator.py
[2023-02-23 17:09:27,561] {scheduler_job.py:633} INFO - Processing file /home/airflow/.local/lib/python3.6/site-packages/airflow/example_dags/example_task_group_decorator.py for tasks to queue
[2023-02-23 17:09:27,562] {logging_mixin.py:104} INFO - [2023-02-23 17:09:27,562] {dagbag.py:496} INFO - Filling up the DagBag from /home/airflow/.local/lib/python3.6/site-packages/airflow/example_dags/example_task_group_decorator.py
[2023-02-23 17:09:27,584] {scheduler_job.py:643} INFO - DAG(s) dict_keys(['example_task_group_decorator']) retrieved from /home/airflow/.local/lib/python3.6/site-packages/airflow/example_dags/example_task_group_decorator.py
[2023-02-23 17:09:27,778] {logging_mixin.py:104} INFO - [2023-02-23 17:09:27,778] {dag.py:1833} INFO - Sync 1 DAGs
[2023-02-23 17:09:27,790] {logging_mixin.py:104} INFO - [2023-02-23 17:09:27,790] {dag.py:2306} INFO - Setting next_dagrun for example_task_group_decorator to 2023-02-21 00:00:00+00:00
[2023-02-23 17:09:27,800] {scheduler_job.py:190} INFO - Processing /home/airflow/.local/lib/python3.6/site-packages/airflow/example_dags/example_task_group_decorator.py took 0.242 seconds
[2023-02-23 17:09:58,190] {scheduler_job.py:182} INFO - Started process (PID=2641) to work on /home/airflow/.local/lib/python3.6/site-packages/airflow/example_dags/example_task_group_decorator.py
[2023-02-23 17:09:58,192] {scheduler_job.py:633} INFO - Processing file /home/airflow/.local/lib/python3.6/site-packages/airflow/example_dags/example_task_group_decorator.py for tasks to queue
[2023-02-23 17:09:58,193] {logging_mixin.py:104} INFO - [2023-02-23 17:09:58,192] {dagbag.py:496} INFO - Filling up the DagBag from /home/airflow/.local/lib/python3.6/site-packages/airflow/example_dags/example_task_group_decorator.py
[2023-02-23 17:09:58,373] {scheduler_job.py:643} INFO - DAG(s) dict_keys(['example_task_group_decorator']) retrieved from /home/airflow/.local/lib/python3.6/site-packages/airflow/example_dags/example_task_group_decorator.py
[2023-02-23 17:09:59,579] {logging_mixin.py:104} INFO - [2023-02-23 17:09:59,579] {dag.py:1833} INFO - Sync 1 DAGs
[2023-02-23 17:09:59,593] {logging_mixin.py:104} INFO - [2023-02-23 17:09:59,593] {dag.py:2306} INFO - Setting next_dagrun for example_task_group_decorator to 2023-02-21 00:00:00+00:00
[2023-02-23 17:09:59,606] {scheduler_job.py:190} INFO - Processing /home/airflow/.local/lib/python3.6/site-packages/airflow/example_dags/example_task_group_decorator.py took 1.418 seconds
[2023-02-23 17:10:29,912] {scheduler_job.py:182} INFO - Started process (PID=2697) to work on /home/airflow/.local/lib/python3.6/site-packages/airflow/example_dags/example_task_group_decorator.py
[2023-02-23 17:10:29,915] {scheduler_job.py:633} INFO - Processing file /home/airflow/.local/lib/python3.6/site-packages/airflow/example_dags/example_task_group_decorator.py for tasks to queue
[2023-02-23 17:10:29,916] {logging_mixin.py:104} INFO - [2023-02-23 17:10:29,916] {dagbag.py:496} INFO - Filling up the DagBag from /home/airflow/.local/lib/python3.6/site-packages/airflow/example_dags/example_task_group_decorator.py
[2023-02-23 17:10:29,983] {scheduler_job.py:643} INFO - DAG(s) dict_keys(['example_task_group_decorator']) retrieved from /home/airflow/.local/lib/python3.6/site-packages/airflow/example_dags/example_task_group_decorator.py
[2023-02-23 17:10:30,372] {logging_mixin.py:104} INFO - [2023-02-23 17:10:30,372] {dag.py:1833} INFO - Sync 1 DAGs
[2023-02-23 17:10:30,384] {logging_mixin.py:104} INFO - [2023-02-23 17:10:30,384] {dag.py:2306} INFO - Setting next_dagrun for example_task_group_decorator to 2023-02-21 00:00:00+00:00
[2023-02-23 17:10:30,395] {scheduler_job.py:190} INFO - Processing /home/airflow/.local/lib/python3.6/site-packages/airflow/example_dags/example_task_group_decorator.py took 0.486 seconds
