[2023-02-23 19:43:01,223] {scheduler_job.py:182} INFO - Started process (PID=81) to work on /home/airflow/.local/lib/python3.6/site-packages/airflow/example_dags/example_task_group.py
[2023-02-23 19:43:01,224] {scheduler_job.py:633} INFO - Processing file /home/airflow/.local/lib/python3.6/site-packages/airflow/example_dags/example_task_group.py for tasks to queue
[2023-02-23 19:43:01,225] {logging_mixin.py:104} INFO - [2023-02-23 19:43:01,225] {dagbag.py:496} INFO - Filling up the DagBag from /home/airflow/.local/lib/python3.6/site-packages/airflow/example_dags/example_task_group.py
[2023-02-23 19:43:01,280] {scheduler_job.py:643} INFO - DAG(s) dict_keys(['example_task_group']) retrieved from /home/airflow/.local/lib/python3.6/site-packages/airflow/example_dags/example_task_group.py
[2023-02-23 19:43:01,302] {logging_mixin.py:104} INFO - [2023-02-23 19:43:01,301] {dag.py:1833} INFO - Sync 1 DAGs
[2023-02-23 19:43:01,315] {logging_mixin.py:104} INFO - [2023-02-23 19:43:01,315] {dag.py:2306} INFO - Setting next_dagrun for example_task_group to 2023-02-21 00:00:00+00:00
[2023-02-23 19:43:01,375] {scheduler_job.py:190} INFO - Processing /home/airflow/.local/lib/python3.6/site-packages/airflow/example_dags/example_task_group.py took 0.154 seconds
[2023-02-23 19:43:31,486] {scheduler_job.py:182} INFO - Started process (PID=132) to work on /home/airflow/.local/lib/python3.6/site-packages/airflow/example_dags/example_task_group.py
[2023-02-23 19:43:31,487] {scheduler_job.py:633} INFO - Processing file /home/airflow/.local/lib/python3.6/site-packages/airflow/example_dags/example_task_group.py for tasks to queue
[2023-02-23 19:43:31,487] {logging_mixin.py:104} INFO - [2023-02-23 19:43:31,487] {dagbag.py:496} INFO - Filling up the DagBag from /home/airflow/.local/lib/python3.6/site-packages/airflow/example_dags/example_task_group.py
[2023-02-23 19:43:31,499] {scheduler_job.py:643} INFO - DAG(s) dict_keys(['example_task_group']) retrieved from /home/airflow/.local/lib/python3.6/site-packages/airflow/example_dags/example_task_group.py
[2023-02-23 19:43:31,517] {logging_mixin.py:104} INFO - [2023-02-23 19:43:31,517] {dag.py:1833} INFO - Sync 1 DAGs
[2023-02-23 19:43:31,530] {logging_mixin.py:104} INFO - [2023-02-23 19:43:31,530] {dag.py:2306} INFO - Setting next_dagrun for example_task_group to 2023-02-21 00:00:00+00:00
[2023-02-23 19:43:31,537] {scheduler_job.py:190} INFO - Processing /home/airflow/.local/lib/python3.6/site-packages/airflow/example_dags/example_task_group.py took 0.053 seconds
[2023-02-23 19:44:02,212] {scheduler_job.py:182} INFO - Started process (PID=193) to work on /home/airflow/.local/lib/python3.6/site-packages/airflow/example_dags/example_task_group.py
[2023-02-23 19:44:02,213] {scheduler_job.py:633} INFO - Processing file /home/airflow/.local/lib/python3.6/site-packages/airflow/example_dags/example_task_group.py for tasks to queue
[2023-02-23 19:44:02,213] {logging_mixin.py:104} INFO - [2023-02-23 19:44:02,213] {dagbag.py:496} INFO - Filling up the DagBag from /home/airflow/.local/lib/python3.6/site-packages/airflow/example_dags/example_task_group.py
[2023-02-23 19:44:02,224] {scheduler_job.py:643} INFO - DAG(s) dict_keys(['example_task_group']) retrieved from /home/airflow/.local/lib/python3.6/site-packages/airflow/example_dags/example_task_group.py
[2023-02-23 19:44:02,241] {logging_mixin.py:104} INFO - [2023-02-23 19:44:02,240] {dag.py:1833} INFO - Sync 1 DAGs
[2023-02-23 19:44:02,251] {logging_mixin.py:104} INFO - [2023-02-23 19:44:02,251] {dag.py:2306} INFO - Setting next_dagrun for example_task_group to 2023-02-21 00:00:00+00:00
[2023-02-23 19:44:02,258] {scheduler_job.py:190} INFO - Processing /home/airflow/.local/lib/python3.6/site-packages/airflow/example_dags/example_task_group.py took 0.047 seconds
[2023-02-23 19:44:33,074] {scheduler_job.py:182} INFO - Started process (PID=254) to work on /home/airflow/.local/lib/python3.6/site-packages/airflow/example_dags/example_task_group.py
[2023-02-23 19:44:33,075] {scheduler_job.py:633} INFO - Processing file /home/airflow/.local/lib/python3.6/site-packages/airflow/example_dags/example_task_group.py for tasks to queue
[2023-02-23 19:44:33,075] {logging_mixin.py:104} INFO - [2023-02-23 19:44:33,075] {dagbag.py:496} INFO - Filling up the DagBag from /home/airflow/.local/lib/python3.6/site-packages/airflow/example_dags/example_task_group.py
[2023-02-23 19:44:33,087] {scheduler_job.py:643} INFO - DAG(s) dict_keys(['example_task_group']) retrieved from /home/airflow/.local/lib/python3.6/site-packages/airflow/example_dags/example_task_group.py
[2023-02-23 19:44:33,105] {logging_mixin.py:104} INFO - [2023-02-23 19:44:33,104] {dag.py:1833} INFO - Sync 1 DAGs
[2023-02-23 19:44:33,117] {logging_mixin.py:104} INFO - [2023-02-23 19:44:33,116] {dag.py:2306} INFO - Setting next_dagrun for example_task_group to 2023-02-21 00:00:00+00:00
[2023-02-23 19:44:33,125] {scheduler_job.py:190} INFO - Processing /home/airflow/.local/lib/python3.6/site-packages/airflow/example_dags/example_task_group.py took 0.054 seconds
[2023-02-23 19:45:03,725] {scheduler_job.py:182} INFO - Started process (PID=305) to work on /home/airflow/.local/lib/python3.6/site-packages/airflow/example_dags/example_task_group.py
[2023-02-23 19:45:03,726] {scheduler_job.py:633} INFO - Processing file /home/airflow/.local/lib/python3.6/site-packages/airflow/example_dags/example_task_group.py for tasks to queue
[2023-02-23 19:45:03,726] {logging_mixin.py:104} INFO - [2023-02-23 19:45:03,726] {dagbag.py:496} INFO - Filling up the DagBag from /home/airflow/.local/lib/python3.6/site-packages/airflow/example_dags/example_task_group.py
[2023-02-23 19:45:03,738] {scheduler_job.py:643} INFO - DAG(s) dict_keys(['example_task_group']) retrieved from /home/airflow/.local/lib/python3.6/site-packages/airflow/example_dags/example_task_group.py
[2023-02-23 19:45:03,754] {logging_mixin.py:104} INFO - [2023-02-23 19:45:03,754] {dag.py:1833} INFO - Sync 1 DAGs
[2023-02-23 19:45:03,766] {logging_mixin.py:104} INFO - [2023-02-23 19:45:03,766] {dag.py:2306} INFO - Setting next_dagrun for example_task_group to 2023-02-21 00:00:00+00:00
[2023-02-23 19:45:03,773] {scheduler_job.py:190} INFO - Processing /home/airflow/.local/lib/python3.6/site-packages/airflow/example_dags/example_task_group.py took 0.050 seconds
[2023-02-23 19:45:34,632] {scheduler_job.py:182} INFO - Started process (PID=366) to work on /home/airflow/.local/lib/python3.6/site-packages/airflow/example_dags/example_task_group.py
[2023-02-23 19:45:34,633] {scheduler_job.py:633} INFO - Processing file /home/airflow/.local/lib/python3.6/site-packages/airflow/example_dags/example_task_group.py for tasks to queue
[2023-02-23 19:45:34,633] {logging_mixin.py:104} INFO - [2023-02-23 19:45:34,633] {dagbag.py:496} INFO - Filling up the DagBag from /home/airflow/.local/lib/python3.6/site-packages/airflow/example_dags/example_task_group.py
[2023-02-23 19:45:34,645] {scheduler_job.py:643} INFO - DAG(s) dict_keys(['example_task_group']) retrieved from /home/airflow/.local/lib/python3.6/site-packages/airflow/example_dags/example_task_group.py
[2023-02-23 19:45:34,663] {logging_mixin.py:104} INFO - [2023-02-23 19:45:34,663] {dag.py:1833} INFO - Sync 1 DAGs
[2023-02-23 19:45:34,676] {logging_mixin.py:104} INFO - [2023-02-23 19:45:34,676] {dag.py:2306} INFO - Setting next_dagrun for example_task_group to 2023-02-21 00:00:00+00:00
[2023-02-23 19:45:34,684] {scheduler_job.py:190} INFO - Processing /home/airflow/.local/lib/python3.6/site-packages/airflow/example_dags/example_task_group.py took 0.054 seconds
[2023-02-23 19:46:05,301] {scheduler_job.py:182} INFO - Started process (PID=417) to work on /home/airflow/.local/lib/python3.6/site-packages/airflow/example_dags/example_task_group.py
[2023-02-23 19:46:05,301] {scheduler_job.py:633} INFO - Processing file /home/airflow/.local/lib/python3.6/site-packages/airflow/example_dags/example_task_group.py for tasks to queue
[2023-02-23 19:46:05,302] {logging_mixin.py:104} INFO - [2023-02-23 19:46:05,302] {dagbag.py:496} INFO - Filling up the DagBag from /home/airflow/.local/lib/python3.6/site-packages/airflow/example_dags/example_task_group.py
[2023-02-23 19:46:05,313] {scheduler_job.py:643} INFO - DAG(s) dict_keys(['example_task_group']) retrieved from /home/airflow/.local/lib/python3.6/site-packages/airflow/example_dags/example_task_group.py
[2023-02-23 19:46:05,330] {logging_mixin.py:104} INFO - [2023-02-23 19:46:05,330] {dag.py:1833} INFO - Sync 1 DAGs
[2023-02-23 19:46:05,342] {logging_mixin.py:104} INFO - [2023-02-23 19:46:05,342] {dag.py:2306} INFO - Setting next_dagrun for example_task_group to 2023-02-21 00:00:00+00:00
[2023-02-23 19:46:05,349] {scheduler_job.py:190} INFO - Processing /home/airflow/.local/lib/python3.6/site-packages/airflow/example_dags/example_task_group.py took 0.051 seconds
[2023-02-23 19:46:35,998] {scheduler_job.py:182} INFO - Started process (PID=478) to work on /home/airflow/.local/lib/python3.6/site-packages/airflow/example_dags/example_task_group.py
[2023-02-23 19:46:35,999] {scheduler_job.py:633} INFO - Processing file /home/airflow/.local/lib/python3.6/site-packages/airflow/example_dags/example_task_group.py for tasks to queue
[2023-02-23 19:46:35,999] {logging_mixin.py:104} INFO - [2023-02-23 19:46:35,999] {dagbag.py:496} INFO - Filling up the DagBag from /home/airflow/.local/lib/python3.6/site-packages/airflow/example_dags/example_task_group.py
[2023-02-23 19:46:36,012] {scheduler_job.py:643} INFO - DAG(s) dict_keys(['example_task_group']) retrieved from /home/airflow/.local/lib/python3.6/site-packages/airflow/example_dags/example_task_group.py
[2023-02-23 19:46:36,086] {logging_mixin.py:104} INFO - [2023-02-23 19:46:36,086] {dag.py:1833} INFO - Sync 1 DAGs
[2023-02-23 19:46:36,102] {logging_mixin.py:104} INFO - [2023-02-23 19:46:36,102] {dag.py:2306} INFO - Setting next_dagrun for example_task_group to 2023-02-21 00:00:00+00:00
[2023-02-23 19:46:36,110] {scheduler_job.py:190} INFO - Processing /home/airflow/.local/lib/python3.6/site-packages/airflow/example_dags/example_task_group.py took 0.114 seconds
[2023-02-23 19:47:06,751] {scheduler_job.py:182} INFO - Started process (PID=529) to work on /home/airflow/.local/lib/python3.6/site-packages/airflow/example_dags/example_task_group.py
[2023-02-23 19:47:06,752] {scheduler_job.py:633} INFO - Processing file /home/airflow/.local/lib/python3.6/site-packages/airflow/example_dags/example_task_group.py for tasks to queue
[2023-02-23 19:47:06,752] {logging_mixin.py:104} INFO - [2023-02-23 19:47:06,752] {dagbag.py:496} INFO - Filling up the DagBag from /home/airflow/.local/lib/python3.6/site-packages/airflow/example_dags/example_task_group.py
[2023-02-23 19:47:06,764] {scheduler_job.py:643} INFO - DAG(s) dict_keys(['example_task_group']) retrieved from /home/airflow/.local/lib/python3.6/site-packages/airflow/example_dags/example_task_group.py
[2023-02-23 19:47:06,782] {logging_mixin.py:104} INFO - [2023-02-23 19:47:06,782] {dag.py:1833} INFO - Sync 1 DAGs
[2023-02-23 19:47:06,796] {logging_mixin.py:104} INFO - [2023-02-23 19:47:06,795] {dag.py:2306} INFO - Setting next_dagrun for example_task_group to 2023-02-21 00:00:00+00:00
[2023-02-23 19:47:06,804] {scheduler_job.py:190} INFO - Processing /home/airflow/.local/lib/python3.6/site-packages/airflow/example_dags/example_task_group.py took 0.055 seconds
[2023-02-23 19:47:37,436] {scheduler_job.py:182} INFO - Started process (PID=590) to work on /home/airflow/.local/lib/python3.6/site-packages/airflow/example_dags/example_task_group.py
[2023-02-23 19:47:37,436] {scheduler_job.py:633} INFO - Processing file /home/airflow/.local/lib/python3.6/site-packages/airflow/example_dags/example_task_group.py for tasks to queue
[2023-02-23 19:47:37,437] {logging_mixin.py:104} INFO - [2023-02-23 19:47:37,437] {dagbag.py:496} INFO - Filling up the DagBag from /home/airflow/.local/lib/python3.6/site-packages/airflow/example_dags/example_task_group.py
[2023-02-23 19:47:37,468] {scheduler_job.py:643} INFO - DAG(s) dict_keys(['example_task_group']) retrieved from /home/airflow/.local/lib/python3.6/site-packages/airflow/example_dags/example_task_group.py
[2023-02-23 19:47:37,487] {logging_mixin.py:104} INFO - [2023-02-23 19:47:37,487] {dag.py:1833} INFO - Sync 1 DAGs
[2023-02-23 19:47:37,500] {logging_mixin.py:104} INFO - [2023-02-23 19:47:37,500] {dag.py:2306} INFO - Setting next_dagrun for example_task_group to 2023-02-21 00:00:00+00:00
[2023-02-23 19:47:37,509] {scheduler_job.py:190} INFO - Processing /home/airflow/.local/lib/python3.6/site-packages/airflow/example_dags/example_task_group.py took 0.076 seconds
[2023-02-23 19:48:07,974] {scheduler_job.py:182} INFO - Started process (PID=651) to work on /home/airflow/.local/lib/python3.6/site-packages/airflow/example_dags/example_task_group.py
[2023-02-23 19:48:07,975] {scheduler_job.py:633} INFO - Processing file /home/airflow/.local/lib/python3.6/site-packages/airflow/example_dags/example_task_group.py for tasks to queue
[2023-02-23 19:48:07,975] {logging_mixin.py:104} INFO - [2023-02-23 19:48:07,975] {dagbag.py:496} INFO - Filling up the DagBag from /home/airflow/.local/lib/python3.6/site-packages/airflow/example_dags/example_task_group.py
[2023-02-23 19:48:07,988] {scheduler_job.py:643} INFO - DAG(s) dict_keys(['example_task_group']) retrieved from /home/airflow/.local/lib/python3.6/site-packages/airflow/example_dags/example_task_group.py
[2023-02-23 19:48:08,007] {logging_mixin.py:104} INFO - [2023-02-23 19:48:08,006] {dag.py:1833} INFO - Sync 1 DAGs
[2023-02-23 19:48:08,019] {logging_mixin.py:104} INFO - [2023-02-23 19:48:08,019] {dag.py:2306} INFO - Setting next_dagrun for example_task_group to 2023-02-21 00:00:00+00:00
[2023-02-23 19:48:08,026] {scheduler_job.py:190} INFO - Processing /home/airflow/.local/lib/python3.6/site-packages/airflow/example_dags/example_task_group.py took 0.055 seconds
[2023-02-23 19:48:38,617] {scheduler_job.py:182} INFO - Started process (PID=702) to work on /home/airflow/.local/lib/python3.6/site-packages/airflow/example_dags/example_task_group.py
[2023-02-23 19:48:38,618] {scheduler_job.py:633} INFO - Processing file /home/airflow/.local/lib/python3.6/site-packages/airflow/example_dags/example_task_group.py for tasks to queue
[2023-02-23 19:48:38,618] {logging_mixin.py:104} INFO - [2023-02-23 19:48:38,618] {dagbag.py:496} INFO - Filling up the DagBag from /home/airflow/.local/lib/python3.6/site-packages/airflow/example_dags/example_task_group.py
[2023-02-23 19:48:38,633] {scheduler_job.py:643} INFO - DAG(s) dict_keys(['example_task_group']) retrieved from /home/airflow/.local/lib/python3.6/site-packages/airflow/example_dags/example_task_group.py
[2023-02-23 19:48:38,652] {logging_mixin.py:104} INFO - [2023-02-23 19:48:38,652] {dag.py:1833} INFO - Sync 1 DAGs
[2023-02-23 19:48:38,674] {logging_mixin.py:104} INFO - [2023-02-23 19:48:38,674] {dag.py:2306} INFO - Setting next_dagrun for example_task_group to 2023-02-21 00:00:00+00:00
[2023-02-23 19:48:38,683] {scheduler_job.py:190} INFO - Processing /home/airflow/.local/lib/python3.6/site-packages/airflow/example_dags/example_task_group.py took 0.069 seconds
[2023-02-23 19:49:09,121] {scheduler_job.py:182} INFO - Started process (PID=763) to work on /home/airflow/.local/lib/python3.6/site-packages/airflow/example_dags/example_task_group.py
[2023-02-23 19:49:09,121] {scheduler_job.py:633} INFO - Processing file /home/airflow/.local/lib/python3.6/site-packages/airflow/example_dags/example_task_group.py for tasks to queue
[2023-02-23 19:49:09,122] {logging_mixin.py:104} INFO - [2023-02-23 19:49:09,122] {dagbag.py:496} INFO - Filling up the DagBag from /home/airflow/.local/lib/python3.6/site-packages/airflow/example_dags/example_task_group.py
[2023-02-23 19:49:09,133] {scheduler_job.py:643} INFO - DAG(s) dict_keys(['example_task_group']) retrieved from /home/airflow/.local/lib/python3.6/site-packages/airflow/example_dags/example_task_group.py
[2023-02-23 19:49:09,149] {logging_mixin.py:104} INFO - [2023-02-23 19:49:09,149] {dag.py:1833} INFO - Sync 1 DAGs
[2023-02-23 19:49:09,160] {logging_mixin.py:104} INFO - [2023-02-23 19:49:09,160] {dag.py:2306} INFO - Setting next_dagrun for example_task_group to 2023-02-21 00:00:00+00:00
[2023-02-23 19:49:09,166] {scheduler_job.py:190} INFO - Processing /home/airflow/.local/lib/python3.6/site-packages/airflow/example_dags/example_task_group.py took 0.047 seconds
[2023-02-23 19:49:40,992] {scheduler_job.py:182} INFO - Started process (PID=814) to work on /home/airflow/.local/lib/python3.6/site-packages/airflow/example_dags/example_task_group.py
[2023-02-23 19:49:40,993] {scheduler_job.py:633} INFO - Processing file /home/airflow/.local/lib/python3.6/site-packages/airflow/example_dags/example_task_group.py for tasks to queue
[2023-02-23 19:49:40,993] {logging_mixin.py:104} INFO - [2023-02-23 19:49:40,993] {dagbag.py:496} INFO - Filling up the DagBag from /home/airflow/.local/lib/python3.6/site-packages/airflow/example_dags/example_task_group.py
[2023-02-23 19:49:41,006] {scheduler_job.py:643} INFO - DAG(s) dict_keys(['example_task_group']) retrieved from /home/airflow/.local/lib/python3.6/site-packages/airflow/example_dags/example_task_group.py
[2023-02-23 19:49:41,088] {logging_mixin.py:104} INFO - [2023-02-23 19:49:41,088] {dag.py:1833} INFO - Sync 1 DAGs
[2023-02-23 19:49:41,100] {logging_mixin.py:104} INFO - [2023-02-23 19:49:41,100] {dag.py:2306} INFO - Setting next_dagrun for example_task_group to 2023-02-21 00:00:00+00:00
[2023-02-23 19:49:41,107] {scheduler_job.py:190} INFO - Processing /home/airflow/.local/lib/python3.6/site-packages/airflow/example_dags/example_task_group.py took 0.117 seconds
[2023-02-23 19:50:11,597] {scheduler_job.py:182} INFO - Started process (PID=875) to work on /home/airflow/.local/lib/python3.6/site-packages/airflow/example_dags/example_task_group.py
[2023-02-23 19:50:11,599] {scheduler_job.py:633} INFO - Processing file /home/airflow/.local/lib/python3.6/site-packages/airflow/example_dags/example_task_group.py for tasks to queue
[2023-02-23 19:50:11,599] {logging_mixin.py:104} INFO - [2023-02-23 19:50:11,599] {dagbag.py:496} INFO - Filling up the DagBag from /home/airflow/.local/lib/python3.6/site-packages/airflow/example_dags/example_task_group.py
[2023-02-23 19:50:11,611] {scheduler_job.py:643} INFO - DAG(s) dict_keys(['example_task_group']) retrieved from /home/airflow/.local/lib/python3.6/site-packages/airflow/example_dags/example_task_group.py
[2023-02-23 19:50:11,629] {logging_mixin.py:104} INFO - [2023-02-23 19:50:11,629] {dag.py:1833} INFO - Sync 1 DAGs
[2023-02-23 19:50:11,641] {logging_mixin.py:104} INFO - [2023-02-23 19:50:11,641] {dag.py:2306} INFO - Setting next_dagrun for example_task_group to 2023-02-21 00:00:00+00:00
[2023-02-23 19:50:11,650] {scheduler_job.py:190} INFO - Processing /home/airflow/.local/lib/python3.6/site-packages/airflow/example_dags/example_task_group.py took 0.055 seconds
[2023-02-23 19:50:42,896] {scheduler_job.py:182} INFO - Started process (PID=926) to work on /home/airflow/.local/lib/python3.6/site-packages/airflow/example_dags/example_task_group.py
[2023-02-23 19:50:42,897] {scheduler_job.py:633} INFO - Processing file /home/airflow/.local/lib/python3.6/site-packages/airflow/example_dags/example_task_group.py for tasks to queue
[2023-02-23 19:50:42,898] {logging_mixin.py:104} INFO - [2023-02-23 19:50:42,898] {dagbag.py:496} INFO - Filling up the DagBag from /home/airflow/.local/lib/python3.6/site-packages/airflow/example_dags/example_task_group.py
[2023-02-23 19:50:42,969] {scheduler_job.py:643} INFO - DAG(s) dict_keys(['example_task_group']) retrieved from /home/airflow/.local/lib/python3.6/site-packages/airflow/example_dags/example_task_group.py
[2023-02-23 19:50:43,070] {logging_mixin.py:104} INFO - [2023-02-23 19:50:43,070] {dag.py:1833} INFO - Sync 1 DAGs
[2023-02-23 19:50:43,088] {logging_mixin.py:104} INFO - [2023-02-23 19:50:43,088] {dag.py:2306} INFO - Setting next_dagrun for example_task_group to 2023-02-21 00:00:00+00:00
[2023-02-23 19:50:43,099] {scheduler_job.py:190} INFO - Processing /home/airflow/.local/lib/python3.6/site-packages/airflow/example_dags/example_task_group.py took 0.206 seconds
[2023-02-23 19:51:13,449] {scheduler_job.py:182} INFO - Started process (PID=987) to work on /home/airflow/.local/lib/python3.6/site-packages/airflow/example_dags/example_task_group.py
[2023-02-23 19:51:13,449] {scheduler_job.py:633} INFO - Processing file /home/airflow/.local/lib/python3.6/site-packages/airflow/example_dags/example_task_group.py for tasks to queue
[2023-02-23 19:51:13,450] {logging_mixin.py:104} INFO - [2023-02-23 19:51:13,450] {dagbag.py:496} INFO - Filling up the DagBag from /home/airflow/.local/lib/python3.6/site-packages/airflow/example_dags/example_task_group.py
[2023-02-23 19:51:13,462] {scheduler_job.py:643} INFO - DAG(s) dict_keys(['example_task_group']) retrieved from /home/airflow/.local/lib/python3.6/site-packages/airflow/example_dags/example_task_group.py
[2023-02-23 19:51:13,479] {logging_mixin.py:104} INFO - [2023-02-23 19:51:13,479] {dag.py:1833} INFO - Sync 1 DAGs
[2023-02-23 19:51:13,491] {logging_mixin.py:104} INFO - [2023-02-23 19:51:13,491] {dag.py:2306} INFO - Setting next_dagrun for example_task_group to 2023-02-21 00:00:00+00:00
[2023-02-23 19:51:13,500] {scheduler_job.py:190} INFO - Processing /home/airflow/.local/lib/python3.6/site-packages/airflow/example_dags/example_task_group.py took 0.054 seconds
[2023-02-23 19:51:43,864] {scheduler_job.py:182} INFO - Started process (PID=1038) to work on /home/airflow/.local/lib/python3.6/site-packages/airflow/example_dags/example_task_group.py
[2023-02-23 19:51:43,865] {scheduler_job.py:633} INFO - Processing file /home/airflow/.local/lib/python3.6/site-packages/airflow/example_dags/example_task_group.py for tasks to queue
[2023-02-23 19:51:43,865] {logging_mixin.py:104} INFO - [2023-02-23 19:51:43,865] {dagbag.py:496} INFO - Filling up the DagBag from /home/airflow/.local/lib/python3.6/site-packages/airflow/example_dags/example_task_group.py
[2023-02-23 19:51:43,876] {scheduler_job.py:643} INFO - DAG(s) dict_keys(['example_task_group']) retrieved from /home/airflow/.local/lib/python3.6/site-packages/airflow/example_dags/example_task_group.py
[2023-02-23 19:51:43,892] {logging_mixin.py:104} INFO - [2023-02-23 19:51:43,892] {dag.py:1833} INFO - Sync 1 DAGs
[2023-02-23 19:51:43,904] {logging_mixin.py:104} INFO - [2023-02-23 19:51:43,904] {dag.py:2306} INFO - Setting next_dagrun for example_task_group to 2023-02-21 00:00:00+00:00
[2023-02-23 19:51:43,911] {scheduler_job.py:190} INFO - Processing /home/airflow/.local/lib/python3.6/site-packages/airflow/example_dags/example_task_group.py took 0.049 seconds
[2023-02-23 19:52:14,513] {scheduler_job.py:182} INFO - Started process (PID=1099) to work on /home/airflow/.local/lib/python3.6/site-packages/airflow/example_dags/example_task_group.py
[2023-02-23 19:52:14,513] {scheduler_job.py:633} INFO - Processing file /home/airflow/.local/lib/python3.6/site-packages/airflow/example_dags/example_task_group.py for tasks to queue
[2023-02-23 19:52:14,514] {logging_mixin.py:104} INFO - [2023-02-23 19:52:14,514] {dagbag.py:496} INFO - Filling up the DagBag from /home/airflow/.local/lib/python3.6/site-packages/airflow/example_dags/example_task_group.py
[2023-02-23 19:52:14,525] {scheduler_job.py:643} INFO - DAG(s) dict_keys(['example_task_group']) retrieved from /home/airflow/.local/lib/python3.6/site-packages/airflow/example_dags/example_task_group.py
[2023-02-23 19:52:14,540] {logging_mixin.py:104} INFO - [2023-02-23 19:52:14,540] {dag.py:1833} INFO - Sync 1 DAGs
[2023-02-23 19:52:14,553] {logging_mixin.py:104} INFO - [2023-02-23 19:52:14,553] {dag.py:2306} INFO - Setting next_dagrun for example_task_group to 2023-02-21 00:00:00+00:00
[2023-02-23 19:52:14,559] {scheduler_job.py:190} INFO - Processing /home/airflow/.local/lib/python3.6/site-packages/airflow/example_dags/example_task_group.py took 0.049 seconds
[2023-02-23 19:52:45,164] {scheduler_job.py:182} INFO - Started process (PID=1159) to work on /home/airflow/.local/lib/python3.6/site-packages/airflow/example_dags/example_task_group.py
[2023-02-23 19:52:45,165] {scheduler_job.py:633} INFO - Processing file /home/airflow/.local/lib/python3.6/site-packages/airflow/example_dags/example_task_group.py for tasks to queue
[2023-02-23 19:52:45,165] {logging_mixin.py:104} INFO - [2023-02-23 19:52:45,165] {dagbag.py:496} INFO - Filling up the DagBag from /home/airflow/.local/lib/python3.6/site-packages/airflow/example_dags/example_task_group.py
[2023-02-23 19:52:45,177] {scheduler_job.py:643} INFO - DAG(s) dict_keys(['example_task_group']) retrieved from /home/airflow/.local/lib/python3.6/site-packages/airflow/example_dags/example_task_group.py
[2023-02-23 19:52:45,195] {logging_mixin.py:104} INFO - [2023-02-23 19:52:45,195] {dag.py:1833} INFO - Sync 1 DAGs
[2023-02-23 19:52:45,209] {logging_mixin.py:104} INFO - [2023-02-23 19:52:45,209] {dag.py:2306} INFO - Setting next_dagrun for example_task_group to 2023-02-21 00:00:00+00:00
[2023-02-23 19:52:45,218] {scheduler_job.py:190} INFO - Processing /home/airflow/.local/lib/python3.6/site-packages/airflow/example_dags/example_task_group.py took 0.056 seconds
[2023-02-23 19:53:15,940] {scheduler_job.py:182} INFO - Started process (PID=1210) to work on /home/airflow/.local/lib/python3.6/site-packages/airflow/example_dags/example_task_group.py
[2023-02-23 19:53:15,941] {scheduler_job.py:633} INFO - Processing file /home/airflow/.local/lib/python3.6/site-packages/airflow/example_dags/example_task_group.py for tasks to queue
[2023-02-23 19:53:15,941] {logging_mixin.py:104} INFO - [2023-02-23 19:53:15,941] {dagbag.py:496} INFO - Filling up the DagBag from /home/airflow/.local/lib/python3.6/site-packages/airflow/example_dags/example_task_group.py
[2023-02-23 19:53:15,954] {scheduler_job.py:643} INFO - DAG(s) dict_keys(['example_task_group']) retrieved from /home/airflow/.local/lib/python3.6/site-packages/airflow/example_dags/example_task_group.py
[2023-02-23 19:53:15,974] {logging_mixin.py:104} INFO - [2023-02-23 19:53:15,974] {dag.py:1833} INFO - Sync 1 DAGs
[2023-02-23 19:53:15,991] {logging_mixin.py:104} INFO - [2023-02-23 19:53:15,991] {dag.py:2306} INFO - Setting next_dagrun for example_task_group to 2023-02-21 00:00:00+00:00
[2023-02-23 19:53:16,000] {scheduler_job.py:190} INFO - Processing /home/airflow/.local/lib/python3.6/site-packages/airflow/example_dags/example_task_group.py took 0.063 seconds
[2023-02-23 19:53:46,622] {scheduler_job.py:182} INFO - Started process (PID=1270) to work on /home/airflow/.local/lib/python3.6/site-packages/airflow/example_dags/example_task_group.py
[2023-02-23 19:53:46,623] {scheduler_job.py:633} INFO - Processing file /home/airflow/.local/lib/python3.6/site-packages/airflow/example_dags/example_task_group.py for tasks to queue
[2023-02-23 19:53:46,623] {logging_mixin.py:104} INFO - [2023-02-23 19:53:46,623] {dagbag.py:496} INFO - Filling up the DagBag from /home/airflow/.local/lib/python3.6/site-packages/airflow/example_dags/example_task_group.py
[2023-02-23 19:53:46,634] {scheduler_job.py:643} INFO - DAG(s) dict_keys(['example_task_group']) retrieved from /home/airflow/.local/lib/python3.6/site-packages/airflow/example_dags/example_task_group.py
[2023-02-23 19:53:46,652] {logging_mixin.py:104} INFO - [2023-02-23 19:53:46,652] {dag.py:1833} INFO - Sync 1 DAGs
[2023-02-23 19:53:46,667] {logging_mixin.py:104} INFO - [2023-02-23 19:53:46,667] {dag.py:2306} INFO - Setting next_dagrun for example_task_group to 2023-02-21 00:00:00+00:00
[2023-02-23 19:53:46,674] {scheduler_job.py:190} INFO - Processing /home/airflow/.local/lib/python3.6/site-packages/airflow/example_dags/example_task_group.py took 0.054 seconds
[2023-02-23 19:54:17,171] {scheduler_job.py:182} INFO - Started process (PID=1322) to work on /home/airflow/.local/lib/python3.6/site-packages/airflow/example_dags/example_task_group.py
[2023-02-23 19:54:17,172] {scheduler_job.py:633} INFO - Processing file /home/airflow/.local/lib/python3.6/site-packages/airflow/example_dags/example_task_group.py for tasks to queue
[2023-02-23 19:54:17,172] {logging_mixin.py:104} INFO - [2023-02-23 19:54:17,172] {dagbag.py:496} INFO - Filling up the DagBag from /home/airflow/.local/lib/python3.6/site-packages/airflow/example_dags/example_task_group.py
[2023-02-23 19:54:17,186] {scheduler_job.py:643} INFO - DAG(s) dict_keys(['example_task_group']) retrieved from /home/airflow/.local/lib/python3.6/site-packages/airflow/example_dags/example_task_group.py
[2023-02-23 19:54:17,206] {logging_mixin.py:104} INFO - [2023-02-23 19:54:17,206] {dag.py:1833} INFO - Sync 1 DAGs
[2023-02-23 19:54:17,219] {logging_mixin.py:104} INFO - [2023-02-23 19:54:17,219] {dag.py:2306} INFO - Setting next_dagrun for example_task_group to 2023-02-21 00:00:00+00:00
[2023-02-23 19:54:17,227] {scheduler_job.py:190} INFO - Processing /home/airflow/.local/lib/python3.6/site-packages/airflow/example_dags/example_task_group.py took 0.058 seconds
[2023-02-23 19:54:47,824] {scheduler_job.py:182} INFO - Started process (PID=1383) to work on /home/airflow/.local/lib/python3.6/site-packages/airflow/example_dags/example_task_group.py
[2023-02-23 19:54:47,824] {scheduler_job.py:633} INFO - Processing file /home/airflow/.local/lib/python3.6/site-packages/airflow/example_dags/example_task_group.py for tasks to queue
[2023-02-23 19:54:47,825] {logging_mixin.py:104} INFO - [2023-02-23 19:54:47,825] {dagbag.py:496} INFO - Filling up the DagBag from /home/airflow/.local/lib/python3.6/site-packages/airflow/example_dags/example_task_group.py
[2023-02-23 19:54:47,835] {scheduler_job.py:643} INFO - DAG(s) dict_keys(['example_task_group']) retrieved from /home/airflow/.local/lib/python3.6/site-packages/airflow/example_dags/example_task_group.py
[2023-02-23 19:54:47,852] {logging_mixin.py:104} INFO - [2023-02-23 19:54:47,852] {dag.py:1833} INFO - Sync 1 DAGs
[2023-02-23 19:54:47,863] {logging_mixin.py:104} INFO - [2023-02-23 19:54:47,863] {dag.py:2306} INFO - Setting next_dagrun for example_task_group to 2023-02-21 00:00:00+00:00
[2023-02-23 19:54:47,870] {scheduler_job.py:190} INFO - Processing /home/airflow/.local/lib/python3.6/site-packages/airflow/example_dags/example_task_group.py took 0.048 seconds
[2023-02-23 19:55:18,227] {scheduler_job.py:182} INFO - Started process (PID=1434) to work on /home/airflow/.local/lib/python3.6/site-packages/airflow/example_dags/example_task_group.py
[2023-02-23 19:55:18,228] {scheduler_job.py:633} INFO - Processing file /home/airflow/.local/lib/python3.6/site-packages/airflow/example_dags/example_task_group.py for tasks to queue
[2023-02-23 19:55:18,229] {logging_mixin.py:104} INFO - [2023-02-23 19:55:18,228] {dagbag.py:496} INFO - Filling up the DagBag from /home/airflow/.local/lib/python3.6/site-packages/airflow/example_dags/example_task_group.py
[2023-02-23 19:55:18,280] {scheduler_job.py:643} INFO - DAG(s) dict_keys(['example_task_group']) retrieved from /home/airflow/.local/lib/python3.6/site-packages/airflow/example_dags/example_task_group.py
[2023-02-23 19:55:18,301] {logging_mixin.py:104} INFO - [2023-02-23 19:55:18,301] {dag.py:1833} INFO - Sync 1 DAGs
[2023-02-23 19:55:18,376] {logging_mixin.py:104} INFO - [2023-02-23 19:55:18,376] {dag.py:2306} INFO - Setting next_dagrun for example_task_group to 2023-02-21 00:00:00+00:00
[2023-02-23 19:55:18,474] {scheduler_job.py:190} INFO - Processing /home/airflow/.local/lib/python3.6/site-packages/airflow/example_dags/example_task_group.py took 0.249 seconds
[2023-02-23 19:55:49,196] {scheduler_job.py:182} INFO - Started process (PID=1495) to work on /home/airflow/.local/lib/python3.6/site-packages/airflow/example_dags/example_task_group.py
[2023-02-23 19:55:49,197] {scheduler_job.py:633} INFO - Processing file /home/airflow/.local/lib/python3.6/site-packages/airflow/example_dags/example_task_group.py for tasks to queue
[2023-02-23 19:55:49,197] {logging_mixin.py:104} INFO - [2023-02-23 19:55:49,197] {dagbag.py:496} INFO - Filling up the DagBag from /home/airflow/.local/lib/python3.6/site-packages/airflow/example_dags/example_task_group.py
[2023-02-23 19:55:49,209] {scheduler_job.py:643} INFO - DAG(s) dict_keys(['example_task_group']) retrieved from /home/airflow/.local/lib/python3.6/site-packages/airflow/example_dags/example_task_group.py
[2023-02-23 19:55:49,229] {logging_mixin.py:104} INFO - [2023-02-23 19:55:49,228] {dag.py:1833} INFO - Sync 1 DAGs
[2023-02-23 19:55:49,244] {logging_mixin.py:104} INFO - [2023-02-23 19:55:49,244] {dag.py:2306} INFO - Setting next_dagrun for example_task_group to 2023-02-21 00:00:00+00:00
[2023-02-23 19:55:49,251] {scheduler_job.py:190} INFO - Processing /home/airflow/.local/lib/python3.6/site-packages/airflow/example_dags/example_task_group.py took 0.057 seconds
[2023-02-23 19:56:20,036] {scheduler_job.py:182} INFO - Started process (PID=1547) to work on /home/airflow/.local/lib/python3.6/site-packages/airflow/example_dags/example_task_group.py
[2023-02-23 19:56:20,037] {scheduler_job.py:633} INFO - Processing file /home/airflow/.local/lib/python3.6/site-packages/airflow/example_dags/example_task_group.py for tasks to queue
[2023-02-23 19:56:20,037] {logging_mixin.py:104} INFO - [2023-02-23 19:56:20,037] {dagbag.py:496} INFO - Filling up the DagBag from /home/airflow/.local/lib/python3.6/site-packages/airflow/example_dags/example_task_group.py
[2023-02-23 19:56:20,048] {scheduler_job.py:643} INFO - DAG(s) dict_keys(['example_task_group']) retrieved from /home/airflow/.local/lib/python3.6/site-packages/airflow/example_dags/example_task_group.py
[2023-02-23 19:56:20,065] {logging_mixin.py:104} INFO - [2023-02-23 19:56:20,065] {dag.py:1833} INFO - Sync 1 DAGs
[2023-02-23 19:56:20,081] {logging_mixin.py:104} INFO - [2023-02-23 19:56:20,081] {dag.py:2306} INFO - Setting next_dagrun for example_task_group to 2023-02-21 00:00:00+00:00
[2023-02-23 19:56:20,091] {scheduler_job.py:190} INFO - Processing /home/airflow/.local/lib/python3.6/site-packages/airflow/example_dags/example_task_group.py took 0.057 seconds
[2023-02-23 19:56:51,017] {scheduler_job.py:182} INFO - Started process (PID=1608) to work on /home/airflow/.local/lib/python3.6/site-packages/airflow/example_dags/example_task_group.py
[2023-02-23 19:56:51,018] {scheduler_job.py:633} INFO - Processing file /home/airflow/.local/lib/python3.6/site-packages/airflow/example_dags/example_task_group.py for tasks to queue
[2023-02-23 19:56:51,018] {logging_mixin.py:104} INFO - [2023-02-23 19:56:51,018] {dagbag.py:496} INFO - Filling up the DagBag from /home/airflow/.local/lib/python3.6/site-packages/airflow/example_dags/example_task_group.py
[2023-02-23 19:56:51,030] {scheduler_job.py:643} INFO - DAG(s) dict_keys(['example_task_group']) retrieved from /home/airflow/.local/lib/python3.6/site-packages/airflow/example_dags/example_task_group.py
[2023-02-23 19:56:51,045] {logging_mixin.py:104} INFO - [2023-02-23 19:56:51,045] {dag.py:1833} INFO - Sync 1 DAGs
[2023-02-23 19:56:51,057] {logging_mixin.py:104} INFO - [2023-02-23 19:56:51,057] {dag.py:2306} INFO - Setting next_dagrun for example_task_group to 2023-02-21 00:00:00+00:00
[2023-02-23 19:56:51,064] {scheduler_job.py:190} INFO - Processing /home/airflow/.local/lib/python3.6/site-packages/airflow/example_dags/example_task_group.py took 0.049 seconds
[2023-02-23 19:57:21,633] {scheduler_job.py:182} INFO - Started process (PID=1669) to work on /home/airflow/.local/lib/python3.6/site-packages/airflow/example_dags/example_task_group.py
[2023-02-23 19:57:21,634] {scheduler_job.py:633} INFO - Processing file /home/airflow/.local/lib/python3.6/site-packages/airflow/example_dags/example_task_group.py for tasks to queue
[2023-02-23 19:57:21,635] {logging_mixin.py:104} INFO - [2023-02-23 19:57:21,634] {dagbag.py:496} INFO - Filling up the DagBag from /home/airflow/.local/lib/python3.6/site-packages/airflow/example_dags/example_task_group.py
[2023-02-23 19:57:21,647] {scheduler_job.py:643} INFO - DAG(s) dict_keys(['example_task_group']) retrieved from /home/airflow/.local/lib/python3.6/site-packages/airflow/example_dags/example_task_group.py
[2023-02-23 19:57:21,665] {logging_mixin.py:104} INFO - [2023-02-23 19:57:21,664] {dag.py:1833} INFO - Sync 1 DAGs
[2023-02-23 19:57:21,677] {logging_mixin.py:104} INFO - [2023-02-23 19:57:21,677] {dag.py:2306} INFO - Setting next_dagrun for example_task_group to 2023-02-21 00:00:00+00:00
[2023-02-23 19:57:21,684] {scheduler_job.py:190} INFO - Processing /home/airflow/.local/lib/python3.6/site-packages/airflow/example_dags/example_task_group.py took 0.053 seconds
[2023-02-23 19:57:52,309] {scheduler_job.py:182} INFO - Started process (PID=1720) to work on /home/airflow/.local/lib/python3.6/site-packages/airflow/example_dags/example_task_group.py
[2023-02-23 19:57:52,310] {scheduler_job.py:633} INFO - Processing file /home/airflow/.local/lib/python3.6/site-packages/airflow/example_dags/example_task_group.py for tasks to queue
[2023-02-23 19:57:52,310] {logging_mixin.py:104} INFO - [2023-02-23 19:57:52,310] {dagbag.py:496} INFO - Filling up the DagBag from /home/airflow/.local/lib/python3.6/site-packages/airflow/example_dags/example_task_group.py
[2023-02-23 19:57:52,323] {scheduler_job.py:643} INFO - DAG(s) dict_keys(['example_task_group']) retrieved from /home/airflow/.local/lib/python3.6/site-packages/airflow/example_dags/example_task_group.py
[2023-02-23 19:57:52,343] {logging_mixin.py:104} INFO - [2023-02-23 19:57:52,343] {dag.py:1833} INFO - Sync 1 DAGs
[2023-02-23 19:57:52,355] {logging_mixin.py:104} INFO - [2023-02-23 19:57:52,355] {dag.py:2306} INFO - Setting next_dagrun for example_task_group to 2023-02-21 00:00:00+00:00
[2023-02-23 19:57:52,362] {scheduler_job.py:190} INFO - Processing /home/airflow/.local/lib/python3.6/site-packages/airflow/example_dags/example_task_group.py took 0.055 seconds
[2023-02-23 19:58:22,921] {scheduler_job.py:182} INFO - Started process (PID=1781) to work on /home/airflow/.local/lib/python3.6/site-packages/airflow/example_dags/example_task_group.py
[2023-02-23 19:58:22,921] {scheduler_job.py:633} INFO - Processing file /home/airflow/.local/lib/python3.6/site-packages/airflow/example_dags/example_task_group.py for tasks to queue
[2023-02-23 19:58:22,922] {logging_mixin.py:104} INFO - [2023-02-23 19:58:22,922] {dagbag.py:496} INFO - Filling up the DagBag from /home/airflow/.local/lib/python3.6/site-packages/airflow/example_dags/example_task_group.py
[2023-02-23 19:58:22,934] {scheduler_job.py:643} INFO - DAG(s) dict_keys(['example_task_group']) retrieved from /home/airflow/.local/lib/python3.6/site-packages/airflow/example_dags/example_task_group.py
[2023-02-23 19:58:22,954] {logging_mixin.py:104} INFO - [2023-02-23 19:58:22,954] {dag.py:1833} INFO - Sync 1 DAGs
[2023-02-23 19:58:22,968] {logging_mixin.py:104} INFO - [2023-02-23 19:58:22,968] {dag.py:2306} INFO - Setting next_dagrun for example_task_group to 2023-02-21 00:00:00+00:00
[2023-02-23 19:58:22,977] {scheduler_job.py:190} INFO - Processing /home/airflow/.local/lib/python3.6/site-packages/airflow/example_dags/example_task_group.py took 0.059 seconds
[2023-02-23 19:58:53,554] {scheduler_job.py:182} INFO - Started process (PID=1832) to work on /home/airflow/.local/lib/python3.6/site-packages/airflow/example_dags/example_task_group.py
[2023-02-23 19:58:53,554] {scheduler_job.py:633} INFO - Processing file /home/airflow/.local/lib/python3.6/site-packages/airflow/example_dags/example_task_group.py for tasks to queue
[2023-02-23 19:58:53,555] {logging_mixin.py:104} INFO - [2023-02-23 19:58:53,555] {dagbag.py:496} INFO - Filling up the DagBag from /home/airflow/.local/lib/python3.6/site-packages/airflow/example_dags/example_task_group.py
[2023-02-23 19:58:53,568] {scheduler_job.py:643} INFO - DAG(s) dict_keys(['example_task_group']) retrieved from /home/airflow/.local/lib/python3.6/site-packages/airflow/example_dags/example_task_group.py
[2023-02-23 19:58:53,584] {logging_mixin.py:104} INFO - [2023-02-23 19:58:53,584] {dag.py:1833} INFO - Sync 1 DAGs
[2023-02-23 19:58:53,597] {logging_mixin.py:104} INFO - [2023-02-23 19:58:53,597] {dag.py:2306} INFO - Setting next_dagrun for example_task_group to 2023-02-21 00:00:00+00:00
[2023-02-23 19:58:53,605] {scheduler_job.py:190} INFO - Processing /home/airflow/.local/lib/python3.6/site-packages/airflow/example_dags/example_task_group.py took 0.053 seconds
[2023-02-23 19:59:24,212] {scheduler_job.py:182} INFO - Started process (PID=1893) to work on /home/airflow/.local/lib/python3.6/site-packages/airflow/example_dags/example_task_group.py
[2023-02-23 19:59:24,212] {scheduler_job.py:633} INFO - Processing file /home/airflow/.local/lib/python3.6/site-packages/airflow/example_dags/example_task_group.py for tasks to queue
[2023-02-23 19:59:24,213] {logging_mixin.py:104} INFO - [2023-02-23 19:59:24,213] {dagbag.py:496} INFO - Filling up the DagBag from /home/airflow/.local/lib/python3.6/site-packages/airflow/example_dags/example_task_group.py
[2023-02-23 19:59:24,225] {scheduler_job.py:643} INFO - DAG(s) dict_keys(['example_task_group']) retrieved from /home/airflow/.local/lib/python3.6/site-packages/airflow/example_dags/example_task_group.py
[2023-02-23 19:59:24,245] {logging_mixin.py:104} INFO - [2023-02-23 19:59:24,245] {dag.py:1833} INFO - Sync 1 DAGs
[2023-02-23 19:59:24,258] {logging_mixin.py:104} INFO - [2023-02-23 19:59:24,258] {dag.py:2306} INFO - Setting next_dagrun for example_task_group to 2023-02-21 00:00:00+00:00
[2023-02-23 19:59:24,266] {scheduler_job.py:190} INFO - Processing /home/airflow/.local/lib/python3.6/site-packages/airflow/example_dags/example_task_group.py took 0.056 seconds
[2023-02-23 19:59:54,874] {scheduler_job.py:182} INFO - Started process (PID=1944) to work on /home/airflow/.local/lib/python3.6/site-packages/airflow/example_dags/example_task_group.py
[2023-02-23 19:59:54,874] {scheduler_job.py:633} INFO - Processing file /home/airflow/.local/lib/python3.6/site-packages/airflow/example_dags/example_task_group.py for tasks to queue
[2023-02-23 19:59:54,875] {logging_mixin.py:104} INFO - [2023-02-23 19:59:54,875] {dagbag.py:496} INFO - Filling up the DagBag from /home/airflow/.local/lib/python3.6/site-packages/airflow/example_dags/example_task_group.py
[2023-02-23 19:59:54,887] {scheduler_job.py:643} INFO - DAG(s) dict_keys(['example_task_group']) retrieved from /home/airflow/.local/lib/python3.6/site-packages/airflow/example_dags/example_task_group.py
[2023-02-23 19:59:54,907] {logging_mixin.py:104} INFO - [2023-02-23 19:59:54,907] {dag.py:1833} INFO - Sync 1 DAGs
[2023-02-23 19:59:54,920] {logging_mixin.py:104} INFO - [2023-02-23 19:59:54,920] {dag.py:2306} INFO - Setting next_dagrun for example_task_group to 2023-02-21 00:00:00+00:00
[2023-02-23 19:59:54,928] {scheduler_job.py:190} INFO - Processing /home/airflow/.local/lib/python3.6/site-packages/airflow/example_dags/example_task_group.py took 0.057 seconds
[2023-02-23 20:00:25,795] {scheduler_job.py:182} INFO - Started process (PID=2005) to work on /home/airflow/.local/lib/python3.6/site-packages/airflow/example_dags/example_task_group.py
[2023-02-23 20:00:25,797] {scheduler_job.py:633} INFO - Processing file /home/airflow/.local/lib/python3.6/site-packages/airflow/example_dags/example_task_group.py for tasks to queue
[2023-02-23 20:00:25,798] {logging_mixin.py:104} INFO - [2023-02-23 20:00:25,797] {dagbag.py:496} INFO - Filling up the DagBag from /home/airflow/.local/lib/python3.6/site-packages/airflow/example_dags/example_task_group.py
[2023-02-23 20:00:25,809] {scheduler_job.py:643} INFO - DAG(s) dict_keys(['example_task_group']) retrieved from /home/airflow/.local/lib/python3.6/site-packages/airflow/example_dags/example_task_group.py
[2023-02-23 20:00:25,825] {logging_mixin.py:104} INFO - [2023-02-23 20:00:25,825] {dag.py:1833} INFO - Sync 1 DAGs
[2023-02-23 20:00:25,837] {logging_mixin.py:104} INFO - [2023-02-23 20:00:25,837] {dag.py:2306} INFO - Setting next_dagrun for example_task_group to 2023-02-21 00:00:00+00:00
[2023-02-23 20:00:25,844] {scheduler_job.py:190} INFO - Processing /home/airflow/.local/lib/python3.6/site-packages/airflow/example_dags/example_task_group.py took 0.051 seconds
[2023-02-23 20:00:56,344] {scheduler_job.py:182} INFO - Started process (PID=2056) to work on /home/airflow/.local/lib/python3.6/site-packages/airflow/example_dags/example_task_group.py
[2023-02-23 20:00:56,345] {scheduler_job.py:633} INFO - Processing file /home/airflow/.local/lib/python3.6/site-packages/airflow/example_dags/example_task_group.py for tasks to queue
[2023-02-23 20:00:56,345] {logging_mixin.py:104} INFO - [2023-02-23 20:00:56,345] {dagbag.py:496} INFO - Filling up the DagBag from /home/airflow/.local/lib/python3.6/site-packages/airflow/example_dags/example_task_group.py
[2023-02-23 20:00:56,356] {scheduler_job.py:643} INFO - DAG(s) dict_keys(['example_task_group']) retrieved from /home/airflow/.local/lib/python3.6/site-packages/airflow/example_dags/example_task_group.py
[2023-02-23 20:00:56,373] {logging_mixin.py:104} INFO - [2023-02-23 20:00:56,373] {dag.py:1833} INFO - Sync 1 DAGs
[2023-02-23 20:00:56,386] {logging_mixin.py:104} INFO - [2023-02-23 20:00:56,386] {dag.py:2306} INFO - Setting next_dagrun for example_task_group to 2023-02-21 00:00:00+00:00
[2023-02-23 20:00:56,393] {scheduler_job.py:190} INFO - Processing /home/airflow/.local/lib/python3.6/site-packages/airflow/example_dags/example_task_group.py took 0.052 seconds
[2023-02-23 20:01:27,006] {scheduler_job.py:182} INFO - Started process (PID=2117) to work on /home/airflow/.local/lib/python3.6/site-packages/airflow/example_dags/example_task_group.py
[2023-02-23 20:01:27,008] {scheduler_job.py:633} INFO - Processing file /home/airflow/.local/lib/python3.6/site-packages/airflow/example_dags/example_task_group.py for tasks to queue
[2023-02-23 20:01:27,008] {logging_mixin.py:104} INFO - [2023-02-23 20:01:27,008] {dagbag.py:496} INFO - Filling up the DagBag from /home/airflow/.local/lib/python3.6/site-packages/airflow/example_dags/example_task_group.py
[2023-02-23 20:01:27,073] {scheduler_job.py:643} INFO - DAG(s) dict_keys(['example_task_group']) retrieved from /home/airflow/.local/lib/python3.6/site-packages/airflow/example_dags/example_task_group.py
[2023-02-23 20:01:27,171] {logging_mixin.py:104} INFO - [2023-02-23 20:01:27,170] {dag.py:1833} INFO - Sync 1 DAGs
[2023-02-23 20:01:27,183] {logging_mixin.py:104} INFO - [2023-02-23 20:01:27,183] {dag.py:2306} INFO - Setting next_dagrun for example_task_group to 2023-02-21 00:00:00+00:00
[2023-02-23 20:01:27,190] {scheduler_job.py:190} INFO - Processing /home/airflow/.local/lib/python3.6/site-packages/airflow/example_dags/example_task_group.py took 0.186 seconds
[2023-02-23 20:01:57,775] {scheduler_job.py:182} INFO - Started process (PID=2178) to work on /home/airflow/.local/lib/python3.6/site-packages/airflow/example_dags/example_task_group.py
[2023-02-23 20:01:57,776] {scheduler_job.py:633} INFO - Processing file /home/airflow/.local/lib/python3.6/site-packages/airflow/example_dags/example_task_group.py for tasks to queue
[2023-02-23 20:01:57,776] {logging_mixin.py:104} INFO - [2023-02-23 20:01:57,776] {dagbag.py:496} INFO - Filling up the DagBag from /home/airflow/.local/lib/python3.6/site-packages/airflow/example_dags/example_task_group.py
[2023-02-23 20:01:57,789] {scheduler_job.py:643} INFO - DAG(s) dict_keys(['example_task_group']) retrieved from /home/airflow/.local/lib/python3.6/site-packages/airflow/example_dags/example_task_group.py
[2023-02-23 20:01:57,810] {logging_mixin.py:104} INFO - [2023-02-23 20:01:57,810] {dag.py:1833} INFO - Sync 1 DAGs
[2023-02-23 20:01:57,826] {logging_mixin.py:104} INFO - [2023-02-23 20:01:57,826] {dag.py:2306} INFO - Setting next_dagrun for example_task_group to 2023-02-21 00:00:00+00:00
[2023-02-23 20:01:57,835] {scheduler_job.py:190} INFO - Processing /home/airflow/.local/lib/python3.6/site-packages/airflow/example_dags/example_task_group.py took 0.063 seconds
[2023-02-23 20:02:28,386] {scheduler_job.py:182} INFO - Started process (PID=2229) to work on /home/airflow/.local/lib/python3.6/site-packages/airflow/example_dags/example_task_group.py
[2023-02-23 20:02:28,387] {scheduler_job.py:633} INFO - Processing file /home/airflow/.local/lib/python3.6/site-packages/airflow/example_dags/example_task_group.py for tasks to queue
[2023-02-23 20:02:28,388] {logging_mixin.py:104} INFO - [2023-02-23 20:02:28,387] {dagbag.py:496} INFO - Filling up the DagBag from /home/airflow/.local/lib/python3.6/site-packages/airflow/example_dags/example_task_group.py
[2023-02-23 20:02:28,399] {scheduler_job.py:643} INFO - DAG(s) dict_keys(['example_task_group']) retrieved from /home/airflow/.local/lib/python3.6/site-packages/airflow/example_dags/example_task_group.py
[2023-02-23 20:02:28,416] {logging_mixin.py:104} INFO - [2023-02-23 20:02:28,416] {dag.py:1833} INFO - Sync 1 DAGs
[2023-02-23 20:02:28,428] {logging_mixin.py:104} INFO - [2023-02-23 20:02:28,428] {dag.py:2306} INFO - Setting next_dagrun for example_task_group to 2023-02-21 00:00:00+00:00
[2023-02-23 20:02:28,436] {scheduler_job.py:190} INFO - Processing /home/airflow/.local/lib/python3.6/site-packages/airflow/example_dags/example_task_group.py took 0.052 seconds
[2023-02-23 20:02:59,068] {scheduler_job.py:182} INFO - Started process (PID=2290) to work on /home/airflow/.local/lib/python3.6/site-packages/airflow/example_dags/example_task_group.py
[2023-02-23 20:02:59,071] {scheduler_job.py:633} INFO - Processing file /home/airflow/.local/lib/python3.6/site-packages/airflow/example_dags/example_task_group.py for tasks to queue
[2023-02-23 20:02:59,072] {logging_mixin.py:104} INFO - [2023-02-23 20:02:59,072] {dagbag.py:496} INFO - Filling up the DagBag from /home/airflow/.local/lib/python3.6/site-packages/airflow/example_dags/example_task_group.py
[2023-02-23 20:02:59,084] {scheduler_job.py:643} INFO - DAG(s) dict_keys(['example_task_group']) retrieved from /home/airflow/.local/lib/python3.6/site-packages/airflow/example_dags/example_task_group.py
[2023-02-23 20:02:59,101] {logging_mixin.py:104} INFO - [2023-02-23 20:02:59,101] {dag.py:1833} INFO - Sync 1 DAGs
[2023-02-23 20:02:59,113] {logging_mixin.py:104} INFO - [2023-02-23 20:02:59,112] {dag.py:2306} INFO - Setting next_dagrun for example_task_group to 2023-02-21 00:00:00+00:00
[2023-02-23 20:02:59,119] {scheduler_job.py:190} INFO - Processing /home/airflow/.local/lib/python3.6/site-packages/airflow/example_dags/example_task_group.py took 0.053 seconds
[2023-02-23 20:03:29,669] {scheduler_job.py:182} INFO - Started process (PID=2341) to work on /home/airflow/.local/lib/python3.6/site-packages/airflow/example_dags/example_task_group.py
[2023-02-23 20:03:29,670] {scheduler_job.py:633} INFO - Processing file /home/airflow/.local/lib/python3.6/site-packages/airflow/example_dags/example_task_group.py for tasks to queue
[2023-02-23 20:03:29,670] {logging_mixin.py:104} INFO - [2023-02-23 20:03:29,670] {dagbag.py:496} INFO - Filling up the DagBag from /home/airflow/.local/lib/python3.6/site-packages/airflow/example_dags/example_task_group.py
[2023-02-23 20:03:29,682] {scheduler_job.py:643} INFO - DAG(s) dict_keys(['example_task_group']) retrieved from /home/airflow/.local/lib/python3.6/site-packages/airflow/example_dags/example_task_group.py
[2023-02-23 20:03:29,699] {logging_mixin.py:104} INFO - [2023-02-23 20:03:29,699] {dag.py:1833} INFO - Sync 1 DAGs
[2023-02-23 20:03:29,711] {logging_mixin.py:104} INFO - [2023-02-23 20:03:29,711] {dag.py:2306} INFO - Setting next_dagrun for example_task_group to 2023-02-21 00:00:00+00:00
[2023-02-23 20:03:29,718] {scheduler_job.py:190} INFO - Processing /home/airflow/.local/lib/python3.6/site-packages/airflow/example_dags/example_task_group.py took 0.051 seconds
[2023-02-23 20:04:00,316] {scheduler_job.py:182} INFO - Started process (PID=2402) to work on /home/airflow/.local/lib/python3.6/site-packages/airflow/example_dags/example_task_group.py
[2023-02-23 20:04:00,317] {scheduler_job.py:633} INFO - Processing file /home/airflow/.local/lib/python3.6/site-packages/airflow/example_dags/example_task_group.py for tasks to queue
[2023-02-23 20:04:00,318] {logging_mixin.py:104} INFO - [2023-02-23 20:04:00,318] {dagbag.py:496} INFO - Filling up the DagBag from /home/airflow/.local/lib/python3.6/site-packages/airflow/example_dags/example_task_group.py
[2023-02-23 20:04:00,330] {scheduler_job.py:643} INFO - DAG(s) dict_keys(['example_task_group']) retrieved from /home/airflow/.local/lib/python3.6/site-packages/airflow/example_dags/example_task_group.py
[2023-02-23 20:04:00,349] {logging_mixin.py:104} INFO - [2023-02-23 20:04:00,349] {dag.py:1833} INFO - Sync 1 DAGs
[2023-02-23 20:04:00,362] {logging_mixin.py:104} INFO - [2023-02-23 20:04:00,362] {dag.py:2306} INFO - Setting next_dagrun for example_task_group to 2023-02-21 00:00:00+00:00
[2023-02-23 20:04:00,370] {scheduler_job.py:190} INFO - Processing /home/airflow/.local/lib/python3.6/site-packages/airflow/example_dags/example_task_group.py took 0.056 seconds
[2023-02-23 20:04:30,861] {scheduler_job.py:182} INFO - Started process (PID=2453) to work on /home/airflow/.local/lib/python3.6/site-packages/airflow/example_dags/example_task_group.py
[2023-02-23 20:04:30,862] {scheduler_job.py:633} INFO - Processing file /home/airflow/.local/lib/python3.6/site-packages/airflow/example_dags/example_task_group.py for tasks to queue
[2023-02-23 20:04:30,862] {logging_mixin.py:104} INFO - [2023-02-23 20:04:30,862] {dagbag.py:496} INFO - Filling up the DagBag from /home/airflow/.local/lib/python3.6/site-packages/airflow/example_dags/example_task_group.py
[2023-02-23 20:04:30,875] {scheduler_job.py:643} INFO - DAG(s) dict_keys(['example_task_group']) retrieved from /home/airflow/.local/lib/python3.6/site-packages/airflow/example_dags/example_task_group.py
[2023-02-23 20:04:30,907] {logging_mixin.py:104} INFO - [2023-02-23 20:04:30,907] {dag.py:1833} INFO - Sync 1 DAGs
[2023-02-23 20:04:30,922] {logging_mixin.py:104} INFO - [2023-02-23 20:04:30,922] {dag.py:2306} INFO - Setting next_dagrun for example_task_group to 2023-02-21 00:00:00+00:00
[2023-02-23 20:04:30,930] {scheduler_job.py:190} INFO - Processing /home/airflow/.local/lib/python3.6/site-packages/airflow/example_dags/example_task_group.py took 0.071 seconds
