[2023-02-23 19:43:00,476] {scheduler_job.py:182} INFO - Started process (PID=72) to work on /home/airflow/.local/lib/python3.6/site-packages/airflow/example_dags/example_kubernetes_executor_config.py
[2023-02-23 19:43:00,477] {scheduler_job.py:633} INFO - Processing file /home/airflow/.local/lib/python3.6/site-packages/airflow/example_dags/example_kubernetes_executor_config.py for tasks to queue
[2023-02-23 19:43:00,477] {logging_mixin.py:104} INFO - [2023-02-23 19:43:00,477] {dagbag.py:496} INFO - Filling up the DagBag from /home/airflow/.local/lib/python3.6/site-packages/airflow/example_dags/example_kubernetes_executor_config.py
[2023-02-23 19:43:00,492] {scheduler_job.py:643} INFO - DAG(s) dict_keys(['example_kubernetes_executor_config']) retrieved from /home/airflow/.local/lib/python3.6/site-packages/airflow/example_dags/example_kubernetes_executor_config.py
[2023-02-23 19:43:00,589] {logging_mixin.py:104} INFO - [2023-02-23 19:43:00,589] {dag.py:1833} INFO - Sync 1 DAGs
[2023-02-23 19:43:00,681] {logging_mixin.py:104} INFO - [2023-02-23 19:43:00,680] {dag.py:2306} INFO - Setting next_dagrun for example_kubernetes_executor_config to None
[2023-02-23 19:43:00,692] {scheduler_job.py:190} INFO - Processing /home/airflow/.local/lib/python3.6/site-packages/airflow/example_dags/example_kubernetes_executor_config.py took 0.218 seconds
[2023-02-23 19:43:31,084] {scheduler_job.py:182} INFO - Started process (PID=123) to work on /home/airflow/.local/lib/python3.6/site-packages/airflow/example_dags/example_kubernetes_executor_config.py
[2023-02-23 19:43:31,084] {scheduler_job.py:633} INFO - Processing file /home/airflow/.local/lib/python3.6/site-packages/airflow/example_dags/example_kubernetes_executor_config.py for tasks to queue
[2023-02-23 19:43:31,085] {logging_mixin.py:104} INFO - [2023-02-23 19:43:31,085] {dagbag.py:496} INFO - Filling up the DagBag from /home/airflow/.local/lib/python3.6/site-packages/airflow/example_dags/example_kubernetes_executor_config.py
[2023-02-23 19:43:31,096] {scheduler_job.py:643} INFO - DAG(s) dict_keys(['example_kubernetes_executor_config']) retrieved from /home/airflow/.local/lib/python3.6/site-packages/airflow/example_dags/example_kubernetes_executor_config.py
[2023-02-23 19:43:31,115] {logging_mixin.py:104} INFO - [2023-02-23 19:43:31,114] {dag.py:1833} INFO - Sync 1 DAGs
[2023-02-23 19:43:31,126] {logging_mixin.py:104} INFO - [2023-02-23 19:43:31,126] {dag.py:2306} INFO - Setting next_dagrun for example_kubernetes_executor_config to None
[2023-02-23 19:43:31,133] {scheduler_job.py:190} INFO - Processing /home/airflow/.local/lib/python3.6/site-packages/airflow/example_dags/example_kubernetes_executor_config.py took 0.051 seconds
[2023-02-23 19:44:01,815] {scheduler_job.py:182} INFO - Started process (PID=184) to work on /home/airflow/.local/lib/python3.6/site-packages/airflow/example_dags/example_kubernetes_executor_config.py
[2023-02-23 19:44:01,816] {scheduler_job.py:633} INFO - Processing file /home/airflow/.local/lib/python3.6/site-packages/airflow/example_dags/example_kubernetes_executor_config.py for tasks to queue
[2023-02-23 19:44:01,816] {logging_mixin.py:104} INFO - [2023-02-23 19:44:01,816] {dagbag.py:496} INFO - Filling up the DagBag from /home/airflow/.local/lib/python3.6/site-packages/airflow/example_dags/example_kubernetes_executor_config.py
[2023-02-23 19:44:01,827] {scheduler_job.py:643} INFO - DAG(s) dict_keys(['example_kubernetes_executor_config']) retrieved from /home/airflow/.local/lib/python3.6/site-packages/airflow/example_dags/example_kubernetes_executor_config.py
[2023-02-23 19:44:01,845] {logging_mixin.py:104} INFO - [2023-02-23 19:44:01,845] {dag.py:1833} INFO - Sync 1 DAGs
[2023-02-23 19:44:01,857] {logging_mixin.py:104} INFO - [2023-02-23 19:44:01,857] {dag.py:2306} INFO - Setting next_dagrun for example_kubernetes_executor_config to None
[2023-02-23 19:44:01,864] {scheduler_job.py:190} INFO - Processing /home/airflow/.local/lib/python3.6/site-packages/airflow/example_dags/example_kubernetes_executor_config.py took 0.051 seconds
[2023-02-23 19:44:32,442] {scheduler_job.py:182} INFO - Started process (PID=244) to work on /home/airflow/.local/lib/python3.6/site-packages/airflow/example_dags/example_kubernetes_executor_config.py
[2023-02-23 19:44:32,442] {scheduler_job.py:633} INFO - Processing file /home/airflow/.local/lib/python3.6/site-packages/airflow/example_dags/example_kubernetes_executor_config.py for tasks to queue
[2023-02-23 19:44:32,443] {logging_mixin.py:104} INFO - [2023-02-23 19:44:32,443] {dagbag.py:496} INFO - Filling up the DagBag from /home/airflow/.local/lib/python3.6/site-packages/airflow/example_dags/example_kubernetes_executor_config.py
[2023-02-23 19:44:32,476] {scheduler_job.py:643} INFO - DAG(s) dict_keys(['example_kubernetes_executor_config']) retrieved from /home/airflow/.local/lib/python3.6/site-packages/airflow/example_dags/example_kubernetes_executor_config.py
[2023-02-23 19:44:32,496] {logging_mixin.py:104} INFO - [2023-02-23 19:44:32,496] {dag.py:1833} INFO - Sync 1 DAGs
[2023-02-23 19:44:32,510] {logging_mixin.py:104} INFO - [2023-02-23 19:44:32,510] {dag.py:2306} INFO - Setting next_dagrun for example_kubernetes_executor_config to None
[2023-02-23 19:44:32,518] {scheduler_job.py:190} INFO - Processing /home/airflow/.local/lib/python3.6/site-packages/airflow/example_dags/example_kubernetes_executor_config.py took 0.079 seconds
[2023-02-23 19:45:03,414] {scheduler_job.py:182} INFO - Started process (PID=296) to work on /home/airflow/.local/lib/python3.6/site-packages/airflow/example_dags/example_kubernetes_executor_config.py
[2023-02-23 19:45:03,415] {scheduler_job.py:633} INFO - Processing file /home/airflow/.local/lib/python3.6/site-packages/airflow/example_dags/example_kubernetes_executor_config.py for tasks to queue
[2023-02-23 19:45:03,415] {logging_mixin.py:104} INFO - [2023-02-23 19:45:03,415] {dagbag.py:496} INFO - Filling up the DagBag from /home/airflow/.local/lib/python3.6/site-packages/airflow/example_dags/example_kubernetes_executor_config.py
[2023-02-23 19:45:03,426] {scheduler_job.py:643} INFO - DAG(s) dict_keys(['example_kubernetes_executor_config']) retrieved from /home/airflow/.local/lib/python3.6/site-packages/airflow/example_dags/example_kubernetes_executor_config.py
[2023-02-23 19:45:03,443] {logging_mixin.py:104} INFO - [2023-02-23 19:45:03,443] {dag.py:1833} INFO - Sync 1 DAGs
[2023-02-23 19:45:03,456] {logging_mixin.py:104} INFO - [2023-02-23 19:45:03,456] {dag.py:2306} INFO - Setting next_dagrun for example_kubernetes_executor_config to None
[2023-02-23 19:45:03,464] {scheduler_job.py:190} INFO - Processing /home/airflow/.local/lib/python3.6/site-packages/airflow/example_dags/example_kubernetes_executor_config.py took 0.052 seconds
[2023-02-23 19:45:34,271] {scheduler_job.py:182} INFO - Started process (PID=357) to work on /home/airflow/.local/lib/python3.6/site-packages/airflow/example_dags/example_kubernetes_executor_config.py
[2023-02-23 19:45:34,272] {scheduler_job.py:633} INFO - Processing file /home/airflow/.local/lib/python3.6/site-packages/airflow/example_dags/example_kubernetes_executor_config.py for tasks to queue
[2023-02-23 19:45:34,273] {logging_mixin.py:104} INFO - [2023-02-23 19:45:34,273] {dagbag.py:496} INFO - Filling up the DagBag from /home/airflow/.local/lib/python3.6/site-packages/airflow/example_dags/example_kubernetes_executor_config.py
[2023-02-23 19:45:34,285] {scheduler_job.py:643} INFO - DAG(s) dict_keys(['example_kubernetes_executor_config']) retrieved from /home/airflow/.local/lib/python3.6/site-packages/airflow/example_dags/example_kubernetes_executor_config.py
[2023-02-23 19:45:34,304] {logging_mixin.py:104} INFO - [2023-02-23 19:45:34,304] {dag.py:1833} INFO - Sync 1 DAGs
[2023-02-23 19:45:34,316] {logging_mixin.py:104} INFO - [2023-02-23 19:45:34,316] {dag.py:2306} INFO - Setting next_dagrun for example_kubernetes_executor_config to None
[2023-02-23 19:45:34,324] {scheduler_job.py:190} INFO - Processing /home/airflow/.local/lib/python3.6/site-packages/airflow/example_dags/example_kubernetes_executor_config.py took 0.055 seconds
[2023-02-23 19:46:05,011] {scheduler_job.py:182} INFO - Started process (PID=408) to work on /home/airflow/.local/lib/python3.6/site-packages/airflow/example_dags/example_kubernetes_executor_config.py
[2023-02-23 19:46:05,011] {scheduler_job.py:633} INFO - Processing file /home/airflow/.local/lib/python3.6/site-packages/airflow/example_dags/example_kubernetes_executor_config.py for tasks to queue
[2023-02-23 19:46:05,012] {logging_mixin.py:104} INFO - [2023-02-23 19:46:05,012] {dagbag.py:496} INFO - Filling up the DagBag from /home/airflow/.local/lib/python3.6/site-packages/airflow/example_dags/example_kubernetes_executor_config.py
[2023-02-23 19:46:05,022] {scheduler_job.py:643} INFO - DAG(s) dict_keys(['example_kubernetes_executor_config']) retrieved from /home/airflow/.local/lib/python3.6/site-packages/airflow/example_dags/example_kubernetes_executor_config.py
[2023-02-23 19:46:05,043] {logging_mixin.py:104} INFO - [2023-02-23 19:46:05,043] {dag.py:1833} INFO - Sync 1 DAGs
[2023-02-23 19:46:05,056] {logging_mixin.py:104} INFO - [2023-02-23 19:46:05,056] {dag.py:2306} INFO - Setting next_dagrun for example_kubernetes_executor_config to None
[2023-02-23 19:46:05,063] {scheduler_job.py:190} INFO - Processing /home/airflow/.local/lib/python3.6/site-packages/airflow/example_dags/example_kubernetes_executor_config.py took 0.055 seconds
[2023-02-23 19:46:35,488] {scheduler_job.py:182} INFO - Started process (PID=469) to work on /home/airflow/.local/lib/python3.6/site-packages/airflow/example_dags/example_kubernetes_executor_config.py
[2023-02-23 19:46:35,489] {scheduler_job.py:633} INFO - Processing file /home/airflow/.local/lib/python3.6/site-packages/airflow/example_dags/example_kubernetes_executor_config.py for tasks to queue
[2023-02-23 19:46:35,489] {logging_mixin.py:104} INFO - [2023-02-23 19:46:35,489] {dagbag.py:496} INFO - Filling up the DagBag from /home/airflow/.local/lib/python3.6/site-packages/airflow/example_dags/example_kubernetes_executor_config.py
[2023-02-23 19:46:35,501] {scheduler_job.py:643} INFO - DAG(s) dict_keys(['example_kubernetes_executor_config']) retrieved from /home/airflow/.local/lib/python3.6/site-packages/airflow/example_dags/example_kubernetes_executor_config.py
[2023-02-23 19:46:35,520] {logging_mixin.py:104} INFO - [2023-02-23 19:46:35,520] {dag.py:1833} INFO - Sync 1 DAGs
[2023-02-23 19:46:35,535] {logging_mixin.py:104} INFO - [2023-02-23 19:46:35,535] {dag.py:2306} INFO - Setting next_dagrun for example_kubernetes_executor_config to None
[2023-02-23 19:46:35,575] {scheduler_job.py:190} INFO - Processing /home/airflow/.local/lib/python3.6/site-packages/airflow/example_dags/example_kubernetes_executor_config.py took 0.089 seconds
[2023-02-23 19:47:06,387] {scheduler_job.py:182} INFO - Started process (PID=520) to work on /home/airflow/.local/lib/python3.6/site-packages/airflow/example_dags/example_kubernetes_executor_config.py
[2023-02-23 19:47:06,388] {scheduler_job.py:633} INFO - Processing file /home/airflow/.local/lib/python3.6/site-packages/airflow/example_dags/example_kubernetes_executor_config.py for tasks to queue
[2023-02-23 19:47:06,388] {logging_mixin.py:104} INFO - [2023-02-23 19:47:06,388] {dagbag.py:496} INFO - Filling up the DagBag from /home/airflow/.local/lib/python3.6/site-packages/airflow/example_dags/example_kubernetes_executor_config.py
[2023-02-23 19:47:06,399] {scheduler_job.py:643} INFO - DAG(s) dict_keys(['example_kubernetes_executor_config']) retrieved from /home/airflow/.local/lib/python3.6/site-packages/airflow/example_dags/example_kubernetes_executor_config.py
[2023-02-23 19:47:06,419] {logging_mixin.py:104} INFO - [2023-02-23 19:47:06,419] {dag.py:1833} INFO - Sync 1 DAGs
[2023-02-23 19:47:06,431] {logging_mixin.py:104} INFO - [2023-02-23 19:47:06,431] {dag.py:2306} INFO - Setting next_dagrun for example_kubernetes_executor_config to None
[2023-02-23 19:47:06,440] {scheduler_job.py:190} INFO - Processing /home/airflow/.local/lib/python3.6/site-packages/airflow/example_dags/example_kubernetes_executor_config.py took 0.055 seconds
[2023-02-23 19:47:37,023] {scheduler_job.py:182} INFO - Started process (PID=581) to work on /home/airflow/.local/lib/python3.6/site-packages/airflow/example_dags/example_kubernetes_executor_config.py
[2023-02-23 19:47:37,024] {scheduler_job.py:633} INFO - Processing file /home/airflow/.local/lib/python3.6/site-packages/airflow/example_dags/example_kubernetes_executor_config.py for tasks to queue
[2023-02-23 19:47:37,024] {logging_mixin.py:104} INFO - [2023-02-23 19:47:37,024] {dagbag.py:496} INFO - Filling up the DagBag from /home/airflow/.local/lib/python3.6/site-packages/airflow/example_dags/example_kubernetes_executor_config.py
[2023-02-23 19:47:37,035] {scheduler_job.py:643} INFO - DAG(s) dict_keys(['example_kubernetes_executor_config']) retrieved from /home/airflow/.local/lib/python3.6/site-packages/airflow/example_dags/example_kubernetes_executor_config.py
[2023-02-23 19:47:37,053] {logging_mixin.py:104} INFO - [2023-02-23 19:47:37,053] {dag.py:1833} INFO - Sync 1 DAGs
[2023-02-23 19:47:37,065] {logging_mixin.py:104} INFO - [2023-02-23 19:47:37,065] {dag.py:2306} INFO - Setting next_dagrun for example_kubernetes_executor_config to None
[2023-02-23 19:47:37,072] {scheduler_job.py:190} INFO - Processing /home/airflow/.local/lib/python3.6/site-packages/airflow/example_dags/example_kubernetes_executor_config.py took 0.052 seconds
[2023-02-23 19:48:07,645] {scheduler_job.py:182} INFO - Started process (PID=642) to work on /home/airflow/.local/lib/python3.6/site-packages/airflow/example_dags/example_kubernetes_executor_config.py
[2023-02-23 19:48:07,646] {scheduler_job.py:633} INFO - Processing file /home/airflow/.local/lib/python3.6/site-packages/airflow/example_dags/example_kubernetes_executor_config.py for tasks to queue
[2023-02-23 19:48:07,646] {logging_mixin.py:104} INFO - [2023-02-23 19:48:07,646] {dagbag.py:496} INFO - Filling up the DagBag from /home/airflow/.local/lib/python3.6/site-packages/airflow/example_dags/example_kubernetes_executor_config.py
[2023-02-23 19:48:07,659] {scheduler_job.py:643} INFO - DAG(s) dict_keys(['example_kubernetes_executor_config']) retrieved from /home/airflow/.local/lib/python3.6/site-packages/airflow/example_dags/example_kubernetes_executor_config.py
[2023-02-23 19:48:07,678] {logging_mixin.py:104} INFO - [2023-02-23 19:48:07,677] {dag.py:1833} INFO - Sync 1 DAGs
[2023-02-23 19:48:07,690] {logging_mixin.py:104} INFO - [2023-02-23 19:48:07,690] {dag.py:2306} INFO - Setting next_dagrun for example_kubernetes_executor_config to None
[2023-02-23 19:48:07,698] {scheduler_job.py:190} INFO - Processing /home/airflow/.local/lib/python3.6/site-packages/airflow/example_dags/example_kubernetes_executor_config.py took 0.055 seconds
[2023-02-23 19:48:38,223] {scheduler_job.py:182} INFO - Started process (PID=693) to work on /home/airflow/.local/lib/python3.6/site-packages/airflow/example_dags/example_kubernetes_executor_config.py
[2023-02-23 19:48:38,223] {scheduler_job.py:633} INFO - Processing file /home/airflow/.local/lib/python3.6/site-packages/airflow/example_dags/example_kubernetes_executor_config.py for tasks to queue
[2023-02-23 19:48:38,224] {logging_mixin.py:104} INFO - [2023-02-23 19:48:38,224] {dagbag.py:496} INFO - Filling up the DagBag from /home/airflow/.local/lib/python3.6/site-packages/airflow/example_dags/example_kubernetes_executor_config.py
[2023-02-23 19:48:38,235] {scheduler_job.py:643} INFO - DAG(s) dict_keys(['example_kubernetes_executor_config']) retrieved from /home/airflow/.local/lib/python3.6/site-packages/airflow/example_dags/example_kubernetes_executor_config.py
[2023-02-23 19:48:38,272] {logging_mixin.py:104} INFO - [2023-02-23 19:48:38,272] {dag.py:1833} INFO - Sync 1 DAGs
[2023-02-23 19:48:38,285] {logging_mixin.py:104} INFO - [2023-02-23 19:48:38,284] {dag.py:2306} INFO - Setting next_dagrun for example_kubernetes_executor_config to None
[2023-02-23 19:48:38,292] {scheduler_job.py:190} INFO - Processing /home/airflow/.local/lib/python3.6/site-packages/airflow/example_dags/example_kubernetes_executor_config.py took 0.071 seconds
[2023-02-23 19:49:08,806] {scheduler_job.py:182} INFO - Started process (PID=754) to work on /home/airflow/.local/lib/python3.6/site-packages/airflow/example_dags/example_kubernetes_executor_config.py
[2023-02-23 19:49:08,807] {scheduler_job.py:633} INFO - Processing file /home/airflow/.local/lib/python3.6/site-packages/airflow/example_dags/example_kubernetes_executor_config.py for tasks to queue
[2023-02-23 19:49:08,807] {logging_mixin.py:104} INFO - [2023-02-23 19:49:08,807] {dagbag.py:496} INFO - Filling up the DagBag from /home/airflow/.local/lib/python3.6/site-packages/airflow/example_dags/example_kubernetes_executor_config.py
[2023-02-23 19:49:08,818] {scheduler_job.py:643} INFO - DAG(s) dict_keys(['example_kubernetes_executor_config']) retrieved from /home/airflow/.local/lib/python3.6/site-packages/airflow/example_dags/example_kubernetes_executor_config.py
[2023-02-23 19:49:08,836] {logging_mixin.py:104} INFO - [2023-02-23 19:49:08,836] {dag.py:1833} INFO - Sync 1 DAGs
[2023-02-23 19:49:08,848] {logging_mixin.py:104} INFO - [2023-02-23 19:49:08,847] {dag.py:2306} INFO - Setting next_dagrun for example_kubernetes_executor_config to None
[2023-02-23 19:49:08,854] {scheduler_job.py:190} INFO - Processing /home/airflow/.local/lib/python3.6/site-packages/airflow/example_dags/example_kubernetes_executor_config.py took 0.050 seconds
[2023-02-23 19:49:39,687] {scheduler_job.py:182} INFO - Started process (PID=805) to work on /home/airflow/.local/lib/python3.6/site-packages/airflow/example_dags/example_kubernetes_executor_config.py
[2023-02-23 19:49:39,688] {scheduler_job.py:633} INFO - Processing file /home/airflow/.local/lib/python3.6/site-packages/airflow/example_dags/example_kubernetes_executor_config.py for tasks to queue
[2023-02-23 19:49:39,688] {logging_mixin.py:104} INFO - [2023-02-23 19:49:39,688] {dagbag.py:496} INFO - Filling up the DagBag from /home/airflow/.local/lib/python3.6/site-packages/airflow/example_dags/example_kubernetes_executor_config.py
[2023-02-23 19:49:39,702] {scheduler_job.py:643} INFO - DAG(s) dict_keys(['example_kubernetes_executor_config']) retrieved from /home/airflow/.local/lib/python3.6/site-packages/airflow/example_dags/example_kubernetes_executor_config.py
[2023-02-23 19:49:39,786] {logging_mixin.py:104} INFO - [2023-02-23 19:49:39,786] {dag.py:1833} INFO - Sync 1 DAGs
[2023-02-23 19:49:39,803] {logging_mixin.py:104} INFO - [2023-02-23 19:49:39,803] {dag.py:2306} INFO - Setting next_dagrun for example_kubernetes_executor_config to None
[2023-02-23 19:49:39,872] {scheduler_job.py:190} INFO - Processing /home/airflow/.local/lib/python3.6/site-packages/airflow/example_dags/example_kubernetes_executor_config.py took 0.187 seconds
[2023-02-23 19:50:10,224] {scheduler_job.py:182} INFO - Started process (PID=866) to work on /home/airflow/.local/lib/python3.6/site-packages/airflow/example_dags/example_kubernetes_executor_config.py
[2023-02-23 19:50:10,225] {scheduler_job.py:633} INFO - Processing file /home/airflow/.local/lib/python3.6/site-packages/airflow/example_dags/example_kubernetes_executor_config.py for tasks to queue
[2023-02-23 19:50:10,225] {logging_mixin.py:104} INFO - [2023-02-23 19:50:10,225] {dagbag.py:496} INFO - Filling up the DagBag from /home/airflow/.local/lib/python3.6/site-packages/airflow/example_dags/example_kubernetes_executor_config.py
[2023-02-23 19:50:10,236] {scheduler_job.py:643} INFO - DAG(s) dict_keys(['example_kubernetes_executor_config']) retrieved from /home/airflow/.local/lib/python3.6/site-packages/airflow/example_dags/example_kubernetes_executor_config.py
[2023-02-23 19:50:10,256] {logging_mixin.py:104} INFO - [2023-02-23 19:50:10,256] {dag.py:1833} INFO - Sync 1 DAGs
[2023-02-23 19:50:10,270] {logging_mixin.py:104} INFO - [2023-02-23 19:50:10,270] {dag.py:2306} INFO - Setting next_dagrun for example_kubernetes_executor_config to None
[2023-02-23 19:50:10,280] {scheduler_job.py:190} INFO - Processing /home/airflow/.local/lib/python3.6/site-packages/airflow/example_dags/example_kubernetes_executor_config.py took 0.059 seconds
[2023-02-23 19:50:41,670] {scheduler_job.py:182} INFO - Started process (PID=917) to work on /home/airflow/.local/lib/python3.6/site-packages/airflow/example_dags/example_kubernetes_executor_config.py
[2023-02-23 19:50:41,671] {scheduler_job.py:633} INFO - Processing file /home/airflow/.local/lib/python3.6/site-packages/airflow/example_dags/example_kubernetes_executor_config.py for tasks to queue
[2023-02-23 19:50:41,672] {logging_mixin.py:104} INFO - [2023-02-23 19:50:41,672] {dagbag.py:496} INFO - Filling up the DagBag from /home/airflow/.local/lib/python3.6/site-packages/airflow/example_dags/example_kubernetes_executor_config.py
[2023-02-23 19:50:41,686] {scheduler_job.py:643} INFO - DAG(s) dict_keys(['example_kubernetes_executor_config']) retrieved from /home/airflow/.local/lib/python3.6/site-packages/airflow/example_dags/example_kubernetes_executor_config.py
[2023-02-23 19:50:41,786] {logging_mixin.py:104} INFO - [2023-02-23 19:50:41,786] {dag.py:1833} INFO - Sync 1 DAGs
[2023-02-23 19:50:41,871] {logging_mixin.py:104} INFO - [2023-02-23 19:50:41,871] {dag.py:2306} INFO - Setting next_dagrun for example_kubernetes_executor_config to None
[2023-02-23 19:50:41,880] {scheduler_job.py:190} INFO - Processing /home/airflow/.local/lib/python3.6/site-packages/airflow/example_dags/example_kubernetes_executor_config.py took 0.285 seconds
[2023-02-23 19:51:12,047] {scheduler_job.py:182} INFO - Started process (PID=978) to work on /home/airflow/.local/lib/python3.6/site-packages/airflow/example_dags/example_kubernetes_executor_config.py
[2023-02-23 19:51:12,048] {scheduler_job.py:633} INFO - Processing file /home/airflow/.local/lib/python3.6/site-packages/airflow/example_dags/example_kubernetes_executor_config.py for tasks to queue
[2023-02-23 19:51:12,048] {logging_mixin.py:104} INFO - [2023-02-23 19:51:12,048] {dagbag.py:496} INFO - Filling up the DagBag from /home/airflow/.local/lib/python3.6/site-packages/airflow/example_dags/example_kubernetes_executor_config.py
[2023-02-23 19:51:12,060] {scheduler_job.py:643} INFO - DAG(s) dict_keys(['example_kubernetes_executor_config']) retrieved from /home/airflow/.local/lib/python3.6/site-packages/airflow/example_dags/example_kubernetes_executor_config.py
[2023-02-23 19:51:12,080] {logging_mixin.py:104} INFO - [2023-02-23 19:51:12,080] {dag.py:1833} INFO - Sync 1 DAGs
[2023-02-23 19:51:12,095] {logging_mixin.py:104} INFO - [2023-02-23 19:51:12,095] {dag.py:2306} INFO - Setting next_dagrun for example_kubernetes_executor_config to None
[2023-02-23 19:51:12,103] {scheduler_job.py:190} INFO - Processing /home/airflow/.local/lib/python3.6/site-packages/airflow/example_dags/example_kubernetes_executor_config.py took 0.058 seconds
[2023-02-23 19:51:42,571] {scheduler_job.py:182} INFO - Started process (PID=1029) to work on /home/airflow/.local/lib/python3.6/site-packages/airflow/example_dags/example_kubernetes_executor_config.py
[2023-02-23 19:51:42,572] {scheduler_job.py:633} INFO - Processing file /home/airflow/.local/lib/python3.6/site-packages/airflow/example_dags/example_kubernetes_executor_config.py for tasks to queue
[2023-02-23 19:51:42,572] {logging_mixin.py:104} INFO - [2023-02-23 19:51:42,572] {dagbag.py:496} INFO - Filling up the DagBag from /home/airflow/.local/lib/python3.6/site-packages/airflow/example_dags/example_kubernetes_executor_config.py
[2023-02-23 19:51:42,583] {scheduler_job.py:643} INFO - DAG(s) dict_keys(['example_kubernetes_executor_config']) retrieved from /home/airflow/.local/lib/python3.6/site-packages/airflow/example_dags/example_kubernetes_executor_config.py
[2023-02-23 19:51:42,601] {logging_mixin.py:104} INFO - [2023-02-23 19:51:42,601] {dag.py:1833} INFO - Sync 1 DAGs
[2023-02-23 19:51:42,614] {logging_mixin.py:104} INFO - [2023-02-23 19:51:42,614] {dag.py:2306} INFO - Setting next_dagrun for example_kubernetes_executor_config to None
[2023-02-23 19:51:42,621] {scheduler_job.py:190} INFO - Processing /home/airflow/.local/lib/python3.6/site-packages/airflow/example_dags/example_kubernetes_executor_config.py took 0.052 seconds
[2023-02-23 19:52:13,202] {scheduler_job.py:182} INFO - Started process (PID=1090) to work on /home/airflow/.local/lib/python3.6/site-packages/airflow/example_dags/example_kubernetes_executor_config.py
[2023-02-23 19:52:13,203] {scheduler_job.py:633} INFO - Processing file /home/airflow/.local/lib/python3.6/site-packages/airflow/example_dags/example_kubernetes_executor_config.py for tasks to queue
[2023-02-23 19:52:13,203] {logging_mixin.py:104} INFO - [2023-02-23 19:52:13,203] {dagbag.py:496} INFO - Filling up the DagBag from /home/airflow/.local/lib/python3.6/site-packages/airflow/example_dags/example_kubernetes_executor_config.py
[2023-02-23 19:52:13,213] {scheduler_job.py:643} INFO - DAG(s) dict_keys(['example_kubernetes_executor_config']) retrieved from /home/airflow/.local/lib/python3.6/site-packages/airflow/example_dags/example_kubernetes_executor_config.py
[2023-02-23 19:52:13,230] {logging_mixin.py:104} INFO - [2023-02-23 19:52:13,230] {dag.py:1833} INFO - Sync 1 DAGs
[2023-02-23 19:52:13,242] {logging_mixin.py:104} INFO - [2023-02-23 19:52:13,242] {dag.py:2306} INFO - Setting next_dagrun for example_kubernetes_executor_config to None
[2023-02-23 19:52:13,248] {scheduler_job.py:190} INFO - Processing /home/airflow/.local/lib/python3.6/site-packages/airflow/example_dags/example_kubernetes_executor_config.py took 0.048 seconds
[2023-02-23 19:52:43,691] {scheduler_job.py:182} INFO - Started process (PID=1140) to work on /home/airflow/.local/lib/python3.6/site-packages/airflow/example_dags/example_kubernetes_executor_config.py
[2023-02-23 19:52:43,692] {scheduler_job.py:633} INFO - Processing file /home/airflow/.local/lib/python3.6/site-packages/airflow/example_dags/example_kubernetes_executor_config.py for tasks to queue
[2023-02-23 19:52:43,692] {logging_mixin.py:104} INFO - [2023-02-23 19:52:43,692] {dagbag.py:496} INFO - Filling up the DagBag from /home/airflow/.local/lib/python3.6/site-packages/airflow/example_dags/example_kubernetes_executor_config.py
[2023-02-23 19:52:43,702] {scheduler_job.py:643} INFO - DAG(s) dict_keys(['example_kubernetes_executor_config']) retrieved from /home/airflow/.local/lib/python3.6/site-packages/airflow/example_dags/example_kubernetes_executor_config.py
[2023-02-23 19:52:43,721] {logging_mixin.py:104} INFO - [2023-02-23 19:52:43,721] {dag.py:1833} INFO - Sync 1 DAGs
[2023-02-23 19:52:43,735] {logging_mixin.py:104} INFO - [2023-02-23 19:52:43,734] {dag.py:2306} INFO - Setting next_dagrun for example_kubernetes_executor_config to None
[2023-02-23 19:52:43,742] {scheduler_job.py:190} INFO - Processing /home/airflow/.local/lib/python3.6/site-packages/airflow/example_dags/example_kubernetes_executor_config.py took 0.053 seconds
[2023-02-23 19:53:14,457] {scheduler_job.py:182} INFO - Started process (PID=1201) to work on /home/airflow/.local/lib/python3.6/site-packages/airflow/example_dags/example_kubernetes_executor_config.py
[2023-02-23 19:53:14,458] {scheduler_job.py:633} INFO - Processing file /home/airflow/.local/lib/python3.6/site-packages/airflow/example_dags/example_kubernetes_executor_config.py for tasks to queue
[2023-02-23 19:53:14,458] {logging_mixin.py:104} INFO - [2023-02-23 19:53:14,458] {dagbag.py:496} INFO - Filling up the DagBag from /home/airflow/.local/lib/python3.6/site-packages/airflow/example_dags/example_kubernetes_executor_config.py
[2023-02-23 19:53:14,470] {scheduler_job.py:643} INFO - DAG(s) dict_keys(['example_kubernetes_executor_config']) retrieved from /home/airflow/.local/lib/python3.6/site-packages/airflow/example_dags/example_kubernetes_executor_config.py
[2023-02-23 19:53:14,493] {logging_mixin.py:104} INFO - [2023-02-23 19:53:14,493] {dag.py:1833} INFO - Sync 1 DAGs
[2023-02-23 19:53:14,506] {logging_mixin.py:104} INFO - [2023-02-23 19:53:14,506] {dag.py:2306} INFO - Setting next_dagrun for example_kubernetes_executor_config to None
[2023-02-23 19:53:14,516] {scheduler_job.py:190} INFO - Processing /home/airflow/.local/lib/python3.6/site-packages/airflow/example_dags/example_kubernetes_executor_config.py took 0.061 seconds
[2023-02-23 19:53:45,331] {scheduler_job.py:182} INFO - Started process (PID=1252) to work on /home/airflow/.local/lib/python3.6/site-packages/airflow/example_dags/example_kubernetes_executor_config.py
[2023-02-23 19:53:45,332] {scheduler_job.py:633} INFO - Processing file /home/airflow/.local/lib/python3.6/site-packages/airflow/example_dags/example_kubernetes_executor_config.py for tasks to queue
[2023-02-23 19:53:45,332] {logging_mixin.py:104} INFO - [2023-02-23 19:53:45,332] {dagbag.py:496} INFO - Filling up the DagBag from /home/airflow/.local/lib/python3.6/site-packages/airflow/example_dags/example_kubernetes_executor_config.py
[2023-02-23 19:53:45,343] {scheduler_job.py:643} INFO - DAG(s) dict_keys(['example_kubernetes_executor_config']) retrieved from /home/airflow/.local/lib/python3.6/site-packages/airflow/example_dags/example_kubernetes_executor_config.py
[2023-02-23 19:53:45,364] {logging_mixin.py:104} INFO - [2023-02-23 19:53:45,364] {dag.py:1833} INFO - Sync 1 DAGs
[2023-02-23 19:53:45,376] {logging_mixin.py:104} INFO - [2023-02-23 19:53:45,376] {dag.py:2306} INFO - Setting next_dagrun for example_kubernetes_executor_config to None
[2023-02-23 19:53:45,384] {scheduler_job.py:190} INFO - Processing /home/airflow/.local/lib/python3.6/site-packages/airflow/example_dags/example_kubernetes_executor_config.py took 0.055 seconds
[2023-02-23 19:54:15,904] {scheduler_job.py:182} INFO - Started process (PID=1313) to work on /home/airflow/.local/lib/python3.6/site-packages/airflow/example_dags/example_kubernetes_executor_config.py
[2023-02-23 19:54:15,905] {scheduler_job.py:633} INFO - Processing file /home/airflow/.local/lib/python3.6/site-packages/airflow/example_dags/example_kubernetes_executor_config.py for tasks to queue
[2023-02-23 19:54:15,905] {logging_mixin.py:104} INFO - [2023-02-23 19:54:15,905] {dagbag.py:496} INFO - Filling up the DagBag from /home/airflow/.local/lib/python3.6/site-packages/airflow/example_dags/example_kubernetes_executor_config.py
[2023-02-23 19:54:15,916] {scheduler_job.py:643} INFO - DAG(s) dict_keys(['example_kubernetes_executor_config']) retrieved from /home/airflow/.local/lib/python3.6/site-packages/airflow/example_dags/example_kubernetes_executor_config.py
[2023-02-23 19:54:15,935] {logging_mixin.py:104} INFO - [2023-02-23 19:54:15,935] {dag.py:1833} INFO - Sync 1 DAGs
[2023-02-23 19:54:15,947] {logging_mixin.py:104} INFO - [2023-02-23 19:54:15,947] {dag.py:2306} INFO - Setting next_dagrun for example_kubernetes_executor_config to None
[2023-02-23 19:54:15,954] {scheduler_job.py:190} INFO - Processing /home/airflow/.local/lib/python3.6/site-packages/airflow/example_dags/example_kubernetes_executor_config.py took 0.052 seconds
[2023-02-23 19:54:46,431] {scheduler_job.py:182} INFO - Started process (PID=1374) to work on /home/airflow/.local/lib/python3.6/site-packages/airflow/example_dags/example_kubernetes_executor_config.py
[2023-02-23 19:54:46,432] {scheduler_job.py:633} INFO - Processing file /home/airflow/.local/lib/python3.6/site-packages/airflow/example_dags/example_kubernetes_executor_config.py for tasks to queue
[2023-02-23 19:54:46,432] {logging_mixin.py:104} INFO - [2023-02-23 19:54:46,432] {dagbag.py:496} INFO - Filling up the DagBag from /home/airflow/.local/lib/python3.6/site-packages/airflow/example_dags/example_kubernetes_executor_config.py
[2023-02-23 19:54:46,444] {scheduler_job.py:643} INFO - DAG(s) dict_keys(['example_kubernetes_executor_config']) retrieved from /home/airflow/.local/lib/python3.6/site-packages/airflow/example_dags/example_kubernetes_executor_config.py
[2023-02-23 19:54:46,464] {logging_mixin.py:104} INFO - [2023-02-23 19:54:46,464] {dag.py:1833} INFO - Sync 1 DAGs
[2023-02-23 19:54:46,476] {logging_mixin.py:104} INFO - [2023-02-23 19:54:46,476] {dag.py:2306} INFO - Setting next_dagrun for example_kubernetes_executor_config to None
[2023-02-23 19:54:46,483] {scheduler_job.py:190} INFO - Processing /home/airflow/.local/lib/python3.6/site-packages/airflow/example_dags/example_kubernetes_executor_config.py took 0.054 seconds
[2023-02-23 19:55:16,791] {scheduler_job.py:182} INFO - Started process (PID=1425) to work on /home/airflow/.local/lib/python3.6/site-packages/airflow/example_dags/example_kubernetes_executor_config.py
[2023-02-23 19:55:16,792] {scheduler_job.py:633} INFO - Processing file /home/airflow/.local/lib/python3.6/site-packages/airflow/example_dags/example_kubernetes_executor_config.py for tasks to queue
[2023-02-23 19:55:16,792] {logging_mixin.py:104} INFO - [2023-02-23 19:55:16,792] {dagbag.py:496} INFO - Filling up the DagBag from /home/airflow/.local/lib/python3.6/site-packages/airflow/example_dags/example_kubernetes_executor_config.py
[2023-02-23 19:55:16,802] {scheduler_job.py:643} INFO - DAG(s) dict_keys(['example_kubernetes_executor_config']) retrieved from /home/airflow/.local/lib/python3.6/site-packages/airflow/example_dags/example_kubernetes_executor_config.py
[2023-02-23 19:55:16,822] {logging_mixin.py:104} INFO - [2023-02-23 19:55:16,822] {dag.py:1833} INFO - Sync 1 DAGs
[2023-02-23 19:55:16,871] {logging_mixin.py:104} INFO - [2023-02-23 19:55:16,871] {dag.py:2306} INFO - Setting next_dagrun for example_kubernetes_executor_config to None
[2023-02-23 19:55:16,878] {scheduler_job.py:190} INFO - Processing /home/airflow/.local/lib/python3.6/site-packages/airflow/example_dags/example_kubernetes_executor_config.py took 0.089 seconds
[2023-02-23 19:55:47,771] {scheduler_job.py:182} INFO - Started process (PID=1486) to work on /home/airflow/.local/lib/python3.6/site-packages/airflow/example_dags/example_kubernetes_executor_config.py
[2023-02-23 19:55:47,771] {scheduler_job.py:633} INFO - Processing file /home/airflow/.local/lib/python3.6/site-packages/airflow/example_dags/example_kubernetes_executor_config.py for tasks to queue
[2023-02-23 19:55:47,772] {logging_mixin.py:104} INFO - [2023-02-23 19:55:47,772] {dagbag.py:496} INFO - Filling up the DagBag from /home/airflow/.local/lib/python3.6/site-packages/airflow/example_dags/example_kubernetes_executor_config.py
[2023-02-23 19:55:47,785] {scheduler_job.py:643} INFO - DAG(s) dict_keys(['example_kubernetes_executor_config']) retrieved from /home/airflow/.local/lib/python3.6/site-packages/airflow/example_dags/example_kubernetes_executor_config.py
[2023-02-23 19:55:47,806] {logging_mixin.py:104} INFO - [2023-02-23 19:55:47,806] {dag.py:1833} INFO - Sync 1 DAGs
[2023-02-23 19:55:47,819] {logging_mixin.py:104} INFO - [2023-02-23 19:55:47,819] {dag.py:2306} INFO - Setting next_dagrun for example_kubernetes_executor_config to None
[2023-02-23 19:55:47,826] {scheduler_job.py:190} INFO - Processing /home/airflow/.local/lib/python3.6/site-packages/airflow/example_dags/example_kubernetes_executor_config.py took 0.058 seconds
[2023-02-23 19:56:18,530] {scheduler_job.py:182} INFO - Started process (PID=1538) to work on /home/airflow/.local/lib/python3.6/site-packages/airflow/example_dags/example_kubernetes_executor_config.py
[2023-02-23 19:56:18,530] {scheduler_job.py:633} INFO - Processing file /home/airflow/.local/lib/python3.6/site-packages/airflow/example_dags/example_kubernetes_executor_config.py for tasks to queue
[2023-02-23 19:56:18,530] {logging_mixin.py:104} INFO - [2023-02-23 19:56:18,530] {dagbag.py:496} INFO - Filling up the DagBag from /home/airflow/.local/lib/python3.6/site-packages/airflow/example_dags/example_kubernetes_executor_config.py
[2023-02-23 19:56:18,541] {scheduler_job.py:643} INFO - DAG(s) dict_keys(['example_kubernetes_executor_config']) retrieved from /home/airflow/.local/lib/python3.6/site-packages/airflow/example_dags/example_kubernetes_executor_config.py
[2023-02-23 19:56:18,557] {logging_mixin.py:104} INFO - [2023-02-23 19:56:18,557] {dag.py:1833} INFO - Sync 1 DAGs
[2023-02-23 19:56:18,568] {logging_mixin.py:104} INFO - [2023-02-23 19:56:18,568] {dag.py:2306} INFO - Setting next_dagrun for example_kubernetes_executor_config to None
[2023-02-23 19:56:18,577] {scheduler_job.py:190} INFO - Processing /home/airflow/.local/lib/python3.6/site-packages/airflow/example_dags/example_kubernetes_executor_config.py took 0.049 seconds
[2023-02-23 19:56:49,599] {scheduler_job.py:182} INFO - Started process (PID=1599) to work on /home/airflow/.local/lib/python3.6/site-packages/airflow/example_dags/example_kubernetes_executor_config.py
[2023-02-23 19:56:49,599] {scheduler_job.py:633} INFO - Processing file /home/airflow/.local/lib/python3.6/site-packages/airflow/example_dags/example_kubernetes_executor_config.py for tasks to queue
[2023-02-23 19:56:49,600] {logging_mixin.py:104} INFO - [2023-02-23 19:56:49,600] {dagbag.py:496} INFO - Filling up the DagBag from /home/airflow/.local/lib/python3.6/site-packages/airflow/example_dags/example_kubernetes_executor_config.py
[2023-02-23 19:56:49,613] {scheduler_job.py:643} INFO - DAG(s) dict_keys(['example_kubernetes_executor_config']) retrieved from /home/airflow/.local/lib/python3.6/site-packages/airflow/example_dags/example_kubernetes_executor_config.py
[2023-02-23 19:56:49,631] {logging_mixin.py:104} INFO - [2023-02-23 19:56:49,631] {dag.py:1833} INFO - Sync 1 DAGs
[2023-02-23 19:56:49,643] {logging_mixin.py:104} INFO - [2023-02-23 19:56:49,642] {dag.py:2306} INFO - Setting next_dagrun for example_kubernetes_executor_config to None
[2023-02-23 19:56:49,672] {scheduler_job.py:190} INFO - Processing /home/airflow/.local/lib/python3.6/site-packages/airflow/example_dags/example_kubernetes_executor_config.py took 0.075 seconds
[2023-02-23 19:57:20,346] {scheduler_job.py:182} INFO - Started process (PID=1650) to work on /home/airflow/.local/lib/python3.6/site-packages/airflow/example_dags/example_kubernetes_executor_config.py
[2023-02-23 19:57:20,346] {scheduler_job.py:633} INFO - Processing file /home/airflow/.local/lib/python3.6/site-packages/airflow/example_dags/example_kubernetes_executor_config.py for tasks to queue
[2023-02-23 19:57:20,347] {logging_mixin.py:104} INFO - [2023-02-23 19:57:20,347] {dagbag.py:496} INFO - Filling up the DagBag from /home/airflow/.local/lib/python3.6/site-packages/airflow/example_dags/example_kubernetes_executor_config.py
[2023-02-23 19:57:20,359] {scheduler_job.py:643} INFO - DAG(s) dict_keys(['example_kubernetes_executor_config']) retrieved from /home/airflow/.local/lib/python3.6/site-packages/airflow/example_dags/example_kubernetes_executor_config.py
[2023-02-23 19:57:20,378] {logging_mixin.py:104} INFO - [2023-02-23 19:57:20,378] {dag.py:1833} INFO - Sync 1 DAGs
[2023-02-23 19:57:20,390] {logging_mixin.py:104} INFO - [2023-02-23 19:57:20,390] {dag.py:2306} INFO - Setting next_dagrun for example_kubernetes_executor_config to None
[2023-02-23 19:57:20,397] {scheduler_job.py:190} INFO - Processing /home/airflow/.local/lib/python3.6/site-packages/airflow/example_dags/example_kubernetes_executor_config.py took 0.054 seconds
[2023-02-23 19:57:51,041] {scheduler_job.py:182} INFO - Started process (PID=1711) to work on /home/airflow/.local/lib/python3.6/site-packages/airflow/example_dags/example_kubernetes_executor_config.py
[2023-02-23 19:57:51,042] {scheduler_job.py:633} INFO - Processing file /home/airflow/.local/lib/python3.6/site-packages/airflow/example_dags/example_kubernetes_executor_config.py for tasks to queue
[2023-02-23 19:57:51,042] {logging_mixin.py:104} INFO - [2023-02-23 19:57:51,042] {dagbag.py:496} INFO - Filling up the DagBag from /home/airflow/.local/lib/python3.6/site-packages/airflow/example_dags/example_kubernetes_executor_config.py
[2023-02-23 19:57:51,053] {scheduler_job.py:643} INFO - DAG(s) dict_keys(['example_kubernetes_executor_config']) retrieved from /home/airflow/.local/lib/python3.6/site-packages/airflow/example_dags/example_kubernetes_executor_config.py
[2023-02-23 19:57:51,070] {logging_mixin.py:104} INFO - [2023-02-23 19:57:51,070] {dag.py:1833} INFO - Sync 1 DAGs
[2023-02-23 19:57:51,081] {logging_mixin.py:104} INFO - [2023-02-23 19:57:51,081] {dag.py:2306} INFO - Setting next_dagrun for example_kubernetes_executor_config to None
[2023-02-23 19:57:51,088] {scheduler_job.py:190} INFO - Processing /home/airflow/.local/lib/python3.6/site-packages/airflow/example_dags/example_kubernetes_executor_config.py took 0.049 seconds
[2023-02-23 19:58:21,648] {scheduler_job.py:182} INFO - Started process (PID=1772) to work on /home/airflow/.local/lib/python3.6/site-packages/airflow/example_dags/example_kubernetes_executor_config.py
[2023-02-23 19:58:21,648] {scheduler_job.py:633} INFO - Processing file /home/airflow/.local/lib/python3.6/site-packages/airflow/example_dags/example_kubernetes_executor_config.py for tasks to queue
[2023-02-23 19:58:21,649] {logging_mixin.py:104} INFO - [2023-02-23 19:58:21,649] {dagbag.py:496} INFO - Filling up the DagBag from /home/airflow/.local/lib/python3.6/site-packages/airflow/example_dags/example_kubernetes_executor_config.py
[2023-02-23 19:58:21,661] {scheduler_job.py:643} INFO - DAG(s) dict_keys(['example_kubernetes_executor_config']) retrieved from /home/airflow/.local/lib/python3.6/site-packages/airflow/example_dags/example_kubernetes_executor_config.py
[2023-02-23 19:58:21,678] {logging_mixin.py:104} INFO - [2023-02-23 19:58:21,678] {dag.py:1833} INFO - Sync 1 DAGs
[2023-02-23 19:58:21,689] {logging_mixin.py:104} INFO - [2023-02-23 19:58:21,689] {dag.py:2306} INFO - Setting next_dagrun for example_kubernetes_executor_config to None
[2023-02-23 19:58:21,696] {scheduler_job.py:190} INFO - Processing /home/airflow/.local/lib/python3.6/site-packages/airflow/example_dags/example_kubernetes_executor_config.py took 0.050 seconds
[2023-02-23 19:58:52,288] {scheduler_job.py:182} INFO - Started process (PID=1823) to work on /home/airflow/.local/lib/python3.6/site-packages/airflow/example_dags/example_kubernetes_executor_config.py
[2023-02-23 19:58:52,289] {scheduler_job.py:633} INFO - Processing file /home/airflow/.local/lib/python3.6/site-packages/airflow/example_dags/example_kubernetes_executor_config.py for tasks to queue
[2023-02-23 19:58:52,289] {logging_mixin.py:104} INFO - [2023-02-23 19:58:52,289] {dagbag.py:496} INFO - Filling up the DagBag from /home/airflow/.local/lib/python3.6/site-packages/airflow/example_dags/example_kubernetes_executor_config.py
[2023-02-23 19:58:52,302] {scheduler_job.py:643} INFO - DAG(s) dict_keys(['example_kubernetes_executor_config']) retrieved from /home/airflow/.local/lib/python3.6/site-packages/airflow/example_dags/example_kubernetes_executor_config.py
[2023-02-23 19:58:52,321] {logging_mixin.py:104} INFO - [2023-02-23 19:58:52,321] {dag.py:1833} INFO - Sync 1 DAGs
[2023-02-23 19:58:52,333] {logging_mixin.py:104} INFO - [2023-02-23 19:58:52,333] {dag.py:2306} INFO - Setting next_dagrun for example_kubernetes_executor_config to None
[2023-02-23 19:58:52,340] {scheduler_job.py:190} INFO - Processing /home/airflow/.local/lib/python3.6/site-packages/airflow/example_dags/example_kubernetes_executor_config.py took 0.054 seconds
[2023-02-23 19:59:22,865] {scheduler_job.py:182} INFO - Started process (PID=1884) to work on /home/airflow/.local/lib/python3.6/site-packages/airflow/example_dags/example_kubernetes_executor_config.py
[2023-02-23 19:59:22,866] {scheduler_job.py:633} INFO - Processing file /home/airflow/.local/lib/python3.6/site-packages/airflow/example_dags/example_kubernetes_executor_config.py for tasks to queue
[2023-02-23 19:59:22,866] {logging_mixin.py:104} INFO - [2023-02-23 19:59:22,866] {dagbag.py:496} INFO - Filling up the DagBag from /home/airflow/.local/lib/python3.6/site-packages/airflow/example_dags/example_kubernetes_executor_config.py
[2023-02-23 19:59:22,878] {scheduler_job.py:643} INFO - DAG(s) dict_keys(['example_kubernetes_executor_config']) retrieved from /home/airflow/.local/lib/python3.6/site-packages/airflow/example_dags/example_kubernetes_executor_config.py
[2023-02-23 19:59:22,899] {logging_mixin.py:104} INFO - [2023-02-23 19:59:22,899] {dag.py:1833} INFO - Sync 1 DAGs
[2023-02-23 19:59:22,912] {logging_mixin.py:104} INFO - [2023-02-23 19:59:22,912] {dag.py:2306} INFO - Setting next_dagrun for example_kubernetes_executor_config to None
[2023-02-23 19:59:22,920] {scheduler_job.py:190} INFO - Processing /home/airflow/.local/lib/python3.6/site-packages/airflow/example_dags/example_kubernetes_executor_config.py took 0.057 seconds
[2023-02-23 19:59:53,600] {scheduler_job.py:182} INFO - Started process (PID=1935) to work on /home/airflow/.local/lib/python3.6/site-packages/airflow/example_dags/example_kubernetes_executor_config.py
[2023-02-23 19:59:53,601] {scheduler_job.py:633} INFO - Processing file /home/airflow/.local/lib/python3.6/site-packages/airflow/example_dags/example_kubernetes_executor_config.py for tasks to queue
[2023-02-23 19:59:53,601] {logging_mixin.py:104} INFO - [2023-02-23 19:59:53,601] {dagbag.py:496} INFO - Filling up the DagBag from /home/airflow/.local/lib/python3.6/site-packages/airflow/example_dags/example_kubernetes_executor_config.py
[2023-02-23 19:59:53,614] {scheduler_job.py:643} INFO - DAG(s) dict_keys(['example_kubernetes_executor_config']) retrieved from /home/airflow/.local/lib/python3.6/site-packages/airflow/example_dags/example_kubernetes_executor_config.py
[2023-02-23 19:59:53,633] {logging_mixin.py:104} INFO - [2023-02-23 19:59:53,633] {dag.py:1833} INFO - Sync 1 DAGs
[2023-02-23 19:59:53,645] {logging_mixin.py:104} INFO - [2023-02-23 19:59:53,645] {dag.py:2306} INFO - Setting next_dagrun for example_kubernetes_executor_config to None
[2023-02-23 19:59:53,652] {scheduler_job.py:190} INFO - Processing /home/airflow/.local/lib/python3.6/site-packages/airflow/example_dags/example_kubernetes_executor_config.py took 0.054 seconds
[2023-02-23 20:00:24,417] {scheduler_job.py:182} INFO - Started process (PID=1996) to work on /home/airflow/.local/lib/python3.6/site-packages/airflow/example_dags/example_kubernetes_executor_config.py
[2023-02-23 20:00:24,419] {scheduler_job.py:633} INFO - Processing file /home/airflow/.local/lib/python3.6/site-packages/airflow/example_dags/example_kubernetes_executor_config.py for tasks to queue
[2023-02-23 20:00:24,419] {logging_mixin.py:104} INFO - [2023-02-23 20:00:24,419] {dagbag.py:496} INFO - Filling up the DagBag from /home/airflow/.local/lib/python3.6/site-packages/airflow/example_dags/example_kubernetes_executor_config.py
[2023-02-23 20:00:24,430] {scheduler_job.py:643} INFO - DAG(s) dict_keys(['example_kubernetes_executor_config']) retrieved from /home/airflow/.local/lib/python3.6/site-packages/airflow/example_dags/example_kubernetes_executor_config.py
[2023-02-23 20:00:24,450] {logging_mixin.py:104} INFO - [2023-02-23 20:00:24,450] {dag.py:1833} INFO - Sync 1 DAGs
[2023-02-23 20:00:24,462] {logging_mixin.py:104} INFO - [2023-02-23 20:00:24,462] {dag.py:2306} INFO - Setting next_dagrun for example_kubernetes_executor_config to None
[2023-02-23 20:00:24,470] {scheduler_job.py:190} INFO - Processing /home/airflow/.local/lib/python3.6/site-packages/airflow/example_dags/example_kubernetes_executor_config.py took 0.056 seconds
[2023-02-23 20:00:55,044] {scheduler_job.py:182} INFO - Started process (PID=2047) to work on /home/airflow/.local/lib/python3.6/site-packages/airflow/example_dags/example_kubernetes_executor_config.py
[2023-02-23 20:00:55,045] {scheduler_job.py:633} INFO - Processing file /home/airflow/.local/lib/python3.6/site-packages/airflow/example_dags/example_kubernetes_executor_config.py for tasks to queue
[2023-02-23 20:00:55,045] {logging_mixin.py:104} INFO - [2023-02-23 20:00:55,045] {dagbag.py:496} INFO - Filling up the DagBag from /home/airflow/.local/lib/python3.6/site-packages/airflow/example_dags/example_kubernetes_executor_config.py
[2023-02-23 20:00:55,056] {scheduler_job.py:643} INFO - DAG(s) dict_keys(['example_kubernetes_executor_config']) retrieved from /home/airflow/.local/lib/python3.6/site-packages/airflow/example_dags/example_kubernetes_executor_config.py
[2023-02-23 20:00:55,075] {logging_mixin.py:104} INFO - [2023-02-23 20:00:55,075] {dag.py:1833} INFO - Sync 1 DAGs
[2023-02-23 20:00:55,087] {logging_mixin.py:104} INFO - [2023-02-23 20:00:55,087] {dag.py:2306} INFO - Setting next_dagrun for example_kubernetes_executor_config to None
[2023-02-23 20:00:55,094] {scheduler_job.py:190} INFO - Processing /home/airflow/.local/lib/python3.6/site-packages/airflow/example_dags/example_kubernetes_executor_config.py took 0.053 seconds
[2023-02-23 20:01:25,679] {scheduler_job.py:182} INFO - Started process (PID=2108) to work on /home/airflow/.local/lib/python3.6/site-packages/airflow/example_dags/example_kubernetes_executor_config.py
[2023-02-23 20:01:25,680] {scheduler_job.py:633} INFO - Processing file /home/airflow/.local/lib/python3.6/site-packages/airflow/example_dags/example_kubernetes_executor_config.py for tasks to queue
[2023-02-23 20:01:25,680] {logging_mixin.py:104} INFO - [2023-02-23 20:01:25,680] {dagbag.py:496} INFO - Filling up the DagBag from /home/airflow/.local/lib/python3.6/site-packages/airflow/example_dags/example_kubernetes_executor_config.py
[2023-02-23 20:01:25,691] {scheduler_job.py:643} INFO - DAG(s) dict_keys(['example_kubernetes_executor_config']) retrieved from /home/airflow/.local/lib/python3.6/site-packages/airflow/example_dags/example_kubernetes_executor_config.py
[2023-02-23 20:01:25,710] {logging_mixin.py:104} INFO - [2023-02-23 20:01:25,710] {dag.py:1833} INFO - Sync 1 DAGs
[2023-02-23 20:01:25,721] {logging_mixin.py:104} INFO - [2023-02-23 20:01:25,721] {dag.py:2306} INFO - Setting next_dagrun for example_kubernetes_executor_config to None
[2023-02-23 20:01:25,728] {scheduler_job.py:190} INFO - Processing /home/airflow/.local/lib/python3.6/site-packages/airflow/example_dags/example_kubernetes_executor_config.py took 0.052 seconds
[2023-02-23 20:01:56,407] {scheduler_job.py:182} INFO - Started process (PID=2159) to work on /home/airflow/.local/lib/python3.6/site-packages/airflow/example_dags/example_kubernetes_executor_config.py
[2023-02-23 20:01:56,408] {scheduler_job.py:633} INFO - Processing file /home/airflow/.local/lib/python3.6/site-packages/airflow/example_dags/example_kubernetes_executor_config.py for tasks to queue
[2023-02-23 20:01:56,408] {logging_mixin.py:104} INFO - [2023-02-23 20:01:56,408] {dagbag.py:496} INFO - Filling up the DagBag from /home/airflow/.local/lib/python3.6/site-packages/airflow/example_dags/example_kubernetes_executor_config.py
[2023-02-23 20:01:56,419] {scheduler_job.py:643} INFO - DAG(s) dict_keys(['example_kubernetes_executor_config']) retrieved from /home/airflow/.local/lib/python3.6/site-packages/airflow/example_dags/example_kubernetes_executor_config.py
[2023-02-23 20:01:56,455] {logging_mixin.py:104} INFO - [2023-02-23 20:01:56,454] {dag.py:1833} INFO - Sync 1 DAGs
[2023-02-23 20:01:56,468] {logging_mixin.py:104} INFO - [2023-02-23 20:01:56,468] {dag.py:2306} INFO - Setting next_dagrun for example_kubernetes_executor_config to None
[2023-02-23 20:01:56,475] {scheduler_job.py:190} INFO - Processing /home/airflow/.local/lib/python3.6/site-packages/airflow/example_dags/example_kubernetes_executor_config.py took 0.070 seconds
[2023-02-23 20:02:27,138] {scheduler_job.py:182} INFO - Started process (PID=2220) to work on /home/airflow/.local/lib/python3.6/site-packages/airflow/example_dags/example_kubernetes_executor_config.py
[2023-02-23 20:02:27,139] {scheduler_job.py:633} INFO - Processing file /home/airflow/.local/lib/python3.6/site-packages/airflow/example_dags/example_kubernetes_executor_config.py for tasks to queue
[2023-02-23 20:02:27,140] {logging_mixin.py:104} INFO - [2023-02-23 20:02:27,140] {dagbag.py:496} INFO - Filling up the DagBag from /home/airflow/.local/lib/python3.6/site-packages/airflow/example_dags/example_kubernetes_executor_config.py
[2023-02-23 20:02:27,150] {scheduler_job.py:643} INFO - DAG(s) dict_keys(['example_kubernetes_executor_config']) retrieved from /home/airflow/.local/lib/python3.6/site-packages/airflow/example_dags/example_kubernetes_executor_config.py
[2023-02-23 20:02:27,168] {logging_mixin.py:104} INFO - [2023-02-23 20:02:27,168] {dag.py:1833} INFO - Sync 1 DAGs
[2023-02-23 20:02:27,182] {logging_mixin.py:104} INFO - [2023-02-23 20:02:27,181] {dag.py:2306} INFO - Setting next_dagrun for example_kubernetes_executor_config to None
[2023-02-23 20:02:27,190] {scheduler_job.py:190} INFO - Processing /home/airflow/.local/lib/python3.6/site-packages/airflow/example_dags/example_kubernetes_executor_config.py took 0.053 seconds
[2023-02-23 20:02:57,816] {scheduler_job.py:182} INFO - Started process (PID=2281) to work on /home/airflow/.local/lib/python3.6/site-packages/airflow/example_dags/example_kubernetes_executor_config.py
[2023-02-23 20:02:57,816] {scheduler_job.py:633} INFO - Processing file /home/airflow/.local/lib/python3.6/site-packages/airflow/example_dags/example_kubernetes_executor_config.py for tasks to queue
[2023-02-23 20:02:57,817] {logging_mixin.py:104} INFO - [2023-02-23 20:02:57,817] {dagbag.py:496} INFO - Filling up the DagBag from /home/airflow/.local/lib/python3.6/site-packages/airflow/example_dags/example_kubernetes_executor_config.py
[2023-02-23 20:02:57,828] {scheduler_job.py:643} INFO - DAG(s) dict_keys(['example_kubernetes_executor_config']) retrieved from /home/airflow/.local/lib/python3.6/site-packages/airflow/example_dags/example_kubernetes_executor_config.py
[2023-02-23 20:02:57,845] {logging_mixin.py:104} INFO - [2023-02-23 20:02:57,845] {dag.py:1833} INFO - Sync 1 DAGs
[2023-02-23 20:02:57,857] {logging_mixin.py:104} INFO - [2023-02-23 20:02:57,857] {dag.py:2306} INFO - Setting next_dagrun for example_kubernetes_executor_config to None
[2023-02-23 20:02:57,864] {scheduler_job.py:190} INFO - Processing /home/airflow/.local/lib/python3.6/site-packages/airflow/example_dags/example_kubernetes_executor_config.py took 0.051 seconds
[2023-02-23 20:03:28,421] {scheduler_job.py:182} INFO - Started process (PID=2332) to work on /home/airflow/.local/lib/python3.6/site-packages/airflow/example_dags/example_kubernetes_executor_config.py
[2023-02-23 20:03:28,422] {scheduler_job.py:633} INFO - Processing file /home/airflow/.local/lib/python3.6/site-packages/airflow/example_dags/example_kubernetes_executor_config.py for tasks to queue
[2023-02-23 20:03:28,422] {logging_mixin.py:104} INFO - [2023-02-23 20:03:28,422] {dagbag.py:496} INFO - Filling up the DagBag from /home/airflow/.local/lib/python3.6/site-packages/airflow/example_dags/example_kubernetes_executor_config.py
[2023-02-23 20:03:28,432] {scheduler_job.py:643} INFO - DAG(s) dict_keys(['example_kubernetes_executor_config']) retrieved from /home/airflow/.local/lib/python3.6/site-packages/airflow/example_dags/example_kubernetes_executor_config.py
[2023-02-23 20:03:28,451] {logging_mixin.py:104} INFO - [2023-02-23 20:03:28,451] {dag.py:1833} INFO - Sync 1 DAGs
[2023-02-23 20:03:28,464] {logging_mixin.py:104} INFO - [2023-02-23 20:03:28,463] {dag.py:2306} INFO - Setting next_dagrun for example_kubernetes_executor_config to None
[2023-02-23 20:03:28,471] {scheduler_job.py:190} INFO - Processing /home/airflow/.local/lib/python3.6/site-packages/airflow/example_dags/example_kubernetes_executor_config.py took 0.052 seconds
[2023-02-23 20:03:59,063] {scheduler_job.py:182} INFO - Started process (PID=2393) to work on /home/airflow/.local/lib/python3.6/site-packages/airflow/example_dags/example_kubernetes_executor_config.py
[2023-02-23 20:03:59,064] {scheduler_job.py:633} INFO - Processing file /home/airflow/.local/lib/python3.6/site-packages/airflow/example_dags/example_kubernetes_executor_config.py for tasks to queue
[2023-02-23 20:03:59,064] {logging_mixin.py:104} INFO - [2023-02-23 20:03:59,064] {dagbag.py:496} INFO - Filling up the DagBag from /home/airflow/.local/lib/python3.6/site-packages/airflow/example_dags/example_kubernetes_executor_config.py
[2023-02-23 20:03:59,075] {scheduler_job.py:643} INFO - DAG(s) dict_keys(['example_kubernetes_executor_config']) retrieved from /home/airflow/.local/lib/python3.6/site-packages/airflow/example_dags/example_kubernetes_executor_config.py
[2023-02-23 20:03:59,092] {logging_mixin.py:104} INFO - [2023-02-23 20:03:59,092] {dag.py:1833} INFO - Sync 1 DAGs
[2023-02-23 20:03:59,103] {logging_mixin.py:104} INFO - [2023-02-23 20:03:59,103] {dag.py:2306} INFO - Setting next_dagrun for example_kubernetes_executor_config to None
[2023-02-23 20:03:59,110] {scheduler_job.py:190} INFO - Processing /home/airflow/.local/lib/python3.6/site-packages/airflow/example_dags/example_kubernetes_executor_config.py took 0.049 seconds
[2023-02-23 20:04:29,557] {scheduler_job.py:182} INFO - Started process (PID=2444) to work on /home/airflow/.local/lib/python3.6/site-packages/airflow/example_dags/example_kubernetes_executor_config.py
[2023-02-23 20:04:29,557] {scheduler_job.py:633} INFO - Processing file /home/airflow/.local/lib/python3.6/site-packages/airflow/example_dags/example_kubernetes_executor_config.py for tasks to queue
[2023-02-23 20:04:29,558] {logging_mixin.py:104} INFO - [2023-02-23 20:04:29,558] {dagbag.py:496} INFO - Filling up the DagBag from /home/airflow/.local/lib/python3.6/site-packages/airflow/example_dags/example_kubernetes_executor_config.py
[2023-02-23 20:04:29,568] {scheduler_job.py:643} INFO - DAG(s) dict_keys(['example_kubernetes_executor_config']) retrieved from /home/airflow/.local/lib/python3.6/site-packages/airflow/example_dags/example_kubernetes_executor_config.py
[2023-02-23 20:04:29,585] {logging_mixin.py:104} INFO - [2023-02-23 20:04:29,585] {dag.py:1833} INFO - Sync 1 DAGs
[2023-02-23 20:04:29,597] {logging_mixin.py:104} INFO - [2023-02-23 20:04:29,597] {dag.py:2306} INFO - Setting next_dagrun for example_kubernetes_executor_config to None
[2023-02-23 20:04:29,603] {scheduler_job.py:190} INFO - Processing /home/airflow/.local/lib/python3.6/site-packages/airflow/example_dags/example_kubernetes_executor_config.py took 0.049 seconds
