[2023-02-23 19:43:00,808] {scheduler_job.py:182} INFO - Started process (PID=75) to work on /home/airflow/.local/lib/python3.6/site-packages/airflow/example_dags/example_nested_branch_dag.py
[2023-02-23 19:43:00,809] {scheduler_job.py:633} INFO - Processing file /home/airflow/.local/lib/python3.6/site-packages/airflow/example_dags/example_nested_branch_dag.py for tasks to queue
[2023-02-23 19:43:00,809] {logging_mixin.py:104} INFO - [2023-02-23 19:43:00,809] {dagbag.py:496} INFO - Filling up the DagBag from /home/airflow/.local/lib/python3.6/site-packages/airflow/example_dags/example_nested_branch_dag.py
[2023-02-23 19:43:00,822] {scheduler_job.py:643} INFO - DAG(s) dict_keys(['example_nested_branch_dag']) retrieved from /home/airflow/.local/lib/python3.6/site-packages/airflow/example_dags/example_nested_branch_dag.py
[2023-02-23 19:43:00,887] {logging_mixin.py:104} INFO - [2023-02-23 19:43:00,887] {dag.py:1833} INFO - Sync 1 DAGs
[2023-02-23 19:43:00,904] {logging_mixin.py:104} INFO - [2023-02-23 19:43:00,904] {dag.py:2306} INFO - Setting next_dagrun for example_nested_branch_dag to 2023-02-21 00:00:00+00:00
[2023-02-23 19:43:00,913] {scheduler_job.py:190} INFO - Processing /home/airflow/.local/lib/python3.6/site-packages/airflow/example_dags/example_nested_branch_dag.py took 0.107 seconds
[2023-02-23 19:43:31,225] {scheduler_job.py:182} INFO - Started process (PID=126) to work on /home/airflow/.local/lib/python3.6/site-packages/airflow/example_dags/example_nested_branch_dag.py
[2023-02-23 19:43:31,226] {scheduler_job.py:633} INFO - Processing file /home/airflow/.local/lib/python3.6/site-packages/airflow/example_dags/example_nested_branch_dag.py for tasks to queue
[2023-02-23 19:43:31,227] {logging_mixin.py:104} INFO - [2023-02-23 19:43:31,227] {dagbag.py:496} INFO - Filling up the DagBag from /home/airflow/.local/lib/python3.6/site-packages/airflow/example_dags/example_nested_branch_dag.py
[2023-02-23 19:43:31,239] {scheduler_job.py:643} INFO - DAG(s) dict_keys(['example_nested_branch_dag']) retrieved from /home/airflow/.local/lib/python3.6/site-packages/airflow/example_dags/example_nested_branch_dag.py
[2023-02-23 19:43:31,271] {logging_mixin.py:104} INFO - [2023-02-23 19:43:31,270] {dag.py:1833} INFO - Sync 1 DAGs
[2023-02-23 19:43:31,286] {logging_mixin.py:104} INFO - [2023-02-23 19:43:31,286] {dag.py:2306} INFO - Setting next_dagrun for example_nested_branch_dag to 2023-02-21 00:00:00+00:00
[2023-02-23 19:43:31,295] {scheduler_job.py:190} INFO - Processing /home/airflow/.local/lib/python3.6/site-packages/airflow/example_dags/example_nested_branch_dag.py took 0.072 seconds
[2023-02-23 19:44:01,960] {scheduler_job.py:182} INFO - Started process (PID=187) to work on /home/airflow/.local/lib/python3.6/site-packages/airflow/example_dags/example_nested_branch_dag.py
[2023-02-23 19:44:01,961] {scheduler_job.py:633} INFO - Processing file /home/airflow/.local/lib/python3.6/site-packages/airflow/example_dags/example_nested_branch_dag.py for tasks to queue
[2023-02-23 19:44:01,961] {logging_mixin.py:104} INFO - [2023-02-23 19:44:01,961] {dagbag.py:496} INFO - Filling up the DagBag from /home/airflow/.local/lib/python3.6/site-packages/airflow/example_dags/example_nested_branch_dag.py
[2023-02-23 19:44:01,972] {scheduler_job.py:643} INFO - DAG(s) dict_keys(['example_nested_branch_dag']) retrieved from /home/airflow/.local/lib/python3.6/site-packages/airflow/example_dags/example_nested_branch_dag.py
[2023-02-23 19:44:01,988] {logging_mixin.py:104} INFO - [2023-02-23 19:44:01,988] {dag.py:1833} INFO - Sync 1 DAGs
[2023-02-23 19:44:02,002] {logging_mixin.py:104} INFO - [2023-02-23 19:44:02,002] {dag.py:2306} INFO - Setting next_dagrun for example_nested_branch_dag to 2023-02-21 00:00:00+00:00
[2023-02-23 19:44:02,009] {scheduler_job.py:190} INFO - Processing /home/airflow/.local/lib/python3.6/site-packages/airflow/example_dags/example_nested_branch_dag.py took 0.051 seconds
[2023-02-23 19:44:32,635] {scheduler_job.py:182} INFO - Started process (PID=248) to work on /home/airflow/.local/lib/python3.6/site-packages/airflow/example_dags/example_nested_branch_dag.py
[2023-02-23 19:44:32,636] {scheduler_job.py:633} INFO - Processing file /home/airflow/.local/lib/python3.6/site-packages/airflow/example_dags/example_nested_branch_dag.py for tasks to queue
[2023-02-23 19:44:32,637] {logging_mixin.py:104} INFO - [2023-02-23 19:44:32,636] {dagbag.py:496} INFO - Filling up the DagBag from /home/airflow/.local/lib/python3.6/site-packages/airflow/example_dags/example_nested_branch_dag.py
[2023-02-23 19:44:32,672] {scheduler_job.py:643} INFO - DAG(s) dict_keys(['example_nested_branch_dag']) retrieved from /home/airflow/.local/lib/python3.6/site-packages/airflow/example_dags/example_nested_branch_dag.py
[2023-02-23 19:44:32,691] {logging_mixin.py:104} INFO - [2023-02-23 19:44:32,691] {dag.py:1833} INFO - Sync 1 DAGs
[2023-02-23 19:44:32,710] {logging_mixin.py:104} INFO - [2023-02-23 19:44:32,710] {dag.py:2306} INFO - Setting next_dagrun for example_nested_branch_dag to 2023-02-21 00:00:00+00:00
[2023-02-23 19:44:32,719] {scheduler_job.py:190} INFO - Processing /home/airflow/.local/lib/python3.6/site-packages/airflow/example_dags/example_nested_branch_dag.py took 0.086 seconds
[2023-02-23 19:45:03,528] {scheduler_job.py:182} INFO - Started process (PID=299) to work on /home/airflow/.local/lib/python3.6/site-packages/airflow/example_dags/example_nested_branch_dag.py
[2023-02-23 19:45:03,528] {scheduler_job.py:633} INFO - Processing file /home/airflow/.local/lib/python3.6/site-packages/airflow/example_dags/example_nested_branch_dag.py for tasks to queue
[2023-02-23 19:45:03,529] {logging_mixin.py:104} INFO - [2023-02-23 19:45:03,529] {dagbag.py:496} INFO - Filling up the DagBag from /home/airflow/.local/lib/python3.6/site-packages/airflow/example_dags/example_nested_branch_dag.py
[2023-02-23 19:45:03,540] {scheduler_job.py:643} INFO - DAG(s) dict_keys(['example_nested_branch_dag']) retrieved from /home/airflow/.local/lib/python3.6/site-packages/airflow/example_dags/example_nested_branch_dag.py
[2023-02-23 19:45:03,556] {logging_mixin.py:104} INFO - [2023-02-23 19:45:03,556] {dag.py:1833} INFO - Sync 1 DAGs
[2023-02-23 19:45:03,570] {logging_mixin.py:104} INFO - [2023-02-23 19:45:03,570] {dag.py:2306} INFO - Setting next_dagrun for example_nested_branch_dag to 2023-02-21 00:00:00+00:00
[2023-02-23 19:45:03,577] {scheduler_job.py:190} INFO - Processing /home/airflow/.local/lib/python3.6/site-packages/airflow/example_dags/example_nested_branch_dag.py took 0.052 seconds
[2023-02-23 19:45:34,403] {scheduler_job.py:182} INFO - Started process (PID=360) to work on /home/airflow/.local/lib/python3.6/site-packages/airflow/example_dags/example_nested_branch_dag.py
[2023-02-23 19:45:34,404] {scheduler_job.py:633} INFO - Processing file /home/airflow/.local/lib/python3.6/site-packages/airflow/example_dags/example_nested_branch_dag.py for tasks to queue
[2023-02-23 19:45:34,405] {logging_mixin.py:104} INFO - [2023-02-23 19:45:34,405] {dagbag.py:496} INFO - Filling up the DagBag from /home/airflow/.local/lib/python3.6/site-packages/airflow/example_dags/example_nested_branch_dag.py
[2023-02-23 19:45:34,418] {scheduler_job.py:643} INFO - DAG(s) dict_keys(['example_nested_branch_dag']) retrieved from /home/airflow/.local/lib/python3.6/site-packages/airflow/example_dags/example_nested_branch_dag.py
[2023-02-23 19:45:34,437] {logging_mixin.py:104} INFO - [2023-02-23 19:45:34,437] {dag.py:1833} INFO - Sync 1 DAGs
[2023-02-23 19:45:34,453] {logging_mixin.py:104} INFO - [2023-02-23 19:45:34,453] {dag.py:2306} INFO - Setting next_dagrun for example_nested_branch_dag to 2023-02-21 00:00:00+00:00
[2023-02-23 19:45:34,474] {scheduler_job.py:190} INFO - Processing /home/airflow/.local/lib/python3.6/site-packages/airflow/example_dags/example_nested_branch_dag.py took 0.074 seconds
[2023-02-23 19:46:05,110] {scheduler_job.py:182} INFO - Started process (PID=411) to work on /home/airflow/.local/lib/python3.6/site-packages/airflow/example_dags/example_nested_branch_dag.py
[2023-02-23 19:46:05,111] {scheduler_job.py:633} INFO - Processing file /home/airflow/.local/lib/python3.6/site-packages/airflow/example_dags/example_nested_branch_dag.py for tasks to queue
[2023-02-23 19:46:05,111] {logging_mixin.py:104} INFO - [2023-02-23 19:46:05,111] {dagbag.py:496} INFO - Filling up the DagBag from /home/airflow/.local/lib/python3.6/site-packages/airflow/example_dags/example_nested_branch_dag.py
[2023-02-23 19:46:05,123] {scheduler_job.py:643} INFO - DAG(s) dict_keys(['example_nested_branch_dag']) retrieved from /home/airflow/.local/lib/python3.6/site-packages/airflow/example_dags/example_nested_branch_dag.py
[2023-02-23 19:46:05,140] {logging_mixin.py:104} INFO - [2023-02-23 19:46:05,140] {dag.py:1833} INFO - Sync 1 DAGs
[2023-02-23 19:46:05,154] {logging_mixin.py:104} INFO - [2023-02-23 19:46:05,154] {dag.py:2306} INFO - Setting next_dagrun for example_nested_branch_dag to 2023-02-21 00:00:00+00:00
[2023-02-23 19:46:05,161] {scheduler_job.py:190} INFO - Processing /home/airflow/.local/lib/python3.6/site-packages/airflow/example_dags/example_nested_branch_dag.py took 0.053 seconds
[2023-02-23 19:46:35,692] {scheduler_job.py:182} INFO - Started process (PID=472) to work on /home/airflow/.local/lib/python3.6/site-packages/airflow/example_dags/example_nested_branch_dag.py
[2023-02-23 19:46:35,693] {scheduler_job.py:633} INFO - Processing file /home/airflow/.local/lib/python3.6/site-packages/airflow/example_dags/example_nested_branch_dag.py for tasks to queue
[2023-02-23 19:46:35,693] {logging_mixin.py:104} INFO - [2023-02-23 19:46:35,693] {dagbag.py:496} INFO - Filling up the DagBag from /home/airflow/.local/lib/python3.6/site-packages/airflow/example_dags/example_nested_branch_dag.py
[2023-02-23 19:46:35,707] {scheduler_job.py:643} INFO - DAG(s) dict_keys(['example_nested_branch_dag']) retrieved from /home/airflow/.local/lib/python3.6/site-packages/airflow/example_dags/example_nested_branch_dag.py
[2023-02-23 19:46:35,725] {logging_mixin.py:104} INFO - [2023-02-23 19:46:35,725] {dag.py:1833} INFO - Sync 1 DAGs
[2023-02-23 19:46:35,777] {logging_mixin.py:104} INFO - [2023-02-23 19:46:35,777] {dag.py:2306} INFO - Setting next_dagrun for example_nested_branch_dag to 2023-02-21 00:00:00+00:00
[2023-02-23 19:46:35,784] {scheduler_job.py:190} INFO - Processing /home/airflow/.local/lib/python3.6/site-packages/airflow/example_dags/example_nested_branch_dag.py took 0.095 seconds
[2023-02-23 19:47:06,547] {scheduler_job.py:182} INFO - Started process (PID=523) to work on /home/airflow/.local/lib/python3.6/site-packages/airflow/example_dags/example_nested_branch_dag.py
[2023-02-23 19:47:06,548] {scheduler_job.py:633} INFO - Processing file /home/airflow/.local/lib/python3.6/site-packages/airflow/example_dags/example_nested_branch_dag.py for tasks to queue
[2023-02-23 19:47:06,548] {logging_mixin.py:104} INFO - [2023-02-23 19:47:06,548] {dagbag.py:496} INFO - Filling up the DagBag from /home/airflow/.local/lib/python3.6/site-packages/airflow/example_dags/example_nested_branch_dag.py
[2023-02-23 19:47:06,559] {scheduler_job.py:643} INFO - DAG(s) dict_keys(['example_nested_branch_dag']) retrieved from /home/airflow/.local/lib/python3.6/site-packages/airflow/example_dags/example_nested_branch_dag.py
[2023-02-23 19:47:06,576] {logging_mixin.py:104} INFO - [2023-02-23 19:47:06,576] {dag.py:1833} INFO - Sync 1 DAGs
[2023-02-23 19:47:06,592] {logging_mixin.py:104} INFO - [2023-02-23 19:47:06,591] {dag.py:2306} INFO - Setting next_dagrun for example_nested_branch_dag to 2023-02-21 00:00:00+00:00
[2023-02-23 19:47:06,599] {scheduler_job.py:190} INFO - Processing /home/airflow/.local/lib/python3.6/site-packages/airflow/example_dags/example_nested_branch_dag.py took 0.055 seconds
[2023-02-23 19:47:37,143] {scheduler_job.py:182} INFO - Started process (PID=584) to work on /home/airflow/.local/lib/python3.6/site-packages/airflow/example_dags/example_nested_branch_dag.py
[2023-02-23 19:47:37,144] {scheduler_job.py:633} INFO - Processing file /home/airflow/.local/lib/python3.6/site-packages/airflow/example_dags/example_nested_branch_dag.py for tasks to queue
[2023-02-23 19:47:37,144] {logging_mixin.py:104} INFO - [2023-02-23 19:47:37,144] {dagbag.py:496} INFO - Filling up the DagBag from /home/airflow/.local/lib/python3.6/site-packages/airflow/example_dags/example_nested_branch_dag.py
[2023-02-23 19:47:37,156] {scheduler_job.py:643} INFO - DAG(s) dict_keys(['example_nested_branch_dag']) retrieved from /home/airflow/.local/lib/python3.6/site-packages/airflow/example_dags/example_nested_branch_dag.py
[2023-02-23 19:47:37,174] {logging_mixin.py:104} INFO - [2023-02-23 19:47:37,174] {dag.py:1833} INFO - Sync 1 DAGs
[2023-02-23 19:47:37,190] {logging_mixin.py:104} INFO - [2023-02-23 19:47:37,189] {dag.py:2306} INFO - Setting next_dagrun for example_nested_branch_dag to 2023-02-21 00:00:00+00:00
[2023-02-23 19:47:37,197] {scheduler_job.py:190} INFO - Processing /home/airflow/.local/lib/python3.6/site-packages/airflow/example_dags/example_nested_branch_dag.py took 0.056 seconds
[2023-02-23 19:48:07,775] {scheduler_job.py:182} INFO - Started process (PID=645) to work on /home/airflow/.local/lib/python3.6/site-packages/airflow/example_dags/example_nested_branch_dag.py
[2023-02-23 19:48:07,776] {scheduler_job.py:633} INFO - Processing file /home/airflow/.local/lib/python3.6/site-packages/airflow/example_dags/example_nested_branch_dag.py for tasks to queue
[2023-02-23 19:48:07,776] {logging_mixin.py:104} INFO - [2023-02-23 19:48:07,776] {dagbag.py:496} INFO - Filling up the DagBag from /home/airflow/.local/lib/python3.6/site-packages/airflow/example_dags/example_nested_branch_dag.py
[2023-02-23 19:48:07,788] {scheduler_job.py:643} INFO - DAG(s) dict_keys(['example_nested_branch_dag']) retrieved from /home/airflow/.local/lib/python3.6/site-packages/airflow/example_dags/example_nested_branch_dag.py
[2023-02-23 19:48:07,806] {logging_mixin.py:104} INFO - [2023-02-23 19:48:07,806] {dag.py:1833} INFO - Sync 1 DAGs
[2023-02-23 19:48:07,821] {logging_mixin.py:104} INFO - [2023-02-23 19:48:07,821] {dag.py:2306} INFO - Setting next_dagrun for example_nested_branch_dag to 2023-02-21 00:00:00+00:00
[2023-02-23 19:48:07,828] {scheduler_job.py:190} INFO - Processing /home/airflow/.local/lib/python3.6/site-packages/airflow/example_dags/example_nested_branch_dag.py took 0.055 seconds
[2023-02-23 19:48:38,389] {scheduler_job.py:182} INFO - Started process (PID=696) to work on /home/airflow/.local/lib/python3.6/site-packages/airflow/example_dags/example_nested_branch_dag.py
[2023-02-23 19:48:38,390] {scheduler_job.py:633} INFO - Processing file /home/airflow/.local/lib/python3.6/site-packages/airflow/example_dags/example_nested_branch_dag.py for tasks to queue
[2023-02-23 19:48:38,390] {logging_mixin.py:104} INFO - [2023-02-23 19:48:38,390] {dagbag.py:496} INFO - Filling up the DagBag from /home/airflow/.local/lib/python3.6/site-packages/airflow/example_dags/example_nested_branch_dag.py
[2023-02-23 19:48:38,402] {scheduler_job.py:643} INFO - DAG(s) dict_keys(['example_nested_branch_dag']) retrieved from /home/airflow/.local/lib/python3.6/site-packages/airflow/example_dags/example_nested_branch_dag.py
[2023-02-23 19:48:38,420] {logging_mixin.py:104} INFO - [2023-02-23 19:48:38,420] {dag.py:1833} INFO - Sync 1 DAGs
[2023-02-23 19:48:38,436] {logging_mixin.py:104} INFO - [2023-02-23 19:48:38,436] {dag.py:2306} INFO - Setting next_dagrun for example_nested_branch_dag to 2023-02-21 00:00:00+00:00
[2023-02-23 19:48:38,444] {scheduler_job.py:190} INFO - Processing /home/airflow/.local/lib/python3.6/site-packages/airflow/example_dags/example_nested_branch_dag.py took 0.057 seconds
[2023-02-23 19:49:08,937] {scheduler_job.py:182} INFO - Started process (PID=757) to work on /home/airflow/.local/lib/python3.6/site-packages/airflow/example_dags/example_nested_branch_dag.py
[2023-02-23 19:49:08,938] {scheduler_job.py:633} INFO - Processing file /home/airflow/.local/lib/python3.6/site-packages/airflow/example_dags/example_nested_branch_dag.py for tasks to queue
[2023-02-23 19:49:08,938] {logging_mixin.py:104} INFO - [2023-02-23 19:49:08,938] {dagbag.py:496} INFO - Filling up the DagBag from /home/airflow/.local/lib/python3.6/site-packages/airflow/example_dags/example_nested_branch_dag.py
[2023-02-23 19:49:08,950] {scheduler_job.py:643} INFO - DAG(s) dict_keys(['example_nested_branch_dag']) retrieved from /home/airflow/.local/lib/python3.6/site-packages/airflow/example_dags/example_nested_branch_dag.py
[2023-02-23 19:49:08,967] {logging_mixin.py:104} INFO - [2023-02-23 19:49:08,967] {dag.py:1833} INFO - Sync 1 DAGs
[2023-02-23 19:49:08,982] {logging_mixin.py:104} INFO - [2023-02-23 19:49:08,982] {dag.py:2306} INFO - Setting next_dagrun for example_nested_branch_dag to 2023-02-21 00:00:00+00:00
[2023-02-23 19:49:08,990] {scheduler_job.py:190} INFO - Processing /home/airflow/.local/lib/python3.6/site-packages/airflow/example_dags/example_nested_branch_dag.py took 0.055 seconds
[2023-02-23 19:49:40,176] {scheduler_job.py:182} INFO - Started process (PID=808) to work on /home/airflow/.local/lib/python3.6/site-packages/airflow/example_dags/example_nested_branch_dag.py
[2023-02-23 19:49:40,177] {scheduler_job.py:633} INFO - Processing file /home/airflow/.local/lib/python3.6/site-packages/airflow/example_dags/example_nested_branch_dag.py for tasks to queue
[2023-02-23 19:49:40,178] {logging_mixin.py:104} INFO - [2023-02-23 19:49:40,178] {dagbag.py:496} INFO - Filling up the DagBag from /home/airflow/.local/lib/python3.6/site-packages/airflow/example_dags/example_nested_branch_dag.py
[2023-02-23 19:49:40,270] {scheduler_job.py:643} INFO - DAG(s) dict_keys(['example_nested_branch_dag']) retrieved from /home/airflow/.local/lib/python3.6/site-packages/airflow/example_dags/example_nested_branch_dag.py
[2023-02-23 19:49:40,369] {logging_mixin.py:104} INFO - [2023-02-23 19:49:40,369] {dag.py:1833} INFO - Sync 1 DAGs
[2023-02-23 19:49:40,389] {logging_mixin.py:104} INFO - [2023-02-23 19:49:40,388] {dag.py:2306} INFO - Setting next_dagrun for example_nested_branch_dag to 2023-02-21 00:00:00+00:00
[2023-02-23 19:49:40,478] {scheduler_job.py:190} INFO - Processing /home/airflow/.local/lib/python3.6/site-packages/airflow/example_dags/example_nested_branch_dag.py took 0.304 seconds
[2023-02-23 19:50:11,378] {scheduler_job.py:182} INFO - Started process (PID=869) to work on /home/airflow/.local/lib/python3.6/site-packages/airflow/example_dags/example_nested_branch_dag.py
[2023-02-23 19:50:11,380] {scheduler_job.py:633} INFO - Processing file /home/airflow/.local/lib/python3.6/site-packages/airflow/example_dags/example_nested_branch_dag.py for tasks to queue
[2023-02-23 19:50:11,380] {logging_mixin.py:104} INFO - [2023-02-23 19:50:11,380] {dagbag.py:496} INFO - Filling up the DagBag from /home/airflow/.local/lib/python3.6/site-packages/airflow/example_dags/example_nested_branch_dag.py
[2023-02-23 19:50:11,393] {scheduler_job.py:643} INFO - DAG(s) dict_keys(['example_nested_branch_dag']) retrieved from /home/airflow/.local/lib/python3.6/site-packages/airflow/example_dags/example_nested_branch_dag.py
[2023-02-23 19:50:11,413] {logging_mixin.py:104} INFO - [2023-02-23 19:50:11,413] {dag.py:1833} INFO - Sync 1 DAGs
[2023-02-23 19:50:11,431] {logging_mixin.py:104} INFO - [2023-02-23 19:50:11,431] {dag.py:2306} INFO - Setting next_dagrun for example_nested_branch_dag to 2023-02-21 00:00:00+00:00
[2023-02-23 19:50:11,441] {scheduler_job.py:190} INFO - Processing /home/airflow/.local/lib/python3.6/site-packages/airflow/example_dags/example_nested_branch_dag.py took 0.065 seconds
[2023-02-23 19:50:42,189] {scheduler_job.py:182} INFO - Started process (PID=920) to work on /home/airflow/.local/lib/python3.6/site-packages/airflow/example_dags/example_nested_branch_dag.py
[2023-02-23 19:50:42,190] {scheduler_job.py:633} INFO - Processing file /home/airflow/.local/lib/python3.6/site-packages/airflow/example_dags/example_nested_branch_dag.py for tasks to queue
[2023-02-23 19:50:42,191] {logging_mixin.py:104} INFO - [2023-02-23 19:50:42,191] {dagbag.py:496} INFO - Filling up the DagBag from /home/airflow/.local/lib/python3.6/site-packages/airflow/example_dags/example_nested_branch_dag.py
[2023-02-23 19:50:42,269] {scheduler_job.py:643} INFO - DAG(s) dict_keys(['example_nested_branch_dag']) retrieved from /home/airflow/.local/lib/python3.6/site-packages/airflow/example_dags/example_nested_branch_dag.py
[2023-02-23 19:50:42,292] {logging_mixin.py:104} INFO - [2023-02-23 19:50:42,292] {dag.py:1833} INFO - Sync 1 DAGs
[2023-02-23 19:50:42,380] {logging_mixin.py:104} INFO - [2023-02-23 19:50:42,380] {dag.py:2306} INFO - Setting next_dagrun for example_nested_branch_dag to 2023-02-21 00:00:00+00:00
[2023-02-23 19:50:42,390] {scheduler_job.py:190} INFO - Processing /home/airflow/.local/lib/python3.6/site-packages/airflow/example_dags/example_nested_branch_dag.py took 0.204 seconds
[2023-02-23 19:51:13,160] {scheduler_job.py:182} INFO - Started process (PID=981) to work on /home/airflow/.local/lib/python3.6/site-packages/airflow/example_dags/example_nested_branch_dag.py
[2023-02-23 19:51:13,161] {scheduler_job.py:633} INFO - Processing file /home/airflow/.local/lib/python3.6/site-packages/airflow/example_dags/example_nested_branch_dag.py for tasks to queue
[2023-02-23 19:51:13,161] {logging_mixin.py:104} INFO - [2023-02-23 19:51:13,161] {dagbag.py:496} INFO - Filling up the DagBag from /home/airflow/.local/lib/python3.6/site-packages/airflow/example_dags/example_nested_branch_dag.py
[2023-02-23 19:51:13,171] {scheduler_job.py:643} INFO - DAG(s) dict_keys(['example_nested_branch_dag']) retrieved from /home/airflow/.local/lib/python3.6/site-packages/airflow/example_dags/example_nested_branch_dag.py
[2023-02-23 19:51:13,187] {logging_mixin.py:104} INFO - [2023-02-23 19:51:13,187] {dag.py:1833} INFO - Sync 1 DAGs
[2023-02-23 19:51:13,202] {logging_mixin.py:104} INFO - [2023-02-23 19:51:13,202] {dag.py:2306} INFO - Setting next_dagrun for example_nested_branch_dag to 2023-02-21 00:00:00+00:00
[2023-02-23 19:51:13,208] {scheduler_job.py:190} INFO - Processing /home/airflow/.local/lib/python3.6/site-packages/airflow/example_dags/example_nested_branch_dag.py took 0.050 seconds
[2023-02-23 19:51:43,686] {scheduler_job.py:182} INFO - Started process (PID=1032) to work on /home/airflow/.local/lib/python3.6/site-packages/airflow/example_dags/example_nested_branch_dag.py
[2023-02-23 19:51:43,687] {scheduler_job.py:633} INFO - Processing file /home/airflow/.local/lib/python3.6/site-packages/airflow/example_dags/example_nested_branch_dag.py for tasks to queue
[2023-02-23 19:51:43,687] {logging_mixin.py:104} INFO - [2023-02-23 19:51:43,687] {dagbag.py:496} INFO - Filling up the DagBag from /home/airflow/.local/lib/python3.6/site-packages/airflow/example_dags/example_nested_branch_dag.py
[2023-02-23 19:51:43,698] {scheduler_job.py:643} INFO - DAG(s) dict_keys(['example_nested_branch_dag']) retrieved from /home/airflow/.local/lib/python3.6/site-packages/airflow/example_dags/example_nested_branch_dag.py
[2023-02-23 19:51:43,715] {logging_mixin.py:104} INFO - [2023-02-23 19:51:43,715] {dag.py:1833} INFO - Sync 1 DAGs
[2023-02-23 19:51:43,730] {logging_mixin.py:104} INFO - [2023-02-23 19:51:43,730] {dag.py:2306} INFO - Setting next_dagrun for example_nested_branch_dag to 2023-02-21 00:00:00+00:00
[2023-02-23 19:51:43,736] {scheduler_job.py:190} INFO - Processing /home/airflow/.local/lib/python3.6/site-packages/airflow/example_dags/example_nested_branch_dag.py took 0.052 seconds
[2023-02-23 19:52:14,324] {scheduler_job.py:182} INFO - Started process (PID=1093) to work on /home/airflow/.local/lib/python3.6/site-packages/airflow/example_dags/example_nested_branch_dag.py
[2023-02-23 19:52:14,325] {scheduler_job.py:633} INFO - Processing file /home/airflow/.local/lib/python3.6/site-packages/airflow/example_dags/example_nested_branch_dag.py for tasks to queue
[2023-02-23 19:52:14,325] {logging_mixin.py:104} INFO - [2023-02-23 19:52:14,325] {dagbag.py:496} INFO - Filling up the DagBag from /home/airflow/.local/lib/python3.6/site-packages/airflow/example_dags/example_nested_branch_dag.py
[2023-02-23 19:52:14,336] {scheduler_job.py:643} INFO - DAG(s) dict_keys(['example_nested_branch_dag']) retrieved from /home/airflow/.local/lib/python3.6/site-packages/airflow/example_dags/example_nested_branch_dag.py
[2023-02-23 19:52:14,352] {logging_mixin.py:104} INFO - [2023-02-23 19:52:14,352] {dag.py:1833} INFO - Sync 1 DAGs
[2023-02-23 19:52:14,366] {logging_mixin.py:104} INFO - [2023-02-23 19:52:14,366] {dag.py:2306} INFO - Setting next_dagrun for example_nested_branch_dag to 2023-02-21 00:00:00+00:00
[2023-02-23 19:52:14,373] {scheduler_job.py:190} INFO - Processing /home/airflow/.local/lib/python3.6/site-packages/airflow/example_dags/example_nested_branch_dag.py took 0.051 seconds
[2023-02-23 19:52:44,873] {scheduler_job.py:182} INFO - Started process (PID=1152) to work on /home/airflow/.local/lib/python3.6/site-packages/airflow/example_dags/example_nested_branch_dag.py
[2023-02-23 19:52:44,873] {scheduler_job.py:633} INFO - Processing file /home/airflow/.local/lib/python3.6/site-packages/airflow/example_dags/example_nested_branch_dag.py for tasks to queue
[2023-02-23 19:52:44,874] {logging_mixin.py:104} INFO - [2023-02-23 19:52:44,874] {dagbag.py:496} INFO - Filling up the DagBag from /home/airflow/.local/lib/python3.6/site-packages/airflow/example_dags/example_nested_branch_dag.py
[2023-02-23 19:52:44,885] {scheduler_job.py:643} INFO - DAG(s) dict_keys(['example_nested_branch_dag']) retrieved from /home/airflow/.local/lib/python3.6/site-packages/airflow/example_dags/example_nested_branch_dag.py
[2023-02-23 19:52:44,902] {logging_mixin.py:104} INFO - [2023-02-23 19:52:44,902] {dag.py:1833} INFO - Sync 1 DAGs
[2023-02-23 19:52:44,919] {logging_mixin.py:104} INFO - [2023-02-23 19:52:44,918] {dag.py:2306} INFO - Setting next_dagrun for example_nested_branch_dag to 2023-02-21 00:00:00+00:00
[2023-02-23 19:52:44,927] {scheduler_job.py:190} INFO - Processing /home/airflow/.local/lib/python3.6/site-packages/airflow/example_dags/example_nested_branch_dag.py took 0.056 seconds
[2023-02-23 19:53:15,618] {scheduler_job.py:182} INFO - Started process (PID=1204) to work on /home/airflow/.local/lib/python3.6/site-packages/airflow/example_dags/example_nested_branch_dag.py
[2023-02-23 19:53:15,619] {scheduler_job.py:633} INFO - Processing file /home/airflow/.local/lib/python3.6/site-packages/airflow/example_dags/example_nested_branch_dag.py for tasks to queue
[2023-02-23 19:53:15,619] {logging_mixin.py:104} INFO - [2023-02-23 19:53:15,619] {dagbag.py:496} INFO - Filling up the DagBag from /home/airflow/.local/lib/python3.6/site-packages/airflow/example_dags/example_nested_branch_dag.py
[2023-02-23 19:53:15,631] {scheduler_job.py:643} INFO - DAG(s) dict_keys(['example_nested_branch_dag']) retrieved from /home/airflow/.local/lib/python3.6/site-packages/airflow/example_dags/example_nested_branch_dag.py
[2023-02-23 19:53:15,654] {logging_mixin.py:104} INFO - [2023-02-23 19:53:15,654] {dag.py:1833} INFO - Sync 1 DAGs
[2023-02-23 19:53:15,668] {logging_mixin.py:104} INFO - [2023-02-23 19:53:15,668] {dag.py:2306} INFO - Setting next_dagrun for example_nested_branch_dag to 2023-02-21 00:00:00+00:00
[2023-02-23 19:53:15,677] {scheduler_job.py:190} INFO - Processing /home/airflow/.local/lib/python3.6/site-packages/airflow/example_dags/example_nested_branch_dag.py took 0.062 seconds
[2023-02-23 19:53:46,411] {scheduler_job.py:182} INFO - Started process (PID=1264) to work on /home/airflow/.local/lib/python3.6/site-packages/airflow/example_dags/example_nested_branch_dag.py
[2023-02-23 19:53:46,411] {scheduler_job.py:633} INFO - Processing file /home/airflow/.local/lib/python3.6/site-packages/airflow/example_dags/example_nested_branch_dag.py for tasks to queue
[2023-02-23 19:53:46,412] {logging_mixin.py:104} INFO - [2023-02-23 19:53:46,412] {dagbag.py:496} INFO - Filling up the DagBag from /home/airflow/.local/lib/python3.6/site-packages/airflow/example_dags/example_nested_branch_dag.py
[2023-02-23 19:53:46,424] {scheduler_job.py:643} INFO - DAG(s) dict_keys(['example_nested_branch_dag']) retrieved from /home/airflow/.local/lib/python3.6/site-packages/airflow/example_dags/example_nested_branch_dag.py
[2023-02-23 19:53:46,443] {logging_mixin.py:104} INFO - [2023-02-23 19:53:46,443] {dag.py:1833} INFO - Sync 1 DAGs
[2023-02-23 19:53:46,459] {logging_mixin.py:104} INFO - [2023-02-23 19:53:46,458] {dag.py:2306} INFO - Setting next_dagrun for example_nested_branch_dag to 2023-02-21 00:00:00+00:00
[2023-02-23 19:53:46,466] {scheduler_job.py:190} INFO - Processing /home/airflow/.local/lib/python3.6/site-packages/airflow/example_dags/example_nested_branch_dag.py took 0.058 seconds
[2023-02-23 19:54:16,970] {scheduler_job.py:182} INFO - Started process (PID=1316) to work on /home/airflow/.local/lib/python3.6/site-packages/airflow/example_dags/example_nested_branch_dag.py
[2023-02-23 19:54:16,970] {scheduler_job.py:633} INFO - Processing file /home/airflow/.local/lib/python3.6/site-packages/airflow/example_dags/example_nested_branch_dag.py for tasks to queue
[2023-02-23 19:54:16,971] {logging_mixin.py:104} INFO - [2023-02-23 19:54:16,971] {dagbag.py:496} INFO - Filling up the DagBag from /home/airflow/.local/lib/python3.6/site-packages/airflow/example_dags/example_nested_branch_dag.py
[2023-02-23 19:54:16,984] {scheduler_job.py:643} INFO - DAG(s) dict_keys(['example_nested_branch_dag']) retrieved from /home/airflow/.local/lib/python3.6/site-packages/airflow/example_dags/example_nested_branch_dag.py
[2023-02-23 19:54:17,006] {logging_mixin.py:104} INFO - [2023-02-23 19:54:17,006] {dag.py:1833} INFO - Sync 1 DAGs
[2023-02-23 19:54:17,023] {logging_mixin.py:104} INFO - [2023-02-23 19:54:17,023] {dag.py:2306} INFO - Setting next_dagrun for example_nested_branch_dag to 2023-02-21 00:00:00+00:00
[2023-02-23 19:54:17,033] {scheduler_job.py:190} INFO - Processing /home/airflow/.local/lib/python3.6/site-packages/airflow/example_dags/example_nested_branch_dag.py took 0.065 seconds
[2023-02-23 19:54:47,559] {scheduler_job.py:182} INFO - Started process (PID=1377) to work on /home/airflow/.local/lib/python3.6/site-packages/airflow/example_dags/example_nested_branch_dag.py
[2023-02-23 19:54:47,559] {scheduler_job.py:633} INFO - Processing file /home/airflow/.local/lib/python3.6/site-packages/airflow/example_dags/example_nested_branch_dag.py for tasks to queue
[2023-02-23 19:54:47,560] {logging_mixin.py:104} INFO - [2023-02-23 19:54:47,560] {dagbag.py:496} INFO - Filling up the DagBag from /home/airflow/.local/lib/python3.6/site-packages/airflow/example_dags/example_nested_branch_dag.py
[2023-02-23 19:54:47,570] {scheduler_job.py:643} INFO - DAG(s) dict_keys(['example_nested_branch_dag']) retrieved from /home/airflow/.local/lib/python3.6/site-packages/airflow/example_dags/example_nested_branch_dag.py
[2023-02-23 19:54:47,588] {logging_mixin.py:104} INFO - [2023-02-23 19:54:47,588] {dag.py:1833} INFO - Sync 1 DAGs
[2023-02-23 19:54:47,602] {logging_mixin.py:104} INFO - [2023-02-23 19:54:47,602] {dag.py:2306} INFO - Setting next_dagrun for example_nested_branch_dag to 2023-02-21 00:00:00+00:00
[2023-02-23 19:54:47,610] {scheduler_job.py:190} INFO - Processing /home/airflow/.local/lib/python3.6/site-packages/airflow/example_dags/example_nested_branch_dag.py took 0.053 seconds
[2023-02-23 19:55:17,976] {scheduler_job.py:182} INFO - Started process (PID=1428) to work on /home/airflow/.local/lib/python3.6/site-packages/airflow/example_dags/example_nested_branch_dag.py
[2023-02-23 19:55:17,977] {scheduler_job.py:633} INFO - Processing file /home/airflow/.local/lib/python3.6/site-packages/airflow/example_dags/example_nested_branch_dag.py for tasks to queue
[2023-02-23 19:55:17,977] {logging_mixin.py:104} INFO - [2023-02-23 19:55:17,977] {dagbag.py:496} INFO - Filling up the DagBag from /home/airflow/.local/lib/python3.6/site-packages/airflow/example_dags/example_nested_branch_dag.py
[2023-02-23 19:55:17,988] {scheduler_job.py:643} INFO - DAG(s) dict_keys(['example_nested_branch_dag']) retrieved from /home/airflow/.local/lib/python3.6/site-packages/airflow/example_dags/example_nested_branch_dag.py
[2023-02-23 19:55:18,005] {logging_mixin.py:104} INFO - [2023-02-23 19:55:18,005] {dag.py:1833} INFO - Sync 1 DAGs
[2023-02-23 19:55:18,019] {logging_mixin.py:104} INFO - [2023-02-23 19:55:18,019] {dag.py:2306} INFO - Setting next_dagrun for example_nested_branch_dag to 2023-02-21 00:00:00+00:00
[2023-02-23 19:55:18,026] {scheduler_job.py:190} INFO - Processing /home/airflow/.local/lib/python3.6/site-packages/airflow/example_dags/example_nested_branch_dag.py took 0.053 seconds
[2023-02-23 19:55:48,912] {scheduler_job.py:182} INFO - Started process (PID=1489) to work on /home/airflow/.local/lib/python3.6/site-packages/airflow/example_dags/example_nested_branch_dag.py
[2023-02-23 19:55:48,913] {scheduler_job.py:633} INFO - Processing file /home/airflow/.local/lib/python3.6/site-packages/airflow/example_dags/example_nested_branch_dag.py for tasks to queue
[2023-02-23 19:55:48,913] {logging_mixin.py:104} INFO - [2023-02-23 19:55:48,913] {dagbag.py:496} INFO - Filling up the DagBag from /home/airflow/.local/lib/python3.6/site-packages/airflow/example_dags/example_nested_branch_dag.py
[2023-02-23 19:55:48,926] {scheduler_job.py:643} INFO - DAG(s) dict_keys(['example_nested_branch_dag']) retrieved from /home/airflow/.local/lib/python3.6/site-packages/airflow/example_dags/example_nested_branch_dag.py
[2023-02-23 19:55:48,943] {logging_mixin.py:104} INFO - [2023-02-23 19:55:48,943] {dag.py:1833} INFO - Sync 1 DAGs
[2023-02-23 19:55:48,957] {logging_mixin.py:104} INFO - [2023-02-23 19:55:48,957] {dag.py:2306} INFO - Setting next_dagrun for example_nested_branch_dag to 2023-02-21 00:00:00+00:00
[2023-02-23 19:55:48,964] {scheduler_job.py:190} INFO - Processing /home/airflow/.local/lib/python3.6/site-packages/airflow/example_dags/example_nested_branch_dag.py took 0.055 seconds
[2023-02-23 19:56:19,668] {scheduler_job.py:182} INFO - Started process (PID=1541) to work on /home/airflow/.local/lib/python3.6/site-packages/airflow/example_dags/example_nested_branch_dag.py
[2023-02-23 19:56:19,669] {scheduler_job.py:633} INFO - Processing file /home/airflow/.local/lib/python3.6/site-packages/airflow/example_dags/example_nested_branch_dag.py for tasks to queue
[2023-02-23 19:56:19,670] {logging_mixin.py:104} INFO - [2023-02-23 19:56:19,670] {dagbag.py:496} INFO - Filling up the DagBag from /home/airflow/.local/lib/python3.6/site-packages/airflow/example_dags/example_nested_branch_dag.py
[2023-02-23 19:56:19,689] {scheduler_job.py:643} INFO - DAG(s) dict_keys(['example_nested_branch_dag']) retrieved from /home/airflow/.local/lib/python3.6/site-packages/airflow/example_dags/example_nested_branch_dag.py
[2023-02-23 19:56:19,715] {logging_mixin.py:104} INFO - [2023-02-23 19:56:19,715] {dag.py:1833} INFO - Sync 1 DAGs
[2023-02-23 19:56:19,734] {logging_mixin.py:104} INFO - [2023-02-23 19:56:19,734] {dag.py:2306} INFO - Setting next_dagrun for example_nested_branch_dag to 2023-02-21 00:00:00+00:00
[2023-02-23 19:56:19,743] {scheduler_job.py:190} INFO - Processing /home/airflow/.local/lib/python3.6/site-packages/airflow/example_dags/example_nested_branch_dag.py took 0.077 seconds
[2023-02-23 19:56:49,810] {scheduler_job.py:182} INFO - Started process (PID=1602) to work on /home/airflow/.local/lib/python3.6/site-packages/airflow/example_dags/example_nested_branch_dag.py
[2023-02-23 19:56:49,810] {scheduler_job.py:633} INFO - Processing file /home/airflow/.local/lib/python3.6/site-packages/airflow/example_dags/example_nested_branch_dag.py for tasks to queue
[2023-02-23 19:56:49,811] {logging_mixin.py:104} INFO - [2023-02-23 19:56:49,811] {dagbag.py:496} INFO - Filling up the DagBag from /home/airflow/.local/lib/python3.6/site-packages/airflow/example_dags/example_nested_branch_dag.py
[2023-02-23 19:56:49,824] {scheduler_job.py:643} INFO - DAG(s) dict_keys(['example_nested_branch_dag']) retrieved from /home/airflow/.local/lib/python3.6/site-packages/airflow/example_dags/example_nested_branch_dag.py
[2023-02-23 19:56:49,841] {logging_mixin.py:104} INFO - [2023-02-23 19:56:49,841] {dag.py:1833} INFO - Sync 1 DAGs
[2023-02-23 19:56:49,855] {logging_mixin.py:104} INFO - [2023-02-23 19:56:49,855] {dag.py:2306} INFO - Setting next_dagrun for example_nested_branch_dag to 2023-02-21 00:00:00+00:00
[2023-02-23 19:56:49,862] {scheduler_job.py:190} INFO - Processing /home/airflow/.local/lib/python3.6/site-packages/airflow/example_dags/example_nested_branch_dag.py took 0.055 seconds
[2023-02-23 19:57:20,470] {scheduler_job.py:182} INFO - Started process (PID=1653) to work on /home/airflow/.local/lib/python3.6/site-packages/airflow/example_dags/example_nested_branch_dag.py
[2023-02-23 19:57:20,471] {scheduler_job.py:633} INFO - Processing file /home/airflow/.local/lib/python3.6/site-packages/airflow/example_dags/example_nested_branch_dag.py for tasks to queue
[2023-02-23 19:57:20,472] {logging_mixin.py:104} INFO - [2023-02-23 19:57:20,471] {dagbag.py:496} INFO - Filling up the DagBag from /home/airflow/.local/lib/python3.6/site-packages/airflow/example_dags/example_nested_branch_dag.py
[2023-02-23 19:57:20,483] {scheduler_job.py:643} INFO - DAG(s) dict_keys(['example_nested_branch_dag']) retrieved from /home/airflow/.local/lib/python3.6/site-packages/airflow/example_dags/example_nested_branch_dag.py
[2023-02-23 19:57:20,505] {logging_mixin.py:104} INFO - [2023-02-23 19:57:20,505] {dag.py:1833} INFO - Sync 1 DAGs
[2023-02-23 19:57:20,525] {logging_mixin.py:104} INFO - [2023-02-23 19:57:20,525] {dag.py:2306} INFO - Setting next_dagrun for example_nested_branch_dag to 2023-02-21 00:00:00+00:00
[2023-02-23 19:57:20,535] {scheduler_job.py:190} INFO - Processing /home/airflow/.local/lib/python3.6/site-packages/airflow/example_dags/example_nested_branch_dag.py took 0.066 seconds
[2023-02-23 19:57:51,160] {scheduler_job.py:182} INFO - Started process (PID=1714) to work on /home/airflow/.local/lib/python3.6/site-packages/airflow/example_dags/example_nested_branch_dag.py
[2023-02-23 19:57:51,161] {scheduler_job.py:633} INFO - Processing file /home/airflow/.local/lib/python3.6/site-packages/airflow/example_dags/example_nested_branch_dag.py for tasks to queue
[2023-02-23 19:57:51,161] {logging_mixin.py:104} INFO - [2023-02-23 19:57:51,161] {dagbag.py:496} INFO - Filling up the DagBag from /home/airflow/.local/lib/python3.6/site-packages/airflow/example_dags/example_nested_branch_dag.py
[2023-02-23 19:57:51,173] {scheduler_job.py:643} INFO - DAG(s) dict_keys(['example_nested_branch_dag']) retrieved from /home/airflow/.local/lib/python3.6/site-packages/airflow/example_dags/example_nested_branch_dag.py
[2023-02-23 19:57:51,192] {logging_mixin.py:104} INFO - [2023-02-23 19:57:51,192] {dag.py:1833} INFO - Sync 1 DAGs
[2023-02-23 19:57:51,206] {logging_mixin.py:104} INFO - [2023-02-23 19:57:51,206] {dag.py:2306} INFO - Setting next_dagrun for example_nested_branch_dag to 2023-02-21 00:00:00+00:00
[2023-02-23 19:57:51,214] {scheduler_job.py:190} INFO - Processing /home/airflow/.local/lib/python3.6/site-packages/airflow/example_dags/example_nested_branch_dag.py took 0.055 seconds
[2023-02-23 19:58:21,710] {scheduler_job.py:182} INFO - Started process (PID=1775) to work on /home/airflow/.local/lib/python3.6/site-packages/airflow/example_dags/example_nested_branch_dag.py
[2023-02-23 19:58:21,711] {scheduler_job.py:633} INFO - Processing file /home/airflow/.local/lib/python3.6/site-packages/airflow/example_dags/example_nested_branch_dag.py for tasks to queue
[2023-02-23 19:58:21,711] {logging_mixin.py:104} INFO - [2023-02-23 19:58:21,711] {dagbag.py:496} INFO - Filling up the DagBag from /home/airflow/.local/lib/python3.6/site-packages/airflow/example_dags/example_nested_branch_dag.py
[2023-02-23 19:58:21,723] {scheduler_job.py:643} INFO - DAG(s) dict_keys(['example_nested_branch_dag']) retrieved from /home/airflow/.local/lib/python3.6/site-packages/airflow/example_dags/example_nested_branch_dag.py
[2023-02-23 19:58:21,738] {logging_mixin.py:104} INFO - [2023-02-23 19:58:21,738] {dag.py:1833} INFO - Sync 1 DAGs
[2023-02-23 19:58:21,751] {logging_mixin.py:104} INFO - [2023-02-23 19:58:21,751] {dag.py:2306} INFO - Setting next_dagrun for example_nested_branch_dag to 2023-02-21 00:00:00+00:00
[2023-02-23 19:58:21,758] {scheduler_job.py:190} INFO - Processing /home/airflow/.local/lib/python3.6/site-packages/airflow/example_dags/example_nested_branch_dag.py took 0.050 seconds
[2023-02-23 19:58:52,413] {scheduler_job.py:182} INFO - Started process (PID=1826) to work on /home/airflow/.local/lib/python3.6/site-packages/airflow/example_dags/example_nested_branch_dag.py
[2023-02-23 19:58:52,414] {scheduler_job.py:633} INFO - Processing file /home/airflow/.local/lib/python3.6/site-packages/airflow/example_dags/example_nested_branch_dag.py for tasks to queue
[2023-02-23 19:58:52,414] {logging_mixin.py:104} INFO - [2023-02-23 19:58:52,414] {dagbag.py:496} INFO - Filling up the DagBag from /home/airflow/.local/lib/python3.6/site-packages/airflow/example_dags/example_nested_branch_dag.py
[2023-02-23 19:58:52,427] {scheduler_job.py:643} INFO - DAG(s) dict_keys(['example_nested_branch_dag']) retrieved from /home/airflow/.local/lib/python3.6/site-packages/airflow/example_dags/example_nested_branch_dag.py
[2023-02-23 19:58:52,445] {logging_mixin.py:104} INFO - [2023-02-23 19:58:52,445] {dag.py:1833} INFO - Sync 1 DAGs
[2023-02-23 19:58:52,459] {logging_mixin.py:104} INFO - [2023-02-23 19:58:52,459] {dag.py:2306} INFO - Setting next_dagrun for example_nested_branch_dag to 2023-02-21 00:00:00+00:00
[2023-02-23 19:58:52,466] {scheduler_job.py:190} INFO - Processing /home/airflow/.local/lib/python3.6/site-packages/airflow/example_dags/example_nested_branch_dag.py took 0.055 seconds
[2023-02-23 19:59:22,996] {scheduler_job.py:182} INFO - Started process (PID=1887) to work on /home/airflow/.local/lib/python3.6/site-packages/airflow/example_dags/example_nested_branch_dag.py
[2023-02-23 19:59:22,997] {scheduler_job.py:633} INFO - Processing file /home/airflow/.local/lib/python3.6/site-packages/airflow/example_dags/example_nested_branch_dag.py for tasks to queue
[2023-02-23 19:59:22,997] {logging_mixin.py:104} INFO - [2023-02-23 19:59:22,997] {dagbag.py:496} INFO - Filling up the DagBag from /home/airflow/.local/lib/python3.6/site-packages/airflow/example_dags/example_nested_branch_dag.py
[2023-02-23 19:59:23,011] {scheduler_job.py:643} INFO - DAG(s) dict_keys(['example_nested_branch_dag']) retrieved from /home/airflow/.local/lib/python3.6/site-packages/airflow/example_dags/example_nested_branch_dag.py
[2023-02-23 19:59:23,035] {logging_mixin.py:104} INFO - [2023-02-23 19:59:23,035] {dag.py:1833} INFO - Sync 1 DAGs
[2023-02-23 19:59:23,053] {logging_mixin.py:104} INFO - [2023-02-23 19:59:23,053] {dag.py:2306} INFO - Setting next_dagrun for example_nested_branch_dag to 2023-02-21 00:00:00+00:00
[2023-02-23 19:59:23,060] {scheduler_job.py:190} INFO - Processing /home/airflow/.local/lib/python3.6/site-packages/airflow/example_dags/example_nested_branch_dag.py took 0.067 seconds
[2023-02-23 19:59:53,719] {scheduler_job.py:182} INFO - Started process (PID=1938) to work on /home/airflow/.local/lib/python3.6/site-packages/airflow/example_dags/example_nested_branch_dag.py
[2023-02-23 19:59:53,719] {scheduler_job.py:633} INFO - Processing file /home/airflow/.local/lib/python3.6/site-packages/airflow/example_dags/example_nested_branch_dag.py for tasks to queue
[2023-02-23 19:59:53,720] {logging_mixin.py:104} INFO - [2023-02-23 19:59:53,720] {dagbag.py:496} INFO - Filling up the DagBag from /home/airflow/.local/lib/python3.6/site-packages/airflow/example_dags/example_nested_branch_dag.py
[2023-02-23 19:59:53,732] {scheduler_job.py:643} INFO - DAG(s) dict_keys(['example_nested_branch_dag']) retrieved from /home/airflow/.local/lib/python3.6/site-packages/airflow/example_dags/example_nested_branch_dag.py
[2023-02-23 19:59:53,749] {logging_mixin.py:104} INFO - [2023-02-23 19:59:53,749] {dag.py:1833} INFO - Sync 1 DAGs
[2023-02-23 19:59:53,762] {logging_mixin.py:104} INFO - [2023-02-23 19:59:53,762] {dag.py:2306} INFO - Setting next_dagrun for example_nested_branch_dag to 2023-02-21 00:00:00+00:00
[2023-02-23 19:59:53,769] {scheduler_job.py:190} INFO - Processing /home/airflow/.local/lib/python3.6/site-packages/airflow/example_dags/example_nested_branch_dag.py took 0.053 seconds
[2023-02-23 20:00:24,542] {scheduler_job.py:182} INFO - Started process (PID=1999) to work on /home/airflow/.local/lib/python3.6/site-packages/airflow/example_dags/example_nested_branch_dag.py
[2023-02-23 20:00:24,545] {scheduler_job.py:633} INFO - Processing file /home/airflow/.local/lib/python3.6/site-packages/airflow/example_dags/example_nested_branch_dag.py for tasks to queue
[2023-02-23 20:00:24,545] {logging_mixin.py:104} INFO - [2023-02-23 20:00:24,545] {dagbag.py:496} INFO - Filling up the DagBag from /home/airflow/.local/lib/python3.6/site-packages/airflow/example_dags/example_nested_branch_dag.py
[2023-02-23 20:00:24,556] {scheduler_job.py:643} INFO - DAG(s) dict_keys(['example_nested_branch_dag']) retrieved from /home/airflow/.local/lib/python3.6/site-packages/airflow/example_dags/example_nested_branch_dag.py
[2023-02-23 20:00:24,574] {logging_mixin.py:104} INFO - [2023-02-23 20:00:24,574] {dag.py:1833} INFO - Sync 1 DAGs
[2023-02-23 20:00:24,590] {logging_mixin.py:104} INFO - [2023-02-23 20:00:24,590] {dag.py:2306} INFO - Setting next_dagrun for example_nested_branch_dag to 2023-02-21 00:00:00+00:00
[2023-02-23 20:00:24,598] {scheduler_job.py:190} INFO - Processing /home/airflow/.local/lib/python3.6/site-packages/airflow/example_dags/example_nested_branch_dag.py took 0.058 seconds
[2023-02-23 20:00:55,170] {scheduler_job.py:182} INFO - Started process (PID=2050) to work on /home/airflow/.local/lib/python3.6/site-packages/airflow/example_dags/example_nested_branch_dag.py
[2023-02-23 20:00:55,171] {scheduler_job.py:633} INFO - Processing file /home/airflow/.local/lib/python3.6/site-packages/airflow/example_dags/example_nested_branch_dag.py for tasks to queue
[2023-02-23 20:00:55,171] {logging_mixin.py:104} INFO - [2023-02-23 20:00:55,171] {dagbag.py:496} INFO - Filling up the DagBag from /home/airflow/.local/lib/python3.6/site-packages/airflow/example_dags/example_nested_branch_dag.py
[2023-02-23 20:00:55,183] {scheduler_job.py:643} INFO - DAG(s) dict_keys(['example_nested_branch_dag']) retrieved from /home/airflow/.local/lib/python3.6/site-packages/airflow/example_dags/example_nested_branch_dag.py
[2023-02-23 20:00:55,200] {logging_mixin.py:104} INFO - [2023-02-23 20:00:55,199] {dag.py:1833} INFO - Sync 1 DAGs
[2023-02-23 20:00:55,214] {logging_mixin.py:104} INFO - [2023-02-23 20:00:55,214] {dag.py:2306} INFO - Setting next_dagrun for example_nested_branch_dag to 2023-02-21 00:00:00+00:00
[2023-02-23 20:00:55,223] {scheduler_job.py:190} INFO - Processing /home/airflow/.local/lib/python3.6/site-packages/airflow/example_dags/example_nested_branch_dag.py took 0.056 seconds
[2023-02-23 20:01:25,803] {scheduler_job.py:182} INFO - Started process (PID=2111) to work on /home/airflow/.local/lib/python3.6/site-packages/airflow/example_dags/example_nested_branch_dag.py
[2023-02-23 20:01:25,804] {scheduler_job.py:633} INFO - Processing file /home/airflow/.local/lib/python3.6/site-packages/airflow/example_dags/example_nested_branch_dag.py for tasks to queue
[2023-02-23 20:01:25,804] {logging_mixin.py:104} INFO - [2023-02-23 20:01:25,804] {dagbag.py:496} INFO - Filling up the DagBag from /home/airflow/.local/lib/python3.6/site-packages/airflow/example_dags/example_nested_branch_dag.py
[2023-02-23 20:01:25,816] {scheduler_job.py:643} INFO - DAG(s) dict_keys(['example_nested_branch_dag']) retrieved from /home/airflow/.local/lib/python3.6/site-packages/airflow/example_dags/example_nested_branch_dag.py
[2023-02-23 20:01:25,834] {logging_mixin.py:104} INFO - [2023-02-23 20:01:25,834] {dag.py:1833} INFO - Sync 1 DAGs
[2023-02-23 20:01:25,848] {logging_mixin.py:104} INFO - [2023-02-23 20:01:25,848] {dag.py:2306} INFO - Setting next_dagrun for example_nested_branch_dag to 2023-02-21 00:00:00+00:00
[2023-02-23 20:01:25,855] {scheduler_job.py:190} INFO - Processing /home/airflow/.local/lib/python3.6/site-packages/airflow/example_dags/example_nested_branch_dag.py took 0.054 seconds
[2023-02-23 20:01:56,584] {scheduler_job.py:182} INFO - Started process (PID=2169) to work on /home/airflow/.local/lib/python3.6/site-packages/airflow/example_dags/example_nested_branch_dag.py
[2023-02-23 20:01:56,585] {scheduler_job.py:633} INFO - Processing file /home/airflow/.local/lib/python3.6/site-packages/airflow/example_dags/example_nested_branch_dag.py for tasks to queue
[2023-02-23 20:01:56,585] {logging_mixin.py:104} INFO - [2023-02-23 20:01:56,585] {dagbag.py:496} INFO - Filling up the DagBag from /home/airflow/.local/lib/python3.6/site-packages/airflow/example_dags/example_nested_branch_dag.py
[2023-02-23 20:01:56,597] {scheduler_job.py:643} INFO - DAG(s) dict_keys(['example_nested_branch_dag']) retrieved from /home/airflow/.local/lib/python3.6/site-packages/airflow/example_dags/example_nested_branch_dag.py
[2023-02-23 20:01:56,615] {logging_mixin.py:104} INFO - [2023-02-23 20:01:56,615] {dag.py:1833} INFO - Sync 1 DAGs
[2023-02-23 20:01:56,631] {logging_mixin.py:104} INFO - [2023-02-23 20:01:56,631] {dag.py:2306} INFO - Setting next_dagrun for example_nested_branch_dag to 2023-02-21 00:00:00+00:00
[2023-02-23 20:01:56,640] {scheduler_job.py:190} INFO - Processing /home/airflow/.local/lib/python3.6/site-packages/airflow/example_dags/example_nested_branch_dag.py took 0.058 seconds
[2023-02-23 20:02:27,255] {scheduler_job.py:182} INFO - Started process (PID=2223) to work on /home/airflow/.local/lib/python3.6/site-packages/airflow/example_dags/example_nested_branch_dag.py
[2023-02-23 20:02:27,256] {scheduler_job.py:633} INFO - Processing file /home/airflow/.local/lib/python3.6/site-packages/airflow/example_dags/example_nested_branch_dag.py for tasks to queue
[2023-02-23 20:02:27,256] {logging_mixin.py:104} INFO - [2023-02-23 20:02:27,256] {dagbag.py:496} INFO - Filling up the DagBag from /home/airflow/.local/lib/python3.6/site-packages/airflow/example_dags/example_nested_branch_dag.py
[2023-02-23 20:02:27,266] {scheduler_job.py:643} INFO - DAG(s) dict_keys(['example_nested_branch_dag']) retrieved from /home/airflow/.local/lib/python3.6/site-packages/airflow/example_dags/example_nested_branch_dag.py
[2023-02-23 20:02:27,283] {logging_mixin.py:104} INFO - [2023-02-23 20:02:27,283] {dag.py:1833} INFO - Sync 1 DAGs
[2023-02-23 20:02:27,298] {logging_mixin.py:104} INFO - [2023-02-23 20:02:27,298] {dag.py:2306} INFO - Setting next_dagrun for example_nested_branch_dag to 2023-02-21 00:00:00+00:00
[2023-02-23 20:02:27,304] {scheduler_job.py:190} INFO - Processing /home/airflow/.local/lib/python3.6/site-packages/airflow/example_dags/example_nested_branch_dag.py took 0.052 seconds
[2023-02-23 20:02:57,935] {scheduler_job.py:182} INFO - Started process (PID=2284) to work on /home/airflow/.local/lib/python3.6/site-packages/airflow/example_dags/example_nested_branch_dag.py
[2023-02-23 20:02:57,935] {scheduler_job.py:633} INFO - Processing file /home/airflow/.local/lib/python3.6/site-packages/airflow/example_dags/example_nested_branch_dag.py for tasks to queue
[2023-02-23 20:02:57,936] {logging_mixin.py:104} INFO - [2023-02-23 20:02:57,936] {dagbag.py:496} INFO - Filling up the DagBag from /home/airflow/.local/lib/python3.6/site-packages/airflow/example_dags/example_nested_branch_dag.py
[2023-02-23 20:02:57,948] {scheduler_job.py:643} INFO - DAG(s) dict_keys(['example_nested_branch_dag']) retrieved from /home/airflow/.local/lib/python3.6/site-packages/airflow/example_dags/example_nested_branch_dag.py
[2023-02-23 20:02:57,965] {logging_mixin.py:104} INFO - [2023-02-23 20:02:57,965] {dag.py:1833} INFO - Sync 1 DAGs
[2023-02-23 20:02:57,979] {logging_mixin.py:104} INFO - [2023-02-23 20:02:57,979] {dag.py:2306} INFO - Setting next_dagrun for example_nested_branch_dag to 2023-02-21 00:00:00+00:00
[2023-02-23 20:02:57,986] {scheduler_job.py:190} INFO - Processing /home/airflow/.local/lib/python3.6/site-packages/airflow/example_dags/example_nested_branch_dag.py took 0.054 seconds
[2023-02-23 20:03:28,536] {scheduler_job.py:182} INFO - Started process (PID=2335) to work on /home/airflow/.local/lib/python3.6/site-packages/airflow/example_dags/example_nested_branch_dag.py
[2023-02-23 20:03:28,536] {scheduler_job.py:633} INFO - Processing file /home/airflow/.local/lib/python3.6/site-packages/airflow/example_dags/example_nested_branch_dag.py for tasks to queue
[2023-02-23 20:03:28,537] {logging_mixin.py:104} INFO - [2023-02-23 20:03:28,537] {dagbag.py:496} INFO - Filling up the DagBag from /home/airflow/.local/lib/python3.6/site-packages/airflow/example_dags/example_nested_branch_dag.py
[2023-02-23 20:03:28,547] {scheduler_job.py:643} INFO - DAG(s) dict_keys(['example_nested_branch_dag']) retrieved from /home/airflow/.local/lib/python3.6/site-packages/airflow/example_dags/example_nested_branch_dag.py
[2023-02-23 20:03:28,566] {logging_mixin.py:104} INFO - [2023-02-23 20:03:28,566] {dag.py:1833} INFO - Sync 1 DAGs
[2023-02-23 20:03:28,580] {logging_mixin.py:104} INFO - [2023-02-23 20:03:28,580] {dag.py:2306} INFO - Setting next_dagrun for example_nested_branch_dag to 2023-02-21 00:00:00+00:00
[2023-02-23 20:03:28,587] {scheduler_job.py:190} INFO - Processing /home/airflow/.local/lib/python3.6/site-packages/airflow/example_dags/example_nested_branch_dag.py took 0.053 seconds
[2023-02-23 20:03:59,178] {scheduler_job.py:182} INFO - Started process (PID=2396) to work on /home/airflow/.local/lib/python3.6/site-packages/airflow/example_dags/example_nested_branch_dag.py
[2023-02-23 20:03:59,179] {scheduler_job.py:633} INFO - Processing file /home/airflow/.local/lib/python3.6/site-packages/airflow/example_dags/example_nested_branch_dag.py for tasks to queue
[2023-02-23 20:03:59,179] {logging_mixin.py:104} INFO - [2023-02-23 20:03:59,179] {dagbag.py:496} INFO - Filling up the DagBag from /home/airflow/.local/lib/python3.6/site-packages/airflow/example_dags/example_nested_branch_dag.py
[2023-02-23 20:03:59,191] {scheduler_job.py:643} INFO - DAG(s) dict_keys(['example_nested_branch_dag']) retrieved from /home/airflow/.local/lib/python3.6/site-packages/airflow/example_dags/example_nested_branch_dag.py
[2023-02-23 20:03:59,207] {logging_mixin.py:104} INFO - [2023-02-23 20:03:59,207] {dag.py:1833} INFO - Sync 1 DAGs
[2023-02-23 20:03:59,221] {logging_mixin.py:104} INFO - [2023-02-23 20:03:59,221] {dag.py:2306} INFO - Setting next_dagrun for example_nested_branch_dag to 2023-02-21 00:00:00+00:00
[2023-02-23 20:03:59,228] {scheduler_job.py:190} INFO - Processing /home/airflow/.local/lib/python3.6/site-packages/airflow/example_dags/example_nested_branch_dag.py took 0.052 seconds
[2023-02-23 20:04:29,672] {scheduler_job.py:182} INFO - Started process (PID=2447) to work on /home/airflow/.local/lib/python3.6/site-packages/airflow/example_dags/example_nested_branch_dag.py
[2023-02-23 20:04:29,673] {scheduler_job.py:633} INFO - Processing file /home/airflow/.local/lib/python3.6/site-packages/airflow/example_dags/example_nested_branch_dag.py for tasks to queue
[2023-02-23 20:04:29,673] {logging_mixin.py:104} INFO - [2023-02-23 20:04:29,673] {dagbag.py:496} INFO - Filling up the DagBag from /home/airflow/.local/lib/python3.6/site-packages/airflow/example_dags/example_nested_branch_dag.py
[2023-02-23 20:04:29,687] {scheduler_job.py:643} INFO - DAG(s) dict_keys(['example_nested_branch_dag']) retrieved from /home/airflow/.local/lib/python3.6/site-packages/airflow/example_dags/example_nested_branch_dag.py
[2023-02-23 20:04:29,708] {logging_mixin.py:104} INFO - [2023-02-23 20:04:29,708] {dag.py:1833} INFO - Sync 1 DAGs
[2023-02-23 20:04:29,723] {logging_mixin.py:104} INFO - [2023-02-23 20:04:29,723] {dag.py:2306} INFO - Setting next_dagrun for example_nested_branch_dag to 2023-02-21 00:00:00+00:00
[2023-02-23 20:04:29,730] {scheduler_job.py:190} INFO - Processing /home/airflow/.local/lib/python3.6/site-packages/airflow/example_dags/example_nested_branch_dag.py took 0.060 seconds
