[2023-02-23 12:25:58,275] {scheduler_job.py:182} INFO - Started process (PID=91) to work on /home/airflow/.local/lib/python3.6/site-packages/airflow/example_dags/example_python_operator.py
[2023-02-23 12:25:58,276] {scheduler_job.py:633} INFO - Processing file /home/airflow/.local/lib/python3.6/site-packages/airflow/example_dags/example_python_operator.py for tasks to queue
[2023-02-23 12:25:58,277] {logging_mixin.py:104} INFO - [2023-02-23 12:25:58,277] {dagbag.py:496} INFO - Filling up the DagBag from /home/airflow/.local/lib/python3.6/site-packages/airflow/example_dags/example_python_operator.py
[2023-02-23 12:25:58,357] {scheduler_job.py:643} INFO - DAG(s) dict_keys(['example_python_operator']) retrieved from /home/airflow/.local/lib/python3.6/site-packages/airflow/example_dags/example_python_operator.py
[2023-02-23 12:25:59,064] {logging_mixin.py:104} INFO - [2023-02-23 12:25:59,064] {dag.py:1833} INFO - Sync 1 DAGs
[2023-02-23 12:25:59,080] {logging_mixin.py:104} INFO - [2023-02-23 12:25:59,080] {dag.py:2306} INFO - Setting next_dagrun for example_python_operator to None
[2023-02-23 12:25:59,156] {scheduler_job.py:190} INFO - Processing /home/airflow/.local/lib/python3.6/site-packages/airflow/example_dags/example_python_operator.py took 0.883 seconds
[2023-02-23 12:26:29,716] {scheduler_job.py:182} INFO - Started process (PID=142) to work on /home/airflow/.local/lib/python3.6/site-packages/airflow/example_dags/example_python_operator.py
[2023-02-23 12:26:29,716] {scheduler_job.py:633} INFO - Processing file /home/airflow/.local/lib/python3.6/site-packages/airflow/example_dags/example_python_operator.py for tasks to queue
[2023-02-23 12:26:29,717] {logging_mixin.py:104} INFO - [2023-02-23 12:26:29,717] {dagbag.py:496} INFO - Filling up the DagBag from /home/airflow/.local/lib/python3.6/site-packages/airflow/example_dags/example_python_operator.py
[2023-02-23 12:26:29,726] {scheduler_job.py:643} INFO - DAG(s) dict_keys(['example_python_operator']) retrieved from /home/airflow/.local/lib/python3.6/site-packages/airflow/example_dags/example_python_operator.py
[2023-02-23 12:26:29,743] {logging_mixin.py:104} INFO - [2023-02-23 12:26:29,743] {dag.py:1833} INFO - Sync 1 DAGs
[2023-02-23 12:26:29,754] {logging_mixin.py:104} INFO - [2023-02-23 12:26:29,754] {dag.py:2306} INFO - Setting next_dagrun for example_python_operator to None
[2023-02-23 12:26:29,790] {scheduler_job.py:190} INFO - Processing /home/airflow/.local/lib/python3.6/site-packages/airflow/example_dags/example_python_operator.py took 0.076 seconds
[2023-02-23 16:46:49,308] {scheduler_job.py:182} INFO - Started process (PID=83) to work on /home/airflow/.local/lib/python3.6/site-packages/airflow/example_dags/example_python_operator.py
[2023-02-23 16:46:49,309] {scheduler_job.py:633} INFO - Processing file /home/airflow/.local/lib/python3.6/site-packages/airflow/example_dags/example_python_operator.py for tasks to queue
[2023-02-23 16:46:49,310] {logging_mixin.py:104} INFO - [2023-02-23 16:46:49,310] {dagbag.py:496} INFO - Filling up the DagBag from /home/airflow/.local/lib/python3.6/site-packages/airflow/example_dags/example_python_operator.py
[2023-02-23 16:46:49,372] {scheduler_job.py:643} INFO - DAG(s) dict_keys(['example_python_operator']) retrieved from /home/airflow/.local/lib/python3.6/site-packages/airflow/example_dags/example_python_operator.py
[2023-02-23 16:46:49,397] {logging_mixin.py:104} INFO - [2023-02-23 16:46:49,397] {dag.py:1833} INFO - Sync 1 DAGs
[2023-02-23 16:46:49,414] {logging_mixin.py:104} INFO - [2023-02-23 16:46:49,414] {dag.py:2306} INFO - Setting next_dagrun for example_python_operator to None
[2023-02-23 16:46:49,480] {scheduler_job.py:190} INFO - Processing /home/airflow/.local/lib/python3.6/site-packages/airflow/example_dags/example_python_operator.py took 0.175 seconds
[2023-02-23 16:47:19,878] {scheduler_job.py:182} INFO - Started process (PID=128) to work on /home/airflow/.local/lib/python3.6/site-packages/airflow/example_dags/example_python_operator.py
[2023-02-23 16:47:19,879] {scheduler_job.py:633} INFO - Processing file /home/airflow/.local/lib/python3.6/site-packages/airflow/example_dags/example_python_operator.py for tasks to queue
[2023-02-23 16:47:19,880] {logging_mixin.py:104} INFO - [2023-02-23 16:47:19,880] {dagbag.py:496} INFO - Filling up the DagBag from /home/airflow/.local/lib/python3.6/site-packages/airflow/example_dags/example_python_operator.py
[2023-02-23 16:47:19,890] {scheduler_job.py:643} INFO - DAG(s) dict_keys(['example_python_operator']) retrieved from /home/airflow/.local/lib/python3.6/site-packages/airflow/example_dags/example_python_operator.py
[2023-02-23 16:47:19,907] {logging_mixin.py:104} INFO - [2023-02-23 16:47:19,906] {dag.py:1833} INFO - Sync 1 DAGs
[2023-02-23 16:47:19,918] {logging_mixin.py:104} INFO - [2023-02-23 16:47:19,918] {dag.py:2306} INFO - Setting next_dagrun for example_python_operator to None
[2023-02-23 16:47:19,926] {scheduler_job.py:190} INFO - Processing /home/airflow/.local/lib/python3.6/site-packages/airflow/example_dags/example_python_operator.py took 0.050 seconds
[2023-02-23 16:47:50,631] {scheduler_job.py:182} INFO - Started process (PID=190) to work on /home/airflow/.local/lib/python3.6/site-packages/airflow/example_dags/example_python_operator.py
[2023-02-23 16:47:50,632] {scheduler_job.py:633} INFO - Processing file /home/airflow/.local/lib/python3.6/site-packages/airflow/example_dags/example_python_operator.py for tasks to queue
[2023-02-23 16:47:50,633] {logging_mixin.py:104} INFO - [2023-02-23 16:47:50,633] {dagbag.py:496} INFO - Filling up the DagBag from /home/airflow/.local/lib/python3.6/site-packages/airflow/example_dags/example_python_operator.py
[2023-02-23 16:47:50,680] {scheduler_job.py:643} INFO - DAG(s) dict_keys(['example_python_operator']) retrieved from /home/airflow/.local/lib/python3.6/site-packages/airflow/example_dags/example_python_operator.py
[2023-02-23 16:47:50,778] {logging_mixin.py:104} INFO - [2023-02-23 16:47:50,777] {dag.py:1833} INFO - Sync 1 DAGs
[2023-02-23 16:47:50,796] {logging_mixin.py:104} INFO - [2023-02-23 16:47:50,796] {dag.py:2306} INFO - Setting next_dagrun for example_python_operator to None
[2023-02-23 16:47:50,882] {scheduler_job.py:190} INFO - Processing /home/airflow/.local/lib/python3.6/site-packages/airflow/example_dags/example_python_operator.py took 0.253 seconds
[2023-02-23 16:48:21,505] {scheduler_job.py:182} INFO - Started process (PID=242) to work on /home/airflow/.local/lib/python3.6/site-packages/airflow/example_dags/example_python_operator.py
[2023-02-23 16:48:21,506] {scheduler_job.py:633} INFO - Processing file /home/airflow/.local/lib/python3.6/site-packages/airflow/example_dags/example_python_operator.py for tasks to queue
[2023-02-23 16:48:21,506] {logging_mixin.py:104} INFO - [2023-02-23 16:48:21,506] {dagbag.py:496} INFO - Filling up the DagBag from /home/airflow/.local/lib/python3.6/site-packages/airflow/example_dags/example_python_operator.py
[2023-02-23 16:48:21,519] {scheduler_job.py:643} INFO - DAG(s) dict_keys(['example_python_operator']) retrieved from /home/airflow/.local/lib/python3.6/site-packages/airflow/example_dags/example_python_operator.py
[2023-02-23 16:48:21,537] {logging_mixin.py:104} INFO - [2023-02-23 16:48:21,537] {dag.py:1833} INFO - Sync 1 DAGs
[2023-02-23 16:48:21,549] {logging_mixin.py:104} INFO - [2023-02-23 16:48:21,549] {dag.py:2306} INFO - Setting next_dagrun for example_python_operator to None
[2023-02-23 16:48:21,556] {scheduler_job.py:190} INFO - Processing /home/airflow/.local/lib/python3.6/site-packages/airflow/example_dags/example_python_operator.py took 0.053 seconds
[2023-02-23 16:48:52,256] {scheduler_job.py:182} INFO - Started process (PID=304) to work on /home/airflow/.local/lib/python3.6/site-packages/airflow/example_dags/example_python_operator.py
[2023-02-23 16:48:52,257] {scheduler_job.py:633} INFO - Processing file /home/airflow/.local/lib/python3.6/site-packages/airflow/example_dags/example_python_operator.py for tasks to queue
[2023-02-23 16:48:52,257] {logging_mixin.py:104} INFO - [2023-02-23 16:48:52,257] {dagbag.py:496} INFO - Filling up the DagBag from /home/airflow/.local/lib/python3.6/site-packages/airflow/example_dags/example_python_operator.py
[2023-02-23 16:48:52,268] {scheduler_job.py:643} INFO - DAG(s) dict_keys(['example_python_operator']) retrieved from /home/airflow/.local/lib/python3.6/site-packages/airflow/example_dags/example_python_operator.py
[2023-02-23 16:48:52,286] {logging_mixin.py:104} INFO - [2023-02-23 16:48:52,286] {dag.py:1833} INFO - Sync 1 DAGs
[2023-02-23 16:48:52,298] {logging_mixin.py:104} INFO - [2023-02-23 16:48:52,298] {dag.py:2306} INFO - Setting next_dagrun for example_python_operator to None
[2023-02-23 16:48:52,305] {scheduler_job.py:190} INFO - Processing /home/airflow/.local/lib/python3.6/site-packages/airflow/example_dags/example_python_operator.py took 0.051 seconds
[2023-02-23 16:49:23,897] {scheduler_job.py:182} INFO - Started process (PID=365) to work on /home/airflow/.local/lib/python3.6/site-packages/airflow/example_dags/example_python_operator.py
[2023-02-23 16:49:23,898] {scheduler_job.py:633} INFO - Processing file /home/airflow/.local/lib/python3.6/site-packages/airflow/example_dags/example_python_operator.py for tasks to queue
[2023-02-23 16:49:23,898] {logging_mixin.py:104} INFO - [2023-02-23 16:49:23,898] {dagbag.py:496} INFO - Filling up the DagBag from /home/airflow/.local/lib/python3.6/site-packages/airflow/example_dags/example_python_operator.py
[2023-02-23 16:49:23,981] {scheduler_job.py:643} INFO - DAG(s) dict_keys(['example_python_operator']) retrieved from /home/airflow/.local/lib/python3.6/site-packages/airflow/example_dags/example_python_operator.py
[2023-02-23 16:49:23,998] {logging_mixin.py:104} INFO - [2023-02-23 16:49:23,998] {dag.py:1833} INFO - Sync 1 DAGs
[2023-02-23 16:49:24,074] {logging_mixin.py:104} INFO - [2023-02-23 16:49:24,074] {dag.py:2306} INFO - Setting next_dagrun for example_python_operator to None
[2023-02-23 16:49:24,083] {scheduler_job.py:190} INFO - Processing /home/airflow/.local/lib/python3.6/site-packages/airflow/example_dags/example_python_operator.py took 0.189 seconds
[2023-02-23 16:49:54,734] {scheduler_job.py:182} INFO - Started process (PID=408) to work on /home/airflow/.local/lib/python3.6/site-packages/airflow/example_dags/example_python_operator.py
[2023-02-23 16:49:54,735] {scheduler_job.py:633} INFO - Processing file /home/airflow/.local/lib/python3.6/site-packages/airflow/example_dags/example_python_operator.py for tasks to queue
[2023-02-23 16:49:54,736] {logging_mixin.py:104} INFO - [2023-02-23 16:49:54,736] {dagbag.py:496} INFO - Filling up the DagBag from /home/airflow/.local/lib/python3.6/site-packages/airflow/example_dags/example_python_operator.py
[2023-02-23 16:49:54,748] {scheduler_job.py:643} INFO - DAG(s) dict_keys(['example_python_operator']) retrieved from /home/airflow/.local/lib/python3.6/site-packages/airflow/example_dags/example_python_operator.py
[2023-02-23 16:49:54,768] {logging_mixin.py:104} INFO - [2023-02-23 16:49:54,768] {dag.py:1833} INFO - Sync 1 DAGs
[2023-02-23 16:49:54,783] {logging_mixin.py:104} INFO - [2023-02-23 16:49:54,782] {dag.py:2306} INFO - Setting next_dagrun for example_python_operator to None
[2023-02-23 16:49:54,790] {scheduler_job.py:190} INFO - Processing /home/airflow/.local/lib/python3.6/site-packages/airflow/example_dags/example_python_operator.py took 0.059 seconds
[2023-02-23 16:50:25,477] {scheduler_job.py:182} INFO - Started process (PID=470) to work on /home/airflow/.local/lib/python3.6/site-packages/airflow/example_dags/example_python_operator.py
[2023-02-23 16:50:25,477] {scheduler_job.py:633} INFO - Processing file /home/airflow/.local/lib/python3.6/site-packages/airflow/example_dags/example_python_operator.py for tasks to queue
[2023-02-23 16:50:25,478] {logging_mixin.py:104} INFO - [2023-02-23 16:50:25,478] {dagbag.py:496} INFO - Filling up the DagBag from /home/airflow/.local/lib/python3.6/site-packages/airflow/example_dags/example_python_operator.py
[2023-02-23 16:50:25,488] {scheduler_job.py:643} INFO - DAG(s) dict_keys(['example_python_operator']) retrieved from /home/airflow/.local/lib/python3.6/site-packages/airflow/example_dags/example_python_operator.py
[2023-02-23 16:50:25,509] {logging_mixin.py:104} INFO - [2023-02-23 16:50:25,509] {dag.py:1833} INFO - Sync 1 DAGs
[2023-02-23 16:50:25,583] {logging_mixin.py:104} INFO - [2023-02-23 16:50:25,583] {dag.py:2306} INFO - Setting next_dagrun for example_python_operator to None
[2023-02-23 16:50:25,592] {scheduler_job.py:190} INFO - Processing /home/airflow/.local/lib/python3.6/site-packages/airflow/example_dags/example_python_operator.py took 0.117 seconds
[2023-02-23 16:50:56,319] {scheduler_job.py:182} INFO - Started process (PID=522) to work on /home/airflow/.local/lib/python3.6/site-packages/airflow/example_dags/example_python_operator.py
[2023-02-23 16:50:56,320] {scheduler_job.py:633} INFO - Processing file /home/airflow/.local/lib/python3.6/site-packages/airflow/example_dags/example_python_operator.py for tasks to queue
[2023-02-23 16:50:56,321] {logging_mixin.py:104} INFO - [2023-02-23 16:50:56,321] {dagbag.py:496} INFO - Filling up the DagBag from /home/airflow/.local/lib/python3.6/site-packages/airflow/example_dags/example_python_operator.py
[2023-02-23 16:50:56,372] {scheduler_job.py:643} INFO - DAG(s) dict_keys(['example_python_operator']) retrieved from /home/airflow/.local/lib/python3.6/site-packages/airflow/example_dags/example_python_operator.py
[2023-02-23 16:50:56,395] {logging_mixin.py:104} INFO - [2023-02-23 16:50:56,395] {dag.py:1833} INFO - Sync 1 DAGs
[2023-02-23 16:50:56,408] {logging_mixin.py:104} INFO - [2023-02-23 16:50:56,408] {dag.py:2306} INFO - Setting next_dagrun for example_python_operator to None
[2023-02-23 16:50:56,417] {scheduler_job.py:190} INFO - Processing /home/airflow/.local/lib/python3.6/site-packages/airflow/example_dags/example_python_operator.py took 0.101 seconds
[2023-02-23 16:51:26,477] {scheduler_job.py:182} INFO - Started process (PID=584) to work on /home/airflow/.local/lib/python3.6/site-packages/airflow/example_dags/example_python_operator.py
[2023-02-23 16:51:26,478] {scheduler_job.py:633} INFO - Processing file /home/airflow/.local/lib/python3.6/site-packages/airflow/example_dags/example_python_operator.py for tasks to queue
[2023-02-23 16:51:26,479] {logging_mixin.py:104} INFO - [2023-02-23 16:51:26,479] {dagbag.py:496} INFO - Filling up the DagBag from /home/airflow/.local/lib/python3.6/site-packages/airflow/example_dags/example_python_operator.py
[2023-02-23 16:51:26,491] {scheduler_job.py:643} INFO - DAG(s) dict_keys(['example_python_operator']) retrieved from /home/airflow/.local/lib/python3.6/site-packages/airflow/example_dags/example_python_operator.py
[2023-02-23 16:51:26,511] {logging_mixin.py:104} INFO - [2023-02-23 16:51:26,511] {dag.py:1833} INFO - Sync 1 DAGs
[2023-02-23 16:51:26,523] {logging_mixin.py:104} INFO - [2023-02-23 16:51:26,523] {dag.py:2306} INFO - Setting next_dagrun for example_python_operator to None
[2023-02-23 16:51:26,531] {scheduler_job.py:190} INFO - Processing /home/airflow/.local/lib/python3.6/site-packages/airflow/example_dags/example_python_operator.py took 0.056 seconds
[2023-02-23 16:51:57,293] {scheduler_job.py:182} INFO - Started process (PID=636) to work on /home/airflow/.local/lib/python3.6/site-packages/airflow/example_dags/example_python_operator.py
[2023-02-23 16:51:57,294] {scheduler_job.py:633} INFO - Processing file /home/airflow/.local/lib/python3.6/site-packages/airflow/example_dags/example_python_operator.py for tasks to queue
[2023-02-23 16:51:57,295] {logging_mixin.py:104} INFO - [2023-02-23 16:51:57,294] {dagbag.py:496} INFO - Filling up the DagBag from /home/airflow/.local/lib/python3.6/site-packages/airflow/example_dags/example_python_operator.py
[2023-02-23 16:51:57,305] {scheduler_job.py:643} INFO - DAG(s) dict_keys(['example_python_operator']) retrieved from /home/airflow/.local/lib/python3.6/site-packages/airflow/example_dags/example_python_operator.py
[2023-02-23 16:51:57,323] {logging_mixin.py:104} INFO - [2023-02-23 16:51:57,323] {dag.py:1833} INFO - Sync 1 DAGs
[2023-02-23 16:51:57,335] {logging_mixin.py:104} INFO - [2023-02-23 16:51:57,335] {dag.py:2306} INFO - Setting next_dagrun for example_python_operator to None
[2023-02-23 16:51:57,343] {scheduler_job.py:190} INFO - Processing /home/airflow/.local/lib/python3.6/site-packages/airflow/example_dags/example_python_operator.py took 0.052 seconds
[2023-02-23 16:52:28,044] {scheduler_job.py:182} INFO - Started process (PID=698) to work on /home/airflow/.local/lib/python3.6/site-packages/airflow/example_dags/example_python_operator.py
[2023-02-23 16:52:28,045] {scheduler_job.py:633} INFO - Processing file /home/airflow/.local/lib/python3.6/site-packages/airflow/example_dags/example_python_operator.py for tasks to queue
[2023-02-23 16:52:28,045] {logging_mixin.py:104} INFO - [2023-02-23 16:52:28,045] {dagbag.py:496} INFO - Filling up the DagBag from /home/airflow/.local/lib/python3.6/site-packages/airflow/example_dags/example_python_operator.py
[2023-02-23 16:52:28,055] {scheduler_job.py:643} INFO - DAG(s) dict_keys(['example_python_operator']) retrieved from /home/airflow/.local/lib/python3.6/site-packages/airflow/example_dags/example_python_operator.py
[2023-02-23 16:52:28,074] {logging_mixin.py:104} INFO - [2023-02-23 16:52:28,074] {dag.py:1833} INFO - Sync 1 DAGs
[2023-02-23 16:52:28,087] {logging_mixin.py:104} INFO - [2023-02-23 16:52:28,087] {dag.py:2306} INFO - Setting next_dagrun for example_python_operator to None
[2023-02-23 16:52:28,096] {scheduler_job.py:190} INFO - Processing /home/airflow/.local/lib/python3.6/site-packages/airflow/example_dags/example_python_operator.py took 0.054 seconds
[2023-02-23 16:52:58,873] {scheduler_job.py:182} INFO - Started process (PID=750) to work on /home/airflow/.local/lib/python3.6/site-packages/airflow/example_dags/example_python_operator.py
[2023-02-23 16:52:58,874] {scheduler_job.py:633} INFO - Processing file /home/airflow/.local/lib/python3.6/site-packages/airflow/example_dags/example_python_operator.py for tasks to queue
[2023-02-23 16:52:58,875] {logging_mixin.py:104} INFO - [2023-02-23 16:52:58,875] {dagbag.py:496} INFO - Filling up the DagBag from /home/airflow/.local/lib/python3.6/site-packages/airflow/example_dags/example_python_operator.py
[2023-02-23 16:52:58,887] {scheduler_job.py:643} INFO - DAG(s) dict_keys(['example_python_operator']) retrieved from /home/airflow/.local/lib/python3.6/site-packages/airflow/example_dags/example_python_operator.py
[2023-02-23 16:52:58,907] {logging_mixin.py:104} INFO - [2023-02-23 16:52:58,907] {dag.py:1833} INFO - Sync 1 DAGs
[2023-02-23 16:52:58,922] {logging_mixin.py:104} INFO - [2023-02-23 16:52:58,921] {dag.py:2306} INFO - Setting next_dagrun for example_python_operator to None
[2023-02-23 16:52:58,930] {scheduler_job.py:190} INFO - Processing /home/airflow/.local/lib/python3.6/site-packages/airflow/example_dags/example_python_operator.py took 0.094 seconds
[2023-02-23 16:53:29,089] {scheduler_job.py:182} INFO - Started process (PID=809) to work on /home/airflow/.local/lib/python3.6/site-packages/airflow/example_dags/example_python_operator.py
[2023-02-23 16:53:29,090] {scheduler_job.py:633} INFO - Processing file /home/airflow/.local/lib/python3.6/site-packages/airflow/example_dags/example_python_operator.py for tasks to queue
[2023-02-23 16:53:29,090] {logging_mixin.py:104} INFO - [2023-02-23 16:53:29,090] {dagbag.py:496} INFO - Filling up the DagBag from /home/airflow/.local/lib/python3.6/site-packages/airflow/example_dags/example_python_operator.py
[2023-02-23 16:53:29,101] {scheduler_job.py:643} INFO - DAG(s) dict_keys(['example_python_operator']) retrieved from /home/airflow/.local/lib/python3.6/site-packages/airflow/example_dags/example_python_operator.py
[2023-02-23 16:53:29,118] {logging_mixin.py:104} INFO - [2023-02-23 16:53:29,118] {dag.py:1833} INFO - Sync 1 DAGs
[2023-02-23 16:53:29,131] {logging_mixin.py:104} INFO - [2023-02-23 16:53:29,131] {dag.py:2306} INFO - Setting next_dagrun for example_python_operator to None
[2023-02-23 16:53:29,139] {scheduler_job.py:190} INFO - Processing /home/airflow/.local/lib/python3.6/site-packages/airflow/example_dags/example_python_operator.py took 0.053 seconds
[2023-02-23 16:53:59,786] {scheduler_job.py:182} INFO - Started process (PID=866) to work on /home/airflow/.local/lib/python3.6/site-packages/airflow/example_dags/example_python_operator.py
[2023-02-23 16:53:59,788] {scheduler_job.py:633} INFO - Processing file /home/airflow/.local/lib/python3.6/site-packages/airflow/example_dags/example_python_operator.py for tasks to queue
[2023-02-23 16:53:59,789] {logging_mixin.py:104} INFO - [2023-02-23 16:53:59,788] {dagbag.py:496} INFO - Filling up the DagBag from /home/airflow/.local/lib/python3.6/site-packages/airflow/example_dags/example_python_operator.py
[2023-02-23 16:53:59,800] {scheduler_job.py:643} INFO - DAG(s) dict_keys(['example_python_operator']) retrieved from /home/airflow/.local/lib/python3.6/site-packages/airflow/example_dags/example_python_operator.py
[2023-02-23 16:53:59,826] {logging_mixin.py:104} INFO - [2023-02-23 16:53:59,826] {dag.py:1833} INFO - Sync 1 DAGs
[2023-02-23 16:53:59,844] {logging_mixin.py:104} INFO - [2023-02-23 16:53:59,843] {dag.py:2306} INFO - Setting next_dagrun for example_python_operator to None
[2023-02-23 16:53:59,875] {scheduler_job.py:190} INFO - Processing /home/airflow/.local/lib/python3.6/site-packages/airflow/example_dags/example_python_operator.py took 0.091 seconds
[2023-02-23 16:54:30,545] {scheduler_job.py:182} INFO - Started process (PID=928) to work on /home/airflow/.local/lib/python3.6/site-packages/airflow/example_dags/example_python_operator.py
[2023-02-23 16:54:30,546] {scheduler_job.py:633} INFO - Processing file /home/airflow/.local/lib/python3.6/site-packages/airflow/example_dags/example_python_operator.py for tasks to queue
[2023-02-23 16:54:30,546] {logging_mixin.py:104} INFO - [2023-02-23 16:54:30,546] {dagbag.py:496} INFO - Filling up the DagBag from /home/airflow/.local/lib/python3.6/site-packages/airflow/example_dags/example_python_operator.py
[2023-02-23 16:54:30,558] {scheduler_job.py:643} INFO - DAG(s) dict_keys(['example_python_operator']) retrieved from /home/airflow/.local/lib/python3.6/site-packages/airflow/example_dags/example_python_operator.py
[2023-02-23 16:54:30,578] {logging_mixin.py:104} INFO - [2023-02-23 16:54:30,578] {dag.py:1833} INFO - Sync 1 DAGs
[2023-02-23 16:54:30,592] {logging_mixin.py:104} INFO - [2023-02-23 16:54:30,592] {dag.py:2306} INFO - Setting next_dagrun for example_python_operator to None
[2023-02-23 16:54:30,602] {scheduler_job.py:190} INFO - Processing /home/airflow/.local/lib/python3.6/site-packages/airflow/example_dags/example_python_operator.py took 0.059 seconds
[2023-02-23 16:55:02,578] {scheduler_job.py:182} INFO - Started process (PID=980) to work on /home/airflow/.local/lib/python3.6/site-packages/airflow/example_dags/example_python_operator.py
[2023-02-23 16:55:02,579] {scheduler_job.py:633} INFO - Processing file /home/airflow/.local/lib/python3.6/site-packages/airflow/example_dags/example_python_operator.py for tasks to queue
[2023-02-23 16:55:02,579] {logging_mixin.py:104} INFO - [2023-02-23 16:55:02,579] {dagbag.py:496} INFO - Filling up the DagBag from /home/airflow/.local/lib/python3.6/site-packages/airflow/example_dags/example_python_operator.py
[2023-02-23 16:55:02,594] {scheduler_job.py:643} INFO - DAG(s) dict_keys(['example_python_operator']) retrieved from /home/airflow/.local/lib/python3.6/site-packages/airflow/example_dags/example_python_operator.py
[2023-02-23 16:55:02,677] {logging_mixin.py:104} INFO - [2023-02-23 16:55:02,677] {dag.py:1833} INFO - Sync 1 DAGs
[2023-02-23 16:55:02,696] {logging_mixin.py:104} INFO - [2023-02-23 16:55:02,696] {dag.py:2306} INFO - Setting next_dagrun for example_python_operator to None
[2023-02-23 16:55:02,779] {scheduler_job.py:190} INFO - Processing /home/airflow/.local/lib/python3.6/site-packages/airflow/example_dags/example_python_operator.py took 0.204 seconds
[2023-02-23 16:55:33,571] {scheduler_job.py:182} INFO - Started process (PID=1032) to work on /home/airflow/.local/lib/python3.6/site-packages/airflow/example_dags/example_python_operator.py
[2023-02-23 16:55:33,572] {scheduler_job.py:633} INFO - Processing file /home/airflow/.local/lib/python3.6/site-packages/airflow/example_dags/example_python_operator.py for tasks to queue
[2023-02-23 16:55:33,572] {logging_mixin.py:104} INFO - [2023-02-23 16:55:33,572] {dagbag.py:496} INFO - Filling up the DagBag from /home/airflow/.local/lib/python3.6/site-packages/airflow/example_dags/example_python_operator.py
[2023-02-23 16:55:33,584] {scheduler_job.py:643} INFO - DAG(s) dict_keys(['example_python_operator']) retrieved from /home/airflow/.local/lib/python3.6/site-packages/airflow/example_dags/example_python_operator.py
[2023-02-23 16:55:33,602] {logging_mixin.py:104} INFO - [2023-02-23 16:55:33,602] {dag.py:1833} INFO - Sync 1 DAGs
[2023-02-23 16:55:33,615] {logging_mixin.py:104} INFO - [2023-02-23 16:55:33,615] {dag.py:2306} INFO - Setting next_dagrun for example_python_operator to None
[2023-02-23 16:55:33,622] {scheduler_job.py:190} INFO - Processing /home/airflow/.local/lib/python3.6/site-packages/airflow/example_dags/example_python_operator.py took 0.053 seconds
[2023-02-23 16:56:03,812] {scheduler_job.py:182} INFO - Started process (PID=1094) to work on /home/airflow/.local/lib/python3.6/site-packages/airflow/example_dags/example_python_operator.py
[2023-02-23 16:56:03,813] {scheduler_job.py:633} INFO - Processing file /home/airflow/.local/lib/python3.6/site-packages/airflow/example_dags/example_python_operator.py for tasks to queue
[2023-02-23 16:56:03,814] {logging_mixin.py:104} INFO - [2023-02-23 16:56:03,813] {dagbag.py:496} INFO - Filling up the DagBag from /home/airflow/.local/lib/python3.6/site-packages/airflow/example_dags/example_python_operator.py
[2023-02-23 16:56:03,824] {scheduler_job.py:643} INFO - DAG(s) dict_keys(['example_python_operator']) retrieved from /home/airflow/.local/lib/python3.6/site-packages/airflow/example_dags/example_python_operator.py
[2023-02-23 16:56:03,843] {logging_mixin.py:104} INFO - [2023-02-23 16:56:03,843] {dag.py:1833} INFO - Sync 1 DAGs
[2023-02-23 16:56:03,857] {logging_mixin.py:104} INFO - [2023-02-23 16:56:03,857] {dag.py:2306} INFO - Setting next_dagrun for example_python_operator to None
[2023-02-23 16:56:03,864] {scheduler_job.py:190} INFO - Processing /home/airflow/.local/lib/python3.6/site-packages/airflow/example_dags/example_python_operator.py took 0.054 seconds
[2023-02-23 16:56:34,340] {scheduler_job.py:182} INFO - Started process (PID=1146) to work on /home/airflow/.local/lib/python3.6/site-packages/airflow/example_dags/example_python_operator.py
[2023-02-23 16:56:34,341] {scheduler_job.py:633} INFO - Processing file /home/airflow/.local/lib/python3.6/site-packages/airflow/example_dags/example_python_operator.py for tasks to queue
[2023-02-23 16:56:34,341] {logging_mixin.py:104} INFO - [2023-02-23 16:56:34,341] {dagbag.py:496} INFO - Filling up the DagBag from /home/airflow/.local/lib/python3.6/site-packages/airflow/example_dags/example_python_operator.py
[2023-02-23 16:56:34,352] {scheduler_job.py:643} INFO - DAG(s) dict_keys(['example_python_operator']) retrieved from /home/airflow/.local/lib/python3.6/site-packages/airflow/example_dags/example_python_operator.py
[2023-02-23 16:56:34,369] {logging_mixin.py:104} INFO - [2023-02-23 16:56:34,369] {dag.py:1833} INFO - Sync 1 DAGs
[2023-02-23 16:56:34,382] {logging_mixin.py:104} INFO - [2023-02-23 16:56:34,382] {dag.py:2306} INFO - Setting next_dagrun for example_python_operator to None
[2023-02-23 16:56:34,389] {scheduler_job.py:190} INFO - Processing /home/airflow/.local/lib/python3.6/site-packages/airflow/example_dags/example_python_operator.py took 0.051 seconds
[2023-02-23 16:57:04,499] {scheduler_job.py:182} INFO - Started process (PID=1207) to work on /home/airflow/.local/lib/python3.6/site-packages/airflow/example_dags/example_python_operator.py
[2023-02-23 16:57:04,499] {scheduler_job.py:633} INFO - Processing file /home/airflow/.local/lib/python3.6/site-packages/airflow/example_dags/example_python_operator.py for tasks to queue
[2023-02-23 16:57:04,500] {logging_mixin.py:104} INFO - [2023-02-23 16:57:04,500] {dagbag.py:496} INFO - Filling up the DagBag from /home/airflow/.local/lib/python3.6/site-packages/airflow/example_dags/example_python_operator.py
[2023-02-23 16:57:04,513] {scheduler_job.py:643} INFO - DAG(s) dict_keys(['example_python_operator']) retrieved from /home/airflow/.local/lib/python3.6/site-packages/airflow/example_dags/example_python_operator.py
[2023-02-23 16:57:04,536] {logging_mixin.py:104} INFO - [2023-02-23 16:57:04,536] {dag.py:1833} INFO - Sync 1 DAGs
[2023-02-23 16:57:04,586] {logging_mixin.py:104} INFO - [2023-02-23 16:57:04,586] {dag.py:2306} INFO - Setting next_dagrun for example_python_operator to None
[2023-02-23 16:57:04,594] {scheduler_job.py:190} INFO - Processing /home/airflow/.local/lib/python3.6/site-packages/airflow/example_dags/example_python_operator.py took 0.098 seconds
[2023-02-23 16:57:35,628] {scheduler_job.py:182} INFO - Started process (PID=1259) to work on /home/airflow/.local/lib/python3.6/site-packages/airflow/example_dags/example_python_operator.py
[2023-02-23 16:57:35,629] {scheduler_job.py:633} INFO - Processing file /home/airflow/.local/lib/python3.6/site-packages/airflow/example_dags/example_python_operator.py for tasks to queue
[2023-02-23 16:57:35,629] {logging_mixin.py:104} INFO - [2023-02-23 16:57:35,629] {dagbag.py:496} INFO - Filling up the DagBag from /home/airflow/.local/lib/python3.6/site-packages/airflow/example_dags/example_python_operator.py
[2023-02-23 16:57:35,676] {scheduler_job.py:643} INFO - DAG(s) dict_keys(['example_python_operator']) retrieved from /home/airflow/.local/lib/python3.6/site-packages/airflow/example_dags/example_python_operator.py
[2023-02-23 16:57:35,695] {logging_mixin.py:104} INFO - [2023-02-23 16:57:35,695] {dag.py:1833} INFO - Sync 1 DAGs
[2023-02-23 16:57:35,708] {logging_mixin.py:104} INFO - [2023-02-23 16:57:35,708] {dag.py:2306} INFO - Setting next_dagrun for example_python_operator to None
[2023-02-23 16:57:35,715] {scheduler_job.py:190} INFO - Processing /home/airflow/.local/lib/python3.6/site-packages/airflow/example_dags/example_python_operator.py took 0.090 seconds
[2023-02-23 16:58:05,758] {scheduler_job.py:182} INFO - Started process (PID=1321) to work on /home/airflow/.local/lib/python3.6/site-packages/airflow/example_dags/example_python_operator.py
[2023-02-23 16:58:05,759] {scheduler_job.py:633} INFO - Processing file /home/airflow/.local/lib/python3.6/site-packages/airflow/example_dags/example_python_operator.py for tasks to queue
[2023-02-23 16:58:05,759] {logging_mixin.py:104} INFO - [2023-02-23 16:58:05,759] {dagbag.py:496} INFO - Filling up the DagBag from /home/airflow/.local/lib/python3.6/site-packages/airflow/example_dags/example_python_operator.py
[2023-02-23 16:58:05,769] {scheduler_job.py:643} INFO - DAG(s) dict_keys(['example_python_operator']) retrieved from /home/airflow/.local/lib/python3.6/site-packages/airflow/example_dags/example_python_operator.py
[2023-02-23 16:58:05,789] {logging_mixin.py:104} INFO - [2023-02-23 16:58:05,789] {dag.py:1833} INFO - Sync 1 DAGs
[2023-02-23 16:58:05,804] {logging_mixin.py:104} INFO - [2023-02-23 16:58:05,803] {dag.py:2306} INFO - Setting next_dagrun for example_python_operator to None
[2023-02-23 16:58:05,811] {scheduler_job.py:190} INFO - Processing /home/airflow/.local/lib/python3.6/site-packages/airflow/example_dags/example_python_operator.py took 0.056 seconds
[2023-02-23 16:58:35,896] {scheduler_job.py:182} INFO - Started process (PID=1373) to work on /home/airflow/.local/lib/python3.6/site-packages/airflow/example_dags/example_python_operator.py
[2023-02-23 16:58:35,896] {scheduler_job.py:633} INFO - Processing file /home/airflow/.local/lib/python3.6/site-packages/airflow/example_dags/example_python_operator.py for tasks to queue
[2023-02-23 16:58:35,897] {logging_mixin.py:104} INFO - [2023-02-23 16:58:35,897] {dagbag.py:496} INFO - Filling up the DagBag from /home/airflow/.local/lib/python3.6/site-packages/airflow/example_dags/example_python_operator.py
[2023-02-23 16:58:35,907] {scheduler_job.py:643} INFO - DAG(s) dict_keys(['example_python_operator']) retrieved from /home/airflow/.local/lib/python3.6/site-packages/airflow/example_dags/example_python_operator.py
[2023-02-23 16:58:35,928] {logging_mixin.py:104} INFO - [2023-02-23 16:58:35,928] {dag.py:1833} INFO - Sync 1 DAGs
[2023-02-23 16:58:35,942] {logging_mixin.py:104} INFO - [2023-02-23 16:58:35,942] {dag.py:2306} INFO - Setting next_dagrun for example_python_operator to None
[2023-02-23 16:58:35,950] {scheduler_job.py:190} INFO - Processing /home/airflow/.local/lib/python3.6/site-packages/airflow/example_dags/example_python_operator.py took 0.057 seconds
[2023-02-23 16:59:07,200] {scheduler_job.py:182} INFO - Started process (PID=1435) to work on /home/airflow/.local/lib/python3.6/site-packages/airflow/example_dags/example_python_operator.py
[2023-02-23 16:59:07,202] {scheduler_job.py:633} INFO - Processing file /home/airflow/.local/lib/python3.6/site-packages/airflow/example_dags/example_python_operator.py for tasks to queue
[2023-02-23 16:59:07,202] {logging_mixin.py:104} INFO - [2023-02-23 16:59:07,202] {dagbag.py:496} INFO - Filling up the DagBag from /home/airflow/.local/lib/python3.6/site-packages/airflow/example_dags/example_python_operator.py
[2023-02-23 16:59:07,212] {scheduler_job.py:643} INFO - DAG(s) dict_keys(['example_python_operator']) retrieved from /home/airflow/.local/lib/python3.6/site-packages/airflow/example_dags/example_python_operator.py
[2023-02-23 16:59:07,275] {logging_mixin.py:104} INFO - [2023-02-23 16:59:07,275] {dag.py:1833} INFO - Sync 1 DAGs
[2023-02-23 16:59:07,288] {logging_mixin.py:104} INFO - [2023-02-23 16:59:07,288] {dag.py:2306} INFO - Setting next_dagrun for example_python_operator to None
[2023-02-23 16:59:07,296] {scheduler_job.py:190} INFO - Processing /home/airflow/.local/lib/python3.6/site-packages/airflow/example_dags/example_python_operator.py took 0.098 seconds
[2023-02-23 16:59:38,277] {scheduler_job.py:182} INFO - Started process (PID=1488) to work on /home/airflow/.local/lib/python3.6/site-packages/airflow/example_dags/example_python_operator.py
[2023-02-23 16:59:38,278] {scheduler_job.py:633} INFO - Processing file /home/airflow/.local/lib/python3.6/site-packages/airflow/example_dags/example_python_operator.py for tasks to queue
[2023-02-23 16:59:38,278] {logging_mixin.py:104} INFO - [2023-02-23 16:59:38,278] {dagbag.py:496} INFO - Filling up the DagBag from /home/airflow/.local/lib/python3.6/site-packages/airflow/example_dags/example_python_operator.py
[2023-02-23 16:59:38,290] {scheduler_job.py:643} INFO - DAG(s) dict_keys(['example_python_operator']) retrieved from /home/airflow/.local/lib/python3.6/site-packages/airflow/example_dags/example_python_operator.py
[2023-02-23 16:59:38,312] {logging_mixin.py:104} INFO - [2023-02-23 16:59:38,312] {dag.py:1833} INFO - Sync 1 DAGs
[2023-02-23 16:59:38,325] {logging_mixin.py:104} INFO - [2023-02-23 16:59:38,325] {dag.py:2306} INFO - Setting next_dagrun for example_python_operator to None
[2023-02-23 16:59:38,332] {scheduler_job.py:190} INFO - Processing /home/airflow/.local/lib/python3.6/site-packages/airflow/example_dags/example_python_operator.py took 0.058 seconds
[2023-02-23 17:00:09,322] {scheduler_job.py:182} INFO - Started process (PID=1551) to work on /home/airflow/.local/lib/python3.6/site-packages/airflow/example_dags/example_python_operator.py
[2023-02-23 17:00:09,323] {scheduler_job.py:633} INFO - Processing file /home/airflow/.local/lib/python3.6/site-packages/airflow/example_dags/example_python_operator.py for tasks to queue
[2023-02-23 17:00:09,323] {logging_mixin.py:104} INFO - [2023-02-23 17:00:09,323] {dagbag.py:496} INFO - Filling up the DagBag from /home/airflow/.local/lib/python3.6/site-packages/airflow/example_dags/example_python_operator.py
[2023-02-23 17:00:09,336] {scheduler_job.py:643} INFO - DAG(s) dict_keys(['example_python_operator']) retrieved from /home/airflow/.local/lib/python3.6/site-packages/airflow/example_dags/example_python_operator.py
[2023-02-23 17:00:09,385] {logging_mixin.py:104} INFO - [2023-02-23 17:00:09,384] {dag.py:1833} INFO - Sync 1 DAGs
[2023-02-23 17:00:09,398] {logging_mixin.py:104} INFO - [2023-02-23 17:00:09,398] {dag.py:2306} INFO - Setting next_dagrun for example_python_operator to None
[2023-02-23 17:00:09,407] {scheduler_job.py:190} INFO - Processing /home/airflow/.local/lib/python3.6/site-packages/airflow/example_dags/example_python_operator.py took 0.088 seconds
[2023-02-23 17:00:39,680] {scheduler_job.py:182} INFO - Started process (PID=1603) to work on /home/airflow/.local/lib/python3.6/site-packages/airflow/example_dags/example_python_operator.py
[2023-02-23 17:00:39,680] {scheduler_job.py:633} INFO - Processing file /home/airflow/.local/lib/python3.6/site-packages/airflow/example_dags/example_python_operator.py for tasks to queue
[2023-02-23 17:00:39,681] {logging_mixin.py:104} INFO - [2023-02-23 17:00:39,681] {dagbag.py:496} INFO - Filling up the DagBag from /home/airflow/.local/lib/python3.6/site-packages/airflow/example_dags/example_python_operator.py
[2023-02-23 17:00:39,696] {scheduler_job.py:643} INFO - DAG(s) dict_keys(['example_python_operator']) retrieved from /home/airflow/.local/lib/python3.6/site-packages/airflow/example_dags/example_python_operator.py
[2023-02-23 17:00:39,717] {logging_mixin.py:104} INFO - [2023-02-23 17:00:39,717] {dag.py:1833} INFO - Sync 1 DAGs
[2023-02-23 17:00:39,776] {logging_mixin.py:104} INFO - [2023-02-23 17:00:39,776] {dag.py:2306} INFO - Setting next_dagrun for example_python_operator to None
[2023-02-23 17:00:39,785] {scheduler_job.py:190} INFO - Processing /home/airflow/.local/lib/python3.6/site-packages/airflow/example_dags/example_python_operator.py took 0.109 seconds
[2023-02-23 17:01:09,909] {scheduler_job.py:182} INFO - Started process (PID=1666) to work on /home/airflow/.local/lib/python3.6/site-packages/airflow/example_dags/example_python_operator.py
[2023-02-23 17:01:09,910] {scheduler_job.py:633} INFO - Processing file /home/airflow/.local/lib/python3.6/site-packages/airflow/example_dags/example_python_operator.py for tasks to queue
[2023-02-23 17:01:09,911] {logging_mixin.py:104} INFO - [2023-02-23 17:01:09,911] {dagbag.py:496} INFO - Filling up the DagBag from /home/airflow/.local/lib/python3.6/site-packages/airflow/example_dags/example_python_operator.py
[2023-02-23 17:01:09,926] {scheduler_job.py:643} INFO - DAG(s) dict_keys(['example_python_operator']) retrieved from /home/airflow/.local/lib/python3.6/site-packages/airflow/example_dags/example_python_operator.py
[2023-02-23 17:01:09,949] {logging_mixin.py:104} INFO - [2023-02-23 17:01:09,949] {dag.py:1833} INFO - Sync 1 DAGs
[2023-02-23 17:01:09,966] {logging_mixin.py:104} INFO - [2023-02-23 17:01:09,966] {dag.py:2306} INFO - Setting next_dagrun for example_python_operator to None
[2023-02-23 17:01:09,976] {scheduler_job.py:190} INFO - Processing /home/airflow/.local/lib/python3.6/site-packages/airflow/example_dags/example_python_operator.py took 0.071 seconds
[2023-02-23 17:01:40,607] {scheduler_job.py:182} INFO - Started process (PID=1718) to work on /home/airflow/.local/lib/python3.6/site-packages/airflow/example_dags/example_python_operator.py
[2023-02-23 17:01:40,607] {scheduler_job.py:633} INFO - Processing file /home/airflow/.local/lib/python3.6/site-packages/airflow/example_dags/example_python_operator.py for tasks to queue
[2023-02-23 17:01:40,608] {logging_mixin.py:104} INFO - [2023-02-23 17:01:40,608] {dagbag.py:496} INFO - Filling up the DagBag from /home/airflow/.local/lib/python3.6/site-packages/airflow/example_dags/example_python_operator.py
[2023-02-23 17:01:40,619] {scheduler_job.py:643} INFO - DAG(s) dict_keys(['example_python_operator']) retrieved from /home/airflow/.local/lib/python3.6/site-packages/airflow/example_dags/example_python_operator.py
[2023-02-23 17:01:40,637] {logging_mixin.py:104} INFO - [2023-02-23 17:01:40,637] {dag.py:1833} INFO - Sync 1 DAGs
[2023-02-23 17:01:40,650] {logging_mixin.py:104} INFO - [2023-02-23 17:01:40,650] {dag.py:2306} INFO - Setting next_dagrun for example_python_operator to None
[2023-02-23 17:01:40,658] {scheduler_job.py:190} INFO - Processing /home/airflow/.local/lib/python3.6/site-packages/airflow/example_dags/example_python_operator.py took 0.054 seconds
[2023-02-23 17:02:11,940] {scheduler_job.py:182} INFO - Started process (PID=1780) to work on /home/airflow/.local/lib/python3.6/site-packages/airflow/example_dags/example_python_operator.py
[2023-02-23 17:02:11,940] {scheduler_job.py:633} INFO - Processing file /home/airflow/.local/lib/python3.6/site-packages/airflow/example_dags/example_python_operator.py for tasks to queue
[2023-02-23 17:02:11,941] {logging_mixin.py:104} INFO - [2023-02-23 17:02:11,941] {dagbag.py:496} INFO - Filling up the DagBag from /home/airflow/.local/lib/python3.6/site-packages/airflow/example_dags/example_python_operator.py
[2023-02-23 17:02:11,953] {scheduler_job.py:643} INFO - DAG(s) dict_keys(['example_python_operator']) retrieved from /home/airflow/.local/lib/python3.6/site-packages/airflow/example_dags/example_python_operator.py
[2023-02-23 17:02:11,972] {logging_mixin.py:104} INFO - [2023-02-23 17:02:11,972] {dag.py:1833} INFO - Sync 1 DAGs
[2023-02-23 17:02:11,985] {logging_mixin.py:104} INFO - [2023-02-23 17:02:11,985] {dag.py:2306} INFO - Setting next_dagrun for example_python_operator to None
[2023-02-23 17:02:11,993] {scheduler_job.py:190} INFO - Processing /home/airflow/.local/lib/python3.6/site-packages/airflow/example_dags/example_python_operator.py took 0.056 seconds
[2023-02-23 17:02:42,938] {scheduler_job.py:182} INFO - Started process (PID=1832) to work on /home/airflow/.local/lib/python3.6/site-packages/airflow/example_dags/example_python_operator.py
[2023-02-23 17:02:42,939] {scheduler_job.py:633} INFO - Processing file /home/airflow/.local/lib/python3.6/site-packages/airflow/example_dags/example_python_operator.py for tasks to queue
[2023-02-23 17:02:42,940] {logging_mixin.py:104} INFO - [2023-02-23 17:02:42,939] {dagbag.py:496} INFO - Filling up the DagBag from /home/airflow/.local/lib/python3.6/site-packages/airflow/example_dags/example_python_operator.py
[2023-02-23 17:02:42,953] {scheduler_job.py:643} INFO - DAG(s) dict_keys(['example_python_operator']) retrieved from /home/airflow/.local/lib/python3.6/site-packages/airflow/example_dags/example_python_operator.py
[2023-02-23 17:02:42,978] {logging_mixin.py:104} INFO - [2023-02-23 17:02:42,978] {dag.py:1833} INFO - Sync 1 DAGs
[2023-02-23 17:02:42,992] {logging_mixin.py:104} INFO - [2023-02-23 17:02:42,992] {dag.py:2306} INFO - Setting next_dagrun for example_python_operator to None
[2023-02-23 17:02:43,000] {scheduler_job.py:190} INFO - Processing /home/airflow/.local/lib/python3.6/site-packages/airflow/example_dags/example_python_operator.py took 0.065 seconds
[2023-02-23 17:03:13,099] {scheduler_job.py:182} INFO - Started process (PID=1884) to work on /home/airflow/.local/lib/python3.6/site-packages/airflow/example_dags/example_python_operator.py
[2023-02-23 17:03:13,100] {scheduler_job.py:633} INFO - Processing file /home/airflow/.local/lib/python3.6/site-packages/airflow/example_dags/example_python_operator.py for tasks to queue
[2023-02-23 17:03:13,100] {logging_mixin.py:104} INFO - [2023-02-23 17:03:13,100] {dagbag.py:496} INFO - Filling up the DagBag from /home/airflow/.local/lib/python3.6/site-packages/airflow/example_dags/example_python_operator.py
[2023-02-23 17:03:13,114] {scheduler_job.py:643} INFO - DAG(s) dict_keys(['example_python_operator']) retrieved from /home/airflow/.local/lib/python3.6/site-packages/airflow/example_dags/example_python_operator.py
[2023-02-23 17:03:13,135] {logging_mixin.py:104} INFO - [2023-02-23 17:03:13,135] {dag.py:1833} INFO - Sync 1 DAGs
[2023-02-23 17:03:13,151] {logging_mixin.py:104} INFO - [2023-02-23 17:03:13,151] {dag.py:2306} INFO - Setting next_dagrun for example_python_operator to None
[2023-02-23 17:03:13,161] {scheduler_job.py:190} INFO - Processing /home/airflow/.local/lib/python3.6/site-packages/airflow/example_dags/example_python_operator.py took 0.065 seconds
[2023-02-23 17:03:43,329] {scheduler_job.py:182} INFO - Started process (PID=1946) to work on /home/airflow/.local/lib/python3.6/site-packages/airflow/example_dags/example_python_operator.py
[2023-02-23 17:03:43,330] {scheduler_job.py:633} INFO - Processing file /home/airflow/.local/lib/python3.6/site-packages/airflow/example_dags/example_python_operator.py for tasks to queue
[2023-02-23 17:03:43,331] {logging_mixin.py:104} INFO - [2023-02-23 17:03:43,331] {dagbag.py:496} INFO - Filling up the DagBag from /home/airflow/.local/lib/python3.6/site-packages/airflow/example_dags/example_python_operator.py
[2023-02-23 17:03:43,345] {scheduler_job.py:643} INFO - DAG(s) dict_keys(['example_python_operator']) retrieved from /home/airflow/.local/lib/python3.6/site-packages/airflow/example_dags/example_python_operator.py
[2023-02-23 17:03:43,385] {logging_mixin.py:104} INFO - [2023-02-23 17:03:43,385] {dag.py:1833} INFO - Sync 1 DAGs
[2023-02-23 17:03:43,400] {logging_mixin.py:104} INFO - [2023-02-23 17:03:43,400] {dag.py:2306} INFO - Setting next_dagrun for example_python_operator to None
[2023-02-23 17:03:43,408] {scheduler_job.py:190} INFO - Processing /home/airflow/.local/lib/python3.6/site-packages/airflow/example_dags/example_python_operator.py took 0.082 seconds
[2023-02-23 17:04:14,201] {scheduler_job.py:182} INFO - Started process (PID=1998) to work on /home/airflow/.local/lib/python3.6/site-packages/airflow/example_dags/example_python_operator.py
[2023-02-23 17:04:14,203] {scheduler_job.py:633} INFO - Processing file /home/airflow/.local/lib/python3.6/site-packages/airflow/example_dags/example_python_operator.py for tasks to queue
[2023-02-23 17:04:14,204] {logging_mixin.py:104} INFO - [2023-02-23 17:04:14,204] {dagbag.py:496} INFO - Filling up the DagBag from /home/airflow/.local/lib/python3.6/site-packages/airflow/example_dags/example_python_operator.py
[2023-02-23 17:04:14,214] {scheduler_job.py:643} INFO - DAG(s) dict_keys(['example_python_operator']) retrieved from /home/airflow/.local/lib/python3.6/site-packages/airflow/example_dags/example_python_operator.py
[2023-02-23 17:04:14,231] {logging_mixin.py:104} INFO - [2023-02-23 17:04:14,231] {dag.py:1833} INFO - Sync 1 DAGs
[2023-02-23 17:04:14,245] {logging_mixin.py:104} INFO - [2023-02-23 17:04:14,245] {dag.py:2306} INFO - Setting next_dagrun for example_python_operator to None
[2023-02-23 17:04:14,252] {scheduler_job.py:190} INFO - Processing /home/airflow/.local/lib/python3.6/site-packages/airflow/example_dags/example_python_operator.py took 0.054 seconds
[2023-02-23 17:04:45,123] {scheduler_job.py:182} INFO - Started process (PID=2061) to work on /home/airflow/.local/lib/python3.6/site-packages/airflow/example_dags/example_python_operator.py
[2023-02-23 17:04:45,123] {scheduler_job.py:633} INFO - Processing file /home/airflow/.local/lib/python3.6/site-packages/airflow/example_dags/example_python_operator.py for tasks to queue
[2023-02-23 17:04:45,124] {logging_mixin.py:104} INFO - [2023-02-23 17:04:45,124] {dagbag.py:496} INFO - Filling up the DagBag from /home/airflow/.local/lib/python3.6/site-packages/airflow/example_dags/example_python_operator.py
[2023-02-23 17:04:45,134] {scheduler_job.py:643} INFO - DAG(s) dict_keys(['example_python_operator']) retrieved from /home/airflow/.local/lib/python3.6/site-packages/airflow/example_dags/example_python_operator.py
[2023-02-23 17:04:45,152] {logging_mixin.py:104} INFO - [2023-02-23 17:04:45,151] {dag.py:1833} INFO - Sync 1 DAGs
[2023-02-23 17:04:45,164] {logging_mixin.py:104} INFO - [2023-02-23 17:04:45,164] {dag.py:2306} INFO - Setting next_dagrun for example_python_operator to None
[2023-02-23 17:04:45,178] {scheduler_job.py:190} INFO - Processing /home/airflow/.local/lib/python3.6/site-packages/airflow/example_dags/example_python_operator.py took 0.057 seconds
[2023-02-23 17:05:15,903] {scheduler_job.py:182} INFO - Started process (PID=2120) to work on /home/airflow/.local/lib/python3.6/site-packages/airflow/example_dags/example_python_operator.py
[2023-02-23 17:05:15,904] {scheduler_job.py:633} INFO - Processing file /home/airflow/.local/lib/python3.6/site-packages/airflow/example_dags/example_python_operator.py for tasks to queue
[2023-02-23 17:05:15,905] {logging_mixin.py:104} INFO - [2023-02-23 17:05:15,905] {dagbag.py:496} INFO - Filling up the DagBag from /home/airflow/.local/lib/python3.6/site-packages/airflow/example_dags/example_python_operator.py
[2023-02-23 17:05:15,917] {scheduler_job.py:643} INFO - DAG(s) dict_keys(['example_python_operator']) retrieved from /home/airflow/.local/lib/python3.6/site-packages/airflow/example_dags/example_python_operator.py
[2023-02-23 17:05:15,935] {logging_mixin.py:104} INFO - [2023-02-23 17:05:15,935] {dag.py:1833} INFO - Sync 1 DAGs
[2023-02-23 17:05:15,950] {logging_mixin.py:104} INFO - [2023-02-23 17:05:15,950] {dag.py:2306} INFO - Setting next_dagrun for example_python_operator to None
[2023-02-23 17:05:15,959] {scheduler_job.py:190} INFO - Processing /home/airflow/.local/lib/python3.6/site-packages/airflow/example_dags/example_python_operator.py took 0.058 seconds
[2023-02-23 17:05:46,290] {scheduler_job.py:182} INFO - Started process (PID=2175) to work on /home/airflow/.local/lib/python3.6/site-packages/airflow/example_dags/example_python_operator.py
[2023-02-23 17:05:46,291] {scheduler_job.py:633} INFO - Processing file /home/airflow/.local/lib/python3.6/site-packages/airflow/example_dags/example_python_operator.py for tasks to queue
[2023-02-23 17:05:46,291] {logging_mixin.py:104} INFO - [2023-02-23 17:05:46,291] {dagbag.py:496} INFO - Filling up the DagBag from /home/airflow/.local/lib/python3.6/site-packages/airflow/example_dags/example_python_operator.py
[2023-02-23 17:05:46,303] {scheduler_job.py:643} INFO - DAG(s) dict_keys(['example_python_operator']) retrieved from /home/airflow/.local/lib/python3.6/site-packages/airflow/example_dags/example_python_operator.py
[2023-02-23 17:05:46,322] {logging_mixin.py:104} INFO - [2023-02-23 17:05:46,321] {dag.py:1833} INFO - Sync 1 DAGs
[2023-02-23 17:05:46,336] {logging_mixin.py:104} INFO - [2023-02-23 17:05:46,336] {dag.py:2306} INFO - Setting next_dagrun for example_python_operator to None
[2023-02-23 17:05:46,343] {scheduler_job.py:190} INFO - Processing /home/airflow/.local/lib/python3.6/site-packages/airflow/example_dags/example_python_operator.py took 0.056 seconds
[2023-02-23 17:06:17,316] {scheduler_job.py:182} INFO - Started process (PID=2227) to work on /home/airflow/.local/lib/python3.6/site-packages/airflow/example_dags/example_python_operator.py
[2023-02-23 17:06:17,317] {scheduler_job.py:633} INFO - Processing file /home/airflow/.local/lib/python3.6/site-packages/airflow/example_dags/example_python_operator.py for tasks to queue
[2023-02-23 17:06:17,318] {logging_mixin.py:104} INFO - [2023-02-23 17:06:17,318] {dagbag.py:496} INFO - Filling up the DagBag from /home/airflow/.local/lib/python3.6/site-packages/airflow/example_dags/example_python_operator.py
[2023-02-23 17:06:17,329] {scheduler_job.py:643} INFO - DAG(s) dict_keys(['example_python_operator']) retrieved from /home/airflow/.local/lib/python3.6/site-packages/airflow/example_dags/example_python_operator.py
[2023-02-23 17:06:17,375] {logging_mixin.py:104} INFO - [2023-02-23 17:06:17,374] {dag.py:1833} INFO - Sync 1 DAGs
[2023-02-23 17:06:17,387] {logging_mixin.py:104} INFO - [2023-02-23 17:06:17,387] {dag.py:2306} INFO - Setting next_dagrun for example_python_operator to None
[2023-02-23 17:06:17,396] {scheduler_job.py:190} INFO - Processing /home/airflow/.local/lib/python3.6/site-packages/airflow/example_dags/example_python_operator.py took 0.082 seconds
[2023-02-23 17:06:48,898] {scheduler_job.py:182} INFO - Started process (PID=2290) to work on /home/airflow/.local/lib/python3.6/site-packages/airflow/example_dags/example_python_operator.py
[2023-02-23 17:06:48,899] {scheduler_job.py:633} INFO - Processing file /home/airflow/.local/lib/python3.6/site-packages/airflow/example_dags/example_python_operator.py for tasks to queue
[2023-02-23 17:06:48,900] {logging_mixin.py:104} INFO - [2023-02-23 17:06:48,900] {dagbag.py:496} INFO - Filling up the DagBag from /home/airflow/.local/lib/python3.6/site-packages/airflow/example_dags/example_python_operator.py
[2023-02-23 17:06:48,911] {scheduler_job.py:643} INFO - DAG(s) dict_keys(['example_python_operator']) retrieved from /home/airflow/.local/lib/python3.6/site-packages/airflow/example_dags/example_python_operator.py
[2023-02-23 17:06:48,972] {logging_mixin.py:104} INFO - [2023-02-23 17:06:48,972] {dag.py:1833} INFO - Sync 1 DAGs
[2023-02-23 17:06:48,989] {logging_mixin.py:104} INFO - [2023-02-23 17:06:48,988] {dag.py:2306} INFO - Setting next_dagrun for example_python_operator to None
[2023-02-23 17:06:48,998] {scheduler_job.py:190} INFO - Processing /home/airflow/.local/lib/python3.6/site-packages/airflow/example_dags/example_python_operator.py took 0.102 seconds
[2023-02-23 17:07:19,767] {scheduler_job.py:182} INFO - Started process (PID=2349) to work on /home/airflow/.local/lib/python3.6/site-packages/airflow/example_dags/example_python_operator.py
[2023-02-23 17:07:19,768] {scheduler_job.py:633} INFO - Processing file /home/airflow/.local/lib/python3.6/site-packages/airflow/example_dags/example_python_operator.py for tasks to queue
[2023-02-23 17:07:19,768] {logging_mixin.py:104} INFO - [2023-02-23 17:07:19,768] {dagbag.py:496} INFO - Filling up the DagBag from /home/airflow/.local/lib/python3.6/site-packages/airflow/example_dags/example_python_operator.py
[2023-02-23 17:07:19,779] {scheduler_job.py:643} INFO - DAG(s) dict_keys(['example_python_operator']) retrieved from /home/airflow/.local/lib/python3.6/site-packages/airflow/example_dags/example_python_operator.py
[2023-02-23 17:07:19,798] {logging_mixin.py:104} INFO - [2023-02-23 17:07:19,798] {dag.py:1833} INFO - Sync 1 DAGs
[2023-02-23 17:07:19,812] {logging_mixin.py:104} INFO - [2023-02-23 17:07:19,812] {dag.py:2306} INFO - Setting next_dagrun for example_python_operator to None
[2023-02-23 17:07:19,822] {scheduler_job.py:190} INFO - Processing /home/airflow/.local/lib/python3.6/site-packages/airflow/example_dags/example_python_operator.py took 0.057 seconds
[2023-02-23 17:07:50,513] {scheduler_job.py:182} INFO - Started process (PID=2404) to work on /home/airflow/.local/lib/python3.6/site-packages/airflow/example_dags/example_python_operator.py
[2023-02-23 17:07:50,514] {scheduler_job.py:633} INFO - Processing file /home/airflow/.local/lib/python3.6/site-packages/airflow/example_dags/example_python_operator.py for tasks to queue
[2023-02-23 17:07:50,515] {logging_mixin.py:104} INFO - [2023-02-23 17:07:50,515] {dagbag.py:496} INFO - Filling up the DagBag from /home/airflow/.local/lib/python3.6/site-packages/airflow/example_dags/example_python_operator.py
[2023-02-23 17:07:50,527] {scheduler_job.py:643} INFO - DAG(s) dict_keys(['example_python_operator']) retrieved from /home/airflow/.local/lib/python3.6/site-packages/airflow/example_dags/example_python_operator.py
[2023-02-23 17:07:50,584] {logging_mixin.py:104} INFO - [2023-02-23 17:07:50,584] {dag.py:1833} INFO - Sync 1 DAGs
[2023-02-23 17:07:50,599] {logging_mixin.py:104} INFO - [2023-02-23 17:07:50,598] {dag.py:2306} INFO - Setting next_dagrun for example_python_operator to None
[2023-02-23 17:07:50,606] {scheduler_job.py:190} INFO - Processing /home/airflow/.local/lib/python3.6/site-packages/airflow/example_dags/example_python_operator.py took 0.095 seconds
[2023-02-23 17:08:21,005] {scheduler_job.py:182} INFO - Started process (PID=2463) to work on /home/airflow/.local/lib/python3.6/site-packages/airflow/example_dags/example_python_operator.py
[2023-02-23 17:08:21,006] {scheduler_job.py:633} INFO - Processing file /home/airflow/.local/lib/python3.6/site-packages/airflow/example_dags/example_python_operator.py for tasks to queue
[2023-02-23 17:08:21,007] {logging_mixin.py:104} INFO - [2023-02-23 17:08:21,006] {dagbag.py:496} INFO - Filling up the DagBag from /home/airflow/.local/lib/python3.6/site-packages/airflow/example_dags/example_python_operator.py
[2023-02-23 17:08:21,016] {scheduler_job.py:643} INFO - DAG(s) dict_keys(['example_python_operator']) retrieved from /home/airflow/.local/lib/python3.6/site-packages/airflow/example_dags/example_python_operator.py
[2023-02-23 17:08:21,036] {logging_mixin.py:104} INFO - [2023-02-23 17:08:21,036] {dag.py:1833} INFO - Sync 1 DAGs
[2023-02-23 17:08:21,050] {logging_mixin.py:104} INFO - [2023-02-23 17:08:21,050] {dag.py:2306} INFO - Setting next_dagrun for example_python_operator to None
[2023-02-23 17:08:21,077] {scheduler_job.py:190} INFO - Processing /home/airflow/.local/lib/python3.6/site-packages/airflow/example_dags/example_python_operator.py took 0.074 seconds
[2023-02-23 17:08:51,796] {scheduler_job.py:182} INFO - Started process (PID=2518) to work on /home/airflow/.local/lib/python3.6/site-packages/airflow/example_dags/example_python_operator.py
[2023-02-23 17:08:51,798] {scheduler_job.py:633} INFO - Processing file /home/airflow/.local/lib/python3.6/site-packages/airflow/example_dags/example_python_operator.py for tasks to queue
[2023-02-23 17:08:51,798] {logging_mixin.py:104} INFO - [2023-02-23 17:08:51,798] {dagbag.py:496} INFO - Filling up the DagBag from /home/airflow/.local/lib/python3.6/site-packages/airflow/example_dags/example_python_operator.py
[2023-02-23 17:08:51,808] {scheduler_job.py:643} INFO - DAG(s) dict_keys(['example_python_operator']) retrieved from /home/airflow/.local/lib/python3.6/site-packages/airflow/example_dags/example_python_operator.py
[2023-02-23 17:08:51,826] {logging_mixin.py:104} INFO - [2023-02-23 17:08:51,826] {dag.py:1833} INFO - Sync 1 DAGs
[2023-02-23 17:08:51,838] {logging_mixin.py:104} INFO - [2023-02-23 17:08:51,838] {dag.py:2306} INFO - Setting next_dagrun for example_python_operator to None
[2023-02-23 17:08:51,846] {scheduler_job.py:190} INFO - Processing /home/airflow/.local/lib/python3.6/site-packages/airflow/example_dags/example_python_operator.py took 0.052 seconds
[2023-02-23 17:09:22,092] {scheduler_job.py:182} INFO - Started process (PID=2570) to work on /home/airflow/.local/lib/python3.6/site-packages/airflow/example_dags/example_python_operator.py
[2023-02-23 17:09:22,094] {scheduler_job.py:633} INFO - Processing file /home/airflow/.local/lib/python3.6/site-packages/airflow/example_dags/example_python_operator.py for tasks to queue
[2023-02-23 17:09:22,094] {logging_mixin.py:104} INFO - [2023-02-23 17:09:22,094] {dagbag.py:496} INFO - Filling up the DagBag from /home/airflow/.local/lib/python3.6/site-packages/airflow/example_dags/example_python_operator.py
[2023-02-23 17:09:22,107] {scheduler_job.py:643} INFO - DAG(s) dict_keys(['example_python_operator']) retrieved from /home/airflow/.local/lib/python3.6/site-packages/airflow/example_dags/example_python_operator.py
[2023-02-23 17:09:22,126] {logging_mixin.py:104} INFO - [2023-02-23 17:09:22,126] {dag.py:1833} INFO - Sync 1 DAGs
[2023-02-23 17:09:22,140] {logging_mixin.py:104} INFO - [2023-02-23 17:09:22,140] {dag.py:2306} INFO - Setting next_dagrun for example_python_operator to None
[2023-02-23 17:09:22,147] {scheduler_job.py:190} INFO - Processing /home/airflow/.local/lib/python3.6/site-packages/airflow/example_dags/example_python_operator.py took 0.058 seconds
[2023-02-23 17:09:54,976] {scheduler_job.py:182} INFO - Started process (PID=2633) to work on /home/airflow/.local/lib/python3.6/site-packages/airflow/example_dags/example_python_operator.py
[2023-02-23 17:09:54,977] {scheduler_job.py:633} INFO - Processing file /home/airflow/.local/lib/python3.6/site-packages/airflow/example_dags/example_python_operator.py for tasks to queue
[2023-02-23 17:09:54,978] {logging_mixin.py:104} INFO - [2023-02-23 17:09:54,978] {dagbag.py:496} INFO - Filling up the DagBag from /home/airflow/.local/lib/python3.6/site-packages/airflow/example_dags/example_python_operator.py
[2023-02-23 17:09:54,990] {scheduler_job.py:643} INFO - DAG(s) dict_keys(['example_python_operator']) retrieved from /home/airflow/.local/lib/python3.6/site-packages/airflow/example_dags/example_python_operator.py
[2023-02-23 17:09:55,088] {logging_mixin.py:104} INFO - [2023-02-23 17:09:55,088] {dag.py:1833} INFO - Sync 1 DAGs
[2023-02-23 17:09:55,180] {logging_mixin.py:104} INFO - [2023-02-23 17:09:55,180] {dag.py:2306} INFO - Setting next_dagrun for example_python_operator to None
[2023-02-23 17:09:55,273] {scheduler_job.py:190} INFO - Processing /home/airflow/.local/lib/python3.6/site-packages/airflow/example_dags/example_python_operator.py took 0.300 seconds
[2023-02-23 17:10:25,434] {scheduler_job.py:182} INFO - Started process (PID=2686) to work on /home/airflow/.local/lib/python3.6/site-packages/airflow/example_dags/example_python_operator.py
[2023-02-23 17:10:25,435] {scheduler_job.py:633} INFO - Processing file /home/airflow/.local/lib/python3.6/site-packages/airflow/example_dags/example_python_operator.py for tasks to queue
[2023-02-23 17:10:25,436] {logging_mixin.py:104} INFO - [2023-02-23 17:10:25,435] {dagbag.py:496} INFO - Filling up the DagBag from /home/airflow/.local/lib/python3.6/site-packages/airflow/example_dags/example_python_operator.py
[2023-02-23 17:10:25,446] {scheduler_job.py:643} INFO - DAG(s) dict_keys(['example_python_operator']) retrieved from /home/airflow/.local/lib/python3.6/site-packages/airflow/example_dags/example_python_operator.py
[2023-02-23 17:10:25,465] {logging_mixin.py:104} INFO - [2023-02-23 17:10:25,465] {dag.py:1833} INFO - Sync 1 DAGs
[2023-02-23 17:10:25,481] {logging_mixin.py:104} INFO - [2023-02-23 17:10:25,481] {dag.py:2306} INFO - Setting next_dagrun for example_python_operator to None
[2023-02-23 17:10:25,489] {scheduler_job.py:190} INFO - Processing /home/airflow/.local/lib/python3.6/site-packages/airflow/example_dags/example_python_operator.py took 0.057 seconds
