[2023-02-23 19:43:01,795] {scheduler_job.py:182} INFO - Started process (PID=86) to work on /home/airflow/.local/lib/python3.6/site-packages/airflow/example_dags/example_xcomargs.py
[2023-02-23 19:43:01,796] {scheduler_job.py:633} INFO - Processing file /home/airflow/.local/lib/python3.6/site-packages/airflow/example_dags/example_xcomargs.py for tasks to queue
[2023-02-23 19:43:01,797] {logging_mixin.py:104} INFO - [2023-02-23 19:43:01,797] {dagbag.py:496} INFO - Filling up the DagBag from /home/airflow/.local/lib/python3.6/site-packages/airflow/example_dags/example_xcomargs.py
[2023-02-23 19:43:01,816] {scheduler_job.py:643} INFO - DAG(s) dict_keys(['example_xcom_args', 'example_xcom_args_with_operators']) retrieved from /home/airflow/.local/lib/python3.6/site-packages/airflow/example_dags/example_xcomargs.py
[2023-02-23 19:43:02,226] {logging_mixin.py:104} INFO - [2023-02-23 19:43:02,226] {dag.py:1833} INFO - Sync 2 DAGs
[2023-02-23 19:43:02,269] {logging_mixin.py:104} INFO - [2023-02-23 19:43:02,268] {dag.py:2306} INFO - Setting next_dagrun for example_xcom_args to None
[2023-02-23 19:43:02,269] {logging_mixin.py:104} INFO - [2023-02-23 19:43:02,269] {dag.py:2306} INFO - Setting next_dagrun for example_xcom_args_with_operators to None
[2023-02-23 19:43:02,280] {scheduler_job.py:190} INFO - Processing /home/airflow/.local/lib/python3.6/site-packages/airflow/example_dags/example_xcomargs.py took 0.487 seconds
[2023-02-23 19:43:32,691] {scheduler_job.py:182} INFO - Started process (PID=146) to work on /home/airflow/.local/lib/python3.6/site-packages/airflow/example_dags/example_xcomargs.py
[2023-02-23 19:43:32,691] {scheduler_job.py:633} INFO - Processing file /home/airflow/.local/lib/python3.6/site-packages/airflow/example_dags/example_xcomargs.py for tasks to queue
[2023-02-23 19:43:32,692] {logging_mixin.py:104} INFO - [2023-02-23 19:43:32,692] {dagbag.py:496} INFO - Filling up the DagBag from /home/airflow/.local/lib/python3.6/site-packages/airflow/example_dags/example_xcomargs.py
[2023-02-23 19:43:32,707] {scheduler_job.py:643} INFO - DAG(s) dict_keys(['example_xcom_args', 'example_xcom_args_with_operators']) retrieved from /home/airflow/.local/lib/python3.6/site-packages/airflow/example_dags/example_xcomargs.py
[2023-02-23 19:43:32,902] {logging_mixin.py:104} INFO - [2023-02-23 19:43:32,902] {dag.py:1833} INFO - Sync 2 DAGs
[2023-02-23 19:43:32,914] {logging_mixin.py:104} INFO - [2023-02-23 19:43:32,914] {dag.py:2306} INFO - Setting next_dagrun for example_xcom_args to None
[2023-02-23 19:43:32,914] {logging_mixin.py:104} INFO - [2023-02-23 19:43:32,914] {dag.py:2306} INFO - Setting next_dagrun for example_xcom_args_with_operators to None
[2023-02-23 19:43:32,923] {scheduler_job.py:190} INFO - Processing /home/airflow/.local/lib/python3.6/site-packages/airflow/example_dags/example_xcomargs.py took 0.234 seconds
[2023-02-23 19:44:03,403] {scheduler_job.py:182} INFO - Started process (PID=198) to work on /home/airflow/.local/lib/python3.6/site-packages/airflow/example_dags/example_xcomargs.py
[2023-02-23 19:44:03,404] {scheduler_job.py:633} INFO - Processing file /home/airflow/.local/lib/python3.6/site-packages/airflow/example_dags/example_xcomargs.py for tasks to queue
[2023-02-23 19:44:03,404] {logging_mixin.py:104} INFO - [2023-02-23 19:44:03,404] {dagbag.py:496} INFO - Filling up the DagBag from /home/airflow/.local/lib/python3.6/site-packages/airflow/example_dags/example_xcomargs.py
[2023-02-23 19:44:03,419] {scheduler_job.py:643} INFO - DAG(s) dict_keys(['example_xcom_args', 'example_xcom_args_with_operators']) retrieved from /home/airflow/.local/lib/python3.6/site-packages/airflow/example_dags/example_xcomargs.py
[2023-02-23 19:44:03,595] {logging_mixin.py:104} INFO - [2023-02-23 19:44:03,595] {dag.py:1833} INFO - Sync 2 DAGs
[2023-02-23 19:44:03,609] {logging_mixin.py:104} INFO - [2023-02-23 19:44:03,609] {dag.py:2306} INFO - Setting next_dagrun for example_xcom_args to None
[2023-02-23 19:44:03,610] {logging_mixin.py:104} INFO - [2023-02-23 19:44:03,610] {dag.py:2306} INFO - Setting next_dagrun for example_xcom_args_with_operators to None
[2023-02-23 19:44:03,618] {scheduler_job.py:190} INFO - Processing /home/airflow/.local/lib/python3.6/site-packages/airflow/example_dags/example_xcomargs.py took 0.217 seconds
[2023-02-23 19:44:34,301] {scheduler_job.py:182} INFO - Started process (PID=259) to work on /home/airflow/.local/lib/python3.6/site-packages/airflow/example_dags/example_xcomargs.py
[2023-02-23 19:44:34,302] {scheduler_job.py:633} INFO - Processing file /home/airflow/.local/lib/python3.6/site-packages/airflow/example_dags/example_xcomargs.py for tasks to queue
[2023-02-23 19:44:34,302] {logging_mixin.py:104} INFO - [2023-02-23 19:44:34,302] {dagbag.py:496} INFO - Filling up the DagBag from /home/airflow/.local/lib/python3.6/site-packages/airflow/example_dags/example_xcomargs.py
[2023-02-23 19:44:34,321] {scheduler_job.py:643} INFO - DAG(s) dict_keys(['example_xcom_args', 'example_xcom_args_with_operators']) retrieved from /home/airflow/.local/lib/python3.6/site-packages/airflow/example_dags/example_xcomargs.py
[2023-02-23 19:44:34,514] {logging_mixin.py:104} INFO - [2023-02-23 19:44:34,514] {dag.py:1833} INFO - Sync 2 DAGs
[2023-02-23 19:44:34,530] {logging_mixin.py:104} INFO - [2023-02-23 19:44:34,530] {dag.py:2306} INFO - Setting next_dagrun for example_xcom_args to None
[2023-02-23 19:44:34,531] {logging_mixin.py:104} INFO - [2023-02-23 19:44:34,531] {dag.py:2306} INFO - Setting next_dagrun for example_xcom_args_with_operators to None
[2023-02-23 19:44:34,541] {scheduler_job.py:190} INFO - Processing /home/airflow/.local/lib/python3.6/site-packages/airflow/example_dags/example_xcomargs.py took 0.243 seconds
[2023-02-23 19:45:04,928] {scheduler_job.py:182} INFO - Started process (PID=310) to work on /home/airflow/.local/lib/python3.6/site-packages/airflow/example_dags/example_xcomargs.py
[2023-02-23 19:45:04,929] {scheduler_job.py:633} INFO - Processing file /home/airflow/.local/lib/python3.6/site-packages/airflow/example_dags/example_xcomargs.py for tasks to queue
[2023-02-23 19:45:04,930] {logging_mixin.py:104} INFO - [2023-02-23 19:45:04,930] {dagbag.py:496} INFO - Filling up the DagBag from /home/airflow/.local/lib/python3.6/site-packages/airflow/example_dags/example_xcomargs.py
[2023-02-23 19:45:04,944] {scheduler_job.py:643} INFO - DAG(s) dict_keys(['example_xcom_args', 'example_xcom_args_with_operators']) retrieved from /home/airflow/.local/lib/python3.6/site-packages/airflow/example_dags/example_xcomargs.py
[2023-02-23 19:45:05,115] {logging_mixin.py:104} INFO - [2023-02-23 19:45:05,115] {dag.py:1833} INFO - Sync 2 DAGs
[2023-02-23 19:45:05,127] {logging_mixin.py:104} INFO - [2023-02-23 19:45:05,126] {dag.py:2306} INFO - Setting next_dagrun for example_xcom_args to None
[2023-02-23 19:45:05,127] {logging_mixin.py:104} INFO - [2023-02-23 19:45:05,127] {dag.py:2306} INFO - Setting next_dagrun for example_xcom_args_with_operators to None
[2023-02-23 19:45:05,137] {scheduler_job.py:190} INFO - Processing /home/airflow/.local/lib/python3.6/site-packages/airflow/example_dags/example_xcomargs.py took 0.211 seconds
[2023-02-23 19:45:35,836] {scheduler_job.py:182} INFO - Started process (PID=371) to work on /home/airflow/.local/lib/python3.6/site-packages/airflow/example_dags/example_xcomargs.py
[2023-02-23 19:45:35,837] {scheduler_job.py:633} INFO - Processing file /home/airflow/.local/lib/python3.6/site-packages/airflow/example_dags/example_xcomargs.py for tasks to queue
[2023-02-23 19:45:35,837] {logging_mixin.py:104} INFO - [2023-02-23 19:45:35,837] {dagbag.py:496} INFO - Filling up the DagBag from /home/airflow/.local/lib/python3.6/site-packages/airflow/example_dags/example_xcomargs.py
[2023-02-23 19:45:35,853] {scheduler_job.py:643} INFO - DAG(s) dict_keys(['example_xcom_args', 'example_xcom_args_with_operators']) retrieved from /home/airflow/.local/lib/python3.6/site-packages/airflow/example_dags/example_xcomargs.py
[2023-02-23 19:45:36,044] {logging_mixin.py:104} INFO - [2023-02-23 19:45:36,044] {dag.py:1833} INFO - Sync 2 DAGs
[2023-02-23 19:45:36,056] {logging_mixin.py:104} INFO - [2023-02-23 19:45:36,055] {dag.py:2306} INFO - Setting next_dagrun for example_xcom_args to None
[2023-02-23 19:45:36,056] {logging_mixin.py:104} INFO - [2023-02-23 19:45:36,056] {dag.py:2306} INFO - Setting next_dagrun for example_xcom_args_with_operators to None
[2023-02-23 19:45:36,065] {scheduler_job.py:190} INFO - Processing /home/airflow/.local/lib/python3.6/site-packages/airflow/example_dags/example_xcomargs.py took 0.231 seconds
[2023-02-23 19:46:06,497] {scheduler_job.py:182} INFO - Started process (PID=422) to work on /home/airflow/.local/lib/python3.6/site-packages/airflow/example_dags/example_xcomargs.py
[2023-02-23 19:46:06,497] {scheduler_job.py:633} INFO - Processing file /home/airflow/.local/lib/python3.6/site-packages/airflow/example_dags/example_xcomargs.py for tasks to queue
[2023-02-23 19:46:06,498] {logging_mixin.py:104} INFO - [2023-02-23 19:46:06,498] {dagbag.py:496} INFO - Filling up the DagBag from /home/airflow/.local/lib/python3.6/site-packages/airflow/example_dags/example_xcomargs.py
[2023-02-23 19:46:06,513] {scheduler_job.py:643} INFO - DAG(s) dict_keys(['example_xcom_args', 'example_xcom_args_with_operators']) retrieved from /home/airflow/.local/lib/python3.6/site-packages/airflow/example_dags/example_xcomargs.py
[2023-02-23 19:46:06,533] {logging_mixin.py:104} INFO - [2023-02-23 19:46:06,533] {dag.py:1833} INFO - Sync 2 DAGs
[2023-02-23 19:46:06,548] {logging_mixin.py:104} INFO - [2023-02-23 19:46:06,548] {dag.py:2306} INFO - Setting next_dagrun for example_xcom_args to None
[2023-02-23 19:46:06,548] {logging_mixin.py:104} INFO - [2023-02-23 19:46:06,548] {dag.py:2306} INFO - Setting next_dagrun for example_xcom_args_with_operators to None
[2023-02-23 19:46:06,555] {scheduler_job.py:190} INFO - Processing /home/airflow/.local/lib/python3.6/site-packages/airflow/example_dags/example_xcomargs.py took 0.061 seconds
[2023-02-23 19:46:37,257] {scheduler_job.py:182} INFO - Started process (PID=483) to work on /home/airflow/.local/lib/python3.6/site-packages/airflow/example_dags/example_xcomargs.py
[2023-02-23 19:46:37,258] {scheduler_job.py:633} INFO - Processing file /home/airflow/.local/lib/python3.6/site-packages/airflow/example_dags/example_xcomargs.py for tasks to queue
[2023-02-23 19:46:37,258] {logging_mixin.py:104} INFO - [2023-02-23 19:46:37,258] {dagbag.py:496} INFO - Filling up the DagBag from /home/airflow/.local/lib/python3.6/site-packages/airflow/example_dags/example_xcomargs.py
[2023-02-23 19:46:37,275] {scheduler_job.py:643} INFO - DAG(s) dict_keys(['example_xcom_args', 'example_xcom_args_with_operators']) retrieved from /home/airflow/.local/lib/python3.6/site-packages/airflow/example_dags/example_xcomargs.py
[2023-02-23 19:46:37,468] {logging_mixin.py:104} INFO - [2023-02-23 19:46:37,468] {dag.py:1833} INFO - Sync 2 DAGs
[2023-02-23 19:46:37,480] {logging_mixin.py:104} INFO - [2023-02-23 19:46:37,480] {dag.py:2306} INFO - Setting next_dagrun for example_xcom_args to None
[2023-02-23 19:46:37,481] {logging_mixin.py:104} INFO - [2023-02-23 19:46:37,481] {dag.py:2306} INFO - Setting next_dagrun for example_xcom_args_with_operators to None
[2023-02-23 19:46:37,490] {scheduler_job.py:190} INFO - Processing /home/airflow/.local/lib/python3.6/site-packages/airflow/example_dags/example_xcomargs.py took 0.236 seconds
[2023-02-23 19:47:07,911] {scheduler_job.py:182} INFO - Started process (PID=543) to work on /home/airflow/.local/lib/python3.6/site-packages/airflow/example_dags/example_xcomargs.py
[2023-02-23 19:47:07,912] {scheduler_job.py:633} INFO - Processing file /home/airflow/.local/lib/python3.6/site-packages/airflow/example_dags/example_xcomargs.py for tasks to queue
[2023-02-23 19:47:07,912] {logging_mixin.py:104} INFO - [2023-02-23 19:47:07,912] {dagbag.py:496} INFO - Filling up the DagBag from /home/airflow/.local/lib/python3.6/site-packages/airflow/example_dags/example_xcomargs.py
[2023-02-23 19:47:07,929] {scheduler_job.py:643} INFO - DAG(s) dict_keys(['example_xcom_args', 'example_xcom_args_with_operators']) retrieved from /home/airflow/.local/lib/python3.6/site-packages/airflow/example_dags/example_xcomargs.py
[2023-02-23 19:47:08,120] {logging_mixin.py:104} INFO - [2023-02-23 19:47:08,119] {dag.py:1833} INFO - Sync 2 DAGs
[2023-02-23 19:47:08,132] {logging_mixin.py:104} INFO - [2023-02-23 19:47:08,132] {dag.py:2306} INFO - Setting next_dagrun for example_xcom_args to None
[2023-02-23 19:47:08,133] {logging_mixin.py:104} INFO - [2023-02-23 19:47:08,133] {dag.py:2306} INFO - Setting next_dagrun for example_xcom_args_with_operators to None
[2023-02-23 19:47:08,142] {scheduler_job.py:190} INFO - Processing /home/airflow/.local/lib/python3.6/site-packages/airflow/example_dags/example_xcomargs.py took 0.234 seconds
[2023-02-23 19:47:38,604] {scheduler_job.py:182} INFO - Started process (PID=595) to work on /home/airflow/.local/lib/python3.6/site-packages/airflow/example_dags/example_xcomargs.py
[2023-02-23 19:47:38,604] {scheduler_job.py:633} INFO - Processing file /home/airflow/.local/lib/python3.6/site-packages/airflow/example_dags/example_xcomargs.py for tasks to queue
[2023-02-23 19:47:38,605] {logging_mixin.py:104} INFO - [2023-02-23 19:47:38,605] {dagbag.py:496} INFO - Filling up the DagBag from /home/airflow/.local/lib/python3.6/site-packages/airflow/example_dags/example_xcomargs.py
[2023-02-23 19:47:38,621] {scheduler_job.py:643} INFO - DAG(s) dict_keys(['example_xcom_args', 'example_xcom_args_with_operators']) retrieved from /home/airflow/.local/lib/python3.6/site-packages/airflow/example_dags/example_xcomargs.py
[2023-02-23 19:47:38,815] {logging_mixin.py:104} INFO - [2023-02-23 19:47:38,815] {dag.py:1833} INFO - Sync 2 DAGs
[2023-02-23 19:47:38,826] {logging_mixin.py:104} INFO - [2023-02-23 19:47:38,826] {dag.py:2306} INFO - Setting next_dagrun for example_xcom_args to None
[2023-02-23 19:47:38,827] {logging_mixin.py:104} INFO - [2023-02-23 19:47:38,827] {dag.py:2306} INFO - Setting next_dagrun for example_xcom_args_with_operators to None
[2023-02-23 19:47:38,836] {scheduler_job.py:190} INFO - Processing /home/airflow/.local/lib/python3.6/site-packages/airflow/example_dags/example_xcomargs.py took 0.234 seconds
[2023-02-23 19:48:09,172] {scheduler_job.py:182} INFO - Started process (PID=656) to work on /home/airflow/.local/lib/python3.6/site-packages/airflow/example_dags/example_xcomargs.py
[2023-02-23 19:48:09,172] {scheduler_job.py:633} INFO - Processing file /home/airflow/.local/lib/python3.6/site-packages/airflow/example_dags/example_xcomargs.py for tasks to queue
[2023-02-23 19:48:09,173] {logging_mixin.py:104} INFO - [2023-02-23 19:48:09,172] {dagbag.py:496} INFO - Filling up the DagBag from /home/airflow/.local/lib/python3.6/site-packages/airflow/example_dags/example_xcomargs.py
[2023-02-23 19:48:09,190] {scheduler_job.py:643} INFO - DAG(s) dict_keys(['example_xcom_args', 'example_xcom_args_with_operators']) retrieved from /home/airflow/.local/lib/python3.6/site-packages/airflow/example_dags/example_xcomargs.py
[2023-02-23 19:48:09,385] {logging_mixin.py:104} INFO - [2023-02-23 19:48:09,385] {dag.py:1833} INFO - Sync 2 DAGs
[2023-02-23 19:48:09,397] {logging_mixin.py:104} INFO - [2023-02-23 19:48:09,397] {dag.py:2306} INFO - Setting next_dagrun for example_xcom_args to None
[2023-02-23 19:48:09,398] {logging_mixin.py:104} INFO - [2023-02-23 19:48:09,398] {dag.py:2306} INFO - Setting next_dagrun for example_xcom_args_with_operators to None
[2023-02-23 19:48:09,406] {scheduler_job.py:190} INFO - Processing /home/airflow/.local/lib/python3.6/site-packages/airflow/example_dags/example_xcomargs.py took 0.237 seconds
[2023-02-23 19:48:39,850] {scheduler_job.py:182} INFO - Started process (PID=707) to work on /home/airflow/.local/lib/python3.6/site-packages/airflow/example_dags/example_xcomargs.py
[2023-02-23 19:48:39,851] {scheduler_job.py:633} INFO - Processing file /home/airflow/.local/lib/python3.6/site-packages/airflow/example_dags/example_xcomargs.py for tasks to queue
[2023-02-23 19:48:39,852] {logging_mixin.py:104} INFO - [2023-02-23 19:48:39,851] {dagbag.py:496} INFO - Filling up the DagBag from /home/airflow/.local/lib/python3.6/site-packages/airflow/example_dags/example_xcomargs.py
[2023-02-23 19:48:39,867] {scheduler_job.py:643} INFO - DAG(s) dict_keys(['example_xcom_args', 'example_xcom_args_with_operators']) retrieved from /home/airflow/.local/lib/python3.6/site-packages/airflow/example_dags/example_xcomargs.py
[2023-02-23 19:48:40,072] {logging_mixin.py:104} INFO - [2023-02-23 19:48:40,072] {dag.py:1833} INFO - Sync 2 DAGs
[2023-02-23 19:48:40,086] {logging_mixin.py:104} INFO - [2023-02-23 19:48:40,086] {dag.py:2306} INFO - Setting next_dagrun for example_xcom_args to None
[2023-02-23 19:48:40,086] {logging_mixin.py:104} INFO - [2023-02-23 19:48:40,086] {dag.py:2306} INFO - Setting next_dagrun for example_xcom_args_with_operators to None
[2023-02-23 19:48:40,096] {scheduler_job.py:190} INFO - Processing /home/airflow/.local/lib/python3.6/site-packages/airflow/example_dags/example_xcomargs.py took 0.248 seconds
[2023-02-23 19:49:10,314] {scheduler_job.py:182} INFO - Started process (PID=768) to work on /home/airflow/.local/lib/python3.6/site-packages/airflow/example_dags/example_xcomargs.py
[2023-02-23 19:49:10,314] {scheduler_job.py:633} INFO - Processing file /home/airflow/.local/lib/python3.6/site-packages/airflow/example_dags/example_xcomargs.py for tasks to queue
[2023-02-23 19:49:10,315] {logging_mixin.py:104} INFO - [2023-02-23 19:49:10,315] {dagbag.py:496} INFO - Filling up the DagBag from /home/airflow/.local/lib/python3.6/site-packages/airflow/example_dags/example_xcomargs.py
[2023-02-23 19:49:10,330] {scheduler_job.py:643} INFO - DAG(s) dict_keys(['example_xcom_args', 'example_xcom_args_with_operators']) retrieved from /home/airflow/.local/lib/python3.6/site-packages/airflow/example_dags/example_xcomargs.py
[2023-02-23 19:49:10,512] {logging_mixin.py:104} INFO - [2023-02-23 19:49:10,511] {dag.py:1833} INFO - Sync 2 DAGs
[2023-02-23 19:49:10,523] {logging_mixin.py:104} INFO - [2023-02-23 19:49:10,523] {dag.py:2306} INFO - Setting next_dagrun for example_xcom_args to None
[2023-02-23 19:49:10,523] {logging_mixin.py:104} INFO - [2023-02-23 19:49:10,523] {dag.py:2306} INFO - Setting next_dagrun for example_xcom_args_with_operators to None
[2023-02-23 19:49:10,532] {scheduler_job.py:190} INFO - Processing /home/airflow/.local/lib/python3.6/site-packages/airflow/example_dags/example_xcomargs.py took 0.220 seconds
[2023-02-23 19:49:42,222] {scheduler_job.py:182} INFO - Started process (PID=819) to work on /home/airflow/.local/lib/python3.6/site-packages/airflow/example_dags/example_xcomargs.py
[2023-02-23 19:49:42,222] {scheduler_job.py:633} INFO - Processing file /home/airflow/.local/lib/python3.6/site-packages/airflow/example_dags/example_xcomargs.py for tasks to queue
[2023-02-23 19:49:42,268] {logging_mixin.py:104} INFO - [2023-02-23 19:49:42,268] {dagbag.py:496} INFO - Filling up the DagBag from /home/airflow/.local/lib/python3.6/site-packages/airflow/example_dags/example_xcomargs.py
[2023-02-23 19:49:42,285] {scheduler_job.py:643} INFO - DAG(s) dict_keys(['example_xcom_args', 'example_xcom_args_with_operators']) retrieved from /home/airflow/.local/lib/python3.6/site-packages/airflow/example_dags/example_xcomargs.py
[2023-02-23 19:49:42,582] {logging_mixin.py:104} INFO - [2023-02-23 19:49:42,582] {dag.py:1833} INFO - Sync 2 DAGs
[2023-02-23 19:49:42,594] {logging_mixin.py:104} INFO - [2023-02-23 19:49:42,594] {dag.py:2306} INFO - Setting next_dagrun for example_xcom_args to None
[2023-02-23 19:49:42,595] {logging_mixin.py:104} INFO - [2023-02-23 19:49:42,595] {dag.py:2306} INFO - Setting next_dagrun for example_xcom_args_with_operators to None
[2023-02-23 19:49:42,603] {scheduler_job.py:190} INFO - Processing /home/airflow/.local/lib/python3.6/site-packages/airflow/example_dags/example_xcomargs.py took 0.384 seconds
[2023-02-23 19:50:12,851] {scheduler_job.py:182} INFO - Started process (PID=880) to work on /home/airflow/.local/lib/python3.6/site-packages/airflow/example_dags/example_xcomargs.py
[2023-02-23 19:50:12,852] {scheduler_job.py:633} INFO - Processing file /home/airflow/.local/lib/python3.6/site-packages/airflow/example_dags/example_xcomargs.py for tasks to queue
[2023-02-23 19:50:12,852] {logging_mixin.py:104} INFO - [2023-02-23 19:50:12,852] {dagbag.py:496} INFO - Filling up the DagBag from /home/airflow/.local/lib/python3.6/site-packages/airflow/example_dags/example_xcomargs.py
[2023-02-23 19:50:12,868] {scheduler_job.py:643} INFO - DAG(s) dict_keys(['example_xcom_args', 'example_xcom_args_with_operators']) retrieved from /home/airflow/.local/lib/python3.6/site-packages/airflow/example_dags/example_xcomargs.py
[2023-02-23 19:50:13,102] {logging_mixin.py:104} INFO - [2023-02-23 19:50:13,102] {dag.py:1833} INFO - Sync 2 DAGs
[2023-02-23 19:50:13,114] {logging_mixin.py:104} INFO - [2023-02-23 19:50:13,114] {dag.py:2306} INFO - Setting next_dagrun for example_xcom_args to None
[2023-02-23 19:50:13,115] {logging_mixin.py:104} INFO - [2023-02-23 19:50:13,115] {dag.py:2306} INFO - Setting next_dagrun for example_xcom_args_with_operators to None
[2023-02-23 19:50:13,125] {scheduler_job.py:190} INFO - Processing /home/airflow/.local/lib/python3.6/site-packages/airflow/example_dags/example_xcomargs.py took 0.277 seconds
[2023-02-23 19:50:43,673] {scheduler_job.py:182} INFO - Started process (PID=932) to work on /home/airflow/.local/lib/python3.6/site-packages/airflow/example_dags/example_xcomargs.py
[2023-02-23 19:50:43,673] {scheduler_job.py:633} INFO - Processing file /home/airflow/.local/lib/python3.6/site-packages/airflow/example_dags/example_xcomargs.py for tasks to queue
[2023-02-23 19:50:43,674] {logging_mixin.py:104} INFO - [2023-02-23 19:50:43,674] {dagbag.py:496} INFO - Filling up the DagBag from /home/airflow/.local/lib/python3.6/site-packages/airflow/example_dags/example_xcomargs.py
[2023-02-23 19:50:43,692] {scheduler_job.py:643} INFO - DAG(s) dict_keys(['example_xcom_args', 'example_xcom_args_with_operators']) retrieved from /home/airflow/.local/lib/python3.6/site-packages/airflow/example_dags/example_xcomargs.py
[2023-02-23 19:50:44,013] {logging_mixin.py:104} INFO - [2023-02-23 19:50:44,013] {dag.py:1833} INFO - Sync 2 DAGs
[2023-02-23 19:50:44,071] {logging_mixin.py:104} INFO - [2023-02-23 19:50:44,071] {dag.py:2306} INFO - Setting next_dagrun for example_xcom_args to None
[2023-02-23 19:50:44,072] {logging_mixin.py:104} INFO - [2023-02-23 19:50:44,072] {dag.py:2306} INFO - Setting next_dagrun for example_xcom_args_with_operators to None
[2023-02-23 19:50:44,081] {scheduler_job.py:190} INFO - Processing /home/airflow/.local/lib/python3.6/site-packages/airflow/example_dags/example_xcomargs.py took 0.411 seconds
[2023-02-23 19:51:14,586] {scheduler_job.py:182} INFO - Started process (PID=992) to work on /home/airflow/.local/lib/python3.6/site-packages/airflow/example_dags/example_xcomargs.py
[2023-02-23 19:51:14,587] {scheduler_job.py:633} INFO - Processing file /home/airflow/.local/lib/python3.6/site-packages/airflow/example_dags/example_xcomargs.py for tasks to queue
[2023-02-23 19:51:14,587] {logging_mixin.py:104} INFO - [2023-02-23 19:51:14,587] {dagbag.py:496} INFO - Filling up the DagBag from /home/airflow/.local/lib/python3.6/site-packages/airflow/example_dags/example_xcomargs.py
[2023-02-23 19:51:14,604] {scheduler_job.py:643} INFO - DAG(s) dict_keys(['example_xcom_args', 'example_xcom_args_with_operators']) retrieved from /home/airflow/.local/lib/python3.6/site-packages/airflow/example_dags/example_xcomargs.py
[2023-02-23 19:51:14,800] {logging_mixin.py:104} INFO - [2023-02-23 19:51:14,799] {dag.py:1833} INFO - Sync 2 DAGs
[2023-02-23 19:51:14,813] {logging_mixin.py:104} INFO - [2023-02-23 19:51:14,813] {dag.py:2306} INFO - Setting next_dagrun for example_xcom_args to None
[2023-02-23 19:51:14,814] {logging_mixin.py:104} INFO - [2023-02-23 19:51:14,814] {dag.py:2306} INFO - Setting next_dagrun for example_xcom_args_with_operators to None
[2023-02-23 19:51:14,824] {scheduler_job.py:190} INFO - Processing /home/airflow/.local/lib/python3.6/site-packages/airflow/example_dags/example_xcomargs.py took 0.240 seconds
[2023-02-23 19:51:45,048] {scheduler_job.py:182} INFO - Started process (PID=1052) to work on /home/airflow/.local/lib/python3.6/site-packages/airflow/example_dags/example_xcomargs.py
[2023-02-23 19:51:45,049] {scheduler_job.py:633} INFO - Processing file /home/airflow/.local/lib/python3.6/site-packages/airflow/example_dags/example_xcomargs.py for tasks to queue
[2023-02-23 19:51:45,049] {logging_mixin.py:104} INFO - [2023-02-23 19:51:45,049] {dagbag.py:496} INFO - Filling up the DagBag from /home/airflow/.local/lib/python3.6/site-packages/airflow/example_dags/example_xcomargs.py
[2023-02-23 19:51:45,065] {scheduler_job.py:643} INFO - DAG(s) dict_keys(['example_xcom_args', 'example_xcom_args_with_operators']) retrieved from /home/airflow/.local/lib/python3.6/site-packages/airflow/example_dags/example_xcomargs.py
[2023-02-23 19:51:45,249] {logging_mixin.py:104} INFO - [2023-02-23 19:51:45,249] {dag.py:1833} INFO - Sync 2 DAGs
[2023-02-23 19:51:45,261] {logging_mixin.py:104} INFO - [2023-02-23 19:51:45,261] {dag.py:2306} INFO - Setting next_dagrun for example_xcom_args to None
[2023-02-23 19:51:45,262] {logging_mixin.py:104} INFO - [2023-02-23 19:51:45,261] {dag.py:2306} INFO - Setting next_dagrun for example_xcom_args_with_operators to None
[2023-02-23 19:51:45,272] {scheduler_job.py:190} INFO - Processing /home/airflow/.local/lib/python3.6/site-packages/airflow/example_dags/example_xcomargs.py took 0.226 seconds
[2023-02-23 19:52:15,688] {scheduler_job.py:182} INFO - Started process (PID=1104) to work on /home/airflow/.local/lib/python3.6/site-packages/airflow/example_dags/example_xcomargs.py
[2023-02-23 19:52:15,689] {scheduler_job.py:633} INFO - Processing file /home/airflow/.local/lib/python3.6/site-packages/airflow/example_dags/example_xcomargs.py for tasks to queue
[2023-02-23 19:52:15,689] {logging_mixin.py:104} INFO - [2023-02-23 19:52:15,689] {dagbag.py:496} INFO - Filling up the DagBag from /home/airflow/.local/lib/python3.6/site-packages/airflow/example_dags/example_xcomargs.py
[2023-02-23 19:52:15,704] {scheduler_job.py:643} INFO - DAG(s) dict_keys(['example_xcom_args', 'example_xcom_args_with_operators']) retrieved from /home/airflow/.local/lib/python3.6/site-packages/airflow/example_dags/example_xcomargs.py
[2023-02-23 19:52:15,871] {logging_mixin.py:104} INFO - [2023-02-23 19:52:15,871] {dag.py:1833} INFO - Sync 2 DAGs
[2023-02-23 19:52:15,883] {logging_mixin.py:104} INFO - [2023-02-23 19:52:15,883] {dag.py:2306} INFO - Setting next_dagrun for example_xcom_args to None
[2023-02-23 19:52:15,884] {logging_mixin.py:104} INFO - [2023-02-23 19:52:15,883] {dag.py:2306} INFO - Setting next_dagrun for example_xcom_args_with_operators to None
[2023-02-23 19:52:15,893] {scheduler_job.py:190} INFO - Processing /home/airflow/.local/lib/python3.6/site-packages/airflow/example_dags/example_xcomargs.py took 0.206 seconds
[2023-02-23 19:52:46,307] {scheduler_job.py:182} INFO - Started process (PID=1164) to work on /home/airflow/.local/lib/python3.6/site-packages/airflow/example_dags/example_xcomargs.py
[2023-02-23 19:52:46,308] {scheduler_job.py:633} INFO - Processing file /home/airflow/.local/lib/python3.6/site-packages/airflow/example_dags/example_xcomargs.py for tasks to queue
[2023-02-23 19:52:46,308] {logging_mixin.py:104} INFO - [2023-02-23 19:52:46,308] {dagbag.py:496} INFO - Filling up the DagBag from /home/airflow/.local/lib/python3.6/site-packages/airflow/example_dags/example_xcomargs.py
[2023-02-23 19:52:46,324] {scheduler_job.py:643} INFO - DAG(s) dict_keys(['example_xcom_args', 'example_xcom_args_with_operators']) retrieved from /home/airflow/.local/lib/python3.6/site-packages/airflow/example_dags/example_xcomargs.py
[2023-02-23 19:52:46,490] {logging_mixin.py:104} INFO - [2023-02-23 19:52:46,490] {dag.py:1833} INFO - Sync 2 DAGs
[2023-02-23 19:52:46,501] {logging_mixin.py:104} INFO - [2023-02-23 19:52:46,501] {dag.py:2306} INFO - Setting next_dagrun for example_xcom_args to None
[2023-02-23 19:52:46,501] {logging_mixin.py:104} INFO - [2023-02-23 19:52:46,501] {dag.py:2306} INFO - Setting next_dagrun for example_xcom_args_with_operators to None
[2023-02-23 19:52:46,509] {scheduler_job.py:190} INFO - Processing /home/airflow/.local/lib/python3.6/site-packages/airflow/example_dags/example_xcomargs.py took 0.204 seconds
[2023-02-23 19:53:17,086] {scheduler_job.py:182} INFO - Started process (PID=1215) to work on /home/airflow/.local/lib/python3.6/site-packages/airflow/example_dags/example_xcomargs.py
[2023-02-23 19:53:17,087] {scheduler_job.py:633} INFO - Processing file /home/airflow/.local/lib/python3.6/site-packages/airflow/example_dags/example_xcomargs.py for tasks to queue
[2023-02-23 19:53:17,088] {logging_mixin.py:104} INFO - [2023-02-23 19:53:17,088] {dagbag.py:496} INFO - Filling up the DagBag from /home/airflow/.local/lib/python3.6/site-packages/airflow/example_dags/example_xcomargs.py
[2023-02-23 19:53:17,104] {scheduler_job.py:643} INFO - DAG(s) dict_keys(['example_xcom_args', 'example_xcom_args_with_operators']) retrieved from /home/airflow/.local/lib/python3.6/site-packages/airflow/example_dags/example_xcomargs.py
[2023-02-23 19:53:17,280] {logging_mixin.py:104} INFO - [2023-02-23 19:53:17,279] {dag.py:1833} INFO - Sync 2 DAGs
[2023-02-23 19:53:17,293] {logging_mixin.py:104} INFO - [2023-02-23 19:53:17,293] {dag.py:2306} INFO - Setting next_dagrun for example_xcom_args to None
[2023-02-23 19:53:17,294] {logging_mixin.py:104} INFO - [2023-02-23 19:53:17,294] {dag.py:2306} INFO - Setting next_dagrun for example_xcom_args_with_operators to None
[2023-02-23 19:53:17,303] {scheduler_job.py:190} INFO - Processing /home/airflow/.local/lib/python3.6/site-packages/airflow/example_dags/example_xcomargs.py took 0.219 seconds
[2023-02-23 19:53:47,791] {scheduler_job.py:182} INFO - Started process (PID=1276) to work on /home/airflow/.local/lib/python3.6/site-packages/airflow/example_dags/example_xcomargs.py
[2023-02-23 19:53:47,792] {scheduler_job.py:633} INFO - Processing file /home/airflow/.local/lib/python3.6/site-packages/airflow/example_dags/example_xcomargs.py for tasks to queue
[2023-02-23 19:53:47,793] {logging_mixin.py:104} INFO - [2023-02-23 19:53:47,792] {dagbag.py:496} INFO - Filling up the DagBag from /home/airflow/.local/lib/python3.6/site-packages/airflow/example_dags/example_xcomargs.py
[2023-02-23 19:53:47,814] {scheduler_job.py:643} INFO - DAG(s) dict_keys(['example_xcom_args', 'example_xcom_args_with_operators']) retrieved from /home/airflow/.local/lib/python3.6/site-packages/airflow/example_dags/example_xcomargs.py
[2023-02-23 19:53:48,022] {logging_mixin.py:104} INFO - [2023-02-23 19:53:48,022] {dag.py:1833} INFO - Sync 2 DAGs
[2023-02-23 19:53:48,033] {logging_mixin.py:104} INFO - [2023-02-23 19:53:48,033] {dag.py:2306} INFO - Setting next_dagrun for example_xcom_args to None
[2023-02-23 19:53:48,034] {logging_mixin.py:104} INFO - [2023-02-23 19:53:48,034] {dag.py:2306} INFO - Setting next_dagrun for example_xcom_args_with_operators to None
[2023-02-23 19:53:48,043] {scheduler_job.py:190} INFO - Processing /home/airflow/.local/lib/python3.6/site-packages/airflow/example_dags/example_xcomargs.py took 0.255 seconds
[2023-02-23 19:54:18,342] {scheduler_job.py:182} INFO - Started process (PID=1327) to work on /home/airflow/.local/lib/python3.6/site-packages/airflow/example_dags/example_xcomargs.py
[2023-02-23 19:54:18,343] {scheduler_job.py:633} INFO - Processing file /home/airflow/.local/lib/python3.6/site-packages/airflow/example_dags/example_xcomargs.py for tasks to queue
[2023-02-23 19:54:18,343] {logging_mixin.py:104} INFO - [2023-02-23 19:54:18,343] {dagbag.py:496} INFO - Filling up the DagBag from /home/airflow/.local/lib/python3.6/site-packages/airflow/example_dags/example_xcomargs.py
[2023-02-23 19:54:18,363] {scheduler_job.py:643} INFO - DAG(s) dict_keys(['example_xcom_args', 'example_xcom_args_with_operators']) retrieved from /home/airflow/.local/lib/python3.6/site-packages/airflow/example_dags/example_xcomargs.py
[2023-02-23 19:54:18,557] {logging_mixin.py:104} INFO - [2023-02-23 19:54:18,557] {dag.py:1833} INFO - Sync 2 DAGs
[2023-02-23 19:54:18,569] {logging_mixin.py:104} INFO - [2023-02-23 19:54:18,568] {dag.py:2306} INFO - Setting next_dagrun for example_xcom_args to None
[2023-02-23 19:54:18,569] {logging_mixin.py:104} INFO - [2023-02-23 19:54:18,569] {dag.py:2306} INFO - Setting next_dagrun for example_xcom_args_with_operators to None
[2023-02-23 19:54:18,578] {scheduler_job.py:190} INFO - Processing /home/airflow/.local/lib/python3.6/site-packages/airflow/example_dags/example_xcomargs.py took 0.239 seconds
[2023-02-23 19:54:48,985] {scheduler_job.py:182} INFO - Started process (PID=1388) to work on /home/airflow/.local/lib/python3.6/site-packages/airflow/example_dags/example_xcomargs.py
[2023-02-23 19:54:48,985] {scheduler_job.py:633} INFO - Processing file /home/airflow/.local/lib/python3.6/site-packages/airflow/example_dags/example_xcomargs.py for tasks to queue
[2023-02-23 19:54:48,986] {logging_mixin.py:104} INFO - [2023-02-23 19:54:48,986] {dagbag.py:496} INFO - Filling up the DagBag from /home/airflow/.local/lib/python3.6/site-packages/airflow/example_dags/example_xcomargs.py
[2023-02-23 19:54:49,003] {scheduler_job.py:643} INFO - DAG(s) dict_keys(['example_xcom_args', 'example_xcom_args_with_operators']) retrieved from /home/airflow/.local/lib/python3.6/site-packages/airflow/example_dags/example_xcomargs.py
[2023-02-23 19:54:49,021] {logging_mixin.py:104} INFO - [2023-02-23 19:54:49,021] {dag.py:1833} INFO - Sync 2 DAGs
[2023-02-23 19:54:49,033] {logging_mixin.py:104} INFO - [2023-02-23 19:54:49,033] {dag.py:2306} INFO - Setting next_dagrun for example_xcom_args to None
[2023-02-23 19:54:49,034] {logging_mixin.py:104} INFO - [2023-02-23 19:54:49,034] {dag.py:2306} INFO - Setting next_dagrun for example_xcom_args_with_operators to None
[2023-02-23 19:54:49,041] {scheduler_job.py:190} INFO - Processing /home/airflow/.local/lib/python3.6/site-packages/airflow/example_dags/example_xcomargs.py took 0.058 seconds
[2023-02-23 19:55:19,766] {scheduler_job.py:182} INFO - Started process (PID=1439) to work on /home/airflow/.local/lib/python3.6/site-packages/airflow/example_dags/example_xcomargs.py
[2023-02-23 19:55:19,768] {scheduler_job.py:633} INFO - Processing file /home/airflow/.local/lib/python3.6/site-packages/airflow/example_dags/example_xcomargs.py for tasks to queue
[2023-02-23 19:55:19,768] {logging_mixin.py:104} INFO - [2023-02-23 19:55:19,768] {dagbag.py:496} INFO - Filling up the DagBag from /home/airflow/.local/lib/python3.6/site-packages/airflow/example_dags/example_xcomargs.py
[2023-02-23 19:55:19,784] {scheduler_job.py:643} INFO - DAG(s) dict_keys(['example_xcom_args', 'example_xcom_args_with_operators']) retrieved from /home/airflow/.local/lib/python3.6/site-packages/airflow/example_dags/example_xcomargs.py
[2023-02-23 19:55:19,953] {logging_mixin.py:104} INFO - [2023-02-23 19:55:19,953] {dag.py:1833} INFO - Sync 2 DAGs
[2023-02-23 19:55:19,970] {logging_mixin.py:104} INFO - [2023-02-23 19:55:19,970] {dag.py:2306} INFO - Setting next_dagrun for example_xcom_args to None
[2023-02-23 19:55:19,971] {logging_mixin.py:104} INFO - [2023-02-23 19:55:19,971] {dag.py:2306} INFO - Setting next_dagrun for example_xcom_args_with_operators to None
[2023-02-23 19:55:19,979] {scheduler_job.py:190} INFO - Processing /home/airflow/.local/lib/python3.6/site-packages/airflow/example_dags/example_xcomargs.py took 0.215 seconds
[2023-02-23 19:55:50,343] {scheduler_job.py:182} INFO - Started process (PID=1500) to work on /home/airflow/.local/lib/python3.6/site-packages/airflow/example_dags/example_xcomargs.py
[2023-02-23 19:55:50,344] {scheduler_job.py:633} INFO - Processing file /home/airflow/.local/lib/python3.6/site-packages/airflow/example_dags/example_xcomargs.py for tasks to queue
[2023-02-23 19:55:50,344] {logging_mixin.py:104} INFO - [2023-02-23 19:55:50,344] {dagbag.py:496} INFO - Filling up the DagBag from /home/airflow/.local/lib/python3.6/site-packages/airflow/example_dags/example_xcomargs.py
[2023-02-23 19:55:50,362] {scheduler_job.py:643} INFO - DAG(s) dict_keys(['example_xcom_args', 'example_xcom_args_with_operators']) retrieved from /home/airflow/.local/lib/python3.6/site-packages/airflow/example_dags/example_xcomargs.py
[2023-02-23 19:55:50,554] {logging_mixin.py:104} INFO - [2023-02-23 19:55:50,554] {dag.py:1833} INFO - Sync 2 DAGs
[2023-02-23 19:55:50,566] {logging_mixin.py:104} INFO - [2023-02-23 19:55:50,566] {dag.py:2306} INFO - Setting next_dagrun for example_xcom_args to None
[2023-02-23 19:55:50,567] {logging_mixin.py:104} INFO - [2023-02-23 19:55:50,567] {dag.py:2306} INFO - Setting next_dagrun for example_xcom_args_with_operators to None
[2023-02-23 19:55:50,577] {scheduler_job.py:190} INFO - Processing /home/airflow/.local/lib/python3.6/site-packages/airflow/example_dags/example_xcomargs.py took 0.237 seconds
[2023-02-23 19:56:21,213] {scheduler_job.py:182} INFO - Started process (PID=1561) to work on /home/airflow/.local/lib/python3.6/site-packages/airflow/example_dags/example_xcomargs.py
[2023-02-23 19:56:21,214] {scheduler_job.py:633} INFO - Processing file /home/airflow/.local/lib/python3.6/site-packages/airflow/example_dags/example_xcomargs.py for tasks to queue
[2023-02-23 19:56:21,214] {logging_mixin.py:104} INFO - [2023-02-23 19:56:21,214] {dagbag.py:496} INFO - Filling up the DagBag from /home/airflow/.local/lib/python3.6/site-packages/airflow/example_dags/example_xcomargs.py
[2023-02-23 19:56:21,237] {scheduler_job.py:643} INFO - DAG(s) dict_keys(['example_xcom_args', 'example_xcom_args_with_operators']) retrieved from /home/airflow/.local/lib/python3.6/site-packages/airflow/example_dags/example_xcomargs.py
[2023-02-23 19:56:21,293] {logging_mixin.py:104} INFO - [2023-02-23 19:56:21,293] {dag.py:1833} INFO - Sync 2 DAGs
[2023-02-23 19:56:21,315] {logging_mixin.py:104} INFO - [2023-02-23 19:56:21,314] {dag.py:2306} INFO - Setting next_dagrun for example_xcom_args to None
[2023-02-23 19:56:21,316] {logging_mixin.py:104} INFO - [2023-02-23 19:56:21,316] {dag.py:2306} INFO - Setting next_dagrun for example_xcom_args_with_operators to None
[2023-02-23 19:56:21,325] {scheduler_job.py:190} INFO - Processing /home/airflow/.local/lib/python3.6/site-packages/airflow/example_dags/example_xcomargs.py took 0.115 seconds
[2023-02-23 19:56:52,200] {scheduler_job.py:182} INFO - Started process (PID=1613) to work on /home/airflow/.local/lib/python3.6/site-packages/airflow/example_dags/example_xcomargs.py
[2023-02-23 19:56:52,200] {scheduler_job.py:633} INFO - Processing file /home/airflow/.local/lib/python3.6/site-packages/airflow/example_dags/example_xcomargs.py for tasks to queue
[2023-02-23 19:56:52,201] {logging_mixin.py:104} INFO - [2023-02-23 19:56:52,201] {dagbag.py:496} INFO - Filling up the DagBag from /home/airflow/.local/lib/python3.6/site-packages/airflow/example_dags/example_xcomargs.py
[2023-02-23 19:56:52,217] {scheduler_job.py:643} INFO - DAG(s) dict_keys(['example_xcom_args', 'example_xcom_args_with_operators']) retrieved from /home/airflow/.local/lib/python3.6/site-packages/airflow/example_dags/example_xcomargs.py
[2023-02-23 19:56:52,391] {logging_mixin.py:104} INFO - [2023-02-23 19:56:52,391] {dag.py:1833} INFO - Sync 2 DAGs
[2023-02-23 19:56:52,406] {logging_mixin.py:104} INFO - [2023-02-23 19:56:52,406] {dag.py:2306} INFO - Setting next_dagrun for example_xcom_args to None
[2023-02-23 19:56:52,407] {logging_mixin.py:104} INFO - [2023-02-23 19:56:52,407] {dag.py:2306} INFO - Setting next_dagrun for example_xcom_args_with_operators to None
[2023-02-23 19:56:52,415] {scheduler_job.py:190} INFO - Processing /home/airflow/.local/lib/python3.6/site-packages/airflow/example_dags/example_xcomargs.py took 0.218 seconds
[2023-02-23 19:57:22,772] {scheduler_job.py:182} INFO - Started process (PID=1674) to work on /home/airflow/.local/lib/python3.6/site-packages/airflow/example_dags/example_xcomargs.py
[2023-02-23 19:57:22,772] {scheduler_job.py:633} INFO - Processing file /home/airflow/.local/lib/python3.6/site-packages/airflow/example_dags/example_xcomargs.py for tasks to queue
[2023-02-23 19:57:22,773] {logging_mixin.py:104} INFO - [2023-02-23 19:57:22,772] {dagbag.py:496} INFO - Filling up the DagBag from /home/airflow/.local/lib/python3.6/site-packages/airflow/example_dags/example_xcomargs.py
[2023-02-23 19:57:22,788] {scheduler_job.py:643} INFO - DAG(s) dict_keys(['example_xcom_args', 'example_xcom_args_with_operators']) retrieved from /home/airflow/.local/lib/python3.6/site-packages/airflow/example_dags/example_xcomargs.py
[2023-02-23 19:57:22,958] {logging_mixin.py:104} INFO - [2023-02-23 19:57:22,958] {dag.py:1833} INFO - Sync 2 DAGs
[2023-02-23 19:57:22,969] {logging_mixin.py:104} INFO - [2023-02-23 19:57:22,969] {dag.py:2306} INFO - Setting next_dagrun for example_xcom_args to None
[2023-02-23 19:57:22,970] {logging_mixin.py:104} INFO - [2023-02-23 19:57:22,970] {dag.py:2306} INFO - Setting next_dagrun for example_xcom_args_with_operators to None
[2023-02-23 19:57:22,978] {scheduler_job.py:190} INFO - Processing /home/airflow/.local/lib/python3.6/site-packages/airflow/example_dags/example_xcomargs.py took 0.208 seconds
[2023-02-23 19:57:53,505] {scheduler_job.py:182} INFO - Started process (PID=1725) to work on /home/airflow/.local/lib/python3.6/site-packages/airflow/example_dags/example_xcomargs.py
[2023-02-23 19:57:53,505] {scheduler_job.py:633} INFO - Processing file /home/airflow/.local/lib/python3.6/site-packages/airflow/example_dags/example_xcomargs.py for tasks to queue
[2023-02-23 19:57:53,506] {logging_mixin.py:104} INFO - [2023-02-23 19:57:53,506] {dagbag.py:496} INFO - Filling up the DagBag from /home/airflow/.local/lib/python3.6/site-packages/airflow/example_dags/example_xcomargs.py
[2023-02-23 19:57:53,522] {scheduler_job.py:643} INFO - DAG(s) dict_keys(['example_xcom_args', 'example_xcom_args_with_operators']) retrieved from /home/airflow/.local/lib/python3.6/site-packages/airflow/example_dags/example_xcomargs.py
[2023-02-23 19:57:53,684] {logging_mixin.py:104} INFO - [2023-02-23 19:57:53,684] {dag.py:1833} INFO - Sync 2 DAGs
[2023-02-23 19:57:53,694] {logging_mixin.py:104} INFO - [2023-02-23 19:57:53,694] {dag.py:2306} INFO - Setting next_dagrun for example_xcom_args to None
[2023-02-23 19:57:53,695] {logging_mixin.py:104} INFO - [2023-02-23 19:57:53,695] {dag.py:2306} INFO - Setting next_dagrun for example_xcom_args_with_operators to None
[2023-02-23 19:57:53,702] {scheduler_job.py:190} INFO - Processing /home/airflow/.local/lib/python3.6/site-packages/airflow/example_dags/example_xcomargs.py took 0.199 seconds
[2023-02-23 19:58:24,120] {scheduler_job.py:182} INFO - Started process (PID=1786) to work on /home/airflow/.local/lib/python3.6/site-packages/airflow/example_dags/example_xcomargs.py
[2023-02-23 19:58:24,121] {scheduler_job.py:633} INFO - Processing file /home/airflow/.local/lib/python3.6/site-packages/airflow/example_dags/example_xcomargs.py for tasks to queue
[2023-02-23 19:58:24,121] {logging_mixin.py:104} INFO - [2023-02-23 19:58:24,121] {dagbag.py:496} INFO - Filling up the DagBag from /home/airflow/.local/lib/python3.6/site-packages/airflow/example_dags/example_xcomargs.py
[2023-02-23 19:58:24,138] {scheduler_job.py:643} INFO - DAG(s) dict_keys(['example_xcom_args', 'example_xcom_args_with_operators']) retrieved from /home/airflow/.local/lib/python3.6/site-packages/airflow/example_dags/example_xcomargs.py
[2023-02-23 19:58:24,310] {logging_mixin.py:104} INFO - [2023-02-23 19:58:24,310] {dag.py:1833} INFO - Sync 2 DAGs
[2023-02-23 19:58:24,322] {logging_mixin.py:104} INFO - [2023-02-23 19:58:24,322] {dag.py:2306} INFO - Setting next_dagrun for example_xcom_args to None
[2023-02-23 19:58:24,322] {logging_mixin.py:104} INFO - [2023-02-23 19:58:24,322] {dag.py:2306} INFO - Setting next_dagrun for example_xcom_args_with_operators to None
[2023-02-23 19:58:24,330] {scheduler_job.py:190} INFO - Processing /home/airflow/.local/lib/python3.6/site-packages/airflow/example_dags/example_xcomargs.py took 0.213 seconds
[2023-02-23 19:58:54,756] {scheduler_job.py:182} INFO - Started process (PID=1837) to work on /home/airflow/.local/lib/python3.6/site-packages/airflow/example_dags/example_xcomargs.py
[2023-02-23 19:58:54,756] {scheduler_job.py:633} INFO - Processing file /home/airflow/.local/lib/python3.6/site-packages/airflow/example_dags/example_xcomargs.py for tasks to queue
[2023-02-23 19:58:54,757] {logging_mixin.py:104} INFO - [2023-02-23 19:58:54,757] {dagbag.py:496} INFO - Filling up the DagBag from /home/airflow/.local/lib/python3.6/site-packages/airflow/example_dags/example_xcomargs.py
[2023-02-23 19:58:54,774] {scheduler_job.py:643} INFO - DAG(s) dict_keys(['example_xcom_args', 'example_xcom_args_with_operators']) retrieved from /home/airflow/.local/lib/python3.6/site-packages/airflow/example_dags/example_xcomargs.py
[2023-02-23 19:58:54,953] {logging_mixin.py:104} INFO - [2023-02-23 19:58:54,953] {dag.py:1833} INFO - Sync 2 DAGs
[2023-02-23 19:58:54,964] {logging_mixin.py:104} INFO - [2023-02-23 19:58:54,964] {dag.py:2306} INFO - Setting next_dagrun for example_xcom_args to None
[2023-02-23 19:58:54,964] {logging_mixin.py:104} INFO - [2023-02-23 19:58:54,964] {dag.py:2306} INFO - Setting next_dagrun for example_xcom_args_with_operators to None
[2023-02-23 19:58:54,973] {scheduler_job.py:190} INFO - Processing /home/airflow/.local/lib/python3.6/site-packages/airflow/example_dags/example_xcomargs.py took 0.219 seconds
[2023-02-23 19:59:25,437] {scheduler_job.py:182} INFO - Started process (PID=1898) to work on /home/airflow/.local/lib/python3.6/site-packages/airflow/example_dags/example_xcomargs.py
[2023-02-23 19:59:25,438] {scheduler_job.py:633} INFO - Processing file /home/airflow/.local/lib/python3.6/site-packages/airflow/example_dags/example_xcomargs.py for tasks to queue
[2023-02-23 19:59:25,438] {logging_mixin.py:104} INFO - [2023-02-23 19:59:25,438] {dagbag.py:496} INFO - Filling up the DagBag from /home/airflow/.local/lib/python3.6/site-packages/airflow/example_dags/example_xcomargs.py
[2023-02-23 19:59:25,460] {scheduler_job.py:643} INFO - DAG(s) dict_keys(['example_xcom_args', 'example_xcom_args_with_operators']) retrieved from /home/airflow/.local/lib/python3.6/site-packages/airflow/example_dags/example_xcomargs.py
[2023-02-23 19:59:25,643] {logging_mixin.py:104} INFO - [2023-02-23 19:59:25,643] {dag.py:1833} INFO - Sync 2 DAGs
[2023-02-23 19:59:25,654] {logging_mixin.py:104} INFO - [2023-02-23 19:59:25,654] {dag.py:2306} INFO - Setting next_dagrun for example_xcom_args to None
[2023-02-23 19:59:25,654] {logging_mixin.py:104} INFO - [2023-02-23 19:59:25,654] {dag.py:2306} INFO - Setting next_dagrun for example_xcom_args_with_operators to None
[2023-02-23 19:59:25,662] {scheduler_job.py:190} INFO - Processing /home/airflow/.local/lib/python3.6/site-packages/airflow/example_dags/example_xcomargs.py took 0.229 seconds
[2023-02-23 19:59:56,070] {scheduler_job.py:182} INFO - Started process (PID=1959) to work on /home/airflow/.local/lib/python3.6/site-packages/airflow/example_dags/example_xcomargs.py
[2023-02-23 19:59:56,071] {scheduler_job.py:633} INFO - Processing file /home/airflow/.local/lib/python3.6/site-packages/airflow/example_dags/example_xcomargs.py for tasks to queue
[2023-02-23 19:59:56,071] {logging_mixin.py:104} INFO - [2023-02-23 19:59:56,071] {dagbag.py:496} INFO - Filling up the DagBag from /home/airflow/.local/lib/python3.6/site-packages/airflow/example_dags/example_xcomargs.py
[2023-02-23 19:59:56,090] {scheduler_job.py:643} INFO - DAG(s) dict_keys(['example_xcom_args', 'example_xcom_args_with_operators']) retrieved from /home/airflow/.local/lib/python3.6/site-packages/airflow/example_dags/example_xcomargs.py
[2023-02-23 19:59:56,276] {logging_mixin.py:104} INFO - [2023-02-23 19:59:56,276] {dag.py:1833} INFO - Sync 2 DAGs
[2023-02-23 19:59:56,290] {logging_mixin.py:104} INFO - [2023-02-23 19:59:56,290] {dag.py:2306} INFO - Setting next_dagrun for example_xcom_args to None
[2023-02-23 19:59:56,291] {logging_mixin.py:104} INFO - [2023-02-23 19:59:56,291] {dag.py:2306} INFO - Setting next_dagrun for example_xcom_args_with_operators to None
[2023-02-23 19:59:56,301] {scheduler_job.py:190} INFO - Processing /home/airflow/.local/lib/python3.6/site-packages/airflow/example_dags/example_xcomargs.py took 0.233 seconds
[2023-02-23 20:00:27,025] {scheduler_job.py:182} INFO - Started process (PID=2010) to work on /home/airflow/.local/lib/python3.6/site-packages/airflow/example_dags/example_xcomargs.py
[2023-02-23 20:00:27,027] {scheduler_job.py:633} INFO - Processing file /home/airflow/.local/lib/python3.6/site-packages/airflow/example_dags/example_xcomargs.py for tasks to queue
[2023-02-23 20:00:27,028] {logging_mixin.py:104} INFO - [2023-02-23 20:00:27,027] {dagbag.py:496} INFO - Filling up the DagBag from /home/airflow/.local/lib/python3.6/site-packages/airflow/example_dags/example_xcomargs.py
[2023-02-23 20:00:27,042] {scheduler_job.py:643} INFO - DAG(s) dict_keys(['example_xcom_args', 'example_xcom_args_with_operators']) retrieved from /home/airflow/.local/lib/python3.6/site-packages/airflow/example_dags/example_xcomargs.py
[2023-02-23 20:00:27,243] {logging_mixin.py:104} INFO - [2023-02-23 20:00:27,243] {dag.py:1833} INFO - Sync 2 DAGs
[2023-02-23 20:00:27,253] {logging_mixin.py:104} INFO - [2023-02-23 20:00:27,253] {dag.py:2306} INFO - Setting next_dagrun for example_xcom_args to None
[2023-02-23 20:00:27,254] {logging_mixin.py:104} INFO - [2023-02-23 20:00:27,254] {dag.py:2306} INFO - Setting next_dagrun for example_xcom_args_with_operators to None
[2023-02-23 20:00:27,262] {scheduler_job.py:190} INFO - Processing /home/airflow/.local/lib/python3.6/site-packages/airflow/example_dags/example_xcomargs.py took 0.240 seconds
[2023-02-23 20:00:57,539] {scheduler_job.py:182} INFO - Started process (PID=2070) to work on /home/airflow/.local/lib/python3.6/site-packages/airflow/example_dags/example_xcomargs.py
[2023-02-23 20:00:57,540] {scheduler_job.py:633} INFO - Processing file /home/airflow/.local/lib/python3.6/site-packages/airflow/example_dags/example_xcomargs.py for tasks to queue
[2023-02-23 20:00:57,540] {logging_mixin.py:104} INFO - [2023-02-23 20:00:57,540] {dagbag.py:496} INFO - Filling up the DagBag from /home/airflow/.local/lib/python3.6/site-packages/airflow/example_dags/example_xcomargs.py
[2023-02-23 20:00:57,557] {scheduler_job.py:643} INFO - DAG(s) dict_keys(['example_xcom_args', 'example_xcom_args_with_operators']) retrieved from /home/airflow/.local/lib/python3.6/site-packages/airflow/example_dags/example_xcomargs.py
[2023-02-23 20:00:57,741] {logging_mixin.py:104} INFO - [2023-02-23 20:00:57,741] {dag.py:1833} INFO - Sync 2 DAGs
[2023-02-23 20:00:57,753] {logging_mixin.py:104} INFO - [2023-02-23 20:00:57,752] {dag.py:2306} INFO - Setting next_dagrun for example_xcom_args to None
[2023-02-23 20:00:57,753] {logging_mixin.py:104} INFO - [2023-02-23 20:00:57,753] {dag.py:2306} INFO - Setting next_dagrun for example_xcom_args_with_operators to None
[2023-02-23 20:00:57,762] {scheduler_job.py:190} INFO - Processing /home/airflow/.local/lib/python3.6/site-packages/airflow/example_dags/example_xcomargs.py took 0.226 seconds
[2023-02-23 20:01:28,324] {scheduler_job.py:182} INFO - Started process (PID=2122) to work on /home/airflow/.local/lib/python3.6/site-packages/airflow/example_dags/example_xcomargs.py
[2023-02-23 20:01:28,325] {scheduler_job.py:633} INFO - Processing file /home/airflow/.local/lib/python3.6/site-packages/airflow/example_dags/example_xcomargs.py for tasks to queue
[2023-02-23 20:01:28,325] {logging_mixin.py:104} INFO - [2023-02-23 20:01:28,325] {dagbag.py:496} INFO - Filling up the DagBag from /home/airflow/.local/lib/python3.6/site-packages/airflow/example_dags/example_xcomargs.py
[2023-02-23 20:01:28,341] {scheduler_job.py:643} INFO - DAG(s) dict_keys(['example_xcom_args', 'example_xcom_args_with_operators']) retrieved from /home/airflow/.local/lib/python3.6/site-packages/airflow/example_dags/example_xcomargs.py
[2023-02-23 20:01:28,360] {logging_mixin.py:104} INFO - [2023-02-23 20:01:28,360] {dag.py:1833} INFO - Sync 2 DAGs
[2023-02-23 20:01:28,372] {logging_mixin.py:104} INFO - [2023-02-23 20:01:28,372] {dag.py:2306} INFO - Setting next_dagrun for example_xcom_args to None
[2023-02-23 20:01:28,372] {logging_mixin.py:104} INFO - [2023-02-23 20:01:28,372] {dag.py:2306} INFO - Setting next_dagrun for example_xcom_args_with_operators to None
[2023-02-23 20:01:28,379] {scheduler_job.py:190} INFO - Processing /home/airflow/.local/lib/python3.6/site-packages/airflow/example_dags/example_xcomargs.py took 0.057 seconds
[2023-02-23 20:01:59,007] {scheduler_job.py:182} INFO - Started process (PID=2183) to work on /home/airflow/.local/lib/python3.6/site-packages/airflow/example_dags/example_xcomargs.py
[2023-02-23 20:01:59,008] {scheduler_job.py:633} INFO - Processing file /home/airflow/.local/lib/python3.6/site-packages/airflow/example_dags/example_xcomargs.py for tasks to queue
[2023-02-23 20:01:59,008] {logging_mixin.py:104} INFO - [2023-02-23 20:01:59,008] {dagbag.py:496} INFO - Filling up the DagBag from /home/airflow/.local/lib/python3.6/site-packages/airflow/example_dags/example_xcomargs.py
[2023-02-23 20:01:59,024] {scheduler_job.py:643} INFO - DAG(s) dict_keys(['example_xcom_args', 'example_xcom_args_with_operators']) retrieved from /home/airflow/.local/lib/python3.6/site-packages/airflow/example_dags/example_xcomargs.py
[2023-02-23 20:01:59,204] {logging_mixin.py:104} INFO - [2023-02-23 20:01:59,204] {dag.py:1833} INFO - Sync 2 DAGs
[2023-02-23 20:01:59,215] {logging_mixin.py:104} INFO - [2023-02-23 20:01:59,215] {dag.py:2306} INFO - Setting next_dagrun for example_xcom_args to None
[2023-02-23 20:01:59,216] {logging_mixin.py:104} INFO - [2023-02-23 20:01:59,216] {dag.py:2306} INFO - Setting next_dagrun for example_xcom_args_with_operators to None
[2023-02-23 20:01:59,224] {scheduler_job.py:190} INFO - Processing /home/airflow/.local/lib/python3.6/site-packages/airflow/example_dags/example_xcomargs.py took 0.219 seconds
[2023-02-23 20:02:29,579] {scheduler_job.py:182} INFO - Started process (PID=2234) to work on /home/airflow/.local/lib/python3.6/site-packages/airflow/example_dags/example_xcomargs.py
[2023-02-23 20:02:29,579] {scheduler_job.py:633} INFO - Processing file /home/airflow/.local/lib/python3.6/site-packages/airflow/example_dags/example_xcomargs.py for tasks to queue
[2023-02-23 20:02:29,580] {logging_mixin.py:104} INFO - [2023-02-23 20:02:29,580] {dagbag.py:496} INFO - Filling up the DagBag from /home/airflow/.local/lib/python3.6/site-packages/airflow/example_dags/example_xcomargs.py
[2023-02-23 20:02:29,596] {scheduler_job.py:643} INFO - DAG(s) dict_keys(['example_xcom_args', 'example_xcom_args_with_operators']) retrieved from /home/airflow/.local/lib/python3.6/site-packages/airflow/example_dags/example_xcomargs.py
[2023-02-23 20:02:29,879] {logging_mixin.py:104} INFO - [2023-02-23 20:02:29,879] {dag.py:1833} INFO - Sync 2 DAGs
[2023-02-23 20:02:29,892] {logging_mixin.py:104} INFO - [2023-02-23 20:02:29,892] {dag.py:2306} INFO - Setting next_dagrun for example_xcom_args to None
[2023-02-23 20:02:29,892] {logging_mixin.py:104} INFO - [2023-02-23 20:02:29,892] {dag.py:2306} INFO - Setting next_dagrun for example_xcom_args_with_operators to None
[2023-02-23 20:02:29,902] {scheduler_job.py:190} INFO - Processing /home/airflow/.local/lib/python3.6/site-packages/airflow/example_dags/example_xcomargs.py took 0.326 seconds
[2023-02-23 20:03:00,271] {scheduler_job.py:182} INFO - Started process (PID=2295) to work on /home/airflow/.local/lib/python3.6/site-packages/airflow/example_dags/example_xcomargs.py
[2023-02-23 20:03:00,271] {scheduler_job.py:633} INFO - Processing file /home/airflow/.local/lib/python3.6/site-packages/airflow/example_dags/example_xcomargs.py for tasks to queue
[2023-02-23 20:03:00,272] {logging_mixin.py:104} INFO - [2023-02-23 20:03:00,272] {dagbag.py:496} INFO - Filling up the DagBag from /home/airflow/.local/lib/python3.6/site-packages/airflow/example_dags/example_xcomargs.py
[2023-02-23 20:03:00,288] {scheduler_job.py:643} INFO - DAG(s) dict_keys(['example_xcom_args', 'example_xcom_args_with_operators']) retrieved from /home/airflow/.local/lib/python3.6/site-packages/airflow/example_dags/example_xcomargs.py
[2023-02-23 20:03:00,472] {logging_mixin.py:104} INFO - [2023-02-23 20:03:00,472] {dag.py:1833} INFO - Sync 2 DAGs
[2023-02-23 20:03:00,485] {logging_mixin.py:104} INFO - [2023-02-23 20:03:00,485] {dag.py:2306} INFO - Setting next_dagrun for example_xcom_args to None
[2023-02-23 20:03:00,485] {logging_mixin.py:104} INFO - [2023-02-23 20:03:00,485] {dag.py:2306} INFO - Setting next_dagrun for example_xcom_args_with_operators to None
[2023-02-23 20:03:00,494] {scheduler_job.py:190} INFO - Processing /home/airflow/.local/lib/python3.6/site-packages/airflow/example_dags/example_xcomargs.py took 0.225 seconds
[2023-02-23 20:03:30,852] {scheduler_job.py:182} INFO - Started process (PID=2346) to work on /home/airflow/.local/lib/python3.6/site-packages/airflow/example_dags/example_xcomargs.py
[2023-02-23 20:03:30,853] {scheduler_job.py:633} INFO - Processing file /home/airflow/.local/lib/python3.6/site-packages/airflow/example_dags/example_xcomargs.py for tasks to queue
[2023-02-23 20:03:30,853] {logging_mixin.py:104} INFO - [2023-02-23 20:03:30,853] {dagbag.py:496} INFO - Filling up the DagBag from /home/airflow/.local/lib/python3.6/site-packages/airflow/example_dags/example_xcomargs.py
[2023-02-23 20:03:30,871] {scheduler_job.py:643} INFO - DAG(s) dict_keys(['example_xcom_args', 'example_xcom_args_with_operators']) retrieved from /home/airflow/.local/lib/python3.6/site-packages/airflow/example_dags/example_xcomargs.py
[2023-02-23 20:03:30,894] {logging_mixin.py:104} INFO - [2023-02-23 20:03:30,894] {dag.py:1833} INFO - Sync 2 DAGs
[2023-02-23 20:03:30,909] {logging_mixin.py:104} INFO - [2023-02-23 20:03:30,909] {dag.py:2306} INFO - Setting next_dagrun for example_xcom_args to None
[2023-02-23 20:03:30,910] {logging_mixin.py:104} INFO - [2023-02-23 20:03:30,910] {dag.py:2306} INFO - Setting next_dagrun for example_xcom_args_with_operators to None
[2023-02-23 20:03:30,919] {scheduler_job.py:190} INFO - Processing /home/airflow/.local/lib/python3.6/site-packages/airflow/example_dags/example_xcomargs.py took 0.069 seconds
[2023-02-23 20:04:01,508] {scheduler_job.py:182} INFO - Started process (PID=2407) to work on /home/airflow/.local/lib/python3.6/site-packages/airflow/example_dags/example_xcomargs.py
[2023-02-23 20:04:01,509] {scheduler_job.py:633} INFO - Processing file /home/airflow/.local/lib/python3.6/site-packages/airflow/example_dags/example_xcomargs.py for tasks to queue
[2023-02-23 20:04:01,510] {logging_mixin.py:104} INFO - [2023-02-23 20:04:01,509] {dagbag.py:496} INFO - Filling up the DagBag from /home/airflow/.local/lib/python3.6/site-packages/airflow/example_dags/example_xcomargs.py
[2023-02-23 20:04:01,525] {scheduler_job.py:643} INFO - DAG(s) dict_keys(['example_xcom_args', 'example_xcom_args_with_operators']) retrieved from /home/airflow/.local/lib/python3.6/site-packages/airflow/example_dags/example_xcomargs.py
[2023-02-23 20:04:01,707] {logging_mixin.py:104} INFO - [2023-02-23 20:04:01,707] {dag.py:1833} INFO - Sync 2 DAGs
[2023-02-23 20:04:01,721] {logging_mixin.py:104} INFO - [2023-02-23 20:04:01,721] {dag.py:2306} INFO - Setting next_dagrun for example_xcom_args to None
[2023-02-23 20:04:01,722] {logging_mixin.py:104} INFO - [2023-02-23 20:04:01,721] {dag.py:2306} INFO - Setting next_dagrun for example_xcom_args_with_operators to None
[2023-02-23 20:04:01,731] {scheduler_job.py:190} INFO - Processing /home/airflow/.local/lib/python3.6/site-packages/airflow/example_dags/example_xcomargs.py took 0.224 seconds
[2023-02-23 20:04:32,076] {scheduler_job.py:182} INFO - Started process (PID=2467) to work on /home/airflow/.local/lib/python3.6/site-packages/airflow/example_dags/example_xcomargs.py
[2023-02-23 20:04:32,077] {scheduler_job.py:633} INFO - Processing file /home/airflow/.local/lib/python3.6/site-packages/airflow/example_dags/example_xcomargs.py for tasks to queue
[2023-02-23 20:04:32,078] {logging_mixin.py:104} INFO - [2023-02-23 20:04:32,077] {dagbag.py:496} INFO - Filling up the DagBag from /home/airflow/.local/lib/python3.6/site-packages/airflow/example_dags/example_xcomargs.py
[2023-02-23 20:04:32,093] {scheduler_job.py:643} INFO - DAG(s) dict_keys(['example_xcom_args', 'example_xcom_args_with_operators']) retrieved from /home/airflow/.local/lib/python3.6/site-packages/airflow/example_dags/example_xcomargs.py
[2023-02-23 20:04:32,289] {logging_mixin.py:104} INFO - [2023-02-23 20:04:32,288] {dag.py:1833} INFO - Sync 2 DAGs
[2023-02-23 20:04:32,302] {logging_mixin.py:104} INFO - [2023-02-23 20:04:32,302] {dag.py:2306} INFO - Setting next_dagrun for example_xcom_args to None
[2023-02-23 20:04:32,302] {logging_mixin.py:104} INFO - [2023-02-23 20:04:32,302] {dag.py:2306} INFO - Setting next_dagrun for example_xcom_args_with_operators to None
[2023-02-23 20:04:32,312] {scheduler_job.py:190} INFO - Processing /home/airflow/.local/lib/python3.6/site-packages/airflow/example_dags/example_xcomargs.py took 0.237 seconds
