[2023-02-23 19:43:01,012] {scheduler_job.py:182} INFO - Started process (PID=78) to work on /home/airflow/.local/lib/python3.6/site-packages/airflow/example_dags/example_short_circuit_operator.py
[2023-02-23 19:43:01,013] {scheduler_job.py:633} INFO - Processing file /home/airflow/.local/lib/python3.6/site-packages/airflow/example_dags/example_short_circuit_operator.py for tasks to queue
[2023-02-23 19:43:01,013] {logging_mixin.py:104} INFO - [2023-02-23 19:43:01,013] {dagbag.py:496} INFO - Filling up the DagBag from /home/airflow/.local/lib/python3.6/site-packages/airflow/example_dags/example_short_circuit_operator.py
[2023-02-23 19:43:01,025] {scheduler_job.py:643} INFO - DAG(s) dict_keys(['example_short_circuit_operator']) retrieved from /home/airflow/.local/lib/python3.6/site-packages/airflow/example_dags/example_short_circuit_operator.py
[2023-02-23 19:43:01,084] {logging_mixin.py:104} INFO - [2023-02-23 19:43:01,084] {dag.py:1833} INFO - Sync 1 DAGs
[2023-02-23 19:43:01,099] {logging_mixin.py:104} INFO - [2023-02-23 19:43:01,099] {dag.py:2306} INFO - Setting next_dagrun for example_short_circuit_operator to 2023-02-21 00:00:00+00:00
[2023-02-23 19:43:01,108] {scheduler_job.py:190} INFO - Processing /home/airflow/.local/lib/python3.6/site-packages/airflow/example_dags/example_short_circuit_operator.py took 0.098 seconds
[2023-02-23 19:43:31,374] {scheduler_job.py:182} INFO - Started process (PID=129) to work on /home/airflow/.local/lib/python3.6/site-packages/airflow/example_dags/example_short_circuit_operator.py
[2023-02-23 19:43:31,375] {scheduler_job.py:633} INFO - Processing file /home/airflow/.local/lib/python3.6/site-packages/airflow/example_dags/example_short_circuit_operator.py for tasks to queue
[2023-02-23 19:43:31,376] {logging_mixin.py:104} INFO - [2023-02-23 19:43:31,376] {dagbag.py:496} INFO - Filling up the DagBag from /home/airflow/.local/lib/python3.6/site-packages/airflow/example_dags/example_short_circuit_operator.py
[2023-02-23 19:43:31,386] {scheduler_job.py:643} INFO - DAG(s) dict_keys(['example_short_circuit_operator']) retrieved from /home/airflow/.local/lib/python3.6/site-packages/airflow/example_dags/example_short_circuit_operator.py
[2023-02-23 19:43:31,404] {logging_mixin.py:104} INFO - [2023-02-23 19:43:31,404] {dag.py:1833} INFO - Sync 1 DAGs
[2023-02-23 19:43:31,417] {logging_mixin.py:104} INFO - [2023-02-23 19:43:31,417] {dag.py:2306} INFO - Setting next_dagrun for example_short_circuit_operator to 2023-02-21 00:00:00+00:00
[2023-02-23 19:43:31,425] {scheduler_job.py:190} INFO - Processing /home/airflow/.local/lib/python3.6/site-packages/airflow/example_dags/example_short_circuit_operator.py took 0.053 seconds
[2023-02-23 19:44:02,080] {scheduler_job.py:182} INFO - Started process (PID=190) to work on /home/airflow/.local/lib/python3.6/site-packages/airflow/example_dags/example_short_circuit_operator.py
[2023-02-23 19:44:02,080] {scheduler_job.py:633} INFO - Processing file /home/airflow/.local/lib/python3.6/site-packages/airflow/example_dags/example_short_circuit_operator.py for tasks to queue
[2023-02-23 19:44:02,081] {logging_mixin.py:104} INFO - [2023-02-23 19:44:02,081] {dagbag.py:496} INFO - Filling up the DagBag from /home/airflow/.local/lib/python3.6/site-packages/airflow/example_dags/example_short_circuit_operator.py
[2023-02-23 19:44:02,091] {scheduler_job.py:643} INFO - DAG(s) dict_keys(['example_short_circuit_operator']) retrieved from /home/airflow/.local/lib/python3.6/site-packages/airflow/example_dags/example_short_circuit_operator.py
[2023-02-23 19:44:02,108] {logging_mixin.py:104} INFO - [2023-02-23 19:44:02,108] {dag.py:1833} INFO - Sync 1 DAGs
[2023-02-23 19:44:02,119] {logging_mixin.py:104} INFO - [2023-02-23 19:44:02,119] {dag.py:2306} INFO - Setting next_dagrun for example_short_circuit_operator to 2023-02-21 00:00:00+00:00
[2023-02-23 19:44:02,126] {scheduler_job.py:190} INFO - Processing /home/airflow/.local/lib/python3.6/site-packages/airflow/example_dags/example_short_circuit_operator.py took 0.048 seconds
[2023-02-23 19:44:32,831] {scheduler_job.py:182} INFO - Started process (PID=251) to work on /home/airflow/.local/lib/python3.6/site-packages/airflow/example_dags/example_short_circuit_operator.py
[2023-02-23 19:44:32,831] {scheduler_job.py:633} INFO - Processing file /home/airflow/.local/lib/python3.6/site-packages/airflow/example_dags/example_short_circuit_operator.py for tasks to queue
[2023-02-23 19:44:32,832] {logging_mixin.py:104} INFO - [2023-02-23 19:44:32,832] {dagbag.py:496} INFO - Filling up the DagBag from /home/airflow/.local/lib/python3.6/site-packages/airflow/example_dags/example_short_circuit_operator.py
[2023-02-23 19:44:32,843] {scheduler_job.py:643} INFO - DAG(s) dict_keys(['example_short_circuit_operator']) retrieved from /home/airflow/.local/lib/python3.6/site-packages/airflow/example_dags/example_short_circuit_operator.py
[2023-02-23 19:44:32,923] {logging_mixin.py:104} INFO - [2023-02-23 19:44:32,923] {dag.py:1833} INFO - Sync 1 DAGs
[2023-02-23 19:44:32,938] {logging_mixin.py:104} INFO - [2023-02-23 19:44:32,937] {dag.py:2306} INFO - Setting next_dagrun for example_short_circuit_operator to 2023-02-21 00:00:00+00:00
[2023-02-23 19:44:32,972] {scheduler_job.py:190} INFO - Processing /home/airflow/.local/lib/python3.6/site-packages/airflow/example_dags/example_short_circuit_operator.py took 0.144 seconds
[2023-02-23 19:45:03,656] {scheduler_job.py:182} INFO - Started process (PID=302) to work on /home/airflow/.local/lib/python3.6/site-packages/airflow/example_dags/example_short_circuit_operator.py
[2023-02-23 19:45:03,657] {scheduler_job.py:633} INFO - Processing file /home/airflow/.local/lib/python3.6/site-packages/airflow/example_dags/example_short_circuit_operator.py for tasks to queue
[2023-02-23 19:45:03,658] {logging_mixin.py:104} INFO - [2023-02-23 19:45:03,658] {dagbag.py:496} INFO - Filling up the DagBag from /home/airflow/.local/lib/python3.6/site-packages/airflow/example_dags/example_short_circuit_operator.py
[2023-02-23 19:45:03,670] {scheduler_job.py:643} INFO - DAG(s) dict_keys(['example_short_circuit_operator']) retrieved from /home/airflow/.local/lib/python3.6/site-packages/airflow/example_dags/example_short_circuit_operator.py
[2023-02-23 19:45:03,689] {logging_mixin.py:104} INFO - [2023-02-23 19:45:03,689] {dag.py:1833} INFO - Sync 1 DAGs
[2023-02-23 19:45:03,701] {logging_mixin.py:104} INFO - [2023-02-23 19:45:03,701] {dag.py:2306} INFO - Setting next_dagrun for example_short_circuit_operator to 2023-02-21 00:00:00+00:00
[2023-02-23 19:45:03,708] {scheduler_job.py:190} INFO - Processing /home/airflow/.local/lib/python3.6/site-packages/airflow/example_dags/example_short_circuit_operator.py took 0.054 seconds
[2023-02-23 19:45:34,524] {scheduler_job.py:182} INFO - Started process (PID=363) to work on /home/airflow/.local/lib/python3.6/site-packages/airflow/example_dags/example_short_circuit_operator.py
[2023-02-23 19:45:34,524] {scheduler_job.py:633} INFO - Processing file /home/airflow/.local/lib/python3.6/site-packages/airflow/example_dags/example_short_circuit_operator.py for tasks to queue
[2023-02-23 19:45:34,525] {logging_mixin.py:104} INFO - [2023-02-23 19:45:34,525] {dagbag.py:496} INFO - Filling up the DagBag from /home/airflow/.local/lib/python3.6/site-packages/airflow/example_dags/example_short_circuit_operator.py
[2023-02-23 19:45:34,535] {scheduler_job.py:643} INFO - DAG(s) dict_keys(['example_short_circuit_operator']) retrieved from /home/airflow/.local/lib/python3.6/site-packages/airflow/example_dags/example_short_circuit_operator.py
[2023-02-23 19:45:34,553] {logging_mixin.py:104} INFO - [2023-02-23 19:45:34,553] {dag.py:1833} INFO - Sync 1 DAGs
[2023-02-23 19:45:34,572] {logging_mixin.py:104} INFO - [2023-02-23 19:45:34,572] {dag.py:2306} INFO - Setting next_dagrun for example_short_circuit_operator to 2023-02-21 00:00:00+00:00
[2023-02-23 19:45:34,580] {scheduler_job.py:190} INFO - Processing /home/airflow/.local/lib/python3.6/site-packages/airflow/example_dags/example_short_circuit_operator.py took 0.059 seconds
[2023-02-23 19:46:05,206] {scheduler_job.py:182} INFO - Started process (PID=414) to work on /home/airflow/.local/lib/python3.6/site-packages/airflow/example_dags/example_short_circuit_operator.py
[2023-02-23 19:46:05,207] {scheduler_job.py:633} INFO - Processing file /home/airflow/.local/lib/python3.6/site-packages/airflow/example_dags/example_short_circuit_operator.py for tasks to queue
[2023-02-23 19:46:05,208] {logging_mixin.py:104} INFO - [2023-02-23 19:46:05,207] {dagbag.py:496} INFO - Filling up the DagBag from /home/airflow/.local/lib/python3.6/site-packages/airflow/example_dags/example_short_circuit_operator.py
[2023-02-23 19:46:05,219] {scheduler_job.py:643} INFO - DAG(s) dict_keys(['example_short_circuit_operator']) retrieved from /home/airflow/.local/lib/python3.6/site-packages/airflow/example_dags/example_short_circuit_operator.py
[2023-02-23 19:46:05,238] {logging_mixin.py:104} INFO - [2023-02-23 19:46:05,238] {dag.py:1833} INFO - Sync 1 DAGs
[2023-02-23 19:46:05,253] {logging_mixin.py:104} INFO - [2023-02-23 19:46:05,253] {dag.py:2306} INFO - Setting next_dagrun for example_short_circuit_operator to 2023-02-21 00:00:00+00:00
[2023-02-23 19:46:05,261] {scheduler_job.py:190} INFO - Processing /home/airflow/.local/lib/python3.6/site-packages/airflow/example_dags/example_short_circuit_operator.py took 0.057 seconds
[2023-02-23 19:46:35,827] {scheduler_job.py:182} INFO - Started process (PID=475) to work on /home/airflow/.local/lib/python3.6/site-packages/airflow/example_dags/example_short_circuit_operator.py
[2023-02-23 19:46:35,828] {scheduler_job.py:633} INFO - Processing file /home/airflow/.local/lib/python3.6/site-packages/airflow/example_dags/example_short_circuit_operator.py for tasks to queue
[2023-02-23 19:46:35,829] {logging_mixin.py:104} INFO - [2023-02-23 19:46:35,829] {dagbag.py:496} INFO - Filling up the DagBag from /home/airflow/.local/lib/python3.6/site-packages/airflow/example_dags/example_short_circuit_operator.py
[2023-02-23 19:46:35,872] {scheduler_job.py:643} INFO - DAG(s) dict_keys(['example_short_circuit_operator']) retrieved from /home/airflow/.local/lib/python3.6/site-packages/airflow/example_dags/example_short_circuit_operator.py
[2023-02-23 19:46:35,890] {logging_mixin.py:104} INFO - [2023-02-23 19:46:35,890] {dag.py:1833} INFO - Sync 1 DAGs
[2023-02-23 19:46:35,906] {logging_mixin.py:104} INFO - [2023-02-23 19:46:35,906] {dag.py:2306} INFO - Setting next_dagrun for example_short_circuit_operator to 2023-02-21 00:00:00+00:00
[2023-02-23 19:46:35,915] {scheduler_job.py:190} INFO - Processing /home/airflow/.local/lib/python3.6/site-packages/airflow/example_dags/example_short_circuit_operator.py took 0.090 seconds
[2023-02-23 19:47:06,674] {scheduler_job.py:182} INFO - Started process (PID=526) to work on /home/airflow/.local/lib/python3.6/site-packages/airflow/example_dags/example_short_circuit_operator.py
[2023-02-23 19:47:06,675] {scheduler_job.py:633} INFO - Processing file /home/airflow/.local/lib/python3.6/site-packages/airflow/example_dags/example_short_circuit_operator.py for tasks to queue
[2023-02-23 19:47:06,676] {logging_mixin.py:104} INFO - [2023-02-23 19:47:06,675] {dagbag.py:496} INFO - Filling up the DagBag from /home/airflow/.local/lib/python3.6/site-packages/airflow/example_dags/example_short_circuit_operator.py
[2023-02-23 19:47:06,686] {scheduler_job.py:643} INFO - DAG(s) dict_keys(['example_short_circuit_operator']) retrieved from /home/airflow/.local/lib/python3.6/site-packages/airflow/example_dags/example_short_circuit_operator.py
[2023-02-23 19:47:06,707] {logging_mixin.py:104} INFO - [2023-02-23 19:47:06,707] {dag.py:1833} INFO - Sync 1 DAGs
[2023-02-23 19:47:06,723] {logging_mixin.py:104} INFO - [2023-02-23 19:47:06,723] {dag.py:2306} INFO - Setting next_dagrun for example_short_circuit_operator to 2023-02-21 00:00:00+00:00
[2023-02-23 19:47:06,730] {scheduler_job.py:190} INFO - Processing /home/airflow/.local/lib/python3.6/site-packages/airflow/example_dags/example_short_circuit_operator.py took 0.058 seconds
[2023-02-23 19:47:37,283] {scheduler_job.py:182} INFO - Started process (PID=587) to work on /home/airflow/.local/lib/python3.6/site-packages/airflow/example_dags/example_short_circuit_operator.py
[2023-02-23 19:47:37,283] {scheduler_job.py:633} INFO - Processing file /home/airflow/.local/lib/python3.6/site-packages/airflow/example_dags/example_short_circuit_operator.py for tasks to queue
[2023-02-23 19:47:37,284] {logging_mixin.py:104} INFO - [2023-02-23 19:47:37,284] {dagbag.py:496} INFO - Filling up the DagBag from /home/airflow/.local/lib/python3.6/site-packages/airflow/example_dags/example_short_circuit_operator.py
[2023-02-23 19:47:37,294] {scheduler_job.py:643} INFO - DAG(s) dict_keys(['example_short_circuit_operator']) retrieved from /home/airflow/.local/lib/python3.6/site-packages/airflow/example_dags/example_short_circuit_operator.py
[2023-02-23 19:47:37,313] {logging_mixin.py:104} INFO - [2023-02-23 19:47:37,313] {dag.py:1833} INFO - Sync 1 DAGs
[2023-02-23 19:47:37,326] {logging_mixin.py:104} INFO - [2023-02-23 19:47:37,325] {dag.py:2306} INFO - Setting next_dagrun for example_short_circuit_operator to 2023-02-21 00:00:00+00:00
[2023-02-23 19:47:37,333] {scheduler_job.py:190} INFO - Processing /home/airflow/.local/lib/python3.6/site-packages/airflow/example_dags/example_short_circuit_operator.py took 0.053 seconds
[2023-02-23 19:48:07,873] {scheduler_job.py:182} INFO - Started process (PID=648) to work on /home/airflow/.local/lib/python3.6/site-packages/airflow/example_dags/example_short_circuit_operator.py
[2023-02-23 19:48:07,874] {scheduler_job.py:633} INFO - Processing file /home/airflow/.local/lib/python3.6/site-packages/airflow/example_dags/example_short_circuit_operator.py for tasks to queue
[2023-02-23 19:48:07,874] {logging_mixin.py:104} INFO - [2023-02-23 19:48:07,874] {dagbag.py:496} INFO - Filling up the DagBag from /home/airflow/.local/lib/python3.6/site-packages/airflow/example_dags/example_short_circuit_operator.py
[2023-02-23 19:48:07,884] {scheduler_job.py:643} INFO - DAG(s) dict_keys(['example_short_circuit_operator']) retrieved from /home/airflow/.local/lib/python3.6/site-packages/airflow/example_dags/example_short_circuit_operator.py
[2023-02-23 19:48:07,902] {logging_mixin.py:104} INFO - [2023-02-23 19:48:07,902] {dag.py:1833} INFO - Sync 1 DAGs
[2023-02-23 19:48:07,914] {logging_mixin.py:104} INFO - [2023-02-23 19:48:07,914] {dag.py:2306} INFO - Setting next_dagrun for example_short_circuit_operator to 2023-02-21 00:00:00+00:00
[2023-02-23 19:48:07,922] {scheduler_job.py:190} INFO - Processing /home/airflow/.local/lib/python3.6/site-packages/airflow/example_dags/example_short_circuit_operator.py took 0.051 seconds
[2023-02-23 19:48:38,504] {scheduler_job.py:182} INFO - Started process (PID=699) to work on /home/airflow/.local/lib/python3.6/site-packages/airflow/example_dags/example_short_circuit_operator.py
[2023-02-23 19:48:38,505] {scheduler_job.py:633} INFO - Processing file /home/airflow/.local/lib/python3.6/site-packages/airflow/example_dags/example_short_circuit_operator.py for tasks to queue
[2023-02-23 19:48:38,506] {logging_mixin.py:104} INFO - [2023-02-23 19:48:38,506] {dagbag.py:496} INFO - Filling up the DagBag from /home/airflow/.local/lib/python3.6/site-packages/airflow/example_dags/example_short_circuit_operator.py
[2023-02-23 19:48:38,517] {scheduler_job.py:643} INFO - DAG(s) dict_keys(['example_short_circuit_operator']) retrieved from /home/airflow/.local/lib/python3.6/site-packages/airflow/example_dags/example_short_circuit_operator.py
[2023-02-23 19:48:38,533] {logging_mixin.py:104} INFO - [2023-02-23 19:48:38,533] {dag.py:1833} INFO - Sync 1 DAGs
[2023-02-23 19:48:38,546] {logging_mixin.py:104} INFO - [2023-02-23 19:48:38,546] {dag.py:2306} INFO - Setting next_dagrun for example_short_circuit_operator to 2023-02-21 00:00:00+00:00
[2023-02-23 19:48:38,553] {scheduler_job.py:190} INFO - Processing /home/airflow/.local/lib/python3.6/site-packages/airflow/example_dags/example_short_circuit_operator.py took 0.051 seconds
[2023-02-23 19:49:09,053] {scheduler_job.py:182} INFO - Started process (PID=760) to work on /home/airflow/.local/lib/python3.6/site-packages/airflow/example_dags/example_short_circuit_operator.py
[2023-02-23 19:49:09,053] {scheduler_job.py:633} INFO - Processing file /home/airflow/.local/lib/python3.6/site-packages/airflow/example_dags/example_short_circuit_operator.py for tasks to queue
[2023-02-23 19:49:09,054] {logging_mixin.py:104} INFO - [2023-02-23 19:49:09,054] {dagbag.py:496} INFO - Filling up the DagBag from /home/airflow/.local/lib/python3.6/site-packages/airflow/example_dags/example_short_circuit_operator.py
[2023-02-23 19:49:09,063] {scheduler_job.py:643} INFO - DAG(s) dict_keys(['example_short_circuit_operator']) retrieved from /home/airflow/.local/lib/python3.6/site-packages/airflow/example_dags/example_short_circuit_operator.py
[2023-02-23 19:49:09,081] {logging_mixin.py:104} INFO - [2023-02-23 19:49:09,080] {dag.py:1833} INFO - Sync 1 DAGs
[2023-02-23 19:49:09,093] {logging_mixin.py:104} INFO - [2023-02-23 19:49:09,093] {dag.py:2306} INFO - Setting next_dagrun for example_short_circuit_operator to 2023-02-21 00:00:00+00:00
[2023-02-23 19:49:09,100] {scheduler_job.py:190} INFO - Processing /home/airflow/.local/lib/python3.6/site-packages/airflow/example_dags/example_short_circuit_operator.py took 0.049 seconds
[2023-02-23 19:49:40,684] {scheduler_job.py:182} INFO - Started process (PID=811) to work on /home/airflow/.local/lib/python3.6/site-packages/airflow/example_dags/example_short_circuit_operator.py
[2023-02-23 19:49:40,685] {scheduler_job.py:633} INFO - Processing file /home/airflow/.local/lib/python3.6/site-packages/airflow/example_dags/example_short_circuit_operator.py for tasks to queue
[2023-02-23 19:49:40,686] {logging_mixin.py:104} INFO - [2023-02-23 19:49:40,686] {dagbag.py:496} INFO - Filling up the DagBag from /home/airflow/.local/lib/python3.6/site-packages/airflow/example_dags/example_short_circuit_operator.py
[2023-02-23 19:49:40,774] {scheduler_job.py:643} INFO - DAG(s) dict_keys(['example_short_circuit_operator']) retrieved from /home/airflow/.local/lib/python3.6/site-packages/airflow/example_dags/example_short_circuit_operator.py
[2023-02-23 19:49:40,794] {logging_mixin.py:104} INFO - [2023-02-23 19:49:40,794] {dag.py:1833} INFO - Sync 1 DAGs
[2023-02-23 19:49:40,872] {logging_mixin.py:104} INFO - [2023-02-23 19:49:40,872] {dag.py:2306} INFO - Setting next_dagrun for example_short_circuit_operator to 2023-02-21 00:00:00+00:00
[2023-02-23 19:49:40,880] {scheduler_job.py:190} INFO - Processing /home/airflow/.local/lib/python3.6/site-packages/airflow/example_dags/example_short_circuit_operator.py took 0.198 seconds
[2023-02-23 19:50:11,470] {scheduler_job.py:182} INFO - Started process (PID=872) to work on /home/airflow/.local/lib/python3.6/site-packages/airflow/example_dags/example_short_circuit_operator.py
[2023-02-23 19:50:11,471] {scheduler_job.py:633} INFO - Processing file /home/airflow/.local/lib/python3.6/site-packages/airflow/example_dags/example_short_circuit_operator.py for tasks to queue
[2023-02-23 19:50:11,471] {logging_mixin.py:104} INFO - [2023-02-23 19:50:11,471] {dagbag.py:496} INFO - Filling up the DagBag from /home/airflow/.local/lib/python3.6/site-packages/airflow/example_dags/example_short_circuit_operator.py
[2023-02-23 19:50:11,482] {scheduler_job.py:643} INFO - DAG(s) dict_keys(['example_short_circuit_operator']) retrieved from /home/airflow/.local/lib/python3.6/site-packages/airflow/example_dags/example_short_circuit_operator.py
[2023-02-23 19:50:11,499] {logging_mixin.py:104} INFO - [2023-02-23 19:50:11,499] {dag.py:1833} INFO - Sync 1 DAGs
[2023-02-23 19:50:11,510] {logging_mixin.py:104} INFO - [2023-02-23 19:50:11,510] {dag.py:2306} INFO - Setting next_dagrun for example_short_circuit_operator to 2023-02-21 00:00:00+00:00
[2023-02-23 19:50:11,518] {scheduler_job.py:190} INFO - Processing /home/airflow/.local/lib/python3.6/site-packages/airflow/example_dags/example_short_circuit_operator.py took 0.051 seconds
[2023-02-23 19:50:42,571] {scheduler_job.py:182} INFO - Started process (PID=923) to work on /home/airflow/.local/lib/python3.6/site-packages/airflow/example_dags/example_short_circuit_operator.py
[2023-02-23 19:50:42,572] {scheduler_job.py:633} INFO - Processing file /home/airflow/.local/lib/python3.6/site-packages/airflow/example_dags/example_short_circuit_operator.py for tasks to queue
[2023-02-23 19:50:42,573] {logging_mixin.py:104} INFO - [2023-02-23 19:50:42,573] {dagbag.py:496} INFO - Filling up the DagBag from /home/airflow/.local/lib/python3.6/site-packages/airflow/example_dags/example_short_circuit_operator.py
[2023-02-23 19:50:42,586] {scheduler_job.py:643} INFO - DAG(s) dict_keys(['example_short_circuit_operator']) retrieved from /home/airflow/.local/lib/python3.6/site-packages/airflow/example_dags/example_short_circuit_operator.py
[2023-02-23 19:50:42,677] {logging_mixin.py:104} INFO - [2023-02-23 19:50:42,677] {dag.py:1833} INFO - Sync 1 DAGs
[2023-02-23 19:50:42,692] {logging_mixin.py:104} INFO - [2023-02-23 19:50:42,692] {dag.py:2306} INFO - Setting next_dagrun for example_short_circuit_operator to 2023-02-21 00:00:00+00:00
[2023-02-23 19:50:42,702] {scheduler_job.py:190} INFO - Processing /home/airflow/.local/lib/python3.6/site-packages/airflow/example_dags/example_short_circuit_operator.py took 0.134 seconds
[2023-02-23 19:51:13,287] {scheduler_job.py:182} INFO - Started process (PID=984) to work on /home/airflow/.local/lib/python3.6/site-packages/airflow/example_dags/example_short_circuit_operator.py
[2023-02-23 19:51:13,288] {scheduler_job.py:633} INFO - Processing file /home/airflow/.local/lib/python3.6/site-packages/airflow/example_dags/example_short_circuit_operator.py for tasks to queue
[2023-02-23 19:51:13,288] {logging_mixin.py:104} INFO - [2023-02-23 19:51:13,288] {dagbag.py:496} INFO - Filling up the DagBag from /home/airflow/.local/lib/python3.6/site-packages/airflow/example_dags/example_short_circuit_operator.py
[2023-02-23 19:51:13,299] {scheduler_job.py:643} INFO - DAG(s) dict_keys(['example_short_circuit_operator']) retrieved from /home/airflow/.local/lib/python3.6/site-packages/airflow/example_dags/example_short_circuit_operator.py
[2023-02-23 19:51:13,316] {logging_mixin.py:104} INFO - [2023-02-23 19:51:13,316] {dag.py:1833} INFO - Sync 1 DAGs
[2023-02-23 19:51:13,330] {logging_mixin.py:104} INFO - [2023-02-23 19:51:13,330] {dag.py:2306} INFO - Setting next_dagrun for example_short_circuit_operator to 2023-02-21 00:00:00+00:00
[2023-02-23 19:51:13,338] {scheduler_job.py:190} INFO - Processing /home/airflow/.local/lib/python3.6/site-packages/airflow/example_dags/example_short_circuit_operator.py took 0.053 seconds
[2023-02-23 19:51:43,751] {scheduler_job.py:182} INFO - Started process (PID=1035) to work on /home/airflow/.local/lib/python3.6/site-packages/airflow/example_dags/example_short_circuit_operator.py
[2023-02-23 19:51:43,752] {scheduler_job.py:633} INFO - Processing file /home/airflow/.local/lib/python3.6/site-packages/airflow/example_dags/example_short_circuit_operator.py for tasks to queue
[2023-02-23 19:51:43,752] {logging_mixin.py:104} INFO - [2023-02-23 19:51:43,752] {dagbag.py:496} INFO - Filling up the DagBag from /home/airflow/.local/lib/python3.6/site-packages/airflow/example_dags/example_short_circuit_operator.py
[2023-02-23 19:51:43,761] {scheduler_job.py:643} INFO - DAG(s) dict_keys(['example_short_circuit_operator']) retrieved from /home/airflow/.local/lib/python3.6/site-packages/airflow/example_dags/example_short_circuit_operator.py
[2023-02-23 19:51:43,776] {logging_mixin.py:104} INFO - [2023-02-23 19:51:43,775] {dag.py:1833} INFO - Sync 1 DAGs
[2023-02-23 19:51:43,788] {logging_mixin.py:104} INFO - [2023-02-23 19:51:43,788] {dag.py:2306} INFO - Setting next_dagrun for example_short_circuit_operator to 2023-02-21 00:00:00+00:00
[2023-02-23 19:51:43,794] {scheduler_job.py:190} INFO - Processing /home/airflow/.local/lib/python3.6/site-packages/airflow/example_dags/example_short_circuit_operator.py took 0.045 seconds
[2023-02-23 19:52:14,450] {scheduler_job.py:182} INFO - Started process (PID=1096) to work on /home/airflow/.local/lib/python3.6/site-packages/airflow/example_dags/example_short_circuit_operator.py
[2023-02-23 19:52:14,451] {scheduler_job.py:633} INFO - Processing file /home/airflow/.local/lib/python3.6/site-packages/airflow/example_dags/example_short_circuit_operator.py for tasks to queue
[2023-02-23 19:52:14,451] {logging_mixin.py:104} INFO - [2023-02-23 19:52:14,451] {dagbag.py:496} INFO - Filling up the DagBag from /home/airflow/.local/lib/python3.6/site-packages/airflow/example_dags/example_short_circuit_operator.py
[2023-02-23 19:52:14,461] {scheduler_job.py:643} INFO - DAG(s) dict_keys(['example_short_circuit_operator']) retrieved from /home/airflow/.local/lib/python3.6/site-packages/airflow/example_dags/example_short_circuit_operator.py
[2023-02-23 19:52:14,477] {logging_mixin.py:104} INFO - [2023-02-23 19:52:14,477] {dag.py:1833} INFO - Sync 1 DAGs
[2023-02-23 19:52:14,489] {logging_mixin.py:104} INFO - [2023-02-23 19:52:14,489] {dag.py:2306} INFO - Setting next_dagrun for example_short_circuit_operator to 2023-02-21 00:00:00+00:00
[2023-02-23 19:52:14,496] {scheduler_job.py:190} INFO - Processing /home/airflow/.local/lib/python3.6/site-packages/airflow/example_dags/example_short_circuit_operator.py took 0.048 seconds
[2023-02-23 19:52:45,016] {scheduler_job.py:182} INFO - Started process (PID=1155) to work on /home/airflow/.local/lib/python3.6/site-packages/airflow/example_dags/example_short_circuit_operator.py
[2023-02-23 19:52:45,016] {scheduler_job.py:633} INFO - Processing file /home/airflow/.local/lib/python3.6/site-packages/airflow/example_dags/example_short_circuit_operator.py for tasks to queue
[2023-02-23 19:52:45,017] {logging_mixin.py:104} INFO - [2023-02-23 19:52:45,017] {dagbag.py:496} INFO - Filling up the DagBag from /home/airflow/.local/lib/python3.6/site-packages/airflow/example_dags/example_short_circuit_operator.py
[2023-02-23 19:52:45,027] {scheduler_job.py:643} INFO - DAG(s) dict_keys(['example_short_circuit_operator']) retrieved from /home/airflow/.local/lib/python3.6/site-packages/airflow/example_dags/example_short_circuit_operator.py
[2023-02-23 19:52:45,046] {logging_mixin.py:104} INFO - [2023-02-23 19:52:45,046] {dag.py:1833} INFO - Sync 1 DAGs
[2023-02-23 19:52:45,060] {logging_mixin.py:104} INFO - [2023-02-23 19:52:45,060] {dag.py:2306} INFO - Setting next_dagrun for example_short_circuit_operator to 2023-02-21 00:00:00+00:00
[2023-02-23 19:52:45,068] {scheduler_job.py:190} INFO - Processing /home/airflow/.local/lib/python3.6/site-packages/airflow/example_dags/example_short_circuit_operator.py took 0.055 seconds
[2023-02-23 19:53:15,767] {scheduler_job.py:182} INFO - Started process (PID=1207) to work on /home/airflow/.local/lib/python3.6/site-packages/airflow/example_dags/example_short_circuit_operator.py
[2023-02-23 19:53:15,768] {scheduler_job.py:633} INFO - Processing file /home/airflow/.local/lib/python3.6/site-packages/airflow/example_dags/example_short_circuit_operator.py for tasks to queue
[2023-02-23 19:53:15,768] {logging_mixin.py:104} INFO - [2023-02-23 19:53:15,768] {dagbag.py:496} INFO - Filling up the DagBag from /home/airflow/.local/lib/python3.6/site-packages/airflow/example_dags/example_short_circuit_operator.py
[2023-02-23 19:53:15,778] {scheduler_job.py:643} INFO - DAG(s) dict_keys(['example_short_circuit_operator']) retrieved from /home/airflow/.local/lib/python3.6/site-packages/airflow/example_dags/example_short_circuit_operator.py
[2023-02-23 19:53:15,797] {logging_mixin.py:104} INFO - [2023-02-23 19:53:15,797] {dag.py:1833} INFO - Sync 1 DAGs
[2023-02-23 19:53:15,811] {logging_mixin.py:104} INFO - [2023-02-23 19:53:15,811] {dag.py:2306} INFO - Setting next_dagrun for example_short_circuit_operator to 2023-02-21 00:00:00+00:00
[2023-02-23 19:53:15,819] {scheduler_job.py:190} INFO - Processing /home/airflow/.local/lib/python3.6/site-packages/airflow/example_dags/example_short_circuit_operator.py took 0.054 seconds
[2023-02-23 19:53:46,484] {scheduler_job.py:182} INFO - Started process (PID=1267) to work on /home/airflow/.local/lib/python3.6/site-packages/airflow/example_dags/example_short_circuit_operator.py
[2023-02-23 19:53:46,485] {scheduler_job.py:633} INFO - Processing file /home/airflow/.local/lib/python3.6/site-packages/airflow/example_dags/example_short_circuit_operator.py for tasks to queue
[2023-02-23 19:53:46,486] {logging_mixin.py:104} INFO - [2023-02-23 19:53:46,485] {dagbag.py:496} INFO - Filling up the DagBag from /home/airflow/.local/lib/python3.6/site-packages/airflow/example_dags/example_short_circuit_operator.py
[2023-02-23 19:53:46,496] {scheduler_job.py:643} INFO - DAG(s) dict_keys(['example_short_circuit_operator']) retrieved from /home/airflow/.local/lib/python3.6/site-packages/airflow/example_dags/example_short_circuit_operator.py
[2023-02-23 19:53:46,515] {logging_mixin.py:104} INFO - [2023-02-23 19:53:46,515] {dag.py:1833} INFO - Sync 1 DAGs
[2023-02-23 19:53:46,532] {logging_mixin.py:104} INFO - [2023-02-23 19:53:46,531] {dag.py:2306} INFO - Setting next_dagrun for example_short_circuit_operator to 2023-02-21 00:00:00+00:00
[2023-02-23 19:53:46,540] {scheduler_job.py:190} INFO - Processing /home/airflow/.local/lib/python3.6/site-packages/airflow/example_dags/example_short_circuit_operator.py took 0.058 seconds
[2023-02-23 19:54:17,053] {scheduler_job.py:182} INFO - Started process (PID=1319) to work on /home/airflow/.local/lib/python3.6/site-packages/airflow/example_dags/example_short_circuit_operator.py
[2023-02-23 19:54:17,053] {scheduler_job.py:633} INFO - Processing file /home/airflow/.local/lib/python3.6/site-packages/airflow/example_dags/example_short_circuit_operator.py for tasks to queue
[2023-02-23 19:54:17,054] {logging_mixin.py:104} INFO - [2023-02-23 19:54:17,054] {dagbag.py:496} INFO - Filling up the DagBag from /home/airflow/.local/lib/python3.6/site-packages/airflow/example_dags/example_short_circuit_operator.py
[2023-02-23 19:54:17,064] {scheduler_job.py:643} INFO - DAG(s) dict_keys(['example_short_circuit_operator']) retrieved from /home/airflow/.local/lib/python3.6/site-packages/airflow/example_dags/example_short_circuit_operator.py
[2023-02-23 19:54:17,083] {logging_mixin.py:104} INFO - [2023-02-23 19:54:17,083] {dag.py:1833} INFO - Sync 1 DAGs
[2023-02-23 19:54:17,098] {logging_mixin.py:104} INFO - [2023-02-23 19:54:17,098] {dag.py:2306} INFO - Setting next_dagrun for example_short_circuit_operator to 2023-02-21 00:00:00+00:00
[2023-02-23 19:54:17,106] {scheduler_job.py:190} INFO - Processing /home/airflow/.local/lib/python3.6/site-packages/airflow/example_dags/example_short_circuit_operator.py took 0.056 seconds
[2023-02-23 19:54:47,691] {scheduler_job.py:182} INFO - Started process (PID=1380) to work on /home/airflow/.local/lib/python3.6/site-packages/airflow/example_dags/example_short_circuit_operator.py
[2023-02-23 19:54:47,691] {scheduler_job.py:633} INFO - Processing file /home/airflow/.local/lib/python3.6/site-packages/airflow/example_dags/example_short_circuit_operator.py for tasks to queue
[2023-02-23 19:54:47,692] {logging_mixin.py:104} INFO - [2023-02-23 19:54:47,692] {dagbag.py:496} INFO - Filling up the DagBag from /home/airflow/.local/lib/python3.6/site-packages/airflow/example_dags/example_short_circuit_operator.py
[2023-02-23 19:54:47,702] {scheduler_job.py:643} INFO - DAG(s) dict_keys(['example_short_circuit_operator']) retrieved from /home/airflow/.local/lib/python3.6/site-packages/airflow/example_dags/example_short_circuit_operator.py
[2023-02-23 19:54:47,720] {logging_mixin.py:104} INFO - [2023-02-23 19:54:47,720] {dag.py:1833} INFO - Sync 1 DAGs
[2023-02-23 19:54:47,733] {logging_mixin.py:104} INFO - [2023-02-23 19:54:47,733] {dag.py:2306} INFO - Setting next_dagrun for example_short_circuit_operator to 2023-02-21 00:00:00+00:00
[2023-02-23 19:54:47,740] {scheduler_job.py:190} INFO - Processing /home/airflow/.local/lib/python3.6/site-packages/airflow/example_dags/example_short_circuit_operator.py took 0.052 seconds
[2023-02-23 19:55:18,116] {scheduler_job.py:182} INFO - Started process (PID=1431) to work on /home/airflow/.local/lib/python3.6/site-packages/airflow/example_dags/example_short_circuit_operator.py
[2023-02-23 19:55:18,117] {scheduler_job.py:633} INFO - Processing file /home/airflow/.local/lib/python3.6/site-packages/airflow/example_dags/example_short_circuit_operator.py for tasks to queue
[2023-02-23 19:55:18,118] {logging_mixin.py:104} INFO - [2023-02-23 19:55:18,118] {dagbag.py:496} INFO - Filling up the DagBag from /home/airflow/.local/lib/python3.6/site-packages/airflow/example_dags/example_short_circuit_operator.py
[2023-02-23 19:55:18,169] {scheduler_job.py:643} INFO - DAG(s) dict_keys(['example_short_circuit_operator']) retrieved from /home/airflow/.local/lib/python3.6/site-packages/airflow/example_dags/example_short_circuit_operator.py
[2023-02-23 19:55:18,189] {logging_mixin.py:104} INFO - [2023-02-23 19:55:18,189] {dag.py:1833} INFO - Sync 1 DAGs
[2023-02-23 19:55:18,201] {logging_mixin.py:104} INFO - [2023-02-23 19:55:18,201] {dag.py:2306} INFO - Setting next_dagrun for example_short_circuit_operator to 2023-02-21 00:00:00+00:00
[2023-02-23 19:55:18,208] {scheduler_job.py:190} INFO - Processing /home/airflow/.local/lib/python3.6/site-packages/airflow/example_dags/example_short_circuit_operator.py took 0.094 seconds
[2023-02-23 19:55:49,044] {scheduler_job.py:182} INFO - Started process (PID=1492) to work on /home/airflow/.local/lib/python3.6/site-packages/airflow/example_dags/example_short_circuit_operator.py
[2023-02-23 19:55:49,044] {scheduler_job.py:633} INFO - Processing file /home/airflow/.local/lib/python3.6/site-packages/airflow/example_dags/example_short_circuit_operator.py for tasks to queue
[2023-02-23 19:55:49,045] {logging_mixin.py:104} INFO - [2023-02-23 19:55:49,045] {dagbag.py:496} INFO - Filling up the DagBag from /home/airflow/.local/lib/python3.6/site-packages/airflow/example_dags/example_short_circuit_operator.py
[2023-02-23 19:55:49,054] {scheduler_job.py:643} INFO - DAG(s) dict_keys(['example_short_circuit_operator']) retrieved from /home/airflow/.local/lib/python3.6/site-packages/airflow/example_dags/example_short_circuit_operator.py
[2023-02-23 19:55:49,071] {logging_mixin.py:104} INFO - [2023-02-23 19:55:49,071] {dag.py:1833} INFO - Sync 1 DAGs
[2023-02-23 19:55:49,083] {logging_mixin.py:104} INFO - [2023-02-23 19:55:49,083] {dag.py:2306} INFO - Setting next_dagrun for example_short_circuit_operator to 2023-02-21 00:00:00+00:00
[2023-02-23 19:55:49,090] {scheduler_job.py:190} INFO - Processing /home/airflow/.local/lib/python3.6/site-packages/airflow/example_dags/example_short_circuit_operator.py took 0.048 seconds
[2023-02-23 19:56:19,859] {scheduler_job.py:182} INFO - Started process (PID=1544) to work on /home/airflow/.local/lib/python3.6/site-packages/airflow/example_dags/example_short_circuit_operator.py
[2023-02-23 19:56:19,860] {scheduler_job.py:633} INFO - Processing file /home/airflow/.local/lib/python3.6/site-packages/airflow/example_dags/example_short_circuit_operator.py for tasks to queue
[2023-02-23 19:56:19,860] {logging_mixin.py:104} INFO - [2023-02-23 19:56:19,860] {dagbag.py:496} INFO - Filling up the DagBag from /home/airflow/.local/lib/python3.6/site-packages/airflow/example_dags/example_short_circuit_operator.py
[2023-02-23 19:56:19,873] {scheduler_job.py:643} INFO - DAG(s) dict_keys(['example_short_circuit_operator']) retrieved from /home/airflow/.local/lib/python3.6/site-packages/airflow/example_dags/example_short_circuit_operator.py
[2023-02-23 19:56:19,905] {logging_mixin.py:104} INFO - [2023-02-23 19:56:19,905] {dag.py:1833} INFO - Sync 1 DAGs
[2023-02-23 19:56:19,920] {logging_mixin.py:104} INFO - [2023-02-23 19:56:19,920] {dag.py:2306} INFO - Setting next_dagrun for example_short_circuit_operator to 2023-02-21 00:00:00+00:00
[2023-02-23 19:56:19,927] {scheduler_job.py:190} INFO - Processing /home/airflow/.local/lib/python3.6/site-packages/airflow/example_dags/example_short_circuit_operator.py took 0.071 seconds
[2023-02-23 19:56:49,940] {scheduler_job.py:182} INFO - Started process (PID=1605) to work on /home/airflow/.local/lib/python3.6/site-packages/airflow/example_dags/example_short_circuit_operator.py
[2023-02-23 19:56:49,941] {scheduler_job.py:633} INFO - Processing file /home/airflow/.local/lib/python3.6/site-packages/airflow/example_dags/example_short_circuit_operator.py for tasks to queue
[2023-02-23 19:56:49,941] {logging_mixin.py:104} INFO - [2023-02-23 19:56:49,941] {dagbag.py:496} INFO - Filling up the DagBag from /home/airflow/.local/lib/python3.6/site-packages/airflow/example_dags/example_short_circuit_operator.py
[2023-02-23 19:56:49,953] {scheduler_job.py:643} INFO - DAG(s) dict_keys(['example_short_circuit_operator']) retrieved from /home/airflow/.local/lib/python3.6/site-packages/airflow/example_dags/example_short_circuit_operator.py
[2023-02-23 19:56:49,976] {logging_mixin.py:104} INFO - [2023-02-23 19:56:49,976] {dag.py:1833} INFO - Sync 1 DAGs
[2023-02-23 19:56:49,989] {logging_mixin.py:104} INFO - [2023-02-23 19:56:49,989] {dag.py:2306} INFO - Setting next_dagrun for example_short_circuit_operator to 2023-02-21 00:00:00+00:00
[2023-02-23 19:56:49,996] {scheduler_job.py:190} INFO - Processing /home/airflow/.local/lib/python3.6/site-packages/airflow/example_dags/example_short_circuit_operator.py took 0.058 seconds
[2023-02-23 19:57:20,618] {scheduler_job.py:182} INFO - Started process (PID=1656) to work on /home/airflow/.local/lib/python3.6/site-packages/airflow/example_dags/example_short_circuit_operator.py
[2023-02-23 19:57:20,618] {scheduler_job.py:633} INFO - Processing file /home/airflow/.local/lib/python3.6/site-packages/airflow/example_dags/example_short_circuit_operator.py for tasks to queue
[2023-02-23 19:57:20,619] {logging_mixin.py:104} INFO - [2023-02-23 19:57:20,619] {dagbag.py:496} INFO - Filling up the DagBag from /home/airflow/.local/lib/python3.6/site-packages/airflow/example_dags/example_short_circuit_operator.py
[2023-02-23 19:57:20,631] {scheduler_job.py:643} INFO - DAG(s) dict_keys(['example_short_circuit_operator']) retrieved from /home/airflow/.local/lib/python3.6/site-packages/airflow/example_dags/example_short_circuit_operator.py
[2023-02-23 19:57:20,646] {logging_mixin.py:104} INFO - [2023-02-23 19:57:20,646] {dag.py:1833} INFO - Sync 1 DAGs
[2023-02-23 19:57:20,658] {logging_mixin.py:104} INFO - [2023-02-23 19:57:20,658] {dag.py:2306} INFO - Setting next_dagrun for example_short_circuit_operator to 2023-02-21 00:00:00+00:00
[2023-02-23 19:57:20,666] {scheduler_job.py:190} INFO - Processing /home/airflow/.local/lib/python3.6/site-packages/airflow/example_dags/example_short_circuit_operator.py took 0.051 seconds
[2023-02-23 19:57:51,237] {scheduler_job.py:182} INFO - Started process (PID=1717) to work on /home/airflow/.local/lib/python3.6/site-packages/airflow/example_dags/example_short_circuit_operator.py
[2023-02-23 19:57:51,238] {scheduler_job.py:633} INFO - Processing file /home/airflow/.local/lib/python3.6/site-packages/airflow/example_dags/example_short_circuit_operator.py for tasks to queue
[2023-02-23 19:57:51,238] {logging_mixin.py:104} INFO - [2023-02-23 19:57:51,238] {dagbag.py:496} INFO - Filling up the DagBag from /home/airflow/.local/lib/python3.6/site-packages/airflow/example_dags/example_short_circuit_operator.py
[2023-02-23 19:57:51,249] {scheduler_job.py:643} INFO - DAG(s) dict_keys(['example_short_circuit_operator']) retrieved from /home/airflow/.local/lib/python3.6/site-packages/airflow/example_dags/example_short_circuit_operator.py
[2023-02-23 19:57:51,267] {logging_mixin.py:104} INFO - [2023-02-23 19:57:51,267] {dag.py:1833} INFO - Sync 1 DAGs
[2023-02-23 19:57:51,279] {logging_mixin.py:104} INFO - [2023-02-23 19:57:51,279] {dag.py:2306} INFO - Setting next_dagrun for example_short_circuit_operator to 2023-02-21 00:00:00+00:00
[2023-02-23 19:57:51,286] {scheduler_job.py:190} INFO - Processing /home/airflow/.local/lib/python3.6/site-packages/airflow/example_dags/example_short_circuit_operator.py took 0.051 seconds
[2023-02-23 19:58:21,836] {scheduler_job.py:182} INFO - Started process (PID=1778) to work on /home/airflow/.local/lib/python3.6/site-packages/airflow/example_dags/example_short_circuit_operator.py
[2023-02-23 19:58:21,836] {scheduler_job.py:633} INFO - Processing file /home/airflow/.local/lib/python3.6/site-packages/airflow/example_dags/example_short_circuit_operator.py for tasks to queue
[2023-02-23 19:58:21,837] {logging_mixin.py:104} INFO - [2023-02-23 19:58:21,836] {dagbag.py:496} INFO - Filling up the DagBag from /home/airflow/.local/lib/python3.6/site-packages/airflow/example_dags/example_short_circuit_operator.py
[2023-02-23 19:58:21,848] {scheduler_job.py:643} INFO - DAG(s) dict_keys(['example_short_circuit_operator']) retrieved from /home/airflow/.local/lib/python3.6/site-packages/airflow/example_dags/example_short_circuit_operator.py
[2023-02-23 19:58:21,863] {logging_mixin.py:104} INFO - [2023-02-23 19:58:21,863] {dag.py:1833} INFO - Sync 1 DAGs
[2023-02-23 19:58:21,875] {logging_mixin.py:104} INFO - [2023-02-23 19:58:21,875] {dag.py:2306} INFO - Setting next_dagrun for example_short_circuit_operator to 2023-02-21 00:00:00+00:00
[2023-02-23 19:58:21,882] {scheduler_job.py:190} INFO - Processing /home/airflow/.local/lib/python3.6/site-packages/airflow/example_dags/example_short_circuit_operator.py took 0.048 seconds
[2023-02-23 19:58:52,486] {scheduler_job.py:182} INFO - Started process (PID=1829) to work on /home/airflow/.local/lib/python3.6/site-packages/airflow/example_dags/example_short_circuit_operator.py
[2023-02-23 19:58:52,487] {scheduler_job.py:633} INFO - Processing file /home/airflow/.local/lib/python3.6/site-packages/airflow/example_dags/example_short_circuit_operator.py for tasks to queue
[2023-02-23 19:58:52,487] {logging_mixin.py:104} INFO - [2023-02-23 19:58:52,487] {dagbag.py:496} INFO - Filling up the DagBag from /home/airflow/.local/lib/python3.6/site-packages/airflow/example_dags/example_short_circuit_operator.py
[2023-02-23 19:58:52,499] {scheduler_job.py:643} INFO - DAG(s) dict_keys(['example_short_circuit_operator']) retrieved from /home/airflow/.local/lib/python3.6/site-packages/airflow/example_dags/example_short_circuit_operator.py
[2023-02-23 19:58:52,516] {logging_mixin.py:104} INFO - [2023-02-23 19:58:52,516] {dag.py:1833} INFO - Sync 1 DAGs
[2023-02-23 19:58:52,528] {logging_mixin.py:104} INFO - [2023-02-23 19:58:52,528] {dag.py:2306} INFO - Setting next_dagrun for example_short_circuit_operator to 2023-02-21 00:00:00+00:00
[2023-02-23 19:58:52,534] {scheduler_job.py:190} INFO - Processing /home/airflow/.local/lib/python3.6/site-packages/airflow/example_dags/example_short_circuit_operator.py took 0.050 seconds
[2023-02-23 19:59:23,127] {scheduler_job.py:182} INFO - Started process (PID=1890) to work on /home/airflow/.local/lib/python3.6/site-packages/airflow/example_dags/example_short_circuit_operator.py
[2023-02-23 19:59:23,128] {scheduler_job.py:633} INFO - Processing file /home/airflow/.local/lib/python3.6/site-packages/airflow/example_dags/example_short_circuit_operator.py for tasks to queue
[2023-02-23 19:59:23,128] {logging_mixin.py:104} INFO - [2023-02-23 19:59:23,128] {dagbag.py:496} INFO - Filling up the DagBag from /home/airflow/.local/lib/python3.6/site-packages/airflow/example_dags/example_short_circuit_operator.py
[2023-02-23 19:59:23,140] {scheduler_job.py:643} INFO - DAG(s) dict_keys(['example_short_circuit_operator']) retrieved from /home/airflow/.local/lib/python3.6/site-packages/airflow/example_dags/example_short_circuit_operator.py
[2023-02-23 19:59:23,157] {logging_mixin.py:104} INFO - [2023-02-23 19:59:23,156] {dag.py:1833} INFO - Sync 1 DAGs
[2023-02-23 19:59:23,177] {logging_mixin.py:104} INFO - [2023-02-23 19:59:23,177] {dag.py:2306} INFO - Setting next_dagrun for example_short_circuit_operator to 2023-02-21 00:00:00+00:00
[2023-02-23 19:59:23,187] {scheduler_job.py:190} INFO - Processing /home/airflow/.local/lib/python3.6/site-packages/airflow/example_dags/example_short_circuit_operator.py took 0.063 seconds
[2023-02-23 19:59:53,800] {scheduler_job.py:182} INFO - Started process (PID=1941) to work on /home/airflow/.local/lib/python3.6/site-packages/airflow/example_dags/example_short_circuit_operator.py
[2023-02-23 19:59:53,800] {scheduler_job.py:633} INFO - Processing file /home/airflow/.local/lib/python3.6/site-packages/airflow/example_dags/example_short_circuit_operator.py for tasks to queue
[2023-02-23 19:59:53,801] {logging_mixin.py:104} INFO - [2023-02-23 19:59:53,801] {dagbag.py:496} INFO - Filling up the DagBag from /home/airflow/.local/lib/python3.6/site-packages/airflow/example_dags/example_short_circuit_operator.py
[2023-02-23 19:59:53,812] {scheduler_job.py:643} INFO - DAG(s) dict_keys(['example_short_circuit_operator']) retrieved from /home/airflow/.local/lib/python3.6/site-packages/airflow/example_dags/example_short_circuit_operator.py
[2023-02-23 19:59:53,828] {logging_mixin.py:104} INFO - [2023-02-23 19:59:53,828] {dag.py:1833} INFO - Sync 1 DAGs
[2023-02-23 19:59:53,841] {logging_mixin.py:104} INFO - [2023-02-23 19:59:53,841] {dag.py:2306} INFO - Setting next_dagrun for example_short_circuit_operator to 2023-02-21 00:00:00+00:00
[2023-02-23 19:59:53,848] {scheduler_job.py:190} INFO - Processing /home/airflow/.local/lib/python3.6/site-packages/airflow/example_dags/example_short_circuit_operator.py took 0.051 seconds
[2023-02-23 20:00:24,712] {scheduler_job.py:182} INFO - Started process (PID=2002) to work on /home/airflow/.local/lib/python3.6/site-packages/airflow/example_dags/example_short_circuit_operator.py
[2023-02-23 20:00:24,714] {scheduler_job.py:633} INFO - Processing file /home/airflow/.local/lib/python3.6/site-packages/airflow/example_dags/example_short_circuit_operator.py for tasks to queue
[2023-02-23 20:00:24,715] {logging_mixin.py:104} INFO - [2023-02-23 20:00:24,715] {dagbag.py:496} INFO - Filling up the DagBag from /home/airflow/.local/lib/python3.6/site-packages/airflow/example_dags/example_short_circuit_operator.py
[2023-02-23 20:00:24,725] {scheduler_job.py:643} INFO - DAG(s) dict_keys(['example_short_circuit_operator']) retrieved from /home/airflow/.local/lib/python3.6/site-packages/airflow/example_dags/example_short_circuit_operator.py
[2023-02-23 20:00:24,743] {logging_mixin.py:104} INFO - [2023-02-23 20:00:24,743] {dag.py:1833} INFO - Sync 1 DAGs
[2023-02-23 20:00:24,769] {logging_mixin.py:104} INFO - [2023-02-23 20:00:24,769] {dag.py:2306} INFO - Setting next_dagrun for example_short_circuit_operator to 2023-02-21 00:00:00+00:00
[2023-02-23 20:00:24,776] {scheduler_job.py:190} INFO - Processing /home/airflow/.local/lib/python3.6/site-packages/airflow/example_dags/example_short_circuit_operator.py took 0.067 seconds
[2023-02-23 20:00:55,267] {scheduler_job.py:182} INFO - Started process (PID=2053) to work on /home/airflow/.local/lib/python3.6/site-packages/airflow/example_dags/example_short_circuit_operator.py
[2023-02-23 20:00:55,268] {scheduler_job.py:633} INFO - Processing file /home/airflow/.local/lib/python3.6/site-packages/airflow/example_dags/example_short_circuit_operator.py for tasks to queue
[2023-02-23 20:00:55,268] {logging_mixin.py:104} INFO - [2023-02-23 20:00:55,268] {dagbag.py:496} INFO - Filling up the DagBag from /home/airflow/.local/lib/python3.6/site-packages/airflow/example_dags/example_short_circuit_operator.py
[2023-02-23 20:00:55,280] {scheduler_job.py:643} INFO - DAG(s) dict_keys(['example_short_circuit_operator']) retrieved from /home/airflow/.local/lib/python3.6/site-packages/airflow/example_dags/example_short_circuit_operator.py
[2023-02-23 20:00:55,299] {logging_mixin.py:104} INFO - [2023-02-23 20:00:55,298] {dag.py:1833} INFO - Sync 1 DAGs
[2023-02-23 20:00:55,312] {logging_mixin.py:104} INFO - [2023-02-23 20:00:55,312] {dag.py:2306} INFO - Setting next_dagrun for example_short_circuit_operator to 2023-02-21 00:00:00+00:00
[2023-02-23 20:00:55,321] {scheduler_job.py:190} INFO - Processing /home/airflow/.local/lib/python3.6/site-packages/airflow/example_dags/example_short_circuit_operator.py took 0.056 seconds
[2023-02-23 20:01:25,925] {scheduler_job.py:182} INFO - Started process (PID=2114) to work on /home/airflow/.local/lib/python3.6/site-packages/airflow/example_dags/example_short_circuit_operator.py
[2023-02-23 20:01:25,926] {scheduler_job.py:633} INFO - Processing file /home/airflow/.local/lib/python3.6/site-packages/airflow/example_dags/example_short_circuit_operator.py for tasks to queue
[2023-02-23 20:01:25,926] {logging_mixin.py:104} INFO - [2023-02-23 20:01:25,926] {dagbag.py:496} INFO - Filling up the DagBag from /home/airflow/.local/lib/python3.6/site-packages/airflow/example_dags/example_short_circuit_operator.py
[2023-02-23 20:01:25,937] {scheduler_job.py:643} INFO - DAG(s) dict_keys(['example_short_circuit_operator']) retrieved from /home/airflow/.local/lib/python3.6/site-packages/airflow/example_dags/example_short_circuit_operator.py
[2023-02-23 20:01:25,956] {logging_mixin.py:104} INFO - [2023-02-23 20:01:25,956] {dag.py:1833} INFO - Sync 1 DAGs
[2023-02-23 20:01:25,969] {logging_mixin.py:104} INFO - [2023-02-23 20:01:25,969] {dag.py:2306} INFO - Setting next_dagrun for example_short_circuit_operator to 2023-02-21 00:00:00+00:00
[2023-02-23 20:01:25,977] {scheduler_job.py:190} INFO - Processing /home/airflow/.local/lib/python3.6/site-packages/airflow/example_dags/example_short_circuit_operator.py took 0.054 seconds
[2023-02-23 20:01:56,666] {scheduler_job.py:182} INFO - Started process (PID=2172) to work on /home/airflow/.local/lib/python3.6/site-packages/airflow/example_dags/example_short_circuit_operator.py
[2023-02-23 20:01:56,666] {scheduler_job.py:633} INFO - Processing file /home/airflow/.local/lib/python3.6/site-packages/airflow/example_dags/example_short_circuit_operator.py for tasks to queue
[2023-02-23 20:01:56,667] {logging_mixin.py:104} INFO - [2023-02-23 20:01:56,667] {dagbag.py:496} INFO - Filling up the DagBag from /home/airflow/.local/lib/python3.6/site-packages/airflow/example_dags/example_short_circuit_operator.py
[2023-02-23 20:01:56,677] {scheduler_job.py:643} INFO - DAG(s) dict_keys(['example_short_circuit_operator']) retrieved from /home/airflow/.local/lib/python3.6/site-packages/airflow/example_dags/example_short_circuit_operator.py
[2023-02-23 20:01:56,730] {logging_mixin.py:104} INFO - [2023-02-23 20:01:56,730] {dag.py:1833} INFO - Sync 1 DAGs
[2023-02-23 20:01:56,744] {logging_mixin.py:104} INFO - [2023-02-23 20:01:56,744] {dag.py:2306} INFO - Setting next_dagrun for example_short_circuit_operator to 2023-02-21 00:00:00+00:00
[2023-02-23 20:01:56,753] {scheduler_job.py:190} INFO - Processing /home/airflow/.local/lib/python3.6/site-packages/airflow/example_dags/example_short_circuit_operator.py took 0.089 seconds
[2023-02-23 20:02:27,372] {scheduler_job.py:182} INFO - Started process (PID=2226) to work on /home/airflow/.local/lib/python3.6/site-packages/airflow/example_dags/example_short_circuit_operator.py
[2023-02-23 20:02:27,373] {scheduler_job.py:633} INFO - Processing file /home/airflow/.local/lib/python3.6/site-packages/airflow/example_dags/example_short_circuit_operator.py for tasks to queue
[2023-02-23 20:02:27,373] {logging_mixin.py:104} INFO - [2023-02-23 20:02:27,373] {dagbag.py:496} INFO - Filling up the DagBag from /home/airflow/.local/lib/python3.6/site-packages/airflow/example_dags/example_short_circuit_operator.py
[2023-02-23 20:02:27,383] {scheduler_job.py:643} INFO - DAG(s) dict_keys(['example_short_circuit_operator']) retrieved from /home/airflow/.local/lib/python3.6/site-packages/airflow/example_dags/example_short_circuit_operator.py
[2023-02-23 20:02:27,400] {logging_mixin.py:104} INFO - [2023-02-23 20:02:27,400] {dag.py:1833} INFO - Sync 1 DAGs
[2023-02-23 20:02:27,412] {logging_mixin.py:104} INFO - [2023-02-23 20:02:27,412] {dag.py:2306} INFO - Setting next_dagrun for example_short_circuit_operator to 2023-02-21 00:00:00+00:00
[2023-02-23 20:02:27,419] {scheduler_job.py:190} INFO - Processing /home/airflow/.local/lib/python3.6/site-packages/airflow/example_dags/example_short_circuit_operator.py took 0.049 seconds
[2023-02-23 20:02:58,002] {scheduler_job.py:182} INFO - Started process (PID=2287) to work on /home/airflow/.local/lib/python3.6/site-packages/airflow/example_dags/example_short_circuit_operator.py
[2023-02-23 20:02:58,003] {scheduler_job.py:633} INFO - Processing file /home/airflow/.local/lib/python3.6/site-packages/airflow/example_dags/example_short_circuit_operator.py for tasks to queue
[2023-02-23 20:02:58,003] {logging_mixin.py:104} INFO - [2023-02-23 20:02:58,003] {dagbag.py:496} INFO - Filling up the DagBag from /home/airflow/.local/lib/python3.6/site-packages/airflow/example_dags/example_short_circuit_operator.py
[2023-02-23 20:02:58,013] {scheduler_job.py:643} INFO - DAG(s) dict_keys(['example_short_circuit_operator']) retrieved from /home/airflow/.local/lib/python3.6/site-packages/airflow/example_dags/example_short_circuit_operator.py
[2023-02-23 20:02:58,027] {logging_mixin.py:104} INFO - [2023-02-23 20:02:58,027] {dag.py:1833} INFO - Sync 1 DAGs
[2023-02-23 20:02:58,039] {logging_mixin.py:104} INFO - [2023-02-23 20:02:58,039] {dag.py:2306} INFO - Setting next_dagrun for example_short_circuit_operator to 2023-02-21 00:00:00+00:00
[2023-02-23 20:02:58,046] {scheduler_job.py:190} INFO - Processing /home/airflow/.local/lib/python3.6/site-packages/airflow/example_dags/example_short_circuit_operator.py took 0.046 seconds
[2023-02-23 20:03:28,657] {scheduler_job.py:182} INFO - Started process (PID=2338) to work on /home/airflow/.local/lib/python3.6/site-packages/airflow/example_dags/example_short_circuit_operator.py
[2023-02-23 20:03:28,658] {scheduler_job.py:633} INFO - Processing file /home/airflow/.local/lib/python3.6/site-packages/airflow/example_dags/example_short_circuit_operator.py for tasks to queue
[2023-02-23 20:03:28,658] {logging_mixin.py:104} INFO - [2023-02-23 20:03:28,658] {dagbag.py:496} INFO - Filling up the DagBag from /home/airflow/.local/lib/python3.6/site-packages/airflow/example_dags/example_short_circuit_operator.py
[2023-02-23 20:03:28,668] {scheduler_job.py:643} INFO - DAG(s) dict_keys(['example_short_circuit_operator']) retrieved from /home/airflow/.local/lib/python3.6/site-packages/airflow/example_dags/example_short_circuit_operator.py
[2023-02-23 20:03:28,684] {logging_mixin.py:104} INFO - [2023-02-23 20:03:28,684] {dag.py:1833} INFO - Sync 1 DAGs
[2023-02-23 20:03:28,695] {logging_mixin.py:104} INFO - [2023-02-23 20:03:28,695] {dag.py:2306} INFO - Setting next_dagrun for example_short_circuit_operator to 2023-02-21 00:00:00+00:00
[2023-02-23 20:03:28,704] {scheduler_job.py:190} INFO - Processing /home/airflow/.local/lib/python3.6/site-packages/airflow/example_dags/example_short_circuit_operator.py took 0.049 seconds
[2023-02-23 20:03:59,247] {scheduler_job.py:182} INFO - Started process (PID=2399) to work on /home/airflow/.local/lib/python3.6/site-packages/airflow/example_dags/example_short_circuit_operator.py
[2023-02-23 20:03:59,248] {scheduler_job.py:633} INFO - Processing file /home/airflow/.local/lib/python3.6/site-packages/airflow/example_dags/example_short_circuit_operator.py for tasks to queue
[2023-02-23 20:03:59,249] {logging_mixin.py:104} INFO - [2023-02-23 20:03:59,248] {dagbag.py:496} INFO - Filling up the DagBag from /home/airflow/.local/lib/python3.6/site-packages/airflow/example_dags/example_short_circuit_operator.py
[2023-02-23 20:03:59,258] {scheduler_job.py:643} INFO - DAG(s) dict_keys(['example_short_circuit_operator']) retrieved from /home/airflow/.local/lib/python3.6/site-packages/airflow/example_dags/example_short_circuit_operator.py
[2023-02-23 20:03:59,274] {logging_mixin.py:104} INFO - [2023-02-23 20:03:59,274] {dag.py:1833} INFO - Sync 1 DAGs
[2023-02-23 20:03:59,286] {logging_mixin.py:104} INFO - [2023-02-23 20:03:59,286] {dag.py:2306} INFO - Setting next_dagrun for example_short_circuit_operator to 2023-02-21 00:00:00+00:00
[2023-02-23 20:03:59,294] {scheduler_job.py:190} INFO - Processing /home/airflow/.local/lib/python3.6/site-packages/airflow/example_dags/example_short_circuit_operator.py took 0.049 seconds
[2023-02-23 20:04:29,792] {scheduler_job.py:182} INFO - Started process (PID=2450) to work on /home/airflow/.local/lib/python3.6/site-packages/airflow/example_dags/example_short_circuit_operator.py
[2023-02-23 20:04:29,792] {scheduler_job.py:633} INFO - Processing file /home/airflow/.local/lib/python3.6/site-packages/airflow/example_dags/example_short_circuit_operator.py for tasks to queue
[2023-02-23 20:04:29,793] {logging_mixin.py:104} INFO - [2023-02-23 20:04:29,793] {dagbag.py:496} INFO - Filling up the DagBag from /home/airflow/.local/lib/python3.6/site-packages/airflow/example_dags/example_short_circuit_operator.py
[2023-02-23 20:04:29,803] {scheduler_job.py:643} INFO - DAG(s) dict_keys(['example_short_circuit_operator']) retrieved from /home/airflow/.local/lib/python3.6/site-packages/airflow/example_dags/example_short_circuit_operator.py
[2023-02-23 20:04:29,819] {logging_mixin.py:104} INFO - [2023-02-23 20:04:29,819] {dag.py:1833} INFO - Sync 1 DAGs
[2023-02-23 20:04:29,833] {logging_mixin.py:104} INFO - [2023-02-23 20:04:29,833] {dag.py:2306} INFO - Setting next_dagrun for example_short_circuit_operator to 2023-02-21 00:00:00+00:00
[2023-02-23 20:04:29,840] {scheduler_job.py:190} INFO - Processing /home/airflow/.local/lib/python3.6/site-packages/airflow/example_dags/example_short_circuit_operator.py took 0.051 seconds
