[2023-02-23 12:26:01,176] {scheduler_job.py:182} INFO - Started process (PID=97) to work on /home/airflow/.local/lib/python3.6/site-packages/airflow/example_dags/example_trigger_controller_dag.py
[2023-02-23 12:26:01,177] {scheduler_job.py:633} INFO - Processing file /home/airflow/.local/lib/python3.6/site-packages/airflow/example_dags/example_trigger_controller_dag.py for tasks to queue
[2023-02-23 12:26:01,178] {logging_mixin.py:104} INFO - [2023-02-23 12:26:01,177] {dagbag.py:496} INFO - Filling up the DagBag from /home/airflow/.local/lib/python3.6/site-packages/airflow/example_dags/example_trigger_controller_dag.py
[2023-02-23 12:26:01,189] {scheduler_job.py:643} INFO - DAG(s) dict_keys(['example_trigger_controller_dag']) retrieved from /home/airflow/.local/lib/python3.6/site-packages/airflow/example_dags/example_trigger_controller_dag.py
[2023-02-23 12:26:01,962] {logging_mixin.py:104} INFO - [2023-02-23 12:26:01,962] {dag.py:1833} INFO - Sync 1 DAGs
[2023-02-23 12:26:01,978] {logging_mixin.py:104} INFO - [2023-02-23 12:26:01,978] {dag.py:2306} INFO - Setting next_dagrun for example_trigger_controller_dag to 2023-02-21 00:00:00+00:00
[2023-02-23 12:26:02,058] {scheduler_job.py:190} INFO - Processing /home/airflow/.local/lib/python3.6/site-packages/airflow/example_dags/example_trigger_controller_dag.py took 0.887 seconds
[2023-02-23 16:46:50,295] {scheduler_job.py:182} INFO - Started process (PID=91) to work on /home/airflow/.local/lib/python3.6/site-packages/airflow/example_dags/example_trigger_controller_dag.py
[2023-02-23 16:46:50,296] {scheduler_job.py:633} INFO - Processing file /home/airflow/.local/lib/python3.6/site-packages/airflow/example_dags/example_trigger_controller_dag.py for tasks to queue
[2023-02-23 16:46:50,297] {logging_mixin.py:104} INFO - [2023-02-23 16:46:50,297] {dagbag.py:496} INFO - Filling up the DagBag from /home/airflow/.local/lib/python3.6/site-packages/airflow/example_dags/example_trigger_controller_dag.py
[2023-02-23 16:46:50,308] {scheduler_job.py:643} INFO - DAG(s) dict_keys(['example_trigger_controller_dag']) retrieved from /home/airflow/.local/lib/python3.6/site-packages/airflow/example_dags/example_trigger_controller_dag.py
[2023-02-23 16:46:50,392] {logging_mixin.py:104} INFO - [2023-02-23 16:46:50,392] {dag.py:1833} INFO - Sync 1 DAGs
[2023-02-23 16:46:50,409] {logging_mixin.py:104} INFO - [2023-02-23 16:46:50,409] {dag.py:2306} INFO - Setting next_dagrun for example_trigger_controller_dag to 2023-02-21 00:00:00+00:00
[2023-02-23 16:46:50,476] {scheduler_job.py:190} INFO - Processing /home/airflow/.local/lib/python3.6/site-packages/airflow/example_dags/example_trigger_controller_dag.py took 0.183 seconds
[2023-02-23 16:47:21,079] {scheduler_job.py:182} INFO - Started process (PID=134) to work on /home/airflow/.local/lib/python3.6/site-packages/airflow/example_dags/example_trigger_controller_dag.py
[2023-02-23 16:47:21,080] {scheduler_job.py:633} INFO - Processing file /home/airflow/.local/lib/python3.6/site-packages/airflow/example_dags/example_trigger_controller_dag.py for tasks to queue
[2023-02-23 16:47:21,081] {logging_mixin.py:104} INFO - [2023-02-23 16:47:21,081] {dagbag.py:496} INFO - Filling up the DagBag from /home/airflow/.local/lib/python3.6/site-packages/airflow/example_dags/example_trigger_controller_dag.py
[2023-02-23 16:47:21,089] {scheduler_job.py:643} INFO - DAG(s) dict_keys(['example_trigger_controller_dag']) retrieved from /home/airflow/.local/lib/python3.6/site-packages/airflow/example_dags/example_trigger_controller_dag.py
[2023-02-23 16:47:21,107] {logging_mixin.py:104} INFO - [2023-02-23 16:47:21,107] {dag.py:1833} INFO - Sync 1 DAGs
[2023-02-23 16:47:21,119] {logging_mixin.py:104} INFO - [2023-02-23 16:47:21,119] {dag.py:2306} INFO - Setting next_dagrun for example_trigger_controller_dag to 2023-02-21 00:00:00+00:00
[2023-02-23 16:47:21,126] {scheduler_job.py:190} INFO - Processing /home/airflow/.local/lib/python3.6/site-packages/airflow/example_dags/example_trigger_controller_dag.py took 0.049 seconds
[2023-02-23 16:47:51,596] {scheduler_job.py:182} INFO - Started process (PID=196) to work on /home/airflow/.local/lib/python3.6/site-packages/airflow/example_dags/example_trigger_controller_dag.py
[2023-02-23 16:47:51,597] {scheduler_job.py:633} INFO - Processing file /home/airflow/.local/lib/python3.6/site-packages/airflow/example_dags/example_trigger_controller_dag.py for tasks to queue
[2023-02-23 16:47:51,598] {logging_mixin.py:104} INFO - [2023-02-23 16:47:51,598] {dagbag.py:496} INFO - Filling up the DagBag from /home/airflow/.local/lib/python3.6/site-packages/airflow/example_dags/example_trigger_controller_dag.py
[2023-02-23 16:47:51,608] {scheduler_job.py:643} INFO - DAG(s) dict_keys(['example_trigger_controller_dag']) retrieved from /home/airflow/.local/lib/python3.6/site-packages/airflow/example_dags/example_trigger_controller_dag.py
[2023-02-23 16:47:51,689] {logging_mixin.py:104} INFO - [2023-02-23 16:47:51,689] {dag.py:1833} INFO - Sync 1 DAGs
[2023-02-23 16:47:51,703] {logging_mixin.py:104} INFO - [2023-02-23 16:47:51,703] {dag.py:2306} INFO - Setting next_dagrun for example_trigger_controller_dag to 2023-02-21 00:00:00+00:00
[2023-02-23 16:47:51,712] {scheduler_job.py:190} INFO - Processing /home/airflow/.local/lib/python3.6/site-packages/airflow/example_dags/example_trigger_controller_dag.py took 0.120 seconds
[2023-02-23 16:48:21,778] {scheduler_job.py:182} INFO - Started process (PID=247) to work on /home/airflow/.local/lib/python3.6/site-packages/airflow/example_dags/example_trigger_controller_dag.py
[2023-02-23 16:48:21,779] {scheduler_job.py:633} INFO - Processing file /home/airflow/.local/lib/python3.6/site-packages/airflow/example_dags/example_trigger_controller_dag.py for tasks to queue
[2023-02-23 16:48:21,779] {logging_mixin.py:104} INFO - [2023-02-23 16:48:21,779] {dagbag.py:496} INFO - Filling up the DagBag from /home/airflow/.local/lib/python3.6/site-packages/airflow/example_dags/example_trigger_controller_dag.py
[2023-02-23 16:48:21,788] {scheduler_job.py:643} INFO - DAG(s) dict_keys(['example_trigger_controller_dag']) retrieved from /home/airflow/.local/lib/python3.6/site-packages/airflow/example_dags/example_trigger_controller_dag.py
[2023-02-23 16:48:21,805] {logging_mixin.py:104} INFO - [2023-02-23 16:48:21,805] {dag.py:1833} INFO - Sync 1 DAGs
[2023-02-23 16:48:21,818] {logging_mixin.py:104} INFO - [2023-02-23 16:48:21,817] {dag.py:2306} INFO - Setting next_dagrun for example_trigger_controller_dag to 2023-02-21 00:00:00+00:00
[2023-02-23 16:48:21,825] {scheduler_job.py:190} INFO - Processing /home/airflow/.local/lib/python3.6/site-packages/airflow/example_dags/example_trigger_controller_dag.py took 0.049 seconds
[2023-02-23 16:48:52,479] {scheduler_job.py:182} INFO - Started process (PID=309) to work on /home/airflow/.local/lib/python3.6/site-packages/airflow/example_dags/example_trigger_controller_dag.py
[2023-02-23 16:48:52,480] {scheduler_job.py:633} INFO - Processing file /home/airflow/.local/lib/python3.6/site-packages/airflow/example_dags/example_trigger_controller_dag.py for tasks to queue
[2023-02-23 16:48:52,480] {logging_mixin.py:104} INFO - [2023-02-23 16:48:52,480] {dagbag.py:496} INFO - Filling up the DagBag from /home/airflow/.local/lib/python3.6/site-packages/airflow/example_dags/example_trigger_controller_dag.py
[2023-02-23 16:48:52,488] {scheduler_job.py:643} INFO - DAG(s) dict_keys(['example_trigger_controller_dag']) retrieved from /home/airflow/.local/lib/python3.6/site-packages/airflow/example_dags/example_trigger_controller_dag.py
[2023-02-23 16:48:52,507] {logging_mixin.py:104} INFO - [2023-02-23 16:48:52,507] {dag.py:1833} INFO - Sync 1 DAGs
[2023-02-23 16:48:52,519] {logging_mixin.py:104} INFO - [2023-02-23 16:48:52,519] {dag.py:2306} INFO - Setting next_dagrun for example_trigger_controller_dag to 2023-02-21 00:00:00+00:00
[2023-02-23 16:48:52,529] {scheduler_job.py:190} INFO - Processing /home/airflow/.local/lib/python3.6/site-packages/airflow/example_dags/example_trigger_controller_dag.py took 0.052 seconds
[2023-02-23 16:49:24,404] {scheduler_job.py:182} INFO - Started process (PID=371) to work on /home/airflow/.local/lib/python3.6/site-packages/airflow/example_dags/example_trigger_controller_dag.py
[2023-02-23 16:49:24,405] {scheduler_job.py:633} INFO - Processing file /home/airflow/.local/lib/python3.6/site-packages/airflow/example_dags/example_trigger_controller_dag.py for tasks to queue
[2023-02-23 16:49:24,405] {logging_mixin.py:104} INFO - [2023-02-23 16:49:24,405] {dagbag.py:496} INFO - Filling up the DagBag from /home/airflow/.local/lib/python3.6/site-packages/airflow/example_dags/example_trigger_controller_dag.py
[2023-02-23 16:49:24,413] {scheduler_job.py:643} INFO - DAG(s) dict_keys(['example_trigger_controller_dag']) retrieved from /home/airflow/.local/lib/python3.6/site-packages/airflow/example_dags/example_trigger_controller_dag.py
[2023-02-23 16:49:24,486] {logging_mixin.py:104} INFO - [2023-02-23 16:49:24,486] {dag.py:1833} INFO - Sync 1 DAGs
[2023-02-23 16:49:24,500] {logging_mixin.py:104} INFO - [2023-02-23 16:49:24,500] {dag.py:2306} INFO - Setting next_dagrun for example_trigger_controller_dag to 2023-02-21 00:00:00+00:00
[2023-02-23 16:49:24,509] {scheduler_job.py:190} INFO - Processing /home/airflow/.local/lib/python3.6/site-packages/airflow/example_dags/example_trigger_controller_dag.py took 0.108 seconds
[2023-02-23 16:49:54,897] {scheduler_job.py:182} INFO - Started process (PID=413) to work on /home/airflow/.local/lib/python3.6/site-packages/airflow/example_dags/example_trigger_controller_dag.py
[2023-02-23 16:49:54,898] {scheduler_job.py:633} INFO - Processing file /home/airflow/.local/lib/python3.6/site-packages/airflow/example_dags/example_trigger_controller_dag.py for tasks to queue
[2023-02-23 16:49:54,899] {logging_mixin.py:104} INFO - [2023-02-23 16:49:54,899] {dagbag.py:496} INFO - Filling up the DagBag from /home/airflow/.local/lib/python3.6/site-packages/airflow/example_dags/example_trigger_controller_dag.py
[2023-02-23 16:49:54,907] {scheduler_job.py:643} INFO - DAG(s) dict_keys(['example_trigger_controller_dag']) retrieved from /home/airflow/.local/lib/python3.6/site-packages/airflow/example_dags/example_trigger_controller_dag.py
[2023-02-23 16:49:54,926] {logging_mixin.py:104} INFO - [2023-02-23 16:49:54,926] {dag.py:1833} INFO - Sync 1 DAGs
[2023-02-23 16:49:54,939] {logging_mixin.py:104} INFO - [2023-02-23 16:49:54,938] {dag.py:2306} INFO - Setting next_dagrun for example_trigger_controller_dag to 2023-02-21 00:00:00+00:00
[2023-02-23 16:49:54,946] {scheduler_job.py:190} INFO - Processing /home/airflow/.local/lib/python3.6/site-packages/airflow/example_dags/example_trigger_controller_dag.py took 0.052 seconds
[2023-02-23 16:50:25,807] {scheduler_job.py:182} INFO - Started process (PID=475) to work on /home/airflow/.local/lib/python3.6/site-packages/airflow/example_dags/example_trigger_controller_dag.py
[2023-02-23 16:50:25,808] {scheduler_job.py:633} INFO - Processing file /home/airflow/.local/lib/python3.6/site-packages/airflow/example_dags/example_trigger_controller_dag.py for tasks to queue
[2023-02-23 16:50:25,809] {logging_mixin.py:104} INFO - [2023-02-23 16:50:25,809] {dagbag.py:496} INFO - Filling up the DagBag from /home/airflow/.local/lib/python3.6/site-packages/airflow/example_dags/example_trigger_controller_dag.py
[2023-02-23 16:50:25,818] {scheduler_job.py:643} INFO - DAG(s) dict_keys(['example_trigger_controller_dag']) retrieved from /home/airflow/.local/lib/python3.6/site-packages/airflow/example_dags/example_trigger_controller_dag.py
[2023-02-23 16:50:25,837] {logging_mixin.py:104} INFO - [2023-02-23 16:50:25,837] {dag.py:1833} INFO - Sync 1 DAGs
[2023-02-23 16:50:25,853] {logging_mixin.py:104} INFO - [2023-02-23 16:50:25,853] {dag.py:2306} INFO - Setting next_dagrun for example_trigger_controller_dag to 2023-02-21 00:00:00+00:00
[2023-02-23 16:50:25,861] {scheduler_job.py:190} INFO - Processing /home/airflow/.local/lib/python3.6/site-packages/airflow/example_dags/example_trigger_controller_dag.py took 0.056 seconds
[2023-02-23 16:50:56,598] {scheduler_job.py:182} INFO - Started process (PID=527) to work on /home/airflow/.local/lib/python3.6/site-packages/airflow/example_dags/example_trigger_controller_dag.py
[2023-02-23 16:50:56,598] {scheduler_job.py:633} INFO - Processing file /home/airflow/.local/lib/python3.6/site-packages/airflow/example_dags/example_trigger_controller_dag.py for tasks to queue
[2023-02-23 16:50:56,599] {logging_mixin.py:104} INFO - [2023-02-23 16:50:56,599] {dagbag.py:496} INFO - Filling up the DagBag from /home/airflow/.local/lib/python3.6/site-packages/airflow/example_dags/example_trigger_controller_dag.py
[2023-02-23 16:50:56,608] {scheduler_job.py:643} INFO - DAG(s) dict_keys(['example_trigger_controller_dag']) retrieved from /home/airflow/.local/lib/python3.6/site-packages/airflow/example_dags/example_trigger_controller_dag.py
[2023-02-23 16:50:56,624] {logging_mixin.py:104} INFO - [2023-02-23 16:50:56,624] {dag.py:1833} INFO - Sync 1 DAGs
[2023-02-23 16:50:56,637] {logging_mixin.py:104} INFO - [2023-02-23 16:50:56,636] {dag.py:2306} INFO - Setting next_dagrun for example_trigger_controller_dag to 2023-02-21 00:00:00+00:00
[2023-02-23 16:50:56,672] {scheduler_job.py:190} INFO - Processing /home/airflow/.local/lib/python3.6/site-packages/airflow/example_dags/example_trigger_controller_dag.py took 0.076 seconds
[2023-02-23 16:51:26,697] {scheduler_job.py:182} INFO - Started process (PID=589) to work on /home/airflow/.local/lib/python3.6/site-packages/airflow/example_dags/example_trigger_controller_dag.py
[2023-02-23 16:51:26,698] {scheduler_job.py:633} INFO - Processing file /home/airflow/.local/lib/python3.6/site-packages/airflow/example_dags/example_trigger_controller_dag.py for tasks to queue
[2023-02-23 16:51:26,699] {logging_mixin.py:104} INFO - [2023-02-23 16:51:26,699] {dagbag.py:496} INFO - Filling up the DagBag from /home/airflow/.local/lib/python3.6/site-packages/airflow/example_dags/example_trigger_controller_dag.py
[2023-02-23 16:51:26,706] {scheduler_job.py:643} INFO - DAG(s) dict_keys(['example_trigger_controller_dag']) retrieved from /home/airflow/.local/lib/python3.6/site-packages/airflow/example_dags/example_trigger_controller_dag.py
[2023-02-23 16:51:26,723] {logging_mixin.py:104} INFO - [2023-02-23 16:51:26,723] {dag.py:1833} INFO - Sync 1 DAGs
[2023-02-23 16:51:26,736] {logging_mixin.py:104} INFO - [2023-02-23 16:51:26,736] {dag.py:2306} INFO - Setting next_dagrun for example_trigger_controller_dag to 2023-02-21 00:00:00+00:00
[2023-02-23 16:51:26,744] {scheduler_job.py:190} INFO - Processing /home/airflow/.local/lib/python3.6/site-packages/airflow/example_dags/example_trigger_controller_dag.py took 0.049 seconds
[2023-02-23 16:51:57,494] {scheduler_job.py:182} INFO - Started process (PID=641) to work on /home/airflow/.local/lib/python3.6/site-packages/airflow/example_dags/example_trigger_controller_dag.py
[2023-02-23 16:51:57,495] {scheduler_job.py:633} INFO - Processing file /home/airflow/.local/lib/python3.6/site-packages/airflow/example_dags/example_trigger_controller_dag.py for tasks to queue
[2023-02-23 16:51:57,496] {logging_mixin.py:104} INFO - [2023-02-23 16:51:57,495] {dagbag.py:496} INFO - Filling up the DagBag from /home/airflow/.local/lib/python3.6/site-packages/airflow/example_dags/example_trigger_controller_dag.py
[2023-02-23 16:51:57,504] {scheduler_job.py:643} INFO - DAG(s) dict_keys(['example_trigger_controller_dag']) retrieved from /home/airflow/.local/lib/python3.6/site-packages/airflow/example_dags/example_trigger_controller_dag.py
[2023-02-23 16:51:57,522] {logging_mixin.py:104} INFO - [2023-02-23 16:51:57,522] {dag.py:1833} INFO - Sync 1 DAGs
[2023-02-23 16:51:57,535] {logging_mixin.py:104} INFO - [2023-02-23 16:51:57,535] {dag.py:2306} INFO - Setting next_dagrun for example_trigger_controller_dag to 2023-02-21 00:00:00+00:00
[2023-02-23 16:51:57,543] {scheduler_job.py:190} INFO - Processing /home/airflow/.local/lib/python3.6/site-packages/airflow/example_dags/example_trigger_controller_dag.py took 0.051 seconds
[2023-02-23 16:52:28,248] {scheduler_job.py:182} INFO - Started process (PID=703) to work on /home/airflow/.local/lib/python3.6/site-packages/airflow/example_dags/example_trigger_controller_dag.py
[2023-02-23 16:52:28,249] {scheduler_job.py:633} INFO - Processing file /home/airflow/.local/lib/python3.6/site-packages/airflow/example_dags/example_trigger_controller_dag.py for tasks to queue
[2023-02-23 16:52:28,250] {logging_mixin.py:104} INFO - [2023-02-23 16:52:28,250] {dagbag.py:496} INFO - Filling up the DagBag from /home/airflow/.local/lib/python3.6/site-packages/airflow/example_dags/example_trigger_controller_dag.py
[2023-02-23 16:52:28,259] {scheduler_job.py:643} INFO - DAG(s) dict_keys(['example_trigger_controller_dag']) retrieved from /home/airflow/.local/lib/python3.6/site-packages/airflow/example_dags/example_trigger_controller_dag.py
[2023-02-23 16:52:28,277] {logging_mixin.py:104} INFO - [2023-02-23 16:52:28,277] {dag.py:1833} INFO - Sync 1 DAGs
[2023-02-23 16:52:28,291] {logging_mixin.py:104} INFO - [2023-02-23 16:52:28,291] {dag.py:2306} INFO - Setting next_dagrun for example_trigger_controller_dag to 2023-02-21 00:00:00+00:00
[2023-02-23 16:52:28,298] {scheduler_job.py:190} INFO - Processing /home/airflow/.local/lib/python3.6/site-packages/airflow/example_dags/example_trigger_controller_dag.py took 0.052 seconds
[2023-02-23 16:52:59,185] {scheduler_job.py:182} INFO - Started process (PID=755) to work on /home/airflow/.local/lib/python3.6/site-packages/airflow/example_dags/example_trigger_controller_dag.py
[2023-02-23 16:52:59,186] {scheduler_job.py:633} INFO - Processing file /home/airflow/.local/lib/python3.6/site-packages/airflow/example_dags/example_trigger_controller_dag.py for tasks to queue
[2023-02-23 16:52:59,187] {logging_mixin.py:104} INFO - [2023-02-23 16:52:59,187] {dagbag.py:496} INFO - Filling up the DagBag from /home/airflow/.local/lib/python3.6/site-packages/airflow/example_dags/example_trigger_controller_dag.py
[2023-02-23 16:52:59,197] {scheduler_job.py:643} INFO - DAG(s) dict_keys(['example_trigger_controller_dag']) retrieved from /home/airflow/.local/lib/python3.6/site-packages/airflow/example_dags/example_trigger_controller_dag.py
[2023-02-23 16:52:59,217] {logging_mixin.py:104} INFO - [2023-02-23 16:52:59,217] {dag.py:1833} INFO - Sync 1 DAGs
[2023-02-23 16:52:59,281] {logging_mixin.py:104} INFO - [2023-02-23 16:52:59,281] {dag.py:2306} INFO - Setting next_dagrun for example_trigger_controller_dag to 2023-02-21 00:00:00+00:00
[2023-02-23 16:52:59,289] {scheduler_job.py:190} INFO - Processing /home/airflow/.local/lib/python3.6/site-packages/airflow/example_dags/example_trigger_controller_dag.py took 0.106 seconds
[2023-02-23 16:53:29,308] {scheduler_job.py:182} INFO - Started process (PID=815) to work on /home/airflow/.local/lib/python3.6/site-packages/airflow/example_dags/example_trigger_controller_dag.py
[2023-02-23 16:53:29,309] {scheduler_job.py:633} INFO - Processing file /home/airflow/.local/lib/python3.6/site-packages/airflow/example_dags/example_trigger_controller_dag.py for tasks to queue
[2023-02-23 16:53:29,309] {logging_mixin.py:104} INFO - [2023-02-23 16:53:29,309] {dagbag.py:496} INFO - Filling up the DagBag from /home/airflow/.local/lib/python3.6/site-packages/airflow/example_dags/example_trigger_controller_dag.py
[2023-02-23 16:53:29,318] {scheduler_job.py:643} INFO - DAG(s) dict_keys(['example_trigger_controller_dag']) retrieved from /home/airflow/.local/lib/python3.6/site-packages/airflow/example_dags/example_trigger_controller_dag.py
[2023-02-23 16:53:29,335] {logging_mixin.py:104} INFO - [2023-02-23 16:53:29,335] {dag.py:1833} INFO - Sync 1 DAGs
[2023-02-23 16:53:29,348] {logging_mixin.py:104} INFO - [2023-02-23 16:53:29,348] {dag.py:2306} INFO - Setting next_dagrun for example_trigger_controller_dag to 2023-02-21 00:00:00+00:00
[2023-02-23 16:53:29,356] {scheduler_job.py:190} INFO - Processing /home/airflow/.local/lib/python3.6/site-packages/airflow/example_dags/example_trigger_controller_dag.py took 0.050 seconds
[2023-02-23 16:54:00,110] {scheduler_job.py:182} INFO - Started process (PID=871) to work on /home/airflow/.local/lib/python3.6/site-packages/airflow/example_dags/example_trigger_controller_dag.py
[2023-02-23 16:54:00,111] {scheduler_job.py:633} INFO - Processing file /home/airflow/.local/lib/python3.6/site-packages/airflow/example_dags/example_trigger_controller_dag.py for tasks to queue
[2023-02-23 16:54:00,112] {logging_mixin.py:104} INFO - [2023-02-23 16:54:00,112] {dagbag.py:496} INFO - Filling up the DagBag from /home/airflow/.local/lib/python3.6/site-packages/airflow/example_dags/example_trigger_controller_dag.py
[2023-02-23 16:54:00,120] {scheduler_job.py:643} INFO - DAG(s) dict_keys(['example_trigger_controller_dag']) retrieved from /home/airflow/.local/lib/python3.6/site-packages/airflow/example_dags/example_trigger_controller_dag.py
[2023-02-23 16:54:00,143] {logging_mixin.py:104} INFO - [2023-02-23 16:54:00,142] {dag.py:1833} INFO - Sync 1 DAGs
[2023-02-23 16:54:00,172] {logging_mixin.py:104} INFO - [2023-02-23 16:54:00,172] {dag.py:2306} INFO - Setting next_dagrun for example_trigger_controller_dag to 2023-02-21 00:00:00+00:00
[2023-02-23 16:54:00,180] {scheduler_job.py:190} INFO - Processing /home/airflow/.local/lib/python3.6/site-packages/airflow/example_dags/example_trigger_controller_dag.py took 0.073 seconds
[2023-02-23 16:54:30,779] {scheduler_job.py:182} INFO - Started process (PID=933) to work on /home/airflow/.local/lib/python3.6/site-packages/airflow/example_dags/example_trigger_controller_dag.py
[2023-02-23 16:54:30,780] {scheduler_job.py:633} INFO - Processing file /home/airflow/.local/lib/python3.6/site-packages/airflow/example_dags/example_trigger_controller_dag.py for tasks to queue
[2023-02-23 16:54:30,780] {logging_mixin.py:104} INFO - [2023-02-23 16:54:30,780] {dagbag.py:496} INFO - Filling up the DagBag from /home/airflow/.local/lib/python3.6/site-packages/airflow/example_dags/example_trigger_controller_dag.py
[2023-02-23 16:54:30,788] {scheduler_job.py:643} INFO - DAG(s) dict_keys(['example_trigger_controller_dag']) retrieved from /home/airflow/.local/lib/python3.6/site-packages/airflow/example_dags/example_trigger_controller_dag.py
[2023-02-23 16:54:30,808] {logging_mixin.py:104} INFO - [2023-02-23 16:54:30,808] {dag.py:1833} INFO - Sync 1 DAGs
[2023-02-23 16:54:30,822] {logging_mixin.py:104} INFO - [2023-02-23 16:54:30,822] {dag.py:2306} INFO - Setting next_dagrun for example_trigger_controller_dag to 2023-02-21 00:00:00+00:00
[2023-02-23 16:54:30,830] {scheduler_job.py:190} INFO - Processing /home/airflow/.local/lib/python3.6/site-packages/airflow/example_dags/example_trigger_controller_dag.py took 0.054 seconds
[2023-02-23 16:55:03,476] {scheduler_job.py:182} INFO - Started process (PID=985) to work on /home/airflow/.local/lib/python3.6/site-packages/airflow/example_dags/example_trigger_controller_dag.py
[2023-02-23 16:55:03,477] {scheduler_job.py:633} INFO - Processing file /home/airflow/.local/lib/python3.6/site-packages/airflow/example_dags/example_trigger_controller_dag.py for tasks to queue
[2023-02-23 16:55:03,478] {logging_mixin.py:104} INFO - [2023-02-23 16:55:03,478] {dagbag.py:496} INFO - Filling up the DagBag from /home/airflow/.local/lib/python3.6/site-packages/airflow/example_dags/example_trigger_controller_dag.py
[2023-02-23 16:55:03,488] {scheduler_job.py:643} INFO - DAG(s) dict_keys(['example_trigger_controller_dag']) retrieved from /home/airflow/.local/lib/python3.6/site-packages/airflow/example_dags/example_trigger_controller_dag.py
[2023-02-23 16:55:03,587] {logging_mixin.py:104} INFO - [2023-02-23 16:55:03,587] {dag.py:1833} INFO - Sync 1 DAGs
[2023-02-23 16:55:03,777] {logging_mixin.py:104} INFO - [2023-02-23 16:55:03,777] {dag.py:2306} INFO - Setting next_dagrun for example_trigger_controller_dag to 2023-02-21 00:00:00+00:00
[2023-02-23 16:55:03,873] {scheduler_job.py:190} INFO - Processing /home/airflow/.local/lib/python3.6/site-packages/airflow/example_dags/example_trigger_controller_dag.py took 0.400 seconds
[2023-02-23 16:55:34,719] {scheduler_job.py:182} INFO - Started process (PID=1044) to work on /home/airflow/.local/lib/python3.6/site-packages/airflow/example_dags/example_trigger_controller_dag.py
[2023-02-23 16:55:34,720] {scheduler_job.py:633} INFO - Processing file /home/airflow/.local/lib/python3.6/site-packages/airflow/example_dags/example_trigger_controller_dag.py for tasks to queue
[2023-02-23 16:55:34,721] {logging_mixin.py:104} INFO - [2023-02-23 16:55:34,720] {dagbag.py:496} INFO - Filling up the DagBag from /home/airflow/.local/lib/python3.6/site-packages/airflow/example_dags/example_trigger_controller_dag.py
[2023-02-23 16:55:34,729] {scheduler_job.py:643} INFO - DAG(s) dict_keys(['example_trigger_controller_dag']) retrieved from /home/airflow/.local/lib/python3.6/site-packages/airflow/example_dags/example_trigger_controller_dag.py
[2023-02-23 16:55:34,746] {logging_mixin.py:104} INFO - [2023-02-23 16:55:34,746] {dag.py:1833} INFO - Sync 1 DAGs
[2023-02-23 16:55:34,759] {logging_mixin.py:104} INFO - [2023-02-23 16:55:34,759] {dag.py:2306} INFO - Setting next_dagrun for example_trigger_controller_dag to 2023-02-21 00:00:00+00:00
[2023-02-23 16:55:34,767] {scheduler_job.py:190} INFO - Processing /home/airflow/.local/lib/python3.6/site-packages/airflow/example_dags/example_trigger_controller_dag.py took 0.050 seconds
[2023-02-23 16:56:05,032] {scheduler_job.py:182} INFO - Started process (PID=1099) to work on /home/airflow/.local/lib/python3.6/site-packages/airflow/example_dags/example_trigger_controller_dag.py
[2023-02-23 16:56:05,032] {scheduler_job.py:633} INFO - Processing file /home/airflow/.local/lib/python3.6/site-packages/airflow/example_dags/example_trigger_controller_dag.py for tasks to queue
[2023-02-23 16:56:05,033] {logging_mixin.py:104} INFO - [2023-02-23 16:56:05,033] {dagbag.py:496} INFO - Filling up the DagBag from /home/airflow/.local/lib/python3.6/site-packages/airflow/example_dags/example_trigger_controller_dag.py
[2023-02-23 16:56:05,041] {scheduler_job.py:643} INFO - DAG(s) dict_keys(['example_trigger_controller_dag']) retrieved from /home/airflow/.local/lib/python3.6/site-packages/airflow/example_dags/example_trigger_controller_dag.py
[2023-02-23 16:56:05,061] {logging_mixin.py:104} INFO - [2023-02-23 16:56:05,061] {dag.py:1833} INFO - Sync 1 DAGs
[2023-02-23 16:56:05,074] {logging_mixin.py:104} INFO - [2023-02-23 16:56:05,074] {dag.py:2306} INFO - Setting next_dagrun for example_trigger_controller_dag to 2023-02-21 00:00:00+00:00
[2023-02-23 16:56:05,083] {scheduler_job.py:190} INFO - Processing /home/airflow/.local/lib/python3.6/site-packages/airflow/example_dags/example_trigger_controller_dag.py took 0.054 seconds
[2023-02-23 16:56:35,535] {scheduler_job.py:182} INFO - Started process (PID=1151) to work on /home/airflow/.local/lib/python3.6/site-packages/airflow/example_dags/example_trigger_controller_dag.py
[2023-02-23 16:56:35,536] {scheduler_job.py:633} INFO - Processing file /home/airflow/.local/lib/python3.6/site-packages/airflow/example_dags/example_trigger_controller_dag.py for tasks to queue
[2023-02-23 16:56:35,536] {logging_mixin.py:104} INFO - [2023-02-23 16:56:35,536] {dagbag.py:496} INFO - Filling up the DagBag from /home/airflow/.local/lib/python3.6/site-packages/airflow/example_dags/example_trigger_controller_dag.py
[2023-02-23 16:56:35,545] {scheduler_job.py:643} INFO - DAG(s) dict_keys(['example_trigger_controller_dag']) retrieved from /home/airflow/.local/lib/python3.6/site-packages/airflow/example_dags/example_trigger_controller_dag.py
[2023-02-23 16:56:35,563] {logging_mixin.py:104} INFO - [2023-02-23 16:56:35,563] {dag.py:1833} INFO - Sync 1 DAGs
[2023-02-23 16:56:35,575] {logging_mixin.py:104} INFO - [2023-02-23 16:56:35,575] {dag.py:2306} INFO - Setting next_dagrun for example_trigger_controller_dag to 2023-02-21 00:00:00+00:00
[2023-02-23 16:56:35,584] {scheduler_job.py:190} INFO - Processing /home/airflow/.local/lib/python3.6/site-packages/airflow/example_dags/example_trigger_controller_dag.py took 0.051 seconds
[2023-02-23 16:57:05,888] {scheduler_job.py:182} INFO - Started process (PID=1212) to work on /home/airflow/.local/lib/python3.6/site-packages/airflow/example_dags/example_trigger_controller_dag.py
[2023-02-23 16:57:05,889] {scheduler_job.py:633} INFO - Processing file /home/airflow/.local/lib/python3.6/site-packages/airflow/example_dags/example_trigger_controller_dag.py for tasks to queue
[2023-02-23 16:57:05,890] {logging_mixin.py:104} INFO - [2023-02-23 16:57:05,890] {dagbag.py:496} INFO - Filling up the DagBag from /home/airflow/.local/lib/python3.6/site-packages/airflow/example_dags/example_trigger_controller_dag.py
[2023-02-23 16:57:05,976] {scheduler_job.py:643} INFO - DAG(s) dict_keys(['example_trigger_controller_dag']) retrieved from /home/airflow/.local/lib/python3.6/site-packages/airflow/example_dags/example_trigger_controller_dag.py
[2023-02-23 16:57:05,997] {logging_mixin.py:104} INFO - [2023-02-23 16:57:05,997] {dag.py:1833} INFO - Sync 1 DAGs
[2023-02-23 16:57:06,013] {logging_mixin.py:104} INFO - [2023-02-23 16:57:06,013] {dag.py:2306} INFO - Setting next_dagrun for example_trigger_controller_dag to 2023-02-21 00:00:00+00:00
[2023-02-23 16:57:06,022] {scheduler_job.py:190} INFO - Processing /home/airflow/.local/lib/python3.6/site-packages/airflow/example_dags/example_trigger_controller_dag.py took 0.139 seconds
[2023-02-23 16:57:36,932] {scheduler_job.py:182} INFO - Started process (PID=1264) to work on /home/airflow/.local/lib/python3.6/site-packages/airflow/example_dags/example_trigger_controller_dag.py
[2023-02-23 16:57:36,934] {scheduler_job.py:633} INFO - Processing file /home/airflow/.local/lib/python3.6/site-packages/airflow/example_dags/example_trigger_controller_dag.py for tasks to queue
[2023-02-23 16:57:36,935] {logging_mixin.py:104} INFO - [2023-02-23 16:57:36,934] {dagbag.py:496} INFO - Filling up the DagBag from /home/airflow/.local/lib/python3.6/site-packages/airflow/example_dags/example_trigger_controller_dag.py
[2023-02-23 16:57:36,945] {scheduler_job.py:643} INFO - DAG(s) dict_keys(['example_trigger_controller_dag']) retrieved from /home/airflow/.local/lib/python3.6/site-packages/airflow/example_dags/example_trigger_controller_dag.py
[2023-02-23 16:57:37,000] {logging_mixin.py:104} INFO - [2023-02-23 16:57:36,999] {dag.py:1833} INFO - Sync 1 DAGs
[2023-02-23 16:57:37,022] {logging_mixin.py:104} INFO - [2023-02-23 16:57:37,021] {dag.py:2306} INFO - Setting next_dagrun for example_trigger_controller_dag to 2023-02-21 00:00:00+00:00
[2023-02-23 16:57:37,034] {scheduler_job.py:190} INFO - Processing /home/airflow/.local/lib/python3.6/site-packages/airflow/example_dags/example_trigger_controller_dag.py took 0.104 seconds
[2023-02-23 16:58:07,936] {scheduler_job.py:182} INFO - Started process (PID=1326) to work on /home/airflow/.local/lib/python3.6/site-packages/airflow/example_dags/example_trigger_controller_dag.py
[2023-02-23 16:58:07,936] {scheduler_job.py:633} INFO - Processing file /home/airflow/.local/lib/python3.6/site-packages/airflow/example_dags/example_trigger_controller_dag.py for tasks to queue
[2023-02-23 16:58:07,937] {logging_mixin.py:104} INFO - [2023-02-23 16:58:07,937] {dagbag.py:496} INFO - Filling up the DagBag from /home/airflow/.local/lib/python3.6/site-packages/airflow/example_dags/example_trigger_controller_dag.py
[2023-02-23 16:58:07,946] {scheduler_job.py:643} INFO - DAG(s) dict_keys(['example_trigger_controller_dag']) retrieved from /home/airflow/.local/lib/python3.6/site-packages/airflow/example_dags/example_trigger_controller_dag.py
[2023-02-23 16:58:07,966] {logging_mixin.py:104} INFO - [2023-02-23 16:58:07,966] {dag.py:1833} INFO - Sync 1 DAGs
[2023-02-23 16:58:07,983] {logging_mixin.py:104} INFO - [2023-02-23 16:58:07,983] {dag.py:2306} INFO - Setting next_dagrun for example_trigger_controller_dag to 2023-02-21 00:00:00+00:00
[2023-02-23 16:58:07,991] {scheduler_job.py:190} INFO - Processing /home/airflow/.local/lib/python3.6/site-packages/airflow/example_dags/example_trigger_controller_dag.py took 0.058 seconds
[2023-02-23 16:58:38,086] {scheduler_job.py:182} INFO - Started process (PID=1378) to work on /home/airflow/.local/lib/python3.6/site-packages/airflow/example_dags/example_trigger_controller_dag.py
[2023-02-23 16:58:38,087] {scheduler_job.py:633} INFO - Processing file /home/airflow/.local/lib/python3.6/site-packages/airflow/example_dags/example_trigger_controller_dag.py for tasks to queue
[2023-02-23 16:58:38,088] {logging_mixin.py:104} INFO - [2023-02-23 16:58:38,087] {dagbag.py:496} INFO - Filling up the DagBag from /home/airflow/.local/lib/python3.6/site-packages/airflow/example_dags/example_trigger_controller_dag.py
[2023-02-23 16:58:38,098] {scheduler_job.py:643} INFO - DAG(s) dict_keys(['example_trigger_controller_dag']) retrieved from /home/airflow/.local/lib/python3.6/site-packages/airflow/example_dags/example_trigger_controller_dag.py
[2023-02-23 16:58:38,121] {logging_mixin.py:104} INFO - [2023-02-23 16:58:38,121] {dag.py:1833} INFO - Sync 1 DAGs
[2023-02-23 16:58:38,139] {logging_mixin.py:104} INFO - [2023-02-23 16:58:38,138] {dag.py:2306} INFO - Setting next_dagrun for example_trigger_controller_dag to 2023-02-21 00:00:00+00:00
[2023-02-23 16:58:38,146] {scheduler_job.py:190} INFO - Processing /home/airflow/.local/lib/python3.6/site-packages/airflow/example_dags/example_trigger_controller_dag.py took 0.062 seconds
[2023-02-23 16:59:08,517] {scheduler_job.py:182} INFO - Started process (PID=1440) to work on /home/airflow/.local/lib/python3.6/site-packages/airflow/example_dags/example_trigger_controller_dag.py
[2023-02-23 16:59:08,520] {scheduler_job.py:633} INFO - Processing file /home/airflow/.local/lib/python3.6/site-packages/airflow/example_dags/example_trigger_controller_dag.py for tasks to queue
[2023-02-23 16:59:08,521] {logging_mixin.py:104} INFO - [2023-02-23 16:59:08,521] {dagbag.py:496} INFO - Filling up the DagBag from /home/airflow/.local/lib/python3.6/site-packages/airflow/example_dags/example_trigger_controller_dag.py
[2023-02-23 16:59:08,530] {scheduler_job.py:643} INFO - DAG(s) dict_keys(['example_trigger_controller_dag']) retrieved from /home/airflow/.local/lib/python3.6/site-packages/airflow/example_dags/example_trigger_controller_dag.py
[2023-02-23 16:59:08,548] {logging_mixin.py:104} INFO - [2023-02-23 16:59:08,548] {dag.py:1833} INFO - Sync 1 DAGs
[2023-02-23 16:59:08,584] {logging_mixin.py:104} INFO - [2023-02-23 16:59:08,584] {dag.py:2306} INFO - Setting next_dagrun for example_trigger_controller_dag to 2023-02-21 00:00:00+00:00
[2023-02-23 16:59:08,594] {scheduler_job.py:190} INFO - Processing /home/airflow/.local/lib/python3.6/site-packages/airflow/example_dags/example_trigger_controller_dag.py took 0.080 seconds
[2023-02-23 16:59:39,439] {scheduler_job.py:182} INFO - Started process (PID=1493) to work on /home/airflow/.local/lib/python3.6/site-packages/airflow/example_dags/example_trigger_controller_dag.py
[2023-02-23 16:59:39,440] {scheduler_job.py:633} INFO - Processing file /home/airflow/.local/lib/python3.6/site-packages/airflow/example_dags/example_trigger_controller_dag.py for tasks to queue
[2023-02-23 16:59:39,441] {logging_mixin.py:104} INFO - [2023-02-23 16:59:39,440] {dagbag.py:496} INFO - Filling up the DagBag from /home/airflow/.local/lib/python3.6/site-packages/airflow/example_dags/example_trigger_controller_dag.py
[2023-02-23 16:59:39,449] {scheduler_job.py:643} INFO - DAG(s) dict_keys(['example_trigger_controller_dag']) retrieved from /home/airflow/.local/lib/python3.6/site-packages/airflow/example_dags/example_trigger_controller_dag.py
[2023-02-23 16:59:39,472] {logging_mixin.py:104} INFO - [2023-02-23 16:59:39,471] {dag.py:1833} INFO - Sync 1 DAGs
[2023-02-23 16:59:39,484] {logging_mixin.py:104} INFO - [2023-02-23 16:59:39,484] {dag.py:2306} INFO - Setting next_dagrun for example_trigger_controller_dag to 2023-02-21 00:00:00+00:00
[2023-02-23 16:59:39,491] {scheduler_job.py:190} INFO - Processing /home/airflow/.local/lib/python3.6/site-packages/airflow/example_dags/example_trigger_controller_dag.py took 0.055 seconds
[2023-02-23 17:00:09,603] {scheduler_job.py:182} INFO - Started process (PID=1556) to work on /home/airflow/.local/lib/python3.6/site-packages/airflow/example_dags/example_trigger_controller_dag.py
[2023-02-23 17:00:09,604] {scheduler_job.py:633} INFO - Processing file /home/airflow/.local/lib/python3.6/site-packages/airflow/example_dags/example_trigger_controller_dag.py for tasks to queue
[2023-02-23 17:00:09,605] {logging_mixin.py:104} INFO - [2023-02-23 17:00:09,605] {dagbag.py:496} INFO - Filling up the DagBag from /home/airflow/.local/lib/python3.6/site-packages/airflow/example_dags/example_trigger_controller_dag.py
[2023-02-23 17:00:09,614] {scheduler_job.py:643} INFO - DAG(s) dict_keys(['example_trigger_controller_dag']) retrieved from /home/airflow/.local/lib/python3.6/site-packages/airflow/example_dags/example_trigger_controller_dag.py
[2023-02-23 17:00:09,683] {logging_mixin.py:104} INFO - [2023-02-23 17:00:09,683] {dag.py:1833} INFO - Sync 1 DAGs
[2023-02-23 17:00:09,699] {logging_mixin.py:104} INFO - [2023-02-23 17:00:09,698] {dag.py:2306} INFO - Setting next_dagrun for example_trigger_controller_dag to 2023-02-21 00:00:00+00:00
[2023-02-23 17:00:09,707] {scheduler_job.py:190} INFO - Processing /home/airflow/.local/lib/python3.6/site-packages/airflow/example_dags/example_trigger_controller_dag.py took 0.106 seconds
[2023-02-23 17:00:40,026] {scheduler_job.py:182} INFO - Started process (PID=1608) to work on /home/airflow/.local/lib/python3.6/site-packages/airflow/example_dags/example_trigger_controller_dag.py
[2023-02-23 17:00:40,027] {scheduler_job.py:633} INFO - Processing file /home/airflow/.local/lib/python3.6/site-packages/airflow/example_dags/example_trigger_controller_dag.py for tasks to queue
[2023-02-23 17:00:40,027] {logging_mixin.py:104} INFO - [2023-02-23 17:00:40,027] {dagbag.py:496} INFO - Filling up the DagBag from /home/airflow/.local/lib/python3.6/site-packages/airflow/example_dags/example_trigger_controller_dag.py
[2023-02-23 17:00:40,036] {scheduler_job.py:643} INFO - DAG(s) dict_keys(['example_trigger_controller_dag']) retrieved from /home/airflow/.local/lib/python3.6/site-packages/airflow/example_dags/example_trigger_controller_dag.py
[2023-02-23 17:00:40,089] {logging_mixin.py:104} INFO - [2023-02-23 17:00:40,089] {dag.py:1833} INFO - Sync 1 DAGs
[2023-02-23 17:00:40,107] {logging_mixin.py:104} INFO - [2023-02-23 17:00:40,107] {dag.py:2306} INFO - Setting next_dagrun for example_trigger_controller_dag to 2023-02-21 00:00:00+00:00
[2023-02-23 17:00:40,117] {scheduler_job.py:190} INFO - Processing /home/airflow/.local/lib/python3.6/site-packages/airflow/example_dags/example_trigger_controller_dag.py took 0.094 seconds
[2023-02-23 17:01:10,195] {scheduler_job.py:182} INFO - Started process (PID=1671) to work on /home/airflow/.local/lib/python3.6/site-packages/airflow/example_dags/example_trigger_controller_dag.py
[2023-02-23 17:01:10,196] {scheduler_job.py:633} INFO - Processing file /home/airflow/.local/lib/python3.6/site-packages/airflow/example_dags/example_trigger_controller_dag.py for tasks to queue
[2023-02-23 17:01:10,196] {logging_mixin.py:104} INFO - [2023-02-23 17:01:10,196] {dagbag.py:496} INFO - Filling up the DagBag from /home/airflow/.local/lib/python3.6/site-packages/airflow/example_dags/example_trigger_controller_dag.py
[2023-02-23 17:01:10,207] {scheduler_job.py:643} INFO - DAG(s) dict_keys(['example_trigger_controller_dag']) retrieved from /home/airflow/.local/lib/python3.6/site-packages/airflow/example_dags/example_trigger_controller_dag.py
[2023-02-23 17:01:10,233] {logging_mixin.py:104} INFO - [2023-02-23 17:01:10,233] {dag.py:1833} INFO - Sync 1 DAGs
[2023-02-23 17:01:10,251] {logging_mixin.py:104} INFO - [2023-02-23 17:01:10,250] {dag.py:2306} INFO - Setting next_dagrun for example_trigger_controller_dag to 2023-02-21 00:00:00+00:00
[2023-02-23 17:01:10,261] {scheduler_job.py:190} INFO - Processing /home/airflow/.local/lib/python3.6/site-packages/airflow/example_dags/example_trigger_controller_dag.py took 0.068 seconds
[2023-02-23 17:01:40,825] {scheduler_job.py:182} INFO - Started process (PID=1723) to work on /home/airflow/.local/lib/python3.6/site-packages/airflow/example_dags/example_trigger_controller_dag.py
[2023-02-23 17:01:40,826] {scheduler_job.py:633} INFO - Processing file /home/airflow/.local/lib/python3.6/site-packages/airflow/example_dags/example_trigger_controller_dag.py for tasks to queue
[2023-02-23 17:01:40,826] {logging_mixin.py:104} INFO - [2023-02-23 17:01:40,826] {dagbag.py:496} INFO - Filling up the DagBag from /home/airflow/.local/lib/python3.6/site-packages/airflow/example_dags/example_trigger_controller_dag.py
[2023-02-23 17:01:40,834] {scheduler_job.py:643} INFO - DAG(s) dict_keys(['example_trigger_controller_dag']) retrieved from /home/airflow/.local/lib/python3.6/site-packages/airflow/example_dags/example_trigger_controller_dag.py
[2023-02-23 17:01:40,854] {logging_mixin.py:104} INFO - [2023-02-23 17:01:40,854] {dag.py:1833} INFO - Sync 1 DAGs
[2023-02-23 17:01:40,867] {logging_mixin.py:104} INFO - [2023-02-23 17:01:40,867] {dag.py:2306} INFO - Setting next_dagrun for example_trigger_controller_dag to 2023-02-21 00:00:00+00:00
[2023-02-23 17:01:40,876] {scheduler_job.py:190} INFO - Processing /home/airflow/.local/lib/python3.6/site-packages/airflow/example_dags/example_trigger_controller_dag.py took 0.053 seconds
[2023-02-23 17:02:12,115] {scheduler_job.py:182} INFO - Started process (PID=1785) to work on /home/airflow/.local/lib/python3.6/site-packages/airflow/example_dags/example_trigger_controller_dag.py
[2023-02-23 17:02:12,116] {scheduler_job.py:633} INFO - Processing file /home/airflow/.local/lib/python3.6/site-packages/airflow/example_dags/example_trigger_controller_dag.py for tasks to queue
[2023-02-23 17:02:12,116] {logging_mixin.py:104} INFO - [2023-02-23 17:02:12,116] {dagbag.py:496} INFO - Filling up the DagBag from /home/airflow/.local/lib/python3.6/site-packages/airflow/example_dags/example_trigger_controller_dag.py
[2023-02-23 17:02:12,125] {scheduler_job.py:643} INFO - DAG(s) dict_keys(['example_trigger_controller_dag']) retrieved from /home/airflow/.local/lib/python3.6/site-packages/airflow/example_dags/example_trigger_controller_dag.py
[2023-02-23 17:02:12,142] {logging_mixin.py:104} INFO - [2023-02-23 17:02:12,142] {dag.py:1833} INFO - Sync 1 DAGs
[2023-02-23 17:02:12,155] {logging_mixin.py:104} INFO - [2023-02-23 17:02:12,155] {dag.py:2306} INFO - Setting next_dagrun for example_trigger_controller_dag to 2023-02-21 00:00:00+00:00
[2023-02-23 17:02:12,164] {scheduler_job.py:190} INFO - Processing /home/airflow/.local/lib/python3.6/site-packages/airflow/example_dags/example_trigger_controller_dag.py took 0.051 seconds
[2023-02-23 17:02:43,212] {scheduler_job.py:182} INFO - Started process (PID=1837) to work on /home/airflow/.local/lib/python3.6/site-packages/airflow/example_dags/example_trigger_controller_dag.py
[2023-02-23 17:02:43,214] {scheduler_job.py:633} INFO - Processing file /home/airflow/.local/lib/python3.6/site-packages/airflow/example_dags/example_trigger_controller_dag.py for tasks to queue
[2023-02-23 17:02:43,214] {logging_mixin.py:104} INFO - [2023-02-23 17:02:43,214] {dagbag.py:496} INFO - Filling up the DagBag from /home/airflow/.local/lib/python3.6/site-packages/airflow/example_dags/example_trigger_controller_dag.py
[2023-02-23 17:02:43,227] {scheduler_job.py:643} INFO - DAG(s) dict_keys(['example_trigger_controller_dag']) retrieved from /home/airflow/.local/lib/python3.6/site-packages/airflow/example_dags/example_trigger_controller_dag.py
[2023-02-23 17:02:43,254] {logging_mixin.py:104} INFO - [2023-02-23 17:02:43,253] {dag.py:1833} INFO - Sync 1 DAGs
[2023-02-23 17:02:43,270] {logging_mixin.py:104} INFO - [2023-02-23 17:02:43,270] {dag.py:2306} INFO - Setting next_dagrun for example_trigger_controller_dag to 2023-02-21 00:00:00+00:00
[2023-02-23 17:02:43,281] {scheduler_job.py:190} INFO - Processing /home/airflow/.local/lib/python3.6/site-packages/airflow/example_dags/example_trigger_controller_dag.py took 0.072 seconds
[2023-02-23 17:03:13,320] {scheduler_job.py:182} INFO - Started process (PID=1895) to work on /home/airflow/.local/lib/python3.6/site-packages/airflow/example_dags/example_trigger_controller_dag.py
[2023-02-23 17:03:13,321] {scheduler_job.py:633} INFO - Processing file /home/airflow/.local/lib/python3.6/site-packages/airflow/example_dags/example_trigger_controller_dag.py for tasks to queue
[2023-02-23 17:03:13,321] {logging_mixin.py:104} INFO - [2023-02-23 17:03:13,321] {dagbag.py:496} INFO - Filling up the DagBag from /home/airflow/.local/lib/python3.6/site-packages/airflow/example_dags/example_trigger_controller_dag.py
[2023-02-23 17:03:13,331] {scheduler_job.py:643} INFO - DAG(s) dict_keys(['example_trigger_controller_dag']) retrieved from /home/airflow/.local/lib/python3.6/site-packages/airflow/example_dags/example_trigger_controller_dag.py
[2023-02-23 17:03:13,350] {logging_mixin.py:104} INFO - [2023-02-23 17:03:13,350] {dag.py:1833} INFO - Sync 1 DAGs
[2023-02-23 17:03:13,387] {logging_mixin.py:104} INFO - [2023-02-23 17:03:13,387] {dag.py:2306} INFO - Setting next_dagrun for example_trigger_controller_dag to 2023-02-21 00:00:00+00:00
[2023-02-23 17:03:13,398] {scheduler_job.py:190} INFO - Processing /home/airflow/.local/lib/python3.6/site-packages/airflow/example_dags/example_trigger_controller_dag.py took 0.080 seconds
[2023-02-23 17:03:43,587] {scheduler_job.py:182} INFO - Started process (PID=1951) to work on /home/airflow/.local/lib/python3.6/site-packages/airflow/example_dags/example_trigger_controller_dag.py
[2023-02-23 17:03:43,588] {scheduler_job.py:633} INFO - Processing file /home/airflow/.local/lib/python3.6/site-packages/airflow/example_dags/example_trigger_controller_dag.py for tasks to queue
[2023-02-23 17:03:43,589] {logging_mixin.py:104} INFO - [2023-02-23 17:03:43,589] {dagbag.py:496} INFO - Filling up the DagBag from /home/airflow/.local/lib/python3.6/site-packages/airflow/example_dags/example_trigger_controller_dag.py
[2023-02-23 17:03:43,599] {scheduler_job.py:643} INFO - DAG(s) dict_keys(['example_trigger_controller_dag']) retrieved from /home/airflow/.local/lib/python3.6/site-packages/airflow/example_dags/example_trigger_controller_dag.py
[2023-02-23 17:03:43,619] {logging_mixin.py:104} INFO - [2023-02-23 17:03:43,618] {dag.py:1833} INFO - Sync 1 DAGs
[2023-02-23 17:03:43,632] {logging_mixin.py:104} INFO - [2023-02-23 17:03:43,632] {dag.py:2306} INFO - Setting next_dagrun for example_trigger_controller_dag to 2023-02-21 00:00:00+00:00
[2023-02-23 17:03:43,642] {scheduler_job.py:190} INFO - Processing /home/airflow/.local/lib/python3.6/site-packages/airflow/example_dags/example_trigger_controller_dag.py took 0.057 seconds
[2023-02-23 17:04:14,383] {scheduler_job.py:182} INFO - Started process (PID=2003) to work on /home/airflow/.local/lib/python3.6/site-packages/airflow/example_dags/example_trigger_controller_dag.py
[2023-02-23 17:04:14,385] {scheduler_job.py:633} INFO - Processing file /home/airflow/.local/lib/python3.6/site-packages/airflow/example_dags/example_trigger_controller_dag.py for tasks to queue
[2023-02-23 17:04:14,386] {logging_mixin.py:104} INFO - [2023-02-23 17:04:14,386] {dagbag.py:496} INFO - Filling up the DagBag from /home/airflow/.local/lib/python3.6/site-packages/airflow/example_dags/example_trigger_controller_dag.py
[2023-02-23 17:04:14,394] {scheduler_job.py:643} INFO - DAG(s) dict_keys(['example_trigger_controller_dag']) retrieved from /home/airflow/.local/lib/python3.6/site-packages/airflow/example_dags/example_trigger_controller_dag.py
[2023-02-23 17:04:14,410] {logging_mixin.py:104} INFO - [2023-02-23 17:04:14,410] {dag.py:1833} INFO - Sync 1 DAGs
[2023-02-23 17:04:14,423] {logging_mixin.py:104} INFO - [2023-02-23 17:04:14,423] {dag.py:2306} INFO - Setting next_dagrun for example_trigger_controller_dag to 2023-02-21 00:00:00+00:00
[2023-02-23 17:04:14,430] {scheduler_job.py:190} INFO - Processing /home/airflow/.local/lib/python3.6/site-packages/airflow/example_dags/example_trigger_controller_dag.py took 0.050 seconds
[2023-02-23 17:04:45,409] {scheduler_job.py:182} INFO - Started process (PID=2066) to work on /home/airflow/.local/lib/python3.6/site-packages/airflow/example_dags/example_trigger_controller_dag.py
[2023-02-23 17:04:45,409] {scheduler_job.py:633} INFO - Processing file /home/airflow/.local/lib/python3.6/site-packages/airflow/example_dags/example_trigger_controller_dag.py for tasks to queue
[2023-02-23 17:04:45,410] {logging_mixin.py:104} INFO - [2023-02-23 17:04:45,410] {dagbag.py:496} INFO - Filling up the DagBag from /home/airflow/.local/lib/python3.6/site-packages/airflow/example_dags/example_trigger_controller_dag.py
[2023-02-23 17:04:45,419] {scheduler_job.py:643} INFO - DAG(s) dict_keys(['example_trigger_controller_dag']) retrieved from /home/airflow/.local/lib/python3.6/site-packages/airflow/example_dags/example_trigger_controller_dag.py
[2023-02-23 17:04:45,436] {logging_mixin.py:104} INFO - [2023-02-23 17:04:45,436] {dag.py:1833} INFO - Sync 1 DAGs
[2023-02-23 17:04:45,449] {logging_mixin.py:104} INFO - [2023-02-23 17:04:45,449] {dag.py:2306} INFO - Setting next_dagrun for example_trigger_controller_dag to 2023-02-21 00:00:00+00:00
[2023-02-23 17:04:45,456] {scheduler_job.py:190} INFO - Processing /home/airflow/.local/lib/python3.6/site-packages/airflow/example_dags/example_trigger_controller_dag.py took 0.050 seconds
[2023-02-23 17:05:16,097] {scheduler_job.py:182} INFO - Started process (PID=2127) to work on /home/airflow/.local/lib/python3.6/site-packages/airflow/example_dags/example_trigger_controller_dag.py
[2023-02-23 17:05:16,098] {scheduler_job.py:633} INFO - Processing file /home/airflow/.local/lib/python3.6/site-packages/airflow/example_dags/example_trigger_controller_dag.py for tasks to queue
[2023-02-23 17:05:16,099] {logging_mixin.py:104} INFO - [2023-02-23 17:05:16,099] {dagbag.py:496} INFO - Filling up the DagBag from /home/airflow/.local/lib/python3.6/site-packages/airflow/example_dags/example_trigger_controller_dag.py
[2023-02-23 17:05:16,108] {scheduler_job.py:643} INFO - DAG(s) dict_keys(['example_trigger_controller_dag']) retrieved from /home/airflow/.local/lib/python3.6/site-packages/airflow/example_dags/example_trigger_controller_dag.py
[2023-02-23 17:05:16,125] {logging_mixin.py:104} INFO - [2023-02-23 17:05:16,125] {dag.py:1833} INFO - Sync 1 DAGs
[2023-02-23 17:05:16,139] {logging_mixin.py:104} INFO - [2023-02-23 17:05:16,139] {dag.py:2306} INFO - Setting next_dagrun for example_trigger_controller_dag to 2023-02-21 00:00:00+00:00
[2023-02-23 17:05:16,147] {scheduler_job.py:190} INFO - Processing /home/airflow/.local/lib/python3.6/site-packages/airflow/example_dags/example_trigger_controller_dag.py took 0.053 seconds
[2023-02-23 17:05:46,490] {scheduler_job.py:182} INFO - Started process (PID=2180) to work on /home/airflow/.local/lib/python3.6/site-packages/airflow/example_dags/example_trigger_controller_dag.py
[2023-02-23 17:05:46,491] {scheduler_job.py:633} INFO - Processing file /home/airflow/.local/lib/python3.6/site-packages/airflow/example_dags/example_trigger_controller_dag.py for tasks to queue
[2023-02-23 17:05:46,491] {logging_mixin.py:104} INFO - [2023-02-23 17:05:46,491] {dagbag.py:496} INFO - Filling up the DagBag from /home/airflow/.local/lib/python3.6/site-packages/airflow/example_dags/example_trigger_controller_dag.py
[2023-02-23 17:05:46,499] {scheduler_job.py:643} INFO - DAG(s) dict_keys(['example_trigger_controller_dag']) retrieved from /home/airflow/.local/lib/python3.6/site-packages/airflow/example_dags/example_trigger_controller_dag.py
[2023-02-23 17:05:46,514] {logging_mixin.py:104} INFO - [2023-02-23 17:05:46,514] {dag.py:1833} INFO - Sync 1 DAGs
[2023-02-23 17:05:46,526] {logging_mixin.py:104} INFO - [2023-02-23 17:05:46,526] {dag.py:2306} INFO - Setting next_dagrun for example_trigger_controller_dag to 2023-02-21 00:00:00+00:00
[2023-02-23 17:05:46,534] {scheduler_job.py:190} INFO - Processing /home/airflow/.local/lib/python3.6/site-packages/airflow/example_dags/example_trigger_controller_dag.py took 0.046 seconds
[2023-02-23 17:06:17,612] {scheduler_job.py:182} INFO - Started process (PID=2232) to work on /home/airflow/.local/lib/python3.6/site-packages/airflow/example_dags/example_trigger_controller_dag.py
[2023-02-23 17:06:17,613] {scheduler_job.py:633} INFO - Processing file /home/airflow/.local/lib/python3.6/site-packages/airflow/example_dags/example_trigger_controller_dag.py for tasks to queue
[2023-02-23 17:06:17,614] {logging_mixin.py:104} INFO - [2023-02-23 17:06:17,614] {dagbag.py:496} INFO - Filling up the DagBag from /home/airflow/.local/lib/python3.6/site-packages/airflow/example_dags/example_trigger_controller_dag.py
[2023-02-23 17:06:17,625] {scheduler_job.py:643} INFO - DAG(s) dict_keys(['example_trigger_controller_dag']) retrieved from /home/airflow/.local/lib/python3.6/site-packages/airflow/example_dags/example_trigger_controller_dag.py
[2023-02-23 17:06:17,644] {logging_mixin.py:104} INFO - [2023-02-23 17:06:17,644] {dag.py:1833} INFO - Sync 1 DAGs
[2023-02-23 17:06:17,680] {logging_mixin.py:104} INFO - [2023-02-23 17:06:17,680] {dag.py:2306} INFO - Setting next_dagrun for example_trigger_controller_dag to 2023-02-21 00:00:00+00:00
[2023-02-23 17:06:17,688] {scheduler_job.py:190} INFO - Processing /home/airflow/.local/lib/python3.6/site-packages/airflow/example_dags/example_trigger_controller_dag.py took 0.079 seconds
[2023-02-23 17:06:49,278] {scheduler_job.py:182} INFO - Started process (PID=2295) to work on /home/airflow/.local/lib/python3.6/site-packages/airflow/example_dags/example_trigger_controller_dag.py
[2023-02-23 17:06:49,279] {scheduler_job.py:633} INFO - Processing file /home/airflow/.local/lib/python3.6/site-packages/airflow/example_dags/example_trigger_controller_dag.py for tasks to queue
[2023-02-23 17:06:49,279] {logging_mixin.py:104} INFO - [2023-02-23 17:06:49,279] {dagbag.py:496} INFO - Filling up the DagBag from /home/airflow/.local/lib/python3.6/site-packages/airflow/example_dags/example_trigger_controller_dag.py
[2023-02-23 17:06:49,290] {scheduler_job.py:643} INFO - DAG(s) dict_keys(['example_trigger_controller_dag']) retrieved from /home/airflow/.local/lib/python3.6/site-packages/airflow/example_dags/example_trigger_controller_dag.py
[2023-02-23 17:06:49,312] {logging_mixin.py:104} INFO - [2023-02-23 17:06:49,312] {dag.py:1833} INFO - Sync 1 DAGs
[2023-02-23 17:06:49,376] {logging_mixin.py:104} INFO - [2023-02-23 17:06:49,376] {dag.py:2306} INFO - Setting next_dagrun for example_trigger_controller_dag to 2023-02-21 00:00:00+00:00
[2023-02-23 17:06:49,385] {scheduler_job.py:190} INFO - Processing /home/airflow/.local/lib/python3.6/site-packages/airflow/example_dags/example_trigger_controller_dag.py took 0.111 seconds
[2023-02-23 17:07:19,932] {scheduler_job.py:182} INFO - Started process (PID=2354) to work on /home/airflow/.local/lib/python3.6/site-packages/airflow/example_dags/example_trigger_controller_dag.py
[2023-02-23 17:07:19,932] {scheduler_job.py:633} INFO - Processing file /home/airflow/.local/lib/python3.6/site-packages/airflow/example_dags/example_trigger_controller_dag.py for tasks to queue
[2023-02-23 17:07:19,933] {logging_mixin.py:104} INFO - [2023-02-23 17:07:19,933] {dagbag.py:496} INFO - Filling up the DagBag from /home/airflow/.local/lib/python3.6/site-packages/airflow/example_dags/example_trigger_controller_dag.py
[2023-02-23 17:07:19,941] {scheduler_job.py:643} INFO - DAG(s) dict_keys(['example_trigger_controller_dag']) retrieved from /home/airflow/.local/lib/python3.6/site-packages/airflow/example_dags/example_trigger_controller_dag.py
[2023-02-23 17:07:19,957] {logging_mixin.py:104} INFO - [2023-02-23 17:07:19,957] {dag.py:1833} INFO - Sync 1 DAGs
[2023-02-23 17:07:19,971] {logging_mixin.py:104} INFO - [2023-02-23 17:07:19,971] {dag.py:2306} INFO - Setting next_dagrun for example_trigger_controller_dag to 2023-02-21 00:00:00+00:00
[2023-02-23 17:07:19,979] {scheduler_job.py:190} INFO - Processing /home/airflow/.local/lib/python3.6/site-packages/airflow/example_dags/example_trigger_controller_dag.py took 0.049 seconds
[2023-02-23 17:07:50,876] {scheduler_job.py:182} INFO - Started process (PID=2409) to work on /home/airflow/.local/lib/python3.6/site-packages/airflow/example_dags/example_trigger_controller_dag.py
[2023-02-23 17:07:50,877] {scheduler_job.py:633} INFO - Processing file /home/airflow/.local/lib/python3.6/site-packages/airflow/example_dags/example_trigger_controller_dag.py for tasks to queue
[2023-02-23 17:07:50,878] {logging_mixin.py:104} INFO - [2023-02-23 17:07:50,878] {dagbag.py:496} INFO - Filling up the DagBag from /home/airflow/.local/lib/python3.6/site-packages/airflow/example_dags/example_trigger_controller_dag.py
[2023-02-23 17:07:50,886] {scheduler_job.py:643} INFO - DAG(s) dict_keys(['example_trigger_controller_dag']) retrieved from /home/airflow/.local/lib/python3.6/site-packages/airflow/example_dags/example_trigger_controller_dag.py
[2023-02-23 17:07:50,904] {logging_mixin.py:104} INFO - [2023-02-23 17:07:50,904] {dag.py:1833} INFO - Sync 1 DAGs
[2023-02-23 17:07:50,916] {logging_mixin.py:104} INFO - [2023-02-23 17:07:50,916] {dag.py:2306} INFO - Setting next_dagrun for example_trigger_controller_dag to 2023-02-21 00:00:00+00:00
[2023-02-23 17:07:50,924] {scheduler_job.py:190} INFO - Processing /home/airflow/.local/lib/python3.6/site-packages/airflow/example_dags/example_trigger_controller_dag.py took 0.050 seconds
[2023-02-23 17:08:21,307] {scheduler_job.py:182} INFO - Started process (PID=2470) to work on /home/airflow/.local/lib/python3.6/site-packages/airflow/example_dags/example_trigger_controller_dag.py
[2023-02-23 17:08:21,308] {scheduler_job.py:633} INFO - Processing file /home/airflow/.local/lib/python3.6/site-packages/airflow/example_dags/example_trigger_controller_dag.py for tasks to queue
[2023-02-23 17:08:21,308] {logging_mixin.py:104} INFO - [2023-02-23 17:08:21,308] {dagbag.py:496} INFO - Filling up the DagBag from /home/airflow/.local/lib/python3.6/site-packages/airflow/example_dags/example_trigger_controller_dag.py
[2023-02-23 17:08:21,317] {scheduler_job.py:643} INFO - DAG(s) dict_keys(['example_trigger_controller_dag']) retrieved from /home/airflow/.local/lib/python3.6/site-packages/airflow/example_dags/example_trigger_controller_dag.py
[2023-02-23 17:08:21,336] {logging_mixin.py:104} INFO - [2023-02-23 17:08:21,336] {dag.py:1833} INFO - Sync 1 DAGs
[2023-02-23 17:08:21,378] {logging_mixin.py:104} INFO - [2023-02-23 17:08:21,377] {dag.py:2306} INFO - Setting next_dagrun for example_trigger_controller_dag to 2023-02-21 00:00:00+00:00
[2023-02-23 17:08:21,388] {scheduler_job.py:190} INFO - Processing /home/airflow/.local/lib/python3.6/site-packages/airflow/example_dags/example_trigger_controller_dag.py took 0.084 seconds
[2023-02-23 17:08:51,990] {scheduler_job.py:182} INFO - Started process (PID=2523) to work on /home/airflow/.local/lib/python3.6/site-packages/airflow/example_dags/example_trigger_controller_dag.py
[2023-02-23 17:08:51,992] {scheduler_job.py:633} INFO - Processing file /home/airflow/.local/lib/python3.6/site-packages/airflow/example_dags/example_trigger_controller_dag.py for tasks to queue
[2023-02-23 17:08:51,992] {logging_mixin.py:104} INFO - [2023-02-23 17:08:51,992] {dagbag.py:496} INFO - Filling up the DagBag from /home/airflow/.local/lib/python3.6/site-packages/airflow/example_dags/example_trigger_controller_dag.py
[2023-02-23 17:08:52,001] {scheduler_job.py:643} INFO - DAG(s) dict_keys(['example_trigger_controller_dag']) retrieved from /home/airflow/.local/lib/python3.6/site-packages/airflow/example_dags/example_trigger_controller_dag.py
[2023-02-23 17:08:52,022] {logging_mixin.py:104} INFO - [2023-02-23 17:08:52,022] {dag.py:1833} INFO - Sync 1 DAGs
[2023-02-23 17:08:52,035] {logging_mixin.py:104} INFO - [2023-02-23 17:08:52,035] {dag.py:2306} INFO - Setting next_dagrun for example_trigger_controller_dag to 2023-02-21 00:00:00+00:00
[2023-02-23 17:08:52,046] {scheduler_job.py:190} INFO - Processing /home/airflow/.local/lib/python3.6/site-packages/airflow/example_dags/example_trigger_controller_dag.py took 0.058 seconds
[2023-02-23 17:09:22,385] {scheduler_job.py:182} INFO - Started process (PID=2575) to work on /home/airflow/.local/lib/python3.6/site-packages/airflow/example_dags/example_trigger_controller_dag.py
[2023-02-23 17:09:22,386] {scheduler_job.py:633} INFO - Processing file /home/airflow/.local/lib/python3.6/site-packages/airflow/example_dags/example_trigger_controller_dag.py for tasks to queue
[2023-02-23 17:09:22,387] {logging_mixin.py:104} INFO - [2023-02-23 17:09:22,386] {dagbag.py:496} INFO - Filling up the DagBag from /home/airflow/.local/lib/python3.6/site-packages/airflow/example_dags/example_trigger_controller_dag.py
[2023-02-23 17:09:22,396] {scheduler_job.py:643} INFO - DAG(s) dict_keys(['example_trigger_controller_dag']) retrieved from /home/airflow/.local/lib/python3.6/site-packages/airflow/example_dags/example_trigger_controller_dag.py
[2023-02-23 17:09:22,428] {logging_mixin.py:104} INFO - [2023-02-23 17:09:22,428] {dag.py:1833} INFO - Sync 1 DAGs
[2023-02-23 17:09:22,441] {logging_mixin.py:104} INFO - [2023-02-23 17:09:22,441] {dag.py:2306} INFO - Setting next_dagrun for example_trigger_controller_dag to 2023-02-21 00:00:00+00:00
[2023-02-23 17:09:22,450] {scheduler_job.py:190} INFO - Processing /home/airflow/.local/lib/python3.6/site-packages/airflow/example_dags/example_trigger_controller_dag.py took 0.067 seconds
[2023-02-23 17:09:56,282] {scheduler_job.py:182} INFO - Started process (PID=2638) to work on /home/airflow/.local/lib/python3.6/site-packages/airflow/example_dags/example_trigger_controller_dag.py
[2023-02-23 17:09:56,283] {scheduler_job.py:633} INFO - Processing file /home/airflow/.local/lib/python3.6/site-packages/airflow/example_dags/example_trigger_controller_dag.py for tasks to queue
[2023-02-23 17:09:56,283] {logging_mixin.py:104} INFO - [2023-02-23 17:09:56,283] {dagbag.py:496} INFO - Filling up the DagBag from /home/airflow/.local/lib/python3.6/site-packages/airflow/example_dags/example_trigger_controller_dag.py
[2023-02-23 17:09:56,294] {scheduler_job.py:643} INFO - DAG(s) dict_keys(['example_trigger_controller_dag']) retrieved from /home/airflow/.local/lib/python3.6/site-packages/airflow/example_dags/example_trigger_controller_dag.py
[2023-02-23 17:09:56,482] {logging_mixin.py:104} INFO - [2023-02-23 17:09:56,482] {dag.py:1833} INFO - Sync 1 DAGs
[2023-02-23 17:09:56,580] {logging_mixin.py:104} INFO - [2023-02-23 17:09:56,580] {dag.py:2306} INFO - Setting next_dagrun for example_trigger_controller_dag to 2023-02-21 00:00:00+00:00
[2023-02-23 17:09:56,676] {scheduler_job.py:190} INFO - Processing /home/airflow/.local/lib/python3.6/site-packages/airflow/example_dags/example_trigger_controller_dag.py took 0.396 seconds
[2023-02-23 17:10:27,601] {scheduler_job.py:182} INFO - Started process (PID=2691) to work on /home/airflow/.local/lib/python3.6/site-packages/airflow/example_dags/example_trigger_controller_dag.py
[2023-02-23 17:10:27,602] {scheduler_job.py:633} INFO - Processing file /home/airflow/.local/lib/python3.6/site-packages/airflow/example_dags/example_trigger_controller_dag.py for tasks to queue
[2023-02-23 17:10:27,603] {logging_mixin.py:104} INFO - [2023-02-23 17:10:27,603] {dagbag.py:496} INFO - Filling up the DagBag from /home/airflow/.local/lib/python3.6/site-packages/airflow/example_dags/example_trigger_controller_dag.py
[2023-02-23 17:10:27,611] {scheduler_job.py:643} INFO - DAG(s) dict_keys(['example_trigger_controller_dag']) retrieved from /home/airflow/.local/lib/python3.6/site-packages/airflow/example_dags/example_trigger_controller_dag.py
[2023-02-23 17:10:27,629] {logging_mixin.py:104} INFO - [2023-02-23 17:10:27,629] {dag.py:1833} INFO - Sync 1 DAGs
[2023-02-23 17:10:27,642] {logging_mixin.py:104} INFO - [2023-02-23 17:10:27,642] {dag.py:2306} INFO - Setting next_dagrun for example_trigger_controller_dag to 2023-02-21 00:00:00+00:00
[2023-02-23 17:10:27,651] {scheduler_job.py:190} INFO - Processing /home/airflow/.local/lib/python3.6/site-packages/airflow/example_dags/example_trigger_controller_dag.py took 0.051 seconds
