[2023-02-23 12:25:56,298] {scheduler_job.py:182} INFO - Started process (PID=84) to work on /home/airflow/.local/lib/python3.6/site-packages/airflow/example_dags/example_external_task_marker_dag.py
[2023-02-23 12:25:56,299] {scheduler_job.py:633} INFO - Processing file /home/airflow/.local/lib/python3.6/site-packages/airflow/example_dags/example_external_task_marker_dag.py for tasks to queue
[2023-02-23 12:25:56,299] {logging_mixin.py:104} INFO - [2023-02-23 12:25:56,299] {dagbag.py:496} INFO - Filling up the DagBag from /home/airflow/.local/lib/python3.6/site-packages/airflow/example_dags/example_external_task_marker_dag.py
[2023-02-23 12:25:56,308] {scheduler_job.py:643} INFO - DAG(s) dict_keys(['example_external_task_marker_parent', 'example_external_task_marker_child']) retrieved from /home/airflow/.local/lib/python3.6/site-packages/airflow/example_dags/example_external_task_marker_dag.py
[2023-02-23 12:25:56,695] {logging_mixin.py:104} INFO - [2023-02-23 12:25:56,695] {dag.py:1833} INFO - Sync 2 DAGs
[2023-02-23 12:25:56,706] {logging_mixin.py:104} INFO - [2023-02-23 12:25:56,706] {dag.py:2306} INFO - Setting next_dagrun for example_external_task_marker_child to None
[2023-02-23 12:25:56,707] {logging_mixin.py:104} INFO - [2023-02-23 12:25:56,707] {dag.py:2306} INFO - Setting next_dagrun for example_external_task_marker_parent to None
[2023-02-23 12:25:56,787] {scheduler_job.py:190} INFO - Processing /home/airflow/.local/lib/python3.6/site-packages/airflow/example_dags/example_external_task_marker_dag.py took 0.492 seconds
[2023-02-23 12:26:27,338] {scheduler_job.py:182} INFO - Started process (PID=135) to work on /home/airflow/.local/lib/python3.6/site-packages/airflow/example_dags/example_external_task_marker_dag.py
[2023-02-23 12:26:27,338] {scheduler_job.py:633} INFO - Processing file /home/airflow/.local/lib/python3.6/site-packages/airflow/example_dags/example_external_task_marker_dag.py for tasks to queue
[2023-02-23 12:26:27,339] {logging_mixin.py:104} INFO - [2023-02-23 12:26:27,339] {dagbag.py:496} INFO - Filling up the DagBag from /home/airflow/.local/lib/python3.6/site-packages/airflow/example_dags/example_external_task_marker_dag.py
[2023-02-23 12:26:27,347] {scheduler_job.py:643} INFO - DAG(s) dict_keys(['example_external_task_marker_parent', 'example_external_task_marker_child']) retrieved from /home/airflow/.local/lib/python3.6/site-packages/airflow/example_dags/example_external_task_marker_dag.py
[2023-02-23 12:26:27,535] {logging_mixin.py:104} INFO - [2023-02-23 12:26:27,535] {dag.py:1833} INFO - Sync 2 DAGs
[2023-02-23 12:26:27,546] {logging_mixin.py:104} INFO - [2023-02-23 12:26:27,546] {dag.py:2306} INFO - Setting next_dagrun for example_external_task_marker_child to None
[2023-02-23 12:26:27,547] {logging_mixin.py:104} INFO - [2023-02-23 12:26:27,547] {dag.py:2306} INFO - Setting next_dagrun for example_external_task_marker_parent to None
[2023-02-23 12:26:27,571] {scheduler_job.py:190} INFO - Processing /home/airflow/.local/lib/python3.6/site-packages/airflow/example_dags/example_external_task_marker_dag.py took 0.235 seconds
[2023-02-23 16:46:48,343] {scheduler_job.py:182} INFO - Started process (PID=69) to work on /home/airflow/.local/lib/python3.6/site-packages/airflow/example_dags/example_external_task_marker_dag.py
[2023-02-23 16:46:48,344] {scheduler_job.py:633} INFO - Processing file /home/airflow/.local/lib/python3.6/site-packages/airflow/example_dags/example_external_task_marker_dag.py for tasks to queue
[2023-02-23 16:46:48,345] {logging_mixin.py:104} INFO - [2023-02-23 16:46:48,345] {dagbag.py:496} INFO - Filling up the DagBag from /home/airflow/.local/lib/python3.6/site-packages/airflow/example_dags/example_external_task_marker_dag.py
[2023-02-23 16:46:48,381] {scheduler_job.py:643} INFO - DAG(s) dict_keys(['example_external_task_marker_parent', 'example_external_task_marker_child']) retrieved from /home/airflow/.local/lib/python3.6/site-packages/airflow/example_dags/example_external_task_marker_dag.py
[2023-02-23 16:46:48,710] {logging_mixin.py:104} INFO - [2023-02-23 16:46:48,710] {dag.py:1833} INFO - Sync 2 DAGs
[2023-02-23 16:46:48,722] {logging_mixin.py:104} INFO - [2023-02-23 16:46:48,722] {dag.py:2306} INFO - Setting next_dagrun for example_external_task_marker_child to None
[2023-02-23 16:46:48,723] {logging_mixin.py:104} INFO - [2023-02-23 16:46:48,723] {dag.py:2306} INFO - Setting next_dagrun for example_external_task_marker_parent to None
[2023-02-23 16:46:48,733] {scheduler_job.py:190} INFO - Processing /home/airflow/.local/lib/python3.6/site-packages/airflow/example_dags/example_external_task_marker_dag.py took 0.393 seconds
[2023-02-23 16:47:19,402] {scheduler_job.py:182} INFO - Started process (PID=121) to work on /home/airflow/.local/lib/python3.6/site-packages/airflow/example_dags/example_external_task_marker_dag.py
[2023-02-23 16:47:19,402] {scheduler_job.py:633} INFO - Processing file /home/airflow/.local/lib/python3.6/site-packages/airflow/example_dags/example_external_task_marker_dag.py for tasks to queue
[2023-02-23 16:47:19,403] {logging_mixin.py:104} INFO - [2023-02-23 16:47:19,403] {dagbag.py:496} INFO - Filling up the DagBag from /home/airflow/.local/lib/python3.6/site-packages/airflow/example_dags/example_external_task_marker_dag.py
[2023-02-23 16:47:19,412] {scheduler_job.py:643} INFO - DAG(s) dict_keys(['example_external_task_marker_parent', 'example_external_task_marker_child']) retrieved from /home/airflow/.local/lib/python3.6/site-packages/airflow/example_dags/example_external_task_marker_dag.py
[2023-02-23 16:47:19,589] {logging_mixin.py:104} INFO - [2023-02-23 16:47:19,589] {dag.py:1833} INFO - Sync 2 DAGs
[2023-02-23 16:47:19,601] {logging_mixin.py:104} INFO - [2023-02-23 16:47:19,601] {dag.py:2306} INFO - Setting next_dagrun for example_external_task_marker_child to None
[2023-02-23 16:47:19,602] {logging_mixin.py:104} INFO - [2023-02-23 16:47:19,602] {dag.py:2306} INFO - Setting next_dagrun for example_external_task_marker_parent to None
[2023-02-23 16:47:19,610] {scheduler_job.py:190} INFO - Processing /home/airflow/.local/lib/python3.6/site-packages/airflow/example_dags/example_external_task_marker_dag.py took 0.211 seconds
[2023-02-23 16:47:50,004] {scheduler_job.py:182} INFO - Started process (PID=183) to work on /home/airflow/.local/lib/python3.6/site-packages/airflow/example_dags/example_external_task_marker_dag.py
[2023-02-23 16:47:50,005] {scheduler_job.py:633} INFO - Processing file /home/airflow/.local/lib/python3.6/site-packages/airflow/example_dags/example_external_task_marker_dag.py for tasks to queue
[2023-02-23 16:47:50,006] {logging_mixin.py:104} INFO - [2023-02-23 16:47:50,006] {dagbag.py:496} INFO - Filling up the DagBag from /home/airflow/.local/lib/python3.6/site-packages/airflow/example_dags/example_external_task_marker_dag.py
[2023-02-23 16:47:50,016] {scheduler_job.py:643} INFO - DAG(s) dict_keys(['example_external_task_marker_parent', 'example_external_task_marker_child']) retrieved from /home/airflow/.local/lib/python3.6/site-packages/airflow/example_dags/example_external_task_marker_dag.py
[2023-02-23 16:47:50,241] {logging_mixin.py:104} INFO - [2023-02-23 16:47:50,241] {dag.py:1833} INFO - Sync 2 DAGs
[2023-02-23 16:47:50,284] {logging_mixin.py:104} INFO - [2023-02-23 16:47:50,283] {dag.py:2306} INFO - Setting next_dagrun for example_external_task_marker_child to None
[2023-02-23 16:47:50,284] {logging_mixin.py:104} INFO - [2023-02-23 16:47:50,284] {dag.py:2306} INFO - Setting next_dagrun for example_external_task_marker_parent to None
[2023-02-23 16:47:50,296] {scheduler_job.py:190} INFO - Processing /home/airflow/.local/lib/python3.6/site-packages/airflow/example_dags/example_external_task_marker_dag.py took 0.294 seconds
[2023-02-23 16:48:21,007] {scheduler_job.py:182} INFO - Started process (PID=235) to work on /home/airflow/.local/lib/python3.6/site-packages/airflow/example_dags/example_external_task_marker_dag.py
[2023-02-23 16:48:21,008] {scheduler_job.py:633} INFO - Processing file /home/airflow/.local/lib/python3.6/site-packages/airflow/example_dags/example_external_task_marker_dag.py for tasks to queue
[2023-02-23 16:48:21,009] {logging_mixin.py:104} INFO - [2023-02-23 16:48:21,009] {dagbag.py:496} INFO - Filling up the DagBag from /home/airflow/.local/lib/python3.6/site-packages/airflow/example_dags/example_external_task_marker_dag.py
[2023-02-23 16:48:21,018] {scheduler_job.py:643} INFO - DAG(s) dict_keys(['example_external_task_marker_parent', 'example_external_task_marker_child']) retrieved from /home/airflow/.local/lib/python3.6/site-packages/airflow/example_dags/example_external_task_marker_dag.py
[2023-02-23 16:48:21,208] {logging_mixin.py:104} INFO - [2023-02-23 16:48:21,208] {dag.py:1833} INFO - Sync 2 DAGs
[2023-02-23 16:48:21,221] {logging_mixin.py:104} INFO - [2023-02-23 16:48:21,221] {dag.py:2306} INFO - Setting next_dagrun for example_external_task_marker_child to None
[2023-02-23 16:48:21,222] {logging_mixin.py:104} INFO - [2023-02-23 16:48:21,222] {dag.py:2306} INFO - Setting next_dagrun for example_external_task_marker_parent to None
[2023-02-23 16:48:21,232] {scheduler_job.py:190} INFO - Processing /home/airflow/.local/lib/python3.6/site-packages/airflow/example_dags/example_external_task_marker_dag.py took 0.227 seconds
[2023-02-23 16:48:51,779] {scheduler_job.py:182} INFO - Started process (PID=297) to work on /home/airflow/.local/lib/python3.6/site-packages/airflow/example_dags/example_external_task_marker_dag.py
[2023-02-23 16:48:51,780] {scheduler_job.py:633} INFO - Processing file /home/airflow/.local/lib/python3.6/site-packages/airflow/example_dags/example_external_task_marker_dag.py for tasks to queue
[2023-02-23 16:48:51,781] {logging_mixin.py:104} INFO - [2023-02-23 16:48:51,780] {dagbag.py:496} INFO - Filling up the DagBag from /home/airflow/.local/lib/python3.6/site-packages/airflow/example_dags/example_external_task_marker_dag.py
[2023-02-23 16:48:51,790] {scheduler_job.py:643} INFO - DAG(s) dict_keys(['example_external_task_marker_parent', 'example_external_task_marker_child']) retrieved from /home/airflow/.local/lib/python3.6/site-packages/airflow/example_dags/example_external_task_marker_dag.py
[2023-02-23 16:48:51,966] {logging_mixin.py:104} INFO - [2023-02-23 16:48:51,965] {dag.py:1833} INFO - Sync 2 DAGs
[2023-02-23 16:48:51,978] {logging_mixin.py:104} INFO - [2023-02-23 16:48:51,978] {dag.py:2306} INFO - Setting next_dagrun for example_external_task_marker_child to None
[2023-02-23 16:48:51,979] {logging_mixin.py:104} INFO - [2023-02-23 16:48:51,979] {dag.py:2306} INFO - Setting next_dagrun for example_external_task_marker_parent to None
[2023-02-23 16:48:51,989] {scheduler_job.py:190} INFO - Processing /home/airflow/.local/lib/python3.6/site-packages/airflow/example_dags/example_external_task_marker_dag.py took 0.212 seconds
[2023-02-23 16:49:22,451] {scheduler_job.py:182} INFO - Started process (PID=356) to work on /home/airflow/.local/lib/python3.6/site-packages/airflow/example_dags/example_external_task_marker_dag.py
[2023-02-23 16:49:22,452] {scheduler_job.py:633} INFO - Processing file /home/airflow/.local/lib/python3.6/site-packages/airflow/example_dags/example_external_task_marker_dag.py for tasks to queue
[2023-02-23 16:49:22,452] {logging_mixin.py:104} INFO - [2023-02-23 16:49:22,452] {dagbag.py:496} INFO - Filling up the DagBag from /home/airflow/.local/lib/python3.6/site-packages/airflow/example_dags/example_external_task_marker_dag.py
[2023-02-23 16:49:22,477] {scheduler_job.py:643} INFO - DAG(s) dict_keys(['example_external_task_marker_parent', 'example_external_task_marker_child']) retrieved from /home/airflow/.local/lib/python3.6/site-packages/airflow/example_dags/example_external_task_marker_dag.py
[2023-02-23 16:49:22,896] {logging_mixin.py:104} INFO - [2023-02-23 16:49:22,895] {dag.py:1833} INFO - Sync 2 DAGs
[2023-02-23 16:49:22,907] {logging_mixin.py:104} INFO - [2023-02-23 16:49:22,907] {dag.py:2306} INFO - Setting next_dagrun for example_external_task_marker_child to None
[2023-02-23 16:49:22,908] {logging_mixin.py:104} INFO - [2023-02-23 16:49:22,908] {dag.py:2306} INFO - Setting next_dagrun for example_external_task_marker_parent to None
[2023-02-23 16:49:22,973] {scheduler_job.py:190} INFO - Processing /home/airflow/.local/lib/python3.6/site-packages/airflow/example_dags/example_external_task_marker_dag.py took 0.525 seconds
[2023-02-23 16:49:53,280] {scheduler_job.py:182} INFO - Started process (PID=401) to work on /home/airflow/.local/lib/python3.6/site-packages/airflow/example_dags/example_external_task_marker_dag.py
[2023-02-23 16:49:53,281] {scheduler_job.py:633} INFO - Processing file /home/airflow/.local/lib/python3.6/site-packages/airflow/example_dags/example_external_task_marker_dag.py for tasks to queue
[2023-02-23 16:49:53,281] {logging_mixin.py:104} INFO - [2023-02-23 16:49:53,281] {dagbag.py:496} INFO - Filling up the DagBag from /home/airflow/.local/lib/python3.6/site-packages/airflow/example_dags/example_external_task_marker_dag.py
[2023-02-23 16:49:53,291] {scheduler_job.py:643} INFO - DAG(s) dict_keys(['example_external_task_marker_parent', 'example_external_task_marker_child']) retrieved from /home/airflow/.local/lib/python3.6/site-packages/airflow/example_dags/example_external_task_marker_dag.py
[2023-02-23 16:49:53,483] {logging_mixin.py:104} INFO - [2023-02-23 16:49:53,483] {dag.py:1833} INFO - Sync 2 DAGs
[2023-02-23 16:49:53,495] {logging_mixin.py:104} INFO - [2023-02-23 16:49:53,495] {dag.py:2306} INFO - Setting next_dagrun for example_external_task_marker_child to None
[2023-02-23 16:49:53,496] {logging_mixin.py:104} INFO - [2023-02-23 16:49:53,496] {dag.py:2306} INFO - Setting next_dagrun for example_external_task_marker_parent to None
[2023-02-23 16:49:53,506] {scheduler_job.py:190} INFO - Processing /home/airflow/.local/lib/python3.6/site-packages/airflow/example_dags/example_external_task_marker_dag.py took 0.228 seconds
[2023-02-23 16:50:23,589] {scheduler_job.py:182} INFO - Started process (PID=463) to work on /home/airflow/.local/lib/python3.6/site-packages/airflow/example_dags/example_external_task_marker_dag.py
[2023-02-23 16:50:23,590] {scheduler_job.py:633} INFO - Processing file /home/airflow/.local/lib/python3.6/site-packages/airflow/example_dags/example_external_task_marker_dag.py for tasks to queue
[2023-02-23 16:50:23,590] {logging_mixin.py:104} INFO - [2023-02-23 16:50:23,590] {dagbag.py:496} INFO - Filling up the DagBag from /home/airflow/.local/lib/python3.6/site-packages/airflow/example_dags/example_external_task_marker_dag.py
[2023-02-23 16:50:23,603] {scheduler_job.py:643} INFO - DAG(s) dict_keys(['example_external_task_marker_parent', 'example_external_task_marker_child']) retrieved from /home/airflow/.local/lib/python3.6/site-packages/airflow/example_dags/example_external_task_marker_dag.py
[2023-02-23 16:50:24,083] {logging_mixin.py:104} INFO - [2023-02-23 16:50:24,083] {dag.py:1833} INFO - Sync 2 DAGs
[2023-02-23 16:50:24,099] {logging_mixin.py:104} INFO - [2023-02-23 16:50:24,099] {dag.py:2306} INFO - Setting next_dagrun for example_external_task_marker_child to None
[2023-02-23 16:50:24,100] {logging_mixin.py:104} INFO - [2023-02-23 16:50:24,100] {dag.py:2306} INFO - Setting next_dagrun for example_external_task_marker_parent to None
[2023-02-23 16:50:24,109] {scheduler_job.py:190} INFO - Processing /home/airflow/.local/lib/python3.6/site-packages/airflow/example_dags/example_external_task_marker_dag.py took 0.523 seconds
[2023-02-23 16:50:54,880] {scheduler_job.py:182} INFO - Started process (PID=515) to work on /home/airflow/.local/lib/python3.6/site-packages/airflow/example_dags/example_external_task_marker_dag.py
[2023-02-23 16:50:54,880] {scheduler_job.py:633} INFO - Processing file /home/airflow/.local/lib/python3.6/site-packages/airflow/example_dags/example_external_task_marker_dag.py for tasks to queue
[2023-02-23 16:50:54,881] {logging_mixin.py:104} INFO - [2023-02-23 16:50:54,881] {dagbag.py:496} INFO - Filling up the DagBag from /home/airflow/.local/lib/python3.6/site-packages/airflow/example_dags/example_external_task_marker_dag.py
[2023-02-23 16:50:54,891] {scheduler_job.py:643} INFO - DAG(s) dict_keys(['example_external_task_marker_parent', 'example_external_task_marker_child']) retrieved from /home/airflow/.local/lib/python3.6/site-packages/airflow/example_dags/example_external_task_marker_dag.py
[2023-02-23 16:50:54,914] {logging_mixin.py:104} INFO - [2023-02-23 16:50:54,914] {dag.py:1833} INFO - Sync 2 DAGs
[2023-02-23 16:50:54,930] {logging_mixin.py:104} INFO - [2023-02-23 16:50:54,930] {dag.py:2306} INFO - Setting next_dagrun for example_external_task_marker_child to None
[2023-02-23 16:50:54,931] {logging_mixin.py:104} INFO - [2023-02-23 16:50:54,931] {dag.py:2306} INFO - Setting next_dagrun for example_external_task_marker_parent to None
[2023-02-23 16:50:54,940] {scheduler_job.py:190} INFO - Processing /home/airflow/.local/lib/python3.6/site-packages/airflow/example_dags/example_external_task_marker_dag.py took 0.063 seconds
[2023-02-23 16:51:25,041] {scheduler_job.py:182} INFO - Started process (PID=577) to work on /home/airflow/.local/lib/python3.6/site-packages/airflow/example_dags/example_external_task_marker_dag.py
[2023-02-23 16:51:25,042] {scheduler_job.py:633} INFO - Processing file /home/airflow/.local/lib/python3.6/site-packages/airflow/example_dags/example_external_task_marker_dag.py for tasks to queue
[2023-02-23 16:51:25,043] {logging_mixin.py:104} INFO - [2023-02-23 16:51:25,042] {dagbag.py:496} INFO - Filling up the DagBag from /home/airflow/.local/lib/python3.6/site-packages/airflow/example_dags/example_external_task_marker_dag.py
[2023-02-23 16:51:25,052] {scheduler_job.py:643} INFO - DAG(s) dict_keys(['example_external_task_marker_parent', 'example_external_task_marker_child']) retrieved from /home/airflow/.local/lib/python3.6/site-packages/airflow/example_dags/example_external_task_marker_dag.py
[2023-02-23 16:51:25,232] {logging_mixin.py:104} INFO - [2023-02-23 16:51:25,232] {dag.py:1833} INFO - Sync 2 DAGs
[2023-02-23 16:51:25,244] {logging_mixin.py:104} INFO - [2023-02-23 16:51:25,243] {dag.py:2306} INFO - Setting next_dagrun for example_external_task_marker_child to None
[2023-02-23 16:51:25,244] {logging_mixin.py:104} INFO - [2023-02-23 16:51:25,244] {dag.py:2306} INFO - Setting next_dagrun for example_external_task_marker_parent to None
[2023-02-23 16:51:25,253] {scheduler_job.py:190} INFO - Processing /home/airflow/.local/lib/python3.6/site-packages/airflow/example_dags/example_external_task_marker_dag.py took 0.215 seconds
[2023-02-23 16:51:55,748] {scheduler_job.py:182} INFO - Started process (PID=629) to work on /home/airflow/.local/lib/python3.6/site-packages/airflow/example_dags/example_external_task_marker_dag.py
[2023-02-23 16:51:55,749] {scheduler_job.py:633} INFO - Processing file /home/airflow/.local/lib/python3.6/site-packages/airflow/example_dags/example_external_task_marker_dag.py for tasks to queue
[2023-02-23 16:51:55,749] {logging_mixin.py:104} INFO - [2023-02-23 16:51:55,749] {dagbag.py:496} INFO - Filling up the DagBag from /home/airflow/.local/lib/python3.6/site-packages/airflow/example_dags/example_external_task_marker_dag.py
[2023-02-23 16:51:55,760] {scheduler_job.py:643} INFO - DAG(s) dict_keys(['example_external_task_marker_parent', 'example_external_task_marker_child']) retrieved from /home/airflow/.local/lib/python3.6/site-packages/airflow/example_dags/example_external_task_marker_dag.py
[2023-02-23 16:51:56,046] {logging_mixin.py:104} INFO - [2023-02-23 16:51:56,046] {dag.py:1833} INFO - Sync 2 DAGs
[2023-02-23 16:51:56,059] {logging_mixin.py:104} INFO - [2023-02-23 16:51:56,059] {dag.py:2306} INFO - Setting next_dagrun for example_external_task_marker_child to None
[2023-02-23 16:51:56,060] {logging_mixin.py:104} INFO - [2023-02-23 16:51:56,060] {dag.py:2306} INFO - Setting next_dagrun for example_external_task_marker_parent to None
[2023-02-23 16:51:56,072] {scheduler_job.py:190} INFO - Processing /home/airflow/.local/lib/python3.6/site-packages/airflow/example_dags/example_external_task_marker_dag.py took 0.327 seconds
[2023-02-23 16:52:26,613] {scheduler_job.py:182} INFO - Started process (PID=691) to work on /home/airflow/.local/lib/python3.6/site-packages/airflow/example_dags/example_external_task_marker_dag.py
[2023-02-23 16:52:26,614] {scheduler_job.py:633} INFO - Processing file /home/airflow/.local/lib/python3.6/site-packages/airflow/example_dags/example_external_task_marker_dag.py for tasks to queue
[2023-02-23 16:52:26,614] {logging_mixin.py:104} INFO - [2023-02-23 16:52:26,614] {dagbag.py:496} INFO - Filling up the DagBag from /home/airflow/.local/lib/python3.6/site-packages/airflow/example_dags/example_external_task_marker_dag.py
[2023-02-23 16:52:26,624] {scheduler_job.py:643} INFO - DAG(s) dict_keys(['example_external_task_marker_parent', 'example_external_task_marker_child']) retrieved from /home/airflow/.local/lib/python3.6/site-packages/airflow/example_dags/example_external_task_marker_dag.py
[2023-02-23 16:52:26,807] {logging_mixin.py:104} INFO - [2023-02-23 16:52:26,807] {dag.py:1833} INFO - Sync 2 DAGs
[2023-02-23 16:52:26,819] {logging_mixin.py:104} INFO - [2023-02-23 16:52:26,819] {dag.py:2306} INFO - Setting next_dagrun for example_external_task_marker_child to None
[2023-02-23 16:52:26,819] {logging_mixin.py:104} INFO - [2023-02-23 16:52:26,819] {dag.py:2306} INFO - Setting next_dagrun for example_external_task_marker_parent to None
[2023-02-23 16:52:26,828] {scheduler_job.py:190} INFO - Processing /home/airflow/.local/lib/python3.6/site-packages/airflow/example_dags/example_external_task_marker_dag.py took 0.217 seconds
[2023-02-23 16:52:57,361] {scheduler_job.py:182} INFO - Started process (PID=743) to work on /home/airflow/.local/lib/python3.6/site-packages/airflow/example_dags/example_external_task_marker_dag.py
[2023-02-23 16:52:57,362] {scheduler_job.py:633} INFO - Processing file /home/airflow/.local/lib/python3.6/site-packages/airflow/example_dags/example_external_task_marker_dag.py for tasks to queue
[2023-02-23 16:52:57,362] {logging_mixin.py:104} INFO - [2023-02-23 16:52:57,362] {dagbag.py:496} INFO - Filling up the DagBag from /home/airflow/.local/lib/python3.6/site-packages/airflow/example_dags/example_external_task_marker_dag.py
[2023-02-23 16:52:57,374] {scheduler_job.py:643} INFO - DAG(s) dict_keys(['example_external_task_marker_parent', 'example_external_task_marker_child']) retrieved from /home/airflow/.local/lib/python3.6/site-packages/airflow/example_dags/example_external_task_marker_dag.py
[2023-02-23 16:52:57,598] {logging_mixin.py:104} INFO - [2023-02-23 16:52:57,598] {dag.py:1833} INFO - Sync 2 DAGs
[2023-02-23 16:52:57,610] {logging_mixin.py:104} INFO - [2023-02-23 16:52:57,610] {dag.py:2306} INFO - Setting next_dagrun for example_external_task_marker_child to None
[2023-02-23 16:52:57,610] {logging_mixin.py:104} INFO - [2023-02-23 16:52:57,610] {dag.py:2306} INFO - Setting next_dagrun for example_external_task_marker_parent to None
[2023-02-23 16:52:57,620] {scheduler_job.py:190} INFO - Processing /home/airflow/.local/lib/python3.6/site-packages/airflow/example_dags/example_external_task_marker_dag.py took 0.261 seconds
[2023-02-23 16:53:28,541] {scheduler_job.py:182} INFO - Started process (PID=796) to work on /home/airflow/.local/lib/python3.6/site-packages/airflow/example_dags/example_external_task_marker_dag.py
[2023-02-23 16:53:28,542] {scheduler_job.py:633} INFO - Processing file /home/airflow/.local/lib/python3.6/site-packages/airflow/example_dags/example_external_task_marker_dag.py for tasks to queue
[2023-02-23 16:53:28,543] {logging_mixin.py:104} INFO - [2023-02-23 16:53:28,543] {dagbag.py:496} INFO - Filling up the DagBag from /home/airflow/.local/lib/python3.6/site-packages/airflow/example_dags/example_external_task_marker_dag.py
[2023-02-23 16:53:28,552] {scheduler_job.py:643} INFO - DAG(s) dict_keys(['example_external_task_marker_parent', 'example_external_task_marker_child']) retrieved from /home/airflow/.local/lib/python3.6/site-packages/airflow/example_dags/example_external_task_marker_dag.py
[2023-02-23 16:53:28,754] {logging_mixin.py:104} INFO - [2023-02-23 16:53:28,753] {dag.py:1833} INFO - Sync 2 DAGs
[2023-02-23 16:53:28,766] {logging_mixin.py:104} INFO - [2023-02-23 16:53:28,766] {dag.py:2306} INFO - Setting next_dagrun for example_external_task_marker_child to None
[2023-02-23 16:53:28,767] {logging_mixin.py:104} INFO - [2023-02-23 16:53:28,767] {dag.py:2306} INFO - Setting next_dagrun for example_external_task_marker_parent to None
[2023-02-23 16:53:28,776] {scheduler_job.py:190} INFO - Processing /home/airflow/.local/lib/python3.6/site-packages/airflow/example_dags/example_external_task_marker_dag.py took 0.237 seconds
[2023-02-23 16:53:59,008] {scheduler_job.py:182} INFO - Started process (PID=859) to work on /home/airflow/.local/lib/python3.6/site-packages/airflow/example_dags/example_external_task_marker_dag.py
[2023-02-23 16:53:59,009] {scheduler_job.py:633} INFO - Processing file /home/airflow/.local/lib/python3.6/site-packages/airflow/example_dags/example_external_task_marker_dag.py for tasks to queue
[2023-02-23 16:53:59,010] {logging_mixin.py:104} INFO - [2023-02-23 16:53:59,010] {dagbag.py:496} INFO - Filling up the DagBag from /home/airflow/.local/lib/python3.6/site-packages/airflow/example_dags/example_external_task_marker_dag.py
[2023-02-23 16:53:59,020] {scheduler_job.py:643} INFO - DAG(s) dict_keys(['example_external_task_marker_parent', 'example_external_task_marker_child']) retrieved from /home/airflow/.local/lib/python3.6/site-packages/airflow/example_dags/example_external_task_marker_dag.py
[2023-02-23 16:53:59,294] {logging_mixin.py:104} INFO - [2023-02-23 16:53:59,293] {dag.py:1833} INFO - Sync 2 DAGs
[2023-02-23 16:53:59,307] {logging_mixin.py:104} INFO - [2023-02-23 16:53:59,307] {dag.py:2306} INFO - Setting next_dagrun for example_external_task_marker_child to None
[2023-02-23 16:53:59,308] {logging_mixin.py:104} INFO - [2023-02-23 16:53:59,308] {dag.py:2306} INFO - Setting next_dagrun for example_external_task_marker_parent to None
[2023-02-23 16:53:59,318] {scheduler_job.py:190} INFO - Processing /home/airflow/.local/lib/python3.6/site-packages/airflow/example_dags/example_external_task_marker_dag.py took 0.313 seconds
[2023-02-23 16:54:30,108] {scheduler_job.py:182} INFO - Started process (PID=921) to work on /home/airflow/.local/lib/python3.6/site-packages/airflow/example_dags/example_external_task_marker_dag.py
[2023-02-23 16:54:30,109] {scheduler_job.py:633} INFO - Processing file /home/airflow/.local/lib/python3.6/site-packages/airflow/example_dags/example_external_task_marker_dag.py for tasks to queue
[2023-02-23 16:54:30,109] {logging_mixin.py:104} INFO - [2023-02-23 16:54:30,109] {dagbag.py:496} INFO - Filling up the DagBag from /home/airflow/.local/lib/python3.6/site-packages/airflow/example_dags/example_external_task_marker_dag.py
[2023-02-23 16:54:30,119] {scheduler_job.py:643} INFO - DAG(s) dict_keys(['example_external_task_marker_parent', 'example_external_task_marker_child']) retrieved from /home/airflow/.local/lib/python3.6/site-packages/airflow/example_dags/example_external_task_marker_dag.py
[2023-02-23 16:54:30,310] {logging_mixin.py:104} INFO - [2023-02-23 16:54:30,310] {dag.py:1833} INFO - Sync 2 DAGs
[2023-02-23 16:54:30,322] {logging_mixin.py:104} INFO - [2023-02-23 16:54:30,322] {dag.py:2306} INFO - Setting next_dagrun for example_external_task_marker_child to None
[2023-02-23 16:54:30,323] {logging_mixin.py:104} INFO - [2023-02-23 16:54:30,323] {dag.py:2306} INFO - Setting next_dagrun for example_external_task_marker_parent to None
[2023-02-23 16:54:30,332] {scheduler_job.py:190} INFO - Processing /home/airflow/.local/lib/python3.6/site-packages/airflow/example_dags/example_external_task_marker_dag.py took 0.227 seconds
[2023-02-23 16:55:00,974] {scheduler_job.py:182} INFO - Started process (PID=973) to work on /home/airflow/.local/lib/python3.6/site-packages/airflow/example_dags/example_external_task_marker_dag.py
[2023-02-23 16:55:00,974] {scheduler_job.py:633} INFO - Processing file /home/airflow/.local/lib/python3.6/site-packages/airflow/example_dags/example_external_task_marker_dag.py for tasks to queue
[2023-02-23 16:55:00,975] {logging_mixin.py:104} INFO - [2023-02-23 16:55:00,975] {dagbag.py:496} INFO - Filling up the DagBag from /home/airflow/.local/lib/python3.6/site-packages/airflow/example_dags/example_external_task_marker_dag.py
[2023-02-23 16:55:00,986] {scheduler_job.py:643} INFO - DAG(s) dict_keys(['example_external_task_marker_parent', 'example_external_task_marker_child']) retrieved from /home/airflow/.local/lib/python3.6/site-packages/airflow/example_dags/example_external_task_marker_dag.py
[2023-02-23 16:55:01,696] {logging_mixin.py:104} INFO - [2023-02-23 16:55:01,696] {dag.py:1833} INFO - Sync 2 DAGs
[2023-02-23 16:55:01,709] {logging_mixin.py:104} INFO - [2023-02-23 16:55:01,709] {dag.py:2306} INFO - Setting next_dagrun for example_external_task_marker_child to None
[2023-02-23 16:55:01,710] {logging_mixin.py:104} INFO - [2023-02-23 16:55:01,710] {dag.py:2306} INFO - Setting next_dagrun for example_external_task_marker_parent to None
[2023-02-23 16:55:01,781] {scheduler_job.py:190} INFO - Processing /home/airflow/.local/lib/python3.6/site-packages/airflow/example_dags/example_external_task_marker_dag.py took 0.876 seconds
[2023-02-23 16:55:32,200] {scheduler_job.py:182} INFO - Started process (PID=1025) to work on /home/airflow/.local/lib/python3.6/site-packages/airflow/example_dags/example_external_task_marker_dag.py
[2023-02-23 16:55:32,201] {scheduler_job.py:633} INFO - Processing file /home/airflow/.local/lib/python3.6/site-packages/airflow/example_dags/example_external_task_marker_dag.py for tasks to queue
[2023-02-23 16:55:32,202] {logging_mixin.py:104} INFO - [2023-02-23 16:55:32,201] {dagbag.py:496} INFO - Filling up the DagBag from /home/airflow/.local/lib/python3.6/site-packages/airflow/example_dags/example_external_task_marker_dag.py
[2023-02-23 16:55:32,213] {scheduler_job.py:643} INFO - DAG(s) dict_keys(['example_external_task_marker_parent', 'example_external_task_marker_child']) retrieved from /home/airflow/.local/lib/python3.6/site-packages/airflow/example_dags/example_external_task_marker_dag.py
[2023-02-23 16:55:32,235] {logging_mixin.py:104} INFO - [2023-02-23 16:55:32,235] {dag.py:1833} INFO - Sync 2 DAGs
[2023-02-23 16:55:32,248] {logging_mixin.py:104} INFO - [2023-02-23 16:55:32,248] {dag.py:2306} INFO - Setting next_dagrun for example_external_task_marker_child to None
[2023-02-23 16:55:32,249] {logging_mixin.py:104} INFO - [2023-02-23 16:55:32,249] {dag.py:2306} INFO - Setting next_dagrun for example_external_task_marker_parent to None
[2023-02-23 16:55:32,258] {scheduler_job.py:190} INFO - Processing /home/airflow/.local/lib/python3.6/site-packages/airflow/example_dags/example_external_task_marker_dag.py took 0.061 seconds
[2023-02-23 16:56:02,473] {scheduler_job.py:182} INFO - Started process (PID=1087) to work on /home/airflow/.local/lib/python3.6/site-packages/airflow/example_dags/example_external_task_marker_dag.py
[2023-02-23 16:56:02,474] {scheduler_job.py:633} INFO - Processing file /home/airflow/.local/lib/python3.6/site-packages/airflow/example_dags/example_external_task_marker_dag.py for tasks to queue
[2023-02-23 16:56:02,474] {logging_mixin.py:104} INFO - [2023-02-23 16:56:02,474] {dagbag.py:496} INFO - Filling up the DagBag from /home/airflow/.local/lib/python3.6/site-packages/airflow/example_dags/example_external_task_marker_dag.py
[2023-02-23 16:56:02,483] {scheduler_job.py:643} INFO - DAG(s) dict_keys(['example_external_task_marker_parent', 'example_external_task_marker_child']) retrieved from /home/airflow/.local/lib/python3.6/site-packages/airflow/example_dags/example_external_task_marker_dag.py
[2023-02-23 16:56:02,504] {logging_mixin.py:104} INFO - [2023-02-23 16:56:02,503] {dag.py:1833} INFO - Sync 2 DAGs
[2023-02-23 16:56:02,518] {logging_mixin.py:104} INFO - [2023-02-23 16:56:02,518] {dag.py:2306} INFO - Setting next_dagrun for example_external_task_marker_child to None
[2023-02-23 16:56:02,519] {logging_mixin.py:104} INFO - [2023-02-23 16:56:02,519] {dag.py:2306} INFO - Setting next_dagrun for example_external_task_marker_parent to None
[2023-02-23 16:56:02,527] {scheduler_job.py:190} INFO - Processing /home/airflow/.local/lib/python3.6/site-packages/airflow/example_dags/example_external_task_marker_dag.py took 0.056 seconds
[2023-02-23 16:56:33,011] {scheduler_job.py:182} INFO - Started process (PID=1139) to work on /home/airflow/.local/lib/python3.6/site-packages/airflow/example_dags/example_external_task_marker_dag.py
[2023-02-23 16:56:33,012] {scheduler_job.py:633} INFO - Processing file /home/airflow/.local/lib/python3.6/site-packages/airflow/example_dags/example_external_task_marker_dag.py for tasks to queue
[2023-02-23 16:56:33,012] {logging_mixin.py:104} INFO - [2023-02-23 16:56:33,012] {dagbag.py:496} INFO - Filling up the DagBag from /home/airflow/.local/lib/python3.6/site-packages/airflow/example_dags/example_external_task_marker_dag.py
[2023-02-23 16:56:33,021] {scheduler_job.py:643} INFO - DAG(s) dict_keys(['example_external_task_marker_parent', 'example_external_task_marker_child']) retrieved from /home/airflow/.local/lib/python3.6/site-packages/airflow/example_dags/example_external_task_marker_dag.py
[2023-02-23 16:56:33,041] {logging_mixin.py:104} INFO - [2023-02-23 16:56:33,041] {dag.py:1833} INFO - Sync 2 DAGs
[2023-02-23 16:56:33,055] {logging_mixin.py:104} INFO - [2023-02-23 16:56:33,055] {dag.py:2306} INFO - Setting next_dagrun for example_external_task_marker_child to None
[2023-02-23 16:56:33,056] {logging_mixin.py:104} INFO - [2023-02-23 16:56:33,056] {dag.py:2306} INFO - Setting next_dagrun for example_external_task_marker_parent to None
[2023-02-23 16:56:33,063] {scheduler_job.py:190} INFO - Processing /home/airflow/.local/lib/python3.6/site-packages/airflow/example_dags/example_external_task_marker_dag.py took 0.054 seconds
[2023-02-23 16:57:03,793] {scheduler_job.py:182} INFO - Started process (PID=1200) to work on /home/airflow/.local/lib/python3.6/site-packages/airflow/example_dags/example_external_task_marker_dag.py
[2023-02-23 16:57:03,794] {scheduler_job.py:633} INFO - Processing file /home/airflow/.local/lib/python3.6/site-packages/airflow/example_dags/example_external_task_marker_dag.py for tasks to queue
[2023-02-23 16:57:03,794] {logging_mixin.py:104} INFO - [2023-02-23 16:57:03,794] {dagbag.py:496} INFO - Filling up the DagBag from /home/airflow/.local/lib/python3.6/site-packages/airflow/example_dags/example_external_task_marker_dag.py
[2023-02-23 16:57:03,804] {scheduler_job.py:643} INFO - DAG(s) dict_keys(['example_external_task_marker_parent', 'example_external_task_marker_child']) retrieved from /home/airflow/.local/lib/python3.6/site-packages/airflow/example_dags/example_external_task_marker_dag.py
[2023-02-23 16:57:04,097] {logging_mixin.py:104} INFO - [2023-02-23 16:57:04,096] {dag.py:1833} INFO - Sync 2 DAGs
[2023-02-23 16:57:04,110] {logging_mixin.py:104} INFO - [2023-02-23 16:57:04,110] {dag.py:2306} INFO - Setting next_dagrun for example_external_task_marker_child to None
[2023-02-23 16:57:04,111] {logging_mixin.py:104} INFO - [2023-02-23 16:57:04,111] {dag.py:2306} INFO - Setting next_dagrun for example_external_task_marker_parent to None
[2023-02-23 16:57:04,175] {scheduler_job.py:190} INFO - Processing /home/airflow/.local/lib/python3.6/site-packages/airflow/example_dags/example_external_task_marker_dag.py took 0.385 seconds
[2023-02-23 16:57:35,001] {scheduler_job.py:182} INFO - Started process (PID=1252) to work on /home/airflow/.local/lib/python3.6/site-packages/airflow/example_dags/example_external_task_marker_dag.py
[2023-02-23 16:57:35,002] {scheduler_job.py:633} INFO - Processing file /home/airflow/.local/lib/python3.6/site-packages/airflow/example_dags/example_external_task_marker_dag.py for tasks to queue
[2023-02-23 16:57:35,003] {logging_mixin.py:104} INFO - [2023-02-23 16:57:35,002] {dagbag.py:496} INFO - Filling up the DagBag from /home/airflow/.local/lib/python3.6/site-packages/airflow/example_dags/example_external_task_marker_dag.py
[2023-02-23 16:57:35,013] {scheduler_job.py:643} INFO - DAG(s) dict_keys(['example_external_task_marker_parent', 'example_external_task_marker_child']) retrieved from /home/airflow/.local/lib/python3.6/site-packages/airflow/example_dags/example_external_task_marker_dag.py
[2023-02-23 16:57:35,076] {logging_mixin.py:104} INFO - [2023-02-23 16:57:35,075] {dag.py:1833} INFO - Sync 2 DAGs
[2023-02-23 16:57:35,096] {logging_mixin.py:104} INFO - [2023-02-23 16:57:35,096] {dag.py:2306} INFO - Setting next_dagrun for example_external_task_marker_child to None
[2023-02-23 16:57:35,097] {logging_mixin.py:104} INFO - [2023-02-23 16:57:35,097] {dag.py:2306} INFO - Setting next_dagrun for example_external_task_marker_parent to None
[2023-02-23 16:57:35,109] {scheduler_job.py:190} INFO - Processing /home/airflow/.local/lib/python3.6/site-packages/airflow/example_dags/example_external_task_marker_dag.py took 0.110 seconds
[2023-02-23 16:58:05,226] {scheduler_job.py:182} INFO - Started process (PID=1313) to work on /home/airflow/.local/lib/python3.6/site-packages/airflow/example_dags/example_external_task_marker_dag.py
[2023-02-23 16:58:05,227] {scheduler_job.py:633} INFO - Processing file /home/airflow/.local/lib/python3.6/site-packages/airflow/example_dags/example_external_task_marker_dag.py for tasks to queue
[2023-02-23 16:58:05,228] {logging_mixin.py:104} INFO - [2023-02-23 16:58:05,228] {dagbag.py:496} INFO - Filling up the DagBag from /home/airflow/.local/lib/python3.6/site-packages/airflow/example_dags/example_external_task_marker_dag.py
[2023-02-23 16:58:05,239] {scheduler_job.py:643} INFO - DAG(s) dict_keys(['example_external_task_marker_parent', 'example_external_task_marker_child']) retrieved from /home/airflow/.local/lib/python3.6/site-packages/airflow/example_dags/example_external_task_marker_dag.py
[2023-02-23 16:58:05,428] {logging_mixin.py:104} INFO - [2023-02-23 16:58:05,428] {dag.py:1833} INFO - Sync 2 DAGs
[2023-02-23 16:58:05,443] {logging_mixin.py:104} INFO - [2023-02-23 16:58:05,443] {dag.py:2306} INFO - Setting next_dagrun for example_external_task_marker_child to None
[2023-02-23 16:58:05,443] {logging_mixin.py:104} INFO - [2023-02-23 16:58:05,443] {dag.py:2306} INFO - Setting next_dagrun for example_external_task_marker_parent to None
[2023-02-23 16:58:05,453] {scheduler_job.py:190} INFO - Processing /home/airflow/.local/lib/python3.6/site-packages/airflow/example_dags/example_external_task_marker_dag.py took 0.230 seconds
[2023-02-23 16:58:35,539] {scheduler_job.py:182} INFO - Started process (PID=1365) to work on /home/airflow/.local/lib/python3.6/site-packages/airflow/example_dags/example_external_task_marker_dag.py
[2023-02-23 16:58:35,540] {scheduler_job.py:633} INFO - Processing file /home/airflow/.local/lib/python3.6/site-packages/airflow/example_dags/example_external_task_marker_dag.py for tasks to queue
[2023-02-23 16:58:35,541] {logging_mixin.py:104} INFO - [2023-02-23 16:58:35,541] {dagbag.py:496} INFO - Filling up the DagBag from /home/airflow/.local/lib/python3.6/site-packages/airflow/example_dags/example_external_task_marker_dag.py
[2023-02-23 16:58:35,551] {scheduler_job.py:643} INFO - DAG(s) dict_keys(['example_external_task_marker_parent', 'example_external_task_marker_child']) retrieved from /home/airflow/.local/lib/python3.6/site-packages/airflow/example_dags/example_external_task_marker_dag.py
[2023-02-23 16:58:35,573] {logging_mixin.py:104} INFO - [2023-02-23 16:58:35,573] {dag.py:1833} INFO - Sync 2 DAGs
[2023-02-23 16:58:35,587] {logging_mixin.py:104} INFO - [2023-02-23 16:58:35,587] {dag.py:2306} INFO - Setting next_dagrun for example_external_task_marker_child to None
[2023-02-23 16:58:35,588] {logging_mixin.py:104} INFO - [2023-02-23 16:58:35,588] {dag.py:2306} INFO - Setting next_dagrun for example_external_task_marker_parent to None
[2023-02-23 16:58:35,596] {scheduler_job.py:190} INFO - Processing /home/airflow/.local/lib/python3.6/site-packages/airflow/example_dags/example_external_task_marker_dag.py took 0.059 seconds
[2023-02-23 16:59:06,318] {scheduler_job.py:182} INFO - Started process (PID=1427) to work on /home/airflow/.local/lib/python3.6/site-packages/airflow/example_dags/example_external_task_marker_dag.py
[2023-02-23 16:59:06,319] {scheduler_job.py:633} INFO - Processing file /home/airflow/.local/lib/python3.6/site-packages/airflow/example_dags/example_external_task_marker_dag.py for tasks to queue
[2023-02-23 16:59:06,320] {logging_mixin.py:104} INFO - [2023-02-23 16:59:06,319] {dagbag.py:496} INFO - Filling up the DagBag from /home/airflow/.local/lib/python3.6/site-packages/airflow/example_dags/example_external_task_marker_dag.py
[2023-02-23 16:59:06,330] {scheduler_job.py:643} INFO - DAG(s) dict_keys(['example_external_task_marker_parent', 'example_external_task_marker_child']) retrieved from /home/airflow/.local/lib/python3.6/site-packages/airflow/example_dags/example_external_task_marker_dag.py
[2023-02-23 16:59:06,615] {logging_mixin.py:104} INFO - [2023-02-23 16:59:06,615] {dag.py:1833} INFO - Sync 2 DAGs
[2023-02-23 16:59:06,629] {logging_mixin.py:104} INFO - [2023-02-23 16:59:06,628] {dag.py:2306} INFO - Setting next_dagrun for example_external_task_marker_child to None
[2023-02-23 16:59:06,629] {logging_mixin.py:104} INFO - [2023-02-23 16:59:06,629] {dag.py:2306} INFO - Setting next_dagrun for example_external_task_marker_parent to None
[2023-02-23 16:59:06,679] {scheduler_job.py:190} INFO - Processing /home/airflow/.local/lib/python3.6/site-packages/airflow/example_dags/example_external_task_marker_dag.py took 0.364 seconds
[2023-02-23 16:59:36,836] {scheduler_job.py:182} INFO - Started process (PID=1481) to work on /home/airflow/.local/lib/python3.6/site-packages/airflow/example_dags/example_external_task_marker_dag.py
[2023-02-23 16:59:36,837] {scheduler_job.py:633} INFO - Processing file /home/airflow/.local/lib/python3.6/site-packages/airflow/example_dags/example_external_task_marker_dag.py for tasks to queue
[2023-02-23 16:59:36,838] {logging_mixin.py:104} INFO - [2023-02-23 16:59:36,838] {dagbag.py:496} INFO - Filling up the DagBag from /home/airflow/.local/lib/python3.6/site-packages/airflow/example_dags/example_external_task_marker_dag.py
[2023-02-23 16:59:36,847] {scheduler_job.py:643} INFO - DAG(s) dict_keys(['example_external_task_marker_parent', 'example_external_task_marker_child']) retrieved from /home/airflow/.local/lib/python3.6/site-packages/airflow/example_dags/example_external_task_marker_dag.py
[2023-02-23 16:59:37,033] {logging_mixin.py:104} INFO - [2023-02-23 16:59:37,033] {dag.py:1833} INFO - Sync 2 DAGs
[2023-02-23 16:59:37,043] {logging_mixin.py:104} INFO - [2023-02-23 16:59:37,043] {dag.py:2306} INFO - Setting next_dagrun for example_external_task_marker_child to None
[2023-02-23 16:59:37,044] {logging_mixin.py:104} INFO - [2023-02-23 16:59:37,044] {dag.py:2306} INFO - Setting next_dagrun for example_external_task_marker_parent to None
[2023-02-23 16:59:37,052] {scheduler_job.py:190} INFO - Processing /home/airflow/.local/lib/python3.6/site-packages/airflow/example_dags/example_external_task_marker_dag.py took 0.218 seconds
[2023-02-23 17:00:07,798] {scheduler_job.py:182} INFO - Started process (PID=1541) to work on /home/airflow/.local/lib/python3.6/site-packages/airflow/example_dags/example_external_task_marker_dag.py
[2023-02-23 17:00:07,799] {scheduler_job.py:633} INFO - Processing file /home/airflow/.local/lib/python3.6/site-packages/airflow/example_dags/example_external_task_marker_dag.py for tasks to queue
[2023-02-23 17:00:07,799] {logging_mixin.py:104} INFO - [2023-02-23 17:00:07,799] {dagbag.py:496} INFO - Filling up the DagBag from /home/airflow/.local/lib/python3.6/site-packages/airflow/example_dags/example_external_task_marker_dag.py
[2023-02-23 17:00:07,809] {scheduler_job.py:643} INFO - DAG(s) dict_keys(['example_external_task_marker_parent', 'example_external_task_marker_child']) retrieved from /home/airflow/.local/lib/python3.6/site-packages/airflow/example_dags/example_external_task_marker_dag.py
[2023-02-23 17:00:08,104] {logging_mixin.py:104} INFO - [2023-02-23 17:00:08,104] {dag.py:1833} INFO - Sync 2 DAGs
[2023-02-23 17:00:08,116] {logging_mixin.py:104} INFO - [2023-02-23 17:00:08,116] {dag.py:2306} INFO - Setting next_dagrun for example_external_task_marker_child to None
[2023-02-23 17:00:08,116] {logging_mixin.py:104} INFO - [2023-02-23 17:00:08,116] {dag.py:2306} INFO - Setting next_dagrun for example_external_task_marker_parent to None
[2023-02-23 17:00:08,128] {scheduler_job.py:190} INFO - Processing /home/airflow/.local/lib/python3.6/site-packages/airflow/example_dags/example_external_task_marker_dag.py took 0.333 seconds
[2023-02-23 17:00:38,783] {scheduler_job.py:182} INFO - Started process (PID=1596) to work on /home/airflow/.local/lib/python3.6/site-packages/airflow/example_dags/example_external_task_marker_dag.py
[2023-02-23 17:00:38,783] {scheduler_job.py:633} INFO - Processing file /home/airflow/.local/lib/python3.6/site-packages/airflow/example_dags/example_external_task_marker_dag.py for tasks to queue
[2023-02-23 17:00:38,784] {logging_mixin.py:104} INFO - [2023-02-23 17:00:38,784] {dagbag.py:496} INFO - Filling up the DagBag from /home/airflow/.local/lib/python3.6/site-packages/airflow/example_dags/example_external_task_marker_dag.py
[2023-02-23 17:00:38,794] {scheduler_job.py:643} INFO - DAG(s) dict_keys(['example_external_task_marker_parent', 'example_external_task_marker_child']) retrieved from /home/airflow/.local/lib/python3.6/site-packages/airflow/example_dags/example_external_task_marker_dag.py
[2023-02-23 17:00:39,117] {logging_mixin.py:104} INFO - [2023-02-23 17:00:39,117] {dag.py:1833} INFO - Sync 2 DAGs
[2023-02-23 17:00:39,184] {logging_mixin.py:104} INFO - [2023-02-23 17:00:39,183] {dag.py:2306} INFO - Setting next_dagrun for example_external_task_marker_child to None
[2023-02-23 17:00:39,184] {logging_mixin.py:104} INFO - [2023-02-23 17:00:39,184] {dag.py:2306} INFO - Setting next_dagrun for example_external_task_marker_parent to None
[2023-02-23 17:00:39,196] {scheduler_job.py:190} INFO - Processing /home/airflow/.local/lib/python3.6/site-packages/airflow/example_dags/example_external_task_marker_dag.py took 0.416 seconds
[2023-02-23 17:01:09,437] {scheduler_job.py:182} INFO - Started process (PID=1658) to work on /home/airflow/.local/lib/python3.6/site-packages/airflow/example_dags/example_external_task_marker_dag.py
[2023-02-23 17:01:09,438] {scheduler_job.py:633} INFO - Processing file /home/airflow/.local/lib/python3.6/site-packages/airflow/example_dags/example_external_task_marker_dag.py for tasks to queue
[2023-02-23 17:01:09,438] {logging_mixin.py:104} INFO - [2023-02-23 17:01:09,438] {dagbag.py:496} INFO - Filling up the DagBag from /home/airflow/.local/lib/python3.6/site-packages/airflow/example_dags/example_external_task_marker_dag.py
[2023-02-23 17:01:09,451] {scheduler_job.py:643} INFO - DAG(s) dict_keys(['example_external_task_marker_parent', 'example_external_task_marker_child']) retrieved from /home/airflow/.local/lib/python3.6/site-packages/airflow/example_dags/example_external_task_marker_dag.py
[2023-02-23 17:01:09,480] {logging_mixin.py:104} INFO - [2023-02-23 17:01:09,479] {dag.py:1833} INFO - Sync 2 DAGs
[2023-02-23 17:01:09,498] {logging_mixin.py:104} INFO - [2023-02-23 17:01:09,498] {dag.py:2306} INFO - Setting next_dagrun for example_external_task_marker_child to None
[2023-02-23 17:01:09,499] {logging_mixin.py:104} INFO - [2023-02-23 17:01:09,499] {dag.py:2306} INFO - Setting next_dagrun for example_external_task_marker_parent to None
[2023-02-23 17:01:09,510] {scheduler_job.py:190} INFO - Processing /home/airflow/.local/lib/python3.6/site-packages/airflow/example_dags/example_external_task_marker_dag.py took 0.076 seconds
[2023-02-23 17:01:39,986] {scheduler_job.py:182} INFO - Started process (PID=1711) to work on /home/airflow/.local/lib/python3.6/site-packages/airflow/example_dags/example_external_task_marker_dag.py
[2023-02-23 17:01:39,986] {scheduler_job.py:633} INFO - Processing file /home/airflow/.local/lib/python3.6/site-packages/airflow/example_dags/example_external_task_marker_dag.py for tasks to queue
[2023-02-23 17:01:39,987] {logging_mixin.py:104} INFO - [2023-02-23 17:01:39,987] {dagbag.py:496} INFO - Filling up the DagBag from /home/airflow/.local/lib/python3.6/site-packages/airflow/example_dags/example_external_task_marker_dag.py
[2023-02-23 17:01:39,997] {scheduler_job.py:643} INFO - DAG(s) dict_keys(['example_external_task_marker_parent', 'example_external_task_marker_child']) retrieved from /home/airflow/.local/lib/python3.6/site-packages/airflow/example_dags/example_external_task_marker_dag.py
[2023-02-23 17:01:40,175] {logging_mixin.py:104} INFO - [2023-02-23 17:01:40,175] {dag.py:1833} INFO - Sync 2 DAGs
[2023-02-23 17:01:40,187] {logging_mixin.py:104} INFO - [2023-02-23 17:01:40,187] {dag.py:2306} INFO - Setting next_dagrun for example_external_task_marker_child to None
[2023-02-23 17:01:40,187] {logging_mixin.py:104} INFO - [2023-02-23 17:01:40,187] {dag.py:2306} INFO - Setting next_dagrun for example_external_task_marker_parent to None
[2023-02-23 17:01:40,197] {scheduler_job.py:190} INFO - Processing /home/airflow/.local/lib/python3.6/site-packages/airflow/example_dags/example_external_task_marker_dag.py took 0.213 seconds
[2023-02-23 17:02:11,123] {scheduler_job.py:182} INFO - Started process (PID=1773) to work on /home/airflow/.local/lib/python3.6/site-packages/airflow/example_dags/example_external_task_marker_dag.py
[2023-02-23 17:02:11,124] {scheduler_job.py:633} INFO - Processing file /home/airflow/.local/lib/python3.6/site-packages/airflow/example_dags/example_external_task_marker_dag.py for tasks to queue
[2023-02-23 17:02:11,124] {logging_mixin.py:104} INFO - [2023-02-23 17:02:11,124] {dagbag.py:496} INFO - Filling up the DagBag from /home/airflow/.local/lib/python3.6/site-packages/airflow/example_dags/example_external_task_marker_dag.py
[2023-02-23 17:02:11,136] {scheduler_job.py:643} INFO - DAG(s) dict_keys(['example_external_task_marker_parent', 'example_external_task_marker_child']) retrieved from /home/airflow/.local/lib/python3.6/site-packages/airflow/example_dags/example_external_task_marker_dag.py
[2023-02-23 17:02:11,516] {logging_mixin.py:104} INFO - [2023-02-23 17:02:11,515] {dag.py:1833} INFO - Sync 2 DAGs
[2023-02-23 17:02:11,572] {logging_mixin.py:104} INFO - [2023-02-23 17:02:11,572] {dag.py:2306} INFO - Setting next_dagrun for example_external_task_marker_child to None
[2023-02-23 17:02:11,573] {logging_mixin.py:104} INFO - [2023-02-23 17:02:11,573] {dag.py:2306} INFO - Setting next_dagrun for example_external_task_marker_parent to None
[2023-02-23 17:02:11,586] {scheduler_job.py:190} INFO - Processing /home/airflow/.local/lib/python3.6/site-packages/airflow/example_dags/example_external_task_marker_dag.py took 0.466 seconds
[2023-02-23 17:02:42,420] {scheduler_job.py:182} INFO - Started process (PID=1825) to work on /home/airflow/.local/lib/python3.6/site-packages/airflow/example_dags/example_external_task_marker_dag.py
[2023-02-23 17:02:42,421] {scheduler_job.py:633} INFO - Processing file /home/airflow/.local/lib/python3.6/site-packages/airflow/example_dags/example_external_task_marker_dag.py for tasks to queue
[2023-02-23 17:02:42,422] {logging_mixin.py:104} INFO - [2023-02-23 17:02:42,422] {dagbag.py:496} INFO - Filling up the DagBag from /home/airflow/.local/lib/python3.6/site-packages/airflow/example_dags/example_external_task_marker_dag.py
[2023-02-23 17:02:42,434] {scheduler_job.py:643} INFO - DAG(s) dict_keys(['example_external_task_marker_parent', 'example_external_task_marker_child']) retrieved from /home/airflow/.local/lib/python3.6/site-packages/airflow/example_dags/example_external_task_marker_dag.py
[2023-02-23 17:02:42,645] {logging_mixin.py:104} INFO - [2023-02-23 17:02:42,645] {dag.py:1833} INFO - Sync 2 DAGs
[2023-02-23 17:02:42,661] {logging_mixin.py:104} INFO - [2023-02-23 17:02:42,661] {dag.py:2306} INFO - Setting next_dagrun for example_external_task_marker_child to None
[2023-02-23 17:02:42,662] {logging_mixin.py:104} INFO - [2023-02-23 17:02:42,662] {dag.py:2306} INFO - Setting next_dagrun for example_external_task_marker_parent to None
[2023-02-23 17:02:42,673] {scheduler_job.py:190} INFO - Processing /home/airflow/.local/lib/python3.6/site-packages/airflow/example_dags/example_external_task_marker_dag.py took 0.255 seconds
[2023-02-23 17:03:12,707] {scheduler_job.py:182} INFO - Started process (PID=1877) to work on /home/airflow/.local/lib/python3.6/site-packages/airflow/example_dags/example_external_task_marker_dag.py
[2023-02-23 17:03:12,708] {scheduler_job.py:633} INFO - Processing file /home/airflow/.local/lib/python3.6/site-packages/airflow/example_dags/example_external_task_marker_dag.py for tasks to queue
[2023-02-23 17:03:12,709] {logging_mixin.py:104} INFO - [2023-02-23 17:03:12,708] {dagbag.py:496} INFO - Filling up the DagBag from /home/airflow/.local/lib/python3.6/site-packages/airflow/example_dags/example_external_task_marker_dag.py
[2023-02-23 17:03:12,719] {scheduler_job.py:643} INFO - DAG(s) dict_keys(['example_external_task_marker_parent', 'example_external_task_marker_child']) retrieved from /home/airflow/.local/lib/python3.6/site-packages/airflow/example_dags/example_external_task_marker_dag.py
[2023-02-23 17:03:12,743] {logging_mixin.py:104} INFO - [2023-02-23 17:03:12,743] {dag.py:1833} INFO - Sync 2 DAGs
[2023-02-23 17:03:12,757] {logging_mixin.py:104} INFO - [2023-02-23 17:03:12,757] {dag.py:2306} INFO - Setting next_dagrun for example_external_task_marker_child to None
[2023-02-23 17:03:12,758] {logging_mixin.py:104} INFO - [2023-02-23 17:03:12,758] {dag.py:2306} INFO - Setting next_dagrun for example_external_task_marker_parent to None
[2023-02-23 17:03:12,767] {scheduler_job.py:190} INFO - Processing /home/airflow/.local/lib/python3.6/site-packages/airflow/example_dags/example_external_task_marker_dag.py took 0.063 seconds
[2023-02-23 17:03:42,883] {scheduler_job.py:182} INFO - Started process (PID=1938) to work on /home/airflow/.local/lib/python3.6/site-packages/airflow/example_dags/example_external_task_marker_dag.py
[2023-02-23 17:03:42,884] {scheduler_job.py:633} INFO - Processing file /home/airflow/.local/lib/python3.6/site-packages/airflow/example_dags/example_external_task_marker_dag.py for tasks to queue
[2023-02-23 17:03:42,885] {logging_mixin.py:104} INFO - [2023-02-23 17:03:42,885] {dagbag.py:496} INFO - Filling up the DagBag from /home/airflow/.local/lib/python3.6/site-packages/airflow/example_dags/example_external_task_marker_dag.py
[2023-02-23 17:03:42,896] {scheduler_job.py:643} INFO - DAG(s) dict_keys(['example_external_task_marker_parent', 'example_external_task_marker_child']) retrieved from /home/airflow/.local/lib/python3.6/site-packages/airflow/example_dags/example_external_task_marker_dag.py
[2023-02-23 17:03:42,921] {logging_mixin.py:104} INFO - [2023-02-23 17:03:42,921] {dag.py:1833} INFO - Sync 2 DAGs
[2023-02-23 17:03:42,937] {logging_mixin.py:104} INFO - [2023-02-23 17:03:42,937] {dag.py:2306} INFO - Setting next_dagrun for example_external_task_marker_child to None
[2023-02-23 17:03:42,938] {logging_mixin.py:104} INFO - [2023-02-23 17:03:42,938] {dag.py:2306} INFO - Setting next_dagrun for example_external_task_marker_parent to None
[2023-02-23 17:03:42,947] {scheduler_job.py:190} INFO - Processing /home/airflow/.local/lib/python3.6/site-packages/airflow/example_dags/example_external_task_marker_dag.py took 0.065 seconds
[2023-02-23 17:04:13,843] {scheduler_job.py:182} INFO - Started process (PID=1991) to work on /home/airflow/.local/lib/python3.6/site-packages/airflow/example_dags/example_external_task_marker_dag.py
[2023-02-23 17:04:13,845] {scheduler_job.py:633} INFO - Processing file /home/airflow/.local/lib/python3.6/site-packages/airflow/example_dags/example_external_task_marker_dag.py for tasks to queue
[2023-02-23 17:04:13,846] {logging_mixin.py:104} INFO - [2023-02-23 17:04:13,846] {dagbag.py:496} INFO - Filling up the DagBag from /home/airflow/.local/lib/python3.6/site-packages/airflow/example_dags/example_external_task_marker_dag.py
[2023-02-23 17:04:13,854] {scheduler_job.py:643} INFO - DAG(s) dict_keys(['example_external_task_marker_parent', 'example_external_task_marker_child']) retrieved from /home/airflow/.local/lib/python3.6/site-packages/airflow/example_dags/example_external_task_marker_dag.py
[2023-02-23 17:04:13,874] {logging_mixin.py:104} INFO - [2023-02-23 17:04:13,874] {dag.py:1833} INFO - Sync 2 DAGs
[2023-02-23 17:04:13,887] {logging_mixin.py:104} INFO - [2023-02-23 17:04:13,887] {dag.py:2306} INFO - Setting next_dagrun for example_external_task_marker_child to None
[2023-02-23 17:04:13,888] {logging_mixin.py:104} INFO - [2023-02-23 17:04:13,888] {dag.py:2306} INFO - Setting next_dagrun for example_external_task_marker_parent to None
[2023-02-23 17:04:13,895] {scheduler_job.py:190} INFO - Processing /home/airflow/.local/lib/python3.6/site-packages/airflow/example_dags/example_external_task_marker_dag.py took 0.054 seconds
[2023-02-23 17:04:44,583] {scheduler_job.py:182} INFO - Started process (PID=2054) to work on /home/airflow/.local/lib/python3.6/site-packages/airflow/example_dags/example_external_task_marker_dag.py
[2023-02-23 17:04:44,584] {scheduler_job.py:633} INFO - Processing file /home/airflow/.local/lib/python3.6/site-packages/airflow/example_dags/example_external_task_marker_dag.py for tasks to queue
[2023-02-23 17:04:44,584] {logging_mixin.py:104} INFO - [2023-02-23 17:04:44,584] {dagbag.py:496} INFO - Filling up the DagBag from /home/airflow/.local/lib/python3.6/site-packages/airflow/example_dags/example_external_task_marker_dag.py
[2023-02-23 17:04:44,595] {scheduler_job.py:643} INFO - DAG(s) dict_keys(['example_external_task_marker_parent', 'example_external_task_marker_child']) retrieved from /home/airflow/.local/lib/python3.6/site-packages/airflow/example_dags/example_external_task_marker_dag.py
[2023-02-23 17:04:44,809] {logging_mixin.py:104} INFO - [2023-02-23 17:04:44,808] {dag.py:1833} INFO - Sync 2 DAGs
[2023-02-23 17:04:44,823] {logging_mixin.py:104} INFO - [2023-02-23 17:04:44,823] {dag.py:2306} INFO - Setting next_dagrun for example_external_task_marker_child to None
[2023-02-23 17:04:44,824] {logging_mixin.py:104} INFO - [2023-02-23 17:04:44,824] {dag.py:2306} INFO - Setting next_dagrun for example_external_task_marker_parent to None
[2023-02-23 17:04:44,834] {scheduler_job.py:190} INFO - Processing /home/airflow/.local/lib/python3.6/site-packages/airflow/example_dags/example_external_task_marker_dag.py took 0.254 seconds
[2023-02-23 17:05:15,524] {scheduler_job.py:182} INFO - Started process (PID=2106) to work on /home/airflow/.local/lib/python3.6/site-packages/airflow/example_dags/example_external_task_marker_dag.py
[2023-02-23 17:05:15,524] {scheduler_job.py:633} INFO - Processing file /home/airflow/.local/lib/python3.6/site-packages/airflow/example_dags/example_external_task_marker_dag.py for tasks to queue
[2023-02-23 17:05:15,525] {logging_mixin.py:104} INFO - [2023-02-23 17:05:15,525] {dagbag.py:496} INFO - Filling up the DagBag from /home/airflow/.local/lib/python3.6/site-packages/airflow/example_dags/example_external_task_marker_dag.py
[2023-02-23 17:05:15,535] {scheduler_job.py:643} INFO - DAG(s) dict_keys(['example_external_task_marker_parent', 'example_external_task_marker_child']) retrieved from /home/airflow/.local/lib/python3.6/site-packages/airflow/example_dags/example_external_task_marker_dag.py
[2023-02-23 17:05:15,555] {logging_mixin.py:104} INFO - [2023-02-23 17:05:15,555] {dag.py:1833} INFO - Sync 2 DAGs
[2023-02-23 17:05:15,570] {logging_mixin.py:104} INFO - [2023-02-23 17:05:15,570] {dag.py:2306} INFO - Setting next_dagrun for example_external_task_marker_child to None
[2023-02-23 17:05:15,571] {logging_mixin.py:104} INFO - [2023-02-23 17:05:15,571] {dag.py:2306} INFO - Setting next_dagrun for example_external_task_marker_parent to None
[2023-02-23 17:05:15,580] {scheduler_job.py:190} INFO - Processing /home/airflow/.local/lib/python3.6/site-packages/airflow/example_dags/example_external_task_marker_dag.py took 0.059 seconds
[2023-02-23 17:05:45,728] {scheduler_job.py:182} INFO - Started process (PID=2167) to work on /home/airflow/.local/lib/python3.6/site-packages/airflow/example_dags/example_external_task_marker_dag.py
[2023-02-23 17:05:45,729] {scheduler_job.py:633} INFO - Processing file /home/airflow/.local/lib/python3.6/site-packages/airflow/example_dags/example_external_task_marker_dag.py for tasks to queue
[2023-02-23 17:05:45,729] {logging_mixin.py:104} INFO - [2023-02-23 17:05:45,729] {dagbag.py:496} INFO - Filling up the DagBag from /home/airflow/.local/lib/python3.6/site-packages/airflow/example_dags/example_external_task_marker_dag.py
[2023-02-23 17:05:45,740] {scheduler_job.py:643} INFO - DAG(s) dict_keys(['example_external_task_marker_parent', 'example_external_task_marker_child']) retrieved from /home/airflow/.local/lib/python3.6/site-packages/airflow/example_dags/example_external_task_marker_dag.py
[2023-02-23 17:05:45,934] {logging_mixin.py:104} INFO - [2023-02-23 17:05:45,934] {dag.py:1833} INFO - Sync 2 DAGs
[2023-02-23 17:05:45,972] {logging_mixin.py:104} INFO - [2023-02-23 17:05:45,972] {dag.py:2306} INFO - Setting next_dagrun for example_external_task_marker_child to None
[2023-02-23 17:05:45,973] {logging_mixin.py:104} INFO - [2023-02-23 17:05:45,973] {dag.py:2306} INFO - Setting next_dagrun for example_external_task_marker_parent to None
[2023-02-23 17:05:45,984] {scheduler_job.py:190} INFO - Processing /home/airflow/.local/lib/python3.6/site-packages/airflow/example_dags/example_external_task_marker_dag.py took 0.258 seconds
[2023-02-23 17:06:16,994] {scheduler_job.py:182} INFO - Started process (PID=2222) to work on /home/airflow/.local/lib/python3.6/site-packages/airflow/example_dags/example_external_task_marker_dag.py
[2023-02-23 17:06:16,994] {scheduler_job.py:633} INFO - Processing file /home/airflow/.local/lib/python3.6/site-packages/airflow/example_dags/example_external_task_marker_dag.py for tasks to queue
[2023-02-23 17:06:16,995] {logging_mixin.py:104} INFO - [2023-02-23 17:06:16,995] {dagbag.py:496} INFO - Filling up the DagBag from /home/airflow/.local/lib/python3.6/site-packages/airflow/example_dags/example_external_task_marker_dag.py
[2023-02-23 17:06:17,006] {scheduler_job.py:643} INFO - DAG(s) dict_keys(['example_external_task_marker_parent', 'example_external_task_marker_child']) retrieved from /home/airflow/.local/lib/python3.6/site-packages/airflow/example_dags/example_external_task_marker_dag.py
[2023-02-23 17:06:17,027] {logging_mixin.py:104} INFO - [2023-02-23 17:06:17,027] {dag.py:1833} INFO - Sync 2 DAGs
[2023-02-23 17:06:17,041] {logging_mixin.py:104} INFO - [2023-02-23 17:06:17,041] {dag.py:2306} INFO - Setting next_dagrun for example_external_task_marker_child to None
[2023-02-23 17:06:17,042] {logging_mixin.py:104} INFO - [2023-02-23 17:06:17,042] {dag.py:2306} INFO - Setting next_dagrun for example_external_task_marker_parent to None
[2023-02-23 17:06:17,050] {scheduler_job.py:190} INFO - Processing /home/airflow/.local/lib/python3.6/site-packages/airflow/example_dags/example_external_task_marker_dag.py took 0.059 seconds
[2023-02-23 17:06:48,103] {scheduler_job.py:182} INFO - Started process (PID=2285) to work on /home/airflow/.local/lib/python3.6/site-packages/airflow/example_dags/example_external_task_marker_dag.py
[2023-02-23 17:06:48,103] {scheduler_job.py:633} INFO - Processing file /home/airflow/.local/lib/python3.6/site-packages/airflow/example_dags/example_external_task_marker_dag.py for tasks to queue
[2023-02-23 17:06:48,104] {logging_mixin.py:104} INFO - [2023-02-23 17:06:48,104] {dagbag.py:496} INFO - Filling up the DagBag from /home/airflow/.local/lib/python3.6/site-packages/airflow/example_dags/example_external_task_marker_dag.py
[2023-02-23 17:06:48,114] {scheduler_job.py:643} INFO - DAG(s) dict_keys(['example_external_task_marker_parent', 'example_external_task_marker_child']) retrieved from /home/airflow/.local/lib/python3.6/site-packages/airflow/example_dags/example_external_task_marker_dag.py
[2023-02-23 17:06:48,582] {logging_mixin.py:104} INFO - [2023-02-23 17:06:48,582] {dag.py:1833} INFO - Sync 2 DAGs
[2023-02-23 17:06:48,596] {logging_mixin.py:104} INFO - [2023-02-23 17:06:48,595] {dag.py:2306} INFO - Setting next_dagrun for example_external_task_marker_child to None
[2023-02-23 17:06:48,596] {logging_mixin.py:104} INFO - [2023-02-23 17:06:48,596] {dag.py:2306} INFO - Setting next_dagrun for example_external_task_marker_parent to None
[2023-02-23 17:06:48,608] {scheduler_job.py:190} INFO - Processing /home/airflow/.local/lib/python3.6/site-packages/airflow/example_dags/example_external_task_marker_dag.py took 0.508 seconds
[2023-02-23 17:07:19,427] {scheduler_job.py:182} INFO - Started process (PID=2337) to work on /home/airflow/.local/lib/python3.6/site-packages/airflow/example_dags/example_external_task_marker_dag.py
[2023-02-23 17:07:19,428] {scheduler_job.py:633} INFO - Processing file /home/airflow/.local/lib/python3.6/site-packages/airflow/example_dags/example_external_task_marker_dag.py for tasks to queue
[2023-02-23 17:07:19,429] {logging_mixin.py:104} INFO - [2023-02-23 17:07:19,429] {dagbag.py:496} INFO - Filling up the DagBag from /home/airflow/.local/lib/python3.6/site-packages/airflow/example_dags/example_external_task_marker_dag.py
[2023-02-23 17:07:19,440] {scheduler_job.py:643} INFO - DAG(s) dict_keys(['example_external_task_marker_parent', 'example_external_task_marker_child']) retrieved from /home/airflow/.local/lib/python3.6/site-packages/airflow/example_dags/example_external_task_marker_dag.py
[2023-02-23 17:07:19,462] {logging_mixin.py:104} INFO - [2023-02-23 17:07:19,462] {dag.py:1833} INFO - Sync 2 DAGs
[2023-02-23 17:07:19,475] {logging_mixin.py:104} INFO - [2023-02-23 17:07:19,475] {dag.py:2306} INFO - Setting next_dagrun for example_external_task_marker_child to None
[2023-02-23 17:07:19,476] {logging_mixin.py:104} INFO - [2023-02-23 17:07:19,476] {dag.py:2306} INFO - Setting next_dagrun for example_external_task_marker_parent to None
[2023-02-23 17:07:19,484] {scheduler_job.py:190} INFO - Processing /home/airflow/.local/lib/python3.6/site-packages/airflow/example_dags/example_external_task_marker_dag.py took 0.060 seconds
[2023-02-23 17:07:49,810] {scheduler_job.py:182} INFO - Started process (PID=2399) to work on /home/airflow/.local/lib/python3.6/site-packages/airflow/example_dags/example_external_task_marker_dag.py
[2023-02-23 17:07:49,811] {scheduler_job.py:633} INFO - Processing file /home/airflow/.local/lib/python3.6/site-packages/airflow/example_dags/example_external_task_marker_dag.py for tasks to queue
[2023-02-23 17:07:49,812] {logging_mixin.py:104} INFO - [2023-02-23 17:07:49,812] {dagbag.py:496} INFO - Filling up the DagBag from /home/airflow/.local/lib/python3.6/site-packages/airflow/example_dags/example_external_task_marker_dag.py
[2023-02-23 17:07:49,821] {scheduler_job.py:643} INFO - DAG(s) dict_keys(['example_external_task_marker_parent', 'example_external_task_marker_child']) retrieved from /home/airflow/.local/lib/python3.6/site-packages/airflow/example_dags/example_external_task_marker_dag.py
[2023-02-23 17:07:50,178] {logging_mixin.py:104} INFO - [2023-02-23 17:07:50,178] {dag.py:1833} INFO - Sync 2 DAGs
[2023-02-23 17:07:50,195] {logging_mixin.py:104} INFO - [2023-02-23 17:07:50,195] {dag.py:2306} INFO - Setting next_dagrun for example_external_task_marker_child to None
[2023-02-23 17:07:50,196] {logging_mixin.py:104} INFO - [2023-02-23 17:07:50,196] {dag.py:2306} INFO - Setting next_dagrun for example_external_task_marker_parent to None
[2023-02-23 17:07:50,208] {scheduler_job.py:190} INFO - Processing /home/airflow/.local/lib/python3.6/site-packages/airflow/example_dags/example_external_task_marker_dag.py took 0.400 seconds
[2023-02-23 17:08:20,408] {scheduler_job.py:182} INFO - Started process (PID=2451) to work on /home/airflow/.local/lib/python3.6/site-packages/airflow/example_dags/example_external_task_marker_dag.py
[2023-02-23 17:08:20,408] {scheduler_job.py:633} INFO - Processing file /home/airflow/.local/lib/python3.6/site-packages/airflow/example_dags/example_external_task_marker_dag.py for tasks to queue
[2023-02-23 17:08:20,409] {logging_mixin.py:104} INFO - [2023-02-23 17:08:20,409] {dagbag.py:496} INFO - Filling up the DagBag from /home/airflow/.local/lib/python3.6/site-packages/airflow/example_dags/example_external_task_marker_dag.py
[2023-02-23 17:08:20,419] {scheduler_job.py:643} INFO - DAG(s) dict_keys(['example_external_task_marker_parent', 'example_external_task_marker_child']) retrieved from /home/airflow/.local/lib/python3.6/site-packages/airflow/example_dags/example_external_task_marker_dag.py
[2023-02-23 17:08:20,687] {logging_mixin.py:104} INFO - [2023-02-23 17:08:20,687] {dag.py:1833} INFO - Sync 2 DAGs
[2023-02-23 17:08:20,700] {logging_mixin.py:104} INFO - [2023-02-23 17:08:20,700] {dag.py:2306} INFO - Setting next_dagrun for example_external_task_marker_child to None
[2023-02-23 17:08:20,701] {logging_mixin.py:104} INFO - [2023-02-23 17:08:20,701] {dag.py:2306} INFO - Setting next_dagrun for example_external_task_marker_parent to None
[2023-02-23 17:08:20,711] {scheduler_job.py:190} INFO - Processing /home/airflow/.local/lib/python3.6/site-packages/airflow/example_dags/example_external_task_marker_dag.py took 0.306 seconds
[2023-02-23 17:08:51,544] {scheduler_job.py:182} INFO - Started process (PID=2513) to work on /home/airflow/.local/lib/python3.6/site-packages/airflow/example_dags/example_external_task_marker_dag.py
[2023-02-23 17:08:51,545] {scheduler_job.py:633} INFO - Processing file /home/airflow/.local/lib/python3.6/site-packages/airflow/example_dags/example_external_task_marker_dag.py for tasks to queue
[2023-02-23 17:08:51,546] {logging_mixin.py:104} INFO - [2023-02-23 17:08:51,546] {dagbag.py:496} INFO - Filling up the DagBag from /home/airflow/.local/lib/python3.6/site-packages/airflow/example_dags/example_external_task_marker_dag.py
[2023-02-23 17:08:51,554] {scheduler_job.py:643} INFO - DAG(s) dict_keys(['example_external_task_marker_parent', 'example_external_task_marker_child']) retrieved from /home/airflow/.local/lib/python3.6/site-packages/airflow/example_dags/example_external_task_marker_dag.py
[2023-02-23 17:08:51,576] {logging_mixin.py:104} INFO - [2023-02-23 17:08:51,576] {dag.py:1833} INFO - Sync 2 DAGs
[2023-02-23 17:08:51,589] {logging_mixin.py:104} INFO - [2023-02-23 17:08:51,589] {dag.py:2306} INFO - Setting next_dagrun for example_external_task_marker_child to None
[2023-02-23 17:08:51,590] {logging_mixin.py:104} INFO - [2023-02-23 17:08:51,590] {dag.py:2306} INFO - Setting next_dagrun for example_external_task_marker_parent to None
[2023-02-23 17:08:51,597] {scheduler_job.py:190} INFO - Processing /home/airflow/.local/lib/python3.6/site-packages/airflow/example_dags/example_external_task_marker_dag.py took 0.056 seconds
[2023-02-23 17:09:21,736] {scheduler_job.py:182} INFO - Started process (PID=2564) to work on /home/airflow/.local/lib/python3.6/site-packages/airflow/example_dags/example_external_task_marker_dag.py
[2023-02-23 17:09:21,737] {scheduler_job.py:633} INFO - Processing file /home/airflow/.local/lib/python3.6/site-packages/airflow/example_dags/example_external_task_marker_dag.py for tasks to queue
[2023-02-23 17:09:21,738] {logging_mixin.py:104} INFO - [2023-02-23 17:09:21,738] {dagbag.py:496} INFO - Filling up the DagBag from /home/airflow/.local/lib/python3.6/site-packages/airflow/example_dags/example_external_task_marker_dag.py
[2023-02-23 17:09:21,748] {scheduler_job.py:643} INFO - DAG(s) dict_keys(['example_external_task_marker_parent', 'example_external_task_marker_child']) retrieved from /home/airflow/.local/lib/python3.6/site-packages/airflow/example_dags/example_external_task_marker_dag.py
[2023-02-23 17:09:21,769] {logging_mixin.py:104} INFO - [2023-02-23 17:09:21,769] {dag.py:1833} INFO - Sync 2 DAGs
[2023-02-23 17:09:21,786] {logging_mixin.py:104} INFO - [2023-02-23 17:09:21,785] {dag.py:2306} INFO - Setting next_dagrun for example_external_task_marker_child to None
[2023-02-23 17:09:21,786] {logging_mixin.py:104} INFO - [2023-02-23 17:09:21,786] {dag.py:2306} INFO - Setting next_dagrun for example_external_task_marker_parent to None
[2023-02-23 17:09:21,795] {scheduler_job.py:190} INFO - Processing /home/airflow/.local/lib/python3.6/site-packages/airflow/example_dags/example_external_task_marker_dag.py took 0.062 seconds
[2023-02-23 17:09:52,791] {scheduler_job.py:182} INFO - Started process (PID=2627) to work on /home/airflow/.local/lib/python3.6/site-packages/airflow/example_dags/example_external_task_marker_dag.py
[2023-02-23 17:09:52,792] {scheduler_job.py:633} INFO - Processing file /home/airflow/.local/lib/python3.6/site-packages/airflow/example_dags/example_external_task_marker_dag.py for tasks to queue
[2023-02-23 17:09:52,793] {logging_mixin.py:104} INFO - [2023-02-23 17:09:52,793] {dagbag.py:496} INFO - Filling up the DagBag from /home/airflow/.local/lib/python3.6/site-packages/airflow/example_dags/example_external_task_marker_dag.py
[2023-02-23 17:09:52,875] {scheduler_job.py:643} INFO - DAG(s) dict_keys(['example_external_task_marker_parent', 'example_external_task_marker_child']) retrieved from /home/airflow/.local/lib/python3.6/site-packages/airflow/example_dags/example_external_task_marker_dag.py
[2023-02-23 17:09:53,074] {logging_mixin.py:104} INFO - [2023-02-23 17:09:53,073] {dag.py:1833} INFO - Sync 2 DAGs
[2023-02-23 17:09:53,178] {logging_mixin.py:104} INFO - [2023-02-23 17:09:53,178] {dag.py:2306} INFO - Setting next_dagrun for example_external_task_marker_child to None
[2023-02-23 17:09:53,179] {logging_mixin.py:104} INFO - [2023-02-23 17:09:53,179] {dag.py:2306} INFO - Setting next_dagrun for example_external_task_marker_parent to None
[2023-02-23 17:09:53,279] {scheduler_job.py:190} INFO - Processing /home/airflow/.local/lib/python3.6/site-packages/airflow/example_dags/example_external_task_marker_dag.py took 0.491 seconds
[2023-02-23 17:10:24,135] {scheduler_job.py:182} INFO - Started process (PID=2680) to work on /home/airflow/.local/lib/python3.6/site-packages/airflow/example_dags/example_external_task_marker_dag.py
[2023-02-23 17:10:24,136] {scheduler_job.py:633} INFO - Processing file /home/airflow/.local/lib/python3.6/site-packages/airflow/example_dags/example_external_task_marker_dag.py for tasks to queue
[2023-02-23 17:10:24,137] {logging_mixin.py:104} INFO - [2023-02-23 17:10:24,137] {dagbag.py:496} INFO - Filling up the DagBag from /home/airflow/.local/lib/python3.6/site-packages/airflow/example_dags/example_external_task_marker_dag.py
[2023-02-23 17:10:24,147] {scheduler_job.py:643} INFO - DAG(s) dict_keys(['example_external_task_marker_parent', 'example_external_task_marker_child']) retrieved from /home/airflow/.local/lib/python3.6/site-packages/airflow/example_dags/example_external_task_marker_dag.py
[2023-02-23 17:10:24,168] {logging_mixin.py:104} INFO - [2023-02-23 17:10:24,168] {dag.py:1833} INFO - Sync 2 DAGs
[2023-02-23 17:10:24,181] {logging_mixin.py:104} INFO - [2023-02-23 17:10:24,181] {dag.py:2306} INFO - Setting next_dagrun for example_external_task_marker_child to None
[2023-02-23 17:10:24,182] {logging_mixin.py:104} INFO - [2023-02-23 17:10:24,182] {dag.py:2306} INFO - Setting next_dagrun for example_external_task_marker_parent to None
[2023-02-23 17:10:24,191] {scheduler_job.py:190} INFO - Processing /home/airflow/.local/lib/python3.6/site-packages/airflow/example_dags/example_external_task_marker_dag.py took 0.058 seconds
