[2023-02-23 12:25:54,775] {scheduler_job.py:182} INFO - Started process (PID=78) to work on /home/airflow/.local/lib/python3.6/site-packages/airflow/example_dags/example_branch_day_of_week_operator.py
[2023-02-23 12:25:54,776] {scheduler_job.py:633} INFO - Processing file /home/airflow/.local/lib/python3.6/site-packages/airflow/example_dags/example_branch_day_of_week_operator.py for tasks to queue
[2023-02-23 12:25:54,776] {logging_mixin.py:104} INFO - [2023-02-23 12:25:54,776] {dagbag.py:496} INFO - Filling up the DagBag from /home/airflow/.local/lib/python3.6/site-packages/airflow/example_dags/example_branch_day_of_week_operator.py
[2023-02-23 12:25:54,787] {scheduler_job.py:643} INFO - DAG(s) dict_keys(['example_weekday_branch_operator']) retrieved from /home/airflow/.local/lib/python3.6/site-packages/airflow/example_dags/example_branch_day_of_week_operator.py
[2023-02-23 12:25:55,375] {logging_mixin.py:104} INFO - [2023-02-23 12:25:55,374] {dag.py:1833} INFO - Sync 1 DAGs
[2023-02-23 12:25:55,391] {logging_mixin.py:104} INFO - [2023-02-23 12:25:55,391] {dag.py:2306} INFO - Setting next_dagrun for example_weekday_branch_operator to 2023-02-21 00:00:00+00:00
[2023-02-23 12:25:55,414] {scheduler_job.py:190} INFO - Processing /home/airflow/.local/lib/python3.6/site-packages/airflow/example_dags/example_branch_day_of_week_operator.py took 0.643 seconds
[2023-02-23 12:26:25,991] {scheduler_job.py:182} INFO - Started process (PID=129) to work on /home/airflow/.local/lib/python3.6/site-packages/airflow/example_dags/example_branch_day_of_week_operator.py
[2023-02-23 12:26:25,992] {scheduler_job.py:633} INFO - Processing file /home/airflow/.local/lib/python3.6/site-packages/airflow/example_dags/example_branch_day_of_week_operator.py for tasks to queue
[2023-02-23 12:26:25,992] {logging_mixin.py:104} INFO - [2023-02-23 12:26:25,992] {dagbag.py:496} INFO - Filling up the DagBag from /home/airflow/.local/lib/python3.6/site-packages/airflow/example_dags/example_branch_day_of_week_operator.py
[2023-02-23 12:26:26,002] {scheduler_job.py:643} INFO - DAG(s) dict_keys(['example_weekday_branch_operator']) retrieved from /home/airflow/.local/lib/python3.6/site-packages/airflow/example_dags/example_branch_day_of_week_operator.py
[2023-02-23 12:26:26,019] {logging_mixin.py:104} INFO - [2023-02-23 12:26:26,019] {dag.py:1833} INFO - Sync 1 DAGs
[2023-02-23 12:26:26,033] {logging_mixin.py:104} INFO - [2023-02-23 12:26:26,033] {dag.py:2306} INFO - Setting next_dagrun for example_weekday_branch_operator to 2023-02-21 00:00:00+00:00
[2023-02-23 12:26:26,067] {scheduler_job.py:190} INFO - Processing /home/airflow/.local/lib/python3.6/site-packages/airflow/example_dags/example_branch_day_of_week_operator.py took 0.078 seconds
[2023-02-23 16:46:47,998] {scheduler_job.py:182} INFO - Started process (PID=63) to work on /home/airflow/.local/lib/python3.6/site-packages/airflow/example_dags/example_branch_day_of_week_operator.py
[2023-02-23 16:46:47,999] {scheduler_job.py:633} INFO - Processing file /home/airflow/.local/lib/python3.6/site-packages/airflow/example_dags/example_branch_day_of_week_operator.py for tasks to queue
[2023-02-23 16:46:48,000] {logging_mixin.py:104} INFO - [2023-02-23 16:46:47,999] {dagbag.py:496} INFO - Filling up the DagBag from /home/airflow/.local/lib/python3.6/site-packages/airflow/example_dags/example_branch_day_of_week_operator.py
[2023-02-23 16:46:48,011] {scheduler_job.py:643} INFO - DAG(s) dict_keys(['example_weekday_branch_operator']) retrieved from /home/airflow/.local/lib/python3.6/site-packages/airflow/example_dags/example_branch_day_of_week_operator.py
[2023-02-23 16:46:48,029] {logging_mixin.py:104} INFO - [2023-02-23 16:46:48,029] {dag.py:1833} INFO - Sync 1 DAGs
[2023-02-23 16:46:48,085] {logging_mixin.py:104} INFO - [2023-02-23 16:46:48,084] {dag.py:2306} INFO - Setting next_dagrun for example_weekday_branch_operator to 2023-02-21 00:00:00+00:00
[2023-02-23 16:46:48,093] {scheduler_job.py:190} INFO - Processing /home/airflow/.local/lib/python3.6/site-packages/airflow/example_dags/example_branch_day_of_week_operator.py took 0.099 seconds
[2023-02-23 16:47:18,187] {scheduler_job.py:182} INFO - Started process (PID=115) to work on /home/airflow/.local/lib/python3.6/site-packages/airflow/example_dags/example_branch_day_of_week_operator.py
[2023-02-23 16:47:18,188] {scheduler_job.py:633} INFO - Processing file /home/airflow/.local/lib/python3.6/site-packages/airflow/example_dags/example_branch_day_of_week_operator.py for tasks to queue
[2023-02-23 16:47:18,188] {logging_mixin.py:104} INFO - [2023-02-23 16:47:18,188] {dagbag.py:496} INFO - Filling up the DagBag from /home/airflow/.local/lib/python3.6/site-packages/airflow/example_dags/example_branch_day_of_week_operator.py
[2023-02-23 16:47:18,197] {scheduler_job.py:643} INFO - DAG(s) dict_keys(['example_weekday_branch_operator']) retrieved from /home/airflow/.local/lib/python3.6/site-packages/airflow/example_dags/example_branch_day_of_week_operator.py
[2023-02-23 16:47:18,215] {logging_mixin.py:104} INFO - [2023-02-23 16:47:18,215] {dag.py:1833} INFO - Sync 1 DAGs
[2023-02-23 16:47:18,230] {logging_mixin.py:104} INFO - [2023-02-23 16:47:18,230] {dag.py:2306} INFO - Setting next_dagrun for example_weekday_branch_operator to 2023-02-21 00:00:00+00:00
[2023-02-23 16:47:18,238] {scheduler_job.py:190} INFO - Processing /home/airflow/.local/lib/python3.6/site-packages/airflow/example_dags/example_branch_day_of_week_operator.py took 0.053 seconds
[2023-02-23 16:47:48,826] {scheduler_job.py:182} INFO - Started process (PID=177) to work on /home/airflow/.local/lib/python3.6/site-packages/airflow/example_dags/example_branch_day_of_week_operator.py
[2023-02-23 16:47:48,827] {scheduler_job.py:633} INFO - Processing file /home/airflow/.local/lib/python3.6/site-packages/airflow/example_dags/example_branch_day_of_week_operator.py for tasks to queue
[2023-02-23 16:47:48,827] {logging_mixin.py:104} INFO - [2023-02-23 16:47:48,827] {dagbag.py:496} INFO - Filling up the DagBag from /home/airflow/.local/lib/python3.6/site-packages/airflow/example_dags/example_branch_day_of_week_operator.py
[2023-02-23 16:47:48,837] {scheduler_job.py:643} INFO - DAG(s) dict_keys(['example_weekday_branch_operator']) retrieved from /home/airflow/.local/lib/python3.6/site-packages/airflow/example_dags/example_branch_day_of_week_operator.py
[2023-02-23 16:47:48,858] {logging_mixin.py:104} INFO - [2023-02-23 16:47:48,858] {dag.py:1833} INFO - Sync 1 DAGs
[2023-02-23 16:47:48,876] {logging_mixin.py:104} INFO - [2023-02-23 16:47:48,876] {dag.py:2306} INFO - Setting next_dagrun for example_weekday_branch_operator to 2023-02-21 00:00:00+00:00
[2023-02-23 16:47:48,886] {scheduler_job.py:190} INFO - Processing /home/airflow/.local/lib/python3.6/site-packages/airflow/example_dags/example_branch_day_of_week_operator.py took 0.063 seconds
[2023-02-23 16:48:19,833] {scheduler_job.py:182} INFO - Started process (PID=229) to work on /home/airflow/.local/lib/python3.6/site-packages/airflow/example_dags/example_branch_day_of_week_operator.py
[2023-02-23 16:48:19,834] {scheduler_job.py:633} INFO - Processing file /home/airflow/.local/lib/python3.6/site-packages/airflow/example_dags/example_branch_day_of_week_operator.py for tasks to queue
[2023-02-23 16:48:19,834] {logging_mixin.py:104} INFO - [2023-02-23 16:48:19,834] {dagbag.py:496} INFO - Filling up the DagBag from /home/airflow/.local/lib/python3.6/site-packages/airflow/example_dags/example_branch_day_of_week_operator.py
[2023-02-23 16:48:19,844] {scheduler_job.py:643} INFO - DAG(s) dict_keys(['example_weekday_branch_operator']) retrieved from /home/airflow/.local/lib/python3.6/site-packages/airflow/example_dags/example_branch_day_of_week_operator.py
[2023-02-23 16:48:19,863] {logging_mixin.py:104} INFO - [2023-02-23 16:48:19,863] {dag.py:1833} INFO - Sync 1 DAGs
[2023-02-23 16:48:19,879] {logging_mixin.py:104} INFO - [2023-02-23 16:48:19,879] {dag.py:2306} INFO - Setting next_dagrun for example_weekday_branch_operator to 2023-02-21 00:00:00+00:00
[2023-02-23 16:48:19,887] {scheduler_job.py:190} INFO - Processing /home/airflow/.local/lib/python3.6/site-packages/airflow/example_dags/example_branch_day_of_week_operator.py took 0.057 seconds
[2023-02-23 16:48:50,616] {scheduler_job.py:182} INFO - Started process (PID=291) to work on /home/airflow/.local/lib/python3.6/site-packages/airflow/example_dags/example_branch_day_of_week_operator.py
[2023-02-23 16:48:50,617] {scheduler_job.py:633} INFO - Processing file /home/airflow/.local/lib/python3.6/site-packages/airflow/example_dags/example_branch_day_of_week_operator.py for tasks to queue
[2023-02-23 16:48:50,617] {logging_mixin.py:104} INFO - [2023-02-23 16:48:50,617] {dagbag.py:496} INFO - Filling up the DagBag from /home/airflow/.local/lib/python3.6/site-packages/airflow/example_dags/example_branch_day_of_week_operator.py
[2023-02-23 16:48:50,627] {scheduler_job.py:643} INFO - DAG(s) dict_keys(['example_weekday_branch_operator']) retrieved from /home/airflow/.local/lib/python3.6/site-packages/airflow/example_dags/example_branch_day_of_week_operator.py
[2023-02-23 16:48:50,645] {logging_mixin.py:104} INFO - [2023-02-23 16:48:50,645] {dag.py:1833} INFO - Sync 1 DAGs
[2023-02-23 16:48:50,660] {logging_mixin.py:104} INFO - [2023-02-23 16:48:50,660] {dag.py:2306} INFO - Setting next_dagrun for example_weekday_branch_operator to 2023-02-21 00:00:00+00:00
[2023-02-23 16:48:50,667] {scheduler_job.py:190} INFO - Processing /home/airflow/.local/lib/python3.6/site-packages/airflow/example_dags/example_branch_day_of_week_operator.py took 0.053 seconds
[2023-02-23 16:49:21,263] {scheduler_job.py:182} INFO - Started process (PID=343) to work on /home/airflow/.local/lib/python3.6/site-packages/airflow/example_dags/example_branch_day_of_week_operator.py
[2023-02-23 16:49:21,264] {scheduler_job.py:633} INFO - Processing file /home/airflow/.local/lib/python3.6/site-packages/airflow/example_dags/example_branch_day_of_week_operator.py for tasks to queue
[2023-02-23 16:49:21,265] {logging_mixin.py:104} INFO - [2023-02-23 16:49:21,265] {dagbag.py:496} INFO - Filling up the DagBag from /home/airflow/.local/lib/python3.6/site-packages/airflow/example_dags/example_branch_day_of_week_operator.py
[2023-02-23 16:49:21,277] {scheduler_job.py:643} INFO - DAG(s) dict_keys(['example_weekday_branch_operator']) retrieved from /home/airflow/.local/lib/python3.6/site-packages/airflow/example_dags/example_branch_day_of_week_operator.py
[2023-02-23 16:49:21,295] {logging_mixin.py:104} INFO - [2023-02-23 16:49:21,295] {dag.py:1833} INFO - Sync 1 DAGs
[2023-02-23 16:49:21,310] {logging_mixin.py:104} INFO - [2023-02-23 16:49:21,310] {dag.py:2306} INFO - Setting next_dagrun for example_weekday_branch_operator to 2023-02-21 00:00:00+00:00
[2023-02-23 16:49:21,318] {scheduler_job.py:190} INFO - Processing /home/airflow/.local/lib/python3.6/site-packages/airflow/example_dags/example_branch_day_of_week_operator.py took 0.058 seconds
[2023-02-23 16:49:52,096] {scheduler_job.py:182} INFO - Started process (PID=395) to work on /home/airflow/.local/lib/python3.6/site-packages/airflow/example_dags/example_branch_day_of_week_operator.py
[2023-02-23 16:49:52,097] {scheduler_job.py:633} INFO - Processing file /home/airflow/.local/lib/python3.6/site-packages/airflow/example_dags/example_branch_day_of_week_operator.py for tasks to queue
[2023-02-23 16:49:52,097] {logging_mixin.py:104} INFO - [2023-02-23 16:49:52,097] {dagbag.py:496} INFO - Filling up the DagBag from /home/airflow/.local/lib/python3.6/site-packages/airflow/example_dags/example_branch_day_of_week_operator.py
[2023-02-23 16:49:52,108] {scheduler_job.py:643} INFO - DAG(s) dict_keys(['example_weekday_branch_operator']) retrieved from /home/airflow/.local/lib/python3.6/site-packages/airflow/example_dags/example_branch_day_of_week_operator.py
[2023-02-23 16:49:52,129] {logging_mixin.py:104} INFO - [2023-02-23 16:49:52,128] {dag.py:1833} INFO - Sync 1 DAGs
[2023-02-23 16:49:52,149] {logging_mixin.py:104} INFO - [2023-02-23 16:49:52,148] {dag.py:2306} INFO - Setting next_dagrun for example_weekday_branch_operator to 2023-02-21 00:00:00+00:00
[2023-02-23 16:49:52,158] {scheduler_job.py:190} INFO - Processing /home/airflow/.local/lib/python3.6/site-packages/airflow/example_dags/example_branch_day_of_week_operator.py took 0.065 seconds
[2023-02-23 16:50:22,981] {scheduler_job.py:182} INFO - Started process (PID=457) to work on /home/airflow/.local/lib/python3.6/site-packages/airflow/example_dags/example_branch_day_of_week_operator.py
[2023-02-23 16:50:22,981] {scheduler_job.py:633} INFO - Processing file /home/airflow/.local/lib/python3.6/site-packages/airflow/example_dags/example_branch_day_of_week_operator.py for tasks to queue
[2023-02-23 16:50:22,982] {logging_mixin.py:104} INFO - [2023-02-23 16:50:22,982] {dagbag.py:496} INFO - Filling up the DagBag from /home/airflow/.local/lib/python3.6/site-packages/airflow/example_dags/example_branch_day_of_week_operator.py
[2023-02-23 16:50:22,994] {scheduler_job.py:643} INFO - DAG(s) dict_keys(['example_weekday_branch_operator']) retrieved from /home/airflow/.local/lib/python3.6/site-packages/airflow/example_dags/example_branch_day_of_week_operator.py
[2023-02-23 16:50:23,018] {logging_mixin.py:104} INFO - [2023-02-23 16:50:23,018] {dag.py:1833} INFO - Sync 1 DAGs
[2023-02-23 16:50:23,091] {logging_mixin.py:104} INFO - [2023-02-23 16:50:23,091] {dag.py:2306} INFO - Setting next_dagrun for example_weekday_branch_operator to 2023-02-21 00:00:00+00:00
[2023-02-23 16:50:23,101] {scheduler_job.py:190} INFO - Processing /home/airflow/.local/lib/python3.6/site-packages/airflow/example_dags/example_branch_day_of_week_operator.py took 0.123 seconds
[2023-02-23 16:50:53,671] {scheduler_job.py:182} INFO - Started process (PID=509) to work on /home/airflow/.local/lib/python3.6/site-packages/airflow/example_dags/example_branch_day_of_week_operator.py
[2023-02-23 16:50:53,671] {scheduler_job.py:633} INFO - Processing file /home/airflow/.local/lib/python3.6/site-packages/airflow/example_dags/example_branch_day_of_week_operator.py for tasks to queue
[2023-02-23 16:50:53,672] {logging_mixin.py:104} INFO - [2023-02-23 16:50:53,672] {dagbag.py:496} INFO - Filling up the DagBag from /home/airflow/.local/lib/python3.6/site-packages/airflow/example_dags/example_branch_day_of_week_operator.py
[2023-02-23 16:50:53,684] {scheduler_job.py:643} INFO - DAG(s) dict_keys(['example_weekday_branch_operator']) retrieved from /home/airflow/.local/lib/python3.6/site-packages/airflow/example_dags/example_branch_day_of_week_operator.py
[2023-02-23 16:50:53,703] {logging_mixin.py:104} INFO - [2023-02-23 16:50:53,703] {dag.py:1833} INFO - Sync 1 DAGs
[2023-02-23 16:50:53,718] {logging_mixin.py:104} INFO - [2023-02-23 16:50:53,718] {dag.py:2306} INFO - Setting next_dagrun for example_weekday_branch_operator to 2023-02-21 00:00:00+00:00
[2023-02-23 16:50:53,726] {scheduler_job.py:190} INFO - Processing /home/airflow/.local/lib/python3.6/site-packages/airflow/example_dags/example_branch_day_of_week_operator.py took 0.058 seconds
[2023-02-23 16:51:23,857] {scheduler_job.py:182} INFO - Started process (PID=570) to work on /home/airflow/.local/lib/python3.6/site-packages/airflow/example_dags/example_branch_day_of_week_operator.py
[2023-02-23 16:51:23,858] {scheduler_job.py:633} INFO - Processing file /home/airflow/.local/lib/python3.6/site-packages/airflow/example_dags/example_branch_day_of_week_operator.py for tasks to queue
[2023-02-23 16:51:23,858] {logging_mixin.py:104} INFO - [2023-02-23 16:51:23,858] {dagbag.py:496} INFO - Filling up the DagBag from /home/airflow/.local/lib/python3.6/site-packages/airflow/example_dags/example_branch_day_of_week_operator.py
[2023-02-23 16:51:23,868] {scheduler_job.py:643} INFO - DAG(s) dict_keys(['example_weekday_branch_operator']) retrieved from /home/airflow/.local/lib/python3.6/site-packages/airflow/example_dags/example_branch_day_of_week_operator.py
[2023-02-23 16:51:23,887] {logging_mixin.py:104} INFO - [2023-02-23 16:51:23,886] {dag.py:1833} INFO - Sync 1 DAGs
[2023-02-23 16:51:23,902] {logging_mixin.py:104} INFO - [2023-02-23 16:51:23,902] {dag.py:2306} INFO - Setting next_dagrun for example_weekday_branch_operator to 2023-02-21 00:00:00+00:00
[2023-02-23 16:51:23,909] {scheduler_job.py:190} INFO - Processing /home/airflow/.local/lib/python3.6/site-packages/airflow/example_dags/example_branch_day_of_week_operator.py took 0.054 seconds
[2023-02-23 16:51:54,568] {scheduler_job.py:182} INFO - Started process (PID=623) to work on /home/airflow/.local/lib/python3.6/site-packages/airflow/example_dags/example_branch_day_of_week_operator.py
[2023-02-23 16:51:54,568] {scheduler_job.py:633} INFO - Processing file /home/airflow/.local/lib/python3.6/site-packages/airflow/example_dags/example_branch_day_of_week_operator.py for tasks to queue
[2023-02-23 16:51:54,569] {logging_mixin.py:104} INFO - [2023-02-23 16:51:54,569] {dagbag.py:496} INFO - Filling up the DagBag from /home/airflow/.local/lib/python3.6/site-packages/airflow/example_dags/example_branch_day_of_week_operator.py
[2023-02-23 16:51:54,579] {scheduler_job.py:643} INFO - DAG(s) dict_keys(['example_weekday_branch_operator']) retrieved from /home/airflow/.local/lib/python3.6/site-packages/airflow/example_dags/example_branch_day_of_week_operator.py
[2023-02-23 16:51:54,598] {logging_mixin.py:104} INFO - [2023-02-23 16:51:54,598] {dag.py:1833} INFO - Sync 1 DAGs
[2023-02-23 16:51:54,616] {logging_mixin.py:104} INFO - [2023-02-23 16:51:54,616] {dag.py:2306} INFO - Setting next_dagrun for example_weekday_branch_operator to 2023-02-21 00:00:00+00:00
[2023-02-23 16:51:54,625] {scheduler_job.py:190} INFO - Processing /home/airflow/.local/lib/python3.6/site-packages/airflow/example_dags/example_branch_day_of_week_operator.py took 0.060 seconds
[2023-02-23 16:52:25,408] {scheduler_job.py:182} INFO - Started process (PID=685) to work on /home/airflow/.local/lib/python3.6/site-packages/airflow/example_dags/example_branch_day_of_week_operator.py
[2023-02-23 16:52:25,409] {scheduler_job.py:633} INFO - Processing file /home/airflow/.local/lib/python3.6/site-packages/airflow/example_dags/example_branch_day_of_week_operator.py for tasks to queue
[2023-02-23 16:52:25,409] {logging_mixin.py:104} INFO - [2023-02-23 16:52:25,409] {dagbag.py:496} INFO - Filling up the DagBag from /home/airflow/.local/lib/python3.6/site-packages/airflow/example_dags/example_branch_day_of_week_operator.py
[2023-02-23 16:52:25,418] {scheduler_job.py:643} INFO - DAG(s) dict_keys(['example_weekday_branch_operator']) retrieved from /home/airflow/.local/lib/python3.6/site-packages/airflow/example_dags/example_branch_day_of_week_operator.py
[2023-02-23 16:52:25,436] {logging_mixin.py:104} INFO - [2023-02-23 16:52:25,436] {dag.py:1833} INFO - Sync 1 DAGs
[2023-02-23 16:52:25,451] {logging_mixin.py:104} INFO - [2023-02-23 16:52:25,451] {dag.py:2306} INFO - Setting next_dagrun for example_weekday_branch_operator to 2023-02-21 00:00:00+00:00
[2023-02-23 16:52:25,459] {scheduler_job.py:190} INFO - Processing /home/airflow/.local/lib/python3.6/site-packages/airflow/example_dags/example_branch_day_of_week_operator.py took 0.053 seconds
[2023-02-23 16:52:56,099] {scheduler_job.py:182} INFO - Started process (PID=737) to work on /home/airflow/.local/lib/python3.6/site-packages/airflow/example_dags/example_branch_day_of_week_operator.py
[2023-02-23 16:52:56,100] {scheduler_job.py:633} INFO - Processing file /home/airflow/.local/lib/python3.6/site-packages/airflow/example_dags/example_branch_day_of_week_operator.py for tasks to queue
[2023-02-23 16:52:56,100] {logging_mixin.py:104} INFO - [2023-02-23 16:52:56,100] {dagbag.py:496} INFO - Filling up the DagBag from /home/airflow/.local/lib/python3.6/site-packages/airflow/example_dags/example_branch_day_of_week_operator.py
[2023-02-23 16:52:56,110] {scheduler_job.py:643} INFO - DAG(s) dict_keys(['example_weekday_branch_operator']) retrieved from /home/airflow/.local/lib/python3.6/site-packages/airflow/example_dags/example_branch_day_of_week_operator.py
[2023-02-23 16:52:56,127] {logging_mixin.py:104} INFO - [2023-02-23 16:52:56,127] {dag.py:1833} INFO - Sync 1 DAGs
[2023-02-23 16:52:56,144] {logging_mixin.py:104} INFO - [2023-02-23 16:52:56,144] {dag.py:2306} INFO - Setting next_dagrun for example_weekday_branch_operator to 2023-02-21 00:00:00+00:00
[2023-02-23 16:52:56,181] {scheduler_job.py:190} INFO - Processing /home/airflow/.local/lib/python3.6/site-packages/airflow/example_dags/example_branch_day_of_week_operator.py took 0.084 seconds
[2023-02-23 16:53:26,345] {scheduler_job.py:182} INFO - Started process (PID=790) to work on /home/airflow/.local/lib/python3.6/site-packages/airflow/example_dags/example_branch_day_of_week_operator.py
[2023-02-23 16:53:26,346] {scheduler_job.py:633} INFO - Processing file /home/airflow/.local/lib/python3.6/site-packages/airflow/example_dags/example_branch_day_of_week_operator.py for tasks to queue
[2023-02-23 16:53:26,346] {logging_mixin.py:104} INFO - [2023-02-23 16:53:26,346] {dagbag.py:496} INFO - Filling up the DagBag from /home/airflow/.local/lib/python3.6/site-packages/airflow/example_dags/example_branch_day_of_week_operator.py
[2023-02-23 16:53:26,357] {scheduler_job.py:643} INFO - DAG(s) dict_keys(['example_weekday_branch_operator']) retrieved from /home/airflow/.local/lib/python3.6/site-packages/airflow/example_dags/example_branch_day_of_week_operator.py
[2023-02-23 16:53:26,377] {logging_mixin.py:104} INFO - [2023-02-23 16:53:26,377] {dag.py:1833} INFO - Sync 1 DAGs
[2023-02-23 16:53:26,393] {logging_mixin.py:104} INFO - [2023-02-23 16:53:26,393] {dag.py:2306} INFO - Setting next_dagrun for example_weekday_branch_operator to 2023-02-21 00:00:00+00:00
[2023-02-23 16:53:26,401] {scheduler_job.py:190} INFO - Processing /home/airflow/.local/lib/python3.6/site-packages/airflow/example_dags/example_branch_day_of_week_operator.py took 0.058 seconds
[2023-02-23 16:53:57,411] {scheduler_job.py:182} INFO - Started process (PID=853) to work on /home/airflow/.local/lib/python3.6/site-packages/airflow/example_dags/example_branch_day_of_week_operator.py
[2023-02-23 16:53:57,413] {scheduler_job.py:633} INFO - Processing file /home/airflow/.local/lib/python3.6/site-packages/airflow/example_dags/example_branch_day_of_week_operator.py for tasks to queue
[2023-02-23 16:53:57,413] {logging_mixin.py:104} INFO - [2023-02-23 16:53:57,413] {dagbag.py:496} INFO - Filling up the DagBag from /home/airflow/.local/lib/python3.6/site-packages/airflow/example_dags/example_branch_day_of_week_operator.py
[2023-02-23 16:53:57,481] {scheduler_job.py:643} INFO - DAG(s) dict_keys(['example_weekday_branch_operator']) retrieved from /home/airflow/.local/lib/python3.6/site-packages/airflow/example_dags/example_branch_day_of_week_operator.py
[2023-02-23 16:53:57,577] {logging_mixin.py:104} INFO - [2023-02-23 16:53:57,576] {dag.py:1833} INFO - Sync 1 DAGs
[2023-02-23 16:53:57,599] {logging_mixin.py:104} INFO - [2023-02-23 16:53:57,599] {dag.py:2306} INFO - Setting next_dagrun for example_weekday_branch_operator to 2023-02-21 00:00:00+00:00
[2023-02-23 16:53:57,678] {scheduler_job.py:190} INFO - Processing /home/airflow/.local/lib/python3.6/site-packages/airflow/example_dags/example_branch_day_of_week_operator.py took 0.270 seconds
[2023-02-23 16:54:27,943] {scheduler_job.py:182} INFO - Started process (PID=905) to work on /home/airflow/.local/lib/python3.6/site-packages/airflow/example_dags/example_branch_day_of_week_operator.py
[2023-02-23 16:54:27,943] {scheduler_job.py:633} INFO - Processing file /home/airflow/.local/lib/python3.6/site-packages/airflow/example_dags/example_branch_day_of_week_operator.py for tasks to queue
[2023-02-23 16:54:27,944] {logging_mixin.py:104} INFO - [2023-02-23 16:54:27,944] {dagbag.py:496} INFO - Filling up the DagBag from /home/airflow/.local/lib/python3.6/site-packages/airflow/example_dags/example_branch_day_of_week_operator.py
[2023-02-23 16:54:27,953] {scheduler_job.py:643} INFO - DAG(s) dict_keys(['example_weekday_branch_operator']) retrieved from /home/airflow/.local/lib/python3.6/site-packages/airflow/example_dags/example_branch_day_of_week_operator.py
[2023-02-23 16:54:27,970] {logging_mixin.py:104} INFO - [2023-02-23 16:54:27,969] {dag.py:1833} INFO - Sync 1 DAGs
[2023-02-23 16:54:27,984] {logging_mixin.py:104} INFO - [2023-02-23 16:54:27,984] {dag.py:2306} INFO - Setting next_dagrun for example_weekday_branch_operator to 2023-02-21 00:00:00+00:00
[2023-02-23 16:54:27,993] {scheduler_job.py:190} INFO - Processing /home/airflow/.local/lib/python3.6/site-packages/airflow/example_dags/example_branch_day_of_week_operator.py took 0.053 seconds
[2023-02-23 16:54:58,733] {scheduler_job.py:182} INFO - Started process (PID=967) to work on /home/airflow/.local/lib/python3.6/site-packages/airflow/example_dags/example_branch_day_of_week_operator.py
[2023-02-23 16:54:58,734] {scheduler_job.py:633} INFO - Processing file /home/airflow/.local/lib/python3.6/site-packages/airflow/example_dags/example_branch_day_of_week_operator.py for tasks to queue
[2023-02-23 16:54:58,735] {logging_mixin.py:104} INFO - [2023-02-23 16:54:58,734] {dagbag.py:496} INFO - Filling up the DagBag from /home/airflow/.local/lib/python3.6/site-packages/airflow/example_dags/example_branch_day_of_week_operator.py
[2023-02-23 16:54:58,744] {scheduler_job.py:643} INFO - DAG(s) dict_keys(['example_weekday_branch_operator']) retrieved from /home/airflow/.local/lib/python3.6/site-packages/airflow/example_dags/example_branch_day_of_week_operator.py
[2023-02-23 16:54:58,763] {logging_mixin.py:104} INFO - [2023-02-23 16:54:58,763] {dag.py:1833} INFO - Sync 1 DAGs
[2023-02-23 16:54:58,780] {logging_mixin.py:104} INFO - [2023-02-23 16:54:58,780] {dag.py:2306} INFO - Setting next_dagrun for example_weekday_branch_operator to 2023-02-21 00:00:00+00:00
[2023-02-23 16:54:58,791] {scheduler_job.py:190} INFO - Processing /home/airflow/.local/lib/python3.6/site-packages/airflow/example_dags/example_branch_day_of_week_operator.py took 0.060 seconds
[2023-02-23 16:55:29,006] {scheduler_job.py:182} INFO - Started process (PID=1019) to work on /home/airflow/.local/lib/python3.6/site-packages/airflow/example_dags/example_branch_day_of_week_operator.py
[2023-02-23 16:55:29,007] {scheduler_job.py:633} INFO - Processing file /home/airflow/.local/lib/python3.6/site-packages/airflow/example_dags/example_branch_day_of_week_operator.py for tasks to queue
[2023-02-23 16:55:29,007] {logging_mixin.py:104} INFO - [2023-02-23 16:55:29,007] {dagbag.py:496} INFO - Filling up the DagBag from /home/airflow/.local/lib/python3.6/site-packages/airflow/example_dags/example_branch_day_of_week_operator.py
[2023-02-23 16:55:29,018] {scheduler_job.py:643} INFO - DAG(s) dict_keys(['example_weekday_branch_operator']) retrieved from /home/airflow/.local/lib/python3.6/site-packages/airflow/example_dags/example_branch_day_of_week_operator.py
[2023-02-23 16:55:29,037] {logging_mixin.py:104} INFO - [2023-02-23 16:55:29,037] {dag.py:1833} INFO - Sync 1 DAGs
[2023-02-23 16:55:29,052] {logging_mixin.py:104} INFO - [2023-02-23 16:55:29,052] {dag.py:2306} INFO - Setting next_dagrun for example_weekday_branch_operator to 2023-02-21 00:00:00+00:00
[2023-02-23 16:55:29,062] {scheduler_job.py:190} INFO - Processing /home/airflow/.local/lib/python3.6/site-packages/airflow/example_dags/example_branch_day_of_week_operator.py took 0.058 seconds
[2023-02-23 16:55:59,294] {scheduler_job.py:182} INFO - Started process (PID=1071) to work on /home/airflow/.local/lib/python3.6/site-packages/airflow/example_dags/example_branch_day_of_week_operator.py
[2023-02-23 16:55:59,294] {scheduler_job.py:633} INFO - Processing file /home/airflow/.local/lib/python3.6/site-packages/airflow/example_dags/example_branch_day_of_week_operator.py for tasks to queue
[2023-02-23 16:55:59,295] {logging_mixin.py:104} INFO - [2023-02-23 16:55:59,295] {dagbag.py:496} INFO - Filling up the DagBag from /home/airflow/.local/lib/python3.6/site-packages/airflow/example_dags/example_branch_day_of_week_operator.py
[2023-02-23 16:55:59,304] {scheduler_job.py:643} INFO - DAG(s) dict_keys(['example_weekday_branch_operator']) retrieved from /home/airflow/.local/lib/python3.6/site-packages/airflow/example_dags/example_branch_day_of_week_operator.py
[2023-02-23 16:55:59,323] {logging_mixin.py:104} INFO - [2023-02-23 16:55:59,322] {dag.py:1833} INFO - Sync 1 DAGs
[2023-02-23 16:55:59,341] {logging_mixin.py:104} INFO - [2023-02-23 16:55:59,341] {dag.py:2306} INFO - Setting next_dagrun for example_weekday_branch_operator to 2023-02-21 00:00:00+00:00
[2023-02-23 16:55:59,350] {scheduler_job.py:190} INFO - Processing /home/airflow/.local/lib/python3.6/site-packages/airflow/example_dags/example_branch_day_of_week_operator.py took 0.059 seconds
[2023-02-23 16:56:29,853] {scheduler_job.py:182} INFO - Started process (PID=1133) to work on /home/airflow/.local/lib/python3.6/site-packages/airflow/example_dags/example_branch_day_of_week_operator.py
[2023-02-23 16:56:29,854] {scheduler_job.py:633} INFO - Processing file /home/airflow/.local/lib/python3.6/site-packages/airflow/example_dags/example_branch_day_of_week_operator.py for tasks to queue
[2023-02-23 16:56:29,855] {logging_mixin.py:104} INFO - [2023-02-23 16:56:29,855] {dagbag.py:496} INFO - Filling up the DagBag from /home/airflow/.local/lib/python3.6/site-packages/airflow/example_dags/example_branch_day_of_week_operator.py
[2023-02-23 16:56:29,865] {scheduler_job.py:643} INFO - DAG(s) dict_keys(['example_weekday_branch_operator']) retrieved from /home/airflow/.local/lib/python3.6/site-packages/airflow/example_dags/example_branch_day_of_week_operator.py
[2023-02-23 16:56:29,883] {logging_mixin.py:104} INFO - [2023-02-23 16:56:29,883] {dag.py:1833} INFO - Sync 1 DAGs
[2023-02-23 16:56:29,898] {logging_mixin.py:104} INFO - [2023-02-23 16:56:29,898] {dag.py:2306} INFO - Setting next_dagrun for example_weekday_branch_operator to 2023-02-21 00:00:00+00:00
[2023-02-23 16:56:29,906] {scheduler_job.py:190} INFO - Processing /home/airflow/.local/lib/python3.6/site-packages/airflow/example_dags/example_branch_day_of_week_operator.py took 0.055 seconds
[2023-02-23 16:57:00,374] {scheduler_job.py:182} INFO - Started process (PID=1185) to work on /home/airflow/.local/lib/python3.6/site-packages/airflow/example_dags/example_branch_day_of_week_operator.py
[2023-02-23 16:57:00,375] {scheduler_job.py:633} INFO - Processing file /home/airflow/.local/lib/python3.6/site-packages/airflow/example_dags/example_branch_day_of_week_operator.py for tasks to queue
[2023-02-23 16:57:00,375] {logging_mixin.py:104} INFO - [2023-02-23 16:57:00,375] {dagbag.py:496} INFO - Filling up the DagBag from /home/airflow/.local/lib/python3.6/site-packages/airflow/example_dags/example_branch_day_of_week_operator.py
[2023-02-23 16:57:00,387] {scheduler_job.py:643} INFO - DAG(s) dict_keys(['example_weekday_branch_operator']) retrieved from /home/airflow/.local/lib/python3.6/site-packages/airflow/example_dags/example_branch_day_of_week_operator.py
[2023-02-23 16:57:00,412] {logging_mixin.py:104} INFO - [2023-02-23 16:57:00,412] {dag.py:1833} INFO - Sync 1 DAGs
[2023-02-23 16:57:00,488] {logging_mixin.py:104} INFO - [2023-02-23 16:57:00,488] {dag.py:2306} INFO - Setting next_dagrun for example_weekday_branch_operator to 2023-02-21 00:00:00+00:00
[2023-02-23 16:57:00,499] {scheduler_job.py:190} INFO - Processing /home/airflow/.local/lib/python3.6/site-packages/airflow/example_dags/example_branch_day_of_week_operator.py took 0.175 seconds
[2023-02-23 16:57:30,817] {scheduler_job.py:182} INFO - Started process (PID=1246) to work on /home/airflow/.local/lib/python3.6/site-packages/airflow/example_dags/example_branch_day_of_week_operator.py
[2023-02-23 16:57:30,817] {scheduler_job.py:633} INFO - Processing file /home/airflow/.local/lib/python3.6/site-packages/airflow/example_dags/example_branch_day_of_week_operator.py for tasks to queue
[2023-02-23 16:57:30,818] {logging_mixin.py:104} INFO - [2023-02-23 16:57:30,818] {dagbag.py:496} INFO - Filling up the DagBag from /home/airflow/.local/lib/python3.6/site-packages/airflow/example_dags/example_branch_day_of_week_operator.py
[2023-02-23 16:57:30,828] {scheduler_job.py:643} INFO - DAG(s) dict_keys(['example_weekday_branch_operator']) retrieved from /home/airflow/.local/lib/python3.6/site-packages/airflow/example_dags/example_branch_day_of_week_operator.py
[2023-02-23 16:57:30,844] {logging_mixin.py:104} INFO - [2023-02-23 16:57:30,844] {dag.py:1833} INFO - Sync 1 DAGs
[2023-02-23 16:57:30,859] {logging_mixin.py:104} INFO - [2023-02-23 16:57:30,859] {dag.py:2306} INFO - Setting next_dagrun for example_weekday_branch_operator to 2023-02-21 00:00:00+00:00
[2023-02-23 16:57:30,867] {scheduler_job.py:190} INFO - Processing /home/airflow/.local/lib/python3.6/site-packages/airflow/example_dags/example_branch_day_of_week_operator.py took 0.053 seconds
[2023-02-23 16:58:01,045] {scheduler_job.py:182} INFO - Started process (PID=1298) to work on /home/airflow/.local/lib/python3.6/site-packages/airflow/example_dags/example_branch_day_of_week_operator.py
[2023-02-23 16:58:01,046] {scheduler_job.py:633} INFO - Processing file /home/airflow/.local/lib/python3.6/site-packages/airflow/example_dags/example_branch_day_of_week_operator.py for tasks to queue
[2023-02-23 16:58:01,046] {logging_mixin.py:104} INFO - [2023-02-23 16:58:01,046] {dagbag.py:496} INFO - Filling up the DagBag from /home/airflow/.local/lib/python3.6/site-packages/airflow/example_dags/example_branch_day_of_week_operator.py
[2023-02-23 16:58:01,056] {scheduler_job.py:643} INFO - DAG(s) dict_keys(['example_weekday_branch_operator']) retrieved from /home/airflow/.local/lib/python3.6/site-packages/airflow/example_dags/example_branch_day_of_week_operator.py
[2023-02-23 16:58:01,075] {logging_mixin.py:104} INFO - [2023-02-23 16:58:01,075] {dag.py:1833} INFO - Sync 1 DAGs
[2023-02-23 16:58:01,095] {logging_mixin.py:104} INFO - [2023-02-23 16:58:01,095] {dag.py:2306} INFO - Setting next_dagrun for example_weekday_branch_operator to 2023-02-21 00:00:00+00:00
[2023-02-23 16:58:01,104] {scheduler_job.py:190} INFO - Processing /home/airflow/.local/lib/python3.6/site-packages/airflow/example_dags/example_branch_day_of_week_operator.py took 0.062 seconds
[2023-02-23 16:58:31,343] {scheduler_job.py:182} INFO - Started process (PID=1360) to work on /home/airflow/.local/lib/python3.6/site-packages/airflow/example_dags/example_branch_day_of_week_operator.py
[2023-02-23 16:58:31,344] {scheduler_job.py:633} INFO - Processing file /home/airflow/.local/lib/python3.6/site-packages/airflow/example_dags/example_branch_day_of_week_operator.py for tasks to queue
[2023-02-23 16:58:31,344] {logging_mixin.py:104} INFO - [2023-02-23 16:58:31,344] {dagbag.py:496} INFO - Filling up the DagBag from /home/airflow/.local/lib/python3.6/site-packages/airflow/example_dags/example_branch_day_of_week_operator.py
[2023-02-23 16:58:31,355] {scheduler_job.py:643} INFO - DAG(s) dict_keys(['example_weekday_branch_operator']) retrieved from /home/airflow/.local/lib/python3.6/site-packages/airflow/example_dags/example_branch_day_of_week_operator.py
[2023-02-23 16:58:31,373] {logging_mixin.py:104} INFO - [2023-02-23 16:58:31,373] {dag.py:1833} INFO - Sync 1 DAGs
[2023-02-23 16:58:31,390] {logging_mixin.py:104} INFO - [2023-02-23 16:58:31,390] {dag.py:2306} INFO - Setting next_dagrun for example_weekday_branch_operator to 2023-02-21 00:00:00+00:00
[2023-02-23 16:58:31,397] {scheduler_job.py:190} INFO - Processing /home/airflow/.local/lib/python3.6/site-packages/airflow/example_dags/example_branch_day_of_week_operator.py took 0.057 seconds
[2023-02-23 16:59:02,008] {scheduler_job.py:182} INFO - Started process (PID=1412) to work on /home/airflow/.local/lib/python3.6/site-packages/airflow/example_dags/example_branch_day_of_week_operator.py
[2023-02-23 16:59:02,009] {scheduler_job.py:633} INFO - Processing file /home/airflow/.local/lib/python3.6/site-packages/airflow/example_dags/example_branch_day_of_week_operator.py for tasks to queue
[2023-02-23 16:59:02,010] {logging_mixin.py:104} INFO - [2023-02-23 16:59:02,009] {dagbag.py:496} INFO - Filling up the DagBag from /home/airflow/.local/lib/python3.6/site-packages/airflow/example_dags/example_branch_day_of_week_operator.py
[2023-02-23 16:59:02,019] {scheduler_job.py:643} INFO - DAG(s) dict_keys(['example_weekday_branch_operator']) retrieved from /home/airflow/.local/lib/python3.6/site-packages/airflow/example_dags/example_branch_day_of_week_operator.py
[2023-02-23 16:59:02,089] {logging_mixin.py:104} INFO - [2023-02-23 16:59:02,089] {dag.py:1833} INFO - Sync 1 DAGs
[2023-02-23 16:59:02,104] {logging_mixin.py:104} INFO - [2023-02-23 16:59:02,104] {dag.py:2306} INFO - Setting next_dagrun for example_weekday_branch_operator to 2023-02-21 00:00:00+00:00
[2023-02-23 16:59:02,111] {scheduler_job.py:190} INFO - Processing /home/airflow/.local/lib/python3.6/site-packages/airflow/example_dags/example_branch_day_of_week_operator.py took 0.106 seconds
[2023-02-23 16:59:32,621] {scheduler_job.py:182} INFO - Started process (PID=1475) to work on /home/airflow/.local/lib/python3.6/site-packages/airflow/example_dags/example_branch_day_of_week_operator.py
[2023-02-23 16:59:32,621] {scheduler_job.py:633} INFO - Processing file /home/airflow/.local/lib/python3.6/site-packages/airflow/example_dags/example_branch_day_of_week_operator.py for tasks to queue
[2023-02-23 16:59:32,622] {logging_mixin.py:104} INFO - [2023-02-23 16:59:32,622] {dagbag.py:496} INFO - Filling up the DagBag from /home/airflow/.local/lib/python3.6/site-packages/airflow/example_dags/example_branch_day_of_week_operator.py
[2023-02-23 16:59:32,632] {scheduler_job.py:643} INFO - DAG(s) dict_keys(['example_weekday_branch_operator']) retrieved from /home/airflow/.local/lib/python3.6/site-packages/airflow/example_dags/example_branch_day_of_week_operator.py
[2023-02-23 16:59:32,652] {logging_mixin.py:104} INFO - [2023-02-23 16:59:32,651] {dag.py:1833} INFO - Sync 1 DAGs
[2023-02-23 16:59:32,668] {logging_mixin.py:104} INFO - [2023-02-23 16:59:32,668] {dag.py:2306} INFO - Setting next_dagrun for example_weekday_branch_operator to 2023-02-21 00:00:00+00:00
[2023-02-23 16:59:32,676] {scheduler_job.py:190} INFO - Processing /home/airflow/.local/lib/python3.6/site-packages/airflow/example_dags/example_branch_day_of_week_operator.py took 0.058 seconds
[2023-02-23 17:00:03,499] {scheduler_job.py:182} INFO - Started process (PID=1528) to work on /home/airflow/.local/lib/python3.6/site-packages/airflow/example_dags/example_branch_day_of_week_operator.py
[2023-02-23 17:00:03,500] {scheduler_job.py:633} INFO - Processing file /home/airflow/.local/lib/python3.6/site-packages/airflow/example_dags/example_branch_day_of_week_operator.py for tasks to queue
[2023-02-23 17:00:03,501] {logging_mixin.py:104} INFO - [2023-02-23 17:00:03,500] {dagbag.py:496} INFO - Filling up the DagBag from /home/airflow/.local/lib/python3.6/site-packages/airflow/example_dags/example_branch_day_of_week_operator.py
[2023-02-23 17:00:03,513] {scheduler_job.py:643} INFO - DAG(s) dict_keys(['example_weekday_branch_operator']) retrieved from /home/airflow/.local/lib/python3.6/site-packages/airflow/example_dags/example_branch_day_of_week_operator.py
[2023-02-23 17:00:03,572] {logging_mixin.py:104} INFO - [2023-02-23 17:00:03,572] {dag.py:1833} INFO - Sync 1 DAGs
[2023-02-23 17:00:03,591] {logging_mixin.py:104} INFO - [2023-02-23 17:00:03,591] {dag.py:2306} INFO - Setting next_dagrun for example_weekday_branch_operator to 2023-02-21 00:00:00+00:00
[2023-02-23 17:00:03,600] {scheduler_job.py:190} INFO - Processing /home/airflow/.local/lib/python3.6/site-packages/airflow/example_dags/example_branch_day_of_week_operator.py took 0.104 seconds
[2023-02-23 17:00:34,549] {scheduler_job.py:182} INFO - Started process (PID=1590) to work on /home/airflow/.local/lib/python3.6/site-packages/airflow/example_dags/example_branch_day_of_week_operator.py
[2023-02-23 17:00:34,550] {scheduler_job.py:633} INFO - Processing file /home/airflow/.local/lib/python3.6/site-packages/airflow/example_dags/example_branch_day_of_week_operator.py for tasks to queue
[2023-02-23 17:00:34,550] {logging_mixin.py:104} INFO - [2023-02-23 17:00:34,550] {dagbag.py:496} INFO - Filling up the DagBag from /home/airflow/.local/lib/python3.6/site-packages/airflow/example_dags/example_branch_day_of_week_operator.py
[2023-02-23 17:00:34,560] {scheduler_job.py:643} INFO - DAG(s) dict_keys(['example_weekday_branch_operator']) retrieved from /home/airflow/.local/lib/python3.6/site-packages/airflow/example_dags/example_branch_day_of_week_operator.py
[2023-02-23 17:00:34,579] {logging_mixin.py:104} INFO - [2023-02-23 17:00:34,579] {dag.py:1833} INFO - Sync 1 DAGs
[2023-02-23 17:00:34,594] {logging_mixin.py:104} INFO - [2023-02-23 17:00:34,594] {dag.py:2306} INFO - Setting next_dagrun for example_weekday_branch_operator to 2023-02-21 00:00:00+00:00
[2023-02-23 17:00:34,603] {scheduler_job.py:190} INFO - Processing /home/airflow/.local/lib/python3.6/site-packages/airflow/example_dags/example_branch_day_of_week_operator.py took 0.057 seconds
[2023-02-23 17:01:05,100] {scheduler_job.py:182} INFO - Started process (PID=1642) to work on /home/airflow/.local/lib/python3.6/site-packages/airflow/example_dags/example_branch_day_of_week_operator.py
[2023-02-23 17:01:05,101] {scheduler_job.py:633} INFO - Processing file /home/airflow/.local/lib/python3.6/site-packages/airflow/example_dags/example_branch_day_of_week_operator.py for tasks to queue
[2023-02-23 17:01:05,102] {logging_mixin.py:104} INFO - [2023-02-23 17:01:05,102] {dagbag.py:496} INFO - Filling up the DagBag from /home/airflow/.local/lib/python3.6/site-packages/airflow/example_dags/example_branch_day_of_week_operator.py
[2023-02-23 17:01:05,114] {scheduler_job.py:643} INFO - DAG(s) dict_keys(['example_weekday_branch_operator']) retrieved from /home/airflow/.local/lib/python3.6/site-packages/airflow/example_dags/example_branch_day_of_week_operator.py
[2023-02-23 17:01:05,138] {logging_mixin.py:104} INFO - [2023-02-23 17:01:05,138] {dag.py:1833} INFO - Sync 1 DAGs
[2023-02-23 17:01:05,160] {logging_mixin.py:104} INFO - [2023-02-23 17:01:05,160] {dag.py:2306} INFO - Setting next_dagrun for example_weekday_branch_operator to 2023-02-21 00:00:00+00:00
[2023-02-23 17:01:05,172] {scheduler_job.py:190} INFO - Processing /home/airflow/.local/lib/python3.6/site-packages/airflow/example_dags/example_branch_day_of_week_operator.py took 0.075 seconds
[2023-02-23 17:01:35,743] {scheduler_job.py:182} INFO - Started process (PID=1705) to work on /home/airflow/.local/lib/python3.6/site-packages/airflow/example_dags/example_branch_day_of_week_operator.py
[2023-02-23 17:01:35,743] {scheduler_job.py:633} INFO - Processing file /home/airflow/.local/lib/python3.6/site-packages/airflow/example_dags/example_branch_day_of_week_operator.py for tasks to queue
[2023-02-23 17:01:35,744] {logging_mixin.py:104} INFO - [2023-02-23 17:01:35,744] {dagbag.py:496} INFO - Filling up the DagBag from /home/airflow/.local/lib/python3.6/site-packages/airflow/example_dags/example_branch_day_of_week_operator.py
[2023-02-23 17:01:35,756] {scheduler_job.py:643} INFO - DAG(s) dict_keys(['example_weekday_branch_operator']) retrieved from /home/airflow/.local/lib/python3.6/site-packages/airflow/example_dags/example_branch_day_of_week_operator.py
[2023-02-23 17:01:35,776] {logging_mixin.py:104} INFO - [2023-02-23 17:01:35,776] {dag.py:1833} INFO - Sync 1 DAGs
[2023-02-23 17:01:35,795] {logging_mixin.py:104} INFO - [2023-02-23 17:01:35,794] {dag.py:2306} INFO - Setting next_dagrun for example_weekday_branch_operator to 2023-02-21 00:00:00+00:00
[2023-02-23 17:01:35,803] {scheduler_job.py:190} INFO - Processing /home/airflow/.local/lib/python3.6/site-packages/airflow/example_dags/example_branch_day_of_week_operator.py took 0.063 seconds
[2023-02-23 17:02:05,896] {scheduler_job.py:182} INFO - Started process (PID=1757) to work on /home/airflow/.local/lib/python3.6/site-packages/airflow/example_dags/example_branch_day_of_week_operator.py
[2023-02-23 17:02:05,897] {scheduler_job.py:633} INFO - Processing file /home/airflow/.local/lib/python3.6/site-packages/airflow/example_dags/example_branch_day_of_week_operator.py for tasks to queue
[2023-02-23 17:02:05,897] {logging_mixin.py:104} INFO - [2023-02-23 17:02:05,897] {dagbag.py:496} INFO - Filling up the DagBag from /home/airflow/.local/lib/python3.6/site-packages/airflow/example_dags/example_branch_day_of_week_operator.py
[2023-02-23 17:02:05,908] {scheduler_job.py:643} INFO - DAG(s) dict_keys(['example_weekday_branch_operator']) retrieved from /home/airflow/.local/lib/python3.6/site-packages/airflow/example_dags/example_branch_day_of_week_operator.py
[2023-02-23 17:02:05,926] {logging_mixin.py:104} INFO - [2023-02-23 17:02:05,926] {dag.py:1833} INFO - Sync 1 DAGs
[2023-02-23 17:02:05,942] {logging_mixin.py:104} INFO - [2023-02-23 17:02:05,942] {dag.py:2306} INFO - Setting next_dagrun for example_weekday_branch_operator to 2023-02-21 00:00:00+00:00
[2023-02-23 17:02:05,951] {scheduler_job.py:190} INFO - Processing /home/airflow/.local/lib/python3.6/site-packages/airflow/example_dags/example_branch_day_of_week_operator.py took 0.058 seconds
[2023-02-23 17:02:36,124] {scheduler_job.py:182} INFO - Started process (PID=1819) to work on /home/airflow/.local/lib/python3.6/site-packages/airflow/example_dags/example_branch_day_of_week_operator.py
[2023-02-23 17:02:36,125] {scheduler_job.py:633} INFO - Processing file /home/airflow/.local/lib/python3.6/site-packages/airflow/example_dags/example_branch_day_of_week_operator.py for tasks to queue
[2023-02-23 17:02:36,126] {logging_mixin.py:104} INFO - [2023-02-23 17:02:36,126] {dagbag.py:496} INFO - Filling up the DagBag from /home/airflow/.local/lib/python3.6/site-packages/airflow/example_dags/example_branch_day_of_week_operator.py
[2023-02-23 17:02:36,138] {scheduler_job.py:643} INFO - DAG(s) dict_keys(['example_weekday_branch_operator']) retrieved from /home/airflow/.local/lib/python3.6/site-packages/airflow/example_dags/example_branch_day_of_week_operator.py
[2023-02-23 17:02:36,155] {logging_mixin.py:104} INFO - [2023-02-23 17:02:36,155] {dag.py:1833} INFO - Sync 1 DAGs
[2023-02-23 17:02:36,179] {logging_mixin.py:104} INFO - [2023-02-23 17:02:36,179] {dag.py:2306} INFO - Setting next_dagrun for example_weekday_branch_operator to 2023-02-21 00:00:00+00:00
[2023-02-23 17:02:36,187] {scheduler_job.py:190} INFO - Processing /home/airflow/.local/lib/python3.6/site-packages/airflow/example_dags/example_branch_day_of_week_operator.py took 0.066 seconds
[2023-02-23 17:03:06,392] {scheduler_job.py:182} INFO - Started process (PID=1871) to work on /home/airflow/.local/lib/python3.6/site-packages/airflow/example_dags/example_branch_day_of_week_operator.py
[2023-02-23 17:03:06,393] {scheduler_job.py:633} INFO - Processing file /home/airflow/.local/lib/python3.6/site-packages/airflow/example_dags/example_branch_day_of_week_operator.py for tasks to queue
[2023-02-23 17:03:06,393] {logging_mixin.py:104} INFO - [2023-02-23 17:03:06,393] {dagbag.py:496} INFO - Filling up the DagBag from /home/airflow/.local/lib/python3.6/site-packages/airflow/example_dags/example_branch_day_of_week_operator.py
[2023-02-23 17:03:06,407] {scheduler_job.py:643} INFO - DAG(s) dict_keys(['example_weekday_branch_operator']) retrieved from /home/airflow/.local/lib/python3.6/site-packages/airflow/example_dags/example_branch_day_of_week_operator.py
[2023-02-23 17:03:06,430] {logging_mixin.py:104} INFO - [2023-02-23 17:03:06,430] {dag.py:1833} INFO - Sync 1 DAGs
[2023-02-23 17:03:06,449] {logging_mixin.py:104} INFO - [2023-02-23 17:03:06,449] {dag.py:2306} INFO - Setting next_dagrun for example_weekday_branch_operator to 2023-02-21 00:00:00+00:00
[2023-02-23 17:03:06,460] {scheduler_job.py:190} INFO - Processing /home/airflow/.local/lib/python3.6/site-packages/airflow/example_dags/example_branch_day_of_week_operator.py took 0.071 seconds
[2023-02-23 17:03:36,594] {scheduler_job.py:182} INFO - Started process (PID=1923) to work on /home/airflow/.local/lib/python3.6/site-packages/airflow/example_dags/example_branch_day_of_week_operator.py
[2023-02-23 17:03:36,594] {scheduler_job.py:633} INFO - Processing file /home/airflow/.local/lib/python3.6/site-packages/airflow/example_dags/example_branch_day_of_week_operator.py for tasks to queue
[2023-02-23 17:03:36,595] {logging_mixin.py:104} INFO - [2023-02-23 17:03:36,595] {dagbag.py:496} INFO - Filling up the DagBag from /home/airflow/.local/lib/python3.6/site-packages/airflow/example_dags/example_branch_day_of_week_operator.py
[2023-02-23 17:03:36,606] {scheduler_job.py:643} INFO - DAG(s) dict_keys(['example_weekday_branch_operator']) retrieved from /home/airflow/.local/lib/python3.6/site-packages/airflow/example_dags/example_branch_day_of_week_operator.py
[2023-02-23 17:03:36,627] {logging_mixin.py:104} INFO - [2023-02-23 17:03:36,627] {dag.py:1833} INFO - Sync 1 DAGs
[2023-02-23 17:03:36,648] {logging_mixin.py:104} INFO - [2023-02-23 17:03:36,647] {dag.py:2306} INFO - Setting next_dagrun for example_weekday_branch_operator to 2023-02-21 00:00:00+00:00
[2023-02-23 17:03:36,657] {scheduler_job.py:190} INFO - Processing /home/airflow/.local/lib/python3.6/site-packages/airflow/example_dags/example_branch_day_of_week_operator.py took 0.066 seconds
[2023-02-23 17:04:07,537] {scheduler_job.py:182} INFO - Started process (PID=1985) to work on /home/airflow/.local/lib/python3.6/site-packages/airflow/example_dags/example_branch_day_of_week_operator.py
[2023-02-23 17:04:07,539] {scheduler_job.py:633} INFO - Processing file /home/airflow/.local/lib/python3.6/site-packages/airflow/example_dags/example_branch_day_of_week_operator.py for tasks to queue
[2023-02-23 17:04:07,540] {logging_mixin.py:104} INFO - [2023-02-23 17:04:07,540] {dagbag.py:496} INFO - Filling up the DagBag from /home/airflow/.local/lib/python3.6/site-packages/airflow/example_dags/example_branch_day_of_week_operator.py
[2023-02-23 17:04:07,549] {scheduler_job.py:643} INFO - DAG(s) dict_keys(['example_weekday_branch_operator']) retrieved from /home/airflow/.local/lib/python3.6/site-packages/airflow/example_dags/example_branch_day_of_week_operator.py
[2023-02-23 17:04:07,567] {logging_mixin.py:104} INFO - [2023-02-23 17:04:07,567] {dag.py:1833} INFO - Sync 1 DAGs
[2023-02-23 17:04:07,587] {logging_mixin.py:104} INFO - [2023-02-23 17:04:07,587] {dag.py:2306} INFO - Setting next_dagrun for example_weekday_branch_operator to 2023-02-21 00:00:00+00:00
[2023-02-23 17:04:07,596] {scheduler_job.py:190} INFO - Processing /home/airflow/.local/lib/python3.6/site-packages/airflow/example_dags/example_branch_day_of_week_operator.py took 0.062 seconds
[2023-02-23 17:04:38,338] {scheduler_job.py:182} INFO - Started process (PID=2038) to work on /home/airflow/.local/lib/python3.6/site-packages/airflow/example_dags/example_branch_day_of_week_operator.py
[2023-02-23 17:04:38,338] {scheduler_job.py:633} INFO - Processing file /home/airflow/.local/lib/python3.6/site-packages/airflow/example_dags/example_branch_day_of_week_operator.py for tasks to queue
[2023-02-23 17:04:38,339] {logging_mixin.py:104} INFO - [2023-02-23 17:04:38,339] {dagbag.py:496} INFO - Filling up the DagBag from /home/airflow/.local/lib/python3.6/site-packages/airflow/example_dags/example_branch_day_of_week_operator.py
[2023-02-23 17:04:38,349] {scheduler_job.py:643} INFO - DAG(s) dict_keys(['example_weekday_branch_operator']) retrieved from /home/airflow/.local/lib/python3.6/site-packages/airflow/example_dags/example_branch_day_of_week_operator.py
[2023-02-23 17:04:38,366] {logging_mixin.py:104} INFO - [2023-02-23 17:04:38,366] {dag.py:1833} INFO - Sync 1 DAGs
[2023-02-23 17:04:38,382] {logging_mixin.py:104} INFO - [2023-02-23 17:04:38,382] {dag.py:2306} INFO - Setting next_dagrun for example_weekday_branch_operator to 2023-02-21 00:00:00+00:00
[2023-02-23 17:04:38,390] {scheduler_job.py:190} INFO - Processing /home/airflow/.local/lib/python3.6/site-packages/airflow/example_dags/example_branch_day_of_week_operator.py took 0.054 seconds
[2023-02-23 17:05:09,288] {scheduler_job.py:182} INFO - Started process (PID=2100) to work on /home/airflow/.local/lib/python3.6/site-packages/airflow/example_dags/example_branch_day_of_week_operator.py
[2023-02-23 17:05:09,289] {scheduler_job.py:633} INFO - Processing file /home/airflow/.local/lib/python3.6/site-packages/airflow/example_dags/example_branch_day_of_week_operator.py for tasks to queue
[2023-02-23 17:05:09,290] {logging_mixin.py:104} INFO - [2023-02-23 17:05:09,290] {dagbag.py:496} INFO - Filling up the DagBag from /home/airflow/.local/lib/python3.6/site-packages/airflow/example_dags/example_branch_day_of_week_operator.py
[2023-02-23 17:05:09,300] {scheduler_job.py:643} INFO - DAG(s) dict_keys(['example_weekday_branch_operator']) retrieved from /home/airflow/.local/lib/python3.6/site-packages/airflow/example_dags/example_branch_day_of_week_operator.py
[2023-02-23 17:05:09,319] {logging_mixin.py:104} INFO - [2023-02-23 17:05:09,319] {dag.py:1833} INFO - Sync 1 DAGs
[2023-02-23 17:05:09,333] {logging_mixin.py:104} INFO - [2023-02-23 17:05:09,333] {dag.py:2306} INFO - Setting next_dagrun for example_weekday_branch_operator to 2023-02-21 00:00:00+00:00
[2023-02-23 17:05:09,341] {scheduler_job.py:190} INFO - Processing /home/airflow/.local/lib/python3.6/site-packages/airflow/example_dags/example_branch_day_of_week_operator.py took 0.055 seconds
[2023-02-23 17:05:40,011] {scheduler_job.py:182} INFO - Started process (PID=2159) to work on /home/airflow/.local/lib/python3.6/site-packages/airflow/example_dags/example_branch_day_of_week_operator.py
[2023-02-23 17:05:40,012] {scheduler_job.py:633} INFO - Processing file /home/airflow/.local/lib/python3.6/site-packages/airflow/example_dags/example_branch_day_of_week_operator.py for tasks to queue
[2023-02-23 17:05:40,012] {logging_mixin.py:104} INFO - [2023-02-23 17:05:40,012] {dagbag.py:496} INFO - Filling up the DagBag from /home/airflow/.local/lib/python3.6/site-packages/airflow/example_dags/example_branch_day_of_week_operator.py
[2023-02-23 17:05:40,023] {scheduler_job.py:643} INFO - DAG(s) dict_keys(['example_weekday_branch_operator']) retrieved from /home/airflow/.local/lib/python3.6/site-packages/airflow/example_dags/example_branch_day_of_week_operator.py
[2023-02-23 17:05:40,095] {logging_mixin.py:104} INFO - [2023-02-23 17:05:40,095] {dag.py:1833} INFO - Sync 1 DAGs
[2023-02-23 17:05:40,116] {logging_mixin.py:104} INFO - [2023-02-23 17:05:40,116] {dag.py:2306} INFO - Setting next_dagrun for example_weekday_branch_operator to 2023-02-21 00:00:00+00:00
[2023-02-23 17:05:40,178] {scheduler_job.py:190} INFO - Processing /home/airflow/.local/lib/python3.6/site-packages/airflow/example_dags/example_branch_day_of_week_operator.py took 0.171 seconds
[2023-02-23 17:06:10,477] {scheduler_job.py:182} INFO - Started process (PID=2214) to work on /home/airflow/.local/lib/python3.6/site-packages/airflow/example_dags/example_branch_day_of_week_operator.py
[2023-02-23 17:06:10,478] {scheduler_job.py:633} INFO - Processing file /home/airflow/.local/lib/python3.6/site-packages/airflow/example_dags/example_branch_day_of_week_operator.py for tasks to queue
[2023-02-23 17:06:10,479] {logging_mixin.py:104} INFO - [2023-02-23 17:06:10,479] {dagbag.py:496} INFO - Filling up the DagBag from /home/airflow/.local/lib/python3.6/site-packages/airflow/example_dags/example_branch_day_of_week_operator.py
[2023-02-23 17:06:10,489] {scheduler_job.py:643} INFO - DAG(s) dict_keys(['example_weekday_branch_operator']) retrieved from /home/airflow/.local/lib/python3.6/site-packages/airflow/example_dags/example_branch_day_of_week_operator.py
[2023-02-23 17:06:10,512] {logging_mixin.py:104} INFO - [2023-02-23 17:06:10,511] {dag.py:1833} INFO - Sync 1 DAGs
[2023-02-23 17:06:10,578] {logging_mixin.py:104} INFO - [2023-02-23 17:06:10,578] {dag.py:2306} INFO - Setting next_dagrun for example_weekday_branch_operator to 2023-02-21 00:00:00+00:00
[2023-02-23 17:06:10,587] {scheduler_job.py:190} INFO - Processing /home/airflow/.local/lib/python3.6/site-packages/airflow/example_dags/example_branch_day_of_week_operator.py took 0.112 seconds
[2023-02-23 17:06:41,531] {scheduler_job.py:182} INFO - Started process (PID=2266) to work on /home/airflow/.local/lib/python3.6/site-packages/airflow/example_dags/example_branch_day_of_week_operator.py
[2023-02-23 17:06:41,532] {scheduler_job.py:633} INFO - Processing file /home/airflow/.local/lib/python3.6/site-packages/airflow/example_dags/example_branch_day_of_week_operator.py for tasks to queue
[2023-02-23 17:06:41,532] {logging_mixin.py:104} INFO - [2023-02-23 17:06:41,532] {dagbag.py:496} INFO - Filling up the DagBag from /home/airflow/.local/lib/python3.6/site-packages/airflow/example_dags/example_branch_day_of_week_operator.py
[2023-02-23 17:06:41,543] {scheduler_job.py:643} INFO - DAG(s) dict_keys(['example_weekday_branch_operator']) retrieved from /home/airflow/.local/lib/python3.6/site-packages/airflow/example_dags/example_branch_day_of_week_operator.py
[2023-02-23 17:06:41,560] {logging_mixin.py:104} INFO - [2023-02-23 17:06:41,560] {dag.py:1833} INFO - Sync 1 DAGs
[2023-02-23 17:06:41,575] {logging_mixin.py:104} INFO - [2023-02-23 17:06:41,575] {dag.py:2306} INFO - Setting next_dagrun for example_weekday_branch_operator to 2023-02-21 00:00:00+00:00
[2023-02-23 17:06:41,583] {scheduler_job.py:190} INFO - Processing /home/airflow/.local/lib/python3.6/site-packages/airflow/example_dags/example_branch_day_of_week_operator.py took 0.054 seconds
[2023-02-23 17:07:12,241] {scheduler_job.py:182} INFO - Started process (PID=2328) to work on /home/airflow/.local/lib/python3.6/site-packages/airflow/example_dags/example_branch_day_of_week_operator.py
[2023-02-23 17:07:12,242] {scheduler_job.py:633} INFO - Processing file /home/airflow/.local/lib/python3.6/site-packages/airflow/example_dags/example_branch_day_of_week_operator.py for tasks to queue
[2023-02-23 17:07:12,242] {logging_mixin.py:104} INFO - [2023-02-23 17:07:12,242] {dagbag.py:496} INFO - Filling up the DagBag from /home/airflow/.local/lib/python3.6/site-packages/airflow/example_dags/example_branch_day_of_week_operator.py
[2023-02-23 17:07:12,253] {scheduler_job.py:643} INFO - DAG(s) dict_keys(['example_weekday_branch_operator']) retrieved from /home/airflow/.local/lib/python3.6/site-packages/airflow/example_dags/example_branch_day_of_week_operator.py
[2023-02-23 17:07:12,273] {logging_mixin.py:104} INFO - [2023-02-23 17:07:12,273] {dag.py:1833} INFO - Sync 1 DAGs
[2023-02-23 17:07:12,289] {logging_mixin.py:104} INFO - [2023-02-23 17:07:12,289] {dag.py:2306} INFO - Setting next_dagrun for example_weekday_branch_operator to 2023-02-21 00:00:00+00:00
[2023-02-23 17:07:12,297] {scheduler_job.py:190} INFO - Processing /home/airflow/.local/lib/python3.6/site-packages/airflow/example_dags/example_branch_day_of_week_operator.py took 0.059 seconds
[2023-02-23 17:07:42,344] {scheduler_job.py:182} INFO - Started process (PID=2380) to work on /home/airflow/.local/lib/python3.6/site-packages/airflow/example_dags/example_branch_day_of_week_operator.py
[2023-02-23 17:07:42,345] {scheduler_job.py:633} INFO - Processing file /home/airflow/.local/lib/python3.6/site-packages/airflow/example_dags/example_branch_day_of_week_operator.py for tasks to queue
[2023-02-23 17:07:42,346] {logging_mixin.py:104} INFO - [2023-02-23 17:07:42,346] {dagbag.py:496} INFO - Filling up the DagBag from /home/airflow/.local/lib/python3.6/site-packages/airflow/example_dags/example_branch_day_of_week_operator.py
[2023-02-23 17:07:42,357] {scheduler_job.py:643} INFO - DAG(s) dict_keys(['example_weekday_branch_operator']) retrieved from /home/airflow/.local/lib/python3.6/site-packages/airflow/example_dags/example_branch_day_of_week_operator.py
[2023-02-23 17:07:42,375] {logging_mixin.py:104} INFO - [2023-02-23 17:07:42,375] {dag.py:1833} INFO - Sync 1 DAGs
[2023-02-23 17:07:42,392] {logging_mixin.py:104} INFO - [2023-02-23 17:07:42,392] {dag.py:2306} INFO - Setting next_dagrun for example_weekday_branch_operator to 2023-02-21 00:00:00+00:00
[2023-02-23 17:07:42,400] {scheduler_job.py:190} INFO - Processing /home/airflow/.local/lib/python3.6/site-packages/airflow/example_dags/example_branch_day_of_week_operator.py took 0.059 seconds
[2023-02-23 17:08:13,009] {scheduler_job.py:182} INFO - Started process (PID=2442) to work on /home/airflow/.local/lib/python3.6/site-packages/airflow/example_dags/example_branch_day_of_week_operator.py
[2023-02-23 17:08:13,010] {scheduler_job.py:633} INFO - Processing file /home/airflow/.local/lib/python3.6/site-packages/airflow/example_dags/example_branch_day_of_week_operator.py for tasks to queue
[2023-02-23 17:08:13,011] {logging_mixin.py:104} INFO - [2023-02-23 17:08:13,011] {dagbag.py:496} INFO - Filling up the DagBag from /home/airflow/.local/lib/python3.6/site-packages/airflow/example_dags/example_branch_day_of_week_operator.py
[2023-02-23 17:08:13,020] {scheduler_job.py:643} INFO - DAG(s) dict_keys(['example_weekday_branch_operator']) retrieved from /home/airflow/.local/lib/python3.6/site-packages/airflow/example_dags/example_branch_day_of_week_operator.py
[2023-02-23 17:08:13,039] {logging_mixin.py:104} INFO - [2023-02-23 17:08:13,039] {dag.py:1833} INFO - Sync 1 DAGs
[2023-02-23 17:08:13,053] {logging_mixin.py:104} INFO - [2023-02-23 17:08:13,053] {dag.py:2306} INFO - Setting next_dagrun for example_weekday_branch_operator to 2023-02-21 00:00:00+00:00
[2023-02-23 17:08:13,061] {scheduler_job.py:190} INFO - Processing /home/airflow/.local/lib/python3.6/site-packages/airflow/example_dags/example_branch_day_of_week_operator.py took 0.054 seconds
[2023-02-23 17:08:43,215] {scheduler_job.py:182} INFO - Started process (PID=2494) to work on /home/airflow/.local/lib/python3.6/site-packages/airflow/example_dags/example_branch_day_of_week_operator.py
[2023-02-23 17:08:43,216] {scheduler_job.py:633} INFO - Processing file /home/airflow/.local/lib/python3.6/site-packages/airflow/example_dags/example_branch_day_of_week_operator.py for tasks to queue
[2023-02-23 17:08:43,216] {logging_mixin.py:104} INFO - [2023-02-23 17:08:43,216] {dagbag.py:496} INFO - Filling up the DagBag from /home/airflow/.local/lib/python3.6/site-packages/airflow/example_dags/example_branch_day_of_week_operator.py
[2023-02-23 17:08:43,227] {scheduler_job.py:643} INFO - DAG(s) dict_keys(['example_weekday_branch_operator']) retrieved from /home/airflow/.local/lib/python3.6/site-packages/airflow/example_dags/example_branch_day_of_week_operator.py
[2023-02-23 17:08:43,245] {logging_mixin.py:104} INFO - [2023-02-23 17:08:43,245] {dag.py:1833} INFO - Sync 1 DAGs
[2023-02-23 17:08:43,261] {logging_mixin.py:104} INFO - [2023-02-23 17:08:43,261] {dag.py:2306} INFO - Setting next_dagrun for example_weekday_branch_operator to 2023-02-21 00:00:00+00:00
[2023-02-23 17:08:43,269] {scheduler_job.py:190} INFO - Processing /home/airflow/.local/lib/python3.6/site-packages/airflow/example_dags/example_branch_day_of_week_operator.py took 0.056 seconds
[2023-02-23 17:09:13,883] {scheduler_job.py:182} INFO - Started process (PID=2555) to work on /home/airflow/.local/lib/python3.6/site-packages/airflow/example_dags/example_branch_day_of_week_operator.py
[2023-02-23 17:09:13,884] {scheduler_job.py:633} INFO - Processing file /home/airflow/.local/lib/python3.6/site-packages/airflow/example_dags/example_branch_day_of_week_operator.py for tasks to queue
[2023-02-23 17:09:13,885] {logging_mixin.py:104} INFO - [2023-02-23 17:09:13,885] {dagbag.py:496} INFO - Filling up the DagBag from /home/airflow/.local/lib/python3.6/site-packages/airflow/example_dags/example_branch_day_of_week_operator.py
[2023-02-23 17:09:13,894] {scheduler_job.py:643} INFO - DAG(s) dict_keys(['example_weekday_branch_operator']) retrieved from /home/airflow/.local/lib/python3.6/site-packages/airflow/example_dags/example_branch_day_of_week_operator.py
[2023-02-23 17:09:13,987] {logging_mixin.py:104} INFO - [2023-02-23 17:09:13,987] {dag.py:1833} INFO - Sync 1 DAGs
[2023-02-23 17:09:14,079] {logging_mixin.py:104} INFO - [2023-02-23 17:09:14,079] {dag.py:2306} INFO - Setting next_dagrun for example_weekday_branch_operator to 2023-02-21 00:00:00+00:00
[2023-02-23 17:09:14,091] {scheduler_job.py:190} INFO - Processing /home/airflow/.local/lib/python3.6/site-packages/airflow/example_dags/example_branch_day_of_week_operator.py took 0.211 seconds
[2023-02-23 17:09:44,234] {scheduler_job.py:182} INFO - Started process (PID=2608) to work on /home/airflow/.local/lib/python3.6/site-packages/airflow/example_dags/example_branch_day_of_week_operator.py
[2023-02-23 17:09:44,235] {scheduler_job.py:633} INFO - Processing file /home/airflow/.local/lib/python3.6/site-packages/airflow/example_dags/example_branch_day_of_week_operator.py for tasks to queue
[2023-02-23 17:09:44,235] {logging_mixin.py:104} INFO - [2023-02-23 17:09:44,235] {dagbag.py:496} INFO - Filling up the DagBag from /home/airflow/.local/lib/python3.6/site-packages/airflow/example_dags/example_branch_day_of_week_operator.py
[2023-02-23 17:09:44,246] {scheduler_job.py:643} INFO - DAG(s) dict_keys(['example_weekday_branch_operator']) retrieved from /home/airflow/.local/lib/python3.6/site-packages/airflow/example_dags/example_branch_day_of_week_operator.py
[2023-02-23 17:09:44,282] {logging_mixin.py:104} INFO - [2023-02-23 17:09:44,282] {dag.py:1833} INFO - Sync 1 DAGs
[2023-02-23 17:09:44,298] {logging_mixin.py:104} INFO - [2023-02-23 17:09:44,298] {dag.py:2306} INFO - Setting next_dagrun for example_weekday_branch_operator to 2023-02-21 00:00:00+00:00
[2023-02-23 17:09:44,306] {scheduler_job.py:190} INFO - Processing /home/airflow/.local/lib/python3.6/site-packages/airflow/example_dags/example_branch_day_of_week_operator.py took 0.075 seconds
[2023-02-23 17:10:14,856] {scheduler_job.py:182} INFO - Started process (PID=2661) to work on /home/airflow/.local/lib/python3.6/site-packages/airflow/example_dags/example_branch_day_of_week_operator.py
[2023-02-23 17:10:14,857] {scheduler_job.py:633} INFO - Processing file /home/airflow/.local/lib/python3.6/site-packages/airflow/example_dags/example_branch_day_of_week_operator.py for tasks to queue
[2023-02-23 17:10:14,857] {logging_mixin.py:104} INFO - [2023-02-23 17:10:14,857] {dagbag.py:496} INFO - Filling up the DagBag from /home/airflow/.local/lib/python3.6/site-packages/airflow/example_dags/example_branch_day_of_week_operator.py
[2023-02-23 17:10:14,868] {scheduler_job.py:643} INFO - DAG(s) dict_keys(['example_weekday_branch_operator']) retrieved from /home/airflow/.local/lib/python3.6/site-packages/airflow/example_dags/example_branch_day_of_week_operator.py
[2023-02-23 17:10:14,886] {logging_mixin.py:104} INFO - [2023-02-23 17:10:14,886] {dag.py:1833} INFO - Sync 1 DAGs
[2023-02-23 17:10:14,901] {logging_mixin.py:104} INFO - [2023-02-23 17:10:14,901] {dag.py:2306} INFO - Setting next_dagrun for example_weekday_branch_operator to 2023-02-21 00:00:00+00:00
[2023-02-23 17:10:14,908] {scheduler_job.py:190} INFO - Processing /home/airflow/.local/lib/python3.6/site-packages/airflow/example_dags/example_branch_day_of_week_operator.py took 0.055 seconds
[2023-02-23 17:10:45,395] {scheduler_job.py:182} INFO - Started process (PID=2716) to work on /home/airflow/.local/lib/python3.6/site-packages/airflow/example_dags/example_branch_day_of_week_operator.py
[2023-02-23 17:10:45,396] {scheduler_job.py:633} INFO - Processing file /home/airflow/.local/lib/python3.6/site-packages/airflow/example_dags/example_branch_day_of_week_operator.py for tasks to queue
[2023-02-23 17:10:45,396] {logging_mixin.py:104} INFO - [2023-02-23 17:10:45,396] {dagbag.py:496} INFO - Filling up the DagBag from /home/airflow/.local/lib/python3.6/site-packages/airflow/example_dags/example_branch_day_of_week_operator.py
[2023-02-23 17:10:45,479] {scheduler_job.py:643} INFO - DAG(s) dict_keys(['example_weekday_branch_operator']) retrieved from /home/airflow/.local/lib/python3.6/site-packages/airflow/example_dags/example_branch_day_of_week_operator.py
[2023-02-23 17:10:45,673] {logging_mixin.py:104} INFO - [2023-02-23 17:10:45,672] {dag.py:1833} INFO - Sync 1 DAGs
[2023-02-23 17:10:45,781] {logging_mixin.py:104} INFO - [2023-02-23 17:10:45,781] {dag.py:2306} INFO - Setting next_dagrun for example_weekday_branch_operator to 2023-02-21 00:00:00+00:00
[2023-02-23 17:10:45,790] {scheduler_job.py:190} INFO - Processing /home/airflow/.local/lib/python3.6/site-packages/airflow/example_dags/example_branch_day_of_week_operator.py took 0.397 seconds
