[2023-02-23 19:42:59,528] {scheduler_job.py:182} INFO - Started process (PID=68) to work on /home/airflow/.local/lib/python3.6/site-packages/airflow/example_dags/example_complex.py
[2023-02-23 19:42:59,531] {scheduler_job.py:633} INFO - Processing file /home/airflow/.local/lib/python3.6/site-packages/airflow/example_dags/example_complex.py for tasks to queue
[2023-02-23 19:42:59,532] {logging_mixin.py:104} INFO - [2023-02-23 19:42:59,532] {dagbag.py:496} INFO - Filling up the DagBag from /home/airflow/.local/lib/python3.6/site-packages/airflow/example_dags/example_complex.py
[2023-02-23 19:42:59,586] {scheduler_job.py:643} INFO - DAG(s) dict_keys(['example_complex']) retrieved from /home/airflow/.local/lib/python3.6/site-packages/airflow/example_dags/example_complex.py
[2023-02-23 19:42:59,611] {logging_mixin.py:104} INFO - [2023-02-23 19:42:59,611] {dag.py:1833} INFO - Sync 1 DAGs
[2023-02-23 19:42:59,624] {logging_mixin.py:104} INFO - [2023-02-23 19:42:59,624] {dag.py:2306} INFO - Setting next_dagrun for example_complex to None
[2023-02-23 19:42:59,670] {scheduler_job.py:190} INFO - Processing /home/airflow/.local/lib/python3.6/site-packages/airflow/example_dags/example_complex.py took 0.144 seconds
[2023-02-23 19:43:29,937] {scheduler_job.py:182} INFO - Started process (PID=119) to work on /home/airflow/.local/lib/python3.6/site-packages/airflow/example_dags/example_complex.py
[2023-02-23 19:43:29,938] {scheduler_job.py:633} INFO - Processing file /home/airflow/.local/lib/python3.6/site-packages/airflow/example_dags/example_complex.py for tasks to queue
[2023-02-23 19:43:29,938] {logging_mixin.py:104} INFO - [2023-02-23 19:43:29,938] {dagbag.py:496} INFO - Filling up the DagBag from /home/airflow/.local/lib/python3.6/site-packages/airflow/example_dags/example_complex.py
[2023-02-23 19:43:29,958] {scheduler_job.py:643} INFO - DAG(s) dict_keys(['example_complex']) retrieved from /home/airflow/.local/lib/python3.6/site-packages/airflow/example_dags/example_complex.py
[2023-02-23 19:43:29,979] {logging_mixin.py:104} INFO - [2023-02-23 19:43:29,979] {dag.py:1833} INFO - Sync 1 DAGs
[2023-02-23 19:43:29,992] {logging_mixin.py:104} INFO - [2023-02-23 19:43:29,992] {dag.py:2306} INFO - Setting next_dagrun for example_complex to None
[2023-02-23 19:43:30,000] {scheduler_job.py:190} INFO - Processing /home/airflow/.local/lib/python3.6/site-packages/airflow/example_dags/example_complex.py took 0.065 seconds
[2023-02-23 19:44:00,526] {scheduler_job.py:182} INFO - Started process (PID=180) to work on /home/airflow/.local/lib/python3.6/site-packages/airflow/example_dags/example_complex.py
[2023-02-23 19:44:00,527] {scheduler_job.py:633} INFO - Processing file /home/airflow/.local/lib/python3.6/site-packages/airflow/example_dags/example_complex.py for tasks to queue
[2023-02-23 19:44:00,527] {logging_mixin.py:104} INFO - [2023-02-23 19:44:00,527] {dagbag.py:496} INFO - Filling up the DagBag from /home/airflow/.local/lib/python3.6/site-packages/airflow/example_dags/example_complex.py
[2023-02-23 19:44:00,544] {scheduler_job.py:643} INFO - DAG(s) dict_keys(['example_complex']) retrieved from /home/airflow/.local/lib/python3.6/site-packages/airflow/example_dags/example_complex.py
[2023-02-23 19:44:00,566] {logging_mixin.py:104} INFO - [2023-02-23 19:44:00,566] {dag.py:1833} INFO - Sync 1 DAGs
[2023-02-23 19:44:00,577] {logging_mixin.py:104} INFO - [2023-02-23 19:44:00,577] {dag.py:2306} INFO - Setting next_dagrun for example_complex to None
[2023-02-23 19:44:00,585] {scheduler_job.py:190} INFO - Processing /home/airflow/.local/lib/python3.6/site-packages/airflow/example_dags/example_complex.py took 0.061 seconds
[2023-02-23 19:44:31,277] {scheduler_job.py:182} INFO - Started process (PID=231) to work on /home/airflow/.local/lib/python3.6/site-packages/airflow/example_dags/example_complex.py
[2023-02-23 19:44:31,277] {scheduler_job.py:633} INFO - Processing file /home/airflow/.local/lib/python3.6/site-packages/airflow/example_dags/example_complex.py for tasks to queue
[2023-02-23 19:44:31,278] {logging_mixin.py:104} INFO - [2023-02-23 19:44:31,278] {dagbag.py:496} INFO - Filling up the DagBag from /home/airflow/.local/lib/python3.6/site-packages/airflow/example_dags/example_complex.py
[2023-02-23 19:44:31,294] {scheduler_job.py:643} INFO - DAG(s) dict_keys(['example_complex']) retrieved from /home/airflow/.local/lib/python3.6/site-packages/airflow/example_dags/example_complex.py
[2023-02-23 19:44:31,316] {logging_mixin.py:104} INFO - [2023-02-23 19:44:31,316] {dag.py:1833} INFO - Sync 1 DAGs
[2023-02-23 19:44:31,327] {logging_mixin.py:104} INFO - [2023-02-23 19:44:31,327] {dag.py:2306} INFO - Setting next_dagrun for example_complex to None
[2023-02-23 19:44:31,335] {scheduler_job.py:190} INFO - Processing /home/airflow/.local/lib/python3.6/site-packages/airflow/example_dags/example_complex.py took 0.060 seconds
[2023-02-23 19:45:02,111] {scheduler_job.py:182} INFO - Started process (PID=292) to work on /home/airflow/.local/lib/python3.6/site-packages/airflow/example_dags/example_complex.py
[2023-02-23 19:45:02,112] {scheduler_job.py:633} INFO - Processing file /home/airflow/.local/lib/python3.6/site-packages/airflow/example_dags/example_complex.py for tasks to queue
[2023-02-23 19:45:02,113] {logging_mixin.py:104} INFO - [2023-02-23 19:45:02,113] {dagbag.py:496} INFO - Filling up the DagBag from /home/airflow/.local/lib/python3.6/site-packages/airflow/example_dags/example_complex.py
[2023-02-23 19:45:02,128] {scheduler_job.py:643} INFO - DAG(s) dict_keys(['example_complex']) retrieved from /home/airflow/.local/lib/python3.6/site-packages/airflow/example_dags/example_complex.py
[2023-02-23 19:45:02,148] {logging_mixin.py:104} INFO - [2023-02-23 19:45:02,148] {dag.py:1833} INFO - Sync 1 DAGs
[2023-02-23 19:45:02,159] {logging_mixin.py:104} INFO - [2023-02-23 19:45:02,159] {dag.py:2306} INFO - Setting next_dagrun for example_complex to None
[2023-02-23 19:45:02,167] {scheduler_job.py:190} INFO - Processing /home/airflow/.local/lib/python3.6/site-packages/airflow/example_dags/example_complex.py took 0.057 seconds
[2023-02-23 19:45:32,936] {scheduler_job.py:182} INFO - Started process (PID=353) to work on /home/airflow/.local/lib/python3.6/site-packages/airflow/example_dags/example_complex.py
[2023-02-23 19:45:32,937] {scheduler_job.py:633} INFO - Processing file /home/airflow/.local/lib/python3.6/site-packages/airflow/example_dags/example_complex.py for tasks to queue
[2023-02-23 19:45:32,938] {logging_mixin.py:104} INFO - [2023-02-23 19:45:32,938] {dagbag.py:496} INFO - Filling up the DagBag from /home/airflow/.local/lib/python3.6/site-packages/airflow/example_dags/example_complex.py
[2023-02-23 19:45:32,956] {scheduler_job.py:643} INFO - DAG(s) dict_keys(['example_complex']) retrieved from /home/airflow/.local/lib/python3.6/site-packages/airflow/example_dags/example_complex.py
[2023-02-23 19:45:32,988] {logging_mixin.py:104} INFO - [2023-02-23 19:45:32,988] {dag.py:1833} INFO - Sync 1 DAGs
[2023-02-23 19:45:33,006] {logging_mixin.py:104} INFO - [2023-02-23 19:45:33,006] {dag.py:2306} INFO - Setting next_dagrun for example_complex to None
[2023-02-23 19:45:33,017] {scheduler_job.py:190} INFO - Processing /home/airflow/.local/lib/python3.6/site-packages/airflow/example_dags/example_complex.py took 0.083 seconds
[2023-02-23 19:46:03,696] {scheduler_job.py:182} INFO - Started process (PID=404) to work on /home/airflow/.local/lib/python3.6/site-packages/airflow/example_dags/example_complex.py
[2023-02-23 19:46:03,697] {scheduler_job.py:633} INFO - Processing file /home/airflow/.local/lib/python3.6/site-packages/airflow/example_dags/example_complex.py for tasks to queue
[2023-02-23 19:46:03,697] {logging_mixin.py:104} INFO - [2023-02-23 19:46:03,697] {dagbag.py:496} INFO - Filling up the DagBag from /home/airflow/.local/lib/python3.6/site-packages/airflow/example_dags/example_complex.py
[2023-02-23 19:46:03,714] {scheduler_job.py:643} INFO - DAG(s) dict_keys(['example_complex']) retrieved from /home/airflow/.local/lib/python3.6/site-packages/airflow/example_dags/example_complex.py
[2023-02-23 19:46:03,736] {logging_mixin.py:104} INFO - [2023-02-23 19:46:03,736] {dag.py:1833} INFO - Sync 1 DAGs
[2023-02-23 19:46:03,748] {logging_mixin.py:104} INFO - [2023-02-23 19:46:03,748] {dag.py:2306} INFO - Setting next_dagrun for example_complex to None
[2023-02-23 19:46:03,757] {scheduler_job.py:190} INFO - Processing /home/airflow/.local/lib/python3.6/site-packages/airflow/example_dags/example_complex.py took 0.063 seconds
[2023-02-23 19:46:34,193] {scheduler_job.py:182} INFO - Started process (PID=465) to work on /home/airflow/.local/lib/python3.6/site-packages/airflow/example_dags/example_complex.py
[2023-02-23 19:46:34,194] {scheduler_job.py:633} INFO - Processing file /home/airflow/.local/lib/python3.6/site-packages/airflow/example_dags/example_complex.py for tasks to queue
[2023-02-23 19:46:34,194] {logging_mixin.py:104} INFO - [2023-02-23 19:46:34,194] {dagbag.py:496} INFO - Filling up the DagBag from /home/airflow/.local/lib/python3.6/site-packages/airflow/example_dags/example_complex.py
[2023-02-23 19:46:34,213] {scheduler_job.py:643} INFO - DAG(s) dict_keys(['example_complex']) retrieved from /home/airflow/.local/lib/python3.6/site-packages/airflow/example_dags/example_complex.py
[2023-02-23 19:46:34,237] {logging_mixin.py:104} INFO - [2023-02-23 19:46:34,237] {dag.py:1833} INFO - Sync 1 DAGs
[2023-02-23 19:46:34,250] {logging_mixin.py:104} INFO - [2023-02-23 19:46:34,250] {dag.py:2306} INFO - Setting next_dagrun for example_complex to None
[2023-02-23 19:46:34,271] {scheduler_job.py:190} INFO - Processing /home/airflow/.local/lib/python3.6/site-packages/airflow/example_dags/example_complex.py took 0.080 seconds
[2023-02-23 19:47:05,174] {scheduler_job.py:182} INFO - Started process (PID=516) to work on /home/airflow/.local/lib/python3.6/site-packages/airflow/example_dags/example_complex.py
[2023-02-23 19:47:05,175] {scheduler_job.py:633} INFO - Processing file /home/airflow/.local/lib/python3.6/site-packages/airflow/example_dags/example_complex.py for tasks to queue
[2023-02-23 19:47:05,176] {logging_mixin.py:104} INFO - [2023-02-23 19:47:05,176] {dagbag.py:496} INFO - Filling up the DagBag from /home/airflow/.local/lib/python3.6/site-packages/airflow/example_dags/example_complex.py
[2023-02-23 19:47:05,193] {scheduler_job.py:643} INFO - DAG(s) dict_keys(['example_complex']) retrieved from /home/airflow/.local/lib/python3.6/site-packages/airflow/example_dags/example_complex.py
[2023-02-23 19:47:05,215] {logging_mixin.py:104} INFO - [2023-02-23 19:47:05,215] {dag.py:1833} INFO - Sync 1 DAGs
[2023-02-23 19:47:05,226] {logging_mixin.py:104} INFO - [2023-02-23 19:47:05,226] {dag.py:2306} INFO - Setting next_dagrun for example_complex to None
[2023-02-23 19:47:05,236] {scheduler_job.py:190} INFO - Processing /home/airflow/.local/lib/python3.6/site-packages/airflow/example_dags/example_complex.py took 0.064 seconds
[2023-02-23 19:47:35,589] {scheduler_job.py:182} INFO - Started process (PID=577) to work on /home/airflow/.local/lib/python3.6/site-packages/airflow/example_dags/example_complex.py
[2023-02-23 19:47:35,590] {scheduler_job.py:633} INFO - Processing file /home/airflow/.local/lib/python3.6/site-packages/airflow/example_dags/example_complex.py for tasks to queue
[2023-02-23 19:47:35,591] {logging_mixin.py:104} INFO - [2023-02-23 19:47:35,590] {dagbag.py:496} INFO - Filling up the DagBag from /home/airflow/.local/lib/python3.6/site-packages/airflow/example_dags/example_complex.py
[2023-02-23 19:47:35,613] {scheduler_job.py:643} INFO - DAG(s) dict_keys(['example_complex']) retrieved from /home/airflow/.local/lib/python3.6/site-packages/airflow/example_dags/example_complex.py
[2023-02-23 19:47:35,641] {logging_mixin.py:104} INFO - [2023-02-23 19:47:35,641] {dag.py:1833} INFO - Sync 1 DAGs
[2023-02-23 19:47:35,657] {logging_mixin.py:104} INFO - [2023-02-23 19:47:35,657] {dag.py:2306} INFO - Setting next_dagrun for example_complex to None
[2023-02-23 19:47:35,666] {scheduler_job.py:190} INFO - Processing /home/airflow/.local/lib/python3.6/site-packages/airflow/example_dags/example_complex.py took 0.079 seconds
[2023-02-23 19:48:06,429] {scheduler_job.py:182} INFO - Started process (PID=628) to work on /home/airflow/.local/lib/python3.6/site-packages/airflow/example_dags/example_complex.py
[2023-02-23 19:48:06,429] {scheduler_job.py:633} INFO - Processing file /home/airflow/.local/lib/python3.6/site-packages/airflow/example_dags/example_complex.py for tasks to queue
[2023-02-23 19:48:06,430] {logging_mixin.py:104} INFO - [2023-02-23 19:48:06,430] {dagbag.py:496} INFO - Filling up the DagBag from /home/airflow/.local/lib/python3.6/site-packages/airflow/example_dags/example_complex.py
[2023-02-23 19:48:06,448] {scheduler_job.py:643} INFO - DAG(s) dict_keys(['example_complex']) retrieved from /home/airflow/.local/lib/python3.6/site-packages/airflow/example_dags/example_complex.py
[2023-02-23 19:48:06,469] {logging_mixin.py:104} INFO - [2023-02-23 19:48:06,469] {dag.py:1833} INFO - Sync 1 DAGs
[2023-02-23 19:48:06,481] {logging_mixin.py:104} INFO - [2023-02-23 19:48:06,481] {dag.py:2306} INFO - Setting next_dagrun for example_complex to None
[2023-02-23 19:48:06,488] {scheduler_job.py:190} INFO - Processing /home/airflow/.local/lib/python3.6/site-packages/airflow/example_dags/example_complex.py took 0.062 seconds
[2023-02-23 19:48:37,001] {scheduler_job.py:182} INFO - Started process (PID=689) to work on /home/airflow/.local/lib/python3.6/site-packages/airflow/example_dags/example_complex.py
[2023-02-23 19:48:37,001] {scheduler_job.py:633} INFO - Processing file /home/airflow/.local/lib/python3.6/site-packages/airflow/example_dags/example_complex.py for tasks to queue
[2023-02-23 19:48:37,002] {logging_mixin.py:104} INFO - [2023-02-23 19:48:37,002] {dagbag.py:496} INFO - Filling up the DagBag from /home/airflow/.local/lib/python3.6/site-packages/airflow/example_dags/example_complex.py
[2023-02-23 19:48:37,019] {scheduler_job.py:643} INFO - DAG(s) dict_keys(['example_complex']) retrieved from /home/airflow/.local/lib/python3.6/site-packages/airflow/example_dags/example_complex.py
[2023-02-23 19:48:37,041] {logging_mixin.py:104} INFO - [2023-02-23 19:48:37,041] {dag.py:1833} INFO - Sync 1 DAGs
[2023-02-23 19:48:37,055] {logging_mixin.py:104} INFO - [2023-02-23 19:48:37,055] {dag.py:2306} INFO - Setting next_dagrun for example_complex to None
[2023-02-23 19:48:37,063] {scheduler_job.py:190} INFO - Processing /home/airflow/.local/lib/python3.6/site-packages/airflow/example_dags/example_complex.py took 0.065 seconds
[2023-02-23 19:49:07,675] {scheduler_job.py:182} INFO - Started process (PID=750) to work on /home/airflow/.local/lib/python3.6/site-packages/airflow/example_dags/example_complex.py
[2023-02-23 19:49:07,675] {scheduler_job.py:633} INFO - Processing file /home/airflow/.local/lib/python3.6/site-packages/airflow/example_dags/example_complex.py for tasks to queue
[2023-02-23 19:49:07,676] {logging_mixin.py:104} INFO - [2023-02-23 19:49:07,676] {dagbag.py:496} INFO - Filling up the DagBag from /home/airflow/.local/lib/python3.6/site-packages/airflow/example_dags/example_complex.py
[2023-02-23 19:49:07,696] {scheduler_job.py:643} INFO - DAG(s) dict_keys(['example_complex']) retrieved from /home/airflow/.local/lib/python3.6/site-packages/airflow/example_dags/example_complex.py
[2023-02-23 19:49:07,777] {logging_mixin.py:104} INFO - [2023-02-23 19:49:07,777] {dag.py:1833} INFO - Sync 1 DAGs
[2023-02-23 19:49:07,793] {logging_mixin.py:104} INFO - [2023-02-23 19:49:07,793] {dag.py:2306} INFO - Setting next_dagrun for example_complex to None
[2023-02-23 19:49:07,876] {scheduler_job.py:190} INFO - Processing /home/airflow/.local/lib/python3.6/site-packages/airflow/example_dags/example_complex.py took 0.204 seconds
[2023-02-23 19:49:38,091] {scheduler_job.py:182} INFO - Started process (PID=801) to work on /home/airflow/.local/lib/python3.6/site-packages/airflow/example_dags/example_complex.py
[2023-02-23 19:49:38,091] {scheduler_job.py:633} INFO - Processing file /home/airflow/.local/lib/python3.6/site-packages/airflow/example_dags/example_complex.py for tasks to queue
[2023-02-23 19:49:38,092] {logging_mixin.py:104} INFO - [2023-02-23 19:49:38,092] {dagbag.py:496} INFO - Filling up the DagBag from /home/airflow/.local/lib/python3.6/site-packages/airflow/example_dags/example_complex.py
[2023-02-23 19:49:38,110] {scheduler_job.py:643} INFO - DAG(s) dict_keys(['example_complex']) retrieved from /home/airflow/.local/lib/python3.6/site-packages/airflow/example_dags/example_complex.py
[2023-02-23 19:49:38,187] {logging_mixin.py:104} INFO - [2023-02-23 19:49:38,187] {dag.py:1833} INFO - Sync 1 DAGs
[2023-02-23 19:49:38,205] {logging_mixin.py:104} INFO - [2023-02-23 19:49:38,205] {dag.py:2306} INFO - Setting next_dagrun for example_complex to None
[2023-02-23 19:49:38,273] {scheduler_job.py:190} INFO - Processing /home/airflow/.local/lib/python3.6/site-packages/airflow/example_dags/example_complex.py took 0.185 seconds
[2023-02-23 19:50:09,014] {scheduler_job.py:182} INFO - Started process (PID=862) to work on /home/airflow/.local/lib/python3.6/site-packages/airflow/example_dags/example_complex.py
[2023-02-23 19:50:09,015] {scheduler_job.py:633} INFO - Processing file /home/airflow/.local/lib/python3.6/site-packages/airflow/example_dags/example_complex.py for tasks to queue
[2023-02-23 19:50:09,016] {logging_mixin.py:104} INFO - [2023-02-23 19:50:09,016] {dagbag.py:496} INFO - Filling up the DagBag from /home/airflow/.local/lib/python3.6/site-packages/airflow/example_dags/example_complex.py
[2023-02-23 19:50:09,033] {scheduler_job.py:643} INFO - DAG(s) dict_keys(['example_complex']) retrieved from /home/airflow/.local/lib/python3.6/site-packages/airflow/example_dags/example_complex.py
[2023-02-23 19:50:09,056] {logging_mixin.py:104} INFO - [2023-02-23 19:50:09,056] {dag.py:1833} INFO - Sync 1 DAGs
[2023-02-23 19:50:09,067] {logging_mixin.py:104} INFO - [2023-02-23 19:50:09,067] {dag.py:2306} INFO - Setting next_dagrun for example_complex to None
[2023-02-23 19:50:09,075] {scheduler_job.py:190} INFO - Processing /home/airflow/.local/lib/python3.6/site-packages/airflow/example_dags/example_complex.py took 0.063 seconds
[2023-02-23 19:50:40,170] {scheduler_job.py:182} INFO - Started process (PID=913) to work on /home/airflow/.local/lib/python3.6/site-packages/airflow/example_dags/example_complex.py
[2023-02-23 19:50:40,171] {scheduler_job.py:633} INFO - Processing file /home/airflow/.local/lib/python3.6/site-packages/airflow/example_dags/example_complex.py for tasks to queue
[2023-02-23 19:50:40,172] {logging_mixin.py:104} INFO - [2023-02-23 19:50:40,171] {dagbag.py:496} INFO - Filling up the DagBag from /home/airflow/.local/lib/python3.6/site-packages/airflow/example_dags/example_complex.py
[2023-02-23 19:50:40,270] {scheduler_job.py:643} INFO - DAG(s) dict_keys(['example_complex']) retrieved from /home/airflow/.local/lib/python3.6/site-packages/airflow/example_dags/example_complex.py
[2023-02-23 19:50:40,303] {logging_mixin.py:104} INFO - [2023-02-23 19:50:40,302] {dag.py:1833} INFO - Sync 1 DAGs
[2023-02-23 19:50:40,382] {logging_mixin.py:104} INFO - [2023-02-23 19:50:40,382] {dag.py:2306} INFO - Setting next_dagrun for example_complex to None
[2023-02-23 19:50:40,472] {scheduler_job.py:190} INFO - Processing /home/airflow/.local/lib/python3.6/site-packages/airflow/example_dags/example_complex.py took 0.371 seconds
[2023-02-23 19:51:10,741] {scheduler_job.py:182} INFO - Started process (PID=974) to work on /home/airflow/.local/lib/python3.6/site-packages/airflow/example_dags/example_complex.py
[2023-02-23 19:51:10,742] {scheduler_job.py:633} INFO - Processing file /home/airflow/.local/lib/python3.6/site-packages/airflow/example_dags/example_complex.py for tasks to queue
[2023-02-23 19:51:10,742] {logging_mixin.py:104} INFO - [2023-02-23 19:51:10,742] {dagbag.py:496} INFO - Filling up the DagBag from /home/airflow/.local/lib/python3.6/site-packages/airflow/example_dags/example_complex.py
[2023-02-23 19:51:10,759] {scheduler_job.py:643} INFO - DAG(s) dict_keys(['example_complex']) retrieved from /home/airflow/.local/lib/python3.6/site-packages/airflow/example_dags/example_complex.py
[2023-02-23 19:51:10,783] {logging_mixin.py:104} INFO - [2023-02-23 19:51:10,783] {dag.py:1833} INFO - Sync 1 DAGs
[2023-02-23 19:51:10,795] {logging_mixin.py:104} INFO - [2023-02-23 19:51:10,795] {dag.py:2306} INFO - Setting next_dagrun for example_complex to None
[2023-02-23 19:51:10,805] {scheduler_job.py:190} INFO - Processing /home/airflow/.local/lib/python3.6/site-packages/airflow/example_dags/example_complex.py took 0.066 seconds
[2023-02-23 19:51:41,262] {scheduler_job.py:182} INFO - Started process (PID=1025) to work on /home/airflow/.local/lib/python3.6/site-packages/airflow/example_dags/example_complex.py
[2023-02-23 19:51:41,262] {scheduler_job.py:633} INFO - Processing file /home/airflow/.local/lib/python3.6/site-packages/airflow/example_dags/example_complex.py for tasks to queue
[2023-02-23 19:51:41,263] {logging_mixin.py:104} INFO - [2023-02-23 19:51:41,263] {dagbag.py:496} INFO - Filling up the DagBag from /home/airflow/.local/lib/python3.6/site-packages/airflow/example_dags/example_complex.py
[2023-02-23 19:51:41,282] {scheduler_job.py:643} INFO - DAG(s) dict_keys(['example_complex']) retrieved from /home/airflow/.local/lib/python3.6/site-packages/airflow/example_dags/example_complex.py
[2023-02-23 19:51:41,310] {logging_mixin.py:104} INFO - [2023-02-23 19:51:41,309] {dag.py:1833} INFO - Sync 1 DAGs
[2023-02-23 19:51:41,322] {logging_mixin.py:104} INFO - [2023-02-23 19:51:41,322] {dag.py:2306} INFO - Setting next_dagrun for example_complex to None
[2023-02-23 19:51:41,330] {scheduler_job.py:190} INFO - Processing /home/airflow/.local/lib/python3.6/site-packages/airflow/example_dags/example_complex.py took 0.071 seconds
[2023-02-23 19:52:12,006] {scheduler_job.py:182} INFO - Started process (PID=1086) to work on /home/airflow/.local/lib/python3.6/site-packages/airflow/example_dags/example_complex.py
[2023-02-23 19:52:12,006] {scheduler_job.py:633} INFO - Processing file /home/airflow/.local/lib/python3.6/site-packages/airflow/example_dags/example_complex.py for tasks to queue
[2023-02-23 19:52:12,007] {logging_mixin.py:104} INFO - [2023-02-23 19:52:12,007] {dagbag.py:496} INFO - Filling up the DagBag from /home/airflow/.local/lib/python3.6/site-packages/airflow/example_dags/example_complex.py
[2023-02-23 19:52:12,024] {scheduler_job.py:643} INFO - DAG(s) dict_keys(['example_complex']) retrieved from /home/airflow/.local/lib/python3.6/site-packages/airflow/example_dags/example_complex.py
[2023-02-23 19:52:12,047] {logging_mixin.py:104} INFO - [2023-02-23 19:52:12,047] {dag.py:1833} INFO - Sync 1 DAGs
[2023-02-23 19:52:12,060] {logging_mixin.py:104} INFO - [2023-02-23 19:52:12,060] {dag.py:2306} INFO - Setting next_dagrun for example_complex to None
[2023-02-23 19:52:12,068] {scheduler_job.py:190} INFO - Processing /home/airflow/.local/lib/python3.6/site-packages/airflow/example_dags/example_complex.py took 0.065 seconds
[2023-02-23 19:52:42,336] {scheduler_job.py:182} INFO - Started process (PID=1136) to work on /home/airflow/.local/lib/python3.6/site-packages/airflow/example_dags/example_complex.py
[2023-02-23 19:52:42,337] {scheduler_job.py:633} INFO - Processing file /home/airflow/.local/lib/python3.6/site-packages/airflow/example_dags/example_complex.py for tasks to queue
[2023-02-23 19:52:42,337] {logging_mixin.py:104} INFO - [2023-02-23 19:52:42,337] {dagbag.py:496} INFO - Filling up the DagBag from /home/airflow/.local/lib/python3.6/site-packages/airflow/example_dags/example_complex.py
[2023-02-23 19:52:42,353] {scheduler_job.py:643} INFO - DAG(s) dict_keys(['example_complex']) retrieved from /home/airflow/.local/lib/python3.6/site-packages/airflow/example_dags/example_complex.py
[2023-02-23 19:52:42,377] {logging_mixin.py:104} INFO - [2023-02-23 19:52:42,377] {dag.py:1833} INFO - Sync 1 DAGs
[2023-02-23 19:52:42,390] {logging_mixin.py:104} INFO - [2023-02-23 19:52:42,390] {dag.py:2306} INFO - Setting next_dagrun for example_complex to None
[2023-02-23 19:52:42,400] {scheduler_job.py:190} INFO - Processing /home/airflow/.local/lib/python3.6/site-packages/airflow/example_dags/example_complex.py took 0.065 seconds
[2023-02-23 19:53:13,196] {scheduler_job.py:182} INFO - Started process (PID=1197) to work on /home/airflow/.local/lib/python3.6/site-packages/airflow/example_dags/example_complex.py
[2023-02-23 19:53:13,197] {scheduler_job.py:633} INFO - Processing file /home/airflow/.local/lib/python3.6/site-packages/airflow/example_dags/example_complex.py for tasks to queue
[2023-02-23 19:53:13,198] {logging_mixin.py:104} INFO - [2023-02-23 19:53:13,197] {dagbag.py:496} INFO - Filling up the DagBag from /home/airflow/.local/lib/python3.6/site-packages/airflow/example_dags/example_complex.py
[2023-02-23 19:53:13,216] {scheduler_job.py:643} INFO - DAG(s) dict_keys(['example_complex']) retrieved from /home/airflow/.local/lib/python3.6/site-packages/airflow/example_dags/example_complex.py
[2023-02-23 19:53:13,240] {logging_mixin.py:104} INFO - [2023-02-23 19:53:13,240] {dag.py:1833} INFO - Sync 1 DAGs
[2023-02-23 19:53:13,252] {logging_mixin.py:104} INFO - [2023-02-23 19:53:13,252] {dag.py:2306} INFO - Setting next_dagrun for example_complex to None
[2023-02-23 19:53:13,260] {scheduler_job.py:190} INFO - Processing /home/airflow/.local/lib/python3.6/site-packages/airflow/example_dags/example_complex.py took 0.066 seconds
[2023-02-23 19:53:44,024] {scheduler_job.py:182} INFO - Started process (PID=1248) to work on /home/airflow/.local/lib/python3.6/site-packages/airflow/example_dags/example_complex.py
[2023-02-23 19:53:44,025] {scheduler_job.py:633} INFO - Processing file /home/airflow/.local/lib/python3.6/site-packages/airflow/example_dags/example_complex.py for tasks to queue
[2023-02-23 19:53:44,025] {logging_mixin.py:104} INFO - [2023-02-23 19:53:44,025] {dagbag.py:496} INFO - Filling up the DagBag from /home/airflow/.local/lib/python3.6/site-packages/airflow/example_dags/example_complex.py
[2023-02-23 19:53:44,044] {scheduler_job.py:643} INFO - DAG(s) dict_keys(['example_complex']) retrieved from /home/airflow/.local/lib/python3.6/site-packages/airflow/example_dags/example_complex.py
[2023-02-23 19:53:44,067] {logging_mixin.py:104} INFO - [2023-02-23 19:53:44,067] {dag.py:1833} INFO - Sync 1 DAGs
[2023-02-23 19:53:44,081] {logging_mixin.py:104} INFO - [2023-02-23 19:53:44,080] {dag.py:2306} INFO - Setting next_dagrun for example_complex to None
[2023-02-23 19:53:44,089] {scheduler_job.py:190} INFO - Processing /home/airflow/.local/lib/python3.6/site-packages/airflow/example_dags/example_complex.py took 0.067 seconds
[2023-02-23 19:54:14,665] {scheduler_job.py:182} INFO - Started process (PID=1309) to work on /home/airflow/.local/lib/python3.6/site-packages/airflow/example_dags/example_complex.py
[2023-02-23 19:54:14,665] {scheduler_job.py:633} INFO - Processing file /home/airflow/.local/lib/python3.6/site-packages/airflow/example_dags/example_complex.py for tasks to queue
[2023-02-23 19:54:14,666] {logging_mixin.py:104} INFO - [2023-02-23 19:54:14,666] {dagbag.py:496} INFO - Filling up the DagBag from /home/airflow/.local/lib/python3.6/site-packages/airflow/example_dags/example_complex.py
[2023-02-23 19:54:14,685] {scheduler_job.py:643} INFO - DAG(s) dict_keys(['example_complex']) retrieved from /home/airflow/.local/lib/python3.6/site-packages/airflow/example_dags/example_complex.py
[2023-02-23 19:54:14,706] {logging_mixin.py:104} INFO - [2023-02-23 19:54:14,706] {dag.py:1833} INFO - Sync 1 DAGs
[2023-02-23 19:54:14,718] {logging_mixin.py:104} INFO - [2023-02-23 19:54:14,718] {dag.py:2306} INFO - Setting next_dagrun for example_complex to None
[2023-02-23 19:54:14,726] {scheduler_job.py:190} INFO - Processing /home/airflow/.local/lib/python3.6/site-packages/airflow/example_dags/example_complex.py took 0.064 seconds
[2023-02-23 19:54:45,212] {scheduler_job.py:182} INFO - Started process (PID=1360) to work on /home/airflow/.local/lib/python3.6/site-packages/airflow/example_dags/example_complex.py
[2023-02-23 19:54:45,212] {scheduler_job.py:633} INFO - Processing file /home/airflow/.local/lib/python3.6/site-packages/airflow/example_dags/example_complex.py for tasks to queue
[2023-02-23 19:54:45,213] {logging_mixin.py:104} INFO - [2023-02-23 19:54:45,213] {dagbag.py:496} INFO - Filling up the DagBag from /home/airflow/.local/lib/python3.6/site-packages/airflow/example_dags/example_complex.py
[2023-02-23 19:54:45,229] {scheduler_job.py:643} INFO - DAG(s) dict_keys(['example_complex']) retrieved from /home/airflow/.local/lib/python3.6/site-packages/airflow/example_dags/example_complex.py
[2023-02-23 19:54:45,249] {logging_mixin.py:104} INFO - [2023-02-23 19:54:45,249] {dag.py:1833} INFO - Sync 1 DAGs
[2023-02-23 19:54:45,261] {logging_mixin.py:104} INFO - [2023-02-23 19:54:45,261] {dag.py:2306} INFO - Setting next_dagrun for example_complex to None
[2023-02-23 19:54:45,268] {scheduler_job.py:190} INFO - Processing /home/airflow/.local/lib/python3.6/site-packages/airflow/example_dags/example_complex.py took 0.058 seconds
[2023-02-23 19:55:15,575] {scheduler_job.py:182} INFO - Started process (PID=1421) to work on /home/airflow/.local/lib/python3.6/site-packages/airflow/example_dags/example_complex.py
[2023-02-23 19:55:15,577] {scheduler_job.py:633} INFO - Processing file /home/airflow/.local/lib/python3.6/site-packages/airflow/example_dags/example_complex.py for tasks to queue
[2023-02-23 19:55:15,577] {logging_mixin.py:104} INFO - [2023-02-23 19:55:15,577] {dagbag.py:496} INFO - Filling up the DagBag from /home/airflow/.local/lib/python3.6/site-packages/airflow/example_dags/example_complex.py
[2023-02-23 19:55:15,594] {scheduler_job.py:643} INFO - DAG(s) dict_keys(['example_complex']) retrieved from /home/airflow/.local/lib/python3.6/site-packages/airflow/example_dags/example_complex.py
[2023-02-23 19:55:15,616] {logging_mixin.py:104} INFO - [2023-02-23 19:55:15,616] {dag.py:1833} INFO - Sync 1 DAGs
[2023-02-23 19:55:15,628] {logging_mixin.py:104} INFO - [2023-02-23 19:55:15,628] {dag.py:2306} INFO - Setting next_dagrun for example_complex to None
[2023-02-23 19:55:15,635] {scheduler_job.py:190} INFO - Processing /home/airflow/.local/lib/python3.6/site-packages/airflow/example_dags/example_complex.py took 0.062 seconds
[2023-02-23 19:55:46,562] {scheduler_job.py:182} INFO - Started process (PID=1482) to work on /home/airflow/.local/lib/python3.6/site-packages/airflow/example_dags/example_complex.py
[2023-02-23 19:55:46,562] {scheduler_job.py:633} INFO - Processing file /home/airflow/.local/lib/python3.6/site-packages/airflow/example_dags/example_complex.py for tasks to queue
[2023-02-23 19:55:46,563] {logging_mixin.py:104} INFO - [2023-02-23 19:55:46,563] {dagbag.py:496} INFO - Filling up the DagBag from /home/airflow/.local/lib/python3.6/site-packages/airflow/example_dags/example_complex.py
[2023-02-23 19:55:46,580] {scheduler_job.py:643} INFO - DAG(s) dict_keys(['example_complex']) retrieved from /home/airflow/.local/lib/python3.6/site-packages/airflow/example_dags/example_complex.py
[2023-02-23 19:55:46,601] {logging_mixin.py:104} INFO - [2023-02-23 19:55:46,601] {dag.py:1833} INFO - Sync 1 DAGs
[2023-02-23 19:55:46,613] {logging_mixin.py:104} INFO - [2023-02-23 19:55:46,613] {dag.py:2306} INFO - Setting next_dagrun for example_complex to None
[2023-02-23 19:55:46,622] {scheduler_job.py:190} INFO - Processing /home/airflow/.local/lib/python3.6/site-packages/airflow/example_dags/example_complex.py took 0.062 seconds
[2023-02-23 19:56:17,266] {scheduler_job.py:182} INFO - Started process (PID=1534) to work on /home/airflow/.local/lib/python3.6/site-packages/airflow/example_dags/example_complex.py
[2023-02-23 19:56:17,267] {scheduler_job.py:633} INFO - Processing file /home/airflow/.local/lib/python3.6/site-packages/airflow/example_dags/example_complex.py for tasks to queue
[2023-02-23 19:56:17,268] {logging_mixin.py:104} INFO - [2023-02-23 19:56:17,267] {dagbag.py:496} INFO - Filling up the DagBag from /home/airflow/.local/lib/python3.6/site-packages/airflow/example_dags/example_complex.py
[2023-02-23 19:56:17,295] {scheduler_job.py:643} INFO - DAG(s) dict_keys(['example_complex']) retrieved from /home/airflow/.local/lib/python3.6/site-packages/airflow/example_dags/example_complex.py
[2023-02-23 19:56:17,319] {logging_mixin.py:104} INFO - [2023-02-23 19:56:17,319] {dag.py:1833} INFO - Sync 1 DAGs
[2023-02-23 19:56:17,330] {logging_mixin.py:104} INFO - [2023-02-23 19:56:17,330] {dag.py:2306} INFO - Setting next_dagrun for example_complex to None
[2023-02-23 19:56:17,338] {scheduler_job.py:190} INFO - Processing /home/airflow/.local/lib/python3.6/site-packages/airflow/example_dags/example_complex.py took 0.073 seconds
[2023-02-23 19:56:47,422] {scheduler_job.py:182} INFO - Started process (PID=1595) to work on /home/airflow/.local/lib/python3.6/site-packages/airflow/example_dags/example_complex.py
[2023-02-23 19:56:47,423] {scheduler_job.py:633} INFO - Processing file /home/airflow/.local/lib/python3.6/site-packages/airflow/example_dags/example_complex.py for tasks to queue
[2023-02-23 19:56:47,423] {logging_mixin.py:104} INFO - [2023-02-23 19:56:47,423] {dagbag.py:496} INFO - Filling up the DagBag from /home/airflow/.local/lib/python3.6/site-packages/airflow/example_dags/example_complex.py
[2023-02-23 19:56:47,442] {scheduler_job.py:643} INFO - DAG(s) dict_keys(['example_complex']) retrieved from /home/airflow/.local/lib/python3.6/site-packages/airflow/example_dags/example_complex.py
[2023-02-23 19:56:47,481] {logging_mixin.py:104} INFO - [2023-02-23 19:56:47,481] {dag.py:1833} INFO - Sync 1 DAGs
[2023-02-23 19:56:47,492] {logging_mixin.py:104} INFO - [2023-02-23 19:56:47,492] {dag.py:2306} INFO - Setting next_dagrun for example_complex to None
[2023-02-23 19:56:47,500] {scheduler_job.py:190} INFO - Processing /home/airflow/.local/lib/python3.6/site-packages/airflow/example_dags/example_complex.py took 0.079 seconds
[2023-02-23 19:57:18,007] {scheduler_job.py:182} INFO - Started process (PID=1646) to work on /home/airflow/.local/lib/python3.6/site-packages/airflow/example_dags/example_complex.py
[2023-02-23 19:57:18,008] {scheduler_job.py:633} INFO - Processing file /home/airflow/.local/lib/python3.6/site-packages/airflow/example_dags/example_complex.py for tasks to queue
[2023-02-23 19:57:18,009] {logging_mixin.py:104} INFO - [2023-02-23 19:57:18,008] {dagbag.py:496} INFO - Filling up the DagBag from /home/airflow/.local/lib/python3.6/site-packages/airflow/example_dags/example_complex.py
[2023-02-23 19:57:18,027] {scheduler_job.py:643} INFO - DAG(s) dict_keys(['example_complex']) retrieved from /home/airflow/.local/lib/python3.6/site-packages/airflow/example_dags/example_complex.py
[2023-02-23 19:57:18,048] {logging_mixin.py:104} INFO - [2023-02-23 19:57:18,048] {dag.py:1833} INFO - Sync 1 DAGs
[2023-02-23 19:57:18,059] {logging_mixin.py:104} INFO - [2023-02-23 19:57:18,059] {dag.py:2306} INFO - Setting next_dagrun for example_complex to None
[2023-02-23 19:57:18,066] {scheduler_job.py:190} INFO - Processing /home/airflow/.local/lib/python3.6/site-packages/airflow/example_dags/example_complex.py took 0.061 seconds
[2023-02-23 19:57:48,562] {scheduler_job.py:182} INFO - Started process (PID=1707) to work on /home/airflow/.local/lib/python3.6/site-packages/airflow/example_dags/example_complex.py
[2023-02-23 19:57:48,563] {scheduler_job.py:633} INFO - Processing file /home/airflow/.local/lib/python3.6/site-packages/airflow/example_dags/example_complex.py for tasks to queue
[2023-02-23 19:57:48,563] {logging_mixin.py:104} INFO - [2023-02-23 19:57:48,563] {dagbag.py:496} INFO - Filling up the DagBag from /home/airflow/.local/lib/python3.6/site-packages/airflow/example_dags/example_complex.py
[2023-02-23 19:57:48,581] {scheduler_job.py:643} INFO - DAG(s) dict_keys(['example_complex']) retrieved from /home/airflow/.local/lib/python3.6/site-packages/airflow/example_dags/example_complex.py
[2023-02-23 19:57:48,600] {logging_mixin.py:104} INFO - [2023-02-23 19:57:48,600] {dag.py:1833} INFO - Sync 1 DAGs
[2023-02-23 19:57:48,611] {logging_mixin.py:104} INFO - [2023-02-23 19:57:48,611] {dag.py:2306} INFO - Setting next_dagrun for example_complex to None
[2023-02-23 19:57:48,620] {scheduler_job.py:190} INFO - Processing /home/airflow/.local/lib/python3.6/site-packages/airflow/example_dags/example_complex.py took 0.060 seconds
[2023-02-23 19:58:19,341] {scheduler_job.py:182} INFO - Started process (PID=1758) to work on /home/airflow/.local/lib/python3.6/site-packages/airflow/example_dags/example_complex.py
[2023-02-23 19:58:19,341] {scheduler_job.py:633} INFO - Processing file /home/airflow/.local/lib/python3.6/site-packages/airflow/example_dags/example_complex.py for tasks to queue
[2023-02-23 19:58:19,342] {logging_mixin.py:104} INFO - [2023-02-23 19:58:19,342] {dagbag.py:496} INFO - Filling up the DagBag from /home/airflow/.local/lib/python3.6/site-packages/airflow/example_dags/example_complex.py
[2023-02-23 19:58:19,361] {scheduler_job.py:643} INFO - DAG(s) dict_keys(['example_complex']) retrieved from /home/airflow/.local/lib/python3.6/site-packages/airflow/example_dags/example_complex.py
[2023-02-23 19:58:19,384] {logging_mixin.py:104} INFO - [2023-02-23 19:58:19,384] {dag.py:1833} INFO - Sync 1 DAGs
[2023-02-23 19:58:19,397] {logging_mixin.py:104} INFO - [2023-02-23 19:58:19,397] {dag.py:2306} INFO - Setting next_dagrun for example_complex to None
[2023-02-23 19:58:19,404] {scheduler_job.py:190} INFO - Processing /home/airflow/.local/lib/python3.6/site-packages/airflow/example_dags/example_complex.py took 0.066 seconds
[2023-02-23 19:58:49,936] {scheduler_job.py:182} INFO - Started process (PID=1819) to work on /home/airflow/.local/lib/python3.6/site-packages/airflow/example_dags/example_complex.py
[2023-02-23 19:58:49,937] {scheduler_job.py:633} INFO - Processing file /home/airflow/.local/lib/python3.6/site-packages/airflow/example_dags/example_complex.py for tasks to queue
[2023-02-23 19:58:49,938] {logging_mixin.py:104} INFO - [2023-02-23 19:58:49,937] {dagbag.py:496} INFO - Filling up the DagBag from /home/airflow/.local/lib/python3.6/site-packages/airflow/example_dags/example_complex.py
[2023-02-23 19:58:49,956] {scheduler_job.py:643} INFO - DAG(s) dict_keys(['example_complex']) retrieved from /home/airflow/.local/lib/python3.6/site-packages/airflow/example_dags/example_complex.py
[2023-02-23 19:58:49,979] {logging_mixin.py:104} INFO - [2023-02-23 19:58:49,979] {dag.py:1833} INFO - Sync 1 DAGs
[2023-02-23 19:58:49,991] {logging_mixin.py:104} INFO - [2023-02-23 19:58:49,991] {dag.py:2306} INFO - Setting next_dagrun for example_complex to None
[2023-02-23 19:58:49,999] {scheduler_job.py:190} INFO - Processing /home/airflow/.local/lib/python3.6/site-packages/airflow/example_dags/example_complex.py took 0.065 seconds
[2023-02-23 19:59:20,657] {scheduler_job.py:182} INFO - Started process (PID=1880) to work on /home/airflow/.local/lib/python3.6/site-packages/airflow/example_dags/example_complex.py
[2023-02-23 19:59:20,657] {scheduler_job.py:633} INFO - Processing file /home/airflow/.local/lib/python3.6/site-packages/airflow/example_dags/example_complex.py for tasks to queue
[2023-02-23 19:59:20,658] {logging_mixin.py:104} INFO - [2023-02-23 19:59:20,658] {dagbag.py:496} INFO - Filling up the DagBag from /home/airflow/.local/lib/python3.6/site-packages/airflow/example_dags/example_complex.py
[2023-02-23 19:59:20,679] {scheduler_job.py:643} INFO - DAG(s) dict_keys(['example_complex']) retrieved from /home/airflow/.local/lib/python3.6/site-packages/airflow/example_dags/example_complex.py
[2023-02-23 19:59:20,707] {logging_mixin.py:104} INFO - [2023-02-23 19:59:20,707] {dag.py:1833} INFO - Sync 1 DAGs
[2023-02-23 19:59:20,721] {logging_mixin.py:104} INFO - [2023-02-23 19:59:20,721] {dag.py:2306} INFO - Setting next_dagrun for example_complex to None
[2023-02-23 19:59:20,731] {scheduler_job.py:190} INFO - Processing /home/airflow/.local/lib/python3.6/site-packages/airflow/example_dags/example_complex.py took 0.077 seconds
[2023-02-23 19:59:51,248] {scheduler_job.py:182} INFO - Started process (PID=1931) to work on /home/airflow/.local/lib/python3.6/site-packages/airflow/example_dags/example_complex.py
[2023-02-23 19:59:51,249] {scheduler_job.py:633} INFO - Processing file /home/airflow/.local/lib/python3.6/site-packages/airflow/example_dags/example_complex.py for tasks to queue
[2023-02-23 19:59:51,249] {logging_mixin.py:104} INFO - [2023-02-23 19:59:51,249] {dagbag.py:496} INFO - Filling up the DagBag from /home/airflow/.local/lib/python3.6/site-packages/airflow/example_dags/example_complex.py
[2023-02-23 19:59:51,266] {scheduler_job.py:643} INFO - DAG(s) dict_keys(['example_complex']) retrieved from /home/airflow/.local/lib/python3.6/site-packages/airflow/example_dags/example_complex.py
[2023-02-23 19:59:51,291] {logging_mixin.py:104} INFO - [2023-02-23 19:59:51,291] {dag.py:1833} INFO - Sync 1 DAGs
[2023-02-23 19:59:51,304] {logging_mixin.py:104} INFO - [2023-02-23 19:59:51,304] {dag.py:2306} INFO - Setting next_dagrun for example_complex to None
[2023-02-23 19:59:51,312] {scheduler_job.py:190} INFO - Processing /home/airflow/.local/lib/python3.6/site-packages/airflow/example_dags/example_complex.py took 0.065 seconds
[2023-02-23 20:00:22,098] {scheduler_job.py:182} INFO - Started process (PID=1992) to work on /home/airflow/.local/lib/python3.6/site-packages/airflow/example_dags/example_complex.py
[2023-02-23 20:00:22,101] {scheduler_job.py:633} INFO - Processing file /home/airflow/.local/lib/python3.6/site-packages/airflow/example_dags/example_complex.py for tasks to queue
[2023-02-23 20:00:22,101] {logging_mixin.py:104} INFO - [2023-02-23 20:00:22,101] {dagbag.py:496} INFO - Filling up the DagBag from /home/airflow/.local/lib/python3.6/site-packages/airflow/example_dags/example_complex.py
[2023-02-23 20:00:22,118] {scheduler_job.py:643} INFO - DAG(s) dict_keys(['example_complex']) retrieved from /home/airflow/.local/lib/python3.6/site-packages/airflow/example_dags/example_complex.py
[2023-02-23 20:00:22,140] {logging_mixin.py:104} INFO - [2023-02-23 20:00:22,140] {dag.py:1833} INFO - Sync 1 DAGs
[2023-02-23 20:00:22,152] {logging_mixin.py:104} INFO - [2023-02-23 20:00:22,152] {dag.py:2306} INFO - Setting next_dagrun for example_complex to None
[2023-02-23 20:00:22,160] {scheduler_job.py:190} INFO - Processing /home/airflow/.local/lib/python3.6/site-packages/airflow/example_dags/example_complex.py took 0.064 seconds
[2023-02-23 20:00:52,844] {scheduler_job.py:182} INFO - Started process (PID=2043) to work on /home/airflow/.local/lib/python3.6/site-packages/airflow/example_dags/example_complex.py
[2023-02-23 20:00:52,845] {scheduler_job.py:633} INFO - Processing file /home/airflow/.local/lib/python3.6/site-packages/airflow/example_dags/example_complex.py for tasks to queue
[2023-02-23 20:00:52,845] {logging_mixin.py:104} INFO - [2023-02-23 20:00:52,845] {dagbag.py:496} INFO - Filling up the DagBag from /home/airflow/.local/lib/python3.6/site-packages/airflow/example_dags/example_complex.py
[2023-02-23 20:00:52,864] {scheduler_job.py:643} INFO - DAG(s) dict_keys(['example_complex']) retrieved from /home/airflow/.local/lib/python3.6/site-packages/airflow/example_dags/example_complex.py
[2023-02-23 20:00:52,886] {logging_mixin.py:104} INFO - [2023-02-23 20:00:52,886] {dag.py:1833} INFO - Sync 1 DAGs
[2023-02-23 20:00:52,898] {logging_mixin.py:104} INFO - [2023-02-23 20:00:52,898] {dag.py:2306} INFO - Setting next_dagrun for example_complex to None
[2023-02-23 20:00:52,906] {scheduler_job.py:190} INFO - Processing /home/airflow/.local/lib/python3.6/site-packages/airflow/example_dags/example_complex.py took 0.065 seconds
[2023-02-23 20:01:23,514] {scheduler_job.py:182} INFO - Started process (PID=2104) to work on /home/airflow/.local/lib/python3.6/site-packages/airflow/example_dags/example_complex.py
[2023-02-23 20:01:23,515] {scheduler_job.py:633} INFO - Processing file /home/airflow/.local/lib/python3.6/site-packages/airflow/example_dags/example_complex.py for tasks to queue
[2023-02-23 20:01:23,516] {logging_mixin.py:104} INFO - [2023-02-23 20:01:23,516] {dagbag.py:496} INFO - Filling up the DagBag from /home/airflow/.local/lib/python3.6/site-packages/airflow/example_dags/example_complex.py
[2023-02-23 20:01:23,536] {scheduler_job.py:643} INFO - DAG(s) dict_keys(['example_complex']) retrieved from /home/airflow/.local/lib/python3.6/site-packages/airflow/example_dags/example_complex.py
[2023-02-23 20:01:23,561] {logging_mixin.py:104} INFO - [2023-02-23 20:01:23,561] {dag.py:1833} INFO - Sync 1 DAGs
[2023-02-23 20:01:23,574] {logging_mixin.py:104} INFO - [2023-02-23 20:01:23,574] {dag.py:2306} INFO - Setting next_dagrun for example_complex to None
[2023-02-23 20:01:23,581] {scheduler_job.py:190} INFO - Processing /home/airflow/.local/lib/python3.6/site-packages/airflow/example_dags/example_complex.py took 0.070 seconds
[2023-02-23 20:01:54,060] {scheduler_job.py:182} INFO - Started process (PID=2155) to work on /home/airflow/.local/lib/python3.6/site-packages/airflow/example_dags/example_complex.py
[2023-02-23 20:01:54,061] {scheduler_job.py:633} INFO - Processing file /home/airflow/.local/lib/python3.6/site-packages/airflow/example_dags/example_complex.py for tasks to queue
[2023-02-23 20:01:54,061] {logging_mixin.py:104} INFO - [2023-02-23 20:01:54,061] {dagbag.py:496} INFO - Filling up the DagBag from /home/airflow/.local/lib/python3.6/site-packages/airflow/example_dags/example_complex.py
[2023-02-23 20:01:54,078] {scheduler_job.py:643} INFO - DAG(s) dict_keys(['example_complex']) retrieved from /home/airflow/.local/lib/python3.6/site-packages/airflow/example_dags/example_complex.py
[2023-02-23 20:01:54,101] {logging_mixin.py:104} INFO - [2023-02-23 20:01:54,100] {dag.py:1833} INFO - Sync 1 DAGs
[2023-02-23 20:01:54,112] {logging_mixin.py:104} INFO - [2023-02-23 20:01:54,112] {dag.py:2306} INFO - Setting next_dagrun for example_complex to None
[2023-02-23 20:01:54,120] {scheduler_job.py:190} INFO - Processing /home/airflow/.local/lib/python3.6/site-packages/airflow/example_dags/example_complex.py took 0.062 seconds
[2023-02-23 20:02:24,793] {scheduler_job.py:182} INFO - Started process (PID=2216) to work on /home/airflow/.local/lib/python3.6/site-packages/airflow/example_dags/example_complex.py
[2023-02-23 20:02:24,794] {scheduler_job.py:633} INFO - Processing file /home/airflow/.local/lib/python3.6/site-packages/airflow/example_dags/example_complex.py for tasks to queue
[2023-02-23 20:02:24,795] {logging_mixin.py:104} INFO - [2023-02-23 20:02:24,794] {dagbag.py:496} INFO - Filling up the DagBag from /home/airflow/.local/lib/python3.6/site-packages/airflow/example_dags/example_complex.py
[2023-02-23 20:02:24,811] {scheduler_job.py:643} INFO - DAG(s) dict_keys(['example_complex']) retrieved from /home/airflow/.local/lib/python3.6/site-packages/airflow/example_dags/example_complex.py
[2023-02-23 20:02:24,831] {logging_mixin.py:104} INFO - [2023-02-23 20:02:24,831] {dag.py:1833} INFO - Sync 1 DAGs
[2023-02-23 20:02:24,842] {logging_mixin.py:104} INFO - [2023-02-23 20:02:24,842] {dag.py:2306} INFO - Setting next_dagrun for example_complex to None
[2023-02-23 20:02:24,850] {scheduler_job.py:190} INFO - Processing /home/airflow/.local/lib/python3.6/site-packages/airflow/example_dags/example_complex.py took 0.059 seconds
[2023-02-23 20:02:55,511] {scheduler_job.py:182} INFO - Started process (PID=2267) to work on /home/airflow/.local/lib/python3.6/site-packages/airflow/example_dags/example_complex.py
[2023-02-23 20:02:55,512] {scheduler_job.py:633} INFO - Processing file /home/airflow/.local/lib/python3.6/site-packages/airflow/example_dags/example_complex.py for tasks to queue
[2023-02-23 20:02:55,512] {logging_mixin.py:104} INFO - [2023-02-23 20:02:55,512] {dagbag.py:496} INFO - Filling up the DagBag from /home/airflow/.local/lib/python3.6/site-packages/airflow/example_dags/example_complex.py
[2023-02-23 20:02:55,531] {scheduler_job.py:643} INFO - DAG(s) dict_keys(['example_complex']) retrieved from /home/airflow/.local/lib/python3.6/site-packages/airflow/example_dags/example_complex.py
[2023-02-23 20:02:55,554] {logging_mixin.py:104} INFO - [2023-02-23 20:02:55,554] {dag.py:1833} INFO - Sync 1 DAGs
[2023-02-23 20:02:55,566] {logging_mixin.py:104} INFO - [2023-02-23 20:02:55,566] {dag.py:2306} INFO - Setting next_dagrun for example_complex to None
[2023-02-23 20:02:55,574] {scheduler_job.py:190} INFO - Processing /home/airflow/.local/lib/python3.6/site-packages/airflow/example_dags/example_complex.py took 0.065 seconds
[2023-02-23 20:03:26,144] {scheduler_job.py:182} INFO - Started process (PID=2328) to work on /home/airflow/.local/lib/python3.6/site-packages/airflow/example_dags/example_complex.py
[2023-02-23 20:03:26,145] {scheduler_job.py:633} INFO - Processing file /home/airflow/.local/lib/python3.6/site-packages/airflow/example_dags/example_complex.py for tasks to queue
[2023-02-23 20:03:26,145] {logging_mixin.py:104} INFO - [2023-02-23 20:03:26,145] {dagbag.py:496} INFO - Filling up the DagBag from /home/airflow/.local/lib/python3.6/site-packages/airflow/example_dags/example_complex.py
[2023-02-23 20:03:26,163] {scheduler_job.py:643} INFO - DAG(s) dict_keys(['example_complex']) retrieved from /home/airflow/.local/lib/python3.6/site-packages/airflow/example_dags/example_complex.py
[2023-02-23 20:03:26,185] {logging_mixin.py:104} INFO - [2023-02-23 20:03:26,185] {dag.py:1833} INFO - Sync 1 DAGs
[2023-02-23 20:03:26,197] {logging_mixin.py:104} INFO - [2023-02-23 20:03:26,197] {dag.py:2306} INFO - Setting next_dagrun for example_complex to None
[2023-02-23 20:03:26,206] {scheduler_job.py:190} INFO - Processing /home/airflow/.local/lib/python3.6/site-packages/airflow/example_dags/example_complex.py took 0.064 seconds
[2023-02-23 20:03:56,713] {scheduler_job.py:182} INFO - Started process (PID=2389) to work on /home/airflow/.local/lib/python3.6/site-packages/airflow/example_dags/example_complex.py
[2023-02-23 20:03:56,714] {scheduler_job.py:633} INFO - Processing file /home/airflow/.local/lib/python3.6/site-packages/airflow/example_dags/example_complex.py for tasks to queue
[2023-02-23 20:03:56,714] {logging_mixin.py:104} INFO - [2023-02-23 20:03:56,714] {dagbag.py:496} INFO - Filling up the DagBag from /home/airflow/.local/lib/python3.6/site-packages/airflow/example_dags/example_complex.py
[2023-02-23 20:03:56,730] {scheduler_job.py:643} INFO - DAG(s) dict_keys(['example_complex']) retrieved from /home/airflow/.local/lib/python3.6/site-packages/airflow/example_dags/example_complex.py
[2023-02-23 20:03:56,751] {logging_mixin.py:104} INFO - [2023-02-23 20:03:56,751] {dag.py:1833} INFO - Sync 1 DAGs
[2023-02-23 20:03:56,762] {logging_mixin.py:104} INFO - [2023-02-23 20:03:56,762] {dag.py:2306} INFO - Setting next_dagrun for example_complex to None
[2023-02-23 20:03:56,770] {scheduler_job.py:190} INFO - Processing /home/airflow/.local/lib/python3.6/site-packages/airflow/example_dags/example_complex.py took 0.059 seconds
[2023-02-23 20:04:27,413] {scheduler_job.py:182} INFO - Started process (PID=2440) to work on /home/airflow/.local/lib/python3.6/site-packages/airflow/example_dags/example_complex.py
[2023-02-23 20:04:27,414] {scheduler_job.py:633} INFO - Processing file /home/airflow/.local/lib/python3.6/site-packages/airflow/example_dags/example_complex.py for tasks to queue
[2023-02-23 20:04:27,414] {logging_mixin.py:104} INFO - [2023-02-23 20:04:27,414] {dagbag.py:496} INFO - Filling up the DagBag from /home/airflow/.local/lib/python3.6/site-packages/airflow/example_dags/example_complex.py
[2023-02-23 20:04:27,431] {scheduler_job.py:643} INFO - DAG(s) dict_keys(['example_complex']) retrieved from /home/airflow/.local/lib/python3.6/site-packages/airflow/example_dags/example_complex.py
[2023-02-23 20:04:27,452] {logging_mixin.py:104} INFO - [2023-02-23 20:04:27,452] {dag.py:1833} INFO - Sync 1 DAGs
[2023-02-23 20:04:27,464] {logging_mixin.py:104} INFO - [2023-02-23 20:04:27,464] {dag.py:2306} INFO - Setting next_dagrun for example_complex to None
[2023-02-23 20:04:27,472] {scheduler_job.py:190} INFO - Processing /home/airflow/.local/lib/python3.6/site-packages/airflow/example_dags/example_complex.py took 0.061 seconds
[2023-02-23 20:04:57,814] {scheduler_job.py:182} INFO - Started process (PID=2501) to work on /home/airflow/.local/lib/python3.6/site-packages/airflow/example_dags/example_complex.py
[2023-02-23 20:04:57,815] {scheduler_job.py:633} INFO - Processing file /home/airflow/.local/lib/python3.6/site-packages/airflow/example_dags/example_complex.py for tasks to queue
[2023-02-23 20:04:57,816] {logging_mixin.py:104} INFO - [2023-02-23 20:04:57,816] {dagbag.py:496} INFO - Filling up the DagBag from /home/airflow/.local/lib/python3.6/site-packages/airflow/example_dags/example_complex.py
[2023-02-23 20:04:57,833] {scheduler_job.py:643} INFO - DAG(s) dict_keys(['example_complex']) retrieved from /home/airflow/.local/lib/python3.6/site-packages/airflow/example_dags/example_complex.py
[2023-02-23 20:04:57,855] {logging_mixin.py:104} INFO - [2023-02-23 20:04:57,855] {dag.py:1833} INFO - Sync 1 DAGs
[2023-02-23 20:04:57,866] {logging_mixin.py:104} INFO - [2023-02-23 20:04:57,866] {dag.py:2306} INFO - Setting next_dagrun for example_complex to None
[2023-02-23 20:04:57,873] {scheduler_job.py:190} INFO - Processing /home/airflow/.local/lib/python3.6/site-packages/airflow/example_dags/example_complex.py took 0.061 seconds
[2023-02-23 20:05:28,551] {scheduler_job.py:182} INFO - Started process (PID=2552) to work on /home/airflow/.local/lib/python3.6/site-packages/airflow/example_dags/example_complex.py
[2023-02-23 20:05:28,552] {scheduler_job.py:633} INFO - Processing file /home/airflow/.local/lib/python3.6/site-packages/airflow/example_dags/example_complex.py for tasks to queue
[2023-02-23 20:05:28,552] {logging_mixin.py:104} INFO - [2023-02-23 20:05:28,552] {dagbag.py:496} INFO - Filling up the DagBag from /home/airflow/.local/lib/python3.6/site-packages/airflow/example_dags/example_complex.py
[2023-02-23 20:05:28,569] {scheduler_job.py:643} INFO - DAG(s) dict_keys(['example_complex']) retrieved from /home/airflow/.local/lib/python3.6/site-packages/airflow/example_dags/example_complex.py
[2023-02-23 20:05:28,591] {logging_mixin.py:104} INFO - [2023-02-23 20:05:28,591] {dag.py:1833} INFO - Sync 1 DAGs
[2023-02-23 20:05:28,603] {logging_mixin.py:104} INFO - [2023-02-23 20:05:28,603] {dag.py:2306} INFO - Setting next_dagrun for example_complex to None
[2023-02-23 20:05:28,610] {scheduler_job.py:190} INFO - Processing /home/airflow/.local/lib/python3.6/site-packages/airflow/example_dags/example_complex.py took 0.061 seconds
[2023-02-23 20:05:59,314] {scheduler_job.py:182} INFO - Started process (PID=2613) to work on /home/airflow/.local/lib/python3.6/site-packages/airflow/example_dags/example_complex.py
[2023-02-23 20:05:59,315] {scheduler_job.py:633} INFO - Processing file /home/airflow/.local/lib/python3.6/site-packages/airflow/example_dags/example_complex.py for tasks to queue
[2023-02-23 20:05:59,316] {logging_mixin.py:104} INFO - [2023-02-23 20:05:59,316] {dagbag.py:496} INFO - Filling up the DagBag from /home/airflow/.local/lib/python3.6/site-packages/airflow/example_dags/example_complex.py
[2023-02-23 20:05:59,339] {scheduler_job.py:643} INFO - DAG(s) dict_keys(['example_complex']) retrieved from /home/airflow/.local/lib/python3.6/site-packages/airflow/example_dags/example_complex.py
[2023-02-23 20:05:59,368] {logging_mixin.py:104} INFO - [2023-02-23 20:05:59,368] {dag.py:1833} INFO - Sync 1 DAGs
[2023-02-23 20:05:59,385] {logging_mixin.py:104} INFO - [2023-02-23 20:05:59,385] {dag.py:2306} INFO - Setting next_dagrun for example_complex to None
[2023-02-23 20:05:59,395] {scheduler_job.py:190} INFO - Processing /home/airflow/.local/lib/python3.6/site-packages/airflow/example_dags/example_complex.py took 0.084 seconds
[2023-02-23 20:06:30,292] {scheduler_job.py:182} INFO - Started process (PID=2664) to work on /home/airflow/.local/lib/python3.6/site-packages/airflow/example_dags/example_complex.py
[2023-02-23 20:06:30,292] {scheduler_job.py:633} INFO - Processing file /home/airflow/.local/lib/python3.6/site-packages/airflow/example_dags/example_complex.py for tasks to queue
[2023-02-23 20:06:30,293] {logging_mixin.py:104} INFO - [2023-02-23 20:06:30,293] {dagbag.py:496} INFO - Filling up the DagBag from /home/airflow/.local/lib/python3.6/site-packages/airflow/example_dags/example_complex.py
[2023-02-23 20:06:30,313] {scheduler_job.py:643} INFO - DAG(s) dict_keys(['example_complex']) retrieved from /home/airflow/.local/lib/python3.6/site-packages/airflow/example_dags/example_complex.py
[2023-02-23 20:06:30,338] {logging_mixin.py:104} INFO - [2023-02-23 20:06:30,338] {dag.py:1833} INFO - Sync 1 DAGs
[2023-02-23 20:06:30,354] {logging_mixin.py:104} INFO - [2023-02-23 20:06:30,354] {dag.py:2306} INFO - Setting next_dagrun for example_complex to None
[2023-02-23 20:06:30,364] {scheduler_job.py:190} INFO - Processing /home/airflow/.local/lib/python3.6/site-packages/airflow/example_dags/example_complex.py took 0.074 seconds
[2023-02-23 20:07:00,658] {scheduler_job.py:182} INFO - Started process (PID=2726) to work on /home/airflow/.local/lib/python3.6/site-packages/airflow/example_dags/example_complex.py
[2023-02-23 20:07:00,659] {scheduler_job.py:633} INFO - Processing file /home/airflow/.local/lib/python3.6/site-packages/airflow/example_dags/example_complex.py for tasks to queue
[2023-02-23 20:07:00,660] {logging_mixin.py:104} INFO - [2023-02-23 20:07:00,660] {dagbag.py:496} INFO - Filling up the DagBag from /home/airflow/.local/lib/python3.6/site-packages/airflow/example_dags/example_complex.py
[2023-02-23 20:07:00,676] {scheduler_job.py:643} INFO - DAG(s) dict_keys(['example_complex']) retrieved from /home/airflow/.local/lib/python3.6/site-packages/airflow/example_dags/example_complex.py
[2023-02-23 20:07:00,697] {logging_mixin.py:104} INFO - [2023-02-23 20:07:00,697] {dag.py:1833} INFO - Sync 1 DAGs
[2023-02-23 20:07:00,708] {logging_mixin.py:104} INFO - [2023-02-23 20:07:00,708] {dag.py:2306} INFO - Setting next_dagrun for example_complex to None
[2023-02-23 20:07:00,716] {scheduler_job.py:190} INFO - Processing /home/airflow/.local/lib/python3.6/site-packages/airflow/example_dags/example_complex.py took 0.060 seconds
[2023-02-23 20:07:31,103] {scheduler_job.py:182} INFO - Started process (PID=2776) to work on /home/airflow/.local/lib/python3.6/site-packages/airflow/example_dags/example_complex.py
[2023-02-23 20:07:31,104] {scheduler_job.py:633} INFO - Processing file /home/airflow/.local/lib/python3.6/site-packages/airflow/example_dags/example_complex.py for tasks to queue
[2023-02-23 20:07:31,104] {logging_mixin.py:104} INFO - [2023-02-23 20:07:31,104] {dagbag.py:496} INFO - Filling up the DagBag from /home/airflow/.local/lib/python3.6/site-packages/airflow/example_dags/example_complex.py
[2023-02-23 20:07:31,125] {scheduler_job.py:643} INFO - DAG(s) dict_keys(['example_complex']) retrieved from /home/airflow/.local/lib/python3.6/site-packages/airflow/example_dags/example_complex.py
[2023-02-23 20:07:31,174] {logging_mixin.py:104} INFO - [2023-02-23 20:07:31,174] {dag.py:1833} INFO - Sync 1 DAGs
[2023-02-23 20:07:31,187] {logging_mixin.py:104} INFO - [2023-02-23 20:07:31,187] {dag.py:2306} INFO - Setting next_dagrun for example_complex to None
[2023-02-23 20:07:31,194] {scheduler_job.py:190} INFO - Processing /home/airflow/.local/lib/python3.6/site-packages/airflow/example_dags/example_complex.py took 0.093 seconds
[2023-02-23 20:08:01,437] {scheduler_job.py:182} INFO - Started process (PID=2837) to work on /home/airflow/.local/lib/python3.6/site-packages/airflow/example_dags/example_complex.py
[2023-02-23 20:08:01,438] {scheduler_job.py:633} INFO - Processing file /home/airflow/.local/lib/python3.6/site-packages/airflow/example_dags/example_complex.py for tasks to queue
[2023-02-23 20:08:01,439] {logging_mixin.py:104} INFO - [2023-02-23 20:08:01,438] {dagbag.py:496} INFO - Filling up the DagBag from /home/airflow/.local/lib/python3.6/site-packages/airflow/example_dags/example_complex.py
[2023-02-23 20:08:01,456] {scheduler_job.py:643} INFO - DAG(s) dict_keys(['example_complex']) retrieved from /home/airflow/.local/lib/python3.6/site-packages/airflow/example_dags/example_complex.py
[2023-02-23 20:08:01,478] {logging_mixin.py:104} INFO - [2023-02-23 20:08:01,478] {dag.py:1833} INFO - Sync 1 DAGs
[2023-02-23 20:08:01,489] {logging_mixin.py:104} INFO - [2023-02-23 20:08:01,489] {dag.py:2306} INFO - Setting next_dagrun for example_complex to None
[2023-02-23 20:08:01,496] {scheduler_job.py:190} INFO - Processing /home/airflow/.local/lib/python3.6/site-packages/airflow/example_dags/example_complex.py took 0.062 seconds
[2023-02-23 20:08:32,129] {scheduler_job.py:182} INFO - Started process (PID=2898) to work on /home/airflow/.local/lib/python3.6/site-packages/airflow/example_dags/example_complex.py
[2023-02-23 20:08:32,129] {scheduler_job.py:633} INFO - Processing file /home/airflow/.local/lib/python3.6/site-packages/airflow/example_dags/example_complex.py for tasks to queue
[2023-02-23 20:08:32,130] {logging_mixin.py:104} INFO - [2023-02-23 20:08:32,130] {dagbag.py:496} INFO - Filling up the DagBag from /home/airflow/.local/lib/python3.6/site-packages/airflow/example_dags/example_complex.py
[2023-02-23 20:08:32,146] {scheduler_job.py:643} INFO - DAG(s) dict_keys(['example_complex']) retrieved from /home/airflow/.local/lib/python3.6/site-packages/airflow/example_dags/example_complex.py
[2023-02-23 20:08:32,166] {logging_mixin.py:104} INFO - [2023-02-23 20:08:32,166] {dag.py:1833} INFO - Sync 1 DAGs
[2023-02-23 20:08:32,178] {logging_mixin.py:104} INFO - [2023-02-23 20:08:32,178] {dag.py:2306} INFO - Setting next_dagrun for example_complex to None
[2023-02-23 20:08:32,186] {scheduler_job.py:190} INFO - Processing /home/airflow/.local/lib/python3.6/site-packages/airflow/example_dags/example_complex.py took 0.060 seconds
[2023-02-23 20:09:02,721] {scheduler_job.py:182} INFO - Started process (PID=2949) to work on /home/airflow/.local/lib/python3.6/site-packages/airflow/example_dags/example_complex.py
[2023-02-23 20:09:02,722] {scheduler_job.py:633} INFO - Processing file /home/airflow/.local/lib/python3.6/site-packages/airflow/example_dags/example_complex.py for tasks to queue
[2023-02-23 20:09:02,723] {logging_mixin.py:104} INFO - [2023-02-23 20:09:02,723] {dagbag.py:496} INFO - Filling up the DagBag from /home/airflow/.local/lib/python3.6/site-packages/airflow/example_dags/example_complex.py
[2023-02-23 20:09:02,769] {scheduler_job.py:643} INFO - DAG(s) dict_keys(['example_complex']) retrieved from /home/airflow/.local/lib/python3.6/site-packages/airflow/example_dags/example_complex.py
[2023-02-23 20:09:02,798] {logging_mixin.py:104} INFO - [2023-02-23 20:09:02,798] {dag.py:1833} INFO - Sync 1 DAGs
[2023-02-23 20:09:02,813] {logging_mixin.py:104} INFO - [2023-02-23 20:09:02,813] {dag.py:2306} INFO - Setting next_dagrun for example_complex to None
[2023-02-23 20:09:02,824] {scheduler_job.py:190} INFO - Processing /home/airflow/.local/lib/python3.6/site-packages/airflow/example_dags/example_complex.py took 0.106 seconds
[2023-02-23 20:09:33,690] {scheduler_job.py:182} INFO - Started process (PID=3009) to work on /home/airflow/.local/lib/python3.6/site-packages/airflow/example_dags/example_complex.py
[2023-02-23 20:09:33,691] {scheduler_job.py:633} INFO - Processing file /home/airflow/.local/lib/python3.6/site-packages/airflow/example_dags/example_complex.py for tasks to queue
[2023-02-23 20:09:33,691] {logging_mixin.py:104} INFO - [2023-02-23 20:09:33,691] {dagbag.py:496} INFO - Filling up the DagBag from /home/airflow/.local/lib/python3.6/site-packages/airflow/example_dags/example_complex.py
[2023-02-23 20:09:33,784] {scheduler_job.py:643} INFO - DAG(s) dict_keys(['example_complex']) retrieved from /home/airflow/.local/lib/python3.6/site-packages/airflow/example_dags/example_complex.py
[2023-02-23 20:09:33,889] {logging_mixin.py:104} INFO - [2023-02-23 20:09:33,889] {dag.py:1833} INFO - Sync 1 DAGs
[2023-02-23 20:09:33,985] {logging_mixin.py:104} INFO - [2023-02-23 20:09:33,985] {dag.py:2306} INFO - Setting next_dagrun for example_complex to None
[2023-02-23 20:09:34,077] {scheduler_job.py:190} INFO - Processing /home/airflow/.local/lib/python3.6/site-packages/airflow/example_dags/example_complex.py took 0.389 seconds
[2023-02-23 20:10:04,099] {scheduler_job.py:182} INFO - Started process (PID=3061) to work on /home/airflow/.local/lib/python3.6/site-packages/airflow/example_dags/example_complex.py
[2023-02-23 20:10:04,100] {scheduler_job.py:633} INFO - Processing file /home/airflow/.local/lib/python3.6/site-packages/airflow/example_dags/example_complex.py for tasks to queue
[2023-02-23 20:10:04,101] {logging_mixin.py:104} INFO - [2023-02-23 20:10:04,101] {dagbag.py:496} INFO - Filling up the DagBag from /home/airflow/.local/lib/python3.6/site-packages/airflow/example_dags/example_complex.py
[2023-02-23 20:10:04,117] {scheduler_job.py:643} INFO - DAG(s) dict_keys(['example_complex']) retrieved from /home/airflow/.local/lib/python3.6/site-packages/airflow/example_dags/example_complex.py
[2023-02-23 20:10:04,139] {logging_mixin.py:104} INFO - [2023-02-23 20:10:04,139] {dag.py:1833} INFO - Sync 1 DAGs
[2023-02-23 20:10:04,151] {logging_mixin.py:104} INFO - [2023-02-23 20:10:04,151] {dag.py:2306} INFO - Setting next_dagrun for example_complex to None
[2023-02-23 20:10:04,160] {scheduler_job.py:190} INFO - Processing /home/airflow/.local/lib/python3.6/site-packages/airflow/example_dags/example_complex.py took 0.063 seconds
[2023-02-23 20:10:34,890] {scheduler_job.py:182} INFO - Started process (PID=3112) to work on /home/airflow/.local/lib/python3.6/site-packages/airflow/example_dags/example_complex.py
[2023-02-23 20:10:34,891] {scheduler_job.py:633} INFO - Processing file /home/airflow/.local/lib/python3.6/site-packages/airflow/example_dags/example_complex.py for tasks to queue
[2023-02-23 20:10:34,891] {logging_mixin.py:104} INFO - [2023-02-23 20:10:34,891] {dagbag.py:496} INFO - Filling up the DagBag from /home/airflow/.local/lib/python3.6/site-packages/airflow/example_dags/example_complex.py
[2023-02-23 20:10:34,908] {scheduler_job.py:643} INFO - DAG(s) dict_keys(['example_complex']) retrieved from /home/airflow/.local/lib/python3.6/site-packages/airflow/example_dags/example_complex.py
[2023-02-23 20:10:34,986] {logging_mixin.py:104} INFO - [2023-02-23 20:10:34,986] {dag.py:1833} INFO - Sync 1 DAGs
[2023-02-23 20:10:34,998] {logging_mixin.py:104} INFO - [2023-02-23 20:10:34,998] {dag.py:2306} INFO - Setting next_dagrun for example_complex to None
[2023-02-23 20:10:35,006] {scheduler_job.py:190} INFO - Processing /home/airflow/.local/lib/python3.6/site-packages/airflow/example_dags/example_complex.py took 0.119 seconds
[2023-02-23 20:11:05,533] {scheduler_job.py:182} INFO - Started process (PID=3173) to work on /home/airflow/.local/lib/python3.6/site-packages/airflow/example_dags/example_complex.py
[2023-02-23 20:11:05,534] {scheduler_job.py:633} INFO - Processing file /home/airflow/.local/lib/python3.6/site-packages/airflow/example_dags/example_complex.py for tasks to queue
[2023-02-23 20:11:05,534] {logging_mixin.py:104} INFO - [2023-02-23 20:11:05,534] {dagbag.py:496} INFO - Filling up the DagBag from /home/airflow/.local/lib/python3.6/site-packages/airflow/example_dags/example_complex.py
[2023-02-23 20:11:05,551] {scheduler_job.py:643} INFO - DAG(s) dict_keys(['example_complex']) retrieved from /home/airflow/.local/lib/python3.6/site-packages/airflow/example_dags/example_complex.py
[2023-02-23 20:11:05,604] {logging_mixin.py:104} INFO - [2023-02-23 20:11:05,603] {dag.py:1833} INFO - Sync 1 DAGs
[2023-02-23 20:11:05,618] {logging_mixin.py:104} INFO - [2023-02-23 20:11:05,618] {dag.py:2306} INFO - Setting next_dagrun for example_complex to None
[2023-02-23 20:11:05,627] {scheduler_job.py:190} INFO - Processing /home/airflow/.local/lib/python3.6/site-packages/airflow/example_dags/example_complex.py took 0.096 seconds
[2023-02-23 20:11:36,062] {scheduler_job.py:182} INFO - Started process (PID=3224) to work on /home/airflow/.local/lib/python3.6/site-packages/airflow/example_dags/example_complex.py
[2023-02-23 20:11:36,063] {scheduler_job.py:633} INFO - Processing file /home/airflow/.local/lib/python3.6/site-packages/airflow/example_dags/example_complex.py for tasks to queue
[2023-02-23 20:11:36,063] {logging_mixin.py:104} INFO - [2023-02-23 20:11:36,063] {dagbag.py:496} INFO - Filling up the DagBag from /home/airflow/.local/lib/python3.6/site-packages/airflow/example_dags/example_complex.py
[2023-02-23 20:11:36,082] {scheduler_job.py:643} INFO - DAG(s) dict_keys(['example_complex']) retrieved from /home/airflow/.local/lib/python3.6/site-packages/airflow/example_dags/example_complex.py
[2023-02-23 20:11:36,109] {logging_mixin.py:104} INFO - [2023-02-23 20:11:36,109] {dag.py:1833} INFO - Sync 1 DAGs
[2023-02-23 20:11:36,122] {logging_mixin.py:104} INFO - [2023-02-23 20:11:36,122] {dag.py:2306} INFO - Setting next_dagrun for example_complex to None
[2023-02-23 20:11:36,130] {scheduler_job.py:190} INFO - Processing /home/airflow/.local/lib/python3.6/site-packages/airflow/example_dags/example_complex.py took 0.071 seconds
[2023-02-23 20:12:06,712] {scheduler_job.py:182} INFO - Started process (PID=3285) to work on /home/airflow/.local/lib/python3.6/site-packages/airflow/example_dags/example_complex.py
[2023-02-23 20:12:06,713] {scheduler_job.py:633} INFO - Processing file /home/airflow/.local/lib/python3.6/site-packages/airflow/example_dags/example_complex.py for tasks to queue
[2023-02-23 20:12:06,713] {logging_mixin.py:104} INFO - [2023-02-23 20:12:06,713] {dagbag.py:496} INFO - Filling up the DagBag from /home/airflow/.local/lib/python3.6/site-packages/airflow/example_dags/example_complex.py
[2023-02-23 20:12:06,731] {scheduler_job.py:643} INFO - DAG(s) dict_keys(['example_complex']) retrieved from /home/airflow/.local/lib/python3.6/site-packages/airflow/example_dags/example_complex.py
[2023-02-23 20:12:06,779] {logging_mixin.py:104} INFO - [2023-02-23 20:12:06,779] {dag.py:1833} INFO - Sync 1 DAGs
[2023-02-23 20:12:06,792] {logging_mixin.py:104} INFO - [2023-02-23 20:12:06,792] {dag.py:2306} INFO - Setting next_dagrun for example_complex to None
[2023-02-23 20:12:06,800] {scheduler_job.py:190} INFO - Processing /home/airflow/.local/lib/python3.6/site-packages/airflow/example_dags/example_complex.py took 0.091 seconds
[2023-02-23 20:12:36,999] {scheduler_job.py:182} INFO - Started process (PID=3336) to work on /home/airflow/.local/lib/python3.6/site-packages/airflow/example_dags/example_complex.py
[2023-02-23 20:12:37,000] {scheduler_job.py:633} INFO - Processing file /home/airflow/.local/lib/python3.6/site-packages/airflow/example_dags/example_complex.py for tasks to queue
[2023-02-23 20:12:37,000] {logging_mixin.py:104} INFO - [2023-02-23 20:12:37,000] {dagbag.py:496} INFO - Filling up the DagBag from /home/airflow/.local/lib/python3.6/site-packages/airflow/example_dags/example_complex.py
[2023-02-23 20:12:37,018] {scheduler_job.py:643} INFO - DAG(s) dict_keys(['example_complex']) retrieved from /home/airflow/.local/lib/python3.6/site-packages/airflow/example_dags/example_complex.py
[2023-02-23 20:12:37,042] {logging_mixin.py:104} INFO - [2023-02-23 20:12:37,041] {dag.py:1833} INFO - Sync 1 DAGs
[2023-02-23 20:12:37,055] {logging_mixin.py:104} INFO - [2023-02-23 20:12:37,055] {dag.py:2306} INFO - Setting next_dagrun for example_complex to None
[2023-02-23 20:12:37,063] {scheduler_job.py:190} INFO - Processing /home/airflow/.local/lib/python3.6/site-packages/airflow/example_dags/example_complex.py took 0.067 seconds
[2023-02-23 20:13:07,526] {scheduler_job.py:182} INFO - Started process (PID=3397) to work on /home/airflow/.local/lib/python3.6/site-packages/airflow/example_dags/example_complex.py
[2023-02-23 20:13:07,526] {scheduler_job.py:633} INFO - Processing file /home/airflow/.local/lib/python3.6/site-packages/airflow/example_dags/example_complex.py for tasks to queue
[2023-02-23 20:13:07,527] {logging_mixin.py:104} INFO - [2023-02-23 20:13:07,527] {dagbag.py:496} INFO - Filling up the DagBag from /home/airflow/.local/lib/python3.6/site-packages/airflow/example_dags/example_complex.py
[2023-02-23 20:13:07,545] {scheduler_job.py:643} INFO - DAG(s) dict_keys(['example_complex']) retrieved from /home/airflow/.local/lib/python3.6/site-packages/airflow/example_dags/example_complex.py
[2023-02-23 20:13:07,567] {logging_mixin.py:104} INFO - [2023-02-23 20:13:07,567] {dag.py:1833} INFO - Sync 1 DAGs
[2023-02-23 20:13:07,579] {logging_mixin.py:104} INFO - [2023-02-23 20:13:07,579] {dag.py:2306} INFO - Setting next_dagrun for example_complex to None
[2023-02-23 20:13:07,587] {scheduler_job.py:190} INFO - Processing /home/airflow/.local/lib/python3.6/site-packages/airflow/example_dags/example_complex.py took 0.064 seconds
[2023-02-23 20:13:38,038] {scheduler_job.py:182} INFO - Started process (PID=3455) to work on /home/airflow/.local/lib/python3.6/site-packages/airflow/example_dags/example_complex.py
[2023-02-23 20:13:38,039] {scheduler_job.py:633} INFO - Processing file /home/airflow/.local/lib/python3.6/site-packages/airflow/example_dags/example_complex.py for tasks to queue
[2023-02-23 20:13:38,040] {logging_mixin.py:104} INFO - [2023-02-23 20:13:38,040] {dagbag.py:496} INFO - Filling up the DagBag from /home/airflow/.local/lib/python3.6/site-packages/airflow/example_dags/example_complex.py
[2023-02-23 20:13:38,057] {scheduler_job.py:643} INFO - DAG(s) dict_keys(['example_complex']) retrieved from /home/airflow/.local/lib/python3.6/site-packages/airflow/example_dags/example_complex.py
[2023-02-23 20:13:38,081] {logging_mixin.py:104} INFO - [2023-02-23 20:13:38,081] {dag.py:1833} INFO - Sync 1 DAGs
[2023-02-23 20:13:38,094] {logging_mixin.py:104} INFO - [2023-02-23 20:13:38,094] {dag.py:2306} INFO - Setting next_dagrun for example_complex to None
[2023-02-23 20:13:38,102] {scheduler_job.py:190} INFO - Processing /home/airflow/.local/lib/python3.6/site-packages/airflow/example_dags/example_complex.py took 0.066 seconds
[2023-02-23 20:14:08,344] {scheduler_job.py:182} INFO - Started process (PID=3509) to work on /home/airflow/.local/lib/python3.6/site-packages/airflow/example_dags/example_complex.py
[2023-02-23 20:14:08,345] {scheduler_job.py:633} INFO - Processing file /home/airflow/.local/lib/python3.6/site-packages/airflow/example_dags/example_complex.py for tasks to queue
[2023-02-23 20:14:08,345] {logging_mixin.py:104} INFO - [2023-02-23 20:14:08,345] {dagbag.py:496} INFO - Filling up the DagBag from /home/airflow/.local/lib/python3.6/site-packages/airflow/example_dags/example_complex.py
[2023-02-23 20:14:08,363] {scheduler_job.py:643} INFO - DAG(s) dict_keys(['example_complex']) retrieved from /home/airflow/.local/lib/python3.6/site-packages/airflow/example_dags/example_complex.py
[2023-02-23 20:14:08,390] {logging_mixin.py:104} INFO - [2023-02-23 20:14:08,390] {dag.py:1833} INFO - Sync 1 DAGs
[2023-02-23 20:14:08,403] {logging_mixin.py:104} INFO - [2023-02-23 20:14:08,403] {dag.py:2306} INFO - Setting next_dagrun for example_complex to None
[2023-02-23 20:14:08,411] {scheduler_job.py:190} INFO - Processing /home/airflow/.local/lib/python3.6/site-packages/airflow/example_dags/example_complex.py took 0.069 seconds
[2023-02-23 20:14:39,582] {scheduler_job.py:182} INFO - Started process (PID=3569) to work on /home/airflow/.local/lib/python3.6/site-packages/airflow/example_dags/example_complex.py
[2023-02-23 20:14:39,583] {scheduler_job.py:633} INFO - Processing file /home/airflow/.local/lib/python3.6/site-packages/airflow/example_dags/example_complex.py for tasks to queue
[2023-02-23 20:14:39,584] {logging_mixin.py:104} INFO - [2023-02-23 20:14:39,584] {dagbag.py:496} INFO - Filling up the DagBag from /home/airflow/.local/lib/python3.6/site-packages/airflow/example_dags/example_complex.py
[2023-02-23 20:14:39,677] {scheduler_job.py:643} INFO - DAG(s) dict_keys(['example_complex']) retrieved from /home/airflow/.local/lib/python3.6/site-packages/airflow/example_dags/example_complex.py
[2023-02-23 20:14:39,703] {logging_mixin.py:104} INFO - [2023-02-23 20:14:39,703] {dag.py:1833} INFO - Sync 1 DAGs
[2023-02-23 20:14:39,782] {logging_mixin.py:104} INFO - [2023-02-23 20:14:39,782] {dag.py:2306} INFO - Setting next_dagrun for example_complex to None
[2023-02-23 20:14:39,793] {scheduler_job.py:190} INFO - Processing /home/airflow/.local/lib/python3.6/site-packages/airflow/example_dags/example_complex.py took 0.213 seconds
[2023-02-23 20:15:10,463] {scheduler_job.py:182} INFO - Started process (PID=3621) to work on /home/airflow/.local/lib/python3.6/site-packages/airflow/example_dags/example_complex.py
[2023-02-23 20:15:10,464] {scheduler_job.py:633} INFO - Processing file /home/airflow/.local/lib/python3.6/site-packages/airflow/example_dags/example_complex.py for tasks to queue
[2023-02-23 20:15:10,465] {logging_mixin.py:104} INFO - [2023-02-23 20:15:10,465] {dagbag.py:496} INFO - Filling up the DagBag from /home/airflow/.local/lib/python3.6/site-packages/airflow/example_dags/example_complex.py
[2023-02-23 20:15:10,491] {scheduler_job.py:643} INFO - DAG(s) dict_keys(['example_complex']) retrieved from /home/airflow/.local/lib/python3.6/site-packages/airflow/example_dags/example_complex.py
[2023-02-23 20:15:10,520] {logging_mixin.py:104} INFO - [2023-02-23 20:15:10,520] {dag.py:1833} INFO - Sync 1 DAGs
[2023-02-23 20:15:10,534] {logging_mixin.py:104} INFO - [2023-02-23 20:15:10,534] {dag.py:2306} INFO - Setting next_dagrun for example_complex to None
[2023-02-23 20:15:10,542] {scheduler_job.py:190} INFO - Processing /home/airflow/.local/lib/python3.6/site-packages/airflow/example_dags/example_complex.py took 0.081 seconds
[2023-02-23 20:15:41,023] {scheduler_job.py:182} INFO - Started process (PID=3681) to work on /home/airflow/.local/lib/python3.6/site-packages/airflow/example_dags/example_complex.py
[2023-02-23 20:15:41,024] {scheduler_job.py:633} INFO - Processing file /home/airflow/.local/lib/python3.6/site-packages/airflow/example_dags/example_complex.py for tasks to queue
[2023-02-23 20:15:41,024] {logging_mixin.py:104} INFO - [2023-02-23 20:15:41,024] {dagbag.py:496} INFO - Filling up the DagBag from /home/airflow/.local/lib/python3.6/site-packages/airflow/example_dags/example_complex.py
[2023-02-23 20:15:41,081] {scheduler_job.py:643} INFO - DAG(s) dict_keys(['example_complex']) retrieved from /home/airflow/.local/lib/python3.6/site-packages/airflow/example_dags/example_complex.py
[2023-02-23 20:15:41,105] {logging_mixin.py:104} INFO - [2023-02-23 20:15:41,105] {dag.py:1833} INFO - Sync 1 DAGs
[2023-02-23 20:15:41,117] {logging_mixin.py:104} INFO - [2023-02-23 20:15:41,117] {dag.py:2306} INFO - Setting next_dagrun for example_complex to None
[2023-02-23 20:15:41,126] {scheduler_job.py:190} INFO - Processing /home/airflow/.local/lib/python3.6/site-packages/airflow/example_dags/example_complex.py took 0.106 seconds
[2023-02-23 20:16:11,304] {scheduler_job.py:182} INFO - Started process (PID=3733) to work on /home/airflow/.local/lib/python3.6/site-packages/airflow/example_dags/example_complex.py
[2023-02-23 20:16:11,304] {scheduler_job.py:633} INFO - Processing file /home/airflow/.local/lib/python3.6/site-packages/airflow/example_dags/example_complex.py for tasks to queue
[2023-02-23 20:16:11,305] {logging_mixin.py:104} INFO - [2023-02-23 20:16:11,305] {dagbag.py:496} INFO - Filling up the DagBag from /home/airflow/.local/lib/python3.6/site-packages/airflow/example_dags/example_complex.py
[2023-02-23 20:16:11,324] {scheduler_job.py:643} INFO - DAG(s) dict_keys(['example_complex']) retrieved from /home/airflow/.local/lib/python3.6/site-packages/airflow/example_dags/example_complex.py
[2023-02-23 20:16:11,349] {logging_mixin.py:104} INFO - [2023-02-23 20:16:11,349] {dag.py:1833} INFO - Sync 1 DAGs
[2023-02-23 20:16:11,362] {logging_mixin.py:104} INFO - [2023-02-23 20:16:11,362] {dag.py:2306} INFO - Setting next_dagrun for example_complex to None
[2023-02-23 20:16:11,370] {scheduler_job.py:190} INFO - Processing /home/airflow/.local/lib/python3.6/site-packages/airflow/example_dags/example_complex.py took 0.069 seconds
[2023-02-23 20:16:41,628] {scheduler_job.py:182} INFO - Started process (PID=3794) to work on /home/airflow/.local/lib/python3.6/site-packages/airflow/example_dags/example_complex.py
[2023-02-23 20:16:41,629] {scheduler_job.py:633} INFO - Processing file /home/airflow/.local/lib/python3.6/site-packages/airflow/example_dags/example_complex.py for tasks to queue
[2023-02-23 20:16:41,629] {logging_mixin.py:104} INFO - [2023-02-23 20:16:41,629] {dagbag.py:496} INFO - Filling up the DagBag from /home/airflow/.local/lib/python3.6/site-packages/airflow/example_dags/example_complex.py
[2023-02-23 20:16:41,646] {scheduler_job.py:643} INFO - DAG(s) dict_keys(['example_complex']) retrieved from /home/airflow/.local/lib/python3.6/site-packages/airflow/example_dags/example_complex.py
[2023-02-23 20:16:41,670] {logging_mixin.py:104} INFO - [2023-02-23 20:16:41,670] {dag.py:1833} INFO - Sync 1 DAGs
[2023-02-23 20:16:41,684] {logging_mixin.py:104} INFO - [2023-02-23 20:16:41,684] {dag.py:2306} INFO - Setting next_dagrun for example_complex to None
[2023-02-23 20:16:41,694] {scheduler_job.py:190} INFO - Processing /home/airflow/.local/lib/python3.6/site-packages/airflow/example_dags/example_complex.py took 0.068 seconds
[2023-02-23 20:17:12,153] {scheduler_job.py:182} INFO - Started process (PID=3845) to work on /home/airflow/.local/lib/python3.6/site-packages/airflow/example_dags/example_complex.py
[2023-02-23 20:17:12,153] {scheduler_job.py:633} INFO - Processing file /home/airflow/.local/lib/python3.6/site-packages/airflow/example_dags/example_complex.py for tasks to queue
[2023-02-23 20:17:12,154] {logging_mixin.py:104} INFO - [2023-02-23 20:17:12,154] {dagbag.py:496} INFO - Filling up the DagBag from /home/airflow/.local/lib/python3.6/site-packages/airflow/example_dags/example_complex.py
[2023-02-23 20:17:12,171] {scheduler_job.py:643} INFO - DAG(s) dict_keys(['example_complex']) retrieved from /home/airflow/.local/lib/python3.6/site-packages/airflow/example_dags/example_complex.py
[2023-02-23 20:17:12,195] {logging_mixin.py:104} INFO - [2023-02-23 20:17:12,195] {dag.py:1833} INFO - Sync 1 DAGs
[2023-02-23 20:17:12,208] {logging_mixin.py:104} INFO - [2023-02-23 20:17:12,208] {dag.py:2306} INFO - Setting next_dagrun for example_complex to None
[2023-02-23 20:17:12,217] {scheduler_job.py:190} INFO - Processing /home/airflow/.local/lib/python3.6/site-packages/airflow/example_dags/example_complex.py took 0.066 seconds
[2023-02-23 20:17:42,837] {scheduler_job.py:182} INFO - Started process (PID=3906) to work on /home/airflow/.local/lib/python3.6/site-packages/airflow/example_dags/example_complex.py
[2023-02-23 20:17:42,838] {scheduler_job.py:633} INFO - Processing file /home/airflow/.local/lib/python3.6/site-packages/airflow/example_dags/example_complex.py for tasks to queue
[2023-02-23 20:17:42,838] {logging_mixin.py:104} INFO - [2023-02-23 20:17:42,838] {dagbag.py:496} INFO - Filling up the DagBag from /home/airflow/.local/lib/python3.6/site-packages/airflow/example_dags/example_complex.py
[2023-02-23 20:17:42,855] {scheduler_job.py:643} INFO - DAG(s) dict_keys(['example_complex']) retrieved from /home/airflow/.local/lib/python3.6/site-packages/airflow/example_dags/example_complex.py
[2023-02-23 20:17:42,880] {logging_mixin.py:104} INFO - [2023-02-23 20:17:42,880] {dag.py:1833} INFO - Sync 1 DAGs
[2023-02-23 20:17:42,894] {logging_mixin.py:104} INFO - [2023-02-23 20:17:42,894] {dag.py:2306} INFO - Setting next_dagrun for example_complex to None
[2023-02-23 20:17:42,904] {scheduler_job.py:190} INFO - Processing /home/airflow/.local/lib/python3.6/site-packages/airflow/example_dags/example_complex.py took 0.069 seconds
[2023-02-23 20:18:13,654] {scheduler_job.py:182} INFO - Started process (PID=3957) to work on /home/airflow/.local/lib/python3.6/site-packages/airflow/example_dags/example_complex.py
[2023-02-23 20:18:13,655] {scheduler_job.py:633} INFO - Processing file /home/airflow/.local/lib/python3.6/site-packages/airflow/example_dags/example_complex.py for tasks to queue
[2023-02-23 20:18:13,655] {logging_mixin.py:104} INFO - [2023-02-23 20:18:13,655] {dagbag.py:496} INFO - Filling up the DagBag from /home/airflow/.local/lib/python3.6/site-packages/airflow/example_dags/example_complex.py
[2023-02-23 20:18:13,674] {scheduler_job.py:643} INFO - DAG(s) dict_keys(['example_complex']) retrieved from /home/airflow/.local/lib/python3.6/site-packages/airflow/example_dags/example_complex.py
[2023-02-23 20:18:13,697] {logging_mixin.py:104} INFO - [2023-02-23 20:18:13,697] {dag.py:1833} INFO - Sync 1 DAGs
[2023-02-23 20:18:13,713] {logging_mixin.py:104} INFO - [2023-02-23 20:18:13,713] {dag.py:2306} INFO - Setting next_dagrun for example_complex to None
[2023-02-23 20:18:13,722] {scheduler_job.py:190} INFO - Processing /home/airflow/.local/lib/python3.6/site-packages/airflow/example_dags/example_complex.py took 0.070 seconds
[2023-02-23 20:18:44,327] {scheduler_job.py:182} INFO - Started process (PID=4015) to work on /home/airflow/.local/lib/python3.6/site-packages/airflow/example_dags/example_complex.py
[2023-02-23 20:18:44,328] {scheduler_job.py:633} INFO - Processing file /home/airflow/.local/lib/python3.6/site-packages/airflow/example_dags/example_complex.py for tasks to queue
[2023-02-23 20:18:44,328] {logging_mixin.py:104} INFO - [2023-02-23 20:18:44,328] {dagbag.py:496} INFO - Filling up the DagBag from /home/airflow/.local/lib/python3.6/site-packages/airflow/example_dags/example_complex.py
[2023-02-23 20:18:44,379] {scheduler_job.py:643} INFO - DAG(s) dict_keys(['example_complex']) retrieved from /home/airflow/.local/lib/python3.6/site-packages/airflow/example_dags/example_complex.py
[2023-02-23 20:18:44,402] {logging_mixin.py:104} INFO - [2023-02-23 20:18:44,402] {dag.py:1833} INFO - Sync 1 DAGs
[2023-02-23 20:18:44,415] {logging_mixin.py:104} INFO - [2023-02-23 20:18:44,415] {dag.py:2306} INFO - Setting next_dagrun for example_complex to None
[2023-02-23 20:18:44,423] {scheduler_job.py:190} INFO - Processing /home/airflow/.local/lib/python3.6/site-packages/airflow/example_dags/example_complex.py took 0.098 seconds
[2023-02-23 20:19:14,587] {scheduler_job.py:182} INFO - Started process (PID=4069) to work on /home/airflow/.local/lib/python3.6/site-packages/airflow/example_dags/example_complex.py
[2023-02-23 20:19:14,588] {scheduler_job.py:633} INFO - Processing file /home/airflow/.local/lib/python3.6/site-packages/airflow/example_dags/example_complex.py for tasks to queue
[2023-02-23 20:19:14,588] {logging_mixin.py:104} INFO - [2023-02-23 20:19:14,588] {dagbag.py:496} INFO - Filling up the DagBag from /home/airflow/.local/lib/python3.6/site-packages/airflow/example_dags/example_complex.py
[2023-02-23 20:19:14,605] {scheduler_job.py:643} INFO - DAG(s) dict_keys(['example_complex']) retrieved from /home/airflow/.local/lib/python3.6/site-packages/airflow/example_dags/example_complex.py
[2023-02-23 20:19:14,627] {logging_mixin.py:104} INFO - [2023-02-23 20:19:14,627] {dag.py:1833} INFO - Sync 1 DAGs
[2023-02-23 20:19:14,670] {logging_mixin.py:104} INFO - [2023-02-23 20:19:14,670] {dag.py:2306} INFO - Setting next_dagrun for example_complex to None
[2023-02-23 20:19:14,680] {scheduler_job.py:190} INFO - Processing /home/airflow/.local/lib/python3.6/site-packages/airflow/example_dags/example_complex.py took 0.095 seconds
[2023-02-23 20:19:44,699] {scheduler_job.py:182} INFO - Started process (PID=4120) to work on /home/airflow/.local/lib/python3.6/site-packages/airflow/example_dags/example_complex.py
[2023-02-23 20:19:44,700] {scheduler_job.py:633} INFO - Processing file /home/airflow/.local/lib/python3.6/site-packages/airflow/example_dags/example_complex.py for tasks to queue
[2023-02-23 20:19:44,700] {logging_mixin.py:104} INFO - [2023-02-23 20:19:44,700] {dagbag.py:496} INFO - Filling up the DagBag from /home/airflow/.local/lib/python3.6/site-packages/airflow/example_dags/example_complex.py
[2023-02-23 20:19:44,717] {scheduler_job.py:643} INFO - DAG(s) dict_keys(['example_complex']) retrieved from /home/airflow/.local/lib/python3.6/site-packages/airflow/example_dags/example_complex.py
[2023-02-23 20:19:44,737] {logging_mixin.py:104} INFO - [2023-02-23 20:19:44,737] {dag.py:1833} INFO - Sync 1 DAGs
[2023-02-23 20:19:44,748] {logging_mixin.py:104} INFO - [2023-02-23 20:19:44,748] {dag.py:2306} INFO - Setting next_dagrun for example_complex to None
[2023-02-23 20:19:44,756] {scheduler_job.py:190} INFO - Processing /home/airflow/.local/lib/python3.6/site-packages/airflow/example_dags/example_complex.py took 0.058 seconds
[2023-02-23 20:20:15,111] {scheduler_job.py:182} INFO - Started process (PID=4182) to work on /home/airflow/.local/lib/python3.6/site-packages/airflow/example_dags/example_complex.py
[2023-02-23 20:20:15,112] {scheduler_job.py:633} INFO - Processing file /home/airflow/.local/lib/python3.6/site-packages/airflow/example_dags/example_complex.py for tasks to queue
[2023-02-23 20:20:15,113] {logging_mixin.py:104} INFO - [2023-02-23 20:20:15,112] {dagbag.py:496} INFO - Filling up the DagBag from /home/airflow/.local/lib/python3.6/site-packages/airflow/example_dags/example_complex.py
[2023-02-23 20:20:15,130] {scheduler_job.py:643} INFO - DAG(s) dict_keys(['example_complex']) retrieved from /home/airflow/.local/lib/python3.6/site-packages/airflow/example_dags/example_complex.py
[2023-02-23 20:20:15,153] {logging_mixin.py:104} INFO - [2023-02-23 20:20:15,153] {dag.py:1833} INFO - Sync 1 DAGs
[2023-02-23 20:20:15,165] {logging_mixin.py:104} INFO - [2023-02-23 20:20:15,165] {dag.py:2306} INFO - Setting next_dagrun for example_complex to None
[2023-02-23 20:20:15,173] {scheduler_job.py:190} INFO - Processing /home/airflow/.local/lib/python3.6/site-packages/airflow/example_dags/example_complex.py took 0.064 seconds
[2023-02-23 20:20:45,628] {scheduler_job.py:182} INFO - Started process (PID=4243) to work on /home/airflow/.local/lib/python3.6/site-packages/airflow/example_dags/example_complex.py
[2023-02-23 20:20:45,629] {scheduler_job.py:633} INFO - Processing file /home/airflow/.local/lib/python3.6/site-packages/airflow/example_dags/example_complex.py for tasks to queue
[2023-02-23 20:20:45,629] {logging_mixin.py:104} INFO - [2023-02-23 20:20:45,629] {dagbag.py:496} INFO - Filling up the DagBag from /home/airflow/.local/lib/python3.6/site-packages/airflow/example_dags/example_complex.py
[2023-02-23 20:20:45,646] {scheduler_job.py:643} INFO - DAG(s) dict_keys(['example_complex']) retrieved from /home/airflow/.local/lib/python3.6/site-packages/airflow/example_dags/example_complex.py
[2023-02-23 20:20:45,669] {logging_mixin.py:104} INFO - [2023-02-23 20:20:45,668] {dag.py:1833} INFO - Sync 1 DAGs
[2023-02-23 20:20:45,682] {logging_mixin.py:104} INFO - [2023-02-23 20:20:45,682] {dag.py:2306} INFO - Setting next_dagrun for example_complex to None
[2023-02-23 20:20:45,690] {scheduler_job.py:190} INFO - Processing /home/airflow/.local/lib/python3.6/site-packages/airflow/example_dags/example_complex.py took 0.064 seconds
[2023-02-23 20:21:16,062] {scheduler_job.py:182} INFO - Started process (PID=4294) to work on /home/airflow/.local/lib/python3.6/site-packages/airflow/example_dags/example_complex.py
[2023-02-23 20:21:16,062] {scheduler_job.py:633} INFO - Processing file /home/airflow/.local/lib/python3.6/site-packages/airflow/example_dags/example_complex.py for tasks to queue
[2023-02-23 20:21:16,063] {logging_mixin.py:104} INFO - [2023-02-23 20:21:16,063] {dagbag.py:496} INFO - Filling up the DagBag from /home/airflow/.local/lib/python3.6/site-packages/airflow/example_dags/example_complex.py
[2023-02-23 20:21:16,079] {scheduler_job.py:643} INFO - DAG(s) dict_keys(['example_complex']) retrieved from /home/airflow/.local/lib/python3.6/site-packages/airflow/example_dags/example_complex.py
[2023-02-23 20:21:16,100] {logging_mixin.py:104} INFO - [2023-02-23 20:21:16,100] {dag.py:1833} INFO - Sync 1 DAGs
[2023-02-23 20:21:16,110] {logging_mixin.py:104} INFO - [2023-02-23 20:21:16,110] {dag.py:2306} INFO - Setting next_dagrun for example_complex to None
[2023-02-23 20:21:16,117] {scheduler_job.py:190} INFO - Processing /home/airflow/.local/lib/python3.6/site-packages/airflow/example_dags/example_complex.py took 0.058 seconds
[2023-02-23 20:21:46,241] {scheduler_job.py:182} INFO - Started process (PID=4355) to work on /home/airflow/.local/lib/python3.6/site-packages/airflow/example_dags/example_complex.py
[2023-02-23 20:21:46,242] {scheduler_job.py:633} INFO - Processing file /home/airflow/.local/lib/python3.6/site-packages/airflow/example_dags/example_complex.py for tasks to queue
[2023-02-23 20:21:46,242] {logging_mixin.py:104} INFO - [2023-02-23 20:21:46,242] {dagbag.py:496} INFO - Filling up the DagBag from /home/airflow/.local/lib/python3.6/site-packages/airflow/example_dags/example_complex.py
[2023-02-23 20:21:46,259] {scheduler_job.py:643} INFO - DAG(s) dict_keys(['example_complex']) retrieved from /home/airflow/.local/lib/python3.6/site-packages/airflow/example_dags/example_complex.py
[2023-02-23 20:21:46,281] {logging_mixin.py:104} INFO - [2023-02-23 20:21:46,280] {dag.py:1833} INFO - Sync 1 DAGs
[2023-02-23 20:21:46,294] {logging_mixin.py:104} INFO - [2023-02-23 20:21:46,294] {dag.py:2306} INFO - Setting next_dagrun for example_complex to None
[2023-02-23 20:21:46,303] {scheduler_job.py:190} INFO - Processing /home/airflow/.local/lib/python3.6/site-packages/airflow/example_dags/example_complex.py took 0.064 seconds
[2023-02-23 20:22:16,542] {scheduler_job.py:182} INFO - Started process (PID=4406) to work on /home/airflow/.local/lib/python3.6/site-packages/airflow/example_dags/example_complex.py
[2023-02-23 20:22:16,543] {scheduler_job.py:633} INFO - Processing file /home/airflow/.local/lib/python3.6/site-packages/airflow/example_dags/example_complex.py for tasks to queue
[2023-02-23 20:22:16,543] {logging_mixin.py:104} INFO - [2023-02-23 20:22:16,543] {dagbag.py:496} INFO - Filling up the DagBag from /home/airflow/.local/lib/python3.6/site-packages/airflow/example_dags/example_complex.py
[2023-02-23 20:22:16,559] {scheduler_job.py:643} INFO - DAG(s) dict_keys(['example_complex']) retrieved from /home/airflow/.local/lib/python3.6/site-packages/airflow/example_dags/example_complex.py
[2023-02-23 20:22:16,579] {logging_mixin.py:104} INFO - [2023-02-23 20:22:16,579] {dag.py:1833} INFO - Sync 1 DAGs
[2023-02-23 20:22:16,590] {logging_mixin.py:104} INFO - [2023-02-23 20:22:16,590] {dag.py:2306} INFO - Setting next_dagrun for example_complex to None
[2023-02-23 20:22:16,597] {scheduler_job.py:190} INFO - Processing /home/airflow/.local/lib/python3.6/site-packages/airflow/example_dags/example_complex.py took 0.057 seconds
