[2023-02-23 19:43:00,690] {scheduler_job.py:182} INFO - Started process (PID=73) to work on /home/airflow/.local/lib/python3.6/site-packages/airflow/example_dags/example_latest_only.py
[2023-02-23 19:43:00,690] {scheduler_job.py:633} INFO - Processing file /home/airflow/.local/lib/python3.6/site-packages/airflow/example_dags/example_latest_only.py for tasks to queue
[2023-02-23 19:43:00,691] {logging_mixin.py:104} INFO - [2023-02-23 19:43:00,691] {dagbag.py:496} INFO - Filling up the DagBag from /home/airflow/.local/lib/python3.6/site-packages/airflow/example_dags/example_latest_only.py
[2023-02-23 19:43:00,702] {scheduler_job.py:643} INFO - DAG(s) dict_keys(['latest_only']) retrieved from /home/airflow/.local/lib/python3.6/site-packages/airflow/example_dags/example_latest_only.py
[2023-02-23 19:43:00,770] {logging_mixin.py:104} INFO - [2023-02-23 19:43:00,770] {dag.py:1833} INFO - Sync 1 DAGs
[2023-02-23 19:43:00,785] {logging_mixin.py:104} INFO - [2023-02-23 19:43:00,785] {dag.py:2306} INFO - Setting next_dagrun for latest_only to 2023-02-21 00:00:00+00:00
[2023-02-23 19:43:00,793] {scheduler_job.py:190} INFO - Processing /home/airflow/.local/lib/python3.6/site-packages/airflow/example_dags/example_latest_only.py took 0.106 seconds
[2023-02-23 19:43:31,148] {scheduler_job.py:182} INFO - Started process (PID=124) to work on /home/airflow/.local/lib/python3.6/site-packages/airflow/example_dags/example_latest_only.py
[2023-02-23 19:43:31,149] {scheduler_job.py:633} INFO - Processing file /home/airflow/.local/lib/python3.6/site-packages/airflow/example_dags/example_latest_only.py for tasks to queue
[2023-02-23 19:43:31,149] {logging_mixin.py:104} INFO - [2023-02-23 19:43:31,149] {dagbag.py:496} INFO - Filling up the DagBag from /home/airflow/.local/lib/python3.6/site-packages/airflow/example_dags/example_latest_only.py
[2023-02-23 19:43:31,171] {scheduler_job.py:643} INFO - DAG(s) dict_keys(['latest_only']) retrieved from /home/airflow/.local/lib/python3.6/site-packages/airflow/example_dags/example_latest_only.py
[2023-02-23 19:43:31,189] {logging_mixin.py:104} INFO - [2023-02-23 19:43:31,188] {dag.py:1833} INFO - Sync 1 DAGs
[2023-02-23 19:43:31,201] {logging_mixin.py:104} INFO - [2023-02-23 19:43:31,201] {dag.py:2306} INFO - Setting next_dagrun for latest_only to 2023-02-21 00:00:00+00:00
[2023-02-23 19:43:31,209] {scheduler_job.py:190} INFO - Processing /home/airflow/.local/lib/python3.6/site-packages/airflow/example_dags/example_latest_only.py took 0.063 seconds
[2023-02-23 19:44:01,869] {scheduler_job.py:182} INFO - Started process (PID=185) to work on /home/airflow/.local/lib/python3.6/site-packages/airflow/example_dags/example_latest_only.py
[2023-02-23 19:44:01,869] {scheduler_job.py:633} INFO - Processing file /home/airflow/.local/lib/python3.6/site-packages/airflow/example_dags/example_latest_only.py for tasks to queue
[2023-02-23 19:44:01,870] {logging_mixin.py:104} INFO - [2023-02-23 19:44:01,870] {dagbag.py:496} INFO - Filling up the DagBag from /home/airflow/.local/lib/python3.6/site-packages/airflow/example_dags/example_latest_only.py
[2023-02-23 19:44:01,878] {scheduler_job.py:643} INFO - DAG(s) dict_keys(['latest_only']) retrieved from /home/airflow/.local/lib/python3.6/site-packages/airflow/example_dags/example_latest_only.py
[2023-02-23 19:44:01,927] {logging_mixin.py:104} INFO - [2023-02-23 19:44:01,927] {dag.py:1833} INFO - Sync 1 DAGs
[2023-02-23 19:44:01,942] {logging_mixin.py:104} INFO - [2023-02-23 19:44:01,942] {dag.py:2306} INFO - Setting next_dagrun for latest_only to 2023-02-21 00:00:00+00:00
[2023-02-23 19:44:01,951] {scheduler_job.py:190} INFO - Processing /home/airflow/.local/lib/python3.6/site-packages/airflow/example_dags/example_latest_only.py took 0.084 seconds
[2023-02-23 19:44:32,569] {scheduler_job.py:182} INFO - Started process (PID=246) to work on /home/airflow/.local/lib/python3.6/site-packages/airflow/example_dags/example_latest_only.py
[2023-02-23 19:44:32,569] {scheduler_job.py:633} INFO - Processing file /home/airflow/.local/lib/python3.6/site-packages/airflow/example_dags/example_latest_only.py for tasks to queue
[2023-02-23 19:44:32,570] {logging_mixin.py:104} INFO - [2023-02-23 19:44:32,570] {dagbag.py:496} INFO - Filling up the DagBag from /home/airflow/.local/lib/python3.6/site-packages/airflow/example_dags/example_latest_only.py
[2023-02-23 19:44:32,580] {scheduler_job.py:643} INFO - DAG(s) dict_keys(['latest_only']) retrieved from /home/airflow/.local/lib/python3.6/site-packages/airflow/example_dags/example_latest_only.py
[2023-02-23 19:44:32,598] {logging_mixin.py:104} INFO - [2023-02-23 19:44:32,598] {dag.py:1833} INFO - Sync 1 DAGs
[2023-02-23 19:44:32,612] {logging_mixin.py:104} INFO - [2023-02-23 19:44:32,612] {dag.py:2306} INFO - Setting next_dagrun for latest_only to 2023-02-21 00:00:00+00:00
[2023-02-23 19:44:32,621] {scheduler_job.py:190} INFO - Processing /home/airflow/.local/lib/python3.6/site-packages/airflow/example_dags/example_latest_only.py took 0.089 seconds
[2023-02-23 19:45:03,469] {scheduler_job.py:182} INFO - Started process (PID=297) to work on /home/airflow/.local/lib/python3.6/site-packages/airflow/example_dags/example_latest_only.py
[2023-02-23 19:45:03,470] {scheduler_job.py:633} INFO - Processing file /home/airflow/.local/lib/python3.6/site-packages/airflow/example_dags/example_latest_only.py for tasks to queue
[2023-02-23 19:45:03,471] {logging_mixin.py:104} INFO - [2023-02-23 19:45:03,471] {dagbag.py:496} INFO - Filling up the DagBag from /home/airflow/.local/lib/python3.6/site-packages/airflow/example_dags/example_latest_only.py
[2023-02-23 19:45:03,479] {scheduler_job.py:643} INFO - DAG(s) dict_keys(['latest_only']) retrieved from /home/airflow/.local/lib/python3.6/site-packages/airflow/example_dags/example_latest_only.py
[2023-02-23 19:45:03,496] {logging_mixin.py:104} INFO - [2023-02-23 19:45:03,496] {dag.py:1833} INFO - Sync 1 DAGs
[2023-02-23 19:45:03,508] {logging_mixin.py:104} INFO - [2023-02-23 19:45:03,508] {dag.py:2306} INFO - Setting next_dagrun for latest_only to 2023-02-21 00:00:00+00:00
[2023-02-23 19:45:03,516] {scheduler_job.py:190} INFO - Processing /home/airflow/.local/lib/python3.6/site-packages/airflow/example_dags/example_latest_only.py took 0.048 seconds
[2023-02-23 19:45:34,321] {scheduler_job.py:182} INFO - Started process (PID=358) to work on /home/airflow/.local/lib/python3.6/site-packages/airflow/example_dags/example_latest_only.py
[2023-02-23 19:45:34,321] {scheduler_job.py:633} INFO - Processing file /home/airflow/.local/lib/python3.6/site-packages/airflow/example_dags/example_latest_only.py for tasks to queue
[2023-02-23 19:45:34,322] {logging_mixin.py:104} INFO - [2023-02-23 19:45:34,322] {dagbag.py:496} INFO - Filling up the DagBag from /home/airflow/.local/lib/python3.6/site-packages/airflow/example_dags/example_latest_only.py
[2023-02-23 19:45:34,331] {scheduler_job.py:643} INFO - DAG(s) dict_keys(['latest_only']) retrieved from /home/airflow/.local/lib/python3.6/site-packages/airflow/example_dags/example_latest_only.py
[2023-02-23 19:45:34,348] {logging_mixin.py:104} INFO - [2023-02-23 19:45:34,348] {dag.py:1833} INFO - Sync 1 DAGs
[2023-02-23 19:45:34,380] {logging_mixin.py:104} INFO - [2023-02-23 19:45:34,380] {dag.py:2306} INFO - Setting next_dagrun for latest_only to 2023-02-21 00:00:00+00:00
[2023-02-23 19:45:34,388] {scheduler_job.py:190} INFO - Processing /home/airflow/.local/lib/python3.6/site-packages/airflow/example_dags/example_latest_only.py took 0.070 seconds
[2023-02-23 19:46:05,050] {scheduler_job.py:182} INFO - Started process (PID=409) to work on /home/airflow/.local/lib/python3.6/site-packages/airflow/example_dags/example_latest_only.py
[2023-02-23 19:46:05,051] {scheduler_job.py:633} INFO - Processing file /home/airflow/.local/lib/python3.6/site-packages/airflow/example_dags/example_latest_only.py for tasks to queue
[2023-02-23 19:46:05,051] {logging_mixin.py:104} INFO - [2023-02-23 19:46:05,051] {dagbag.py:496} INFO - Filling up the DagBag from /home/airflow/.local/lib/python3.6/site-packages/airflow/example_dags/example_latest_only.py
[2023-02-23 19:46:05,060] {scheduler_job.py:643} INFO - DAG(s) dict_keys(['latest_only']) retrieved from /home/airflow/.local/lib/python3.6/site-packages/airflow/example_dags/example_latest_only.py
[2023-02-23 19:46:05,078] {logging_mixin.py:104} INFO - [2023-02-23 19:46:05,078] {dag.py:1833} INFO - Sync 1 DAGs
[2023-02-23 19:46:05,091] {logging_mixin.py:104} INFO - [2023-02-23 19:46:05,090] {dag.py:2306} INFO - Setting next_dagrun for latest_only to 2023-02-21 00:00:00+00:00
[2023-02-23 19:46:05,098] {scheduler_job.py:190} INFO - Processing /home/airflow/.local/lib/python3.6/site-packages/airflow/example_dags/example_latest_only.py took 0.050 seconds
[2023-02-23 19:46:35,596] {scheduler_job.py:182} INFO - Started process (PID=470) to work on /home/airflow/.local/lib/python3.6/site-packages/airflow/example_dags/example_latest_only.py
[2023-02-23 19:46:35,596] {scheduler_job.py:633} INFO - Processing file /home/airflow/.local/lib/python3.6/site-packages/airflow/example_dags/example_latest_only.py for tasks to queue
[2023-02-23 19:46:35,597] {logging_mixin.py:104} INFO - [2023-02-23 19:46:35,597] {dagbag.py:496} INFO - Filling up the DagBag from /home/airflow/.local/lib/python3.6/site-packages/airflow/example_dags/example_latest_only.py
[2023-02-23 19:46:35,607] {scheduler_job.py:643} INFO - DAG(s) dict_keys(['latest_only']) retrieved from /home/airflow/.local/lib/python3.6/site-packages/airflow/example_dags/example_latest_only.py
[2023-02-23 19:46:35,627] {logging_mixin.py:104} INFO - [2023-02-23 19:46:35,627] {dag.py:1833} INFO - Sync 1 DAGs
[2023-02-23 19:46:35,669] {logging_mixin.py:104} INFO - [2023-02-23 19:46:35,669] {dag.py:2306} INFO - Setting next_dagrun for latest_only to 2023-02-21 00:00:00+00:00
[2023-02-23 19:46:35,678] {scheduler_job.py:190} INFO - Processing /home/airflow/.local/lib/python3.6/site-packages/airflow/example_dags/example_latest_only.py took 0.085 seconds
[2023-02-23 19:47:06,478] {scheduler_job.py:182} INFO - Started process (PID=521) to work on /home/airflow/.local/lib/python3.6/site-packages/airflow/example_dags/example_latest_only.py
[2023-02-23 19:47:06,479] {scheduler_job.py:633} INFO - Processing file /home/airflow/.local/lib/python3.6/site-packages/airflow/example_dags/example_latest_only.py for tasks to queue
[2023-02-23 19:47:06,479] {logging_mixin.py:104} INFO - [2023-02-23 19:47:06,479] {dagbag.py:496} INFO - Filling up the DagBag from /home/airflow/.local/lib/python3.6/site-packages/airflow/example_dags/example_latest_only.py
[2023-02-23 19:47:06,489] {scheduler_job.py:643} INFO - DAG(s) dict_keys(['latest_only']) retrieved from /home/airflow/.local/lib/python3.6/site-packages/airflow/example_dags/example_latest_only.py
[2023-02-23 19:47:06,507] {logging_mixin.py:104} INFO - [2023-02-23 19:47:06,507] {dag.py:1833} INFO - Sync 1 DAGs
[2023-02-23 19:47:06,520] {logging_mixin.py:104} INFO - [2023-02-23 19:47:06,520] {dag.py:2306} INFO - Setting next_dagrun for latest_only to 2023-02-21 00:00:00+00:00
[2023-02-23 19:47:06,528] {scheduler_job.py:190} INFO - Processing /home/airflow/.local/lib/python3.6/site-packages/airflow/example_dags/example_latest_only.py took 0.053 seconds
[2023-02-23 19:47:37,025] {scheduler_job.py:182} INFO - Started process (PID=582) to work on /home/airflow/.local/lib/python3.6/site-packages/airflow/example_dags/example_latest_only.py
[2023-02-23 19:47:37,026] {scheduler_job.py:633} INFO - Processing file /home/airflow/.local/lib/python3.6/site-packages/airflow/example_dags/example_latest_only.py for tasks to queue
[2023-02-23 19:47:37,026] {logging_mixin.py:104} INFO - [2023-02-23 19:47:37,026] {dagbag.py:496} INFO - Filling up the DagBag from /home/airflow/.local/lib/python3.6/site-packages/airflow/example_dags/example_latest_only.py
[2023-02-23 19:47:37,035] {scheduler_job.py:643} INFO - DAG(s) dict_keys(['latest_only']) retrieved from /home/airflow/.local/lib/python3.6/site-packages/airflow/example_dags/example_latest_only.py
[2023-02-23 19:47:37,053] {logging_mixin.py:104} INFO - [2023-02-23 19:47:37,053] {dag.py:1833} INFO - Sync 1 DAGs
[2023-02-23 19:47:37,066] {logging_mixin.py:104} INFO - [2023-02-23 19:47:37,066] {dag.py:2306} INFO - Setting next_dagrun for latest_only to 2023-02-21 00:00:00+00:00
[2023-02-23 19:47:37,073] {scheduler_job.py:190} INFO - Processing /home/airflow/.local/lib/python3.6/site-packages/airflow/example_dags/example_latest_only.py took 0.050 seconds
[2023-02-23 19:48:07,714] {scheduler_job.py:182} INFO - Started process (PID=643) to work on /home/airflow/.local/lib/python3.6/site-packages/airflow/example_dags/example_latest_only.py
[2023-02-23 19:48:07,714] {scheduler_job.py:633} INFO - Processing file /home/airflow/.local/lib/python3.6/site-packages/airflow/example_dags/example_latest_only.py for tasks to queue
[2023-02-23 19:48:07,715] {logging_mixin.py:104} INFO - [2023-02-23 19:48:07,715] {dagbag.py:496} INFO - Filling up the DagBag from /home/airflow/.local/lib/python3.6/site-packages/airflow/example_dags/example_latest_only.py
[2023-02-23 19:48:07,724] {scheduler_job.py:643} INFO - DAG(s) dict_keys(['latest_only']) retrieved from /home/airflow/.local/lib/python3.6/site-packages/airflow/example_dags/example_latest_only.py
[2023-02-23 19:48:07,741] {logging_mixin.py:104} INFO - [2023-02-23 19:48:07,741] {dag.py:1833} INFO - Sync 1 DAGs
[2023-02-23 19:48:07,754] {logging_mixin.py:104} INFO - [2023-02-23 19:48:07,753] {dag.py:2306} INFO - Setting next_dagrun for latest_only to 2023-02-21 00:00:00+00:00
[2023-02-23 19:48:07,761] {scheduler_job.py:190} INFO - Processing /home/airflow/.local/lib/python3.6/site-packages/airflow/example_dags/example_latest_only.py took 0.050 seconds
[2023-02-23 19:48:38,305] {scheduler_job.py:182} INFO - Started process (PID=694) to work on /home/airflow/.local/lib/python3.6/site-packages/airflow/example_dags/example_latest_only.py
[2023-02-23 19:48:38,306] {scheduler_job.py:633} INFO - Processing file /home/airflow/.local/lib/python3.6/site-packages/airflow/example_dags/example_latest_only.py for tasks to queue
[2023-02-23 19:48:38,307] {logging_mixin.py:104} INFO - [2023-02-23 19:48:38,307] {dagbag.py:496} INFO - Filling up the DagBag from /home/airflow/.local/lib/python3.6/site-packages/airflow/example_dags/example_latest_only.py
[2023-02-23 19:48:38,316] {scheduler_job.py:643} INFO - DAG(s) dict_keys(['latest_only']) retrieved from /home/airflow/.local/lib/python3.6/site-packages/airflow/example_dags/example_latest_only.py
[2023-02-23 19:48:38,333] {logging_mixin.py:104} INFO - [2023-02-23 19:48:38,333] {dag.py:1833} INFO - Sync 1 DAGs
[2023-02-23 19:48:38,369] {logging_mixin.py:104} INFO - [2023-02-23 19:48:38,368] {dag.py:2306} INFO - Setting next_dagrun for latest_only to 2023-02-21 00:00:00+00:00
[2023-02-23 19:48:38,377] {scheduler_job.py:190} INFO - Processing /home/airflow/.local/lib/python3.6/site-packages/airflow/example_dags/example_latest_only.py took 0.074 seconds
[2023-02-23 19:49:08,867] {scheduler_job.py:182} INFO - Started process (PID=755) to work on /home/airflow/.local/lib/python3.6/site-packages/airflow/example_dags/example_latest_only.py
[2023-02-23 19:49:08,868] {scheduler_job.py:633} INFO - Processing file /home/airflow/.local/lib/python3.6/site-packages/airflow/example_dags/example_latest_only.py for tasks to queue
[2023-02-23 19:49:08,868] {logging_mixin.py:104} INFO - [2023-02-23 19:49:08,868] {dagbag.py:496} INFO - Filling up the DagBag from /home/airflow/.local/lib/python3.6/site-packages/airflow/example_dags/example_latest_only.py
[2023-02-23 19:49:08,879] {scheduler_job.py:643} INFO - DAG(s) dict_keys(['latest_only']) retrieved from /home/airflow/.local/lib/python3.6/site-packages/airflow/example_dags/example_latest_only.py
[2023-02-23 19:49:08,897] {logging_mixin.py:104} INFO - [2023-02-23 19:49:08,897] {dag.py:1833} INFO - Sync 1 DAGs
[2023-02-23 19:49:08,913] {logging_mixin.py:104} INFO - [2023-02-23 19:49:08,913] {dag.py:2306} INFO - Setting next_dagrun for latest_only to 2023-02-21 00:00:00+00:00
[2023-02-23 19:49:08,921] {scheduler_job.py:190} INFO - Processing /home/airflow/.local/lib/python3.6/site-packages/airflow/example_dags/example_latest_only.py took 0.056 seconds
[2023-02-23 19:49:39,888] {scheduler_job.py:182} INFO - Started process (PID=806) to work on /home/airflow/.local/lib/python3.6/site-packages/airflow/example_dags/example_latest_only.py
[2023-02-23 19:49:39,889] {scheduler_job.py:633} INFO - Processing file /home/airflow/.local/lib/python3.6/site-packages/airflow/example_dags/example_latest_only.py for tasks to queue
[2023-02-23 19:49:39,889] {logging_mixin.py:104} INFO - [2023-02-23 19:49:39,889] {dagbag.py:496} INFO - Filling up the DagBag from /home/airflow/.local/lib/python3.6/site-packages/airflow/example_dags/example_latest_only.py
[2023-02-23 19:49:39,899] {scheduler_job.py:643} INFO - DAG(s) dict_keys(['latest_only']) retrieved from /home/airflow/.local/lib/python3.6/site-packages/airflow/example_dags/example_latest_only.py
[2023-02-23 19:49:39,986] {logging_mixin.py:104} INFO - [2023-02-23 19:49:39,986] {dag.py:1833} INFO - Sync 1 DAGs
[2023-02-23 19:49:40,070] {logging_mixin.py:104} INFO - [2023-02-23 19:49:40,070] {dag.py:2306} INFO - Setting next_dagrun for latest_only to 2023-02-21 00:00:00+00:00
[2023-02-23 19:49:40,082] {scheduler_job.py:190} INFO - Processing /home/airflow/.local/lib/python3.6/site-packages/airflow/example_dags/example_latest_only.py took 0.197 seconds
[2023-02-23 19:50:10,294] {scheduler_job.py:182} INFO - Started process (PID=867) to work on /home/airflow/.local/lib/python3.6/site-packages/airflow/example_dags/example_latest_only.py
[2023-02-23 19:50:10,295] {scheduler_job.py:633} INFO - Processing file /home/airflow/.local/lib/python3.6/site-packages/airflow/example_dags/example_latest_only.py for tasks to queue
[2023-02-23 19:50:10,296] {logging_mixin.py:104} INFO - [2023-02-23 19:50:10,295] {dagbag.py:496} INFO - Filling up the DagBag from /home/airflow/.local/lib/python3.6/site-packages/airflow/example_dags/example_latest_only.py
[2023-02-23 19:50:10,304] {scheduler_job.py:643} INFO - DAG(s) dict_keys(['latest_only']) retrieved from /home/airflow/.local/lib/python3.6/site-packages/airflow/example_dags/example_latest_only.py
[2023-02-23 19:50:10,322] {logging_mixin.py:104} INFO - [2023-02-23 19:50:10,322] {dag.py:1833} INFO - Sync 1 DAGs
[2023-02-23 19:50:10,336] {logging_mixin.py:104} INFO - [2023-02-23 19:50:10,336] {dag.py:2306} INFO - Setting next_dagrun for latest_only to 2023-02-21 00:00:00+00:00
[2023-02-23 19:50:10,345] {scheduler_job.py:190} INFO - Processing /home/airflow/.local/lib/python3.6/site-packages/airflow/example_dags/example_latest_only.py took 0.053 seconds
[2023-02-23 19:50:41,888] {scheduler_job.py:182} INFO - Started process (PID=918) to work on /home/airflow/.local/lib/python3.6/site-packages/airflow/example_dags/example_latest_only.py
[2023-02-23 19:50:41,889] {scheduler_job.py:633} INFO - Processing file /home/airflow/.local/lib/python3.6/site-packages/airflow/example_dags/example_latest_only.py for tasks to queue
[2023-02-23 19:50:41,889] {logging_mixin.py:104} INFO - [2023-02-23 19:50:41,889] {dagbag.py:496} INFO - Filling up the DagBag from /home/airflow/.local/lib/python3.6/site-packages/airflow/example_dags/example_latest_only.py
[2023-02-23 19:50:41,898] {scheduler_job.py:643} INFO - DAG(s) dict_keys(['latest_only']) retrieved from /home/airflow/.local/lib/python3.6/site-packages/airflow/example_dags/example_latest_only.py
[2023-02-23 19:50:41,991] {logging_mixin.py:104} INFO - [2023-02-23 19:50:41,991] {dag.py:1833} INFO - Sync 1 DAGs
[2023-02-23 19:50:42,083] {logging_mixin.py:104} INFO - [2023-02-23 19:50:42,083] {dag.py:2306} INFO - Setting next_dagrun for latest_only to 2023-02-21 00:00:00+00:00
[2023-02-23 19:50:42,171] {scheduler_job.py:190} INFO - Processing /home/airflow/.local/lib/python3.6/site-packages/airflow/example_dags/example_latest_only.py took 0.286 seconds
[2023-02-23 19:51:13,103] {scheduler_job.py:182} INFO - Started process (PID=979) to work on /home/airflow/.local/lib/python3.6/site-packages/airflow/example_dags/example_latest_only.py
[2023-02-23 19:51:13,104] {scheduler_job.py:633} INFO - Processing file /home/airflow/.local/lib/python3.6/site-packages/airflow/example_dags/example_latest_only.py for tasks to queue
[2023-02-23 19:51:13,104] {logging_mixin.py:104} INFO - [2023-02-23 19:51:13,104] {dagbag.py:496} INFO - Filling up the DagBag from /home/airflow/.local/lib/python3.6/site-packages/airflow/example_dags/example_latest_only.py
[2023-02-23 19:51:13,112] {scheduler_job.py:643} INFO - DAG(s) dict_keys(['latest_only']) retrieved from /home/airflow/.local/lib/python3.6/site-packages/airflow/example_dags/example_latest_only.py
[2023-02-23 19:51:13,130] {logging_mixin.py:104} INFO - [2023-02-23 19:51:13,129] {dag.py:1833} INFO - Sync 1 DAGs
[2023-02-23 19:51:13,141] {logging_mixin.py:104} INFO - [2023-02-23 19:51:13,141] {dag.py:2306} INFO - Setting next_dagrun for latest_only to 2023-02-21 00:00:00+00:00
[2023-02-23 19:51:13,149] {scheduler_job.py:190} INFO - Processing /home/airflow/.local/lib/python3.6/site-packages/airflow/example_dags/example_latest_only.py took 0.048 seconds
[2023-02-23 19:51:43,629] {scheduler_job.py:182} INFO - Started process (PID=1030) to work on /home/airflow/.local/lib/python3.6/site-packages/airflow/example_dags/example_latest_only.py
[2023-02-23 19:51:43,629] {scheduler_job.py:633} INFO - Processing file /home/airflow/.local/lib/python3.6/site-packages/airflow/example_dags/example_latest_only.py for tasks to queue
[2023-02-23 19:51:43,630] {logging_mixin.py:104} INFO - [2023-02-23 19:51:43,630] {dagbag.py:496} INFO - Filling up the DagBag from /home/airflow/.local/lib/python3.6/site-packages/airflow/example_dags/example_latest_only.py
[2023-02-23 19:51:43,638] {scheduler_job.py:643} INFO - DAG(s) dict_keys(['latest_only']) retrieved from /home/airflow/.local/lib/python3.6/site-packages/airflow/example_dags/example_latest_only.py
[2023-02-23 19:51:43,654] {logging_mixin.py:104} INFO - [2023-02-23 19:51:43,654] {dag.py:1833} INFO - Sync 1 DAGs
[2023-02-23 19:51:43,665] {logging_mixin.py:104} INFO - [2023-02-23 19:51:43,665] {dag.py:2306} INFO - Setting next_dagrun for latest_only to 2023-02-21 00:00:00+00:00
[2023-02-23 19:51:43,674] {scheduler_job.py:190} INFO - Processing /home/airflow/.local/lib/python3.6/site-packages/airflow/example_dags/example_latest_only.py took 0.048 seconds
[2023-02-23 19:52:14,264] {scheduler_job.py:182} INFO - Started process (PID=1091) to work on /home/airflow/.local/lib/python3.6/site-packages/airflow/example_dags/example_latest_only.py
[2023-02-23 19:52:14,265] {scheduler_job.py:633} INFO - Processing file /home/airflow/.local/lib/python3.6/site-packages/airflow/example_dags/example_latest_only.py for tasks to queue
[2023-02-23 19:52:14,266] {logging_mixin.py:104} INFO - [2023-02-23 19:52:14,266] {dagbag.py:496} INFO - Filling up the DagBag from /home/airflow/.local/lib/python3.6/site-packages/airflow/example_dags/example_latest_only.py
[2023-02-23 19:52:14,275] {scheduler_job.py:643} INFO - DAG(s) dict_keys(['latest_only']) retrieved from /home/airflow/.local/lib/python3.6/site-packages/airflow/example_dags/example_latest_only.py
[2023-02-23 19:52:14,292] {logging_mixin.py:104} INFO - [2023-02-23 19:52:14,292] {dag.py:1833} INFO - Sync 1 DAGs
[2023-02-23 19:52:14,304] {logging_mixin.py:104} INFO - [2023-02-23 19:52:14,304] {dag.py:2306} INFO - Setting next_dagrun for latest_only to 2023-02-21 00:00:00+00:00
[2023-02-23 19:52:14,313] {scheduler_job.py:190} INFO - Processing /home/airflow/.local/lib/python3.6/site-packages/airflow/example_dags/example_latest_only.py took 0.051 seconds
[2023-02-23 19:52:44,698] {scheduler_job.py:182} INFO - Started process (PID=1150) to work on /home/airflow/.local/lib/python3.6/site-packages/airflow/example_dags/example_latest_only.py
[2023-02-23 19:52:44,699] {scheduler_job.py:633} INFO - Processing file /home/airflow/.local/lib/python3.6/site-packages/airflow/example_dags/example_latest_only.py for tasks to queue
[2023-02-23 19:52:44,699] {logging_mixin.py:104} INFO - [2023-02-23 19:52:44,699] {dagbag.py:496} INFO - Filling up the DagBag from /home/airflow/.local/lib/python3.6/site-packages/airflow/example_dags/example_latest_only.py
[2023-02-23 19:52:44,708] {scheduler_job.py:643} INFO - DAG(s) dict_keys(['latest_only']) retrieved from /home/airflow/.local/lib/python3.6/site-packages/airflow/example_dags/example_latest_only.py
[2023-02-23 19:52:44,726] {logging_mixin.py:104} INFO - [2023-02-23 19:52:44,726] {dag.py:1833} INFO - Sync 1 DAGs
[2023-02-23 19:52:44,740] {logging_mixin.py:104} INFO - [2023-02-23 19:52:44,740] {dag.py:2306} INFO - Setting next_dagrun for latest_only to 2023-02-21 00:00:00+00:00
[2023-02-23 19:52:44,787] {scheduler_job.py:190} INFO - Processing /home/airflow/.local/lib/python3.6/site-packages/airflow/example_dags/example_latest_only.py took 0.091 seconds
[2023-02-23 19:53:15,530] {scheduler_job.py:182} INFO - Started process (PID=1202) to work on /home/airflow/.local/lib/python3.6/site-packages/airflow/example_dags/example_latest_only.py
[2023-02-23 19:53:15,531] {scheduler_job.py:633} INFO - Processing file /home/airflow/.local/lib/python3.6/site-packages/airflow/example_dags/example_latest_only.py for tasks to queue
[2023-02-23 19:53:15,531] {logging_mixin.py:104} INFO - [2023-02-23 19:53:15,531] {dagbag.py:496} INFO - Filling up the DagBag from /home/airflow/.local/lib/python3.6/site-packages/airflow/example_dags/example_latest_only.py
[2023-02-23 19:53:15,541] {scheduler_job.py:643} INFO - DAG(s) dict_keys(['latest_only']) retrieved from /home/airflow/.local/lib/python3.6/site-packages/airflow/example_dags/example_latest_only.py
[2023-02-23 19:53:15,580] {logging_mixin.py:104} INFO - [2023-02-23 19:53:15,580] {dag.py:1833} INFO - Sync 1 DAGs
[2023-02-23 19:53:15,595] {logging_mixin.py:104} INFO - [2023-02-23 19:53:15,595] {dag.py:2306} INFO - Setting next_dagrun for latest_only to 2023-02-21 00:00:00+00:00
[2023-02-23 19:53:15,604] {scheduler_job.py:190} INFO - Processing /home/airflow/.local/lib/python3.6/site-packages/airflow/example_dags/example_latest_only.py took 0.076 seconds
[2023-02-23 19:53:46,338] {scheduler_job.py:182} INFO - Started process (PID=1262) to work on /home/airflow/.local/lib/python3.6/site-packages/airflow/example_dags/example_latest_only.py
[2023-02-23 19:53:46,339] {scheduler_job.py:633} INFO - Processing file /home/airflow/.local/lib/python3.6/site-packages/airflow/example_dags/example_latest_only.py for tasks to queue
[2023-02-23 19:53:46,340] {logging_mixin.py:104} INFO - [2023-02-23 19:53:46,340] {dagbag.py:496} INFO - Filling up the DagBag from /home/airflow/.local/lib/python3.6/site-packages/airflow/example_dags/example_latest_only.py
[2023-02-23 19:53:46,350] {scheduler_job.py:643} INFO - DAG(s) dict_keys(['latest_only']) retrieved from /home/airflow/.local/lib/python3.6/site-packages/airflow/example_dags/example_latest_only.py
[2023-02-23 19:53:46,371] {logging_mixin.py:104} INFO - [2023-02-23 19:53:46,371] {dag.py:1833} INFO - Sync 1 DAGs
[2023-02-23 19:53:46,387] {logging_mixin.py:104} INFO - [2023-02-23 19:53:46,387] {dag.py:2306} INFO - Setting next_dagrun for latest_only to 2023-02-21 00:00:00+00:00
[2023-02-23 19:53:46,396] {scheduler_job.py:190} INFO - Processing /home/airflow/.local/lib/python3.6/site-packages/airflow/example_dags/example_latest_only.py took 0.060 seconds
[2023-02-23 19:54:16,913] {scheduler_job.py:182} INFO - Started process (PID=1314) to work on /home/airflow/.local/lib/python3.6/site-packages/airflow/example_dags/example_latest_only.py
[2023-02-23 19:54:16,913] {scheduler_job.py:633} INFO - Processing file /home/airflow/.local/lib/python3.6/site-packages/airflow/example_dags/example_latest_only.py for tasks to queue
[2023-02-23 19:54:16,914] {logging_mixin.py:104} INFO - [2023-02-23 19:54:16,914] {dagbag.py:496} INFO - Filling up the DagBag from /home/airflow/.local/lib/python3.6/site-packages/airflow/example_dags/example_latest_only.py
[2023-02-23 19:54:16,924] {scheduler_job.py:643} INFO - DAG(s) dict_keys(['latest_only']) retrieved from /home/airflow/.local/lib/python3.6/site-packages/airflow/example_dags/example_latest_only.py
[2023-02-23 19:54:16,939] {logging_mixin.py:104} INFO - [2023-02-23 19:54:16,939] {dag.py:1833} INFO - Sync 1 DAGs
[2023-02-23 19:54:16,951] {logging_mixin.py:104} INFO - [2023-02-23 19:54:16,951] {dag.py:2306} INFO - Setting next_dagrun for latest_only to 2023-02-21 00:00:00+00:00
[2023-02-23 19:54:16,958] {scheduler_job.py:190} INFO - Processing /home/airflow/.local/lib/python3.6/site-packages/airflow/example_dags/example_latest_only.py took 0.048 seconds
[2023-02-23 19:54:47,501] {scheduler_job.py:182} INFO - Started process (PID=1375) to work on /home/airflow/.local/lib/python3.6/site-packages/airflow/example_dags/example_latest_only.py
[2023-02-23 19:54:47,502] {scheduler_job.py:633} INFO - Processing file /home/airflow/.local/lib/python3.6/site-packages/airflow/example_dags/example_latest_only.py for tasks to queue
[2023-02-23 19:54:47,502] {logging_mixin.py:104} INFO - [2023-02-23 19:54:47,502] {dagbag.py:496} INFO - Filling up the DagBag from /home/airflow/.local/lib/python3.6/site-packages/airflow/example_dags/example_latest_only.py
[2023-02-23 19:54:47,511] {scheduler_job.py:643} INFO - DAG(s) dict_keys(['latest_only']) retrieved from /home/airflow/.local/lib/python3.6/site-packages/airflow/example_dags/example_latest_only.py
[2023-02-23 19:54:47,527] {logging_mixin.py:104} INFO - [2023-02-23 19:54:47,527] {dag.py:1833} INFO - Sync 1 DAGs
[2023-02-23 19:54:47,539] {logging_mixin.py:104} INFO - [2023-02-23 19:54:47,539] {dag.py:2306} INFO - Setting next_dagrun for latest_only to 2023-02-21 00:00:00+00:00
[2023-02-23 19:54:47,547] {scheduler_job.py:190} INFO - Processing /home/airflow/.local/lib/python3.6/site-packages/airflow/example_dags/example_latest_only.py took 0.048 seconds
[2023-02-23 19:55:17,895] {scheduler_job.py:182} INFO - Started process (PID=1426) to work on /home/airflow/.local/lib/python3.6/site-packages/airflow/example_dags/example_latest_only.py
[2023-02-23 19:55:17,896] {scheduler_job.py:633} INFO - Processing file /home/airflow/.local/lib/python3.6/site-packages/airflow/example_dags/example_latest_only.py for tasks to queue
[2023-02-23 19:55:17,897] {logging_mixin.py:104} INFO - [2023-02-23 19:55:17,897] {dagbag.py:496} INFO - Filling up the DagBag from /home/airflow/.local/lib/python3.6/site-packages/airflow/example_dags/example_latest_only.py
[2023-02-23 19:55:17,905] {scheduler_job.py:643} INFO - DAG(s) dict_keys(['latest_only']) retrieved from /home/airflow/.local/lib/python3.6/site-packages/airflow/example_dags/example_latest_only.py
[2023-02-23 19:55:17,923] {logging_mixin.py:104} INFO - [2023-02-23 19:55:17,923] {dag.py:1833} INFO - Sync 1 DAGs
[2023-02-23 19:55:17,935] {logging_mixin.py:104} INFO - [2023-02-23 19:55:17,935] {dag.py:2306} INFO - Setting next_dagrun for latest_only to 2023-02-21 00:00:00+00:00
[2023-02-23 19:55:17,942] {scheduler_job.py:190} INFO - Processing /home/airflow/.local/lib/python3.6/site-packages/airflow/example_dags/example_latest_only.py took 0.049 seconds
[2023-02-23 19:55:48,845] {scheduler_job.py:182} INFO - Started process (PID=1487) to work on /home/airflow/.local/lib/python3.6/site-packages/airflow/example_dags/example_latest_only.py
[2023-02-23 19:55:48,845] {scheduler_job.py:633} INFO - Processing file /home/airflow/.local/lib/python3.6/site-packages/airflow/example_dags/example_latest_only.py for tasks to queue
[2023-02-23 19:55:48,846] {logging_mixin.py:104} INFO - [2023-02-23 19:55:48,846] {dagbag.py:496} INFO - Filling up the DagBag from /home/airflow/.local/lib/python3.6/site-packages/airflow/example_dags/example_latest_only.py
[2023-02-23 19:55:48,857] {scheduler_job.py:643} INFO - DAG(s) dict_keys(['latest_only']) retrieved from /home/airflow/.local/lib/python3.6/site-packages/airflow/example_dags/example_latest_only.py
[2023-02-23 19:55:48,877] {logging_mixin.py:104} INFO - [2023-02-23 19:55:48,877] {dag.py:1833} INFO - Sync 1 DAGs
[2023-02-23 19:55:48,890] {logging_mixin.py:104} INFO - [2023-02-23 19:55:48,890] {dag.py:2306} INFO - Setting next_dagrun for latest_only to 2023-02-21 00:00:00+00:00
[2023-02-23 19:55:48,898] {scheduler_job.py:190} INFO - Processing /home/airflow/.local/lib/python3.6/site-packages/airflow/example_dags/example_latest_only.py took 0.056 seconds
[2023-02-23 19:56:19,597] {scheduler_job.py:182} INFO - Started process (PID=1539) to work on /home/airflow/.local/lib/python3.6/site-packages/airflow/example_dags/example_latest_only.py
[2023-02-23 19:56:19,598] {scheduler_job.py:633} INFO - Processing file /home/airflow/.local/lib/python3.6/site-packages/airflow/example_dags/example_latest_only.py for tasks to queue
[2023-02-23 19:56:19,599] {logging_mixin.py:104} INFO - [2023-02-23 19:56:19,599] {dagbag.py:496} INFO - Filling up the DagBag from /home/airflow/.local/lib/python3.6/site-packages/airflow/example_dags/example_latest_only.py
[2023-02-23 19:56:19,610] {scheduler_job.py:643} INFO - DAG(s) dict_keys(['latest_only']) retrieved from /home/airflow/.local/lib/python3.6/site-packages/airflow/example_dags/example_latest_only.py
[2023-02-23 19:56:19,630] {logging_mixin.py:104} INFO - [2023-02-23 19:56:19,630] {dag.py:1833} INFO - Sync 1 DAGs
[2023-02-23 19:56:19,643] {logging_mixin.py:104} INFO - [2023-02-23 19:56:19,642] {dag.py:2306} INFO - Setting next_dagrun for latest_only to 2023-02-21 00:00:00+00:00
[2023-02-23 19:56:19,653] {scheduler_job.py:190} INFO - Processing /home/airflow/.local/lib/python3.6/site-packages/airflow/example_dags/example_latest_only.py took 0.059 seconds
[2023-02-23 19:56:49,685] {scheduler_job.py:182} INFO - Started process (PID=1600) to work on /home/airflow/.local/lib/python3.6/site-packages/airflow/example_dags/example_latest_only.py
[2023-02-23 19:56:49,686] {scheduler_job.py:633} INFO - Processing file /home/airflow/.local/lib/python3.6/site-packages/airflow/example_dags/example_latest_only.py for tasks to queue
[2023-02-23 19:56:49,686] {logging_mixin.py:104} INFO - [2023-02-23 19:56:49,686] {dagbag.py:496} INFO - Filling up the DagBag from /home/airflow/.local/lib/python3.6/site-packages/airflow/example_dags/example_latest_only.py
[2023-02-23 19:56:49,695] {scheduler_job.py:643} INFO - DAG(s) dict_keys(['latest_only']) retrieved from /home/airflow/.local/lib/python3.6/site-packages/airflow/example_dags/example_latest_only.py
[2023-02-23 19:56:49,712] {logging_mixin.py:104} INFO - [2023-02-23 19:56:49,712] {dag.py:1833} INFO - Sync 1 DAGs
[2023-02-23 19:56:49,725] {logging_mixin.py:104} INFO - [2023-02-23 19:56:49,725] {dag.py:2306} INFO - Setting next_dagrun for latest_only to 2023-02-21 00:00:00+00:00
[2023-02-23 19:56:49,733] {scheduler_job.py:190} INFO - Processing /home/airflow/.local/lib/python3.6/site-packages/airflow/example_dags/example_latest_only.py took 0.050 seconds
[2023-02-23 19:57:20,349] {scheduler_job.py:182} INFO - Started process (PID=1651) to work on /home/airflow/.local/lib/python3.6/site-packages/airflow/example_dags/example_latest_only.py
[2023-02-23 19:57:20,349] {scheduler_job.py:633} INFO - Processing file /home/airflow/.local/lib/python3.6/site-packages/airflow/example_dags/example_latest_only.py for tasks to queue
[2023-02-23 19:57:20,350] {logging_mixin.py:104} INFO - [2023-02-23 19:57:20,349] {dagbag.py:496} INFO - Filling up the DagBag from /home/airflow/.local/lib/python3.6/site-packages/airflow/example_dags/example_latest_only.py
[2023-02-23 19:57:20,358] {scheduler_job.py:643} INFO - DAG(s) dict_keys(['latest_only']) retrieved from /home/airflow/.local/lib/python3.6/site-packages/airflow/example_dags/example_latest_only.py
[2023-02-23 19:57:20,376] {logging_mixin.py:104} INFO - [2023-02-23 19:57:20,376] {dag.py:1833} INFO - Sync 1 DAGs
[2023-02-23 19:57:20,389] {logging_mixin.py:104} INFO - [2023-02-23 19:57:20,389] {dag.py:2306} INFO - Setting next_dagrun for latest_only to 2023-02-21 00:00:00+00:00
[2023-02-23 19:57:20,396] {scheduler_job.py:190} INFO - Processing /home/airflow/.local/lib/python3.6/site-packages/airflow/example_dags/example_latest_only.py took 0.050 seconds
[2023-02-23 19:57:51,043] {scheduler_job.py:182} INFO - Started process (PID=1712) to work on /home/airflow/.local/lib/python3.6/site-packages/airflow/example_dags/example_latest_only.py
[2023-02-23 19:57:51,044] {scheduler_job.py:633} INFO - Processing file /home/airflow/.local/lib/python3.6/site-packages/airflow/example_dags/example_latest_only.py for tasks to queue
[2023-02-23 19:57:51,044] {logging_mixin.py:104} INFO - [2023-02-23 19:57:51,044] {dagbag.py:496} INFO - Filling up the DagBag from /home/airflow/.local/lib/python3.6/site-packages/airflow/example_dags/example_latest_only.py
[2023-02-23 19:57:51,053] {scheduler_job.py:643} INFO - DAG(s) dict_keys(['latest_only']) retrieved from /home/airflow/.local/lib/python3.6/site-packages/airflow/example_dags/example_latest_only.py
[2023-02-23 19:57:51,069] {logging_mixin.py:104} INFO - [2023-02-23 19:57:51,069] {dag.py:1833} INFO - Sync 1 DAGs
[2023-02-23 19:57:51,081] {logging_mixin.py:104} INFO - [2023-02-23 19:57:51,081] {dag.py:2306} INFO - Setting next_dagrun for latest_only to 2023-02-21 00:00:00+00:00
[2023-02-23 19:57:51,088] {scheduler_job.py:190} INFO - Processing /home/airflow/.local/lib/python3.6/site-packages/airflow/example_dags/example_latest_only.py took 0.047 seconds
[2023-02-23 19:58:21,651] {scheduler_job.py:182} INFO - Started process (PID=1773) to work on /home/airflow/.local/lib/python3.6/site-packages/airflow/example_dags/example_latest_only.py
[2023-02-23 19:58:21,652] {scheduler_job.py:633} INFO - Processing file /home/airflow/.local/lib/python3.6/site-packages/airflow/example_dags/example_latest_only.py for tasks to queue
[2023-02-23 19:58:21,652] {logging_mixin.py:104} INFO - [2023-02-23 19:58:21,652] {dagbag.py:496} INFO - Filling up the DagBag from /home/airflow/.local/lib/python3.6/site-packages/airflow/example_dags/example_latest_only.py
[2023-02-23 19:58:21,662] {scheduler_job.py:643} INFO - DAG(s) dict_keys(['latest_only']) retrieved from /home/airflow/.local/lib/python3.6/site-packages/airflow/example_dags/example_latest_only.py
[2023-02-23 19:58:21,677] {logging_mixin.py:104} INFO - [2023-02-23 19:58:21,677] {dag.py:1833} INFO - Sync 1 DAGs
[2023-02-23 19:58:21,688] {logging_mixin.py:104} INFO - [2023-02-23 19:58:21,688] {dag.py:2306} INFO - Setting next_dagrun for latest_only to 2023-02-21 00:00:00+00:00
[2023-02-23 19:58:21,696] {scheduler_job.py:190} INFO - Processing /home/airflow/.local/lib/python3.6/site-packages/airflow/example_dags/example_latest_only.py took 0.047 seconds
[2023-02-23 19:58:52,290] {scheduler_job.py:182} INFO - Started process (PID=1824) to work on /home/airflow/.local/lib/python3.6/site-packages/airflow/example_dags/example_latest_only.py
[2023-02-23 19:58:52,291] {scheduler_job.py:633} INFO - Processing file /home/airflow/.local/lib/python3.6/site-packages/airflow/example_dags/example_latest_only.py for tasks to queue
[2023-02-23 19:58:52,292] {logging_mixin.py:104} INFO - [2023-02-23 19:58:52,291] {dagbag.py:496} INFO - Filling up the DagBag from /home/airflow/.local/lib/python3.6/site-packages/airflow/example_dags/example_latest_only.py
[2023-02-23 19:58:52,302] {scheduler_job.py:643} INFO - DAG(s) dict_keys(['latest_only']) retrieved from /home/airflow/.local/lib/python3.6/site-packages/airflow/example_dags/example_latest_only.py
[2023-02-23 19:58:52,319] {logging_mixin.py:104} INFO - [2023-02-23 19:58:52,319] {dag.py:1833} INFO - Sync 1 DAGs
[2023-02-23 19:58:52,331] {logging_mixin.py:104} INFO - [2023-02-23 19:58:52,331] {dag.py:2306} INFO - Setting next_dagrun for latest_only to 2023-02-21 00:00:00+00:00
[2023-02-23 19:58:52,339] {scheduler_job.py:190} INFO - Processing /home/airflow/.local/lib/python3.6/site-packages/airflow/example_dags/example_latest_only.py took 0.050 seconds
[2023-02-23 19:59:22,933] {scheduler_job.py:182} INFO - Started process (PID=1885) to work on /home/airflow/.local/lib/python3.6/site-packages/airflow/example_dags/example_latest_only.py
[2023-02-23 19:59:22,934] {scheduler_job.py:633} INFO - Processing file /home/airflow/.local/lib/python3.6/site-packages/airflow/example_dags/example_latest_only.py for tasks to queue
[2023-02-23 19:59:22,934] {logging_mixin.py:104} INFO - [2023-02-23 19:59:22,934] {dagbag.py:496} INFO - Filling up the DagBag from /home/airflow/.local/lib/python3.6/site-packages/airflow/example_dags/example_latest_only.py
[2023-02-23 19:59:22,944] {scheduler_job.py:643} INFO - DAG(s) dict_keys(['latest_only']) retrieved from /home/airflow/.local/lib/python3.6/site-packages/airflow/example_dags/example_latest_only.py
[2023-02-23 19:59:22,960] {logging_mixin.py:104} INFO - [2023-02-23 19:59:22,960] {dag.py:1833} INFO - Sync 1 DAGs
[2023-02-23 19:59:22,973] {logging_mixin.py:104} INFO - [2023-02-23 19:59:22,973] {dag.py:2306} INFO - Setting next_dagrun for latest_only to 2023-02-21 00:00:00+00:00
[2023-02-23 19:59:22,981] {scheduler_job.py:190} INFO - Processing /home/airflow/.local/lib/python3.6/site-packages/airflow/example_dags/example_latest_only.py took 0.051 seconds
[2023-02-23 19:59:53,645] {scheduler_job.py:182} INFO - Started process (PID=1936) to work on /home/airflow/.local/lib/python3.6/site-packages/airflow/example_dags/example_latest_only.py
[2023-02-23 19:59:53,646] {scheduler_job.py:633} INFO - Processing file /home/airflow/.local/lib/python3.6/site-packages/airflow/example_dags/example_latest_only.py for tasks to queue
[2023-02-23 19:59:53,646] {logging_mixin.py:104} INFO - [2023-02-23 19:59:53,646] {dagbag.py:496} INFO - Filling up the DagBag from /home/airflow/.local/lib/python3.6/site-packages/airflow/example_dags/example_latest_only.py
[2023-02-23 19:59:53,656] {scheduler_job.py:643} INFO - DAG(s) dict_keys(['latest_only']) retrieved from /home/airflow/.local/lib/python3.6/site-packages/airflow/example_dags/example_latest_only.py
[2023-02-23 19:59:53,673] {logging_mixin.py:104} INFO - [2023-02-23 19:59:53,672] {dag.py:1833} INFO - Sync 1 DAGs
[2023-02-23 19:59:53,689] {logging_mixin.py:104} INFO - [2023-02-23 19:59:53,689] {dag.py:2306} INFO - Setting next_dagrun for latest_only to 2023-02-21 00:00:00+00:00
[2023-02-23 19:59:53,700] {scheduler_job.py:190} INFO - Processing /home/airflow/.local/lib/python3.6/site-packages/airflow/example_dags/example_latest_only.py took 0.057 seconds
[2023-02-23 20:00:24,419] {scheduler_job.py:182} INFO - Started process (PID=1997) to work on /home/airflow/.local/lib/python3.6/site-packages/airflow/example_dags/example_latest_only.py
[2023-02-23 20:00:24,422] {scheduler_job.py:633} INFO - Processing file /home/airflow/.local/lib/python3.6/site-packages/airflow/example_dags/example_latest_only.py for tasks to queue
[2023-02-23 20:00:24,422] {logging_mixin.py:104} INFO - [2023-02-23 20:00:24,422] {dagbag.py:496} INFO - Filling up the DagBag from /home/airflow/.local/lib/python3.6/site-packages/airflow/example_dags/example_latest_only.py
[2023-02-23 20:00:24,431] {scheduler_job.py:643} INFO - DAG(s) dict_keys(['latest_only']) retrieved from /home/airflow/.local/lib/python3.6/site-packages/airflow/example_dags/example_latest_only.py
[2023-02-23 20:00:24,448] {logging_mixin.py:104} INFO - [2023-02-23 20:00:24,448] {dag.py:1833} INFO - Sync 1 DAGs
[2023-02-23 20:00:24,462] {logging_mixin.py:104} INFO - [2023-02-23 20:00:24,462] {dag.py:2306} INFO - Setting next_dagrun for latest_only to 2023-02-21 00:00:00+00:00
[2023-02-23 20:00:24,470] {scheduler_job.py:190} INFO - Processing /home/airflow/.local/lib/python3.6/site-packages/airflow/example_dags/example_latest_only.py took 0.053 seconds
[2023-02-23 20:00:55,109] {scheduler_job.py:182} INFO - Started process (PID=2048) to work on /home/airflow/.local/lib/python3.6/site-packages/airflow/example_dags/example_latest_only.py
[2023-02-23 20:00:55,110] {scheduler_job.py:633} INFO - Processing file /home/airflow/.local/lib/python3.6/site-packages/airflow/example_dags/example_latest_only.py for tasks to queue
[2023-02-23 20:00:55,110] {logging_mixin.py:104} INFO - [2023-02-23 20:00:55,110] {dagbag.py:496} INFO - Filling up the DagBag from /home/airflow/.local/lib/python3.6/site-packages/airflow/example_dags/example_latest_only.py
[2023-02-23 20:00:55,119] {scheduler_job.py:643} INFO - DAG(s) dict_keys(['latest_only']) retrieved from /home/airflow/.local/lib/python3.6/site-packages/airflow/example_dags/example_latest_only.py
[2023-02-23 20:00:55,137] {logging_mixin.py:104} INFO - [2023-02-23 20:00:55,137] {dag.py:1833} INFO - Sync 1 DAGs
[2023-02-23 20:00:55,149] {logging_mixin.py:104} INFO - [2023-02-23 20:00:55,149] {dag.py:2306} INFO - Setting next_dagrun for latest_only to 2023-02-21 00:00:00+00:00
[2023-02-23 20:00:55,157] {scheduler_job.py:190} INFO - Processing /home/airflow/.local/lib/python3.6/site-packages/airflow/example_dags/example_latest_only.py took 0.050 seconds
[2023-02-23 20:01:25,741] {scheduler_job.py:182} INFO - Started process (PID=2109) to work on /home/airflow/.local/lib/python3.6/site-packages/airflow/example_dags/example_latest_only.py
[2023-02-23 20:01:25,742] {scheduler_job.py:633} INFO - Processing file /home/airflow/.local/lib/python3.6/site-packages/airflow/example_dags/example_latest_only.py for tasks to queue
[2023-02-23 20:01:25,742] {logging_mixin.py:104} INFO - [2023-02-23 20:01:25,742] {dagbag.py:496} INFO - Filling up the DagBag from /home/airflow/.local/lib/python3.6/site-packages/airflow/example_dags/example_latest_only.py
[2023-02-23 20:01:25,751] {scheduler_job.py:643} INFO - DAG(s) dict_keys(['latest_only']) retrieved from /home/airflow/.local/lib/python3.6/site-packages/airflow/example_dags/example_latest_only.py
[2023-02-23 20:01:25,768] {logging_mixin.py:104} INFO - [2023-02-23 20:01:25,768] {dag.py:1833} INFO - Sync 1 DAGs
[2023-02-23 20:01:25,782] {logging_mixin.py:104} INFO - [2023-02-23 20:01:25,781] {dag.py:2306} INFO - Setting next_dagrun for latest_only to 2023-02-21 00:00:00+00:00
[2023-02-23 20:01:25,789] {scheduler_job.py:190} INFO - Processing /home/airflow/.local/lib/python3.6/site-packages/airflow/example_dags/example_latest_only.py took 0.051 seconds
[2023-02-23 20:01:56,411] {scheduler_job.py:182} INFO - Started process (PID=2160) to work on /home/airflow/.local/lib/python3.6/site-packages/airflow/example_dags/example_latest_only.py
[2023-02-23 20:01:56,411] {scheduler_job.py:633} INFO - Processing file /home/airflow/.local/lib/python3.6/site-packages/airflow/example_dags/example_latest_only.py for tasks to queue
[2023-02-23 20:01:56,412] {logging_mixin.py:104} INFO - [2023-02-23 20:01:56,412] {dagbag.py:496} INFO - Filling up the DagBag from /home/airflow/.local/lib/python3.6/site-packages/airflow/example_dags/example_latest_only.py
[2023-02-23 20:01:56,421] {scheduler_job.py:643} INFO - DAG(s) dict_keys(['latest_only']) retrieved from /home/airflow/.local/lib/python3.6/site-packages/airflow/example_dags/example_latest_only.py
[2023-02-23 20:01:56,454] {logging_mixin.py:104} INFO - [2023-02-23 20:01:56,453] {dag.py:1833} INFO - Sync 1 DAGs
[2023-02-23 20:01:56,467] {logging_mixin.py:104} INFO - [2023-02-23 20:01:56,467] {dag.py:2306} INFO - Setting next_dagrun for latest_only to 2023-02-21 00:00:00+00:00
[2023-02-23 20:01:56,475] {scheduler_job.py:190} INFO - Processing /home/airflow/.local/lib/python3.6/site-packages/airflow/example_dags/example_latest_only.py took 0.066 seconds
[2023-02-23 20:02:27,141] {scheduler_job.py:182} INFO - Started process (PID=2221) to work on /home/airflow/.local/lib/python3.6/site-packages/airflow/example_dags/example_latest_only.py
[2023-02-23 20:02:27,141] {scheduler_job.py:633} INFO - Processing file /home/airflow/.local/lib/python3.6/site-packages/airflow/example_dags/example_latest_only.py for tasks to queue
[2023-02-23 20:02:27,142] {logging_mixin.py:104} INFO - [2023-02-23 20:02:27,142] {dagbag.py:496} INFO - Filling up the DagBag from /home/airflow/.local/lib/python3.6/site-packages/airflow/example_dags/example_latest_only.py
[2023-02-23 20:02:27,150] {scheduler_job.py:643} INFO - DAG(s) dict_keys(['latest_only']) retrieved from /home/airflow/.local/lib/python3.6/site-packages/airflow/example_dags/example_latest_only.py
[2023-02-23 20:02:27,167] {logging_mixin.py:104} INFO - [2023-02-23 20:02:27,166] {dag.py:1833} INFO - Sync 1 DAGs
[2023-02-23 20:02:27,180] {logging_mixin.py:104} INFO - [2023-02-23 20:02:27,180] {dag.py:2306} INFO - Setting next_dagrun for latest_only to 2023-02-21 00:00:00+00:00
[2023-02-23 20:02:27,188] {scheduler_job.py:190} INFO - Processing /home/airflow/.local/lib/python3.6/site-packages/airflow/example_dags/example_latest_only.py took 0.049 seconds
[2023-02-23 20:02:57,819] {scheduler_job.py:182} INFO - Started process (PID=2282) to work on /home/airflow/.local/lib/python3.6/site-packages/airflow/example_dags/example_latest_only.py
[2023-02-23 20:02:57,820] {scheduler_job.py:633} INFO - Processing file /home/airflow/.local/lib/python3.6/site-packages/airflow/example_dags/example_latest_only.py for tasks to queue
[2023-02-23 20:02:57,820] {logging_mixin.py:104} INFO - [2023-02-23 20:02:57,820] {dagbag.py:496} INFO - Filling up the DagBag from /home/airflow/.local/lib/python3.6/site-packages/airflow/example_dags/example_latest_only.py
[2023-02-23 20:02:57,828] {scheduler_job.py:643} INFO - DAG(s) dict_keys(['latest_only']) retrieved from /home/airflow/.local/lib/python3.6/site-packages/airflow/example_dags/example_latest_only.py
[2023-02-23 20:02:57,843] {logging_mixin.py:104} INFO - [2023-02-23 20:02:57,843] {dag.py:1833} INFO - Sync 1 DAGs
[2023-02-23 20:02:57,857] {logging_mixin.py:104} INFO - [2023-02-23 20:02:57,857] {dag.py:2306} INFO - Setting next_dagrun for latest_only to 2023-02-21 00:00:00+00:00
[2023-02-23 20:02:57,864] {scheduler_job.py:190} INFO - Processing /home/airflow/.local/lib/python3.6/site-packages/airflow/example_dags/example_latest_only.py took 0.048 seconds
[2023-02-23 20:03:28,423] {scheduler_job.py:182} INFO - Started process (PID=2333) to work on /home/airflow/.local/lib/python3.6/site-packages/airflow/example_dags/example_latest_only.py
[2023-02-23 20:03:28,424] {scheduler_job.py:633} INFO - Processing file /home/airflow/.local/lib/python3.6/site-packages/airflow/example_dags/example_latest_only.py for tasks to queue
[2023-02-23 20:03:28,424] {logging_mixin.py:104} INFO - [2023-02-23 20:03:28,424] {dagbag.py:496} INFO - Filling up the DagBag from /home/airflow/.local/lib/python3.6/site-packages/airflow/example_dags/example_latest_only.py
[2023-02-23 20:03:28,433] {scheduler_job.py:643} INFO - DAG(s) dict_keys(['latest_only']) retrieved from /home/airflow/.local/lib/python3.6/site-packages/airflow/example_dags/example_latest_only.py
[2023-02-23 20:03:28,449] {logging_mixin.py:104} INFO - [2023-02-23 20:03:28,449] {dag.py:1833} INFO - Sync 1 DAGs
[2023-02-23 20:03:28,462] {logging_mixin.py:104} INFO - [2023-02-23 20:03:28,462] {dag.py:2306} INFO - Setting next_dagrun for latest_only to 2023-02-21 00:00:00+00:00
[2023-02-23 20:03:28,470] {scheduler_job.py:190} INFO - Processing /home/airflow/.local/lib/python3.6/site-packages/airflow/example_dags/example_latest_only.py took 0.048 seconds
[2023-02-23 20:03:59,066] {scheduler_job.py:182} INFO - Started process (PID=2394) to work on /home/airflow/.local/lib/python3.6/site-packages/airflow/example_dags/example_latest_only.py
[2023-02-23 20:03:59,066] {scheduler_job.py:633} INFO - Processing file /home/airflow/.local/lib/python3.6/site-packages/airflow/example_dags/example_latest_only.py for tasks to queue
[2023-02-23 20:03:59,067] {logging_mixin.py:104} INFO - [2023-02-23 20:03:59,067] {dagbag.py:496} INFO - Filling up the DagBag from /home/airflow/.local/lib/python3.6/site-packages/airflow/example_dags/example_latest_only.py
[2023-02-23 20:03:59,075] {scheduler_job.py:643} INFO - DAG(s) dict_keys(['latest_only']) retrieved from /home/airflow/.local/lib/python3.6/site-packages/airflow/example_dags/example_latest_only.py
[2023-02-23 20:03:59,090] {logging_mixin.py:104} INFO - [2023-02-23 20:03:59,090] {dag.py:1833} INFO - Sync 1 DAGs
[2023-02-23 20:03:59,102] {logging_mixin.py:104} INFO - [2023-02-23 20:03:59,102] {dag.py:2306} INFO - Setting next_dagrun for latest_only to 2023-02-21 00:00:00+00:00
[2023-02-23 20:03:59,109] {scheduler_job.py:190} INFO - Processing /home/airflow/.local/lib/python3.6/site-packages/airflow/example_dags/example_latest_only.py took 0.045 seconds
[2023-02-23 20:04:29,616] {scheduler_job.py:182} INFO - Started process (PID=2445) to work on /home/airflow/.local/lib/python3.6/site-packages/airflow/example_dags/example_latest_only.py
[2023-02-23 20:04:29,617] {scheduler_job.py:633} INFO - Processing file /home/airflow/.local/lib/python3.6/site-packages/airflow/example_dags/example_latest_only.py for tasks to queue
[2023-02-23 20:04:29,617] {logging_mixin.py:104} INFO - [2023-02-23 20:04:29,617] {dagbag.py:496} INFO - Filling up the DagBag from /home/airflow/.local/lib/python3.6/site-packages/airflow/example_dags/example_latest_only.py
[2023-02-23 20:04:29,626] {scheduler_job.py:643} INFO - DAG(s) dict_keys(['latest_only']) retrieved from /home/airflow/.local/lib/python3.6/site-packages/airflow/example_dags/example_latest_only.py
[2023-02-23 20:04:29,642] {logging_mixin.py:104} INFO - [2023-02-23 20:04:29,642] {dag.py:1833} INFO - Sync 1 DAGs
[2023-02-23 20:04:29,653] {logging_mixin.py:104} INFO - [2023-02-23 20:04:29,653] {dag.py:2306} INFO - Setting next_dagrun for latest_only to 2023-02-21 00:00:00+00:00
[2023-02-23 20:04:29,660] {scheduler_job.py:190} INFO - Processing /home/airflow/.local/lib/python3.6/site-packages/airflow/example_dags/example_latest_only.py took 0.046 seconds
[2023-02-23 20:05:00,188] {scheduler_job.py:182} INFO - Started process (PID=2506) to work on /home/airflow/.local/lib/python3.6/site-packages/airflow/example_dags/example_latest_only.py
[2023-02-23 20:05:00,189] {scheduler_job.py:633} INFO - Processing file /home/airflow/.local/lib/python3.6/site-packages/airflow/example_dags/example_latest_only.py for tasks to queue
[2023-02-23 20:05:00,189] {logging_mixin.py:104} INFO - [2023-02-23 20:05:00,189] {dagbag.py:496} INFO - Filling up the DagBag from /home/airflow/.local/lib/python3.6/site-packages/airflow/example_dags/example_latest_only.py
[2023-02-23 20:05:00,198] {scheduler_job.py:643} INFO - DAG(s) dict_keys(['latest_only']) retrieved from /home/airflow/.local/lib/python3.6/site-packages/airflow/example_dags/example_latest_only.py
[2023-02-23 20:05:00,214] {logging_mixin.py:104} INFO - [2023-02-23 20:05:00,214] {dag.py:1833} INFO - Sync 1 DAGs
[2023-02-23 20:05:00,226] {logging_mixin.py:104} INFO - [2023-02-23 20:05:00,226] {dag.py:2306} INFO - Setting next_dagrun for latest_only to 2023-02-21 00:00:00+00:00
[2023-02-23 20:05:00,233] {scheduler_job.py:190} INFO - Processing /home/airflow/.local/lib/python3.6/site-packages/airflow/example_dags/example_latest_only.py took 0.048 seconds
[2023-02-23 20:05:30,874] {scheduler_job.py:182} INFO - Started process (PID=2564) to work on /home/airflow/.local/lib/python3.6/site-packages/airflow/example_dags/example_latest_only.py
[2023-02-23 20:05:30,874] {scheduler_job.py:633} INFO - Processing file /home/airflow/.local/lib/python3.6/site-packages/airflow/example_dags/example_latest_only.py for tasks to queue
[2023-02-23 20:05:30,875] {logging_mixin.py:104} INFO - [2023-02-23 20:05:30,875] {dagbag.py:496} INFO - Filling up the DagBag from /home/airflow/.local/lib/python3.6/site-packages/airflow/example_dags/example_latest_only.py
[2023-02-23 20:05:30,883] {scheduler_job.py:643} INFO - DAG(s) dict_keys(['latest_only']) retrieved from /home/airflow/.local/lib/python3.6/site-packages/airflow/example_dags/example_latest_only.py
[2023-02-23 20:05:30,901] {logging_mixin.py:104} INFO - [2023-02-23 20:05:30,901] {dag.py:1833} INFO - Sync 1 DAGs
[2023-02-23 20:05:30,914] {logging_mixin.py:104} INFO - [2023-02-23 20:05:30,914] {dag.py:2306} INFO - Setting next_dagrun for latest_only to 2023-02-21 00:00:00+00:00
[2023-02-23 20:05:30,922] {scheduler_job.py:190} INFO - Processing /home/airflow/.local/lib/python3.6/site-packages/airflow/example_dags/example_latest_only.py took 0.051 seconds
[2023-02-23 20:06:01,782] {scheduler_job.py:182} INFO - Started process (PID=2618) to work on /home/airflow/.local/lib/python3.6/site-packages/airflow/example_dags/example_latest_only.py
[2023-02-23 20:06:01,783] {scheduler_job.py:633} INFO - Processing file /home/airflow/.local/lib/python3.6/site-packages/airflow/example_dags/example_latest_only.py for tasks to queue
[2023-02-23 20:06:01,783] {logging_mixin.py:104} INFO - [2023-02-23 20:06:01,783] {dagbag.py:496} INFO - Filling up the DagBag from /home/airflow/.local/lib/python3.6/site-packages/airflow/example_dags/example_latest_only.py
[2023-02-23 20:06:01,795] {scheduler_job.py:643} INFO - DAG(s) dict_keys(['latest_only']) retrieved from /home/airflow/.local/lib/python3.6/site-packages/airflow/example_dags/example_latest_only.py
[2023-02-23 20:06:01,819] {logging_mixin.py:104} INFO - [2023-02-23 20:06:01,818] {dag.py:1833} INFO - Sync 1 DAGs
[2023-02-23 20:06:01,836] {logging_mixin.py:104} INFO - [2023-02-23 20:06:01,836] {dag.py:2306} INFO - Setting next_dagrun for latest_only to 2023-02-21 00:00:00+00:00
[2023-02-23 20:06:01,845] {scheduler_job.py:190} INFO - Processing /home/airflow/.local/lib/python3.6/site-packages/airflow/example_dags/example_latest_only.py took 0.066 seconds
[2023-02-23 20:06:32,688] {scheduler_job.py:182} INFO - Started process (PID=2679) to work on /home/airflow/.local/lib/python3.6/site-packages/airflow/example_dags/example_latest_only.py
[2023-02-23 20:06:32,689] {scheduler_job.py:633} INFO - Processing file /home/airflow/.local/lib/python3.6/site-packages/airflow/example_dags/example_latest_only.py for tasks to queue
[2023-02-23 20:06:32,689] {logging_mixin.py:104} INFO - [2023-02-23 20:06:32,689] {dagbag.py:496} INFO - Filling up the DagBag from /home/airflow/.local/lib/python3.6/site-packages/airflow/example_dags/example_latest_only.py
[2023-02-23 20:06:32,698] {scheduler_job.py:643} INFO - DAG(s) dict_keys(['latest_only']) retrieved from /home/airflow/.local/lib/python3.6/site-packages/airflow/example_dags/example_latest_only.py
[2023-02-23 20:06:32,717] {logging_mixin.py:104} INFO - [2023-02-23 20:06:32,717] {dag.py:1833} INFO - Sync 1 DAGs
[2023-02-23 20:06:32,733] {logging_mixin.py:104} INFO - [2023-02-23 20:06:32,733] {dag.py:2306} INFO - Setting next_dagrun for latest_only to 2023-02-21 00:00:00+00:00
[2023-02-23 20:06:32,742] {scheduler_job.py:190} INFO - Processing /home/airflow/.local/lib/python3.6/site-packages/airflow/example_dags/example_latest_only.py took 0.056 seconds
[2023-02-23 20:07:02,916] {scheduler_job.py:182} INFO - Started process (PID=2731) to work on /home/airflow/.local/lib/python3.6/site-packages/airflow/example_dags/example_latest_only.py
[2023-02-23 20:07:02,916] {scheduler_job.py:633} INFO - Processing file /home/airflow/.local/lib/python3.6/site-packages/airflow/example_dags/example_latest_only.py for tasks to queue
[2023-02-23 20:07:02,917] {logging_mixin.py:104} INFO - [2023-02-23 20:07:02,917] {dagbag.py:496} INFO - Filling up the DagBag from /home/airflow/.local/lib/python3.6/site-packages/airflow/example_dags/example_latest_only.py
[2023-02-23 20:07:02,927] {scheduler_job.py:643} INFO - DAG(s) dict_keys(['latest_only']) retrieved from /home/airflow/.local/lib/python3.6/site-packages/airflow/example_dags/example_latest_only.py
[2023-02-23 20:07:02,943] {logging_mixin.py:104} INFO - [2023-02-23 20:07:02,943] {dag.py:1833} INFO - Sync 1 DAGs
[2023-02-23 20:07:02,955] {logging_mixin.py:104} INFO - [2023-02-23 20:07:02,955] {dag.py:2306} INFO - Setting next_dagrun for latest_only to 2023-02-21 00:00:00+00:00
[2023-02-23 20:07:02,962] {scheduler_job.py:190} INFO - Processing /home/airflow/.local/lib/python3.6/site-packages/airflow/example_dags/example_latest_only.py took 0.049 seconds
[2023-02-23 20:07:33,302] {scheduler_job.py:182} INFO - Started process (PID=2791) to work on /home/airflow/.local/lib/python3.6/site-packages/airflow/example_dags/example_latest_only.py
[2023-02-23 20:07:33,303] {scheduler_job.py:633} INFO - Processing file /home/airflow/.local/lib/python3.6/site-packages/airflow/example_dags/example_latest_only.py for tasks to queue
[2023-02-23 20:07:33,303] {logging_mixin.py:104} INFO - [2023-02-23 20:07:33,303] {dagbag.py:496} INFO - Filling up the DagBag from /home/airflow/.local/lib/python3.6/site-packages/airflow/example_dags/example_latest_only.py
[2023-02-23 20:07:33,312] {scheduler_job.py:643} INFO - DAG(s) dict_keys(['latest_only']) retrieved from /home/airflow/.local/lib/python3.6/site-packages/airflow/example_dags/example_latest_only.py
[2023-02-23 20:07:33,330] {logging_mixin.py:104} INFO - [2023-02-23 20:07:33,329] {dag.py:1833} INFO - Sync 1 DAGs
[2023-02-23 20:07:33,342] {logging_mixin.py:104} INFO - [2023-02-23 20:07:33,342] {dag.py:2306} INFO - Setting next_dagrun for latest_only to 2023-02-21 00:00:00+00:00
[2023-02-23 20:07:33,351] {scheduler_job.py:190} INFO - Processing /home/airflow/.local/lib/python3.6/site-packages/airflow/example_dags/example_latest_only.py took 0.051 seconds
[2023-02-23 20:08:03,864] {scheduler_job.py:182} INFO - Started process (PID=2842) to work on /home/airflow/.local/lib/python3.6/site-packages/airflow/example_dags/example_latest_only.py
[2023-02-23 20:08:03,865] {scheduler_job.py:633} INFO - Processing file /home/airflow/.local/lib/python3.6/site-packages/airflow/example_dags/example_latest_only.py for tasks to queue
[2023-02-23 20:08:03,865] {logging_mixin.py:104} INFO - [2023-02-23 20:08:03,865] {dagbag.py:496} INFO - Filling up the DagBag from /home/airflow/.local/lib/python3.6/site-packages/airflow/example_dags/example_latest_only.py
[2023-02-23 20:08:03,875] {scheduler_job.py:643} INFO - DAG(s) dict_keys(['latest_only']) retrieved from /home/airflow/.local/lib/python3.6/site-packages/airflow/example_dags/example_latest_only.py
[2023-02-23 20:08:03,895] {logging_mixin.py:104} INFO - [2023-02-23 20:08:03,895] {dag.py:1833} INFO - Sync 1 DAGs
[2023-02-23 20:08:03,909] {logging_mixin.py:104} INFO - [2023-02-23 20:08:03,909] {dag.py:2306} INFO - Setting next_dagrun for latest_only to 2023-02-21 00:00:00+00:00
[2023-02-23 20:08:03,919] {scheduler_job.py:190} INFO - Processing /home/airflow/.local/lib/python3.6/site-packages/airflow/example_dags/example_latest_only.py took 0.056 seconds
[2023-02-23 20:08:34,484] {scheduler_job.py:182} INFO - Started process (PID=2903) to work on /home/airflow/.local/lib/python3.6/site-packages/airflow/example_dags/example_latest_only.py
[2023-02-23 20:08:34,485] {scheduler_job.py:633} INFO - Processing file /home/airflow/.local/lib/python3.6/site-packages/airflow/example_dags/example_latest_only.py for tasks to queue
[2023-02-23 20:08:34,485] {logging_mixin.py:104} INFO - [2023-02-23 20:08:34,485] {dagbag.py:496} INFO - Filling up the DagBag from /home/airflow/.local/lib/python3.6/site-packages/airflow/example_dags/example_latest_only.py
[2023-02-23 20:08:34,493] {scheduler_job.py:643} INFO - DAG(s) dict_keys(['latest_only']) retrieved from /home/airflow/.local/lib/python3.6/site-packages/airflow/example_dags/example_latest_only.py
[2023-02-23 20:08:34,509] {logging_mixin.py:104} INFO - [2023-02-23 20:08:34,509] {dag.py:1833} INFO - Sync 1 DAGs
[2023-02-23 20:08:34,522] {logging_mixin.py:104} INFO - [2023-02-23 20:08:34,522] {dag.py:2306} INFO - Setting next_dagrun for latest_only to 2023-02-21 00:00:00+00:00
[2023-02-23 20:08:34,529] {scheduler_job.py:190} INFO - Processing /home/airflow/.local/lib/python3.6/site-packages/airflow/example_dags/example_latest_only.py took 0.048 seconds
[2023-02-23 20:09:05,162] {scheduler_job.py:182} INFO - Started process (PID=2954) to work on /home/airflow/.local/lib/python3.6/site-packages/airflow/example_dags/example_latest_only.py
[2023-02-23 20:09:05,163] {scheduler_job.py:633} INFO - Processing file /home/airflow/.local/lib/python3.6/site-packages/airflow/example_dags/example_latest_only.py for tasks to queue
[2023-02-23 20:09:05,163] {logging_mixin.py:104} INFO - [2023-02-23 20:09:05,163] {dagbag.py:496} INFO - Filling up the DagBag from /home/airflow/.local/lib/python3.6/site-packages/airflow/example_dags/example_latest_only.py
[2023-02-23 20:09:05,173] {scheduler_job.py:643} INFO - DAG(s) dict_keys(['latest_only']) retrieved from /home/airflow/.local/lib/python3.6/site-packages/airflow/example_dags/example_latest_only.py
[2023-02-23 20:09:05,193] {logging_mixin.py:104} INFO - [2023-02-23 20:09:05,193] {dag.py:1833} INFO - Sync 1 DAGs
[2023-02-23 20:09:05,207] {logging_mixin.py:104} INFO - [2023-02-23 20:09:05,207] {dag.py:2306} INFO - Setting next_dagrun for latest_only to 2023-02-21 00:00:00+00:00
[2023-02-23 20:09:05,216] {scheduler_job.py:190} INFO - Processing /home/airflow/.local/lib/python3.6/site-packages/airflow/example_dags/example_latest_only.py took 0.057 seconds
[2023-02-23 20:09:37,188] {scheduler_job.py:182} INFO - Started process (PID=3015) to work on /home/airflow/.local/lib/python3.6/site-packages/airflow/example_dags/example_latest_only.py
[2023-02-23 20:09:37,189] {scheduler_job.py:633} INFO - Processing file /home/airflow/.local/lib/python3.6/site-packages/airflow/example_dags/example_latest_only.py for tasks to queue
[2023-02-23 20:09:37,189] {logging_mixin.py:104} INFO - [2023-02-23 20:09:37,189] {dagbag.py:496} INFO - Filling up the DagBag from /home/airflow/.local/lib/python3.6/site-packages/airflow/example_dags/example_latest_only.py
[2023-02-23 20:09:37,272] {scheduler_job.py:643} INFO - DAG(s) dict_keys(['latest_only']) retrieved from /home/airflow/.local/lib/python3.6/site-packages/airflow/example_dags/example_latest_only.py
[2023-02-23 20:09:37,369] {logging_mixin.py:104} INFO - [2023-02-23 20:09:37,369] {dag.py:1833} INFO - Sync 1 DAGs
[2023-02-23 20:09:37,387] {logging_mixin.py:104} INFO - [2023-02-23 20:09:37,386] {dag.py:2306} INFO - Setting next_dagrun for latest_only to 2023-02-21 00:00:00+00:00
[2023-02-23 20:09:37,468] {scheduler_job.py:190} INFO - Processing /home/airflow/.local/lib/python3.6/site-packages/airflow/example_dags/example_latest_only.py took 0.283 seconds
[2023-02-23 20:10:07,574] {scheduler_job.py:182} INFO - Started process (PID=3066) to work on /home/airflow/.local/lib/python3.6/site-packages/airflow/example_dags/example_latest_only.py
[2023-02-23 20:10:07,575] {scheduler_job.py:633} INFO - Processing file /home/airflow/.local/lib/python3.6/site-packages/airflow/example_dags/example_latest_only.py for tasks to queue
[2023-02-23 20:10:07,576] {logging_mixin.py:104} INFO - [2023-02-23 20:10:07,576] {dagbag.py:496} INFO - Filling up the DagBag from /home/airflow/.local/lib/python3.6/site-packages/airflow/example_dags/example_latest_only.py
[2023-02-23 20:10:07,584] {scheduler_job.py:643} INFO - DAG(s) dict_keys(['latest_only']) retrieved from /home/airflow/.local/lib/python3.6/site-packages/airflow/example_dags/example_latest_only.py
[2023-02-23 20:10:07,602] {logging_mixin.py:104} INFO - [2023-02-23 20:10:07,602] {dag.py:1833} INFO - Sync 1 DAGs
[2023-02-23 20:10:07,615] {logging_mixin.py:104} INFO - [2023-02-23 20:10:07,615] {dag.py:2306} INFO - Setting next_dagrun for latest_only to 2023-02-21 00:00:00+00:00
[2023-02-23 20:10:07,622] {scheduler_job.py:190} INFO - Processing /home/airflow/.local/lib/python3.6/site-packages/airflow/example_dags/example_latest_only.py took 0.051 seconds
[2023-02-23 20:10:38,312] {scheduler_job.py:182} INFO - Started process (PID=3127) to work on /home/airflow/.local/lib/python3.6/site-packages/airflow/example_dags/example_latest_only.py
[2023-02-23 20:10:38,313] {scheduler_job.py:633} INFO - Processing file /home/airflow/.local/lib/python3.6/site-packages/airflow/example_dags/example_latest_only.py for tasks to queue
[2023-02-23 20:10:38,313] {logging_mixin.py:104} INFO - [2023-02-23 20:10:38,313] {dagbag.py:496} INFO - Filling up the DagBag from /home/airflow/.local/lib/python3.6/site-packages/airflow/example_dags/example_latest_only.py
[2023-02-23 20:10:38,322] {scheduler_job.py:643} INFO - DAG(s) dict_keys(['latest_only']) retrieved from /home/airflow/.local/lib/python3.6/site-packages/airflow/example_dags/example_latest_only.py
[2023-02-23 20:10:38,340] {logging_mixin.py:104} INFO - [2023-02-23 20:10:38,340] {dag.py:1833} INFO - Sync 1 DAGs
[2023-02-23 20:10:38,353] {logging_mixin.py:104} INFO - [2023-02-23 20:10:38,353] {dag.py:2306} INFO - Setting next_dagrun for latest_only to 2023-02-21 00:00:00+00:00
[2023-02-23 20:10:38,360] {scheduler_job.py:190} INFO - Processing /home/airflow/.local/lib/python3.6/site-packages/airflow/example_dags/example_latest_only.py took 0.050 seconds
[2023-02-23 20:11:08,857] {scheduler_job.py:182} INFO - Started process (PID=3178) to work on /home/airflow/.local/lib/python3.6/site-packages/airflow/example_dags/example_latest_only.py
[2023-02-23 20:11:08,858] {scheduler_job.py:633} INFO - Processing file /home/airflow/.local/lib/python3.6/site-packages/airflow/example_dags/example_latest_only.py for tasks to queue
[2023-02-23 20:11:08,858] {logging_mixin.py:104} INFO - [2023-02-23 20:11:08,858] {dagbag.py:496} INFO - Filling up the DagBag from /home/airflow/.local/lib/python3.6/site-packages/airflow/example_dags/example_latest_only.py
[2023-02-23 20:11:08,867] {scheduler_job.py:643} INFO - DAG(s) dict_keys(['latest_only']) retrieved from /home/airflow/.local/lib/python3.6/site-packages/airflow/example_dags/example_latest_only.py
[2023-02-23 20:11:08,885] {logging_mixin.py:104} INFO - [2023-02-23 20:11:08,885] {dag.py:1833} INFO - Sync 1 DAGs
[2023-02-23 20:11:08,899] {logging_mixin.py:104} INFO - [2023-02-23 20:11:08,899] {dag.py:2306} INFO - Setting next_dagrun for latest_only to 2023-02-21 00:00:00+00:00
[2023-02-23 20:11:08,908] {scheduler_job.py:190} INFO - Processing /home/airflow/.local/lib/python3.6/site-packages/airflow/example_dags/example_latest_only.py took 0.054 seconds
[2023-02-23 20:11:40,092] {scheduler_job.py:182} INFO - Started process (PID=3239) to work on /home/airflow/.local/lib/python3.6/site-packages/airflow/example_dags/example_latest_only.py
[2023-02-23 20:11:40,093] {scheduler_job.py:633} INFO - Processing file /home/airflow/.local/lib/python3.6/site-packages/airflow/example_dags/example_latest_only.py for tasks to queue
[2023-02-23 20:11:40,093] {logging_mixin.py:104} INFO - [2023-02-23 20:11:40,093] {dagbag.py:496} INFO - Filling up the DagBag from /home/airflow/.local/lib/python3.6/site-packages/airflow/example_dags/example_latest_only.py
[2023-02-23 20:11:40,102] {scheduler_job.py:643} INFO - DAG(s) dict_keys(['latest_only']) retrieved from /home/airflow/.local/lib/python3.6/site-packages/airflow/example_dags/example_latest_only.py
[2023-02-23 20:11:40,194] {logging_mixin.py:104} INFO - [2023-02-23 20:11:40,194] {dag.py:1833} INFO - Sync 1 DAGs
[2023-02-23 20:11:40,271] {logging_mixin.py:104} INFO - [2023-02-23 20:11:40,271] {dag.py:2306} INFO - Setting next_dagrun for latest_only to 2023-02-21 00:00:00+00:00
[2023-02-23 20:11:40,280] {scheduler_job.py:190} INFO - Processing /home/airflow/.local/lib/python3.6/site-packages/airflow/example_dags/example_latest_only.py took 0.191 seconds
[2023-02-23 20:12:10,914] {scheduler_job.py:182} INFO - Started process (PID=3290) to work on /home/airflow/.local/lib/python3.6/site-packages/airflow/example_dags/example_latest_only.py
[2023-02-23 20:12:10,915] {scheduler_job.py:633} INFO - Processing file /home/airflow/.local/lib/python3.6/site-packages/airflow/example_dags/example_latest_only.py for tasks to queue
[2023-02-23 20:12:10,915] {logging_mixin.py:104} INFO - [2023-02-23 20:12:10,915] {dagbag.py:496} INFO - Filling up the DagBag from /home/airflow/.local/lib/python3.6/site-packages/airflow/example_dags/example_latest_only.py
[2023-02-23 20:12:10,923] {scheduler_job.py:643} INFO - DAG(s) dict_keys(['latest_only']) retrieved from /home/airflow/.local/lib/python3.6/site-packages/airflow/example_dags/example_latest_only.py
[2023-02-23 20:12:10,939] {logging_mixin.py:104} INFO - [2023-02-23 20:12:10,939] {dag.py:1833} INFO - Sync 1 DAGs
[2023-02-23 20:12:10,952] {logging_mixin.py:104} INFO - [2023-02-23 20:12:10,952] {dag.py:2306} INFO - Setting next_dagrun for latest_only to 2023-02-21 00:00:00+00:00
[2023-02-23 20:12:10,959] {scheduler_job.py:190} INFO - Processing /home/airflow/.local/lib/python3.6/site-packages/airflow/example_dags/example_latest_only.py took 0.047 seconds
[2023-02-23 20:12:41,276] {scheduler_job.py:182} INFO - Started process (PID=3351) to work on /home/airflow/.local/lib/python3.6/site-packages/airflow/example_dags/example_latest_only.py
[2023-02-23 20:12:41,277] {scheduler_job.py:633} INFO - Processing file /home/airflow/.local/lib/python3.6/site-packages/airflow/example_dags/example_latest_only.py for tasks to queue
[2023-02-23 20:12:41,277] {logging_mixin.py:104} INFO - [2023-02-23 20:12:41,277] {dagbag.py:496} INFO - Filling up the DagBag from /home/airflow/.local/lib/python3.6/site-packages/airflow/example_dags/example_latest_only.py
[2023-02-23 20:12:41,286] {scheduler_job.py:643} INFO - DAG(s) dict_keys(['latest_only']) retrieved from /home/airflow/.local/lib/python3.6/site-packages/airflow/example_dags/example_latest_only.py
[2023-02-23 20:12:41,304] {logging_mixin.py:104} INFO - [2023-02-23 20:12:41,304] {dag.py:1833} INFO - Sync 1 DAGs
[2023-02-23 20:12:41,318] {logging_mixin.py:104} INFO - [2023-02-23 20:12:41,318] {dag.py:2306} INFO - Setting next_dagrun for latest_only to 2023-02-21 00:00:00+00:00
[2023-02-23 20:12:41,327] {scheduler_job.py:190} INFO - Processing /home/airflow/.local/lib/python3.6/site-packages/airflow/example_dags/example_latest_only.py took 0.054 seconds
[2023-02-23 20:13:11,875] {scheduler_job.py:182} INFO - Started process (PID=3402) to work on /home/airflow/.local/lib/python3.6/site-packages/airflow/example_dags/example_latest_only.py
[2023-02-23 20:13:11,876] {scheduler_job.py:633} INFO - Processing file /home/airflow/.local/lib/python3.6/site-packages/airflow/example_dags/example_latest_only.py for tasks to queue
[2023-02-23 20:13:11,877] {logging_mixin.py:104} INFO - [2023-02-23 20:13:11,877] {dagbag.py:496} INFO - Filling up the DagBag from /home/airflow/.local/lib/python3.6/site-packages/airflow/example_dags/example_latest_only.py
[2023-02-23 20:13:11,886] {scheduler_job.py:643} INFO - DAG(s) dict_keys(['latest_only']) retrieved from /home/airflow/.local/lib/python3.6/site-packages/airflow/example_dags/example_latest_only.py
[2023-02-23 20:13:11,922] {logging_mixin.py:104} INFO - [2023-02-23 20:13:11,922] {dag.py:1833} INFO - Sync 1 DAGs
[2023-02-23 20:13:11,934] {logging_mixin.py:104} INFO - [2023-02-23 20:13:11,934] {dag.py:2306} INFO - Setting next_dagrun for latest_only to 2023-02-21 00:00:00+00:00
[2023-02-23 20:13:11,942] {scheduler_job.py:190} INFO - Processing /home/airflow/.local/lib/python3.6/site-packages/airflow/example_dags/example_latest_only.py took 0.069 seconds
[2023-02-23 20:13:42,226] {scheduler_job.py:182} INFO - Started process (PID=3463) to work on /home/airflow/.local/lib/python3.6/site-packages/airflow/example_dags/example_latest_only.py
[2023-02-23 20:13:42,227] {scheduler_job.py:633} INFO - Processing file /home/airflow/.local/lib/python3.6/site-packages/airflow/example_dags/example_latest_only.py for tasks to queue
[2023-02-23 20:13:42,227] {logging_mixin.py:104} INFO - [2023-02-23 20:13:42,227] {dagbag.py:496} INFO - Filling up the DagBag from /home/airflow/.local/lib/python3.6/site-packages/airflow/example_dags/example_latest_only.py
[2023-02-23 20:13:42,236] {scheduler_job.py:643} INFO - DAG(s) dict_keys(['latest_only']) retrieved from /home/airflow/.local/lib/python3.6/site-packages/airflow/example_dags/example_latest_only.py
[2023-02-23 20:13:42,252] {logging_mixin.py:104} INFO - [2023-02-23 20:13:42,252] {dag.py:1833} INFO - Sync 1 DAGs
[2023-02-23 20:13:42,264] {logging_mixin.py:104} INFO - [2023-02-23 20:13:42,263] {dag.py:2306} INFO - Setting next_dagrun for latest_only to 2023-02-21 00:00:00+00:00
[2023-02-23 20:13:42,271] {scheduler_job.py:190} INFO - Processing /home/airflow/.local/lib/python3.6/site-packages/airflow/example_dags/example_latest_only.py took 0.047 seconds
[2023-02-23 20:14:12,743] {scheduler_job.py:182} INFO - Started process (PID=3514) to work on /home/airflow/.local/lib/python3.6/site-packages/airflow/example_dags/example_latest_only.py
[2023-02-23 20:14:12,744] {scheduler_job.py:633} INFO - Processing file /home/airflow/.local/lib/python3.6/site-packages/airflow/example_dags/example_latest_only.py for tasks to queue
[2023-02-23 20:14:12,744] {logging_mixin.py:104} INFO - [2023-02-23 20:14:12,744] {dagbag.py:496} INFO - Filling up the DagBag from /home/airflow/.local/lib/python3.6/site-packages/airflow/example_dags/example_latest_only.py
[2023-02-23 20:14:12,753] {scheduler_job.py:643} INFO - DAG(s) dict_keys(['latest_only']) retrieved from /home/airflow/.local/lib/python3.6/site-packages/airflow/example_dags/example_latest_only.py
[2023-02-23 20:14:12,771] {logging_mixin.py:104} INFO - [2023-02-23 20:14:12,770] {dag.py:1833} INFO - Sync 1 DAGs
[2023-02-23 20:14:12,785] {logging_mixin.py:104} INFO - [2023-02-23 20:14:12,785] {dag.py:2306} INFO - Setting next_dagrun for latest_only to 2023-02-21 00:00:00+00:00
[2023-02-23 20:14:12,794] {scheduler_job.py:190} INFO - Processing /home/airflow/.local/lib/python3.6/site-packages/airflow/example_dags/example_latest_only.py took 0.053 seconds
[2023-02-23 20:14:43,121] {scheduler_job.py:182} INFO - Started process (PID=3575) to work on /home/airflow/.local/lib/python3.6/site-packages/airflow/example_dags/example_latest_only.py
[2023-02-23 20:14:43,121] {scheduler_job.py:633} INFO - Processing file /home/airflow/.local/lib/python3.6/site-packages/airflow/example_dags/example_latest_only.py for tasks to queue
[2023-02-23 20:14:43,122] {logging_mixin.py:104} INFO - [2023-02-23 20:14:43,122] {dagbag.py:496} INFO - Filling up the DagBag from /home/airflow/.local/lib/python3.6/site-packages/airflow/example_dags/example_latest_only.py
[2023-02-23 20:14:43,130] {scheduler_job.py:643} INFO - DAG(s) dict_keys(['latest_only']) retrieved from /home/airflow/.local/lib/python3.6/site-packages/airflow/example_dags/example_latest_only.py
[2023-02-23 20:14:43,146] {logging_mixin.py:104} INFO - [2023-02-23 20:14:43,146] {dag.py:1833} INFO - Sync 1 DAGs
[2023-02-23 20:14:43,158] {logging_mixin.py:104} INFO - [2023-02-23 20:14:43,158] {dag.py:2306} INFO - Setting next_dagrun for latest_only to 2023-02-21 00:00:00+00:00
[2023-02-23 20:14:43,165] {scheduler_job.py:190} INFO - Processing /home/airflow/.local/lib/python3.6/site-packages/airflow/example_dags/example_latest_only.py took 0.047 seconds
[2023-02-23 20:15:13,894] {scheduler_job.py:182} INFO - Started process (PID=3626) to work on /home/airflow/.local/lib/python3.6/site-packages/airflow/example_dags/example_latest_only.py
[2023-02-23 20:15:13,896] {scheduler_job.py:633} INFO - Processing file /home/airflow/.local/lib/python3.6/site-packages/airflow/example_dags/example_latest_only.py for tasks to queue
[2023-02-23 20:15:13,896] {logging_mixin.py:104} INFO - [2023-02-23 20:15:13,896] {dagbag.py:496} INFO - Filling up the DagBag from /home/airflow/.local/lib/python3.6/site-packages/airflow/example_dags/example_latest_only.py
[2023-02-23 20:15:13,906] {scheduler_job.py:643} INFO - DAG(s) dict_keys(['latest_only']) retrieved from /home/airflow/.local/lib/python3.6/site-packages/airflow/example_dags/example_latest_only.py
[2023-02-23 20:15:13,924] {logging_mixin.py:104} INFO - [2023-02-23 20:15:13,924] {dag.py:1833} INFO - Sync 1 DAGs
[2023-02-23 20:15:13,938] {logging_mixin.py:104} INFO - [2023-02-23 20:15:13,937] {dag.py:2306} INFO - Setting next_dagrun for latest_only to 2023-02-21 00:00:00+00:00
[2023-02-23 20:15:13,946] {scheduler_job.py:190} INFO - Processing /home/airflow/.local/lib/python3.6/site-packages/airflow/example_dags/example_latest_only.py took 0.054 seconds
[2023-02-23 20:15:44,321] {scheduler_job.py:182} INFO - Started process (PID=3687) to work on /home/airflow/.local/lib/python3.6/site-packages/airflow/example_dags/example_latest_only.py
[2023-02-23 20:15:44,322] {scheduler_job.py:633} INFO - Processing file /home/airflow/.local/lib/python3.6/site-packages/airflow/example_dags/example_latest_only.py for tasks to queue
[2023-02-23 20:15:44,322] {logging_mixin.py:104} INFO - [2023-02-23 20:15:44,322] {dagbag.py:496} INFO - Filling up the DagBag from /home/airflow/.local/lib/python3.6/site-packages/airflow/example_dags/example_latest_only.py
[2023-02-23 20:15:44,370] {scheduler_job.py:643} INFO - DAG(s) dict_keys(['latest_only']) retrieved from /home/airflow/.local/lib/python3.6/site-packages/airflow/example_dags/example_latest_only.py
[2023-02-23 20:15:44,389] {logging_mixin.py:104} INFO - [2023-02-23 20:15:44,389] {dag.py:1833} INFO - Sync 1 DAGs
[2023-02-23 20:15:44,403] {logging_mixin.py:104} INFO - [2023-02-23 20:15:44,402] {dag.py:2306} INFO - Setting next_dagrun for latest_only to 2023-02-21 00:00:00+00:00
[2023-02-23 20:15:44,412] {scheduler_job.py:190} INFO - Processing /home/airflow/.local/lib/python3.6/site-packages/airflow/example_dags/example_latest_only.py took 0.093 seconds
[2023-02-23 20:16:14,626] {scheduler_job.py:182} INFO - Started process (PID=3738) to work on /home/airflow/.local/lib/python3.6/site-packages/airflow/example_dags/example_latest_only.py
[2023-02-23 20:16:14,627] {scheduler_job.py:633} INFO - Processing file /home/airflow/.local/lib/python3.6/site-packages/airflow/example_dags/example_latest_only.py for tasks to queue
[2023-02-23 20:16:14,627] {logging_mixin.py:104} INFO - [2023-02-23 20:16:14,627] {dagbag.py:496} INFO - Filling up the DagBag from /home/airflow/.local/lib/python3.6/site-packages/airflow/example_dags/example_latest_only.py
[2023-02-23 20:16:14,637] {scheduler_job.py:643} INFO - DAG(s) dict_keys(['latest_only']) retrieved from /home/airflow/.local/lib/python3.6/site-packages/airflow/example_dags/example_latest_only.py
[2023-02-23 20:16:14,654] {logging_mixin.py:104} INFO - [2023-02-23 20:16:14,654] {dag.py:1833} INFO - Sync 1 DAGs
[2023-02-23 20:16:14,667] {logging_mixin.py:104} INFO - [2023-02-23 20:16:14,667] {dag.py:2306} INFO - Setting next_dagrun for latest_only to 2023-02-21 00:00:00+00:00
[2023-02-23 20:16:14,675] {scheduler_job.py:190} INFO - Processing /home/airflow/.local/lib/python3.6/site-packages/airflow/example_dags/example_latest_only.py took 0.052 seconds
[2023-02-23 20:16:44,966] {scheduler_job.py:182} INFO - Started process (PID=3799) to work on /home/airflow/.local/lib/python3.6/site-packages/airflow/example_dags/example_latest_only.py
[2023-02-23 20:16:44,966] {scheduler_job.py:633} INFO - Processing file /home/airflow/.local/lib/python3.6/site-packages/airflow/example_dags/example_latest_only.py for tasks to queue
[2023-02-23 20:16:44,967] {logging_mixin.py:104} INFO - [2023-02-23 20:16:44,967] {dagbag.py:496} INFO - Filling up the DagBag from /home/airflow/.local/lib/python3.6/site-packages/airflow/example_dags/example_latest_only.py
[2023-02-23 20:16:44,979] {scheduler_job.py:643} INFO - DAG(s) dict_keys(['latest_only']) retrieved from /home/airflow/.local/lib/python3.6/site-packages/airflow/example_dags/example_latest_only.py
[2023-02-23 20:16:45,000] {logging_mixin.py:104} INFO - [2023-02-23 20:16:45,000] {dag.py:1833} INFO - Sync 1 DAGs
[2023-02-23 20:16:45,016] {logging_mixin.py:104} INFO - [2023-02-23 20:16:45,016] {dag.py:2306} INFO - Setting next_dagrun for latest_only to 2023-02-21 00:00:00+00:00
[2023-02-23 20:16:45,025] {scheduler_job.py:190} INFO - Processing /home/airflow/.local/lib/python3.6/site-packages/airflow/example_dags/example_latest_only.py took 0.061 seconds
[2023-02-23 20:17:15,456] {scheduler_job.py:182} INFO - Started process (PID=3850) to work on /home/airflow/.local/lib/python3.6/site-packages/airflow/example_dags/example_latest_only.py
[2023-02-23 20:17:15,456] {scheduler_job.py:633} INFO - Processing file /home/airflow/.local/lib/python3.6/site-packages/airflow/example_dags/example_latest_only.py for tasks to queue
[2023-02-23 20:17:15,457] {logging_mixin.py:104} INFO - [2023-02-23 20:17:15,457] {dagbag.py:496} INFO - Filling up the DagBag from /home/airflow/.local/lib/python3.6/site-packages/airflow/example_dags/example_latest_only.py
[2023-02-23 20:17:15,466] {scheduler_job.py:643} INFO - DAG(s) dict_keys(['latest_only']) retrieved from /home/airflow/.local/lib/python3.6/site-packages/airflow/example_dags/example_latest_only.py
[2023-02-23 20:17:15,482] {logging_mixin.py:104} INFO - [2023-02-23 20:17:15,482] {dag.py:1833} INFO - Sync 1 DAGs
[2023-02-23 20:17:15,495] {logging_mixin.py:104} INFO - [2023-02-23 20:17:15,495] {dag.py:2306} INFO - Setting next_dagrun for latest_only to 2023-02-21 00:00:00+00:00
[2023-02-23 20:17:15,502] {scheduler_job.py:190} INFO - Processing /home/airflow/.local/lib/python3.6/site-packages/airflow/example_dags/example_latest_only.py took 0.049 seconds
[2023-02-23 20:17:46,175] {scheduler_job.py:182} INFO - Started process (PID=3911) to work on /home/airflow/.local/lib/python3.6/site-packages/airflow/example_dags/example_latest_only.py
[2023-02-23 20:17:46,175] {scheduler_job.py:633} INFO - Processing file /home/airflow/.local/lib/python3.6/site-packages/airflow/example_dags/example_latest_only.py for tasks to queue
[2023-02-23 20:17:46,176] {logging_mixin.py:104} INFO - [2023-02-23 20:17:46,176] {dagbag.py:496} INFO - Filling up the DagBag from /home/airflow/.local/lib/python3.6/site-packages/airflow/example_dags/example_latest_only.py
[2023-02-23 20:17:46,184] {scheduler_job.py:643} INFO - DAG(s) dict_keys(['latest_only']) retrieved from /home/airflow/.local/lib/python3.6/site-packages/airflow/example_dags/example_latest_only.py
[2023-02-23 20:17:46,199] {logging_mixin.py:104} INFO - [2023-02-23 20:17:46,199] {dag.py:1833} INFO - Sync 1 DAGs
[2023-02-23 20:17:46,210] {logging_mixin.py:104} INFO - [2023-02-23 20:17:46,210] {dag.py:2306} INFO - Setting next_dagrun for latest_only to 2023-02-21 00:00:00+00:00
[2023-02-23 20:17:46,218] {scheduler_job.py:190} INFO - Processing /home/airflow/.local/lib/python3.6/site-packages/airflow/example_dags/example_latest_only.py took 0.045 seconds
[2023-02-23 20:18:17,314] {scheduler_job.py:182} INFO - Started process (PID=3969) to work on /home/airflow/.local/lib/python3.6/site-packages/airflow/example_dags/example_latest_only.py
[2023-02-23 20:18:17,369] {scheduler_job.py:633} INFO - Processing file /home/airflow/.local/lib/python3.6/site-packages/airflow/example_dags/example_latest_only.py for tasks to queue
[2023-02-23 20:18:17,370] {logging_mixin.py:104} INFO - [2023-02-23 20:18:17,370] {dagbag.py:496} INFO - Filling up the DagBag from /home/airflow/.local/lib/python3.6/site-packages/airflow/example_dags/example_latest_only.py
[2023-02-23 20:18:17,383] {scheduler_job.py:643} INFO - DAG(s) dict_keys(['latest_only']) retrieved from /home/airflow/.local/lib/python3.6/site-packages/airflow/example_dags/example_latest_only.py
[2023-02-23 20:18:17,404] {logging_mixin.py:104} INFO - [2023-02-23 20:18:17,404] {dag.py:1833} INFO - Sync 1 DAGs
[2023-02-23 20:18:17,476] {logging_mixin.py:104} INFO - [2023-02-23 20:18:17,476] {dag.py:2306} INFO - Setting next_dagrun for latest_only to 2023-02-21 00:00:00+00:00
[2023-02-23 20:18:17,485] {scheduler_job.py:190} INFO - Processing /home/airflow/.local/lib/python3.6/site-packages/airflow/example_dags/example_latest_only.py took 0.173 seconds
[2023-02-23 20:18:47,816] {scheduler_job.py:182} INFO - Started process (PID=4023) to work on /home/airflow/.local/lib/python3.6/site-packages/airflow/example_dags/example_latest_only.py
[2023-02-23 20:18:47,817] {scheduler_job.py:633} INFO - Processing file /home/airflow/.local/lib/python3.6/site-packages/airflow/example_dags/example_latest_only.py for tasks to queue
[2023-02-23 20:18:47,818] {logging_mixin.py:104} INFO - [2023-02-23 20:18:47,818] {dagbag.py:496} INFO - Filling up the DagBag from /home/airflow/.local/lib/python3.6/site-packages/airflow/example_dags/example_latest_only.py
[2023-02-23 20:18:47,873] {scheduler_job.py:643} INFO - DAG(s) dict_keys(['latest_only']) retrieved from /home/airflow/.local/lib/python3.6/site-packages/airflow/example_dags/example_latest_only.py
[2023-02-23 20:18:47,891] {logging_mixin.py:104} INFO - [2023-02-23 20:18:47,891] {dag.py:1833} INFO - Sync 1 DAGs
[2023-02-23 20:18:47,903] {logging_mixin.py:104} INFO - [2023-02-23 20:18:47,903] {dag.py:2306} INFO - Setting next_dagrun for latest_only to 2023-02-21 00:00:00+00:00
[2023-02-23 20:18:47,911] {scheduler_job.py:190} INFO - Processing /home/airflow/.local/lib/python3.6/site-packages/airflow/example_dags/example_latest_only.py took 0.097 seconds
[2023-02-23 20:19:18,033] {scheduler_job.py:182} INFO - Started process (PID=4074) to work on /home/airflow/.local/lib/python3.6/site-packages/airflow/example_dags/example_latest_only.py
[2023-02-23 20:19:18,034] {scheduler_job.py:633} INFO - Processing file /home/airflow/.local/lib/python3.6/site-packages/airflow/example_dags/example_latest_only.py for tasks to queue
[2023-02-23 20:19:18,034] {logging_mixin.py:104} INFO - [2023-02-23 20:19:18,034] {dagbag.py:496} INFO - Filling up the DagBag from /home/airflow/.local/lib/python3.6/site-packages/airflow/example_dags/example_latest_only.py
[2023-02-23 20:19:18,043] {scheduler_job.py:643} INFO - DAG(s) dict_keys(['latest_only']) retrieved from /home/airflow/.local/lib/python3.6/site-packages/airflow/example_dags/example_latest_only.py
[2023-02-23 20:19:18,059] {logging_mixin.py:104} INFO - [2023-02-23 20:19:18,059] {dag.py:1833} INFO - Sync 1 DAGs
[2023-02-23 20:19:18,072] {logging_mixin.py:104} INFO - [2023-02-23 20:19:18,071] {dag.py:2306} INFO - Setting next_dagrun for latest_only to 2023-02-21 00:00:00+00:00
[2023-02-23 20:19:18,079] {scheduler_job.py:190} INFO - Processing /home/airflow/.local/lib/python3.6/site-packages/airflow/example_dags/example_latest_only.py took 0.048 seconds
[2023-02-23 20:19:48,893] {scheduler_job.py:182} INFO - Started process (PID=4135) to work on /home/airflow/.local/lib/python3.6/site-packages/airflow/example_dags/example_latest_only.py
[2023-02-23 20:19:48,893] {scheduler_job.py:633} INFO - Processing file /home/airflow/.local/lib/python3.6/site-packages/airflow/example_dags/example_latest_only.py for tasks to queue
[2023-02-23 20:19:48,894] {logging_mixin.py:104} INFO - [2023-02-23 20:19:48,894] {dagbag.py:496} INFO - Filling up the DagBag from /home/airflow/.local/lib/python3.6/site-packages/airflow/example_dags/example_latest_only.py
[2023-02-23 20:19:48,902] {scheduler_job.py:643} INFO - DAG(s) dict_keys(['latest_only']) retrieved from /home/airflow/.local/lib/python3.6/site-packages/airflow/example_dags/example_latest_only.py
[2023-02-23 20:19:48,919] {logging_mixin.py:104} INFO - [2023-02-23 20:19:48,919] {dag.py:1833} INFO - Sync 1 DAGs
[2023-02-23 20:19:48,930] {logging_mixin.py:104} INFO - [2023-02-23 20:19:48,930] {dag.py:2306} INFO - Setting next_dagrun for latest_only to 2023-02-21 00:00:00+00:00
[2023-02-23 20:19:48,938] {scheduler_job.py:190} INFO - Processing /home/airflow/.local/lib/python3.6/site-packages/airflow/example_dags/example_latest_only.py took 0.048 seconds
[2023-02-23 20:20:19,318] {scheduler_job.py:182} INFO - Started process (PID=4187) to work on /home/airflow/.local/lib/python3.6/site-packages/airflow/example_dags/example_latest_only.py
[2023-02-23 20:20:19,319] {scheduler_job.py:633} INFO - Processing file /home/airflow/.local/lib/python3.6/site-packages/airflow/example_dags/example_latest_only.py for tasks to queue
[2023-02-23 20:20:19,320] {logging_mixin.py:104} INFO - [2023-02-23 20:20:19,319] {dagbag.py:496} INFO - Filling up the DagBag from /home/airflow/.local/lib/python3.6/site-packages/airflow/example_dags/example_latest_only.py
[2023-02-23 20:20:19,328] {scheduler_job.py:643} INFO - DAG(s) dict_keys(['latest_only']) retrieved from /home/airflow/.local/lib/python3.6/site-packages/airflow/example_dags/example_latest_only.py
[2023-02-23 20:20:19,344] {logging_mixin.py:104} INFO - [2023-02-23 20:20:19,344] {dag.py:1833} INFO - Sync 1 DAGs
[2023-02-23 20:20:19,369] {logging_mixin.py:104} INFO - [2023-02-23 20:20:19,368] {dag.py:2306} INFO - Setting next_dagrun for latest_only to 2023-02-21 00:00:00+00:00
[2023-02-23 20:20:19,377] {scheduler_job.py:190} INFO - Processing /home/airflow/.local/lib/python3.6/site-packages/airflow/example_dags/example_latest_only.py took 0.062 seconds
[2023-02-23 20:20:49,851] {scheduler_job.py:182} INFO - Started process (PID=4248) to work on /home/airflow/.local/lib/python3.6/site-packages/airflow/example_dags/example_latest_only.py
[2023-02-23 20:20:49,852] {scheduler_job.py:633} INFO - Processing file /home/airflow/.local/lib/python3.6/site-packages/airflow/example_dags/example_latest_only.py for tasks to queue
[2023-02-23 20:20:49,853] {logging_mixin.py:104} INFO - [2023-02-23 20:20:49,852] {dagbag.py:496} INFO - Filling up the DagBag from /home/airflow/.local/lib/python3.6/site-packages/airflow/example_dags/example_latest_only.py
[2023-02-23 20:20:49,861] {scheduler_job.py:643} INFO - DAG(s) dict_keys(['latest_only']) retrieved from /home/airflow/.local/lib/python3.6/site-packages/airflow/example_dags/example_latest_only.py
[2023-02-23 20:20:49,877] {logging_mixin.py:104} INFO - [2023-02-23 20:20:49,876] {dag.py:1833} INFO - Sync 1 DAGs
[2023-02-23 20:20:49,888] {logging_mixin.py:104} INFO - [2023-02-23 20:20:49,888] {dag.py:2306} INFO - Setting next_dagrun for latest_only to 2023-02-21 00:00:00+00:00
[2023-02-23 20:20:49,895] {scheduler_job.py:190} INFO - Processing /home/airflow/.local/lib/python3.6/site-packages/airflow/example_dags/example_latest_only.py took 0.046 seconds
[2023-02-23 20:21:20,210] {scheduler_job.py:182} INFO - Started process (PID=4299) to work on /home/airflow/.local/lib/python3.6/site-packages/airflow/example_dags/example_latest_only.py
[2023-02-23 20:21:20,211] {scheduler_job.py:633} INFO - Processing file /home/airflow/.local/lib/python3.6/site-packages/airflow/example_dags/example_latest_only.py for tasks to queue
[2023-02-23 20:21:20,211] {logging_mixin.py:104} INFO - [2023-02-23 20:21:20,211] {dagbag.py:496} INFO - Filling up the DagBag from /home/airflow/.local/lib/python3.6/site-packages/airflow/example_dags/example_latest_only.py
[2023-02-23 20:21:20,220] {scheduler_job.py:643} INFO - DAG(s) dict_keys(['latest_only']) retrieved from /home/airflow/.local/lib/python3.6/site-packages/airflow/example_dags/example_latest_only.py
[2023-02-23 20:21:20,236] {logging_mixin.py:104} INFO - [2023-02-23 20:21:20,236] {dag.py:1833} INFO - Sync 1 DAGs
[2023-02-23 20:21:20,249] {logging_mixin.py:104} INFO - [2023-02-23 20:21:20,249] {dag.py:2306} INFO - Setting next_dagrun for latest_only to 2023-02-21 00:00:00+00:00
[2023-02-23 20:21:20,257] {scheduler_job.py:190} INFO - Processing /home/airflow/.local/lib/python3.6/site-packages/airflow/example_dags/example_latest_only.py took 0.049 seconds
[2023-02-23 20:21:50,456] {scheduler_job.py:182} INFO - Started process (PID=4360) to work on /home/airflow/.local/lib/python3.6/site-packages/airflow/example_dags/example_latest_only.py
[2023-02-23 20:21:50,457] {scheduler_job.py:633} INFO - Processing file /home/airflow/.local/lib/python3.6/site-packages/airflow/example_dags/example_latest_only.py for tasks to queue
[2023-02-23 20:21:50,457] {logging_mixin.py:104} INFO - [2023-02-23 20:21:50,457] {dagbag.py:496} INFO - Filling up the DagBag from /home/airflow/.local/lib/python3.6/site-packages/airflow/example_dags/example_latest_only.py
[2023-02-23 20:21:50,466] {scheduler_job.py:643} INFO - DAG(s) dict_keys(['latest_only']) retrieved from /home/airflow/.local/lib/python3.6/site-packages/airflow/example_dags/example_latest_only.py
[2023-02-23 20:21:50,482] {logging_mixin.py:104} INFO - [2023-02-23 20:21:50,482] {dag.py:1833} INFO - Sync 1 DAGs
[2023-02-23 20:21:50,494] {logging_mixin.py:104} INFO - [2023-02-23 20:21:50,494] {dag.py:2306} INFO - Setting next_dagrun for latest_only to 2023-02-21 00:00:00+00:00
[2023-02-23 20:21:50,502] {scheduler_job.py:190} INFO - Processing /home/airflow/.local/lib/python3.6/site-packages/airflow/example_dags/example_latest_only.py took 0.048 seconds
