[2023-02-23 19:43:01,174] {scheduler_job.py:182} INFO - Started process (PID=80) to work on /home/airflow/.local/lib/python3.6/site-packages/airflow/example_dags/example_subdag_operator.py
[2023-02-23 19:43:01,175] {scheduler_job.py:633} INFO - Processing file /home/airflow/.local/lib/python3.6/site-packages/airflow/example_dags/example_subdag_operator.py for tasks to queue
[2023-02-23 19:43:01,175] {logging_mixin.py:104} INFO - [2023-02-23 19:43:01,175] {dagbag.py:496} INFO - Filling up the DagBag from /home/airflow/.local/lib/python3.6/site-packages/airflow/example_dags/example_subdag_operator.py
[2023-02-23 19:43:01,204] {scheduler_job.py:643} INFO - DAG(s) dict_keys(['example_subdag_operator.section-1', 'example_subdag_operator.section-2', 'example_subdag_operator']) retrieved from /home/airflow/.local/lib/python3.6/site-packages/airflow/example_dags/example_subdag_operator.py
[2023-02-23 19:43:01,215] {logging_mixin.py:104} INFO - [2023-02-23 19:43:01,215] {dag.py:1833} INFO - Sync 3 DAGs
[2023-02-23 19:43:01,272] {logging_mixin.py:104} INFO - [2023-02-23 19:43:01,272] {dag.py:2306} INFO - Setting next_dagrun for example_subdag_operator to 2023-02-21 00:00:00+00:00
[2023-02-23 19:43:01,273] {logging_mixin.py:104} INFO - [2023-02-23 19:43:01,273] {dag.py:2306} INFO - Setting next_dagrun for example_subdag_operator.section-1 to None
[2023-02-23 19:43:01,273] {logging_mixin.py:104} INFO - [2023-02-23 19:43:01,273] {dag.py:2306} INFO - Setting next_dagrun for example_subdag_operator.section-2 to None
[2023-02-23 19:43:01,280] {logging_mixin.py:104} INFO - [2023-02-23 19:43:01,280] {dag.py:1833} INFO - Sync 2 DAGs
[2023-02-23 19:43:01,288] {logging_mixin.py:104} INFO - [2023-02-23 19:43:01,288] {dag.py:2306} INFO - Setting next_dagrun for example_subdag_operator.section-1 to None
[2023-02-23 19:43:01,288] {logging_mixin.py:104} INFO - [2023-02-23 19:43:01,288] {dag.py:2306} INFO - Setting next_dagrun for example_subdag_operator.section-2 to None
[2023-02-23 19:43:01,294] {scheduler_job.py:190} INFO - Processing /home/airflow/.local/lib/python3.6/site-packages/airflow/example_dags/example_subdag_operator.py took 0.122 seconds
[2023-02-23 19:43:31,439] {scheduler_job.py:182} INFO - Started process (PID=131) to work on /home/airflow/.local/lib/python3.6/site-packages/airflow/example_dags/example_subdag_operator.py
[2023-02-23 19:43:31,439] {scheduler_job.py:633} INFO - Processing file /home/airflow/.local/lib/python3.6/site-packages/airflow/example_dags/example_subdag_operator.py for tasks to queue
[2023-02-23 19:43:31,440] {logging_mixin.py:104} INFO - [2023-02-23 19:43:31,440] {dagbag.py:496} INFO - Filling up the DagBag from /home/airflow/.local/lib/python3.6/site-packages/airflow/example_dags/example_subdag_operator.py
[2023-02-23 19:43:31,487] {scheduler_job.py:643} INFO - DAG(s) dict_keys(['example_subdag_operator.section-1', 'example_subdag_operator.section-2', 'example_subdag_operator']) retrieved from /home/airflow/.local/lib/python3.6/site-packages/airflow/example_dags/example_subdag_operator.py
[2023-02-23 19:43:31,497] {logging_mixin.py:104} INFO - [2023-02-23 19:43:31,497] {dag.py:1833} INFO - Sync 3 DAGs
[2023-02-23 19:43:31,510] {logging_mixin.py:104} INFO - [2023-02-23 19:43:31,510] {dag.py:2306} INFO - Setting next_dagrun for example_subdag_operator to 2023-02-21 00:00:00+00:00
[2023-02-23 19:43:31,511] {logging_mixin.py:104} INFO - [2023-02-23 19:43:31,511] {dag.py:2306} INFO - Setting next_dagrun for example_subdag_operator.section-1 to None
[2023-02-23 19:43:31,511] {logging_mixin.py:104} INFO - [2023-02-23 19:43:31,511] {dag.py:2306} INFO - Setting next_dagrun for example_subdag_operator.section-2 to None
[2023-02-23 19:43:31,518] {logging_mixin.py:104} INFO - [2023-02-23 19:43:31,518] {dag.py:1833} INFO - Sync 2 DAGs
[2023-02-23 19:43:31,525] {logging_mixin.py:104} INFO - [2023-02-23 19:43:31,525] {dag.py:2306} INFO - Setting next_dagrun for example_subdag_operator.section-1 to None
[2023-02-23 19:43:31,525] {logging_mixin.py:104} INFO - [2023-02-23 19:43:31,525] {dag.py:2306} INFO - Setting next_dagrun for example_subdag_operator.section-2 to None
[2023-02-23 19:43:31,530] {scheduler_job.py:190} INFO - Processing /home/airflow/.local/lib/python3.6/site-packages/airflow/example_dags/example_subdag_operator.py took 0.094 seconds
[2023-02-23 19:44:02,137] {scheduler_job.py:182} INFO - Started process (PID=192) to work on /home/airflow/.local/lib/python3.6/site-packages/airflow/example_dags/example_subdag_operator.py
[2023-02-23 19:44:02,137] {scheduler_job.py:633} INFO - Processing file /home/airflow/.local/lib/python3.6/site-packages/airflow/example_dags/example_subdag_operator.py for tasks to queue
[2023-02-23 19:44:02,138] {logging_mixin.py:104} INFO - [2023-02-23 19:44:02,138] {dagbag.py:496} INFO - Filling up the DagBag from /home/airflow/.local/lib/python3.6/site-packages/airflow/example_dags/example_subdag_operator.py
[2023-02-23 19:44:02,165] {scheduler_job.py:643} INFO - DAG(s) dict_keys(['example_subdag_operator.section-1', 'example_subdag_operator.section-2', 'example_subdag_operator']) retrieved from /home/airflow/.local/lib/python3.6/site-packages/airflow/example_dags/example_subdag_operator.py
[2023-02-23 19:44:02,174] {logging_mixin.py:104} INFO - [2023-02-23 19:44:02,174] {dag.py:1833} INFO - Sync 3 DAGs
[2023-02-23 19:44:02,186] {logging_mixin.py:104} INFO - [2023-02-23 19:44:02,185] {dag.py:2306} INFO - Setting next_dagrun for example_subdag_operator to 2023-02-21 00:00:00+00:00
[2023-02-23 19:44:02,186] {logging_mixin.py:104} INFO - [2023-02-23 19:44:02,186] {dag.py:2306} INFO - Setting next_dagrun for example_subdag_operator.section-1 to None
[2023-02-23 19:44:02,186] {logging_mixin.py:104} INFO - [2023-02-23 19:44:02,186] {dag.py:2306} INFO - Setting next_dagrun for example_subdag_operator.section-2 to None
[2023-02-23 19:44:02,192] {logging_mixin.py:104} INFO - [2023-02-23 19:44:02,192] {dag.py:1833} INFO - Sync 2 DAGs
[2023-02-23 19:44:02,197] {logging_mixin.py:104} INFO - [2023-02-23 19:44:02,197] {dag.py:2306} INFO - Setting next_dagrun for example_subdag_operator.section-1 to None
[2023-02-23 19:44:02,197] {logging_mixin.py:104} INFO - [2023-02-23 19:44:02,197] {dag.py:2306} INFO - Setting next_dagrun for example_subdag_operator.section-2 to None
[2023-02-23 19:44:02,201] {scheduler_job.py:190} INFO - Processing /home/airflow/.local/lib/python3.6/site-packages/airflow/example_dags/example_subdag_operator.py took 0.067 seconds
[2023-02-23 19:44:32,989] {scheduler_job.py:182} INFO - Started process (PID=253) to work on /home/airflow/.local/lib/python3.6/site-packages/airflow/example_dags/example_subdag_operator.py
[2023-02-23 19:44:32,990] {scheduler_job.py:633} INFO - Processing file /home/airflow/.local/lib/python3.6/site-packages/airflow/example_dags/example_subdag_operator.py for tasks to queue
[2023-02-23 19:44:32,991] {logging_mixin.py:104} INFO - [2023-02-23 19:44:32,991] {dagbag.py:496} INFO - Filling up the DagBag from /home/airflow/.local/lib/python3.6/site-packages/airflow/example_dags/example_subdag_operator.py
[2023-02-23 19:44:33,020] {scheduler_job.py:643} INFO - DAG(s) dict_keys(['example_subdag_operator.section-1', 'example_subdag_operator.section-2', 'example_subdag_operator']) retrieved from /home/airflow/.local/lib/python3.6/site-packages/airflow/example_dags/example_subdag_operator.py
[2023-02-23 19:44:33,033] {logging_mixin.py:104} INFO - [2023-02-23 19:44:33,033] {dag.py:1833} INFO - Sync 3 DAGs
[2023-02-23 19:44:33,075] {logging_mixin.py:104} INFO - [2023-02-23 19:44:33,075] {dag.py:2306} INFO - Setting next_dagrun for example_subdag_operator to 2023-02-21 00:00:00+00:00
[2023-02-23 19:44:33,076] {logging_mixin.py:104} INFO - [2023-02-23 19:44:33,076] {dag.py:2306} INFO - Setting next_dagrun for example_subdag_operator.section-1 to None
[2023-02-23 19:44:33,076] {logging_mixin.py:104} INFO - [2023-02-23 19:44:33,076] {dag.py:2306} INFO - Setting next_dagrun for example_subdag_operator.section-2 to None
[2023-02-23 19:44:33,083] {logging_mixin.py:104} INFO - [2023-02-23 19:44:33,083] {dag.py:1833} INFO - Sync 2 DAGs
[2023-02-23 19:44:33,090] {logging_mixin.py:104} INFO - [2023-02-23 19:44:33,090] {dag.py:2306} INFO - Setting next_dagrun for example_subdag_operator.section-1 to None
[2023-02-23 19:44:33,091] {logging_mixin.py:104} INFO - [2023-02-23 19:44:33,091] {dag.py:2306} INFO - Setting next_dagrun for example_subdag_operator.section-2 to None
[2023-02-23 19:44:33,096] {scheduler_job.py:190} INFO - Processing /home/airflow/.local/lib/python3.6/site-packages/airflow/example_dags/example_subdag_operator.py took 0.110 seconds
[2023-02-23 19:45:03,723] {scheduler_job.py:182} INFO - Started process (PID=304) to work on /home/airflow/.local/lib/python3.6/site-packages/airflow/example_dags/example_subdag_operator.py
[2023-02-23 19:45:03,724] {scheduler_job.py:633} INFO - Processing file /home/airflow/.local/lib/python3.6/site-packages/airflow/example_dags/example_subdag_operator.py for tasks to queue
[2023-02-23 19:45:03,724] {logging_mixin.py:104} INFO - [2023-02-23 19:45:03,724] {dagbag.py:496} INFO - Filling up the DagBag from /home/airflow/.local/lib/python3.6/site-packages/airflow/example_dags/example_subdag_operator.py
[2023-02-23 19:45:03,748] {scheduler_job.py:643} INFO - DAG(s) dict_keys(['example_subdag_operator.section-1', 'example_subdag_operator.section-2', 'example_subdag_operator']) retrieved from /home/airflow/.local/lib/python3.6/site-packages/airflow/example_dags/example_subdag_operator.py
[2023-02-23 19:45:03,758] {logging_mixin.py:104} INFO - [2023-02-23 19:45:03,757] {dag.py:1833} INFO - Sync 3 DAGs
[2023-02-23 19:45:03,770] {logging_mixin.py:104} INFO - [2023-02-23 19:45:03,770] {dag.py:2306} INFO - Setting next_dagrun for example_subdag_operator to 2023-02-21 00:00:00+00:00
[2023-02-23 19:45:03,770] {logging_mixin.py:104} INFO - [2023-02-23 19:45:03,770] {dag.py:2306} INFO - Setting next_dagrun for example_subdag_operator.section-1 to None
[2023-02-23 19:45:03,771] {logging_mixin.py:104} INFO - [2023-02-23 19:45:03,771] {dag.py:2306} INFO - Setting next_dagrun for example_subdag_operator.section-2 to None
[2023-02-23 19:45:03,776] {logging_mixin.py:104} INFO - [2023-02-23 19:45:03,776] {dag.py:1833} INFO - Sync 2 DAGs
[2023-02-23 19:45:03,782] {logging_mixin.py:104} INFO - [2023-02-23 19:45:03,782] {dag.py:2306} INFO - Setting next_dagrun for example_subdag_operator.section-1 to None
[2023-02-23 19:45:03,782] {logging_mixin.py:104} INFO - [2023-02-23 19:45:03,782] {dag.py:2306} INFO - Setting next_dagrun for example_subdag_operator.section-2 to None
[2023-02-23 19:45:03,787] {scheduler_job.py:190} INFO - Processing /home/airflow/.local/lib/python3.6/site-packages/airflow/example_dags/example_subdag_operator.py took 0.067 seconds
[2023-02-23 19:45:34,595] {scheduler_job.py:182} INFO - Started process (PID=365) to work on /home/airflow/.local/lib/python3.6/site-packages/airflow/example_dags/example_subdag_operator.py
[2023-02-23 19:45:34,596] {scheduler_job.py:633} INFO - Processing file /home/airflow/.local/lib/python3.6/site-packages/airflow/example_dags/example_subdag_operator.py for tasks to queue
[2023-02-23 19:45:34,596] {logging_mixin.py:104} INFO - [2023-02-23 19:45:34,596] {dagbag.py:496} INFO - Filling up the DagBag from /home/airflow/.local/lib/python3.6/site-packages/airflow/example_dags/example_subdag_operator.py
[2023-02-23 19:45:34,621] {scheduler_job.py:643} INFO - DAG(s) dict_keys(['example_subdag_operator.section-1', 'example_subdag_operator.section-2', 'example_subdag_operator']) retrieved from /home/airflow/.local/lib/python3.6/site-packages/airflow/example_dags/example_subdag_operator.py
[2023-02-23 19:45:34,631] {logging_mixin.py:104} INFO - [2023-02-23 19:45:34,631] {dag.py:1833} INFO - Sync 3 DAGs
[2023-02-23 19:45:34,643] {logging_mixin.py:104} INFO - [2023-02-23 19:45:34,643] {dag.py:2306} INFO - Setting next_dagrun for example_subdag_operator to 2023-02-21 00:00:00+00:00
[2023-02-23 19:45:34,644] {logging_mixin.py:104} INFO - [2023-02-23 19:45:34,644] {dag.py:2306} INFO - Setting next_dagrun for example_subdag_operator.section-1 to None
[2023-02-23 19:45:34,644] {logging_mixin.py:104} INFO - [2023-02-23 19:45:34,644] {dag.py:2306} INFO - Setting next_dagrun for example_subdag_operator.section-2 to None
[2023-02-23 19:45:34,650] {logging_mixin.py:104} INFO - [2023-02-23 19:45:34,650] {dag.py:1833} INFO - Sync 2 DAGs
[2023-02-23 19:45:34,656] {logging_mixin.py:104} INFO - [2023-02-23 19:45:34,656] {dag.py:2306} INFO - Setting next_dagrun for example_subdag_operator.section-1 to None
[2023-02-23 19:45:34,656] {logging_mixin.py:104} INFO - [2023-02-23 19:45:34,656] {dag.py:2306} INFO - Setting next_dagrun for example_subdag_operator.section-2 to None
[2023-02-23 19:45:34,661] {scheduler_job.py:190} INFO - Processing /home/airflow/.local/lib/python3.6/site-packages/airflow/example_dags/example_subdag_operator.py took 0.068 seconds
[2023-02-23 19:46:05,276] {scheduler_job.py:182} INFO - Started process (PID=416) to work on /home/airflow/.local/lib/python3.6/site-packages/airflow/example_dags/example_subdag_operator.py
[2023-02-23 19:46:05,277] {scheduler_job.py:633} INFO - Processing file /home/airflow/.local/lib/python3.6/site-packages/airflow/example_dags/example_subdag_operator.py for tasks to queue
[2023-02-23 19:46:05,277] {logging_mixin.py:104} INFO - [2023-02-23 19:46:05,277] {dagbag.py:496} INFO - Filling up the DagBag from /home/airflow/.local/lib/python3.6/site-packages/airflow/example_dags/example_subdag_operator.py
[2023-02-23 19:46:05,302] {scheduler_job.py:643} INFO - DAG(s) dict_keys(['example_subdag_operator.section-1', 'example_subdag_operator.section-2', 'example_subdag_operator']) retrieved from /home/airflow/.local/lib/python3.6/site-packages/airflow/example_dags/example_subdag_operator.py
[2023-02-23 19:46:05,313] {logging_mixin.py:104} INFO - [2023-02-23 19:46:05,313] {dag.py:1833} INFO - Sync 3 DAGs
[2023-02-23 19:46:05,327] {logging_mixin.py:104} INFO - [2023-02-23 19:46:05,326] {dag.py:2306} INFO - Setting next_dagrun for example_subdag_operator to 2023-02-21 00:00:00+00:00
[2023-02-23 19:46:05,328] {logging_mixin.py:104} INFO - [2023-02-23 19:46:05,327] {dag.py:2306} INFO - Setting next_dagrun for example_subdag_operator.section-1 to None
[2023-02-23 19:46:05,328] {logging_mixin.py:104} INFO - [2023-02-23 19:46:05,328] {dag.py:2306} INFO - Setting next_dagrun for example_subdag_operator.section-2 to None
[2023-02-23 19:46:05,333] {logging_mixin.py:104} INFO - [2023-02-23 19:46:05,333] {dag.py:1833} INFO - Sync 2 DAGs
[2023-02-23 19:46:05,339] {logging_mixin.py:104} INFO - [2023-02-23 19:46:05,339] {dag.py:2306} INFO - Setting next_dagrun for example_subdag_operator.section-1 to None
[2023-02-23 19:46:05,340] {logging_mixin.py:104} INFO - [2023-02-23 19:46:05,340] {dag.py:2306} INFO - Setting next_dagrun for example_subdag_operator.section-2 to None
[2023-02-23 19:46:05,344] {scheduler_job.py:190} INFO - Processing /home/airflow/.local/lib/python3.6/site-packages/airflow/example_dags/example_subdag_operator.py took 0.071 seconds
[2023-02-23 19:46:35,930] {scheduler_job.py:182} INFO - Started process (PID=477) to work on /home/airflow/.local/lib/python3.6/site-packages/airflow/example_dags/example_subdag_operator.py
[2023-02-23 19:46:35,930] {scheduler_job.py:633} INFO - Processing file /home/airflow/.local/lib/python3.6/site-packages/airflow/example_dags/example_subdag_operator.py for tasks to queue
[2023-02-23 19:46:35,931] {logging_mixin.py:104} INFO - [2023-02-23 19:46:35,931] {dagbag.py:496} INFO - Filling up the DagBag from /home/airflow/.local/lib/python3.6/site-packages/airflow/example_dags/example_subdag_operator.py
[2023-02-23 19:46:35,987] {scheduler_job.py:643} INFO - DAG(s) dict_keys(['example_subdag_operator.section-1', 'example_subdag_operator.section-2', 'example_subdag_operator']) retrieved from /home/airflow/.local/lib/python3.6/site-packages/airflow/example_dags/example_subdag_operator.py
[2023-02-23 19:46:36,001] {logging_mixin.py:104} INFO - [2023-02-23 19:46:36,000] {dag.py:1833} INFO - Sync 3 DAGs
[2023-02-23 19:46:36,017] {logging_mixin.py:104} INFO - [2023-02-23 19:46:36,016] {dag.py:2306} INFO - Setting next_dagrun for example_subdag_operator to 2023-02-21 00:00:00+00:00
[2023-02-23 19:46:36,017] {logging_mixin.py:104} INFO - [2023-02-23 19:46:36,017] {dag.py:2306} INFO - Setting next_dagrun for example_subdag_operator.section-1 to None
[2023-02-23 19:46:36,018] {logging_mixin.py:104} INFO - [2023-02-23 19:46:36,018] {dag.py:2306} INFO - Setting next_dagrun for example_subdag_operator.section-2 to None
[2023-02-23 19:46:36,024] {logging_mixin.py:104} INFO - [2023-02-23 19:46:36,024] {dag.py:1833} INFO - Sync 2 DAGs
[2023-02-23 19:46:36,071] {logging_mixin.py:104} INFO - [2023-02-23 19:46:36,071] {dag.py:2306} INFO - Setting next_dagrun for example_subdag_operator.section-1 to None
[2023-02-23 19:46:36,071] {logging_mixin.py:104} INFO - [2023-02-23 19:46:36,071] {dag.py:2306} INFO - Setting next_dagrun for example_subdag_operator.section-2 to None
[2023-02-23 19:46:36,078] {scheduler_job.py:190} INFO - Processing /home/airflow/.local/lib/python3.6/site-packages/airflow/example_dags/example_subdag_operator.py took 0.150 seconds
[2023-02-23 19:47:06,746] {scheduler_job.py:182} INFO - Started process (PID=528) to work on /home/airflow/.local/lib/python3.6/site-packages/airflow/example_dags/example_subdag_operator.py
[2023-02-23 19:47:06,746] {scheduler_job.py:633} INFO - Processing file /home/airflow/.local/lib/python3.6/site-packages/airflow/example_dags/example_subdag_operator.py for tasks to queue
[2023-02-23 19:47:06,747] {logging_mixin.py:104} INFO - [2023-02-23 19:47:06,746] {dagbag.py:496} INFO - Filling up the DagBag from /home/airflow/.local/lib/python3.6/site-packages/airflow/example_dags/example_subdag_operator.py
[2023-02-23 19:47:06,771] {scheduler_job.py:643} INFO - DAG(s) dict_keys(['example_subdag_operator.section-1', 'example_subdag_operator.section-2', 'example_subdag_operator']) retrieved from /home/airflow/.local/lib/python3.6/site-packages/airflow/example_dags/example_subdag_operator.py
[2023-02-23 19:47:06,781] {logging_mixin.py:104} INFO - [2023-02-23 19:47:06,781] {dag.py:1833} INFO - Sync 3 DAGs
[2023-02-23 19:47:06,794] {logging_mixin.py:104} INFO - [2023-02-23 19:47:06,794] {dag.py:2306} INFO - Setting next_dagrun for example_subdag_operator to 2023-02-21 00:00:00+00:00
[2023-02-23 19:47:06,795] {logging_mixin.py:104} INFO - [2023-02-23 19:47:06,795] {dag.py:2306} INFO - Setting next_dagrun for example_subdag_operator.section-1 to None
[2023-02-23 19:47:06,795] {logging_mixin.py:104} INFO - [2023-02-23 19:47:06,795] {dag.py:2306} INFO - Setting next_dagrun for example_subdag_operator.section-2 to None
[2023-02-23 19:47:06,801] {logging_mixin.py:104} INFO - [2023-02-23 19:47:06,801] {dag.py:1833} INFO - Sync 2 DAGs
[2023-02-23 19:47:06,808] {logging_mixin.py:104} INFO - [2023-02-23 19:47:06,808] {dag.py:2306} INFO - Setting next_dagrun for example_subdag_operator.section-1 to None
[2023-02-23 19:47:06,808] {logging_mixin.py:104} INFO - [2023-02-23 19:47:06,808] {dag.py:2306} INFO - Setting next_dagrun for example_subdag_operator.section-2 to None
[2023-02-23 19:47:06,813] {scheduler_job.py:190} INFO - Processing /home/airflow/.local/lib/python3.6/site-packages/airflow/example_dags/example_subdag_operator.py took 0.069 seconds
[2023-02-23 19:47:37,373] {scheduler_job.py:182} INFO - Started process (PID=589) to work on /home/airflow/.local/lib/python3.6/site-packages/airflow/example_dags/example_subdag_operator.py
[2023-02-23 19:47:37,373] {scheduler_job.py:633} INFO - Processing file /home/airflow/.local/lib/python3.6/site-packages/airflow/example_dags/example_subdag_operator.py for tasks to queue
[2023-02-23 19:47:37,374] {logging_mixin.py:104} INFO - [2023-02-23 19:47:37,373] {dagbag.py:496} INFO - Filling up the DagBag from /home/airflow/.local/lib/python3.6/site-packages/airflow/example_dags/example_subdag_operator.py
[2023-02-23 19:47:37,401] {scheduler_job.py:643} INFO - DAG(s) dict_keys(['example_subdag_operator.section-1', 'example_subdag_operator.section-2', 'example_subdag_operator']) retrieved from /home/airflow/.local/lib/python3.6/site-packages/airflow/example_dags/example_subdag_operator.py
[2023-02-23 19:47:37,411] {logging_mixin.py:104} INFO - [2023-02-23 19:47:37,411] {dag.py:1833} INFO - Sync 3 DAGs
[2023-02-23 19:47:37,424] {logging_mixin.py:104} INFO - [2023-02-23 19:47:37,424] {dag.py:2306} INFO - Setting next_dagrun for example_subdag_operator to 2023-02-21 00:00:00+00:00
[2023-02-23 19:47:37,425] {logging_mixin.py:104} INFO - [2023-02-23 19:47:37,425] {dag.py:2306} INFO - Setting next_dagrun for example_subdag_operator.section-1 to None
[2023-02-23 19:47:37,425] {logging_mixin.py:104} INFO - [2023-02-23 19:47:37,425] {dag.py:2306} INFO - Setting next_dagrun for example_subdag_operator.section-2 to None
[2023-02-23 19:47:37,432] {logging_mixin.py:104} INFO - [2023-02-23 19:47:37,431] {dag.py:1833} INFO - Sync 2 DAGs
[2023-02-23 19:47:37,438] {logging_mixin.py:104} INFO - [2023-02-23 19:47:37,438] {dag.py:2306} INFO - Setting next_dagrun for example_subdag_operator.section-1 to None
[2023-02-23 19:47:37,438] {logging_mixin.py:104} INFO - [2023-02-23 19:47:37,438] {dag.py:2306} INFO - Setting next_dagrun for example_subdag_operator.section-2 to None
[2023-02-23 19:47:37,443] {scheduler_job.py:190} INFO - Processing /home/airflow/.local/lib/python3.6/site-packages/airflow/example_dags/example_subdag_operator.py took 0.073 seconds
[2023-02-23 19:48:07,938] {scheduler_job.py:182} INFO - Started process (PID=650) to work on /home/airflow/.local/lib/python3.6/site-packages/airflow/example_dags/example_subdag_operator.py
[2023-02-23 19:48:07,939] {scheduler_job.py:633} INFO - Processing file /home/airflow/.local/lib/python3.6/site-packages/airflow/example_dags/example_subdag_operator.py for tasks to queue
[2023-02-23 19:48:07,939] {logging_mixin.py:104} INFO - [2023-02-23 19:48:07,939] {dagbag.py:496} INFO - Filling up the DagBag from /home/airflow/.local/lib/python3.6/site-packages/airflow/example_dags/example_subdag_operator.py
[2023-02-23 19:48:07,964] {scheduler_job.py:643} INFO - DAG(s) dict_keys(['example_subdag_operator.section-1', 'example_subdag_operator.section-2', 'example_subdag_operator']) retrieved from /home/airflow/.local/lib/python3.6/site-packages/airflow/example_dags/example_subdag_operator.py
[2023-02-23 19:48:07,974] {logging_mixin.py:104} INFO - [2023-02-23 19:48:07,974] {dag.py:1833} INFO - Sync 3 DAGs
[2023-02-23 19:48:07,988] {logging_mixin.py:104} INFO - [2023-02-23 19:48:07,988] {dag.py:2306} INFO - Setting next_dagrun for example_subdag_operator to 2023-02-21 00:00:00+00:00
[2023-02-23 19:48:07,988] {logging_mixin.py:104} INFO - [2023-02-23 19:48:07,988] {dag.py:2306} INFO - Setting next_dagrun for example_subdag_operator.section-1 to None
[2023-02-23 19:48:07,989] {logging_mixin.py:104} INFO - [2023-02-23 19:48:07,989] {dag.py:2306} INFO - Setting next_dagrun for example_subdag_operator.section-2 to None
[2023-02-23 19:48:07,995] {logging_mixin.py:104} INFO - [2023-02-23 19:48:07,995] {dag.py:1833} INFO - Sync 2 DAGs
[2023-02-23 19:48:08,002] {logging_mixin.py:104} INFO - [2023-02-23 19:48:08,001] {dag.py:2306} INFO - Setting next_dagrun for example_subdag_operator.section-1 to None
[2023-02-23 19:48:08,002] {logging_mixin.py:104} INFO - [2023-02-23 19:48:08,002] {dag.py:2306} INFO - Setting next_dagrun for example_subdag_operator.section-2 to None
[2023-02-23 19:48:08,007] {scheduler_job.py:190} INFO - Processing /home/airflow/.local/lib/python3.6/site-packages/airflow/example_dags/example_subdag_operator.py took 0.072 seconds
[2023-02-23 19:48:38,570] {scheduler_job.py:182} INFO - Started process (PID=701) to work on /home/airflow/.local/lib/python3.6/site-packages/airflow/example_dags/example_subdag_operator.py
[2023-02-23 19:48:38,570] {scheduler_job.py:633} INFO - Processing file /home/airflow/.local/lib/python3.6/site-packages/airflow/example_dags/example_subdag_operator.py for tasks to queue
[2023-02-23 19:48:38,571] {logging_mixin.py:104} INFO - [2023-02-23 19:48:38,571] {dagbag.py:496} INFO - Filling up the DagBag from /home/airflow/.local/lib/python3.6/site-packages/airflow/example_dags/example_subdag_operator.py
[2023-02-23 19:48:38,595] {scheduler_job.py:643} INFO - DAG(s) dict_keys(['example_subdag_operator.section-1', 'example_subdag_operator.section-2', 'example_subdag_operator']) retrieved from /home/airflow/.local/lib/python3.6/site-packages/airflow/example_dags/example_subdag_operator.py
[2023-02-23 19:48:38,607] {logging_mixin.py:104} INFO - [2023-02-23 19:48:38,606] {dag.py:1833} INFO - Sync 3 DAGs
[2023-02-23 19:48:38,621] {logging_mixin.py:104} INFO - [2023-02-23 19:48:38,621] {dag.py:2306} INFO - Setting next_dagrun for example_subdag_operator to 2023-02-21 00:00:00+00:00
[2023-02-23 19:48:38,622] {logging_mixin.py:104} INFO - [2023-02-23 19:48:38,622] {dag.py:2306} INFO - Setting next_dagrun for example_subdag_operator.section-1 to None
[2023-02-23 19:48:38,623] {logging_mixin.py:104} INFO - [2023-02-23 19:48:38,623] {dag.py:2306} INFO - Setting next_dagrun for example_subdag_operator.section-2 to None
[2023-02-23 19:48:38,629] {logging_mixin.py:104} INFO - [2023-02-23 19:48:38,629] {dag.py:1833} INFO - Sync 2 DAGs
[2023-02-23 19:48:38,636] {logging_mixin.py:104} INFO - [2023-02-23 19:48:38,636] {dag.py:2306} INFO - Setting next_dagrun for example_subdag_operator.section-1 to None
[2023-02-23 19:48:38,637] {logging_mixin.py:104} INFO - [2023-02-23 19:48:38,637] {dag.py:2306} INFO - Setting next_dagrun for example_subdag_operator.section-2 to None
[2023-02-23 19:48:38,642] {scheduler_job.py:190} INFO - Processing /home/airflow/.local/lib/python3.6/site-packages/airflow/example_dags/example_subdag_operator.py took 0.079 seconds
[2023-02-23 19:49:09,113] {scheduler_job.py:182} INFO - Started process (PID=762) to work on /home/airflow/.local/lib/python3.6/site-packages/airflow/example_dags/example_subdag_operator.py
[2023-02-23 19:49:09,114] {scheduler_job.py:633} INFO - Processing file /home/airflow/.local/lib/python3.6/site-packages/airflow/example_dags/example_subdag_operator.py for tasks to queue
[2023-02-23 19:49:09,114] {logging_mixin.py:104} INFO - [2023-02-23 19:49:09,114] {dagbag.py:496} INFO - Filling up the DagBag from /home/airflow/.local/lib/python3.6/site-packages/airflow/example_dags/example_subdag_operator.py
[2023-02-23 19:49:09,137] {scheduler_job.py:643} INFO - DAG(s) dict_keys(['example_subdag_operator.section-1', 'example_subdag_operator.section-2', 'example_subdag_operator']) retrieved from /home/airflow/.local/lib/python3.6/site-packages/airflow/example_dags/example_subdag_operator.py
[2023-02-23 19:49:09,146] {logging_mixin.py:104} INFO - [2023-02-23 19:49:09,146] {dag.py:1833} INFO - Sync 3 DAGs
[2023-02-23 19:49:09,157] {logging_mixin.py:104} INFO - [2023-02-23 19:49:09,157] {dag.py:2306} INFO - Setting next_dagrun for example_subdag_operator to 2023-02-21 00:00:00+00:00
[2023-02-23 19:49:09,158] {logging_mixin.py:104} INFO - [2023-02-23 19:49:09,158] {dag.py:2306} INFO - Setting next_dagrun for example_subdag_operator.section-1 to None
[2023-02-23 19:49:09,158] {logging_mixin.py:104} INFO - [2023-02-23 19:49:09,158] {dag.py:2306} INFO - Setting next_dagrun for example_subdag_operator.section-2 to None
[2023-02-23 19:49:09,163] {logging_mixin.py:104} INFO - [2023-02-23 19:49:09,163] {dag.py:1833} INFO - Sync 2 DAGs
[2023-02-23 19:49:09,170] {logging_mixin.py:104} INFO - [2023-02-23 19:49:09,170] {dag.py:2306} INFO - Setting next_dagrun for example_subdag_operator.section-1 to None
[2023-02-23 19:49:09,170] {logging_mixin.py:104} INFO - [2023-02-23 19:49:09,170] {dag.py:2306} INFO - Setting next_dagrun for example_subdag_operator.section-2 to None
[2023-02-23 19:49:09,175] {scheduler_job.py:190} INFO - Processing /home/airflow/.local/lib/python3.6/site-packages/airflow/example_dags/example_subdag_operator.py took 0.064 seconds
[2023-02-23 19:49:40,894] {scheduler_job.py:182} INFO - Started process (PID=813) to work on /home/airflow/.local/lib/python3.6/site-packages/airflow/example_dags/example_subdag_operator.py
[2023-02-23 19:49:40,894] {scheduler_job.py:633} INFO - Processing file /home/airflow/.local/lib/python3.6/site-packages/airflow/example_dags/example_subdag_operator.py for tasks to queue
[2023-02-23 19:49:40,895] {logging_mixin.py:104} INFO - [2023-02-23 19:49:40,895] {dagbag.py:496} INFO - Filling up the DagBag from /home/airflow/.local/lib/python3.6/site-packages/airflow/example_dags/example_subdag_operator.py
[2023-02-23 19:49:40,989] {scheduler_job.py:643} INFO - DAG(s) dict_keys(['example_subdag_operator.section-1', 'example_subdag_operator.section-2', 'example_subdag_operator']) retrieved from /home/airflow/.local/lib/python3.6/site-packages/airflow/example_dags/example_subdag_operator.py
[2023-02-23 19:49:41,002] {logging_mixin.py:104} INFO - [2023-02-23 19:49:41,001] {dag.py:1833} INFO - Sync 3 DAGs
[2023-02-23 19:49:41,082] {logging_mixin.py:104} INFO - [2023-02-23 19:49:41,082] {dag.py:2306} INFO - Setting next_dagrun for example_subdag_operator to 2023-02-21 00:00:00+00:00
[2023-02-23 19:49:41,083] {logging_mixin.py:104} INFO - [2023-02-23 19:49:41,083] {dag.py:2306} INFO - Setting next_dagrun for example_subdag_operator.section-1 to None
[2023-02-23 19:49:41,083] {logging_mixin.py:104} INFO - [2023-02-23 19:49:41,083] {dag.py:2306} INFO - Setting next_dagrun for example_subdag_operator.section-2 to None
[2023-02-23 19:49:41,089] {logging_mixin.py:104} INFO - [2023-02-23 19:49:41,088] {dag.py:1833} INFO - Sync 2 DAGs
[2023-02-23 19:49:41,096] {logging_mixin.py:104} INFO - [2023-02-23 19:49:41,096] {dag.py:2306} INFO - Setting next_dagrun for example_subdag_operator.section-1 to None
[2023-02-23 19:49:41,096] {logging_mixin.py:104} INFO - [2023-02-23 19:49:41,096] {dag.py:2306} INFO - Setting next_dagrun for example_subdag_operator.section-2 to None
[2023-02-23 19:49:41,101] {scheduler_job.py:190} INFO - Processing /home/airflow/.local/lib/python3.6/site-packages/airflow/example_dags/example_subdag_operator.py took 0.210 seconds
[2023-02-23 19:50:11,595] {scheduler_job.py:182} INFO - Started process (PID=874) to work on /home/airflow/.local/lib/python3.6/site-packages/airflow/example_dags/example_subdag_operator.py
[2023-02-23 19:50:11,596] {scheduler_job.py:633} INFO - Processing file /home/airflow/.local/lib/python3.6/site-packages/airflow/example_dags/example_subdag_operator.py for tasks to queue
[2023-02-23 19:50:11,596] {logging_mixin.py:104} INFO - [2023-02-23 19:50:11,596] {dagbag.py:496} INFO - Filling up the DagBag from /home/airflow/.local/lib/python3.6/site-packages/airflow/example_dags/example_subdag_operator.py
[2023-02-23 19:50:11,623] {scheduler_job.py:643} INFO - DAG(s) dict_keys(['example_subdag_operator.section-1', 'example_subdag_operator.section-2', 'example_subdag_operator']) retrieved from /home/airflow/.local/lib/python3.6/site-packages/airflow/example_dags/example_subdag_operator.py
[2023-02-23 19:50:11,634] {logging_mixin.py:104} INFO - [2023-02-23 19:50:11,634] {dag.py:1833} INFO - Sync 3 DAGs
[2023-02-23 19:50:11,649] {logging_mixin.py:104} INFO - [2023-02-23 19:50:11,648] {dag.py:2306} INFO - Setting next_dagrun for example_subdag_operator to 2023-02-21 00:00:00+00:00
[2023-02-23 19:50:11,649] {logging_mixin.py:104} INFO - [2023-02-23 19:50:11,649] {dag.py:2306} INFO - Setting next_dagrun for example_subdag_operator.section-1 to None
[2023-02-23 19:50:11,650] {logging_mixin.py:104} INFO - [2023-02-23 19:50:11,649] {dag.py:2306} INFO - Setting next_dagrun for example_subdag_operator.section-2 to None
[2023-02-23 19:50:11,656] {logging_mixin.py:104} INFO - [2023-02-23 19:50:11,656] {dag.py:1833} INFO - Sync 2 DAGs
[2023-02-23 19:50:11,664] {logging_mixin.py:104} INFO - [2023-02-23 19:50:11,664] {dag.py:2306} INFO - Setting next_dagrun for example_subdag_operator.section-1 to None
[2023-02-23 19:50:11,664] {logging_mixin.py:104} INFO - [2023-02-23 19:50:11,664] {dag.py:2306} INFO - Setting next_dagrun for example_subdag_operator.section-2 to None
[2023-02-23 19:50:11,669] {scheduler_job.py:190} INFO - Processing /home/airflow/.local/lib/python3.6/site-packages/airflow/example_dags/example_subdag_operator.py took 0.077 seconds
[2023-02-23 19:50:42,783] {scheduler_job.py:182} INFO - Started process (PID=925) to work on /home/airflow/.local/lib/python3.6/site-packages/airflow/example_dags/example_subdag_operator.py
[2023-02-23 19:50:42,783] {scheduler_job.py:633} INFO - Processing file /home/airflow/.local/lib/python3.6/site-packages/airflow/example_dags/example_subdag_operator.py for tasks to queue
[2023-02-23 19:50:42,784] {logging_mixin.py:104} INFO - [2023-02-23 19:50:42,784] {dagbag.py:496} INFO - Filling up the DagBag from /home/airflow/.local/lib/python3.6/site-packages/airflow/example_dags/example_subdag_operator.py
[2023-02-23 19:50:42,808] {scheduler_job.py:643} INFO - DAG(s) dict_keys(['example_subdag_operator.section-1', 'example_subdag_operator.section-2', 'example_subdag_operator']) retrieved from /home/airflow/.local/lib/python3.6/site-packages/airflow/example_dags/example_subdag_operator.py
[2023-02-23 19:50:42,875] {logging_mixin.py:104} INFO - [2023-02-23 19:50:42,875] {dag.py:1833} INFO - Sync 3 DAGs
[2023-02-23 19:50:42,890] {logging_mixin.py:104} INFO - [2023-02-23 19:50:42,890] {dag.py:2306} INFO - Setting next_dagrun for example_subdag_operator to 2023-02-21 00:00:00+00:00
[2023-02-23 19:50:42,891] {logging_mixin.py:104} INFO - [2023-02-23 19:50:42,891] {dag.py:2306} INFO - Setting next_dagrun for example_subdag_operator.section-1 to None
[2023-02-23 19:50:42,891] {logging_mixin.py:104} INFO - [2023-02-23 19:50:42,891] {dag.py:2306} INFO - Setting next_dagrun for example_subdag_operator.section-2 to None
[2023-02-23 19:50:42,899] {logging_mixin.py:104} INFO - [2023-02-23 19:50:42,899] {dag.py:1833} INFO - Sync 2 DAGs
[2023-02-23 19:50:42,971] {logging_mixin.py:104} INFO - [2023-02-23 19:50:42,971] {dag.py:2306} INFO - Setting next_dagrun for example_subdag_operator.section-1 to None
[2023-02-23 19:50:42,971] {logging_mixin.py:104} INFO - [2023-02-23 19:50:42,971] {dag.py:2306} INFO - Setting next_dagrun for example_subdag_operator.section-2 to None
[2023-02-23 19:50:42,978] {scheduler_job.py:190} INFO - Processing /home/airflow/.local/lib/python3.6/site-packages/airflow/example_dags/example_subdag_operator.py took 0.198 seconds
[2023-02-23 19:51:13,351] {scheduler_job.py:182} INFO - Started process (PID=986) to work on /home/airflow/.local/lib/python3.6/site-packages/airflow/example_dags/example_subdag_operator.py
[2023-02-23 19:51:13,351] {scheduler_job.py:633} INFO - Processing file /home/airflow/.local/lib/python3.6/site-packages/airflow/example_dags/example_subdag_operator.py for tasks to queue
[2023-02-23 19:51:13,352] {logging_mixin.py:104} INFO - [2023-02-23 19:51:13,352] {dagbag.py:496} INFO - Filling up the DagBag from /home/airflow/.local/lib/python3.6/site-packages/airflow/example_dags/example_subdag_operator.py
[2023-02-23 19:51:13,398] {scheduler_job.py:643} INFO - DAG(s) dict_keys(['example_subdag_operator.section-1', 'example_subdag_operator.section-2', 'example_subdag_operator']) retrieved from /home/airflow/.local/lib/python3.6/site-packages/airflow/example_dags/example_subdag_operator.py
[2023-02-23 19:51:13,407] {logging_mixin.py:104} INFO - [2023-02-23 19:51:13,407] {dag.py:1833} INFO - Sync 3 DAGs
[2023-02-23 19:51:13,419] {logging_mixin.py:104} INFO - [2023-02-23 19:51:13,419] {dag.py:2306} INFO - Setting next_dagrun for example_subdag_operator to 2023-02-21 00:00:00+00:00
[2023-02-23 19:51:13,420] {logging_mixin.py:104} INFO - [2023-02-23 19:51:13,420] {dag.py:2306} INFO - Setting next_dagrun for example_subdag_operator.section-1 to None
[2023-02-23 19:51:13,420] {logging_mixin.py:104} INFO - [2023-02-23 19:51:13,420] {dag.py:2306} INFO - Setting next_dagrun for example_subdag_operator.section-2 to None
[2023-02-23 19:51:13,426] {logging_mixin.py:104} INFO - [2023-02-23 19:51:13,426] {dag.py:1833} INFO - Sync 2 DAGs
[2023-02-23 19:51:13,432] {logging_mixin.py:104} INFO - [2023-02-23 19:51:13,431] {dag.py:2306} INFO - Setting next_dagrun for example_subdag_operator.section-1 to None
[2023-02-23 19:51:13,432] {logging_mixin.py:104} INFO - [2023-02-23 19:51:13,432] {dag.py:2306} INFO - Setting next_dagrun for example_subdag_operator.section-2 to None
[2023-02-23 19:51:13,436] {scheduler_job.py:190} INFO - Processing /home/airflow/.local/lib/python3.6/site-packages/airflow/example_dags/example_subdag_operator.py took 0.088 seconds
[2023-02-23 19:51:43,862] {scheduler_job.py:182} INFO - Started process (PID=1037) to work on /home/airflow/.local/lib/python3.6/site-packages/airflow/example_dags/example_subdag_operator.py
[2023-02-23 19:51:43,862] {scheduler_job.py:633} INFO - Processing file /home/airflow/.local/lib/python3.6/site-packages/airflow/example_dags/example_subdag_operator.py for tasks to queue
[2023-02-23 19:51:43,863] {logging_mixin.py:104} INFO - [2023-02-23 19:51:43,862] {dagbag.py:496} INFO - Filling up the DagBag from /home/airflow/.local/lib/python3.6/site-packages/airflow/example_dags/example_subdag_operator.py
[2023-02-23 19:51:43,885] {scheduler_job.py:643} INFO - DAG(s) dict_keys(['example_subdag_operator.section-1', 'example_subdag_operator.section-2', 'example_subdag_operator']) retrieved from /home/airflow/.local/lib/python3.6/site-packages/airflow/example_dags/example_subdag_operator.py
[2023-02-23 19:51:43,895] {logging_mixin.py:104} INFO - [2023-02-23 19:51:43,895] {dag.py:1833} INFO - Sync 3 DAGs
[2023-02-23 19:51:43,909] {logging_mixin.py:104} INFO - [2023-02-23 19:51:43,909] {dag.py:2306} INFO - Setting next_dagrun for example_subdag_operator to 2023-02-21 00:00:00+00:00
[2023-02-23 19:51:43,909] {logging_mixin.py:104} INFO - [2023-02-23 19:51:43,909] {dag.py:2306} INFO - Setting next_dagrun for example_subdag_operator.section-1 to None
[2023-02-23 19:51:43,909] {logging_mixin.py:104} INFO - [2023-02-23 19:51:43,909] {dag.py:2306} INFO - Setting next_dagrun for example_subdag_operator.section-2 to None
[2023-02-23 19:51:43,916] {logging_mixin.py:104} INFO - [2023-02-23 19:51:43,916] {dag.py:1833} INFO - Sync 2 DAGs
[2023-02-23 19:51:43,923] {logging_mixin.py:104} INFO - [2023-02-23 19:51:43,923] {dag.py:2306} INFO - Setting next_dagrun for example_subdag_operator.section-1 to None
[2023-02-23 19:51:43,923] {logging_mixin.py:104} INFO - [2023-02-23 19:51:43,923] {dag.py:2306} INFO - Setting next_dagrun for example_subdag_operator.section-2 to None
[2023-02-23 19:51:43,928] {scheduler_job.py:190} INFO - Processing /home/airflow/.local/lib/python3.6/site-packages/airflow/example_dags/example_subdag_operator.py took 0.068 seconds
[2023-02-23 19:52:14,508] {scheduler_job.py:182} INFO - Started process (PID=1098) to work on /home/airflow/.local/lib/python3.6/site-packages/airflow/example_dags/example_subdag_operator.py
[2023-02-23 19:52:14,508] {scheduler_job.py:633} INFO - Processing file /home/airflow/.local/lib/python3.6/site-packages/airflow/example_dags/example_subdag_operator.py for tasks to queue
[2023-02-23 19:52:14,508] {logging_mixin.py:104} INFO - [2023-02-23 19:52:14,508] {dagbag.py:496} INFO - Filling up the DagBag from /home/airflow/.local/lib/python3.6/site-packages/airflow/example_dags/example_subdag_operator.py
[2023-02-23 19:52:14,530] {scheduler_job.py:643} INFO - DAG(s) dict_keys(['example_subdag_operator.section-1', 'example_subdag_operator.section-2', 'example_subdag_operator']) retrieved from /home/airflow/.local/lib/python3.6/site-packages/airflow/example_dags/example_subdag_operator.py
[2023-02-23 19:52:14,539] {logging_mixin.py:104} INFO - [2023-02-23 19:52:14,539] {dag.py:1833} INFO - Sync 3 DAGs
[2023-02-23 19:52:14,552] {logging_mixin.py:104} INFO - [2023-02-23 19:52:14,552] {dag.py:2306} INFO - Setting next_dagrun for example_subdag_operator to 2023-02-21 00:00:00+00:00
[2023-02-23 19:52:14,553] {logging_mixin.py:104} INFO - [2023-02-23 19:52:14,553] {dag.py:2306} INFO - Setting next_dagrun for example_subdag_operator.section-1 to None
[2023-02-23 19:52:14,553] {logging_mixin.py:104} INFO - [2023-02-23 19:52:14,553] {dag.py:2306} INFO - Setting next_dagrun for example_subdag_operator.section-2 to None
[2023-02-23 19:52:14,558] {logging_mixin.py:104} INFO - [2023-02-23 19:52:14,558] {dag.py:1833} INFO - Sync 2 DAGs
[2023-02-23 19:52:14,563] {logging_mixin.py:104} INFO - [2023-02-23 19:52:14,563] {dag.py:2306} INFO - Setting next_dagrun for example_subdag_operator.section-1 to None
[2023-02-23 19:52:14,563] {logging_mixin.py:104} INFO - [2023-02-23 19:52:14,563] {dag.py:2306} INFO - Setting next_dagrun for example_subdag_operator.section-2 to None
[2023-02-23 19:52:14,568] {scheduler_job.py:190} INFO - Processing /home/airflow/.local/lib/python3.6/site-packages/airflow/example_dags/example_subdag_operator.py took 0.063 seconds
[2023-02-23 19:52:45,081] {scheduler_job.py:182} INFO - Started process (PID=1157) to work on /home/airflow/.local/lib/python3.6/site-packages/airflow/example_dags/example_subdag_operator.py
[2023-02-23 19:52:45,082] {scheduler_job.py:633} INFO - Processing file /home/airflow/.local/lib/python3.6/site-packages/airflow/example_dags/example_subdag_operator.py for tasks to queue
[2023-02-23 19:52:45,082] {logging_mixin.py:104} INFO - [2023-02-23 19:52:45,082] {dagbag.py:496} INFO - Filling up the DagBag from /home/airflow/.local/lib/python3.6/site-packages/airflow/example_dags/example_subdag_operator.py
[2023-02-23 19:52:45,108] {scheduler_job.py:643} INFO - DAG(s) dict_keys(['example_subdag_operator.section-1', 'example_subdag_operator.section-2', 'example_subdag_operator']) retrieved from /home/airflow/.local/lib/python3.6/site-packages/airflow/example_dags/example_subdag_operator.py
[2023-02-23 19:52:45,119] {logging_mixin.py:104} INFO - [2023-02-23 19:52:45,119] {dag.py:1833} INFO - Sync 3 DAGs
[2023-02-23 19:52:45,134] {logging_mixin.py:104} INFO - [2023-02-23 19:52:45,134] {dag.py:2306} INFO - Setting next_dagrun for example_subdag_operator to 2023-02-21 00:00:00+00:00
[2023-02-23 19:52:45,134] {logging_mixin.py:104} INFO - [2023-02-23 19:52:45,134] {dag.py:2306} INFO - Setting next_dagrun for example_subdag_operator.section-1 to None
[2023-02-23 19:52:45,134] {logging_mixin.py:104} INFO - [2023-02-23 19:52:45,134] {dag.py:2306} INFO - Setting next_dagrun for example_subdag_operator.section-2 to None
[2023-02-23 19:52:45,140] {logging_mixin.py:104} INFO - [2023-02-23 19:52:45,140] {dag.py:1833} INFO - Sync 2 DAGs
[2023-02-23 19:52:45,146] {logging_mixin.py:104} INFO - [2023-02-23 19:52:45,146] {dag.py:2306} INFO - Setting next_dagrun for example_subdag_operator.section-1 to None
[2023-02-23 19:52:45,146] {logging_mixin.py:104} INFO - [2023-02-23 19:52:45,146] {dag.py:2306} INFO - Setting next_dagrun for example_subdag_operator.section-2 to None
[2023-02-23 19:52:45,151] {scheduler_job.py:190} INFO - Processing /home/airflow/.local/lib/python3.6/site-packages/airflow/example_dags/example_subdag_operator.py took 0.072 seconds
[2023-02-23 19:53:15,834] {scheduler_job.py:182} INFO - Started process (PID=1209) to work on /home/airflow/.local/lib/python3.6/site-packages/airflow/example_dags/example_subdag_operator.py
[2023-02-23 19:53:15,835] {scheduler_job.py:633} INFO - Processing file /home/airflow/.local/lib/python3.6/site-packages/airflow/example_dags/example_subdag_operator.py for tasks to queue
[2023-02-23 19:53:15,835] {logging_mixin.py:104} INFO - [2023-02-23 19:53:15,835] {dagbag.py:496} INFO - Filling up the DagBag from /home/airflow/.local/lib/python3.6/site-packages/airflow/example_dags/example_subdag_operator.py
[2023-02-23 19:53:15,868] {scheduler_job.py:643} INFO - DAG(s) dict_keys(['example_subdag_operator.section-1', 'example_subdag_operator.section-2', 'example_subdag_operator']) retrieved from /home/airflow/.local/lib/python3.6/site-packages/airflow/example_dags/example_subdag_operator.py
[2023-02-23 19:53:15,881] {logging_mixin.py:104} INFO - [2023-02-23 19:53:15,881] {dag.py:1833} INFO - Sync 3 DAGs
[2023-02-23 19:53:15,900] {logging_mixin.py:104} INFO - [2023-02-23 19:53:15,900] {dag.py:2306} INFO - Setting next_dagrun for example_subdag_operator to 2023-02-21 00:00:00+00:00
[2023-02-23 19:53:15,901] {logging_mixin.py:104} INFO - [2023-02-23 19:53:15,901] {dag.py:2306} INFO - Setting next_dagrun for example_subdag_operator.section-1 to None
[2023-02-23 19:53:15,901] {logging_mixin.py:104} INFO - [2023-02-23 19:53:15,901] {dag.py:2306} INFO - Setting next_dagrun for example_subdag_operator.section-2 to None
[2023-02-23 19:53:15,909] {logging_mixin.py:104} INFO - [2023-02-23 19:53:15,909] {dag.py:1833} INFO - Sync 2 DAGs
[2023-02-23 19:53:15,917] {logging_mixin.py:104} INFO - [2023-02-23 19:53:15,917] {dag.py:2306} INFO - Setting next_dagrun for example_subdag_operator.section-1 to None
[2023-02-23 19:53:15,918] {logging_mixin.py:104} INFO - [2023-02-23 19:53:15,918] {dag.py:2306} INFO - Setting next_dagrun for example_subdag_operator.section-2 to None
[2023-02-23 19:53:15,924] {scheduler_job.py:190} INFO - Processing /home/airflow/.local/lib/python3.6/site-packages/airflow/example_dags/example_subdag_operator.py took 0.093 seconds
[2023-02-23 19:53:46,619] {scheduler_job.py:182} INFO - Started process (PID=1269) to work on /home/airflow/.local/lib/python3.6/site-packages/airflow/example_dags/example_subdag_operator.py
[2023-02-23 19:53:46,620] {scheduler_job.py:633} INFO - Processing file /home/airflow/.local/lib/python3.6/site-packages/airflow/example_dags/example_subdag_operator.py for tasks to queue
[2023-02-23 19:53:46,620] {logging_mixin.py:104} INFO - [2023-02-23 19:53:46,620] {dagbag.py:496} INFO - Filling up the DagBag from /home/airflow/.local/lib/python3.6/site-packages/airflow/example_dags/example_subdag_operator.py
[2023-02-23 19:53:46,646] {scheduler_job.py:643} INFO - DAG(s) dict_keys(['example_subdag_operator.section-1', 'example_subdag_operator.section-2', 'example_subdag_operator']) retrieved from /home/airflow/.local/lib/python3.6/site-packages/airflow/example_dags/example_subdag_operator.py
[2023-02-23 19:53:46,657] {logging_mixin.py:104} INFO - [2023-02-23 19:53:46,657] {dag.py:1833} INFO - Sync 3 DAGs
[2023-02-23 19:53:46,669] {logging_mixin.py:104} INFO - [2023-02-23 19:53:46,668] {dag.py:2306} INFO - Setting next_dagrun for example_subdag_operator to 2023-02-21 00:00:00+00:00
[2023-02-23 19:53:46,669] {logging_mixin.py:104} INFO - [2023-02-23 19:53:46,669] {dag.py:2306} INFO - Setting next_dagrun for example_subdag_operator.section-1 to None
[2023-02-23 19:53:46,669] {logging_mixin.py:104} INFO - [2023-02-23 19:53:46,669] {dag.py:2306} INFO - Setting next_dagrun for example_subdag_operator.section-2 to None
[2023-02-23 19:53:46,675] {logging_mixin.py:104} INFO - [2023-02-23 19:53:46,675] {dag.py:1833} INFO - Sync 2 DAGs
[2023-02-23 19:53:46,681] {logging_mixin.py:104} INFO - [2023-02-23 19:53:46,681] {dag.py:2306} INFO - Setting next_dagrun for example_subdag_operator.section-1 to None
[2023-02-23 19:53:46,681] {logging_mixin.py:104} INFO - [2023-02-23 19:53:46,681] {dag.py:2306} INFO - Setting next_dagrun for example_subdag_operator.section-2 to None
[2023-02-23 19:53:46,687] {scheduler_job.py:190} INFO - Processing /home/airflow/.local/lib/python3.6/site-packages/airflow/example_dags/example_subdag_operator.py took 0.070 seconds
[2023-02-23 19:54:17,120] {scheduler_job.py:182} INFO - Started process (PID=1321) to work on /home/airflow/.local/lib/python3.6/site-packages/airflow/example_dags/example_subdag_operator.py
[2023-02-23 19:54:17,120] {scheduler_job.py:633} INFO - Processing file /home/airflow/.local/lib/python3.6/site-packages/airflow/example_dags/example_subdag_operator.py for tasks to queue
[2023-02-23 19:54:17,121] {logging_mixin.py:104} INFO - [2023-02-23 19:54:17,121] {dagbag.py:496} INFO - Filling up the DagBag from /home/airflow/.local/lib/python3.6/site-packages/airflow/example_dags/example_subdag_operator.py
[2023-02-23 19:54:17,143] {scheduler_job.py:643} INFO - DAG(s) dict_keys(['example_subdag_operator.section-1', 'example_subdag_operator.section-2', 'example_subdag_operator']) retrieved from /home/airflow/.local/lib/python3.6/site-packages/airflow/example_dags/example_subdag_operator.py
[2023-02-23 19:54:17,152] {logging_mixin.py:104} INFO - [2023-02-23 19:54:17,152] {dag.py:1833} INFO - Sync 3 DAGs
[2023-02-23 19:54:17,163] {logging_mixin.py:104} INFO - [2023-02-23 19:54:17,163] {dag.py:2306} INFO - Setting next_dagrun for example_subdag_operator to 2023-02-21 00:00:00+00:00
[2023-02-23 19:54:17,164] {logging_mixin.py:104} INFO - [2023-02-23 19:54:17,164] {dag.py:2306} INFO - Setting next_dagrun for example_subdag_operator.section-1 to None
[2023-02-23 19:54:17,164] {logging_mixin.py:104} INFO - [2023-02-23 19:54:17,164] {dag.py:2306} INFO - Setting next_dagrun for example_subdag_operator.section-2 to None
[2023-02-23 19:54:17,170] {logging_mixin.py:104} INFO - [2023-02-23 19:54:17,170] {dag.py:1833} INFO - Sync 2 DAGs
[2023-02-23 19:54:17,177] {logging_mixin.py:104} INFO - [2023-02-23 19:54:17,177] {dag.py:2306} INFO - Setting next_dagrun for example_subdag_operator.section-1 to None
[2023-02-23 19:54:17,178] {logging_mixin.py:104} INFO - [2023-02-23 19:54:17,178] {dag.py:2306} INFO - Setting next_dagrun for example_subdag_operator.section-2 to None
[2023-02-23 19:54:17,183] {scheduler_job.py:190} INFO - Processing /home/airflow/.local/lib/python3.6/site-packages/airflow/example_dags/example_subdag_operator.py took 0.066 seconds
[2023-02-23 19:54:47,753] {scheduler_job.py:182} INFO - Started process (PID=1382) to work on /home/airflow/.local/lib/python3.6/site-packages/airflow/example_dags/example_subdag_operator.py
[2023-02-23 19:54:47,753] {scheduler_job.py:633} INFO - Processing file /home/airflow/.local/lib/python3.6/site-packages/airflow/example_dags/example_subdag_operator.py for tasks to queue
[2023-02-23 19:54:47,754] {logging_mixin.py:104} INFO - [2023-02-23 19:54:47,754] {dagbag.py:496} INFO - Filling up the DagBag from /home/airflow/.local/lib/python3.6/site-packages/airflow/example_dags/example_subdag_operator.py
[2023-02-23 19:54:47,775] {scheduler_job.py:643} INFO - DAG(s) dict_keys(['example_subdag_operator.section-1', 'example_subdag_operator.section-2', 'example_subdag_operator']) retrieved from /home/airflow/.local/lib/python3.6/site-packages/airflow/example_dags/example_subdag_operator.py
[2023-02-23 19:54:47,785] {logging_mixin.py:104} INFO - [2023-02-23 19:54:47,784] {dag.py:1833} INFO - Sync 3 DAGs
[2023-02-23 19:54:47,797] {logging_mixin.py:104} INFO - [2023-02-23 19:54:47,797] {dag.py:2306} INFO - Setting next_dagrun for example_subdag_operator to 2023-02-21 00:00:00+00:00
[2023-02-23 19:54:47,798] {logging_mixin.py:104} INFO - [2023-02-23 19:54:47,798] {dag.py:2306} INFO - Setting next_dagrun for example_subdag_operator.section-1 to None
[2023-02-23 19:54:47,798] {logging_mixin.py:104} INFO - [2023-02-23 19:54:47,798] {dag.py:2306} INFO - Setting next_dagrun for example_subdag_operator.section-2 to None
[2023-02-23 19:54:47,803] {logging_mixin.py:104} INFO - [2023-02-23 19:54:47,803] {dag.py:1833} INFO - Sync 2 DAGs
[2023-02-23 19:54:47,808] {logging_mixin.py:104} INFO - [2023-02-23 19:54:47,808] {dag.py:2306} INFO - Setting next_dagrun for example_subdag_operator.section-1 to None
[2023-02-23 19:54:47,808] {logging_mixin.py:104} INFO - [2023-02-23 19:54:47,808] {dag.py:2306} INFO - Setting next_dagrun for example_subdag_operator.section-2 to None
[2023-02-23 19:54:47,812] {scheduler_job.py:190} INFO - Processing /home/airflow/.local/lib/python3.6/site-packages/airflow/example_dags/example_subdag_operator.py took 0.062 seconds
[2023-02-23 19:55:18,222] {scheduler_job.py:182} INFO - Started process (PID=1433) to work on /home/airflow/.local/lib/python3.6/site-packages/airflow/example_dags/example_subdag_operator.py
[2023-02-23 19:55:18,224] {scheduler_job.py:633} INFO - Processing file /home/airflow/.local/lib/python3.6/site-packages/airflow/example_dags/example_subdag_operator.py for tasks to queue
[2023-02-23 19:55:18,224] {logging_mixin.py:104} INFO - [2023-02-23 19:55:18,224] {dagbag.py:496} INFO - Filling up the DagBag from /home/airflow/.local/lib/python3.6/site-packages/airflow/example_dags/example_subdag_operator.py
[2023-02-23 19:55:18,295] {scheduler_job.py:643} INFO - DAG(s) dict_keys(['example_subdag_operator.section-1', 'example_subdag_operator.section-2', 'example_subdag_operator']) retrieved from /home/airflow/.local/lib/python3.6/site-packages/airflow/example_dags/example_subdag_operator.py
[2023-02-23 19:55:18,306] {logging_mixin.py:104} INFO - [2023-02-23 19:55:18,306] {dag.py:1833} INFO - Sync 3 DAGs
[2023-02-23 19:55:18,470] {logging_mixin.py:104} INFO - [2023-02-23 19:55:18,470] {dag.py:2306} INFO - Setting next_dagrun for example_subdag_operator to 2023-02-21 00:00:00+00:00
[2023-02-23 19:55:18,471] {logging_mixin.py:104} INFO - [2023-02-23 19:55:18,471] {dag.py:2306} INFO - Setting next_dagrun for example_subdag_operator.section-1 to None
[2023-02-23 19:55:18,471] {logging_mixin.py:104} INFO - [2023-02-23 19:55:18,471] {dag.py:2306} INFO - Setting next_dagrun for example_subdag_operator.section-2 to None
[2023-02-23 19:55:18,479] {logging_mixin.py:104} INFO - [2023-02-23 19:55:18,478] {dag.py:1833} INFO - Sync 2 DAGs
[2023-02-23 19:55:18,484] {logging_mixin.py:104} INFO - [2023-02-23 19:55:18,484] {dag.py:2306} INFO - Setting next_dagrun for example_subdag_operator.section-1 to None
[2023-02-23 19:55:18,484] {logging_mixin.py:104} INFO - [2023-02-23 19:55:18,484] {dag.py:2306} INFO - Setting next_dagrun for example_subdag_operator.section-2 to None
[2023-02-23 19:55:18,490] {scheduler_job.py:190} INFO - Processing /home/airflow/.local/lib/python3.6/site-packages/airflow/example_dags/example_subdag_operator.py took 0.270 seconds
[2023-02-23 19:55:49,101] {scheduler_job.py:182} INFO - Started process (PID=1494) to work on /home/airflow/.local/lib/python3.6/site-packages/airflow/example_dags/example_subdag_operator.py
[2023-02-23 19:55:49,102] {scheduler_job.py:633} INFO - Processing file /home/airflow/.local/lib/python3.6/site-packages/airflow/example_dags/example_subdag_operator.py for tasks to queue
[2023-02-23 19:55:49,102] {logging_mixin.py:104} INFO - [2023-02-23 19:55:49,102] {dagbag.py:496} INFO - Filling up the DagBag from /home/airflow/.local/lib/python3.6/site-packages/airflow/example_dags/example_subdag_operator.py
[2023-02-23 19:55:49,126] {scheduler_job.py:643} INFO - DAG(s) dict_keys(['example_subdag_operator.section-1', 'example_subdag_operator.section-2', 'example_subdag_operator']) retrieved from /home/airflow/.local/lib/python3.6/site-packages/airflow/example_dags/example_subdag_operator.py
[2023-02-23 19:55:49,135] {logging_mixin.py:104} INFO - [2023-02-23 19:55:49,135] {dag.py:1833} INFO - Sync 3 DAGs
[2023-02-23 19:55:49,147] {logging_mixin.py:104} INFO - [2023-02-23 19:55:49,147] {dag.py:2306} INFO - Setting next_dagrun for example_subdag_operator to 2023-02-21 00:00:00+00:00
[2023-02-23 19:55:49,148] {logging_mixin.py:104} INFO - [2023-02-23 19:55:49,148] {dag.py:2306} INFO - Setting next_dagrun for example_subdag_operator.section-1 to None
[2023-02-23 19:55:49,148] {logging_mixin.py:104} INFO - [2023-02-23 19:55:49,148] {dag.py:2306} INFO - Setting next_dagrun for example_subdag_operator.section-2 to None
[2023-02-23 19:55:49,154] {logging_mixin.py:104} INFO - [2023-02-23 19:55:49,154] {dag.py:1833} INFO - Sync 2 DAGs
[2023-02-23 19:55:49,160] {logging_mixin.py:104} INFO - [2023-02-23 19:55:49,160] {dag.py:2306} INFO - Setting next_dagrun for example_subdag_operator.section-1 to None
[2023-02-23 19:55:49,160] {logging_mixin.py:104} INFO - [2023-02-23 19:55:49,160] {dag.py:2306} INFO - Setting next_dagrun for example_subdag_operator.section-2 to None
[2023-02-23 19:55:49,165] {scheduler_job.py:190} INFO - Processing /home/airflow/.local/lib/python3.6/site-packages/airflow/example_dags/example_subdag_operator.py took 0.065 seconds
[2023-02-23 19:56:19,942] {scheduler_job.py:182} INFO - Started process (PID=1546) to work on /home/airflow/.local/lib/python3.6/site-packages/airflow/example_dags/example_subdag_operator.py
[2023-02-23 19:56:19,943] {scheduler_job.py:633} INFO - Processing file /home/airflow/.local/lib/python3.6/site-packages/airflow/example_dags/example_subdag_operator.py for tasks to queue
[2023-02-23 19:56:19,943] {logging_mixin.py:104} INFO - [2023-02-23 19:56:19,943] {dagbag.py:496} INFO - Filling up the DagBag from /home/airflow/.local/lib/python3.6/site-packages/airflow/example_dags/example_subdag_operator.py
[2023-02-23 19:56:19,972] {scheduler_job.py:643} INFO - DAG(s) dict_keys(['example_subdag_operator.section-1', 'example_subdag_operator.section-2', 'example_subdag_operator']) retrieved from /home/airflow/.local/lib/python3.6/site-packages/airflow/example_dags/example_subdag_operator.py
[2023-02-23 19:56:19,986] {logging_mixin.py:104} INFO - [2023-02-23 19:56:19,986] {dag.py:1833} INFO - Sync 3 DAGs
[2023-02-23 19:56:20,003] {logging_mixin.py:104} INFO - [2023-02-23 19:56:20,003] {dag.py:2306} INFO - Setting next_dagrun for example_subdag_operator to 2023-02-21 00:00:00+00:00
[2023-02-23 19:56:20,004] {logging_mixin.py:104} INFO - [2023-02-23 19:56:20,004] {dag.py:2306} INFO - Setting next_dagrun for example_subdag_operator.section-1 to None
[2023-02-23 19:56:20,004] {logging_mixin.py:104} INFO - [2023-02-23 19:56:20,004] {dag.py:2306} INFO - Setting next_dagrun for example_subdag_operator.section-2 to None
[2023-02-23 19:56:20,013] {logging_mixin.py:104} INFO - [2023-02-23 19:56:20,013] {dag.py:1833} INFO - Sync 2 DAGs
[2023-02-23 19:56:20,019] {logging_mixin.py:104} INFO - [2023-02-23 19:56:20,019] {dag.py:2306} INFO - Setting next_dagrun for example_subdag_operator.section-1 to None
[2023-02-23 19:56:20,019] {logging_mixin.py:104} INFO - [2023-02-23 19:56:20,019] {dag.py:2306} INFO - Setting next_dagrun for example_subdag_operator.section-2 to None
[2023-02-23 19:56:20,024] {scheduler_job.py:190} INFO - Processing /home/airflow/.local/lib/python3.6/site-packages/airflow/example_dags/example_subdag_operator.py took 0.085 seconds
[2023-02-23 19:56:51,014] {scheduler_job.py:182} INFO - Started process (PID=1607) to work on /home/airflow/.local/lib/python3.6/site-packages/airflow/example_dags/example_subdag_operator.py
[2023-02-23 19:56:51,015] {scheduler_job.py:633} INFO - Processing file /home/airflow/.local/lib/python3.6/site-packages/airflow/example_dags/example_subdag_operator.py for tasks to queue
[2023-02-23 19:56:51,015] {logging_mixin.py:104} INFO - [2023-02-23 19:56:51,015] {dagbag.py:496} INFO - Filling up the DagBag from /home/airflow/.local/lib/python3.6/site-packages/airflow/example_dags/example_subdag_operator.py
[2023-02-23 19:56:51,039] {scheduler_job.py:643} INFO - DAG(s) dict_keys(['example_subdag_operator.section-1', 'example_subdag_operator.section-2', 'example_subdag_operator']) retrieved from /home/airflow/.local/lib/python3.6/site-packages/airflow/example_dags/example_subdag_operator.py
[2023-02-23 19:56:51,048] {logging_mixin.py:104} INFO - [2023-02-23 19:56:51,048] {dag.py:1833} INFO - Sync 3 DAGs
[2023-02-23 19:56:51,060] {logging_mixin.py:104} INFO - [2023-02-23 19:56:51,060] {dag.py:2306} INFO - Setting next_dagrun for example_subdag_operator to 2023-02-21 00:00:00+00:00
[2023-02-23 19:56:51,061] {logging_mixin.py:104} INFO - [2023-02-23 19:56:51,061] {dag.py:2306} INFO - Setting next_dagrun for example_subdag_operator.section-1 to None
[2023-02-23 19:56:51,061] {logging_mixin.py:104} INFO - [2023-02-23 19:56:51,061] {dag.py:2306} INFO - Setting next_dagrun for example_subdag_operator.section-2 to None
[2023-02-23 19:56:51,066] {logging_mixin.py:104} INFO - [2023-02-23 19:56:51,066] {dag.py:1833} INFO - Sync 2 DAGs
[2023-02-23 19:56:51,072] {logging_mixin.py:104} INFO - [2023-02-23 19:56:51,072] {dag.py:2306} INFO - Setting next_dagrun for example_subdag_operator.section-1 to None
[2023-02-23 19:56:51,072] {logging_mixin.py:104} INFO - [2023-02-23 19:56:51,072] {dag.py:2306} INFO - Setting next_dagrun for example_subdag_operator.section-2 to None
[2023-02-23 19:56:51,077] {scheduler_job.py:190} INFO - Processing /home/airflow/.local/lib/python3.6/site-packages/airflow/example_dags/example_subdag_operator.py took 0.065 seconds
[2023-02-23 19:57:21,629] {scheduler_job.py:182} INFO - Started process (PID=1668) to work on /home/airflow/.local/lib/python3.6/site-packages/airflow/example_dags/example_subdag_operator.py
[2023-02-23 19:57:21,630] {scheduler_job.py:633} INFO - Processing file /home/airflow/.local/lib/python3.6/site-packages/airflow/example_dags/example_subdag_operator.py for tasks to queue
[2023-02-23 19:57:21,630] {logging_mixin.py:104} INFO - [2023-02-23 19:57:21,630] {dagbag.py:496} INFO - Filling up the DagBag from /home/airflow/.local/lib/python3.6/site-packages/airflow/example_dags/example_subdag_operator.py
[2023-02-23 19:57:21,655] {scheduler_job.py:643} INFO - DAG(s) dict_keys(['example_subdag_operator.section-1', 'example_subdag_operator.section-2', 'example_subdag_operator']) retrieved from /home/airflow/.local/lib/python3.6/site-packages/airflow/example_dags/example_subdag_operator.py
[2023-02-23 19:57:21,664] {logging_mixin.py:104} INFO - [2023-02-23 19:57:21,664] {dag.py:1833} INFO - Sync 3 DAGs
[2023-02-23 19:57:21,677] {logging_mixin.py:104} INFO - [2023-02-23 19:57:21,677] {dag.py:2306} INFO - Setting next_dagrun for example_subdag_operator to 2023-02-21 00:00:00+00:00
[2023-02-23 19:57:21,678] {logging_mixin.py:104} INFO - [2023-02-23 19:57:21,678] {dag.py:2306} INFO - Setting next_dagrun for example_subdag_operator.section-1 to None
[2023-02-23 19:57:21,678] {logging_mixin.py:104} INFO - [2023-02-23 19:57:21,678] {dag.py:2306} INFO - Setting next_dagrun for example_subdag_operator.section-2 to None
[2023-02-23 19:57:21,683] {logging_mixin.py:104} INFO - [2023-02-23 19:57:21,683] {dag.py:1833} INFO - Sync 2 DAGs
[2023-02-23 19:57:21,689] {logging_mixin.py:104} INFO - [2023-02-23 19:57:21,689] {dag.py:2306} INFO - Setting next_dagrun for example_subdag_operator.section-1 to None
[2023-02-23 19:57:21,689] {logging_mixin.py:104} INFO - [2023-02-23 19:57:21,689] {dag.py:2306} INFO - Setting next_dagrun for example_subdag_operator.section-2 to None
[2023-02-23 19:57:21,694] {scheduler_job.py:190} INFO - Processing /home/airflow/.local/lib/python3.6/site-packages/airflow/example_dags/example_subdag_operator.py took 0.067 seconds
[2023-02-23 19:57:52,305] {scheduler_job.py:182} INFO - Started process (PID=1719) to work on /home/airflow/.local/lib/python3.6/site-packages/airflow/example_dags/example_subdag_operator.py
[2023-02-23 19:57:52,305] {scheduler_job.py:633} INFO - Processing file /home/airflow/.local/lib/python3.6/site-packages/airflow/example_dags/example_subdag_operator.py for tasks to queue
[2023-02-23 19:57:52,306] {logging_mixin.py:104} INFO - [2023-02-23 19:57:52,306] {dagbag.py:496} INFO - Filling up the DagBag from /home/airflow/.local/lib/python3.6/site-packages/airflow/example_dags/example_subdag_operator.py
[2023-02-23 19:57:52,333] {scheduler_job.py:643} INFO - DAG(s) dict_keys(['example_subdag_operator.section-1', 'example_subdag_operator.section-2', 'example_subdag_operator']) retrieved from /home/airflow/.local/lib/python3.6/site-packages/airflow/example_dags/example_subdag_operator.py
[2023-02-23 19:57:52,344] {logging_mixin.py:104} INFO - [2023-02-23 19:57:52,344] {dag.py:1833} INFO - Sync 3 DAGs
[2023-02-23 19:57:52,355] {logging_mixin.py:104} INFO - [2023-02-23 19:57:52,355] {dag.py:2306} INFO - Setting next_dagrun for example_subdag_operator to 2023-02-21 00:00:00+00:00
[2023-02-23 19:57:52,356] {logging_mixin.py:104} INFO - [2023-02-23 19:57:52,356] {dag.py:2306} INFO - Setting next_dagrun for example_subdag_operator.section-1 to None
[2023-02-23 19:57:52,356] {logging_mixin.py:104} INFO - [2023-02-23 19:57:52,356] {dag.py:2306} INFO - Setting next_dagrun for example_subdag_operator.section-2 to None
[2023-02-23 19:57:52,361] {logging_mixin.py:104} INFO - [2023-02-23 19:57:52,361] {dag.py:1833} INFO - Sync 2 DAGs
[2023-02-23 19:57:52,368] {logging_mixin.py:104} INFO - [2023-02-23 19:57:52,367] {dag.py:2306} INFO - Setting next_dagrun for example_subdag_operator.section-1 to None
[2023-02-23 19:57:52,368] {logging_mixin.py:104} INFO - [2023-02-23 19:57:52,368] {dag.py:2306} INFO - Setting next_dagrun for example_subdag_operator.section-2 to None
[2023-02-23 19:57:52,373] {scheduler_job.py:190} INFO - Processing /home/airflow/.local/lib/python3.6/site-packages/airflow/example_dags/example_subdag_operator.py took 0.071 seconds
[2023-02-23 19:58:22,918] {scheduler_job.py:182} INFO - Started process (PID=1780) to work on /home/airflow/.local/lib/python3.6/site-packages/airflow/example_dags/example_subdag_operator.py
[2023-02-23 19:58:22,918] {scheduler_job.py:633} INFO - Processing file /home/airflow/.local/lib/python3.6/site-packages/airflow/example_dags/example_subdag_operator.py for tasks to queue
[2023-02-23 19:58:22,919] {logging_mixin.py:104} INFO - [2023-02-23 19:58:22,919] {dagbag.py:496} INFO - Filling up the DagBag from /home/airflow/.local/lib/python3.6/site-packages/airflow/example_dags/example_subdag_operator.py
[2023-02-23 19:58:22,943] {scheduler_job.py:643} INFO - DAG(s) dict_keys(['example_subdag_operator.section-1', 'example_subdag_operator.section-2', 'example_subdag_operator']) retrieved from /home/airflow/.local/lib/python3.6/site-packages/airflow/example_dags/example_subdag_operator.py
[2023-02-23 19:58:22,953] {logging_mixin.py:104} INFO - [2023-02-23 19:58:22,953] {dag.py:1833} INFO - Sync 3 DAGs
[2023-02-23 19:58:22,965] {logging_mixin.py:104} INFO - [2023-02-23 19:58:22,965] {dag.py:2306} INFO - Setting next_dagrun for example_subdag_operator to 2023-02-21 00:00:00+00:00
[2023-02-23 19:58:22,966] {logging_mixin.py:104} INFO - [2023-02-23 19:58:22,966] {dag.py:2306} INFO - Setting next_dagrun for example_subdag_operator.section-1 to None
[2023-02-23 19:58:22,966] {logging_mixin.py:104} INFO - [2023-02-23 19:58:22,966] {dag.py:2306} INFO - Setting next_dagrun for example_subdag_operator.section-2 to None
[2023-02-23 19:58:22,973] {logging_mixin.py:104} INFO - [2023-02-23 19:58:22,973] {dag.py:1833} INFO - Sync 2 DAGs
[2023-02-23 19:58:22,980] {logging_mixin.py:104} INFO - [2023-02-23 19:58:22,980] {dag.py:2306} INFO - Setting next_dagrun for example_subdag_operator.section-1 to None
[2023-02-23 19:58:22,981] {logging_mixin.py:104} INFO - [2023-02-23 19:58:22,980] {dag.py:2306} INFO - Setting next_dagrun for example_subdag_operator.section-2 to None
[2023-02-23 19:58:22,986] {scheduler_job.py:190} INFO - Processing /home/airflow/.local/lib/python3.6/site-packages/airflow/example_dags/example_subdag_operator.py took 0.071 seconds
[2023-02-23 19:58:53,550] {scheduler_job.py:182} INFO - Started process (PID=1831) to work on /home/airflow/.local/lib/python3.6/site-packages/airflow/example_dags/example_subdag_operator.py
[2023-02-23 19:58:53,551] {scheduler_job.py:633} INFO - Processing file /home/airflow/.local/lib/python3.6/site-packages/airflow/example_dags/example_subdag_operator.py for tasks to queue
[2023-02-23 19:58:53,551] {logging_mixin.py:104} INFO - [2023-02-23 19:58:53,551] {dagbag.py:496} INFO - Filling up the DagBag from /home/airflow/.local/lib/python3.6/site-packages/airflow/example_dags/example_subdag_operator.py
[2023-02-23 19:58:53,576] {scheduler_job.py:643} INFO - DAG(s) dict_keys(['example_subdag_operator.section-1', 'example_subdag_operator.section-2', 'example_subdag_operator']) retrieved from /home/airflow/.local/lib/python3.6/site-packages/airflow/example_dags/example_subdag_operator.py
[2023-02-23 19:58:53,585] {logging_mixin.py:104} INFO - [2023-02-23 19:58:53,585] {dag.py:1833} INFO - Sync 3 DAGs
[2023-02-23 19:58:53,600] {logging_mixin.py:104} INFO - [2023-02-23 19:58:53,600] {dag.py:2306} INFO - Setting next_dagrun for example_subdag_operator to 2023-02-21 00:00:00+00:00
[2023-02-23 19:58:53,601] {logging_mixin.py:104} INFO - [2023-02-23 19:58:53,601] {dag.py:2306} INFO - Setting next_dagrun for example_subdag_operator.section-1 to None
[2023-02-23 19:58:53,602] {logging_mixin.py:104} INFO - [2023-02-23 19:58:53,601] {dag.py:2306} INFO - Setting next_dagrun for example_subdag_operator.section-2 to None
[2023-02-23 19:58:53,608] {logging_mixin.py:104} INFO - [2023-02-23 19:58:53,608] {dag.py:1833} INFO - Sync 2 DAGs
[2023-02-23 19:58:53,616] {logging_mixin.py:104} INFO - [2023-02-23 19:58:53,616] {dag.py:2306} INFO - Setting next_dagrun for example_subdag_operator.section-1 to None
[2023-02-23 19:58:53,616] {logging_mixin.py:104} INFO - [2023-02-23 19:58:53,616] {dag.py:2306} INFO - Setting next_dagrun for example_subdag_operator.section-2 to None
[2023-02-23 19:58:53,621] {scheduler_job.py:190} INFO - Processing /home/airflow/.local/lib/python3.6/site-packages/airflow/example_dags/example_subdag_operator.py took 0.073 seconds
[2023-02-23 19:59:24,208] {scheduler_job.py:182} INFO - Started process (PID=1892) to work on /home/airflow/.local/lib/python3.6/site-packages/airflow/example_dags/example_subdag_operator.py
[2023-02-23 19:59:24,209] {scheduler_job.py:633} INFO - Processing file /home/airflow/.local/lib/python3.6/site-packages/airflow/example_dags/example_subdag_operator.py for tasks to queue
[2023-02-23 19:59:24,209] {logging_mixin.py:104} INFO - [2023-02-23 19:59:24,209] {dagbag.py:496} INFO - Filling up the DagBag from /home/airflow/.local/lib/python3.6/site-packages/airflow/example_dags/example_subdag_operator.py
[2023-02-23 19:59:24,236] {scheduler_job.py:643} INFO - DAG(s) dict_keys(['example_subdag_operator.section-1', 'example_subdag_operator.section-2', 'example_subdag_operator']) retrieved from /home/airflow/.local/lib/python3.6/site-packages/airflow/example_dags/example_subdag_operator.py
[2023-02-23 19:59:24,246] {logging_mixin.py:104} INFO - [2023-02-23 19:59:24,246] {dag.py:1833} INFO - Sync 3 DAGs
[2023-02-23 19:59:24,259] {logging_mixin.py:104} INFO - [2023-02-23 19:59:24,259] {dag.py:2306} INFO - Setting next_dagrun for example_subdag_operator to 2023-02-21 00:00:00+00:00
[2023-02-23 19:59:24,259] {logging_mixin.py:104} INFO - [2023-02-23 19:59:24,259] {dag.py:2306} INFO - Setting next_dagrun for example_subdag_operator.section-1 to None
[2023-02-23 19:59:24,260] {logging_mixin.py:104} INFO - [2023-02-23 19:59:24,259] {dag.py:2306} INFO - Setting next_dagrun for example_subdag_operator.section-2 to None
[2023-02-23 19:59:24,266] {logging_mixin.py:104} INFO - [2023-02-23 19:59:24,265] {dag.py:1833} INFO - Sync 2 DAGs
[2023-02-23 19:59:24,272] {logging_mixin.py:104} INFO - [2023-02-23 19:59:24,272] {dag.py:2306} INFO - Setting next_dagrun for example_subdag_operator.section-1 to None
[2023-02-23 19:59:24,272] {logging_mixin.py:104} INFO - [2023-02-23 19:59:24,272] {dag.py:2306} INFO - Setting next_dagrun for example_subdag_operator.section-2 to None
[2023-02-23 19:59:24,278] {scheduler_job.py:190} INFO - Processing /home/airflow/.local/lib/python3.6/site-packages/airflow/example_dags/example_subdag_operator.py took 0.072 seconds
[2023-02-23 19:59:54,868] {scheduler_job.py:182} INFO - Started process (PID=1943) to work on /home/airflow/.local/lib/python3.6/site-packages/airflow/example_dags/example_subdag_operator.py
[2023-02-23 19:59:54,868] {scheduler_job.py:633} INFO - Processing file /home/airflow/.local/lib/python3.6/site-packages/airflow/example_dags/example_subdag_operator.py for tasks to queue
[2023-02-23 19:59:54,869] {logging_mixin.py:104} INFO - [2023-02-23 19:59:54,869] {dagbag.py:496} INFO - Filling up the DagBag from /home/airflow/.local/lib/python3.6/site-packages/airflow/example_dags/example_subdag_operator.py
[2023-02-23 19:59:54,898] {scheduler_job.py:643} INFO - DAG(s) dict_keys(['example_subdag_operator.section-1', 'example_subdag_operator.section-2', 'example_subdag_operator']) retrieved from /home/airflow/.local/lib/python3.6/site-packages/airflow/example_dags/example_subdag_operator.py
[2023-02-23 19:59:54,909] {logging_mixin.py:104} INFO - [2023-02-23 19:59:54,909] {dag.py:1833} INFO - Sync 3 DAGs
[2023-02-23 19:59:54,922] {logging_mixin.py:104} INFO - [2023-02-23 19:59:54,922] {dag.py:2306} INFO - Setting next_dagrun for example_subdag_operator to 2023-02-21 00:00:00+00:00
[2023-02-23 19:59:54,922] {logging_mixin.py:104} INFO - [2023-02-23 19:59:54,922] {dag.py:2306} INFO - Setting next_dagrun for example_subdag_operator.section-1 to None
[2023-02-23 19:59:54,923] {logging_mixin.py:104} INFO - [2023-02-23 19:59:54,923] {dag.py:2306} INFO - Setting next_dagrun for example_subdag_operator.section-2 to None
[2023-02-23 19:59:54,929] {logging_mixin.py:104} INFO - [2023-02-23 19:59:54,929] {dag.py:1833} INFO - Sync 2 DAGs
[2023-02-23 19:59:54,935] {logging_mixin.py:104} INFO - [2023-02-23 19:59:54,935] {dag.py:2306} INFO - Setting next_dagrun for example_subdag_operator.section-1 to None
[2023-02-23 19:59:54,936] {logging_mixin.py:104} INFO - [2023-02-23 19:59:54,936] {dag.py:2306} INFO - Setting next_dagrun for example_subdag_operator.section-2 to None
[2023-02-23 19:59:54,941] {scheduler_job.py:190} INFO - Processing /home/airflow/.local/lib/python3.6/site-packages/airflow/example_dags/example_subdag_operator.py took 0.075 seconds
[2023-02-23 20:00:25,791] {scheduler_job.py:182} INFO - Started process (PID=2004) to work on /home/airflow/.local/lib/python3.6/site-packages/airflow/example_dags/example_subdag_operator.py
[2023-02-23 20:00:25,793] {scheduler_job.py:633} INFO - Processing file /home/airflow/.local/lib/python3.6/site-packages/airflow/example_dags/example_subdag_operator.py for tasks to queue
[2023-02-23 20:00:25,794] {logging_mixin.py:104} INFO - [2023-02-23 20:00:25,794] {dagbag.py:496} INFO - Filling up the DagBag from /home/airflow/.local/lib/python3.6/site-packages/airflow/example_dags/example_subdag_operator.py
[2023-02-23 20:00:25,817] {scheduler_job.py:643} INFO - DAG(s) dict_keys(['example_subdag_operator.section-1', 'example_subdag_operator.section-2', 'example_subdag_operator']) retrieved from /home/airflow/.local/lib/python3.6/site-packages/airflow/example_dags/example_subdag_operator.py
[2023-02-23 20:00:25,826] {logging_mixin.py:104} INFO - [2023-02-23 20:00:25,826] {dag.py:1833} INFO - Sync 3 DAGs
[2023-02-23 20:00:25,837] {logging_mixin.py:104} INFO - [2023-02-23 20:00:25,837] {dag.py:2306} INFO - Setting next_dagrun for example_subdag_operator to 2023-02-21 00:00:00+00:00
[2023-02-23 20:00:25,838] {logging_mixin.py:104} INFO - [2023-02-23 20:00:25,838] {dag.py:2306} INFO - Setting next_dagrun for example_subdag_operator.section-1 to None
[2023-02-23 20:00:25,838] {logging_mixin.py:104} INFO - [2023-02-23 20:00:25,838] {dag.py:2306} INFO - Setting next_dagrun for example_subdag_operator.section-2 to None
[2023-02-23 20:00:25,843] {logging_mixin.py:104} INFO - [2023-02-23 20:00:25,843] {dag.py:1833} INFO - Sync 2 DAGs
[2023-02-23 20:00:25,849] {logging_mixin.py:104} INFO - [2023-02-23 20:00:25,849] {dag.py:2306} INFO - Setting next_dagrun for example_subdag_operator.section-1 to None
[2023-02-23 20:00:25,849] {logging_mixin.py:104} INFO - [2023-02-23 20:00:25,849] {dag.py:2306} INFO - Setting next_dagrun for example_subdag_operator.section-2 to None
[2023-02-23 20:00:25,855] {scheduler_job.py:190} INFO - Processing /home/airflow/.local/lib/python3.6/site-packages/airflow/example_dags/example_subdag_operator.py took 0.065 seconds
[2023-02-23 20:00:56,339] {scheduler_job.py:182} INFO - Started process (PID=2055) to work on /home/airflow/.local/lib/python3.6/site-packages/airflow/example_dags/example_subdag_operator.py
[2023-02-23 20:00:56,340] {scheduler_job.py:633} INFO - Processing file /home/airflow/.local/lib/python3.6/site-packages/airflow/example_dags/example_subdag_operator.py for tasks to queue
[2023-02-23 20:00:56,341] {logging_mixin.py:104} INFO - [2023-02-23 20:00:56,341] {dagbag.py:496} INFO - Filling up the DagBag from /home/airflow/.local/lib/python3.6/site-packages/airflow/example_dags/example_subdag_operator.py
[2023-02-23 20:00:56,365] {scheduler_job.py:643} INFO - DAG(s) dict_keys(['example_subdag_operator.section-1', 'example_subdag_operator.section-2', 'example_subdag_operator']) retrieved from /home/airflow/.local/lib/python3.6/site-packages/airflow/example_dags/example_subdag_operator.py
[2023-02-23 20:00:56,375] {logging_mixin.py:104} INFO - [2023-02-23 20:00:56,375] {dag.py:1833} INFO - Sync 3 DAGs
[2023-02-23 20:00:56,388] {logging_mixin.py:104} INFO - [2023-02-23 20:00:56,388] {dag.py:2306} INFO - Setting next_dagrun for example_subdag_operator to 2023-02-21 00:00:00+00:00
[2023-02-23 20:00:56,389] {logging_mixin.py:104} INFO - [2023-02-23 20:00:56,388] {dag.py:2306} INFO - Setting next_dagrun for example_subdag_operator.section-1 to None
[2023-02-23 20:00:56,389] {logging_mixin.py:104} INFO - [2023-02-23 20:00:56,389] {dag.py:2306} INFO - Setting next_dagrun for example_subdag_operator.section-2 to None
[2023-02-23 20:00:56,394] {logging_mixin.py:104} INFO - [2023-02-23 20:00:56,394] {dag.py:1833} INFO - Sync 2 DAGs
[2023-02-23 20:00:56,401] {logging_mixin.py:104} INFO - [2023-02-23 20:00:56,401] {dag.py:2306} INFO - Setting next_dagrun for example_subdag_operator.section-1 to None
[2023-02-23 20:00:56,402] {logging_mixin.py:104} INFO - [2023-02-23 20:00:56,402] {dag.py:2306} INFO - Setting next_dagrun for example_subdag_operator.section-2 to None
[2023-02-23 20:00:56,407] {scheduler_job.py:190} INFO - Processing /home/airflow/.local/lib/python3.6/site-packages/airflow/example_dags/example_subdag_operator.py took 0.070 seconds
[2023-02-23 20:01:27,010] {scheduler_job.py:182} INFO - Started process (PID=2116) to work on /home/airflow/.local/lib/python3.6/site-packages/airflow/example_dags/example_subdag_operator.py
[2023-02-23 20:01:27,011] {scheduler_job.py:633} INFO - Processing file /home/airflow/.local/lib/python3.6/site-packages/airflow/example_dags/example_subdag_operator.py for tasks to queue
[2023-02-23 20:01:27,012] {logging_mixin.py:104} INFO - [2023-02-23 20:01:27,012] {dagbag.py:496} INFO - Filling up the DagBag from /home/airflow/.local/lib/python3.6/site-packages/airflow/example_dags/example_subdag_operator.py
[2023-02-23 20:01:27,085] {scheduler_job.py:643} INFO - DAG(s) dict_keys(['example_subdag_operator.section-1', 'example_subdag_operator.section-2', 'example_subdag_operator']) retrieved from /home/airflow/.local/lib/python3.6/site-packages/airflow/example_dags/example_subdag_operator.py
[2023-02-23 20:01:27,172] {logging_mixin.py:104} INFO - [2023-02-23 20:01:27,171] {dag.py:1833} INFO - Sync 3 DAGs
[2023-02-23 20:01:27,184] {logging_mixin.py:104} INFO - [2023-02-23 20:01:27,184] {dag.py:2306} INFO - Setting next_dagrun for example_subdag_operator to 2023-02-21 00:00:00+00:00
[2023-02-23 20:01:27,185] {logging_mixin.py:104} INFO - [2023-02-23 20:01:27,185] {dag.py:2306} INFO - Setting next_dagrun for example_subdag_operator.section-1 to None
[2023-02-23 20:01:27,185] {logging_mixin.py:104} INFO - [2023-02-23 20:01:27,185] {dag.py:2306} INFO - Setting next_dagrun for example_subdag_operator.section-2 to None
[2023-02-23 20:01:27,191] {logging_mixin.py:104} INFO - [2023-02-23 20:01:27,191] {dag.py:1833} INFO - Sync 2 DAGs
[2023-02-23 20:01:27,197] {logging_mixin.py:104} INFO - [2023-02-23 20:01:27,197] {dag.py:2306} INFO - Setting next_dagrun for example_subdag_operator.section-1 to None
[2023-02-23 20:01:27,197] {logging_mixin.py:104} INFO - [2023-02-23 20:01:27,197] {dag.py:2306} INFO - Setting next_dagrun for example_subdag_operator.section-2 to None
[2023-02-23 20:01:27,204] {scheduler_job.py:190} INFO - Processing /home/airflow/.local/lib/python3.6/site-packages/airflow/example_dags/example_subdag_operator.py took 0.197 seconds
[2023-02-23 20:01:57,771] {scheduler_job.py:182} INFO - Started process (PID=2177) to work on /home/airflow/.local/lib/python3.6/site-packages/airflow/example_dags/example_subdag_operator.py
[2023-02-23 20:01:57,771] {scheduler_job.py:633} INFO - Processing file /home/airflow/.local/lib/python3.6/site-packages/airflow/example_dags/example_subdag_operator.py for tasks to queue
[2023-02-23 20:01:57,772] {logging_mixin.py:104} INFO - [2023-02-23 20:01:57,772] {dagbag.py:496} INFO - Filling up the DagBag from /home/airflow/.local/lib/python3.6/site-packages/airflow/example_dags/example_subdag_operator.py
[2023-02-23 20:01:57,802] {scheduler_job.py:643} INFO - DAG(s) dict_keys(['example_subdag_operator.section-1', 'example_subdag_operator.section-2', 'example_subdag_operator']) retrieved from /home/airflow/.local/lib/python3.6/site-packages/airflow/example_dags/example_subdag_operator.py
[2023-02-23 20:01:57,815] {logging_mixin.py:104} INFO - [2023-02-23 20:01:57,815] {dag.py:1833} INFO - Sync 3 DAGs
[2023-02-23 20:01:57,831] {logging_mixin.py:104} INFO - [2023-02-23 20:01:57,831] {dag.py:2306} INFO - Setting next_dagrun for example_subdag_operator to 2023-02-21 00:00:00+00:00
[2023-02-23 20:01:57,832] {logging_mixin.py:104} INFO - [2023-02-23 20:01:57,832] {dag.py:2306} INFO - Setting next_dagrun for example_subdag_operator.section-1 to None
[2023-02-23 20:01:57,832] {logging_mixin.py:104} INFO - [2023-02-23 20:01:57,832] {dag.py:2306} INFO - Setting next_dagrun for example_subdag_operator.section-2 to None
[2023-02-23 20:01:57,839] {logging_mixin.py:104} INFO - [2023-02-23 20:01:57,839] {dag.py:1833} INFO - Sync 2 DAGs
[2023-02-23 20:01:57,848] {logging_mixin.py:104} INFO - [2023-02-23 20:01:57,848] {dag.py:2306} INFO - Setting next_dagrun for example_subdag_operator.section-1 to None
[2023-02-23 20:01:57,848] {logging_mixin.py:104} INFO - [2023-02-23 20:01:57,848] {dag.py:2306} INFO - Setting next_dagrun for example_subdag_operator.section-2 to None
[2023-02-23 20:01:57,855] {scheduler_job.py:190} INFO - Processing /home/airflow/.local/lib/python3.6/site-packages/airflow/example_dags/example_subdag_operator.py took 0.087 seconds
[2023-02-23 20:02:28,382] {scheduler_job.py:182} INFO - Started process (PID=2228) to work on /home/airflow/.local/lib/python3.6/site-packages/airflow/example_dags/example_subdag_operator.py
[2023-02-23 20:02:28,382] {scheduler_job.py:633} INFO - Processing file /home/airflow/.local/lib/python3.6/site-packages/airflow/example_dags/example_subdag_operator.py for tasks to queue
[2023-02-23 20:02:28,383] {logging_mixin.py:104} INFO - [2023-02-23 20:02:28,383] {dagbag.py:496} INFO - Filling up the DagBag from /home/airflow/.local/lib/python3.6/site-packages/airflow/example_dags/example_subdag_operator.py
[2023-02-23 20:02:28,407] {scheduler_job.py:643} INFO - DAG(s) dict_keys(['example_subdag_operator.section-1', 'example_subdag_operator.section-2', 'example_subdag_operator']) retrieved from /home/airflow/.local/lib/python3.6/site-packages/airflow/example_dags/example_subdag_operator.py
[2023-02-23 20:02:28,417] {logging_mixin.py:104} INFO - [2023-02-23 20:02:28,417] {dag.py:1833} INFO - Sync 3 DAGs
[2023-02-23 20:02:28,429] {logging_mixin.py:104} INFO - [2023-02-23 20:02:28,429] {dag.py:2306} INFO - Setting next_dagrun for example_subdag_operator to 2023-02-21 00:00:00+00:00
[2023-02-23 20:02:28,430] {logging_mixin.py:104} INFO - [2023-02-23 20:02:28,430] {dag.py:2306} INFO - Setting next_dagrun for example_subdag_operator.section-1 to None
[2023-02-23 20:02:28,430] {logging_mixin.py:104} INFO - [2023-02-23 20:02:28,430] {dag.py:2306} INFO - Setting next_dagrun for example_subdag_operator.section-2 to None
[2023-02-23 20:02:28,436] {logging_mixin.py:104} INFO - [2023-02-23 20:02:28,435] {dag.py:1833} INFO - Sync 2 DAGs
[2023-02-23 20:02:28,442] {logging_mixin.py:104} INFO - [2023-02-23 20:02:28,442] {dag.py:2306} INFO - Setting next_dagrun for example_subdag_operator.section-1 to None
[2023-02-23 20:02:28,442] {logging_mixin.py:104} INFO - [2023-02-23 20:02:28,442] {dag.py:2306} INFO - Setting next_dagrun for example_subdag_operator.section-2 to None
[2023-02-23 20:02:28,447] {scheduler_job.py:190} INFO - Processing /home/airflow/.local/lib/python3.6/site-packages/airflow/example_dags/example_subdag_operator.py took 0.067 seconds
[2023-02-23 20:02:59,064] {scheduler_job.py:182} INFO - Started process (PID=2289) to work on /home/airflow/.local/lib/python3.6/site-packages/airflow/example_dags/example_subdag_operator.py
[2023-02-23 20:02:59,065] {scheduler_job.py:633} INFO - Processing file /home/airflow/.local/lib/python3.6/site-packages/airflow/example_dags/example_subdag_operator.py for tasks to queue
[2023-02-23 20:02:59,065] {logging_mixin.py:104} INFO - [2023-02-23 20:02:59,065] {dagbag.py:496} INFO - Filling up the DagBag from /home/airflow/.local/lib/python3.6/site-packages/airflow/example_dags/example_subdag_operator.py
[2023-02-23 20:02:59,089] {scheduler_job.py:643} INFO - DAG(s) dict_keys(['example_subdag_operator.section-1', 'example_subdag_operator.section-2', 'example_subdag_operator']) retrieved from /home/airflow/.local/lib/python3.6/site-packages/airflow/example_dags/example_subdag_operator.py
[2023-02-23 20:02:59,098] {logging_mixin.py:104} INFO - [2023-02-23 20:02:59,098] {dag.py:1833} INFO - Sync 3 DAGs
[2023-02-23 20:02:59,110] {logging_mixin.py:104} INFO - [2023-02-23 20:02:59,110] {dag.py:2306} INFO - Setting next_dagrun for example_subdag_operator to 2023-02-21 00:00:00+00:00
[2023-02-23 20:02:59,110] {logging_mixin.py:104} INFO - [2023-02-23 20:02:59,110] {dag.py:2306} INFO - Setting next_dagrun for example_subdag_operator.section-1 to None
[2023-02-23 20:02:59,111] {logging_mixin.py:104} INFO - [2023-02-23 20:02:59,111] {dag.py:2306} INFO - Setting next_dagrun for example_subdag_operator.section-2 to None
[2023-02-23 20:02:59,117] {logging_mixin.py:104} INFO - [2023-02-23 20:02:59,117] {dag.py:1833} INFO - Sync 2 DAGs
[2023-02-23 20:02:59,122] {logging_mixin.py:104} INFO - [2023-02-23 20:02:59,122] {dag.py:2306} INFO - Setting next_dagrun for example_subdag_operator.section-1 to None
[2023-02-23 20:02:59,122] {logging_mixin.py:104} INFO - [2023-02-23 20:02:59,122] {dag.py:2306} INFO - Setting next_dagrun for example_subdag_operator.section-2 to None
[2023-02-23 20:02:59,126] {scheduler_job.py:190} INFO - Processing /home/airflow/.local/lib/python3.6/site-packages/airflow/example_dags/example_subdag_operator.py took 0.064 seconds
[2023-02-23 20:03:29,667] {scheduler_job.py:182} INFO - Started process (PID=2340) to work on /home/airflow/.local/lib/python3.6/site-packages/airflow/example_dags/example_subdag_operator.py
[2023-02-23 20:03:29,668] {scheduler_job.py:633} INFO - Processing file /home/airflow/.local/lib/python3.6/site-packages/airflow/example_dags/example_subdag_operator.py for tasks to queue
[2023-02-23 20:03:29,668] {logging_mixin.py:104} INFO - [2023-02-23 20:03:29,668] {dagbag.py:496} INFO - Filling up the DagBag from /home/airflow/.local/lib/python3.6/site-packages/airflow/example_dags/example_subdag_operator.py
[2023-02-23 20:03:29,692] {scheduler_job.py:643} INFO - DAG(s) dict_keys(['example_subdag_operator.section-1', 'example_subdag_operator.section-2', 'example_subdag_operator']) retrieved from /home/airflow/.local/lib/python3.6/site-packages/airflow/example_dags/example_subdag_operator.py
[2023-02-23 20:03:29,702] {logging_mixin.py:104} INFO - [2023-02-23 20:03:29,702] {dag.py:1833} INFO - Sync 3 DAGs
[2023-02-23 20:03:29,714] {logging_mixin.py:104} INFO - [2023-02-23 20:03:29,714] {dag.py:2306} INFO - Setting next_dagrun for example_subdag_operator to 2023-02-21 00:00:00+00:00
[2023-02-23 20:03:29,715] {logging_mixin.py:104} INFO - [2023-02-23 20:03:29,715] {dag.py:2306} INFO - Setting next_dagrun for example_subdag_operator.section-1 to None
[2023-02-23 20:03:29,715] {logging_mixin.py:104} INFO - [2023-02-23 20:03:29,715] {dag.py:2306} INFO - Setting next_dagrun for example_subdag_operator.section-2 to None
[2023-02-23 20:03:29,721] {logging_mixin.py:104} INFO - [2023-02-23 20:03:29,720] {dag.py:1833} INFO - Sync 2 DAGs
[2023-02-23 20:03:29,726] {logging_mixin.py:104} INFO - [2023-02-23 20:03:29,726] {dag.py:2306} INFO - Setting next_dagrun for example_subdag_operator.section-1 to None
[2023-02-23 20:03:29,726] {logging_mixin.py:104} INFO - [2023-02-23 20:03:29,726] {dag.py:2306} INFO - Setting next_dagrun for example_subdag_operator.section-2 to None
[2023-02-23 20:03:29,730] {scheduler_job.py:190} INFO - Processing /home/airflow/.local/lib/python3.6/site-packages/airflow/example_dags/example_subdag_operator.py took 0.066 seconds
[2023-02-23 20:04:00,311] {scheduler_job.py:182} INFO - Started process (PID=2401) to work on /home/airflow/.local/lib/python3.6/site-packages/airflow/example_dags/example_subdag_operator.py
[2023-02-23 20:04:00,312] {scheduler_job.py:633} INFO - Processing file /home/airflow/.local/lib/python3.6/site-packages/airflow/example_dags/example_subdag_operator.py for tasks to queue
[2023-02-23 20:04:00,312] {logging_mixin.py:104} INFO - [2023-02-23 20:04:00,312] {dagbag.py:496} INFO - Filling up the DagBag from /home/airflow/.local/lib/python3.6/site-packages/airflow/example_dags/example_subdag_operator.py
[2023-02-23 20:04:00,338] {scheduler_job.py:643} INFO - DAG(s) dict_keys(['example_subdag_operator.section-1', 'example_subdag_operator.section-2', 'example_subdag_operator']) retrieved from /home/airflow/.local/lib/python3.6/site-packages/airflow/example_dags/example_subdag_operator.py
[2023-02-23 20:04:00,350] {logging_mixin.py:104} INFO - [2023-02-23 20:04:00,350] {dag.py:1833} INFO - Sync 3 DAGs
[2023-02-23 20:04:00,364] {logging_mixin.py:104} INFO - [2023-02-23 20:04:00,364] {dag.py:2306} INFO - Setting next_dagrun for example_subdag_operator to 2023-02-21 00:00:00+00:00
[2023-02-23 20:04:00,365] {logging_mixin.py:104} INFO - [2023-02-23 20:04:00,365] {dag.py:2306} INFO - Setting next_dagrun for example_subdag_operator.section-1 to None
[2023-02-23 20:04:00,365] {logging_mixin.py:104} INFO - [2023-02-23 20:04:00,365] {dag.py:2306} INFO - Setting next_dagrun for example_subdag_operator.section-2 to None
[2023-02-23 20:04:00,372] {logging_mixin.py:104} INFO - [2023-02-23 20:04:00,372] {dag.py:1833} INFO - Sync 2 DAGs
[2023-02-23 20:04:00,378] {logging_mixin.py:104} INFO - [2023-02-23 20:04:00,378] {dag.py:2306} INFO - Setting next_dagrun for example_subdag_operator.section-1 to None
[2023-02-23 20:04:00,379] {logging_mixin.py:104} INFO - [2023-02-23 20:04:00,379] {dag.py:2306} INFO - Setting next_dagrun for example_subdag_operator.section-2 to None
[2023-02-23 20:04:00,384] {scheduler_job.py:190} INFO - Processing /home/airflow/.local/lib/python3.6/site-packages/airflow/example_dags/example_subdag_operator.py took 0.075 seconds
[2023-02-23 20:04:30,857] {scheduler_job.py:182} INFO - Started process (PID=2452) to work on /home/airflow/.local/lib/python3.6/site-packages/airflow/example_dags/example_subdag_operator.py
[2023-02-23 20:04:30,858] {scheduler_job.py:633} INFO - Processing file /home/airflow/.local/lib/python3.6/site-packages/airflow/example_dags/example_subdag_operator.py for tasks to queue
[2023-02-23 20:04:30,859] {logging_mixin.py:104} INFO - [2023-02-23 20:04:30,859] {dagbag.py:496} INFO - Filling up the DagBag from /home/airflow/.local/lib/python3.6/site-packages/airflow/example_dags/example_subdag_operator.py
[2023-02-23 20:04:30,885] {scheduler_job.py:643} INFO - DAG(s) dict_keys(['example_subdag_operator.section-1', 'example_subdag_operator.section-2', 'example_subdag_operator']) retrieved from /home/airflow/.local/lib/python3.6/site-packages/airflow/example_dags/example_subdag_operator.py
[2023-02-23 20:04:30,897] {logging_mixin.py:104} INFO - [2023-02-23 20:04:30,896] {dag.py:1833} INFO - Sync 3 DAGs
[2023-02-23 20:04:30,913] {logging_mixin.py:104} INFO - [2023-02-23 20:04:30,913] {dag.py:2306} INFO - Setting next_dagrun for example_subdag_operator to 2023-02-21 00:00:00+00:00
[2023-02-23 20:04:30,914] {logging_mixin.py:104} INFO - [2023-02-23 20:04:30,914] {dag.py:2306} INFO - Setting next_dagrun for example_subdag_operator.section-1 to None
[2023-02-23 20:04:30,914] {logging_mixin.py:104} INFO - [2023-02-23 20:04:30,914] {dag.py:2306} INFO - Setting next_dagrun for example_subdag_operator.section-2 to None
[2023-02-23 20:04:30,921] {logging_mixin.py:104} INFO - [2023-02-23 20:04:30,921] {dag.py:1833} INFO - Sync 2 DAGs
[2023-02-23 20:04:30,929] {logging_mixin.py:104} INFO - [2023-02-23 20:04:30,929] {dag.py:2306} INFO - Setting next_dagrun for example_subdag_operator.section-1 to None
[2023-02-23 20:04:30,929] {logging_mixin.py:104} INFO - [2023-02-23 20:04:30,929] {dag.py:2306} INFO - Setting next_dagrun for example_subdag_operator.section-2 to None
[2023-02-23 20:04:30,933] {scheduler_job.py:190} INFO - Processing /home/airflow/.local/lib/python3.6/site-packages/airflow/example_dags/example_subdag_operator.py took 0.078 seconds
