[2023-02-23 12:26:04,177] {scheduler_job.py:182} INFO - Started process (PID=102) to work on /home/airflow/.local/lib/python3.6/site-packages/airflow/example_dags/tutorial.py
[2023-02-23 12:26:04,178] {scheduler_job.py:633} INFO - Processing file /home/airflow/.local/lib/python3.6/site-packages/airflow/example_dags/tutorial.py for tasks to queue
[2023-02-23 12:26:04,179] {logging_mixin.py:104} INFO - [2023-02-23 12:26:04,179] {dagbag.py:496} INFO - Filling up the DagBag from /home/airflow/.local/lib/python3.6/site-packages/airflow/example_dags/tutorial.py
[2023-02-23 12:26:04,259] {scheduler_job.py:643} INFO - DAG(s) dict_keys(['tutorial']) retrieved from /home/airflow/.local/lib/python3.6/site-packages/airflow/example_dags/tutorial.py
[2023-02-23 12:26:04,777] {logging_mixin.py:104} INFO - [2023-02-23 12:26:04,777] {dag.py:1833} INFO - Sync 1 DAGs
[2023-02-23 12:26:04,794] {logging_mixin.py:104} INFO - [2023-02-23 12:26:04,794] {dag.py:2306} INFO - Setting next_dagrun for tutorial to 2023-02-21 00:00:00+00:00
[2023-02-23 12:26:04,892] {scheduler_job.py:190} INFO - Processing /home/airflow/.local/lib/python3.6/site-packages/airflow/example_dags/tutorial.py took 0.717 seconds
[2023-02-23 16:46:50,896] {scheduler_job.py:182} INFO - Started process (PID=97) to work on /home/airflow/.local/lib/python3.6/site-packages/airflow/example_dags/tutorial.py
[2023-02-23 16:46:50,897] {scheduler_job.py:633} INFO - Processing file /home/airflow/.local/lib/python3.6/site-packages/airflow/example_dags/tutorial.py for tasks to queue
[2023-02-23 16:46:50,898] {logging_mixin.py:104} INFO - [2023-02-23 16:46:50,898] {dagbag.py:496} INFO - Filling up the DagBag from /home/airflow/.local/lib/python3.6/site-packages/airflow/example_dags/tutorial.py
[2023-02-23 16:46:50,910] {scheduler_job.py:643} INFO - DAG(s) dict_keys(['tutorial']) retrieved from /home/airflow/.local/lib/python3.6/site-packages/airflow/example_dags/tutorial.py
[2023-02-23 16:46:50,992] {logging_mixin.py:104} INFO - [2023-02-23 16:46:50,992] {dag.py:1833} INFO - Sync 1 DAGs
[2023-02-23 16:46:51,006] {logging_mixin.py:104} INFO - [2023-02-23 16:46:51,006] {dag.py:2306} INFO - Setting next_dagrun for tutorial to 2023-02-21 00:00:00+00:00
[2023-02-23 16:46:51,015] {scheduler_job.py:190} INFO - Processing /home/airflow/.local/lib/python3.6/site-packages/airflow/example_dags/tutorial.py took 0.121 seconds
[2023-02-23 16:47:21,280] {scheduler_job.py:182} INFO - Started process (PID=138) to work on /home/airflow/.local/lib/python3.6/site-packages/airflow/example_dags/tutorial.py
[2023-02-23 16:47:21,281] {scheduler_job.py:633} INFO - Processing file /home/airflow/.local/lib/python3.6/site-packages/airflow/example_dags/tutorial.py for tasks to queue
[2023-02-23 16:47:21,282] {logging_mixin.py:104} INFO - [2023-02-23 16:47:21,281] {dagbag.py:496} INFO - Filling up the DagBag from /home/airflow/.local/lib/python3.6/site-packages/airflow/example_dags/tutorial.py
[2023-02-23 16:47:21,291] {scheduler_job.py:643} INFO - DAG(s) dict_keys(['tutorial']) retrieved from /home/airflow/.local/lib/python3.6/site-packages/airflow/example_dags/tutorial.py
[2023-02-23 16:47:21,308] {logging_mixin.py:104} INFO - [2023-02-23 16:47:21,307] {dag.py:1833} INFO - Sync 1 DAGs
[2023-02-23 16:47:21,320] {logging_mixin.py:104} INFO - [2023-02-23 16:47:21,320] {dag.py:2306} INFO - Setting next_dagrun for tutorial to 2023-02-21 00:00:00+00:00
[2023-02-23 16:47:21,327] {scheduler_job.py:190} INFO - Processing /home/airflow/.local/lib/python3.6/site-packages/airflow/example_dags/tutorial.py took 0.049 seconds
[2023-02-23 16:47:51,986] {scheduler_job.py:182} INFO - Started process (PID=200) to work on /home/airflow/.local/lib/python3.6/site-packages/airflow/example_dags/tutorial.py
[2023-02-23 16:47:51,987] {scheduler_job.py:633} INFO - Processing file /home/airflow/.local/lib/python3.6/site-packages/airflow/example_dags/tutorial.py for tasks to queue
[2023-02-23 16:47:51,987] {logging_mixin.py:104} INFO - [2023-02-23 16:47:51,987] {dagbag.py:496} INFO - Filling up the DagBag from /home/airflow/.local/lib/python3.6/site-packages/airflow/example_dags/tutorial.py
[2023-02-23 16:47:51,998] {scheduler_job.py:643} INFO - DAG(s) dict_keys(['tutorial']) retrieved from /home/airflow/.local/lib/python3.6/site-packages/airflow/example_dags/tutorial.py
[2023-02-23 16:47:52,019] {logging_mixin.py:104} INFO - [2023-02-23 16:47:52,019] {dag.py:1833} INFO - Sync 1 DAGs
[2023-02-23 16:47:52,034] {logging_mixin.py:104} INFO - [2023-02-23 16:47:52,034] {dag.py:2306} INFO - Setting next_dagrun for tutorial to 2023-02-21 00:00:00+00:00
[2023-02-23 16:47:52,072] {scheduler_job.py:190} INFO - Processing /home/airflow/.local/lib/python3.6/site-packages/airflow/example_dags/tutorial.py took 0.088 seconds
[2023-02-23 16:48:23,099] {scheduler_job.py:182} INFO - Started process (PID=263) to work on /home/airflow/.local/lib/python3.6/site-packages/airflow/example_dags/tutorial.py
[2023-02-23 16:48:23,100] {scheduler_job.py:633} INFO - Processing file /home/airflow/.local/lib/python3.6/site-packages/airflow/example_dags/tutorial.py for tasks to queue
[2023-02-23 16:48:23,100] {logging_mixin.py:104} INFO - [2023-02-23 16:48:23,100] {dagbag.py:496} INFO - Filling up the DagBag from /home/airflow/.local/lib/python3.6/site-packages/airflow/example_dags/tutorial.py
[2023-02-23 16:48:23,111] {scheduler_job.py:643} INFO - DAG(s) dict_keys(['tutorial']) retrieved from /home/airflow/.local/lib/python3.6/site-packages/airflow/example_dags/tutorial.py
[2023-02-23 16:48:23,130] {logging_mixin.py:104} INFO - [2023-02-23 16:48:23,130] {dag.py:1833} INFO - Sync 1 DAGs
[2023-02-23 16:48:23,143] {logging_mixin.py:104} INFO - [2023-02-23 16:48:23,143] {dag.py:2306} INFO - Setting next_dagrun for tutorial to 2023-02-21 00:00:00+00:00
[2023-02-23 16:48:23,151] {scheduler_job.py:190} INFO - Processing /home/airflow/.local/lib/python3.6/site-packages/airflow/example_dags/tutorial.py took 0.055 seconds
[2023-02-23 16:48:53,796] {scheduler_job.py:182} INFO - Started process (PID=315) to work on /home/airflow/.local/lib/python3.6/site-packages/airflow/example_dags/tutorial.py
[2023-02-23 16:48:53,797] {scheduler_job.py:633} INFO - Processing file /home/airflow/.local/lib/python3.6/site-packages/airflow/example_dags/tutorial.py for tasks to queue
[2023-02-23 16:48:53,798] {logging_mixin.py:104} INFO - [2023-02-23 16:48:53,797] {dagbag.py:496} INFO - Filling up the DagBag from /home/airflow/.local/lib/python3.6/site-packages/airflow/example_dags/tutorial.py
[2023-02-23 16:48:53,807] {scheduler_job.py:643} INFO - DAG(s) dict_keys(['tutorial']) retrieved from /home/airflow/.local/lib/python3.6/site-packages/airflow/example_dags/tutorial.py
[2023-02-23 16:48:53,826] {logging_mixin.py:104} INFO - [2023-02-23 16:48:53,826] {dag.py:1833} INFO - Sync 1 DAGs
[2023-02-23 16:48:53,838] {logging_mixin.py:104} INFO - [2023-02-23 16:48:53,838] {dag.py:2306} INFO - Setting next_dagrun for tutorial to 2023-02-21 00:00:00+00:00
[2023-02-23 16:48:53,846] {scheduler_job.py:190} INFO - Processing /home/airflow/.local/lib/python3.6/site-packages/airflow/example_dags/tutorial.py took 0.052 seconds
[2023-02-23 16:49:25,199] {scheduler_job.py:182} INFO - Started process (PID=377) to work on /home/airflow/.local/lib/python3.6/site-packages/airflow/example_dags/tutorial.py
[2023-02-23 16:49:25,200] {scheduler_job.py:633} INFO - Processing file /home/airflow/.local/lib/python3.6/site-packages/airflow/example_dags/tutorial.py for tasks to queue
[2023-02-23 16:49:25,201] {logging_mixin.py:104} INFO - [2023-02-23 16:49:25,201] {dagbag.py:496} INFO - Filling up the DagBag from /home/airflow/.local/lib/python3.6/site-packages/airflow/example_dags/tutorial.py
[2023-02-23 16:49:25,209] {scheduler_job.py:643} INFO - DAG(s) dict_keys(['tutorial']) retrieved from /home/airflow/.local/lib/python3.6/site-packages/airflow/example_dags/tutorial.py
[2023-02-23 16:49:25,285] {logging_mixin.py:104} INFO - [2023-02-23 16:49:25,285] {dag.py:1833} INFO - Sync 1 DAGs
[2023-02-23 16:49:25,298] {logging_mixin.py:104} INFO - [2023-02-23 16:49:25,298] {dag.py:2306} INFO - Setting next_dagrun for tutorial to 2023-02-21 00:00:00+00:00
[2023-02-23 16:49:25,305] {scheduler_job.py:190} INFO - Processing /home/airflow/.local/lib/python3.6/site-packages/airflow/example_dags/tutorial.py took 0.109 seconds
[2023-02-23 16:49:56,282] {scheduler_job.py:182} INFO - Started process (PID=426) to work on /home/airflow/.local/lib/python3.6/site-packages/airflow/example_dags/tutorial.py
[2023-02-23 16:49:56,283] {scheduler_job.py:633} INFO - Processing file /home/airflow/.local/lib/python3.6/site-packages/airflow/example_dags/tutorial.py for tasks to queue
[2023-02-23 16:49:56,283] {logging_mixin.py:104} INFO - [2023-02-23 16:49:56,283] {dagbag.py:496} INFO - Filling up the DagBag from /home/airflow/.local/lib/python3.6/site-packages/airflow/example_dags/tutorial.py
[2023-02-23 16:49:56,293] {scheduler_job.py:643} INFO - DAG(s) dict_keys(['tutorial']) retrieved from /home/airflow/.local/lib/python3.6/site-packages/airflow/example_dags/tutorial.py
[2023-02-23 16:49:56,313] {logging_mixin.py:104} INFO - [2023-02-23 16:49:56,313] {dag.py:1833} INFO - Sync 1 DAGs
[2023-02-23 16:49:56,329] {logging_mixin.py:104} INFO - [2023-02-23 16:49:56,328] {dag.py:2306} INFO - Setting next_dagrun for tutorial to 2023-02-21 00:00:00+00:00
[2023-02-23 16:49:56,339] {scheduler_job.py:190} INFO - Processing /home/airflow/.local/lib/python3.6/site-packages/airflow/example_dags/tutorial.py took 0.060 seconds
[2023-02-23 16:50:27,100] {scheduler_job.py:182} INFO - Started process (PID=481) to work on /home/airflow/.local/lib/python3.6/site-packages/airflow/example_dags/tutorial.py
[2023-02-23 16:50:27,101] {scheduler_job.py:633} INFO - Processing file /home/airflow/.local/lib/python3.6/site-packages/airflow/example_dags/tutorial.py for tasks to queue
[2023-02-23 16:50:27,101] {logging_mixin.py:104} INFO - [2023-02-23 16:50:27,101] {dagbag.py:496} INFO - Filling up the DagBag from /home/airflow/.local/lib/python3.6/site-packages/airflow/example_dags/tutorial.py
[2023-02-23 16:50:27,112] {scheduler_job.py:643} INFO - DAG(s) dict_keys(['tutorial']) retrieved from /home/airflow/.local/lib/python3.6/site-packages/airflow/example_dags/tutorial.py
[2023-02-23 16:50:27,131] {logging_mixin.py:104} INFO - [2023-02-23 16:50:27,131] {dag.py:1833} INFO - Sync 1 DAGs
[2023-02-23 16:50:27,143] {logging_mixin.py:104} INFO - [2023-02-23 16:50:27,143] {dag.py:2306} INFO - Setting next_dagrun for tutorial to 2023-02-21 00:00:00+00:00
[2023-02-23 16:50:27,151] {scheduler_job.py:190} INFO - Processing /home/airflow/.local/lib/python3.6/site-packages/airflow/example_dags/tutorial.py took 0.053 seconds
[2023-02-23 16:50:58,195] {scheduler_job.py:182} INFO - Started process (PID=533) to work on /home/airflow/.local/lib/python3.6/site-packages/airflow/example_dags/tutorial.py
[2023-02-23 16:50:58,195] {scheduler_job.py:633} INFO - Processing file /home/airflow/.local/lib/python3.6/site-packages/airflow/example_dags/tutorial.py for tasks to queue
[2023-02-23 16:50:58,196] {logging_mixin.py:104} INFO - [2023-02-23 16:50:58,196] {dagbag.py:496} INFO - Filling up the DagBag from /home/airflow/.local/lib/python3.6/site-packages/airflow/example_dags/tutorial.py
[2023-02-23 16:50:58,206] {scheduler_job.py:643} INFO - DAG(s) dict_keys(['tutorial']) retrieved from /home/airflow/.local/lib/python3.6/site-packages/airflow/example_dags/tutorial.py
[2023-02-23 16:50:58,228] {logging_mixin.py:104} INFO - [2023-02-23 16:50:58,228] {dag.py:1833} INFO - Sync 1 DAGs
[2023-02-23 16:50:58,276] {logging_mixin.py:104} INFO - [2023-02-23 16:50:58,276] {dag.py:2306} INFO - Setting next_dagrun for tutorial to 2023-02-21 00:00:00+00:00
[2023-02-23 16:50:58,284] {scheduler_job.py:190} INFO - Processing /home/airflow/.local/lib/python3.6/site-packages/airflow/example_dags/tutorial.py took 0.092 seconds
[2023-02-23 16:51:29,080] {scheduler_job.py:182} INFO - Started process (PID=595) to work on /home/airflow/.local/lib/python3.6/site-packages/airflow/example_dags/tutorial.py
[2023-02-23 16:51:29,081] {scheduler_job.py:633} INFO - Processing file /home/airflow/.local/lib/python3.6/site-packages/airflow/example_dags/tutorial.py for tasks to queue
[2023-02-23 16:51:29,081] {logging_mixin.py:104} INFO - [2023-02-23 16:51:29,081] {dagbag.py:496} INFO - Filling up the DagBag from /home/airflow/.local/lib/python3.6/site-packages/airflow/example_dags/tutorial.py
[2023-02-23 16:51:29,092] {scheduler_job.py:643} INFO - DAG(s) dict_keys(['tutorial']) retrieved from /home/airflow/.local/lib/python3.6/site-packages/airflow/example_dags/tutorial.py
[2023-02-23 16:51:29,110] {logging_mixin.py:104} INFO - [2023-02-23 16:51:29,110] {dag.py:1833} INFO - Sync 1 DAGs
[2023-02-23 16:51:29,123] {logging_mixin.py:104} INFO - [2023-02-23 16:51:29,122] {dag.py:2306} INFO - Setting next_dagrun for tutorial to 2023-02-21 00:00:00+00:00
[2023-02-23 16:51:29,130] {scheduler_job.py:190} INFO - Processing /home/airflow/.local/lib/python3.6/site-packages/airflow/example_dags/tutorial.py took 0.052 seconds
[2023-02-23 16:51:59,890] {scheduler_job.py:182} INFO - Started process (PID=649) to work on /home/airflow/.local/lib/python3.6/site-packages/airflow/example_dags/tutorial.py
[2023-02-23 16:51:59,891] {scheduler_job.py:633} INFO - Processing file /home/airflow/.local/lib/python3.6/site-packages/airflow/example_dags/tutorial.py for tasks to queue
[2023-02-23 16:51:59,892] {logging_mixin.py:104} INFO - [2023-02-23 16:51:59,891] {dagbag.py:496} INFO - Filling up the DagBag from /home/airflow/.local/lib/python3.6/site-packages/airflow/example_dags/tutorial.py
[2023-02-23 16:51:59,901] {scheduler_job.py:643} INFO - DAG(s) dict_keys(['tutorial']) retrieved from /home/airflow/.local/lib/python3.6/site-packages/airflow/example_dags/tutorial.py
[2023-02-23 16:51:59,921] {logging_mixin.py:104} INFO - [2023-02-23 16:51:59,921] {dag.py:1833} INFO - Sync 1 DAGs
[2023-02-23 16:51:59,936] {logging_mixin.py:104} INFO - [2023-02-23 16:51:59,936] {dag.py:2306} INFO - Setting next_dagrun for tutorial to 2023-02-21 00:00:00+00:00
[2023-02-23 16:51:59,946] {scheduler_job.py:190} INFO - Processing /home/airflow/.local/lib/python3.6/site-packages/airflow/example_dags/tutorial.py took 0.058 seconds
[2023-02-23 16:52:30,519] {scheduler_job.py:182} INFO - Started process (PID=709) to work on /home/airflow/.local/lib/python3.6/site-packages/airflow/example_dags/tutorial.py
[2023-02-23 16:52:30,520] {scheduler_job.py:633} INFO - Processing file /home/airflow/.local/lib/python3.6/site-packages/airflow/example_dags/tutorial.py for tasks to queue
[2023-02-23 16:52:30,521] {logging_mixin.py:104} INFO - [2023-02-23 16:52:30,521] {dagbag.py:496} INFO - Filling up the DagBag from /home/airflow/.local/lib/python3.6/site-packages/airflow/example_dags/tutorial.py
[2023-02-23 16:52:30,531] {scheduler_job.py:643} INFO - DAG(s) dict_keys(['tutorial']) retrieved from /home/airflow/.local/lib/python3.6/site-packages/airflow/example_dags/tutorial.py
[2023-02-23 16:52:30,548] {logging_mixin.py:104} INFO - [2023-02-23 16:52:30,548] {dag.py:1833} INFO - Sync 1 DAGs
[2023-02-23 16:52:30,560] {logging_mixin.py:104} INFO - [2023-02-23 16:52:30,560] {dag.py:2306} INFO - Setting next_dagrun for tutorial to 2023-02-21 00:00:00+00:00
[2023-02-23 16:52:30,568] {scheduler_job.py:190} INFO - Processing /home/airflow/.local/lib/python3.6/site-packages/airflow/example_dags/tutorial.py took 0.050 seconds
[2023-02-23 16:53:02,379] {scheduler_job.py:182} INFO - Started process (PID=769) to work on /home/airflow/.local/lib/python3.6/site-packages/airflow/example_dags/tutorial.py
[2023-02-23 16:53:02,380] {scheduler_job.py:633} INFO - Processing file /home/airflow/.local/lib/python3.6/site-packages/airflow/example_dags/tutorial.py for tasks to queue
[2023-02-23 16:53:02,381] {logging_mixin.py:104} INFO - [2023-02-23 16:53:02,381] {dagbag.py:496} INFO - Filling up the DagBag from /home/airflow/.local/lib/python3.6/site-packages/airflow/example_dags/tutorial.py
[2023-02-23 16:53:02,391] {scheduler_job.py:643} INFO - DAG(s) dict_keys(['tutorial']) retrieved from /home/airflow/.local/lib/python3.6/site-packages/airflow/example_dags/tutorial.py
[2023-02-23 16:53:02,489] {logging_mixin.py:104} INFO - [2023-02-23 16:53:02,489] {dag.py:1833} INFO - Sync 1 DAGs
[2023-02-23 16:53:02,503] {logging_mixin.py:104} INFO - [2023-02-23 16:53:02,503] {dag.py:2306} INFO - Setting next_dagrun for tutorial to 2023-02-21 00:00:00+00:00
[2023-02-23 16:53:02,580] {scheduler_job.py:190} INFO - Processing /home/airflow/.local/lib/python3.6/site-packages/airflow/example_dags/tutorial.py took 0.203 seconds
[2023-02-23 16:53:32,807] {scheduler_job.py:182} INFO - Started process (PID=824) to work on /home/airflow/.local/lib/python3.6/site-packages/airflow/example_dags/tutorial.py
[2023-02-23 16:53:32,810] {scheduler_job.py:633} INFO - Processing file /home/airflow/.local/lib/python3.6/site-packages/airflow/example_dags/tutorial.py for tasks to queue
[2023-02-23 16:53:32,810] {logging_mixin.py:104} INFO - [2023-02-23 16:53:32,810] {dagbag.py:496} INFO - Filling up the DagBag from /home/airflow/.local/lib/python3.6/site-packages/airflow/example_dags/tutorial.py
[2023-02-23 16:53:32,822] {scheduler_job.py:643} INFO - DAG(s) dict_keys(['tutorial']) retrieved from /home/airflow/.local/lib/python3.6/site-packages/airflow/example_dags/tutorial.py
[2023-02-23 16:53:32,844] {logging_mixin.py:104} INFO - [2023-02-23 16:53:32,844] {dag.py:1833} INFO - Sync 1 DAGs
[2023-02-23 16:53:32,858] {logging_mixin.py:104} INFO - [2023-02-23 16:53:32,858] {dag.py:2306} INFO - Setting next_dagrun for tutorial to 2023-02-21 00:00:00+00:00
[2023-02-23 16:53:32,867] {scheduler_job.py:190} INFO - Processing /home/airflow/.local/lib/python3.6/site-packages/airflow/example_dags/tutorial.py took 0.062 seconds
[2023-02-23 16:54:03,488] {scheduler_job.py:182} INFO - Started process (PID=877) to work on /home/airflow/.local/lib/python3.6/site-packages/airflow/example_dags/tutorial.py
[2023-02-23 16:54:03,490] {scheduler_job.py:633} INFO - Processing file /home/airflow/.local/lib/python3.6/site-packages/airflow/example_dags/tutorial.py for tasks to queue
[2023-02-23 16:54:03,490] {logging_mixin.py:104} INFO - [2023-02-23 16:54:03,490] {dagbag.py:496} INFO - Filling up the DagBag from /home/airflow/.local/lib/python3.6/site-packages/airflow/example_dags/tutorial.py
[2023-02-23 16:54:03,499] {scheduler_job.py:643} INFO - DAG(s) dict_keys(['tutorial']) retrieved from /home/airflow/.local/lib/python3.6/site-packages/airflow/example_dags/tutorial.py
[2023-02-23 16:54:03,520] {logging_mixin.py:104} INFO - [2023-02-23 16:54:03,520] {dag.py:1833} INFO - Sync 1 DAGs
[2023-02-23 16:54:03,537] {logging_mixin.py:104} INFO - [2023-02-23 16:54:03,537] {dag.py:2306} INFO - Setting next_dagrun for tutorial to 2023-02-21 00:00:00+00:00
[2023-02-23 16:54:03,548] {scheduler_job.py:190} INFO - Processing /home/airflow/.local/lib/python3.6/site-packages/airflow/example_dags/tutorial.py took 0.062 seconds
[2023-02-23 16:54:34,278] {scheduler_job.py:182} INFO - Started process (PID=939) to work on /home/airflow/.local/lib/python3.6/site-packages/airflow/example_dags/tutorial.py
[2023-02-23 16:54:34,279] {scheduler_job.py:633} INFO - Processing file /home/airflow/.local/lib/python3.6/site-packages/airflow/example_dags/tutorial.py for tasks to queue
[2023-02-23 16:54:34,280] {logging_mixin.py:104} INFO - [2023-02-23 16:54:34,280] {dagbag.py:496} INFO - Filling up the DagBag from /home/airflow/.local/lib/python3.6/site-packages/airflow/example_dags/tutorial.py
[2023-02-23 16:54:34,291] {scheduler_job.py:643} INFO - DAG(s) dict_keys(['tutorial']) retrieved from /home/airflow/.local/lib/python3.6/site-packages/airflow/example_dags/tutorial.py
[2023-02-23 16:54:34,310] {logging_mixin.py:104} INFO - [2023-02-23 16:54:34,310] {dag.py:1833} INFO - Sync 1 DAGs
[2023-02-23 16:54:34,323] {logging_mixin.py:104} INFO - [2023-02-23 16:54:34,323] {dag.py:2306} INFO - Setting next_dagrun for tutorial to 2023-02-21 00:00:00+00:00
[2023-02-23 16:54:34,331] {scheduler_job.py:190} INFO - Processing /home/airflow/.local/lib/python3.6/site-packages/airflow/example_dags/tutorial.py took 0.056 seconds
[2023-02-23 16:55:06,481] {scheduler_job.py:182} INFO - Started process (PID=998) to work on /home/airflow/.local/lib/python3.6/site-packages/airflow/example_dags/tutorial.py
[2023-02-23 16:55:06,482] {scheduler_job.py:633} INFO - Processing file /home/airflow/.local/lib/python3.6/site-packages/airflow/example_dags/tutorial.py for tasks to queue
[2023-02-23 16:55:06,483] {logging_mixin.py:104} INFO - [2023-02-23 16:55:06,482] {dagbag.py:496} INFO - Filling up the DagBag from /home/airflow/.local/lib/python3.6/site-packages/airflow/example_dags/tutorial.py
[2023-02-23 16:55:06,492] {scheduler_job.py:643} INFO - DAG(s) dict_keys(['tutorial']) retrieved from /home/airflow/.local/lib/python3.6/site-packages/airflow/example_dags/tutorial.py
[2023-02-23 16:55:06,572] {logging_mixin.py:104} INFO - [2023-02-23 16:55:06,572] {dag.py:1833} INFO - Sync 1 DAGs
[2023-02-23 16:55:06,589] {logging_mixin.py:104} INFO - [2023-02-23 16:55:06,589] {dag.py:2306} INFO - Setting next_dagrun for tutorial to 2023-02-21 00:00:00+00:00
[2023-02-23 16:55:06,676] {scheduler_job.py:190} INFO - Processing /home/airflow/.local/lib/python3.6/site-packages/airflow/example_dags/tutorial.py took 0.197 seconds
[2023-02-23 16:55:36,949] {scheduler_job.py:182} INFO - Started process (PID=1053) to work on /home/airflow/.local/lib/python3.6/site-packages/airflow/example_dags/tutorial.py
[2023-02-23 16:55:36,950] {scheduler_job.py:633} INFO - Processing file /home/airflow/.local/lib/python3.6/site-packages/airflow/example_dags/tutorial.py for tasks to queue
[2023-02-23 16:55:36,950] {logging_mixin.py:104} INFO - [2023-02-23 16:55:36,950] {dagbag.py:496} INFO - Filling up the DagBag from /home/airflow/.local/lib/python3.6/site-packages/airflow/example_dags/tutorial.py
[2023-02-23 16:55:36,960] {scheduler_job.py:643} INFO - DAG(s) dict_keys(['tutorial']) retrieved from /home/airflow/.local/lib/python3.6/site-packages/airflow/example_dags/tutorial.py
[2023-02-23 16:55:36,979] {logging_mixin.py:104} INFO - [2023-02-23 16:55:36,979] {dag.py:1833} INFO - Sync 1 DAGs
[2023-02-23 16:55:36,991] {logging_mixin.py:104} INFO - [2023-02-23 16:55:36,991] {dag.py:2306} INFO - Setting next_dagrun for tutorial to 2023-02-21 00:00:00+00:00
[2023-02-23 16:55:37,000] {scheduler_job.py:190} INFO - Processing /home/airflow/.local/lib/python3.6/site-packages/airflow/example_dags/tutorial.py took 0.054 seconds
[2023-02-23 16:56:07,398] {scheduler_job.py:182} INFO - Started process (PID=1105) to work on /home/airflow/.local/lib/python3.6/site-packages/airflow/example_dags/tutorial.py
[2023-02-23 16:56:07,398] {scheduler_job.py:633} INFO - Processing file /home/airflow/.local/lib/python3.6/site-packages/airflow/example_dags/tutorial.py for tasks to queue
[2023-02-23 16:56:07,399] {logging_mixin.py:104} INFO - [2023-02-23 16:56:07,399] {dagbag.py:496} INFO - Filling up the DagBag from /home/airflow/.local/lib/python3.6/site-packages/airflow/example_dags/tutorial.py
[2023-02-23 16:56:07,409] {scheduler_job.py:643} INFO - DAG(s) dict_keys(['tutorial']) retrieved from /home/airflow/.local/lib/python3.6/site-packages/airflow/example_dags/tutorial.py
[2023-02-23 16:56:07,426] {logging_mixin.py:104} INFO - [2023-02-23 16:56:07,426] {dag.py:1833} INFO - Sync 1 DAGs
[2023-02-23 16:56:07,437] {logging_mixin.py:104} INFO - [2023-02-23 16:56:07,437] {dag.py:2306} INFO - Setting next_dagrun for tutorial to 2023-02-21 00:00:00+00:00
[2023-02-23 16:56:07,445] {scheduler_job.py:190} INFO - Processing /home/airflow/.local/lib/python3.6/site-packages/airflow/example_dags/tutorial.py took 0.049 seconds
[2023-02-23 16:56:37,961] {scheduler_job.py:182} INFO - Started process (PID=1167) to work on /home/airflow/.local/lib/python3.6/site-packages/airflow/example_dags/tutorial.py
[2023-02-23 16:56:37,961] {scheduler_job.py:633} INFO - Processing file /home/airflow/.local/lib/python3.6/site-packages/airflow/example_dags/tutorial.py for tasks to queue
[2023-02-23 16:56:37,962] {logging_mixin.py:104} INFO - [2023-02-23 16:56:37,962] {dagbag.py:496} INFO - Filling up the DagBag from /home/airflow/.local/lib/python3.6/site-packages/airflow/example_dags/tutorial.py
[2023-02-23 16:56:37,971] {scheduler_job.py:643} INFO - DAG(s) dict_keys(['tutorial']) retrieved from /home/airflow/.local/lib/python3.6/site-packages/airflow/example_dags/tutorial.py
[2023-02-23 16:56:37,988] {logging_mixin.py:104} INFO - [2023-02-23 16:56:37,988] {dag.py:1833} INFO - Sync 1 DAGs
[2023-02-23 16:56:38,000] {logging_mixin.py:104} INFO - [2023-02-23 16:56:38,000] {dag.py:2306} INFO - Setting next_dagrun for tutorial to 2023-02-21 00:00:00+00:00
[2023-02-23 16:56:38,009] {scheduler_job.py:190} INFO - Processing /home/airflow/.local/lib/python3.6/site-packages/airflow/example_dags/tutorial.py took 0.051 seconds
[2023-02-23 16:57:08,307] {scheduler_job.py:182} INFO - Started process (PID=1218) to work on /home/airflow/.local/lib/python3.6/site-packages/airflow/example_dags/tutorial.py
[2023-02-23 16:57:08,308] {scheduler_job.py:633} INFO - Processing file /home/airflow/.local/lib/python3.6/site-packages/airflow/example_dags/tutorial.py for tasks to queue
[2023-02-23 16:57:08,308] {logging_mixin.py:104} INFO - [2023-02-23 16:57:08,308] {dagbag.py:496} INFO - Filling up the DagBag from /home/airflow/.local/lib/python3.6/site-packages/airflow/example_dags/tutorial.py
[2023-02-23 16:57:08,318] {scheduler_job.py:643} INFO - DAG(s) dict_keys(['tutorial']) retrieved from /home/airflow/.local/lib/python3.6/site-packages/airflow/example_dags/tutorial.py
[2023-02-23 16:57:08,341] {logging_mixin.py:104} INFO - [2023-02-23 16:57:08,340] {dag.py:1833} INFO - Sync 1 DAGs
[2023-02-23 16:57:08,357] {logging_mixin.py:104} INFO - [2023-02-23 16:57:08,357] {dag.py:2306} INFO - Setting next_dagrun for tutorial to 2023-02-21 00:00:00+00:00
[2023-02-23 16:57:08,366] {scheduler_job.py:190} INFO - Processing /home/airflow/.local/lib/python3.6/site-packages/airflow/example_dags/tutorial.py took 0.062 seconds
[2023-02-23 16:57:39,507] {scheduler_job.py:182} INFO - Started process (PID=1279) to work on /home/airflow/.local/lib/python3.6/site-packages/airflow/example_dags/tutorial.py
[2023-02-23 16:57:39,508] {scheduler_job.py:633} INFO - Processing file /home/airflow/.local/lib/python3.6/site-packages/airflow/example_dags/tutorial.py for tasks to queue
[2023-02-23 16:57:39,508] {logging_mixin.py:104} INFO - [2023-02-23 16:57:39,508] {dagbag.py:496} INFO - Filling up the DagBag from /home/airflow/.local/lib/python3.6/site-packages/airflow/example_dags/tutorial.py
[2023-02-23 16:57:39,518] {scheduler_job.py:643} INFO - DAG(s) dict_keys(['tutorial']) retrieved from /home/airflow/.local/lib/python3.6/site-packages/airflow/example_dags/tutorial.py
[2023-02-23 16:57:39,534] {logging_mixin.py:104} INFO - [2023-02-23 16:57:39,534] {dag.py:1833} INFO - Sync 1 DAGs
[2023-02-23 16:57:39,576] {logging_mixin.py:104} INFO - [2023-02-23 16:57:39,576] {dag.py:2306} INFO - Setting next_dagrun for tutorial to 2023-02-21 00:00:00+00:00
[2023-02-23 16:57:39,583] {scheduler_job.py:190} INFO - Processing /home/airflow/.local/lib/python3.6/site-packages/airflow/example_dags/tutorial.py took 0.078 seconds
[2023-02-23 16:58:10,395] {scheduler_job.py:182} INFO - Started process (PID=1332) to work on /home/airflow/.local/lib/python3.6/site-packages/airflow/example_dags/tutorial.py
[2023-02-23 16:58:10,396] {scheduler_job.py:633} INFO - Processing file /home/airflow/.local/lib/python3.6/site-packages/airflow/example_dags/tutorial.py for tasks to queue
[2023-02-23 16:58:10,397] {logging_mixin.py:104} INFO - [2023-02-23 16:58:10,397] {dagbag.py:496} INFO - Filling up the DagBag from /home/airflow/.local/lib/python3.6/site-packages/airflow/example_dags/tutorial.py
[2023-02-23 16:58:10,410] {scheduler_job.py:643} INFO - DAG(s) dict_keys(['tutorial']) retrieved from /home/airflow/.local/lib/python3.6/site-packages/airflow/example_dags/tutorial.py
[2023-02-23 16:58:10,428] {logging_mixin.py:104} INFO - [2023-02-23 16:58:10,428] {dag.py:1833} INFO - Sync 1 DAGs
[2023-02-23 16:58:10,443] {logging_mixin.py:104} INFO - [2023-02-23 16:58:10,443] {dag.py:2306} INFO - Setting next_dagrun for tutorial to 2023-02-21 00:00:00+00:00
[2023-02-23 16:58:10,452] {scheduler_job.py:190} INFO - Processing /home/airflow/.local/lib/python3.6/site-packages/airflow/example_dags/tutorial.py took 0.059 seconds
[2023-02-23 16:58:41,479] {scheduler_job.py:182} INFO - Started process (PID=1394) to work on /home/airflow/.local/lib/python3.6/site-packages/airflow/example_dags/tutorial.py
[2023-02-23 16:58:41,481] {scheduler_job.py:633} INFO - Processing file /home/airflow/.local/lib/python3.6/site-packages/airflow/example_dags/tutorial.py for tasks to queue
[2023-02-23 16:58:41,481] {logging_mixin.py:104} INFO - [2023-02-23 16:58:41,481] {dagbag.py:496} INFO - Filling up the DagBag from /home/airflow/.local/lib/python3.6/site-packages/airflow/example_dags/tutorial.py
[2023-02-23 16:58:41,490] {scheduler_job.py:643} INFO - DAG(s) dict_keys(['tutorial']) retrieved from /home/airflow/.local/lib/python3.6/site-packages/airflow/example_dags/tutorial.py
[2023-02-23 16:58:41,507] {logging_mixin.py:104} INFO - [2023-02-23 16:58:41,507] {dag.py:1833} INFO - Sync 1 DAGs
[2023-02-23 16:58:41,521] {logging_mixin.py:104} INFO - [2023-02-23 16:58:41,521] {dag.py:2306} INFO - Setting next_dagrun for tutorial to 2023-02-21 00:00:00+00:00
[2023-02-23 16:58:41,529] {scheduler_job.py:190} INFO - Processing /home/airflow/.local/lib/python3.6/site-packages/airflow/example_dags/tutorial.py took 0.052 seconds
[2023-02-23 16:59:12,015] {scheduler_job.py:182} INFO - Started process (PID=1446) to work on /home/airflow/.local/lib/python3.6/site-packages/airflow/example_dags/tutorial.py
[2023-02-23 16:59:12,016] {scheduler_job.py:633} INFO - Processing file /home/airflow/.local/lib/python3.6/site-packages/airflow/example_dags/tutorial.py for tasks to queue
[2023-02-23 16:59:12,017] {logging_mixin.py:104} INFO - [2023-02-23 16:59:12,017] {dagbag.py:496} INFO - Filling up the DagBag from /home/airflow/.local/lib/python3.6/site-packages/airflow/example_dags/tutorial.py
[2023-02-23 16:59:12,027] {scheduler_job.py:643} INFO - DAG(s) dict_keys(['tutorial']) retrieved from /home/airflow/.local/lib/python3.6/site-packages/airflow/example_dags/tutorial.py
[2023-02-23 16:59:12,046] {logging_mixin.py:104} INFO - [2023-02-23 16:59:12,046] {dag.py:1833} INFO - Sync 1 DAGs
[2023-02-23 16:59:12,085] {logging_mixin.py:104} INFO - [2023-02-23 16:59:12,084] {dag.py:2306} INFO - Setting next_dagrun for tutorial to 2023-02-21 00:00:00+00:00
[2023-02-23 16:59:12,094] {scheduler_job.py:190} INFO - Processing /home/airflow/.local/lib/python3.6/site-packages/airflow/example_dags/tutorial.py took 0.082 seconds
[2023-02-23 16:59:43,012] {scheduler_job.py:182} INFO - Started process (PID=1499) to work on /home/airflow/.local/lib/python3.6/site-packages/airflow/example_dags/tutorial.py
[2023-02-23 16:59:43,012] {scheduler_job.py:633} INFO - Processing file /home/airflow/.local/lib/python3.6/site-packages/airflow/example_dags/tutorial.py for tasks to queue
[2023-02-23 16:59:43,013] {logging_mixin.py:104} INFO - [2023-02-23 16:59:43,013] {dagbag.py:496} INFO - Filling up the DagBag from /home/airflow/.local/lib/python3.6/site-packages/airflow/example_dags/tutorial.py
[2023-02-23 16:59:43,024] {scheduler_job.py:643} INFO - DAG(s) dict_keys(['tutorial']) retrieved from /home/airflow/.local/lib/python3.6/site-packages/airflow/example_dags/tutorial.py
[2023-02-23 16:59:43,043] {logging_mixin.py:104} INFO - [2023-02-23 16:59:43,042] {dag.py:1833} INFO - Sync 1 DAGs
[2023-02-23 16:59:43,072] {logging_mixin.py:104} INFO - [2023-02-23 16:59:43,071] {dag.py:2306} INFO - Setting next_dagrun for tutorial to 2023-02-21 00:00:00+00:00
[2023-02-23 16:59:43,084] {scheduler_job.py:190} INFO - Processing /home/airflow/.local/lib/python3.6/site-packages/airflow/example_dags/tutorial.py took 0.074 seconds
[2023-02-23 17:00:14,052] {scheduler_job.py:182} INFO - Started process (PID=1562) to work on /home/airflow/.local/lib/python3.6/site-packages/airflow/example_dags/tutorial.py
[2023-02-23 17:00:14,053] {scheduler_job.py:633} INFO - Processing file /home/airflow/.local/lib/python3.6/site-packages/airflow/example_dags/tutorial.py for tasks to queue
[2023-02-23 17:00:14,054] {logging_mixin.py:104} INFO - [2023-02-23 17:00:14,053] {dagbag.py:496} INFO - Filling up the DagBag from /home/airflow/.local/lib/python3.6/site-packages/airflow/example_dags/tutorial.py
[2023-02-23 17:00:14,063] {scheduler_job.py:643} INFO - DAG(s) dict_keys(['tutorial']) retrieved from /home/airflow/.local/lib/python3.6/site-packages/airflow/example_dags/tutorial.py
[2023-02-23 17:00:14,083] {logging_mixin.py:104} INFO - [2023-02-23 17:00:14,083] {dag.py:1833} INFO - Sync 1 DAGs
[2023-02-23 17:00:14,097] {logging_mixin.py:104} INFO - [2023-02-23 17:00:14,097] {dag.py:2306} INFO - Setting next_dagrun for tutorial to 2023-02-21 00:00:00+00:00
[2023-02-23 17:00:14,105] {scheduler_job.py:190} INFO - Processing /home/airflow/.local/lib/python3.6/site-packages/airflow/example_dags/tutorial.py took 0.056 seconds
[2023-02-23 17:00:44,583] {scheduler_job.py:182} INFO - Started process (PID=1614) to work on /home/airflow/.local/lib/python3.6/site-packages/airflow/example_dags/tutorial.py
[2023-02-23 17:00:44,584] {scheduler_job.py:633} INFO - Processing file /home/airflow/.local/lib/python3.6/site-packages/airflow/example_dags/tutorial.py for tasks to queue
[2023-02-23 17:00:44,584] {logging_mixin.py:104} INFO - [2023-02-23 17:00:44,584] {dagbag.py:496} INFO - Filling up the DagBag from /home/airflow/.local/lib/python3.6/site-packages/airflow/example_dags/tutorial.py
[2023-02-23 17:00:44,593] {scheduler_job.py:643} INFO - DAG(s) dict_keys(['tutorial']) retrieved from /home/airflow/.local/lib/python3.6/site-packages/airflow/example_dags/tutorial.py
[2023-02-23 17:00:44,611] {logging_mixin.py:104} INFO - [2023-02-23 17:00:44,611] {dag.py:1833} INFO - Sync 1 DAGs
[2023-02-23 17:00:44,623] {logging_mixin.py:104} INFO - [2023-02-23 17:00:44,623] {dag.py:2306} INFO - Setting next_dagrun for tutorial to 2023-02-21 00:00:00+00:00
[2023-02-23 17:00:44,630] {scheduler_job.py:190} INFO - Processing /home/airflow/.local/lib/python3.6/site-packages/airflow/example_dags/tutorial.py took 0.049 seconds
[2023-02-23 17:01:15,877] {scheduler_job.py:182} INFO - Started process (PID=1678) to work on /home/airflow/.local/lib/python3.6/site-packages/airflow/example_dags/tutorial.py
[2023-02-23 17:01:15,878] {scheduler_job.py:633} INFO - Processing file /home/airflow/.local/lib/python3.6/site-packages/airflow/example_dags/tutorial.py for tasks to queue
[2023-02-23 17:01:15,879] {logging_mixin.py:104} INFO - [2023-02-23 17:01:15,879] {dagbag.py:496} INFO - Filling up the DagBag from /home/airflow/.local/lib/python3.6/site-packages/airflow/example_dags/tutorial.py
[2023-02-23 17:01:15,892] {scheduler_job.py:643} INFO - DAG(s) dict_keys(['tutorial']) retrieved from /home/airflow/.local/lib/python3.6/site-packages/airflow/example_dags/tutorial.py
[2023-02-23 17:01:15,920] {logging_mixin.py:104} INFO - [2023-02-23 17:01:15,920] {dag.py:1833} INFO - Sync 1 DAGs
[2023-02-23 17:01:15,939] {logging_mixin.py:104} INFO - [2023-02-23 17:01:15,938] {dag.py:2306} INFO - Setting next_dagrun for tutorial to 2023-02-21 00:00:00+00:00
[2023-02-23 17:01:15,972] {scheduler_job.py:190} INFO - Processing /home/airflow/.local/lib/python3.6/site-packages/airflow/example_dags/tutorial.py took 0.097 seconds
[2023-02-23 17:01:46,256] {scheduler_job.py:182} INFO - Started process (PID=1737) to work on /home/airflow/.local/lib/python3.6/site-packages/airflow/example_dags/tutorial.py
[2023-02-23 17:01:46,272] {scheduler_job.py:633} INFO - Processing file /home/airflow/.local/lib/python3.6/site-packages/airflow/example_dags/tutorial.py for tasks to queue
[2023-02-23 17:01:46,273] {logging_mixin.py:104} INFO - [2023-02-23 17:01:46,273] {dagbag.py:496} INFO - Filling up the DagBag from /home/airflow/.local/lib/python3.6/site-packages/airflow/example_dags/tutorial.py
[2023-02-23 17:01:46,285] {scheduler_job.py:643} INFO - DAG(s) dict_keys(['tutorial']) retrieved from /home/airflow/.local/lib/python3.6/site-packages/airflow/example_dags/tutorial.py
[2023-02-23 17:01:46,306] {logging_mixin.py:104} INFO - [2023-02-23 17:01:46,306] {dag.py:1833} INFO - Sync 1 DAGs
[2023-02-23 17:01:46,322] {logging_mixin.py:104} INFO - [2023-02-23 17:01:46,322] {dag.py:2306} INFO - Setting next_dagrun for tutorial to 2023-02-21 00:00:00+00:00
[2023-02-23 17:01:46,332] {scheduler_job.py:190} INFO - Processing /home/airflow/.local/lib/python3.6/site-packages/airflow/example_dags/tutorial.py took 0.078 seconds
[2023-02-23 17:02:16,582] {scheduler_job.py:182} INFO - Started process (PID=1792) to work on /home/airflow/.local/lib/python3.6/site-packages/airflow/example_dags/tutorial.py
[2023-02-23 17:02:16,583] {scheduler_job.py:633} INFO - Processing file /home/airflow/.local/lib/python3.6/site-packages/airflow/example_dags/tutorial.py for tasks to queue
[2023-02-23 17:02:16,584] {logging_mixin.py:104} INFO - [2023-02-23 17:02:16,584] {dagbag.py:496} INFO - Filling up the DagBag from /home/airflow/.local/lib/python3.6/site-packages/airflow/example_dags/tutorial.py
[2023-02-23 17:02:16,595] {scheduler_job.py:643} INFO - DAG(s) dict_keys(['tutorial']) retrieved from /home/airflow/.local/lib/python3.6/site-packages/airflow/example_dags/tutorial.py
[2023-02-23 17:02:16,615] {logging_mixin.py:104} INFO - [2023-02-23 17:02:16,615] {dag.py:1833} INFO - Sync 1 DAGs
[2023-02-23 17:02:16,627] {logging_mixin.py:104} INFO - [2023-02-23 17:02:16,627] {dag.py:2306} INFO - Setting next_dagrun for tutorial to 2023-02-21 00:00:00+00:00
[2023-02-23 17:02:16,638] {scheduler_job.py:190} INFO - Processing /home/airflow/.local/lib/python3.6/site-packages/airflow/example_dags/tutorial.py took 0.058 seconds
[2023-02-23 17:02:47,789] {scheduler_job.py:182} INFO - Started process (PID=1853) to work on /home/airflow/.local/lib/python3.6/site-packages/airflow/example_dags/tutorial.py
[2023-02-23 17:02:47,790] {scheduler_job.py:633} INFO - Processing file /home/airflow/.local/lib/python3.6/site-packages/airflow/example_dags/tutorial.py for tasks to queue
[2023-02-23 17:02:47,790] {logging_mixin.py:104} INFO - [2023-02-23 17:02:47,790] {dagbag.py:496} INFO - Filling up the DagBag from /home/airflow/.local/lib/python3.6/site-packages/airflow/example_dags/tutorial.py
[2023-02-23 17:02:47,802] {scheduler_job.py:643} INFO - DAG(s) dict_keys(['tutorial']) retrieved from /home/airflow/.local/lib/python3.6/site-packages/airflow/example_dags/tutorial.py
[2023-02-23 17:02:47,822] {logging_mixin.py:104} INFO - [2023-02-23 17:02:47,822] {dag.py:1833} INFO - Sync 1 DAGs
[2023-02-23 17:02:47,836] {logging_mixin.py:104} INFO - [2023-02-23 17:02:47,835] {dag.py:2306} INFO - Setting next_dagrun for tutorial to 2023-02-21 00:00:00+00:00
[2023-02-23 17:02:47,843] {scheduler_job.py:190} INFO - Processing /home/airflow/.local/lib/python3.6/site-packages/airflow/example_dags/tutorial.py took 0.057 seconds
[2023-02-23 17:03:18,950] {scheduler_job.py:182} INFO - Started process (PID=1906) to work on /home/airflow/.local/lib/python3.6/site-packages/airflow/example_dags/tutorial.py
[2023-02-23 17:03:18,951] {scheduler_job.py:633} INFO - Processing file /home/airflow/.local/lib/python3.6/site-packages/airflow/example_dags/tutorial.py for tasks to queue
[2023-02-23 17:03:18,951] {logging_mixin.py:104} INFO - [2023-02-23 17:03:18,951] {dagbag.py:496} INFO - Filling up the DagBag from /home/airflow/.local/lib/python3.6/site-packages/airflow/example_dags/tutorial.py
[2023-02-23 17:03:18,979] {scheduler_job.py:643} INFO - DAG(s) dict_keys(['tutorial']) retrieved from /home/airflow/.local/lib/python3.6/site-packages/airflow/example_dags/tutorial.py
[2023-02-23 17:03:19,006] {logging_mixin.py:104} INFO - [2023-02-23 17:03:19,006] {dag.py:1833} INFO - Sync 1 DAGs
[2023-02-23 17:03:19,025] {logging_mixin.py:104} INFO - [2023-02-23 17:03:19,025] {dag.py:2306} INFO - Setting next_dagrun for tutorial to 2023-02-21 00:00:00+00:00
[2023-02-23 17:03:19,039] {scheduler_job.py:190} INFO - Processing /home/airflow/.local/lib/python3.6/site-packages/airflow/example_dags/tutorial.py took 0.093 seconds
[2023-02-23 17:03:50,069] {scheduler_job.py:182} INFO - Started process (PID=1958) to work on /home/airflow/.local/lib/python3.6/site-packages/airflow/example_dags/tutorial.py
[2023-02-23 17:03:50,070] {scheduler_job.py:633} INFO - Processing file /home/airflow/.local/lib/python3.6/site-packages/airflow/example_dags/tutorial.py for tasks to queue
[2023-02-23 17:03:50,070] {logging_mixin.py:104} INFO - [2023-02-23 17:03:50,070] {dagbag.py:496} INFO - Filling up the DagBag from /home/airflow/.local/lib/python3.6/site-packages/airflow/example_dags/tutorial.py
[2023-02-23 17:03:50,081] {scheduler_job.py:643} INFO - DAG(s) dict_keys(['tutorial']) retrieved from /home/airflow/.local/lib/python3.6/site-packages/airflow/example_dags/tutorial.py
[2023-02-23 17:03:50,101] {logging_mixin.py:104} INFO - [2023-02-23 17:03:50,101] {dag.py:1833} INFO - Sync 1 DAGs
[2023-02-23 17:03:50,115] {logging_mixin.py:104} INFO - [2023-02-23 17:03:50,114] {dag.py:2306} INFO - Setting next_dagrun for tutorial to 2023-02-21 00:00:00+00:00
[2023-02-23 17:03:50,123] {scheduler_job.py:190} INFO - Processing /home/airflow/.local/lib/python3.6/site-packages/airflow/example_dags/tutorial.py took 0.056 seconds
[2023-02-23 17:04:21,207] {scheduler_job.py:182} INFO - Started process (PID=2020) to work on /home/airflow/.local/lib/python3.6/site-packages/airflow/example_dags/tutorial.py
[2023-02-23 17:04:21,209] {scheduler_job.py:633} INFO - Processing file /home/airflow/.local/lib/python3.6/site-packages/airflow/example_dags/tutorial.py for tasks to queue
[2023-02-23 17:04:21,210] {logging_mixin.py:104} INFO - [2023-02-23 17:04:21,210] {dagbag.py:496} INFO - Filling up the DagBag from /home/airflow/.local/lib/python3.6/site-packages/airflow/example_dags/tutorial.py
[2023-02-23 17:04:21,220] {scheduler_job.py:643} INFO - DAG(s) dict_keys(['tutorial']) retrieved from /home/airflow/.local/lib/python3.6/site-packages/airflow/example_dags/tutorial.py
[2023-02-23 17:04:21,284] {logging_mixin.py:104} INFO - [2023-02-23 17:04:21,284] {dag.py:1833} INFO - Sync 1 DAGs
[2023-02-23 17:04:21,297] {logging_mixin.py:104} INFO - [2023-02-23 17:04:21,297] {dag.py:2306} INFO - Setting next_dagrun for tutorial to 2023-02-21 00:00:00+00:00
[2023-02-23 17:04:21,306] {scheduler_job.py:190} INFO - Processing /home/airflow/.local/lib/python3.6/site-packages/airflow/example_dags/tutorial.py took 0.102 seconds
[2023-02-23 17:04:51,879] {scheduler_job.py:182} INFO - Started process (PID=2080) to work on /home/airflow/.local/lib/python3.6/site-packages/airflow/example_dags/tutorial.py
[2023-02-23 17:04:51,880] {scheduler_job.py:633} INFO - Processing file /home/airflow/.local/lib/python3.6/site-packages/airflow/example_dags/tutorial.py for tasks to queue
[2023-02-23 17:04:51,880] {logging_mixin.py:104} INFO - [2023-02-23 17:04:51,880] {dagbag.py:496} INFO - Filling up the DagBag from /home/airflow/.local/lib/python3.6/site-packages/airflow/example_dags/tutorial.py
[2023-02-23 17:04:51,891] {scheduler_job.py:643} INFO - DAG(s) dict_keys(['tutorial']) retrieved from /home/airflow/.local/lib/python3.6/site-packages/airflow/example_dags/tutorial.py
[2023-02-23 17:04:51,910] {logging_mixin.py:104} INFO - [2023-02-23 17:04:51,910] {dag.py:1833} INFO - Sync 1 DAGs
[2023-02-23 17:04:51,923] {logging_mixin.py:104} INFO - [2023-02-23 17:04:51,923] {dag.py:2306} INFO - Setting next_dagrun for tutorial to 2023-02-21 00:00:00+00:00
[2023-02-23 17:04:51,931] {scheduler_job.py:190} INFO - Processing /home/airflow/.local/lib/python3.6/site-packages/airflow/example_dags/tutorial.py took 0.055 seconds
[2023-02-23 17:05:22,423] {scheduler_job.py:182} INFO - Started process (PID=2135) to work on /home/airflow/.local/lib/python3.6/site-packages/airflow/example_dags/tutorial.py
[2023-02-23 17:05:22,424] {scheduler_job.py:633} INFO - Processing file /home/airflow/.local/lib/python3.6/site-packages/airflow/example_dags/tutorial.py for tasks to queue
[2023-02-23 17:05:22,424] {logging_mixin.py:104} INFO - [2023-02-23 17:05:22,424] {dagbag.py:496} INFO - Filling up the DagBag from /home/airflow/.local/lib/python3.6/site-packages/airflow/example_dags/tutorial.py
[2023-02-23 17:05:22,434] {scheduler_job.py:643} INFO - DAG(s) dict_keys(['tutorial']) retrieved from /home/airflow/.local/lib/python3.6/site-packages/airflow/example_dags/tutorial.py
[2023-02-23 17:05:22,456] {logging_mixin.py:104} INFO - [2023-02-23 17:05:22,456] {dag.py:1833} INFO - Sync 1 DAGs
[2023-02-23 17:05:22,471] {logging_mixin.py:104} INFO - [2023-02-23 17:05:22,471] {dag.py:2306} INFO - Setting next_dagrun for tutorial to 2023-02-21 00:00:00+00:00
[2023-02-23 17:05:22,480] {scheduler_job.py:190} INFO - Processing /home/airflow/.local/lib/python3.6/site-packages/airflow/example_dags/tutorial.py took 0.060 seconds
[2023-02-23 17:05:52,884] {scheduler_job.py:182} INFO - Started process (PID=2187) to work on /home/airflow/.local/lib/python3.6/site-packages/airflow/example_dags/tutorial.py
[2023-02-23 17:05:52,885] {scheduler_job.py:633} INFO - Processing file /home/airflow/.local/lib/python3.6/site-packages/airflow/example_dags/tutorial.py for tasks to queue
[2023-02-23 17:05:52,885] {logging_mixin.py:104} INFO - [2023-02-23 17:05:52,885] {dagbag.py:496} INFO - Filling up the DagBag from /home/airflow/.local/lib/python3.6/site-packages/airflow/example_dags/tutorial.py
[2023-02-23 17:05:52,897] {scheduler_job.py:643} INFO - DAG(s) dict_keys(['tutorial']) retrieved from /home/airflow/.local/lib/python3.6/site-packages/airflow/example_dags/tutorial.py
[2023-02-23 17:05:52,936] {logging_mixin.py:104} INFO - [2023-02-23 17:05:52,936] {dag.py:1833} INFO - Sync 1 DAGs
[2023-02-23 17:05:52,948] {logging_mixin.py:104} INFO - [2023-02-23 17:05:52,948] {dag.py:2306} INFO - Setting next_dagrun for tutorial to 2023-02-21 00:00:00+00:00
[2023-02-23 17:05:52,956] {scheduler_job.py:190} INFO - Processing /home/airflow/.local/lib/python3.6/site-packages/airflow/example_dags/tutorial.py took 0.075 seconds
[2023-02-23 17:06:24,165] {scheduler_job.py:182} INFO - Started process (PID=2249) to work on /home/airflow/.local/lib/python3.6/site-packages/airflow/example_dags/tutorial.py
[2023-02-23 17:06:24,165] {scheduler_job.py:633} INFO - Processing file /home/airflow/.local/lib/python3.6/site-packages/airflow/example_dags/tutorial.py for tasks to queue
[2023-02-23 17:06:24,166] {logging_mixin.py:104} INFO - [2023-02-23 17:06:24,166] {dagbag.py:496} INFO - Filling up the DagBag from /home/airflow/.local/lib/python3.6/site-packages/airflow/example_dags/tutorial.py
[2023-02-23 17:06:24,177] {scheduler_job.py:643} INFO - DAG(s) dict_keys(['tutorial']) retrieved from /home/airflow/.local/lib/python3.6/site-packages/airflow/example_dags/tutorial.py
[2023-02-23 17:06:24,197] {logging_mixin.py:104} INFO - [2023-02-23 17:06:24,197] {dag.py:1833} INFO - Sync 1 DAGs
[2023-02-23 17:06:24,210] {logging_mixin.py:104} INFO - [2023-02-23 17:06:24,209] {dag.py:2306} INFO - Setting next_dagrun for tutorial to 2023-02-21 00:00:00+00:00
[2023-02-23 17:06:24,217] {scheduler_job.py:190} INFO - Processing /home/airflow/.local/lib/python3.6/site-packages/airflow/example_dags/tutorial.py took 0.055 seconds
[2023-02-23 17:06:54,747] {scheduler_job.py:182} INFO - Started process (PID=2310) to work on /home/airflow/.local/lib/python3.6/site-packages/airflow/example_dags/tutorial.py
[2023-02-23 17:06:54,748] {scheduler_job.py:633} INFO - Processing file /home/airflow/.local/lib/python3.6/site-packages/airflow/example_dags/tutorial.py for tasks to queue
[2023-02-23 17:06:54,748] {logging_mixin.py:104} INFO - [2023-02-23 17:06:54,748] {dagbag.py:496} INFO - Filling up the DagBag from /home/airflow/.local/lib/python3.6/site-packages/airflow/example_dags/tutorial.py
[2023-02-23 17:06:54,757] {scheduler_job.py:643} INFO - DAG(s) dict_keys(['tutorial']) retrieved from /home/airflow/.local/lib/python3.6/site-packages/airflow/example_dags/tutorial.py
[2023-02-23 17:06:54,775] {logging_mixin.py:104} INFO - [2023-02-23 17:06:54,775] {dag.py:1833} INFO - Sync 1 DAGs
[2023-02-23 17:06:54,787] {logging_mixin.py:104} INFO - [2023-02-23 17:06:54,787] {dag.py:2306} INFO - Setting next_dagrun for tutorial to 2023-02-21 00:00:00+00:00
[2023-02-23 17:06:54,795] {scheduler_job.py:190} INFO - Processing /home/airflow/.local/lib/python3.6/site-packages/airflow/example_dags/tutorial.py took 0.050 seconds
[2023-02-23 17:07:25,873] {scheduler_job.py:182} INFO - Started process (PID=2363) to work on /home/airflow/.local/lib/python3.6/site-packages/airflow/example_dags/tutorial.py
[2023-02-23 17:07:25,874] {scheduler_job.py:633} INFO - Processing file /home/airflow/.local/lib/python3.6/site-packages/airflow/example_dags/tutorial.py for tasks to queue
[2023-02-23 17:07:25,875] {logging_mixin.py:104} INFO - [2023-02-23 17:07:25,875] {dagbag.py:496} INFO - Filling up the DagBag from /home/airflow/.local/lib/python3.6/site-packages/airflow/example_dags/tutorial.py
[2023-02-23 17:07:25,884] {scheduler_job.py:643} INFO - DAG(s) dict_keys(['tutorial']) retrieved from /home/airflow/.local/lib/python3.6/site-packages/airflow/example_dags/tutorial.py
[2023-02-23 17:07:25,904] {logging_mixin.py:104} INFO - [2023-02-23 17:07:25,904] {dag.py:1833} INFO - Sync 1 DAGs
[2023-02-23 17:07:25,918] {logging_mixin.py:104} INFO - [2023-02-23 17:07:25,918] {dag.py:2306} INFO - Setting next_dagrun for tutorial to 2023-02-21 00:00:00+00:00
[2023-02-23 17:07:25,926] {scheduler_job.py:190} INFO - Processing /home/airflow/.local/lib/python3.6/site-packages/airflow/example_dags/tutorial.py took 0.110 seconds
[2023-02-23 17:07:56,437] {scheduler_job.py:182} INFO - Started process (PID=2422) to work on /home/airflow/.local/lib/python3.6/site-packages/airflow/example_dags/tutorial.py
[2023-02-23 17:07:56,438] {scheduler_job.py:633} INFO - Processing file /home/airflow/.local/lib/python3.6/site-packages/airflow/example_dags/tutorial.py for tasks to queue
[2023-02-23 17:07:56,438] {logging_mixin.py:104} INFO - [2023-02-23 17:07:56,438] {dagbag.py:496} INFO - Filling up the DagBag from /home/airflow/.local/lib/python3.6/site-packages/airflow/example_dags/tutorial.py
[2023-02-23 17:07:56,448] {scheduler_job.py:643} INFO - DAG(s) dict_keys(['tutorial']) retrieved from /home/airflow/.local/lib/python3.6/site-packages/airflow/example_dags/tutorial.py
[2023-02-23 17:07:56,470] {logging_mixin.py:104} INFO - [2023-02-23 17:07:56,470] {dag.py:1833} INFO - Sync 1 DAGs
[2023-02-23 17:07:56,488] {logging_mixin.py:104} INFO - [2023-02-23 17:07:56,488] {dag.py:2306} INFO - Setting next_dagrun for tutorial to 2023-02-21 00:00:00+00:00
[2023-02-23 17:07:56,498] {scheduler_job.py:190} INFO - Processing /home/airflow/.local/lib/python3.6/site-packages/airflow/example_dags/tutorial.py took 0.064 seconds
[2023-02-23 17:08:26,881] {scheduler_job.py:182} INFO - Started process (PID=2477) to work on /home/airflow/.local/lib/python3.6/site-packages/airflow/example_dags/tutorial.py
[2023-02-23 17:08:26,882] {scheduler_job.py:633} INFO - Processing file /home/airflow/.local/lib/python3.6/site-packages/airflow/example_dags/tutorial.py for tasks to queue
[2023-02-23 17:08:26,882] {logging_mixin.py:104} INFO - [2023-02-23 17:08:26,882] {dagbag.py:496} INFO - Filling up the DagBag from /home/airflow/.local/lib/python3.6/site-packages/airflow/example_dags/tutorial.py
[2023-02-23 17:08:26,892] {scheduler_job.py:643} INFO - DAG(s) dict_keys(['tutorial']) retrieved from /home/airflow/.local/lib/python3.6/site-packages/airflow/example_dags/tutorial.py
[2023-02-23 17:08:26,909] {logging_mixin.py:104} INFO - [2023-02-23 17:08:26,909] {dag.py:1833} INFO - Sync 1 DAGs
[2023-02-23 17:08:26,922] {logging_mixin.py:104} INFO - [2023-02-23 17:08:26,921] {dag.py:2306} INFO - Setting next_dagrun for tutorial to 2023-02-21 00:00:00+00:00
[2023-02-23 17:08:26,929] {scheduler_job.py:190} INFO - Processing /home/airflow/.local/lib/python3.6/site-packages/airflow/example_dags/tutorial.py took 0.050 seconds
[2023-02-23 17:08:57,284] {scheduler_job.py:182} INFO - Started process (PID=2529) to work on /home/airflow/.local/lib/python3.6/site-packages/airflow/example_dags/tutorial.py
[2023-02-23 17:08:57,285] {scheduler_job.py:633} INFO - Processing file /home/airflow/.local/lib/python3.6/site-packages/airflow/example_dags/tutorial.py for tasks to queue
[2023-02-23 17:08:57,286] {logging_mixin.py:104} INFO - [2023-02-23 17:08:57,286] {dagbag.py:496} INFO - Filling up the DagBag from /home/airflow/.local/lib/python3.6/site-packages/airflow/example_dags/tutorial.py
[2023-02-23 17:08:57,295] {scheduler_job.py:643} INFO - DAG(s) dict_keys(['tutorial']) retrieved from /home/airflow/.local/lib/python3.6/site-packages/airflow/example_dags/tutorial.py
[2023-02-23 17:08:57,313] {logging_mixin.py:104} INFO - [2023-02-23 17:08:57,313] {dag.py:1833} INFO - Sync 1 DAGs
[2023-02-23 17:08:57,326] {logging_mixin.py:104} INFO - [2023-02-23 17:08:57,326] {dag.py:2306} INFO - Setting next_dagrun for tutorial to 2023-02-21 00:00:00+00:00
[2023-02-23 17:08:57,333] {scheduler_job.py:190} INFO - Processing /home/airflow/.local/lib/python3.6/site-packages/airflow/example_dags/tutorial.py took 0.051 seconds
[2023-02-23 17:09:27,819] {scheduler_job.py:182} INFO - Started process (PID=2591) to work on /home/airflow/.local/lib/python3.6/site-packages/airflow/example_dags/tutorial.py
[2023-02-23 17:09:27,819] {scheduler_job.py:633} INFO - Processing file /home/airflow/.local/lib/python3.6/site-packages/airflow/example_dags/tutorial.py for tasks to queue
[2023-02-23 17:09:27,820] {logging_mixin.py:104} INFO - [2023-02-23 17:09:27,820] {dagbag.py:496} INFO - Filling up the DagBag from /home/airflow/.local/lib/python3.6/site-packages/airflow/example_dags/tutorial.py
[2023-02-23 17:09:27,829] {scheduler_job.py:643} INFO - DAG(s) dict_keys(['tutorial']) retrieved from /home/airflow/.local/lib/python3.6/site-packages/airflow/example_dags/tutorial.py
[2023-02-23 17:09:27,847] {logging_mixin.py:104} INFO - [2023-02-23 17:09:27,847] {dag.py:1833} INFO - Sync 1 DAGs
[2023-02-23 17:09:27,859] {logging_mixin.py:104} INFO - [2023-02-23 17:09:27,859] {dag.py:2306} INFO - Setting next_dagrun for tutorial to 2023-02-21 00:00:00+00:00
[2023-02-23 17:09:27,868] {scheduler_job.py:190} INFO - Processing /home/airflow/.local/lib/python3.6/site-packages/airflow/example_dags/tutorial.py took 0.052 seconds
[2023-02-23 17:09:59,376] {scheduler_job.py:182} INFO - Started process (PID=2644) to work on /home/airflow/.local/lib/python3.6/site-packages/airflow/example_dags/tutorial.py
[2023-02-23 17:09:59,377] {scheduler_job.py:633} INFO - Processing file /home/airflow/.local/lib/python3.6/site-packages/airflow/example_dags/tutorial.py for tasks to queue
[2023-02-23 17:09:59,378] {logging_mixin.py:104} INFO - [2023-02-23 17:09:59,377] {dagbag.py:496} INFO - Filling up the DagBag from /home/airflow/.local/lib/python3.6/site-packages/airflow/example_dags/tutorial.py
[2023-02-23 17:09:59,474] {scheduler_job.py:643} INFO - DAG(s) dict_keys(['tutorial']) retrieved from /home/airflow/.local/lib/python3.6/site-packages/airflow/example_dags/tutorial.py
[2023-02-23 17:09:59,524] {logging_mixin.py:104} INFO - [2023-02-23 17:09:59,524] {dag.py:1833} INFO - Sync 1 DAGs
[2023-02-23 17:09:59,583] {logging_mixin.py:104} INFO - [2023-02-23 17:09:59,583] {dag.py:2306} INFO - Setting next_dagrun for tutorial to 2023-02-21 00:00:00+00:00
[2023-02-23 17:09:59,592] {scheduler_job.py:190} INFO - Processing /home/airflow/.local/lib/python3.6/site-packages/airflow/example_dags/tutorial.py took 0.220 seconds
[2023-02-23 17:10:29,792] {scheduler_job.py:182} INFO - Started process (PID=2696) to work on /home/airflow/.local/lib/python3.6/site-packages/airflow/example_dags/tutorial.py
[2023-02-23 17:10:29,793] {scheduler_job.py:633} INFO - Processing file /home/airflow/.local/lib/python3.6/site-packages/airflow/example_dags/tutorial.py for tasks to queue
[2023-02-23 17:10:29,793] {logging_mixin.py:104} INFO - [2023-02-23 17:10:29,793] {dagbag.py:496} INFO - Filling up the DagBag from /home/airflow/.local/lib/python3.6/site-packages/airflow/example_dags/tutorial.py
[2023-02-23 17:10:29,804] {scheduler_job.py:643} INFO - DAG(s) dict_keys(['tutorial']) retrieved from /home/airflow/.local/lib/python3.6/site-packages/airflow/example_dags/tutorial.py
[2023-02-23 17:10:29,824] {logging_mixin.py:104} INFO - [2023-02-23 17:10:29,824] {dag.py:1833} INFO - Sync 1 DAGs
[2023-02-23 17:10:29,878] {logging_mixin.py:104} INFO - [2023-02-23 17:10:29,878] {dag.py:2306} INFO - Setting next_dagrun for tutorial to 2023-02-21 00:00:00+00:00
[2023-02-23 17:10:29,894] {scheduler_job.py:190} INFO - Processing /home/airflow/.local/lib/python3.6/site-packages/airflow/example_dags/tutorial.py took 0.104 seconds
