[2023-02-23 12:26:04,965] {scheduler_job.py:182} INFO - Started process (PID=104) to work on /home/airflow/.local/lib/python3.6/site-packages/airflow/example_dags/tutorial_taskflow_api_etl.py
[2023-02-23 12:26:04,966] {scheduler_job.py:633} INFO - Processing file /home/airflow/.local/lib/python3.6/site-packages/airflow/example_dags/tutorial_taskflow_api_etl.py for tasks to queue
[2023-02-23 12:26:04,967] {logging_mixin.py:104} INFO - [2023-02-23 12:26:04,967] {dagbag.py:496} INFO - Filling up the DagBag from /home/airflow/.local/lib/python3.6/site-packages/airflow/example_dags/tutorial_taskflow_api_etl.py
[2023-02-23 12:26:04,987] {scheduler_job.py:643} INFO - DAG(s) dict_keys(['tutorial_taskflow_api_etl']) retrieved from /home/airflow/.local/lib/python3.6/site-packages/airflow/example_dags/tutorial_taskflow_api_etl.py
[2023-02-23 12:26:05,472] {logging_mixin.py:104} INFO - [2023-02-23 12:26:05,472] {dag.py:1833} INFO - Sync 1 DAGs
[2023-02-23 12:26:05,488] {logging_mixin.py:104} INFO - [2023-02-23 12:26:05,488] {dag.py:2306} INFO - Setting next_dagrun for tutorial_taskflow_api_etl to None
[2023-02-23 12:26:05,656] {scheduler_job.py:190} INFO - Processing /home/airflow/.local/lib/python3.6/site-packages/airflow/example_dags/tutorial_taskflow_api_etl.py took 0.694 seconds
[2023-02-23 16:46:51,206] {scheduler_job.py:182} INFO - Started process (PID=99) to work on /home/airflow/.local/lib/python3.6/site-packages/airflow/example_dags/tutorial_taskflow_api_etl.py
[2023-02-23 16:46:51,207] {scheduler_job.py:633} INFO - Processing file /home/airflow/.local/lib/python3.6/site-packages/airflow/example_dags/tutorial_taskflow_api_etl.py for tasks to queue
[2023-02-23 16:46:51,208] {logging_mixin.py:104} INFO - [2023-02-23 16:46:51,207] {dagbag.py:496} INFO - Filling up the DagBag from /home/airflow/.local/lib/python3.6/site-packages/airflow/example_dags/tutorial_taskflow_api_etl.py
[2023-02-23 16:46:51,275] {scheduler_job.py:643} INFO - DAG(s) dict_keys(['tutorial_taskflow_api_etl']) retrieved from /home/airflow/.local/lib/python3.6/site-packages/airflow/example_dags/tutorial_taskflow_api_etl.py
[2023-02-23 16:46:51,716] {logging_mixin.py:104} INFO - [2023-02-23 16:46:51,715] {dag.py:1833} INFO - Sync 1 DAGs
[2023-02-23 16:46:51,783] {logging_mixin.py:104} INFO - [2023-02-23 16:46:51,783] {dag.py:2306} INFO - Setting next_dagrun for tutorial_taskflow_api_etl to None
[2023-02-23 16:46:51,798] {scheduler_job.py:190} INFO - Processing /home/airflow/.local/lib/python3.6/site-packages/airflow/example_dags/tutorial_taskflow_api_etl.py took 0.595 seconds
[2023-02-23 16:47:22,406] {scheduler_job.py:182} INFO - Started process (PID=141) to work on /home/airflow/.local/lib/python3.6/site-packages/airflow/example_dags/tutorial_taskflow_api_etl.py
[2023-02-23 16:47:22,406] {scheduler_job.py:633} INFO - Processing file /home/airflow/.local/lib/python3.6/site-packages/airflow/example_dags/tutorial_taskflow_api_etl.py for tasks to queue
[2023-02-23 16:47:22,407] {logging_mixin.py:104} INFO - [2023-02-23 16:47:22,407] {dagbag.py:496} INFO - Filling up the DagBag from /home/airflow/.local/lib/python3.6/site-packages/airflow/example_dags/tutorial_taskflow_api_etl.py
[2023-02-23 16:47:22,420] {scheduler_job.py:643} INFO - DAG(s) dict_keys(['tutorial_taskflow_api_etl']) retrieved from /home/airflow/.local/lib/python3.6/site-packages/airflow/example_dags/tutorial_taskflow_api_etl.py
[2023-02-23 16:47:22,606] {logging_mixin.py:104} INFO - [2023-02-23 16:47:22,606] {dag.py:1833} INFO - Sync 1 DAGs
[2023-02-23 16:47:22,619] {logging_mixin.py:104} INFO - [2023-02-23 16:47:22,619] {dag.py:2306} INFO - Setting next_dagrun for tutorial_taskflow_api_etl to None
[2023-02-23 16:47:22,629] {scheduler_job.py:190} INFO - Processing /home/airflow/.local/lib/python3.6/site-packages/airflow/example_dags/tutorial_taskflow_api_etl.py took 0.225 seconds
[2023-02-23 16:47:53,152] {scheduler_job.py:182} INFO - Started process (PID=203) to work on /home/airflow/.local/lib/python3.6/site-packages/airflow/example_dags/tutorial_taskflow_api_etl.py
[2023-02-23 16:47:53,152] {scheduler_job.py:633} INFO - Processing file /home/airflow/.local/lib/python3.6/site-packages/airflow/example_dags/tutorial_taskflow_api_etl.py for tasks to queue
[2023-02-23 16:47:53,153] {logging_mixin.py:104} INFO - [2023-02-23 16:47:53,153] {dagbag.py:496} INFO - Filling up the DagBag from /home/airflow/.local/lib/python3.6/site-packages/airflow/example_dags/tutorial_taskflow_api_etl.py
[2023-02-23 16:47:53,183] {scheduler_job.py:643} INFO - DAG(s) dict_keys(['tutorial_taskflow_api_etl']) retrieved from /home/airflow/.local/lib/python3.6/site-packages/airflow/example_dags/tutorial_taskflow_api_etl.py
[2023-02-23 16:47:53,588] {logging_mixin.py:104} INFO - [2023-02-23 16:47:53,587] {dag.py:1833} INFO - Sync 1 DAGs
[2023-02-23 16:47:53,602] {logging_mixin.py:104} INFO - [2023-02-23 16:47:53,602] {dag.py:2306} INFO - Setting next_dagrun for tutorial_taskflow_api_etl to None
[2023-02-23 16:47:53,613] {scheduler_job.py:190} INFO - Processing /home/airflow/.local/lib/python3.6/site-packages/airflow/example_dags/tutorial_taskflow_api_etl.py took 0.464 seconds
[2023-02-23 16:48:24,182] {scheduler_job.py:182} INFO - Started process (PID=265) to work on /home/airflow/.local/lib/python3.6/site-packages/airflow/example_dags/tutorial_taskflow_api_etl.py
[2023-02-23 16:48:24,183] {scheduler_job.py:633} INFO - Processing file /home/airflow/.local/lib/python3.6/site-packages/airflow/example_dags/tutorial_taskflow_api_etl.py for tasks to queue
[2023-02-23 16:48:24,183] {logging_mixin.py:104} INFO - [2023-02-23 16:48:24,183] {dagbag.py:496} INFO - Filling up the DagBag from /home/airflow/.local/lib/python3.6/site-packages/airflow/example_dags/tutorial_taskflow_api_etl.py
[2023-02-23 16:48:24,198] {scheduler_job.py:643} INFO - DAG(s) dict_keys(['tutorial_taskflow_api_etl']) retrieved from /home/airflow/.local/lib/python3.6/site-packages/airflow/example_dags/tutorial_taskflow_api_etl.py
[2023-02-23 16:48:24,380] {logging_mixin.py:104} INFO - [2023-02-23 16:48:24,380] {dag.py:1833} INFO - Sync 1 DAGs
[2023-02-23 16:48:24,392] {logging_mixin.py:104} INFO - [2023-02-23 16:48:24,392] {dag.py:2306} INFO - Setting next_dagrun for tutorial_taskflow_api_etl to None
[2023-02-23 16:48:24,402] {scheduler_job.py:190} INFO - Processing /home/airflow/.local/lib/python3.6/site-packages/airflow/example_dags/tutorial_taskflow_api_etl.py took 0.223 seconds
[2023-02-23 16:48:54,864] {scheduler_job.py:182} INFO - Started process (PID=317) to work on /home/airflow/.local/lib/python3.6/site-packages/airflow/example_dags/tutorial_taskflow_api_etl.py
[2023-02-23 16:48:54,865] {scheduler_job.py:633} INFO - Processing file /home/airflow/.local/lib/python3.6/site-packages/airflow/example_dags/tutorial_taskflow_api_etl.py for tasks to queue
[2023-02-23 16:48:54,866] {logging_mixin.py:104} INFO - [2023-02-23 16:48:54,865] {dagbag.py:496} INFO - Filling up the DagBag from /home/airflow/.local/lib/python3.6/site-packages/airflow/example_dags/tutorial_taskflow_api_etl.py
[2023-02-23 16:48:54,880] {scheduler_job.py:643} INFO - DAG(s) dict_keys(['tutorial_taskflow_api_etl']) retrieved from /home/airflow/.local/lib/python3.6/site-packages/airflow/example_dags/tutorial_taskflow_api_etl.py
[2023-02-23 16:48:55,067] {logging_mixin.py:104} INFO - [2023-02-23 16:48:55,067] {dag.py:1833} INFO - Sync 1 DAGs
[2023-02-23 16:48:55,078] {logging_mixin.py:104} INFO - [2023-02-23 16:48:55,078] {dag.py:2306} INFO - Setting next_dagrun for tutorial_taskflow_api_etl to None
[2023-02-23 16:48:55,087] {scheduler_job.py:190} INFO - Processing /home/airflow/.local/lib/python3.6/site-packages/airflow/example_dags/tutorial_taskflow_api_etl.py took 0.226 seconds
[2023-02-23 16:49:25,372] {scheduler_job.py:182} INFO - Started process (PID=379) to work on /home/airflow/.local/lib/python3.6/site-packages/airflow/example_dags/tutorial_taskflow_api_etl.py
[2023-02-23 16:49:25,374] {scheduler_job.py:633} INFO - Processing file /home/airflow/.local/lib/python3.6/site-packages/airflow/example_dags/tutorial_taskflow_api_etl.py for tasks to queue
[2023-02-23 16:49:25,374] {logging_mixin.py:104} INFO - [2023-02-23 16:49:25,374] {dagbag.py:496} INFO - Filling up the DagBag from /home/airflow/.local/lib/python3.6/site-packages/airflow/example_dags/tutorial_taskflow_api_etl.py
[2023-02-23 16:49:25,389] {scheduler_job.py:643} INFO - DAG(s) dict_keys(['tutorial_taskflow_api_etl']) retrieved from /home/airflow/.local/lib/python3.6/site-packages/airflow/example_dags/tutorial_taskflow_api_etl.py
[2023-02-23 16:49:25,892] {logging_mixin.py:104} INFO - [2023-02-23 16:49:25,892] {dag.py:1833} INFO - Sync 1 DAGs
[2023-02-23 16:49:25,904] {logging_mixin.py:104} INFO - [2023-02-23 16:49:25,904] {dag.py:2306} INFO - Setting next_dagrun for tutorial_taskflow_api_etl to None
[2023-02-23 16:49:25,913] {scheduler_job.py:190} INFO - Processing /home/airflow/.local/lib/python3.6/site-packages/airflow/example_dags/tutorial_taskflow_api_etl.py took 0.595 seconds
[2023-02-23 16:49:56,358] {scheduler_job.py:182} INFO - Started process (PID=430) to work on /home/airflow/.local/lib/python3.6/site-packages/airflow/example_dags/tutorial_taskflow_api_etl.py
[2023-02-23 16:49:56,359] {scheduler_job.py:633} INFO - Processing file /home/airflow/.local/lib/python3.6/site-packages/airflow/example_dags/tutorial_taskflow_api_etl.py for tasks to queue
[2023-02-23 16:49:56,360] {logging_mixin.py:104} INFO - [2023-02-23 16:49:56,360] {dagbag.py:496} INFO - Filling up the DagBag from /home/airflow/.local/lib/python3.6/site-packages/airflow/example_dags/tutorial_taskflow_api_etl.py
[2023-02-23 16:49:56,376] {scheduler_job.py:643} INFO - DAG(s) dict_keys(['tutorial_taskflow_api_etl']) retrieved from /home/airflow/.local/lib/python3.6/site-packages/airflow/example_dags/tutorial_taskflow_api_etl.py
[2023-02-23 16:49:56,581] {logging_mixin.py:104} INFO - [2023-02-23 16:49:56,581] {dag.py:1833} INFO - Sync 1 DAGs
[2023-02-23 16:49:56,595] {logging_mixin.py:104} INFO - [2023-02-23 16:49:56,595] {dag.py:2306} INFO - Setting next_dagrun for tutorial_taskflow_api_etl to None
[2023-02-23 16:49:56,604] {scheduler_job.py:190} INFO - Processing /home/airflow/.local/lib/python3.6/site-packages/airflow/example_dags/tutorial_taskflow_api_etl.py took 0.249 seconds
[2023-02-23 16:50:27,168] {scheduler_job.py:182} INFO - Started process (PID=483) to work on /home/airflow/.local/lib/python3.6/site-packages/airflow/example_dags/tutorial_taskflow_api_etl.py
[2023-02-23 16:50:27,168] {scheduler_job.py:633} INFO - Processing file /home/airflow/.local/lib/python3.6/site-packages/airflow/example_dags/tutorial_taskflow_api_etl.py for tasks to queue
[2023-02-23 16:50:27,169] {logging_mixin.py:104} INFO - [2023-02-23 16:50:27,169] {dagbag.py:496} INFO - Filling up the DagBag from /home/airflow/.local/lib/python3.6/site-packages/airflow/example_dags/tutorial_taskflow_api_etl.py
[2023-02-23 16:50:27,182] {scheduler_job.py:643} INFO - DAG(s) dict_keys(['tutorial_taskflow_api_etl']) retrieved from /home/airflow/.local/lib/python3.6/site-packages/airflow/example_dags/tutorial_taskflow_api_etl.py
[2023-02-23 16:50:27,385] {logging_mixin.py:104} INFO - [2023-02-23 16:50:27,385] {dag.py:1833} INFO - Sync 1 DAGs
[2023-02-23 16:50:27,398] {logging_mixin.py:104} INFO - [2023-02-23 16:50:27,398] {dag.py:2306} INFO - Setting next_dagrun for tutorial_taskflow_api_etl to None
[2023-02-23 16:50:27,408] {scheduler_job.py:190} INFO - Processing /home/airflow/.local/lib/python3.6/site-packages/airflow/example_dags/tutorial_taskflow_api_etl.py took 0.242 seconds
[2023-02-23 16:50:58,301] {scheduler_job.py:182} INFO - Started process (PID=535) to work on /home/airflow/.local/lib/python3.6/site-packages/airflow/example_dags/tutorial_taskflow_api_etl.py
[2023-02-23 16:50:58,302] {scheduler_job.py:633} INFO - Processing file /home/airflow/.local/lib/python3.6/site-packages/airflow/example_dags/tutorial_taskflow_api_etl.py for tasks to queue
[2023-02-23 16:50:58,302] {logging_mixin.py:104} INFO - [2023-02-23 16:50:58,302] {dagbag.py:496} INFO - Filling up the DagBag from /home/airflow/.local/lib/python3.6/site-packages/airflow/example_dags/tutorial_taskflow_api_etl.py
[2023-02-23 16:50:58,318] {scheduler_job.py:643} INFO - DAG(s) dict_keys(['tutorial_taskflow_api_etl']) retrieved from /home/airflow/.local/lib/python3.6/site-packages/airflow/example_dags/tutorial_taskflow_api_etl.py
[2023-02-23 16:50:58,638] {logging_mixin.py:104} INFO - [2023-02-23 16:50:58,637] {dag.py:1833} INFO - Sync 1 DAGs
[2023-02-23 16:50:58,675] {logging_mixin.py:104} INFO - [2023-02-23 16:50:58,675] {dag.py:2306} INFO - Setting next_dagrun for tutorial_taskflow_api_etl to None
[2023-02-23 16:50:58,685] {scheduler_job.py:190} INFO - Processing /home/airflow/.local/lib/python3.6/site-packages/airflow/example_dags/tutorial_taskflow_api_etl.py took 0.386 seconds
[2023-02-23 16:51:29,142] {scheduler_job.py:182} INFO - Started process (PID=597) to work on /home/airflow/.local/lib/python3.6/site-packages/airflow/example_dags/tutorial_taskflow_api_etl.py
[2023-02-23 16:51:29,143] {scheduler_job.py:633} INFO - Processing file /home/airflow/.local/lib/python3.6/site-packages/airflow/example_dags/tutorial_taskflow_api_etl.py for tasks to queue
[2023-02-23 16:51:29,143] {logging_mixin.py:104} INFO - [2023-02-23 16:51:29,143] {dagbag.py:496} INFO - Filling up the DagBag from /home/airflow/.local/lib/python3.6/site-packages/airflow/example_dags/tutorial_taskflow_api_etl.py
[2023-02-23 16:51:29,156] {scheduler_job.py:643} INFO - DAG(s) dict_keys(['tutorial_taskflow_api_etl']) retrieved from /home/airflow/.local/lib/python3.6/site-packages/airflow/example_dags/tutorial_taskflow_api_etl.py
[2023-02-23 16:51:29,331] {logging_mixin.py:104} INFO - [2023-02-23 16:51:29,331] {dag.py:1833} INFO - Sync 1 DAGs
[2023-02-23 16:51:29,342] {logging_mixin.py:104} INFO - [2023-02-23 16:51:29,342] {dag.py:2306} INFO - Setting next_dagrun for tutorial_taskflow_api_etl to None
[2023-02-23 16:51:29,355] {scheduler_job.py:190} INFO - Processing /home/airflow/.local/lib/python3.6/site-packages/airflow/example_dags/tutorial_taskflow_api_etl.py took 0.215 seconds
[2023-02-23 16:51:59,963] {scheduler_job.py:182} INFO - Started process (PID=656) to work on /home/airflow/.local/lib/python3.6/site-packages/airflow/example_dags/tutorial_taskflow_api_etl.py
[2023-02-23 16:51:59,963] {scheduler_job.py:633} INFO - Processing file /home/airflow/.local/lib/python3.6/site-packages/airflow/example_dags/tutorial_taskflow_api_etl.py for tasks to queue
[2023-02-23 16:51:59,964] {logging_mixin.py:104} INFO - [2023-02-23 16:51:59,964] {dagbag.py:496} INFO - Filling up the DagBag from /home/airflow/.local/lib/python3.6/site-packages/airflow/example_dags/tutorial_taskflow_api_etl.py
[2023-02-23 16:51:59,976] {scheduler_job.py:643} INFO - DAG(s) dict_keys(['tutorial_taskflow_api_etl']) retrieved from /home/airflow/.local/lib/python3.6/site-packages/airflow/example_dags/tutorial_taskflow_api_etl.py
[2023-02-23 16:52:00,149] {logging_mixin.py:104} INFO - [2023-02-23 16:52:00,149] {dag.py:1833} INFO - Sync 1 DAGs
[2023-02-23 16:52:00,162] {logging_mixin.py:104} INFO - [2023-02-23 16:52:00,162] {dag.py:2306} INFO - Setting next_dagrun for tutorial_taskflow_api_etl to None
[2023-02-23 16:52:00,172] {scheduler_job.py:190} INFO - Processing /home/airflow/.local/lib/python3.6/site-packages/airflow/example_dags/tutorial_taskflow_api_etl.py took 0.212 seconds
[2023-02-23 16:52:30,583] {scheduler_job.py:182} INFO - Started process (PID=711) to work on /home/airflow/.local/lib/python3.6/site-packages/airflow/example_dags/tutorial_taskflow_api_etl.py
[2023-02-23 16:52:30,584] {scheduler_job.py:633} INFO - Processing file /home/airflow/.local/lib/python3.6/site-packages/airflow/example_dags/tutorial_taskflow_api_etl.py for tasks to queue
[2023-02-23 16:52:30,584] {logging_mixin.py:104} INFO - [2023-02-23 16:52:30,584] {dagbag.py:496} INFO - Filling up the DagBag from /home/airflow/.local/lib/python3.6/site-packages/airflow/example_dags/tutorial_taskflow_api_etl.py
[2023-02-23 16:52:30,598] {scheduler_job.py:643} INFO - DAG(s) dict_keys(['tutorial_taskflow_api_etl']) retrieved from /home/airflow/.local/lib/python3.6/site-packages/airflow/example_dags/tutorial_taskflow_api_etl.py
[2023-02-23 16:52:30,791] {logging_mixin.py:104} INFO - [2023-02-23 16:52:30,791] {dag.py:1833} INFO - Sync 1 DAGs
[2023-02-23 16:52:30,804] {logging_mixin.py:104} INFO - [2023-02-23 16:52:30,804] {dag.py:2306} INFO - Setting next_dagrun for tutorial_taskflow_api_etl to None
[2023-02-23 16:52:30,814] {scheduler_job.py:190} INFO - Processing /home/airflow/.local/lib/python3.6/site-packages/airflow/example_dags/tutorial_taskflow_api_etl.py took 0.234 seconds
[2023-02-23 16:53:02,687] {scheduler_job.py:182} INFO - Started process (PID=773) to work on /home/airflow/.local/lib/python3.6/site-packages/airflow/example_dags/tutorial_taskflow_api_etl.py
[2023-02-23 16:53:02,688] {scheduler_job.py:633} INFO - Processing file /home/airflow/.local/lib/python3.6/site-packages/airflow/example_dags/tutorial_taskflow_api_etl.py for tasks to queue
[2023-02-23 16:53:02,688] {logging_mixin.py:104} INFO - [2023-02-23 16:53:02,688] {dagbag.py:496} INFO - Filling up the DagBag from /home/airflow/.local/lib/python3.6/site-packages/airflow/example_dags/tutorial_taskflow_api_etl.py
[2023-02-23 16:53:02,774] {scheduler_job.py:643} INFO - DAG(s) dict_keys(['tutorial_taskflow_api_etl']) retrieved from /home/airflow/.local/lib/python3.6/site-packages/airflow/example_dags/tutorial_taskflow_api_etl.py
[2023-02-23 16:53:03,306] {logging_mixin.py:104} INFO - [2023-02-23 16:53:03,306] {dag.py:1833} INFO - Sync 1 DAGs
[2023-02-23 16:53:03,381] {logging_mixin.py:104} INFO - [2023-02-23 16:53:03,381] {dag.py:2306} INFO - Setting next_dagrun for tutorial_taskflow_api_etl to None
[2023-02-23 16:53:03,391] {scheduler_job.py:190} INFO - Processing /home/airflow/.local/lib/python3.6/site-packages/airflow/example_dags/tutorial_taskflow_api_etl.py took 0.706 seconds
[2023-02-23 16:53:33,886] {scheduler_job.py:182} INFO - Started process (PID=826) to work on /home/airflow/.local/lib/python3.6/site-packages/airflow/example_dags/tutorial_taskflow_api_etl.py
[2023-02-23 16:53:33,887] {scheduler_job.py:633} INFO - Processing file /home/airflow/.local/lib/python3.6/site-packages/airflow/example_dags/tutorial_taskflow_api_etl.py for tasks to queue
[2023-02-23 16:53:33,887] {logging_mixin.py:104} INFO - [2023-02-23 16:53:33,887] {dagbag.py:496} INFO - Filling up the DagBag from /home/airflow/.local/lib/python3.6/site-packages/airflow/example_dags/tutorial_taskflow_api_etl.py
[2023-02-23 16:53:33,901] {scheduler_job.py:643} INFO - DAG(s) dict_keys(['tutorial_taskflow_api_etl']) retrieved from /home/airflow/.local/lib/python3.6/site-packages/airflow/example_dags/tutorial_taskflow_api_etl.py
[2023-02-23 16:53:34,078] {logging_mixin.py:104} INFO - [2023-02-23 16:53:34,078] {dag.py:1833} INFO - Sync 1 DAGs
[2023-02-23 16:53:34,093] {logging_mixin.py:104} INFO - [2023-02-23 16:53:34,093] {dag.py:2306} INFO - Setting next_dagrun for tutorial_taskflow_api_etl to None
[2023-02-23 16:53:34,102] {scheduler_job.py:190} INFO - Processing /home/airflow/.local/lib/python3.6/site-packages/airflow/example_dags/tutorial_taskflow_api_etl.py took 0.219 seconds
[2023-02-23 16:54:04,568] {scheduler_job.py:182} INFO - Started process (PID=879) to work on /home/airflow/.local/lib/python3.6/site-packages/airflow/example_dags/tutorial_taskflow_api_etl.py
[2023-02-23 16:54:04,570] {scheduler_job.py:633} INFO - Processing file /home/airflow/.local/lib/python3.6/site-packages/airflow/example_dags/tutorial_taskflow_api_etl.py for tasks to queue
[2023-02-23 16:54:04,570] {logging_mixin.py:104} INFO - [2023-02-23 16:54:04,570] {dagbag.py:496} INFO - Filling up the DagBag from /home/airflow/.local/lib/python3.6/site-packages/airflow/example_dags/tutorial_taskflow_api_etl.py
[2023-02-23 16:54:04,584] {scheduler_job.py:643} INFO - DAG(s) dict_keys(['tutorial_taskflow_api_etl']) retrieved from /home/airflow/.local/lib/python3.6/site-packages/airflow/example_dags/tutorial_taskflow_api_etl.py
[2023-02-23 16:54:04,761] {logging_mixin.py:104} INFO - [2023-02-23 16:54:04,761] {dag.py:1833} INFO - Sync 1 DAGs
[2023-02-23 16:54:04,772] {logging_mixin.py:104} INFO - [2023-02-23 16:54:04,772] {dag.py:2306} INFO - Setting next_dagrun for tutorial_taskflow_api_etl to None
[2023-02-23 16:54:04,782] {scheduler_job.py:190} INFO - Processing /home/airflow/.local/lib/python3.6/site-packages/airflow/example_dags/tutorial_taskflow_api_etl.py took 0.216 seconds
[2023-02-23 16:54:35,354] {scheduler_job.py:182} INFO - Started process (PID=941) to work on /home/airflow/.local/lib/python3.6/site-packages/airflow/example_dags/tutorial_taskflow_api_etl.py
[2023-02-23 16:54:35,355] {scheduler_job.py:633} INFO - Processing file /home/airflow/.local/lib/python3.6/site-packages/airflow/example_dags/tutorial_taskflow_api_etl.py for tasks to queue
[2023-02-23 16:54:35,355] {logging_mixin.py:104} INFO - [2023-02-23 16:54:35,355] {dagbag.py:496} INFO - Filling up the DagBag from /home/airflow/.local/lib/python3.6/site-packages/airflow/example_dags/tutorial_taskflow_api_etl.py
[2023-02-23 16:54:35,369] {scheduler_job.py:643} INFO - DAG(s) dict_keys(['tutorial_taskflow_api_etl']) retrieved from /home/airflow/.local/lib/python3.6/site-packages/airflow/example_dags/tutorial_taskflow_api_etl.py
[2023-02-23 16:54:35,547] {logging_mixin.py:104} INFO - [2023-02-23 16:54:35,547] {dag.py:1833} INFO - Sync 1 DAGs
[2023-02-23 16:54:35,557] {logging_mixin.py:104} INFO - [2023-02-23 16:54:35,557] {dag.py:2306} INFO - Setting next_dagrun for tutorial_taskflow_api_etl to None
[2023-02-23 16:54:35,565] {scheduler_job.py:190} INFO - Processing /home/airflow/.local/lib/python3.6/site-packages/airflow/example_dags/tutorial_taskflow_api_etl.py took 0.214 seconds
[2023-02-23 16:55:06,697] {scheduler_job.py:182} INFO - Started process (PID=1002) to work on /home/airflow/.local/lib/python3.6/site-packages/airflow/example_dags/tutorial_taskflow_api_etl.py
[2023-02-23 16:55:06,698] {scheduler_job.py:633} INFO - Processing file /home/airflow/.local/lib/python3.6/site-packages/airflow/example_dags/tutorial_taskflow_api_etl.py for tasks to queue
[2023-02-23 16:55:06,698] {logging_mixin.py:104} INFO - [2023-02-23 16:55:06,698] {dagbag.py:496} INFO - Filling up the DagBag from /home/airflow/.local/lib/python3.6/site-packages/airflow/example_dags/tutorial_taskflow_api_etl.py
[2023-02-23 16:55:06,787] {scheduler_job.py:643} INFO - DAG(s) dict_keys(['tutorial_taskflow_api_etl']) retrieved from /home/airflow/.local/lib/python3.6/site-packages/airflow/example_dags/tutorial_taskflow_api_etl.py
[2023-02-23 16:55:07,588] {logging_mixin.py:104} INFO - [2023-02-23 16:55:07,588] {dag.py:1833} INFO - Sync 1 DAGs
[2023-02-23 16:55:07,680] {logging_mixin.py:104} INFO - [2023-02-23 16:55:07,680] {dag.py:2306} INFO - Setting next_dagrun for tutorial_taskflow_api_etl to None
[2023-02-23 16:55:07,774] {scheduler_job.py:190} INFO - Processing /home/airflow/.local/lib/python3.6/site-packages/airflow/example_dags/tutorial_taskflow_api_etl.py took 1.079 seconds
[2023-02-23 16:55:38,078] {scheduler_job.py:182} INFO - Started process (PID=1056) to work on /home/airflow/.local/lib/python3.6/site-packages/airflow/example_dags/tutorial_taskflow_api_etl.py
[2023-02-23 16:55:38,078] {scheduler_job.py:633} INFO - Processing file /home/airflow/.local/lib/python3.6/site-packages/airflow/example_dags/tutorial_taskflow_api_etl.py for tasks to queue
[2023-02-23 16:55:38,079] {logging_mixin.py:104} INFO - [2023-02-23 16:55:38,079] {dagbag.py:496} INFO - Filling up the DagBag from /home/airflow/.local/lib/python3.6/site-packages/airflow/example_dags/tutorial_taskflow_api_etl.py
[2023-02-23 16:55:38,092] {scheduler_job.py:643} INFO - DAG(s) dict_keys(['tutorial_taskflow_api_etl']) retrieved from /home/airflow/.local/lib/python3.6/site-packages/airflow/example_dags/tutorial_taskflow_api_etl.py
[2023-02-23 16:55:38,268] {logging_mixin.py:104} INFO - [2023-02-23 16:55:38,268] {dag.py:1833} INFO - Sync 1 DAGs
[2023-02-23 16:55:38,280] {logging_mixin.py:104} INFO - [2023-02-23 16:55:38,280] {dag.py:2306} INFO - Setting next_dagrun for tutorial_taskflow_api_etl to None
[2023-02-23 16:55:38,289] {scheduler_job.py:190} INFO - Processing /home/airflow/.local/lib/python3.6/site-packages/airflow/example_dags/tutorial_taskflow_api_etl.py took 0.214 seconds
[2023-02-23 16:56:08,465] {scheduler_job.py:182} INFO - Started process (PID=1108) to work on /home/airflow/.local/lib/python3.6/site-packages/airflow/example_dags/tutorial_taskflow_api_etl.py
[2023-02-23 16:56:08,465] {scheduler_job.py:633} INFO - Processing file /home/airflow/.local/lib/python3.6/site-packages/airflow/example_dags/tutorial_taskflow_api_etl.py for tasks to queue
[2023-02-23 16:56:08,466] {logging_mixin.py:104} INFO - [2023-02-23 16:56:08,466] {dagbag.py:496} INFO - Filling up the DagBag from /home/airflow/.local/lib/python3.6/site-packages/airflow/example_dags/tutorial_taskflow_api_etl.py
[2023-02-23 16:56:08,481] {scheduler_job.py:643} INFO - DAG(s) dict_keys(['tutorial_taskflow_api_etl']) retrieved from /home/airflow/.local/lib/python3.6/site-packages/airflow/example_dags/tutorial_taskflow_api_etl.py
[2023-02-23 16:56:08,664] {logging_mixin.py:104} INFO - [2023-02-23 16:56:08,664] {dag.py:1833} INFO - Sync 1 DAGs
[2023-02-23 16:56:08,676] {logging_mixin.py:104} INFO - [2023-02-23 16:56:08,676] {dag.py:2306} INFO - Setting next_dagrun for tutorial_taskflow_api_etl to None
[2023-02-23 16:56:08,686] {scheduler_job.py:190} INFO - Processing /home/airflow/.local/lib/python3.6/site-packages/airflow/example_dags/tutorial_taskflow_api_etl.py took 0.224 seconds
[2023-02-23 16:56:39,039] {scheduler_job.py:182} INFO - Started process (PID=1170) to work on /home/airflow/.local/lib/python3.6/site-packages/airflow/example_dags/tutorial_taskflow_api_etl.py
[2023-02-23 16:56:39,040] {scheduler_job.py:633} INFO - Processing file /home/airflow/.local/lib/python3.6/site-packages/airflow/example_dags/tutorial_taskflow_api_etl.py for tasks to queue
[2023-02-23 16:56:39,041] {logging_mixin.py:104} INFO - [2023-02-23 16:56:39,040] {dagbag.py:496} INFO - Filling up the DagBag from /home/airflow/.local/lib/python3.6/site-packages/airflow/example_dags/tutorial_taskflow_api_etl.py
[2023-02-23 16:56:39,056] {scheduler_job.py:643} INFO - DAG(s) dict_keys(['tutorial_taskflow_api_etl']) retrieved from /home/airflow/.local/lib/python3.6/site-packages/airflow/example_dags/tutorial_taskflow_api_etl.py
[2023-02-23 16:56:39,241] {logging_mixin.py:104} INFO - [2023-02-23 16:56:39,241] {dag.py:1833} INFO - Sync 1 DAGs
[2023-02-23 16:56:39,252] {logging_mixin.py:104} INFO - [2023-02-23 16:56:39,252] {dag.py:2306} INFO - Setting next_dagrun for tutorial_taskflow_api_etl to None
[2023-02-23 16:56:39,260] {scheduler_job.py:190} INFO - Processing /home/airflow/.local/lib/python3.6/site-packages/airflow/example_dags/tutorial_taskflow_api_etl.py took 0.223 seconds
[2023-02-23 16:57:09,416] {scheduler_job.py:182} INFO - Started process (PID=1221) to work on /home/airflow/.local/lib/python3.6/site-packages/airflow/example_dags/tutorial_taskflow_api_etl.py
[2023-02-23 16:57:09,417] {scheduler_job.py:633} INFO - Processing file /home/airflow/.local/lib/python3.6/site-packages/airflow/example_dags/tutorial_taskflow_api_etl.py for tasks to queue
[2023-02-23 16:57:09,418] {logging_mixin.py:104} INFO - [2023-02-23 16:57:09,417] {dagbag.py:496} INFO - Filling up the DagBag from /home/airflow/.local/lib/python3.6/site-packages/airflow/example_dags/tutorial_taskflow_api_etl.py
[2023-02-23 16:57:09,431] {scheduler_job.py:643} INFO - DAG(s) dict_keys(['tutorial_taskflow_api_etl']) retrieved from /home/airflow/.local/lib/python3.6/site-packages/airflow/example_dags/tutorial_taskflow_api_etl.py
[2023-02-23 16:57:09,615] {logging_mixin.py:104} INFO - [2023-02-23 16:57:09,614] {dag.py:1833} INFO - Sync 1 DAGs
[2023-02-23 16:57:09,626] {logging_mixin.py:104} INFO - [2023-02-23 16:57:09,626] {dag.py:2306} INFO - Setting next_dagrun for tutorial_taskflow_api_etl to None
[2023-02-23 16:57:09,636] {scheduler_job.py:190} INFO - Processing /home/airflow/.local/lib/python3.6/site-packages/airflow/example_dags/tutorial_taskflow_api_etl.py took 0.222 seconds
[2023-02-23 16:57:39,898] {scheduler_job.py:182} INFO - Started process (PID=1283) to work on /home/airflow/.local/lib/python3.6/site-packages/airflow/example_dags/tutorial_taskflow_api_etl.py
[2023-02-23 16:57:39,899] {scheduler_job.py:633} INFO - Processing file /home/airflow/.local/lib/python3.6/site-packages/airflow/example_dags/tutorial_taskflow_api_etl.py for tasks to queue
[2023-02-23 16:57:39,899] {logging_mixin.py:104} INFO - [2023-02-23 16:57:39,899] {dagbag.py:496} INFO - Filling up the DagBag from /home/airflow/.local/lib/python3.6/site-packages/airflow/example_dags/tutorial_taskflow_api_etl.py
[2023-02-23 16:57:39,913] {scheduler_job.py:643} INFO - DAG(s) dict_keys(['tutorial_taskflow_api_etl']) retrieved from /home/airflow/.local/lib/python3.6/site-packages/airflow/example_dags/tutorial_taskflow_api_etl.py
[2023-02-23 16:57:40,111] {logging_mixin.py:104} INFO - [2023-02-23 16:57:40,110] {dag.py:1833} INFO - Sync 1 DAGs
[2023-02-23 16:57:40,122] {logging_mixin.py:104} INFO - [2023-02-23 16:57:40,122] {dag.py:2306} INFO - Setting next_dagrun for tutorial_taskflow_api_etl to None
[2023-02-23 16:57:40,131] {scheduler_job.py:190} INFO - Processing /home/airflow/.local/lib/python3.6/site-packages/airflow/example_dags/tutorial_taskflow_api_etl.py took 0.236 seconds
[2023-02-23 16:58:10,831] {scheduler_job.py:182} INFO - Started process (PID=1336) to work on /home/airflow/.local/lib/python3.6/site-packages/airflow/example_dags/tutorial_taskflow_api_etl.py
[2023-02-23 16:58:10,832] {scheduler_job.py:633} INFO - Processing file /home/airflow/.local/lib/python3.6/site-packages/airflow/example_dags/tutorial_taskflow_api_etl.py for tasks to queue
[2023-02-23 16:58:10,832] {logging_mixin.py:104} INFO - [2023-02-23 16:58:10,832] {dagbag.py:496} INFO - Filling up the DagBag from /home/airflow/.local/lib/python3.6/site-packages/airflow/example_dags/tutorial_taskflow_api_etl.py
[2023-02-23 16:58:10,848] {scheduler_job.py:643} INFO - DAG(s) dict_keys(['tutorial_taskflow_api_etl']) retrieved from /home/airflow/.local/lib/python3.6/site-packages/airflow/example_dags/tutorial_taskflow_api_etl.py
[2023-02-23 16:58:11,127] {logging_mixin.py:104} INFO - [2023-02-23 16:58:11,127] {dag.py:1833} INFO - Sync 1 DAGs
[2023-02-23 16:58:11,174] {logging_mixin.py:104} INFO - [2023-02-23 16:58:11,174] {dag.py:2306} INFO - Setting next_dagrun for tutorial_taskflow_api_etl to None
[2023-02-23 16:58:11,185] {scheduler_job.py:190} INFO - Processing /home/airflow/.local/lib/python3.6/site-packages/airflow/example_dags/tutorial_taskflow_api_etl.py took 0.356 seconds
[2023-02-23 16:58:41,815] {scheduler_job.py:182} INFO - Started process (PID=1398) to work on /home/airflow/.local/lib/python3.6/site-packages/airflow/example_dags/tutorial_taskflow_api_etl.py
[2023-02-23 16:58:41,817] {scheduler_job.py:633} INFO - Processing file /home/airflow/.local/lib/python3.6/site-packages/airflow/example_dags/tutorial_taskflow_api_etl.py for tasks to queue
[2023-02-23 16:58:41,817] {logging_mixin.py:104} INFO - [2023-02-23 16:58:41,817] {dagbag.py:496} INFO - Filling up the DagBag from /home/airflow/.local/lib/python3.6/site-packages/airflow/example_dags/tutorial_taskflow_api_etl.py
[2023-02-23 16:58:41,830] {scheduler_job.py:643} INFO - DAG(s) dict_keys(['tutorial_taskflow_api_etl']) retrieved from /home/airflow/.local/lib/python3.6/site-packages/airflow/example_dags/tutorial_taskflow_api_etl.py
[2023-02-23 16:58:42,008] {logging_mixin.py:104} INFO - [2023-02-23 16:58:42,008] {dag.py:1833} INFO - Sync 1 DAGs
[2023-02-23 16:58:42,019] {logging_mixin.py:104} INFO - [2023-02-23 16:58:42,019] {dag.py:2306} INFO - Setting next_dagrun for tutorial_taskflow_api_etl to None
[2023-02-23 16:58:42,027] {scheduler_job.py:190} INFO - Processing /home/airflow/.local/lib/python3.6/site-packages/airflow/example_dags/tutorial_taskflow_api_etl.py took 0.214 seconds
[2023-02-23 16:59:12,109] {scheduler_job.py:182} INFO - Started process (PID=1448) to work on /home/airflow/.local/lib/python3.6/site-packages/airflow/example_dags/tutorial_taskflow_api_etl.py
[2023-02-23 16:59:12,110] {scheduler_job.py:633} INFO - Processing file /home/airflow/.local/lib/python3.6/site-packages/airflow/example_dags/tutorial_taskflow_api_etl.py for tasks to queue
[2023-02-23 16:59:12,110] {logging_mixin.py:104} INFO - [2023-02-23 16:59:12,110] {dagbag.py:496} INFO - Filling up the DagBag from /home/airflow/.local/lib/python3.6/site-packages/airflow/example_dags/tutorial_taskflow_api_etl.py
[2023-02-23 16:59:12,125] {scheduler_job.py:643} INFO - DAG(s) dict_keys(['tutorial_taskflow_api_etl']) retrieved from /home/airflow/.local/lib/python3.6/site-packages/airflow/example_dags/tutorial_taskflow_api_etl.py
[2023-02-23 16:59:12,331] {logging_mixin.py:104} INFO - [2023-02-23 16:59:12,331] {dag.py:1833} INFO - Sync 1 DAGs
[2023-02-23 16:59:12,343] {logging_mixin.py:104} INFO - [2023-02-23 16:59:12,343] {dag.py:2306} INFO - Setting next_dagrun for tutorial_taskflow_api_etl to None
[2023-02-23 16:59:12,352] {scheduler_job.py:190} INFO - Processing /home/airflow/.local/lib/python3.6/site-packages/airflow/example_dags/tutorial_taskflow_api_etl.py took 0.245 seconds
[2023-02-23 16:59:43,102] {scheduler_job.py:182} INFO - Started process (PID=1501) to work on /home/airflow/.local/lib/python3.6/site-packages/airflow/example_dags/tutorial_taskflow_api_etl.py
[2023-02-23 16:59:43,103] {scheduler_job.py:633} INFO - Processing file /home/airflow/.local/lib/python3.6/site-packages/airflow/example_dags/tutorial_taskflow_api_etl.py for tasks to queue
[2023-02-23 16:59:43,103] {logging_mixin.py:104} INFO - [2023-02-23 16:59:43,103] {dagbag.py:496} INFO - Filling up the DagBag from /home/airflow/.local/lib/python3.6/site-packages/airflow/example_dags/tutorial_taskflow_api_etl.py
[2023-02-23 16:59:43,119] {scheduler_job.py:643} INFO - DAG(s) dict_keys(['tutorial_taskflow_api_etl']) retrieved from /home/airflow/.local/lib/python3.6/site-packages/airflow/example_dags/tutorial_taskflow_api_etl.py
[2023-02-23 16:59:43,377] {logging_mixin.py:104} INFO - [2023-02-23 16:59:43,377] {dag.py:1833} INFO - Sync 1 DAGs
[2023-02-23 16:59:43,389] {logging_mixin.py:104} INFO - [2023-02-23 16:59:43,389] {dag.py:2306} INFO - Setting next_dagrun for tutorial_taskflow_api_etl to None
[2023-02-23 16:59:43,398] {scheduler_job.py:190} INFO - Processing /home/airflow/.local/lib/python3.6/site-packages/airflow/example_dags/tutorial_taskflow_api_etl.py took 0.299 seconds
[2023-02-23 17:00:14,118] {scheduler_job.py:182} INFO - Started process (PID=1564) to work on /home/airflow/.local/lib/python3.6/site-packages/airflow/example_dags/tutorial_taskflow_api_etl.py
[2023-02-23 17:00:14,119] {scheduler_job.py:633} INFO - Processing file /home/airflow/.local/lib/python3.6/site-packages/airflow/example_dags/tutorial_taskflow_api_etl.py for tasks to queue
[2023-02-23 17:00:14,119] {logging_mixin.py:104} INFO - [2023-02-23 17:00:14,119] {dagbag.py:496} INFO - Filling up the DagBag from /home/airflow/.local/lib/python3.6/site-packages/airflow/example_dags/tutorial_taskflow_api_etl.py
[2023-02-23 17:00:14,133] {scheduler_job.py:643} INFO - DAG(s) dict_keys(['tutorial_taskflow_api_etl']) retrieved from /home/airflow/.local/lib/python3.6/site-packages/airflow/example_dags/tutorial_taskflow_api_etl.py
[2023-02-23 17:00:14,150] {logging_mixin.py:104} INFO - [2023-02-23 17:00:14,150] {dag.py:1833} INFO - Sync 1 DAGs
[2023-02-23 17:00:14,163] {logging_mixin.py:104} INFO - [2023-02-23 17:00:14,163] {dag.py:2306} INFO - Setting next_dagrun for tutorial_taskflow_api_etl to None
[2023-02-23 17:00:14,171] {scheduler_job.py:190} INFO - Processing /home/airflow/.local/lib/python3.6/site-packages/airflow/example_dags/tutorial_taskflow_api_etl.py took 0.055 seconds
[2023-02-23 17:00:44,642] {scheduler_job.py:182} INFO - Started process (PID=1616) to work on /home/airflow/.local/lib/python3.6/site-packages/airflow/example_dags/tutorial_taskflow_api_etl.py
[2023-02-23 17:00:44,642] {scheduler_job.py:633} INFO - Processing file /home/airflow/.local/lib/python3.6/site-packages/airflow/example_dags/tutorial_taskflow_api_etl.py for tasks to queue
[2023-02-23 17:00:44,643] {logging_mixin.py:104} INFO - [2023-02-23 17:00:44,643] {dagbag.py:496} INFO - Filling up the DagBag from /home/airflow/.local/lib/python3.6/site-packages/airflow/example_dags/tutorial_taskflow_api_etl.py
[2023-02-23 17:00:44,657] {scheduler_job.py:643} INFO - DAG(s) dict_keys(['tutorial_taskflow_api_etl']) retrieved from /home/airflow/.local/lib/python3.6/site-packages/airflow/example_dags/tutorial_taskflow_api_etl.py
[2023-02-23 17:00:44,893] {logging_mixin.py:104} INFO - [2023-02-23 17:00:44,892] {dag.py:1833} INFO - Sync 1 DAGs
[2023-02-23 17:00:44,909] {logging_mixin.py:104} INFO - [2023-02-23 17:00:44,909] {dag.py:2306} INFO - Setting next_dagrun for tutorial_taskflow_api_etl to None
[2023-02-23 17:00:44,920] {scheduler_job.py:190} INFO - Processing /home/airflow/.local/lib/python3.6/site-packages/airflow/example_dags/tutorial_taskflow_api_etl.py took 0.281 seconds
[2023-02-23 17:01:15,993] {scheduler_job.py:182} INFO - Started process (PID=1680) to work on /home/airflow/.local/lib/python3.6/site-packages/airflow/example_dags/tutorial_taskflow_api_etl.py
[2023-02-23 17:01:15,994] {scheduler_job.py:633} INFO - Processing file /home/airflow/.local/lib/python3.6/site-packages/airflow/example_dags/tutorial_taskflow_api_etl.py for tasks to queue
[2023-02-23 17:01:15,995] {logging_mixin.py:104} INFO - [2023-02-23 17:01:15,994] {dagbag.py:496} INFO - Filling up the DagBag from /home/airflow/.local/lib/python3.6/site-packages/airflow/example_dags/tutorial_taskflow_api_etl.py
[2023-02-23 17:01:16,016] {scheduler_job.py:643} INFO - DAG(s) dict_keys(['tutorial_taskflow_api_etl']) retrieved from /home/airflow/.local/lib/python3.6/site-packages/airflow/example_dags/tutorial_taskflow_api_etl.py
[2023-02-23 17:01:16,487] {logging_mixin.py:104} INFO - [2023-02-23 17:01:16,487] {dag.py:1833} INFO - Sync 1 DAGs
[2023-02-23 17:01:16,503] {logging_mixin.py:104} INFO - [2023-02-23 17:01:16,503] {dag.py:2306} INFO - Setting next_dagrun for tutorial_taskflow_api_etl to None
[2023-02-23 17:01:16,518] {scheduler_job.py:190} INFO - Processing /home/airflow/.local/lib/python3.6/site-packages/airflow/example_dags/tutorial_taskflow_api_etl.py took 0.528 seconds
[2023-02-23 17:01:47,354] {scheduler_job.py:182} INFO - Started process (PID=1742) to work on /home/airflow/.local/lib/python3.6/site-packages/airflow/example_dags/tutorial_taskflow_api_etl.py
[2023-02-23 17:01:47,355] {scheduler_job.py:633} INFO - Processing file /home/airflow/.local/lib/python3.6/site-packages/airflow/example_dags/tutorial_taskflow_api_etl.py for tasks to queue
[2023-02-23 17:01:47,355] {logging_mixin.py:104} INFO - [2023-02-23 17:01:47,355] {dagbag.py:496} INFO - Filling up the DagBag from /home/airflow/.local/lib/python3.6/site-packages/airflow/example_dags/tutorial_taskflow_api_etl.py
[2023-02-23 17:01:47,370] {scheduler_job.py:643} INFO - DAG(s) dict_keys(['tutorial_taskflow_api_etl']) retrieved from /home/airflow/.local/lib/python3.6/site-packages/airflow/example_dags/tutorial_taskflow_api_etl.py
[2023-02-23 17:01:47,672] {logging_mixin.py:104} INFO - [2023-02-23 17:01:47,672] {dag.py:1833} INFO - Sync 1 DAGs
[2023-02-23 17:01:47,685] {logging_mixin.py:104} INFO - [2023-02-23 17:01:47,685] {dag.py:2306} INFO - Setting next_dagrun for tutorial_taskflow_api_etl to None
[2023-02-23 17:01:47,698] {scheduler_job.py:190} INFO - Processing /home/airflow/.local/lib/python3.6/site-packages/airflow/example_dags/tutorial_taskflow_api_etl.py took 0.347 seconds
[2023-02-23 17:02:17,729] {scheduler_job.py:182} INFO - Started process (PID=1794) to work on /home/airflow/.local/lib/python3.6/site-packages/airflow/example_dags/tutorial_taskflow_api_etl.py
[2023-02-23 17:02:17,730] {scheduler_job.py:633} INFO - Processing file /home/airflow/.local/lib/python3.6/site-packages/airflow/example_dags/tutorial_taskflow_api_etl.py for tasks to queue
[2023-02-23 17:02:17,730] {logging_mixin.py:104} INFO - [2023-02-23 17:02:17,730] {dagbag.py:496} INFO - Filling up the DagBag from /home/airflow/.local/lib/python3.6/site-packages/airflow/example_dags/tutorial_taskflow_api_etl.py
[2023-02-23 17:02:17,745] {scheduler_job.py:643} INFO - DAG(s) dict_keys(['tutorial_taskflow_api_etl']) retrieved from /home/airflow/.local/lib/python3.6/site-packages/airflow/example_dags/tutorial_taskflow_api_etl.py
[2023-02-23 17:02:17,943] {logging_mixin.py:104} INFO - [2023-02-23 17:02:17,943] {dag.py:1833} INFO - Sync 1 DAGs
[2023-02-23 17:02:17,955] {logging_mixin.py:104} INFO - [2023-02-23 17:02:17,954] {dag.py:2306} INFO - Setting next_dagrun for tutorial_taskflow_api_etl to None
[2023-02-23 17:02:17,964] {scheduler_job.py:190} INFO - Processing /home/airflow/.local/lib/python3.6/site-packages/airflow/example_dags/tutorial_taskflow_api_etl.py took 0.237 seconds
[2023-02-23 17:02:48,868] {scheduler_job.py:182} INFO - Started process (PID=1856) to work on /home/airflow/.local/lib/python3.6/site-packages/airflow/example_dags/tutorial_taskflow_api_etl.py
[2023-02-23 17:02:48,869] {scheduler_job.py:633} INFO - Processing file /home/airflow/.local/lib/python3.6/site-packages/airflow/example_dags/tutorial_taskflow_api_etl.py for tasks to queue
[2023-02-23 17:02:48,869] {logging_mixin.py:104} INFO - [2023-02-23 17:02:48,869] {dagbag.py:496} INFO - Filling up the DagBag from /home/airflow/.local/lib/python3.6/site-packages/airflow/example_dags/tutorial_taskflow_api_etl.py
[2023-02-23 17:02:48,886] {scheduler_job.py:643} INFO - DAG(s) dict_keys(['tutorial_taskflow_api_etl']) retrieved from /home/airflow/.local/lib/python3.6/site-packages/airflow/example_dags/tutorial_taskflow_api_etl.py
[2023-02-23 17:02:49,111] {logging_mixin.py:104} INFO - [2023-02-23 17:02:49,111] {dag.py:1833} INFO - Sync 1 DAGs
[2023-02-23 17:02:49,123] {logging_mixin.py:104} INFO - [2023-02-23 17:02:49,123] {dag.py:2306} INFO - Setting next_dagrun for tutorial_taskflow_api_etl to None
[2023-02-23 17:02:49,134] {scheduler_job.py:190} INFO - Processing /home/airflow/.local/lib/python3.6/site-packages/airflow/example_dags/tutorial_taskflow_api_etl.py took 0.268 seconds
[2023-02-23 17:03:20,071] {scheduler_job.py:182} INFO - Started process (PID=1908) to work on /home/airflow/.local/lib/python3.6/site-packages/airflow/example_dags/tutorial_taskflow_api_etl.py
[2023-02-23 17:03:20,072] {scheduler_job.py:633} INFO - Processing file /home/airflow/.local/lib/python3.6/site-packages/airflow/example_dags/tutorial_taskflow_api_etl.py for tasks to queue
[2023-02-23 17:03:20,072] {logging_mixin.py:104} INFO - [2023-02-23 17:03:20,072] {dagbag.py:496} INFO - Filling up the DagBag from /home/airflow/.local/lib/python3.6/site-packages/airflow/example_dags/tutorial_taskflow_api_etl.py
[2023-02-23 17:03:20,092] {scheduler_job.py:643} INFO - DAG(s) dict_keys(['tutorial_taskflow_api_etl']) retrieved from /home/airflow/.local/lib/python3.6/site-packages/airflow/example_dags/tutorial_taskflow_api_etl.py
[2023-02-23 17:03:20,380] {logging_mixin.py:104} INFO - [2023-02-23 17:03:20,380] {dag.py:1833} INFO - Sync 1 DAGs
[2023-02-23 17:03:20,396] {logging_mixin.py:104} INFO - [2023-02-23 17:03:20,396] {dag.py:2306} INFO - Setting next_dagrun for tutorial_taskflow_api_etl to None
[2023-02-23 17:03:20,407] {scheduler_job.py:190} INFO - Processing /home/airflow/.local/lib/python3.6/site-packages/airflow/example_dags/tutorial_taskflow_api_etl.py took 0.340 seconds
[2023-02-23 17:03:51,145] {scheduler_job.py:182} INFO - Started process (PID=1960) to work on /home/airflow/.local/lib/python3.6/site-packages/airflow/example_dags/tutorial_taskflow_api_etl.py
[2023-02-23 17:03:51,147] {scheduler_job.py:633} INFO - Processing file /home/airflow/.local/lib/python3.6/site-packages/airflow/example_dags/tutorial_taskflow_api_etl.py for tasks to queue
[2023-02-23 17:03:51,148] {logging_mixin.py:104} INFO - [2023-02-23 17:03:51,148] {dagbag.py:496} INFO - Filling up the DagBag from /home/airflow/.local/lib/python3.6/site-packages/airflow/example_dags/tutorial_taskflow_api_etl.py
[2023-02-23 17:03:51,162] {scheduler_job.py:643} INFO - DAG(s) dict_keys(['tutorial_taskflow_api_etl']) retrieved from /home/airflow/.local/lib/python3.6/site-packages/airflow/example_dags/tutorial_taskflow_api_etl.py
[2023-02-23 17:03:51,363] {logging_mixin.py:104} INFO - [2023-02-23 17:03:51,363] {dag.py:1833} INFO - Sync 1 DAGs
[2023-02-23 17:03:51,379] {logging_mixin.py:104} INFO - [2023-02-23 17:03:51,379] {dag.py:2306} INFO - Setting next_dagrun for tutorial_taskflow_api_etl to None
[2023-02-23 17:03:51,390] {scheduler_job.py:190} INFO - Processing /home/airflow/.local/lib/python3.6/site-packages/airflow/example_dags/tutorial_taskflow_api_etl.py took 0.247 seconds
[2023-02-23 17:04:22,393] {scheduler_job.py:182} INFO - Started process (PID=2022) to work on /home/airflow/.local/lib/python3.6/site-packages/airflow/example_dags/tutorial_taskflow_api_etl.py
[2023-02-23 17:04:22,394] {scheduler_job.py:633} INFO - Processing file /home/airflow/.local/lib/python3.6/site-packages/airflow/example_dags/tutorial_taskflow_api_etl.py for tasks to queue
[2023-02-23 17:04:22,394] {logging_mixin.py:104} INFO - [2023-02-23 17:04:22,394] {dagbag.py:496} INFO - Filling up the DagBag from /home/airflow/.local/lib/python3.6/site-packages/airflow/example_dags/tutorial_taskflow_api_etl.py
[2023-02-23 17:04:22,480] {scheduler_job.py:643} INFO - DAG(s) dict_keys(['tutorial_taskflow_api_etl']) retrieved from /home/airflow/.local/lib/python3.6/site-packages/airflow/example_dags/tutorial_taskflow_api_etl.py
[2023-02-23 17:04:23,088] {logging_mixin.py:104} INFO - [2023-02-23 17:04:23,087] {dag.py:1833} INFO - Sync 1 DAGs
[2023-02-23 17:04:23,101] {logging_mixin.py:104} INFO - [2023-02-23 17:04:23,101] {dag.py:2306} INFO - Setting next_dagrun for tutorial_taskflow_api_etl to None
[2023-02-23 17:04:23,111] {scheduler_job.py:190} INFO - Processing /home/airflow/.local/lib/python3.6/site-packages/airflow/example_dags/tutorial_taskflow_api_etl.py took 0.722 seconds
[2023-02-23 17:04:53,899] {scheduler_job.py:182} INFO - Started process (PID=2085) to work on /home/airflow/.local/lib/python3.6/site-packages/airflow/example_dags/tutorial_taskflow_api_etl.py
[2023-02-23 17:04:53,899] {scheduler_job.py:633} INFO - Processing file /home/airflow/.local/lib/python3.6/site-packages/airflow/example_dags/tutorial_taskflow_api_etl.py for tasks to queue
[2023-02-23 17:04:53,900] {logging_mixin.py:104} INFO - [2023-02-23 17:04:53,900] {dagbag.py:496} INFO - Filling up the DagBag from /home/airflow/.local/lib/python3.6/site-packages/airflow/example_dags/tutorial_taskflow_api_etl.py
[2023-02-23 17:04:53,913] {scheduler_job.py:643} INFO - DAG(s) dict_keys(['tutorial_taskflow_api_etl']) retrieved from /home/airflow/.local/lib/python3.6/site-packages/airflow/example_dags/tutorial_taskflow_api_etl.py
[2023-02-23 17:04:54,094] {logging_mixin.py:104} INFO - [2023-02-23 17:04:54,094] {dag.py:1833} INFO - Sync 1 DAGs
[2023-02-23 17:04:54,105] {logging_mixin.py:104} INFO - [2023-02-23 17:04:54,105] {dag.py:2306} INFO - Setting next_dagrun for tutorial_taskflow_api_etl to None
[2023-02-23 17:04:54,114] {scheduler_job.py:190} INFO - Processing /home/airflow/.local/lib/python3.6/site-packages/airflow/example_dags/tutorial_taskflow_api_etl.py took 0.218 seconds
[2023-02-23 17:05:24,512] {scheduler_job.py:182} INFO - Started process (PID=2137) to work on /home/airflow/.local/lib/python3.6/site-packages/airflow/example_dags/tutorial_taskflow_api_etl.py
[2023-02-23 17:05:24,512] {scheduler_job.py:633} INFO - Processing file /home/airflow/.local/lib/python3.6/site-packages/airflow/example_dags/tutorial_taskflow_api_etl.py for tasks to queue
[2023-02-23 17:05:24,513] {logging_mixin.py:104} INFO - [2023-02-23 17:05:24,513] {dagbag.py:496} INFO - Filling up the DagBag from /home/airflow/.local/lib/python3.6/site-packages/airflow/example_dags/tutorial_taskflow_api_etl.py
[2023-02-23 17:05:24,526] {scheduler_job.py:643} INFO - DAG(s) dict_keys(['tutorial_taskflow_api_etl']) retrieved from /home/airflow/.local/lib/python3.6/site-packages/airflow/example_dags/tutorial_taskflow_api_etl.py
[2023-02-23 17:05:24,720] {logging_mixin.py:104} INFO - [2023-02-23 17:05:24,719] {dag.py:1833} INFO - Sync 1 DAGs
[2023-02-23 17:05:24,733] {logging_mixin.py:104} INFO - [2023-02-23 17:05:24,733] {dag.py:2306} INFO - Setting next_dagrun for tutorial_taskflow_api_etl to None
[2023-02-23 17:05:24,743] {scheduler_job.py:190} INFO - Processing /home/airflow/.local/lib/python3.6/site-packages/airflow/example_dags/tutorial_taskflow_api_etl.py took 0.234 seconds
[2023-02-23 17:05:54,978] {scheduler_job.py:182} INFO - Started process (PID=2199) to work on /home/airflow/.local/lib/python3.6/site-packages/airflow/example_dags/tutorial_taskflow_api_etl.py
[2023-02-23 17:05:54,978] {scheduler_job.py:633} INFO - Processing file /home/airflow/.local/lib/python3.6/site-packages/airflow/example_dags/tutorial_taskflow_api_etl.py for tasks to queue
[2023-02-23 17:05:54,979] {logging_mixin.py:104} INFO - [2023-02-23 17:05:54,979] {dagbag.py:496} INFO - Filling up the DagBag from /home/airflow/.local/lib/python3.6/site-packages/airflow/example_dags/tutorial_taskflow_api_etl.py
[2023-02-23 17:05:54,993] {scheduler_job.py:643} INFO - DAG(s) dict_keys(['tutorial_taskflow_api_etl']) retrieved from /home/airflow/.local/lib/python3.6/site-packages/airflow/example_dags/tutorial_taskflow_api_etl.py
[2023-02-23 17:05:55,185] {logging_mixin.py:104} INFO - [2023-02-23 17:05:55,185] {dag.py:1833} INFO - Sync 1 DAGs
[2023-02-23 17:05:55,197] {logging_mixin.py:104} INFO - [2023-02-23 17:05:55,197] {dag.py:2306} INFO - Setting next_dagrun for tutorial_taskflow_api_etl to None
[2023-02-23 17:05:55,206] {scheduler_job.py:190} INFO - Processing /home/airflow/.local/lib/python3.6/site-packages/airflow/example_dags/tutorial_taskflow_api_etl.py took 0.231 seconds
[2023-02-23 17:06:25,233] {scheduler_job.py:182} INFO - Started process (PID=2251) to work on /home/airflow/.local/lib/python3.6/site-packages/airflow/example_dags/tutorial_taskflow_api_etl.py
[2023-02-23 17:06:25,234] {scheduler_job.py:633} INFO - Processing file /home/airflow/.local/lib/python3.6/site-packages/airflow/example_dags/tutorial_taskflow_api_etl.py for tasks to queue
[2023-02-23 17:06:25,235] {logging_mixin.py:104} INFO - [2023-02-23 17:06:25,235] {dagbag.py:496} INFO - Filling up the DagBag from /home/airflow/.local/lib/python3.6/site-packages/airflow/example_dags/tutorial_taskflow_api_etl.py
[2023-02-23 17:06:25,248] {scheduler_job.py:643} INFO - DAG(s) dict_keys(['tutorial_taskflow_api_etl']) retrieved from /home/airflow/.local/lib/python3.6/site-packages/airflow/example_dags/tutorial_taskflow_api_etl.py
[2023-02-23 17:06:25,428] {logging_mixin.py:104} INFO - [2023-02-23 17:06:25,427] {dag.py:1833} INFO - Sync 1 DAGs
[2023-02-23 17:06:25,439] {logging_mixin.py:104} INFO - [2023-02-23 17:06:25,439] {dag.py:2306} INFO - Setting next_dagrun for tutorial_taskflow_api_etl to None
[2023-02-23 17:06:25,447] {scheduler_job.py:190} INFO - Processing /home/airflow/.local/lib/python3.6/site-packages/airflow/example_dags/tutorial_taskflow_api_etl.py took 0.216 seconds
[2023-02-23 17:06:55,815] {scheduler_job.py:182} INFO - Started process (PID=2313) to work on /home/airflow/.local/lib/python3.6/site-packages/airflow/example_dags/tutorial_taskflow_api_etl.py
[2023-02-23 17:06:55,816] {scheduler_job.py:633} INFO - Processing file /home/airflow/.local/lib/python3.6/site-packages/airflow/example_dags/tutorial_taskflow_api_etl.py for tasks to queue
[2023-02-23 17:06:55,816] {logging_mixin.py:104} INFO - [2023-02-23 17:06:55,816] {dagbag.py:496} INFO - Filling up the DagBag from /home/airflow/.local/lib/python3.6/site-packages/airflow/example_dags/tutorial_taskflow_api_etl.py
[2023-02-23 17:06:55,830] {scheduler_job.py:643} INFO - DAG(s) dict_keys(['tutorial_taskflow_api_etl']) retrieved from /home/airflow/.local/lib/python3.6/site-packages/airflow/example_dags/tutorial_taskflow_api_etl.py
[2023-02-23 17:06:56,027] {logging_mixin.py:104} INFO - [2023-02-23 17:06:56,027] {dag.py:1833} INFO - Sync 1 DAGs
[2023-02-23 17:06:56,039] {logging_mixin.py:104} INFO - [2023-02-23 17:06:56,039] {dag.py:2306} INFO - Setting next_dagrun for tutorial_taskflow_api_etl to None
[2023-02-23 17:06:56,050] {scheduler_job.py:190} INFO - Processing /home/airflow/.local/lib/python3.6/site-packages/airflow/example_dags/tutorial_taskflow_api_etl.py took 0.237 seconds
[2023-02-23 17:07:26,987] {scheduler_job.py:182} INFO - Started process (PID=2365) to work on /home/airflow/.local/lib/python3.6/site-packages/airflow/example_dags/tutorial_taskflow_api_etl.py
[2023-02-23 17:07:26,988] {scheduler_job.py:633} INFO - Processing file /home/airflow/.local/lib/python3.6/site-packages/airflow/example_dags/tutorial_taskflow_api_etl.py for tasks to queue
[2023-02-23 17:07:26,989] {logging_mixin.py:104} INFO - [2023-02-23 17:07:26,989] {dagbag.py:496} INFO - Filling up the DagBag from /home/airflow/.local/lib/python3.6/site-packages/airflow/example_dags/tutorial_taskflow_api_etl.py
[2023-02-23 17:07:27,002] {scheduler_job.py:643} INFO - DAG(s) dict_keys(['tutorial_taskflow_api_etl']) retrieved from /home/airflow/.local/lib/python3.6/site-packages/airflow/example_dags/tutorial_taskflow_api_etl.py
[2023-02-23 17:07:27,181] {logging_mixin.py:104} INFO - [2023-02-23 17:07:27,181] {dag.py:1833} INFO - Sync 1 DAGs
[2023-02-23 17:07:27,192] {logging_mixin.py:104} INFO - [2023-02-23 17:07:27,192] {dag.py:2306} INFO - Setting next_dagrun for tutorial_taskflow_api_etl to None
[2023-02-23 17:07:27,202] {scheduler_job.py:190} INFO - Processing /home/airflow/.local/lib/python3.6/site-packages/airflow/example_dags/tutorial_taskflow_api_etl.py took 0.217 seconds
[2023-02-23 17:07:57,517] {scheduler_job.py:182} INFO - Started process (PID=2427) to work on /home/airflow/.local/lib/python3.6/site-packages/airflow/example_dags/tutorial_taskflow_api_etl.py
[2023-02-23 17:07:57,518] {scheduler_job.py:633} INFO - Processing file /home/airflow/.local/lib/python3.6/site-packages/airflow/example_dags/tutorial_taskflow_api_etl.py for tasks to queue
[2023-02-23 17:07:57,518] {logging_mixin.py:104} INFO - [2023-02-23 17:07:57,518] {dagbag.py:496} INFO - Filling up the DagBag from /home/airflow/.local/lib/python3.6/site-packages/airflow/example_dags/tutorial_taskflow_api_etl.py
[2023-02-23 17:07:57,532] {scheduler_job.py:643} INFO - DAG(s) dict_keys(['tutorial_taskflow_api_etl']) retrieved from /home/airflow/.local/lib/python3.6/site-packages/airflow/example_dags/tutorial_taskflow_api_etl.py
[2023-02-23 17:07:57,799] {logging_mixin.py:104} INFO - [2023-02-23 17:07:57,799] {dag.py:1833} INFO - Sync 1 DAGs
[2023-02-23 17:07:57,815] {logging_mixin.py:104} INFO - [2023-02-23 17:07:57,814] {dag.py:2306} INFO - Setting next_dagrun for tutorial_taskflow_api_etl to None
[2023-02-23 17:07:57,824] {scheduler_job.py:190} INFO - Processing /home/airflow/.local/lib/python3.6/site-packages/airflow/example_dags/tutorial_taskflow_api_etl.py took 0.310 seconds
[2023-02-23 17:08:27,948] {scheduler_job.py:182} INFO - Started process (PID=2479) to work on /home/airflow/.local/lib/python3.6/site-packages/airflow/example_dags/tutorial_taskflow_api_etl.py
[2023-02-23 17:08:27,949] {scheduler_job.py:633} INFO - Processing file /home/airflow/.local/lib/python3.6/site-packages/airflow/example_dags/tutorial_taskflow_api_etl.py for tasks to queue
[2023-02-23 17:08:27,949] {logging_mixin.py:104} INFO - [2023-02-23 17:08:27,949] {dagbag.py:496} INFO - Filling up the DagBag from /home/airflow/.local/lib/python3.6/site-packages/airflow/example_dags/tutorial_taskflow_api_etl.py
[2023-02-23 17:08:27,964] {scheduler_job.py:643} INFO - DAG(s) dict_keys(['tutorial_taskflow_api_etl']) retrieved from /home/airflow/.local/lib/python3.6/site-packages/airflow/example_dags/tutorial_taskflow_api_etl.py
[2023-02-23 17:08:27,983] {logging_mixin.py:104} INFO - [2023-02-23 17:08:27,983] {dag.py:1833} INFO - Sync 1 DAGs
[2023-02-23 17:08:27,997] {logging_mixin.py:104} INFO - [2023-02-23 17:08:27,997] {dag.py:2306} INFO - Setting next_dagrun for tutorial_taskflow_api_etl to None
[2023-02-23 17:08:28,005] {scheduler_job.py:190} INFO - Processing /home/airflow/.local/lib/python3.6/site-packages/airflow/example_dags/tutorial_taskflow_api_etl.py took 0.060 seconds
[2023-02-23 17:08:58,390] {scheduler_job.py:182} INFO - Started process (PID=2531) to work on /home/airflow/.local/lib/python3.6/site-packages/airflow/example_dags/tutorial_taskflow_api_etl.py
[2023-02-23 17:08:58,392] {scheduler_job.py:633} INFO - Processing file /home/airflow/.local/lib/python3.6/site-packages/airflow/example_dags/tutorial_taskflow_api_etl.py for tasks to queue
[2023-02-23 17:08:58,392] {logging_mixin.py:104} INFO - [2023-02-23 17:08:58,392] {dagbag.py:496} INFO - Filling up the DagBag from /home/airflow/.local/lib/python3.6/site-packages/airflow/example_dags/tutorial_taskflow_api_etl.py
[2023-02-23 17:08:58,481] {scheduler_job.py:643} INFO - DAG(s) dict_keys(['tutorial_taskflow_api_etl']) retrieved from /home/airflow/.local/lib/python3.6/site-packages/airflow/example_dags/tutorial_taskflow_api_etl.py
[2023-02-23 17:08:58,662] {logging_mixin.py:104} INFO - [2023-02-23 17:08:58,662] {dag.py:1833} INFO - Sync 1 DAGs
[2023-02-23 17:08:58,675] {logging_mixin.py:104} INFO - [2023-02-23 17:08:58,675] {dag.py:2306} INFO - Setting next_dagrun for tutorial_taskflow_api_etl to None
[2023-02-23 17:08:58,685] {scheduler_job.py:190} INFO - Processing /home/airflow/.local/lib/python3.6/site-packages/airflow/example_dags/tutorial_taskflow_api_etl.py took 0.297 seconds
[2023-02-23 17:09:28,886] {scheduler_job.py:182} INFO - Started process (PID=2593) to work on /home/airflow/.local/lib/python3.6/site-packages/airflow/example_dags/tutorial_taskflow_api_etl.py
[2023-02-23 17:09:28,887] {scheduler_job.py:633} INFO - Processing file /home/airflow/.local/lib/python3.6/site-packages/airflow/example_dags/tutorial_taskflow_api_etl.py for tasks to queue
[2023-02-23 17:09:28,887] {logging_mixin.py:104} INFO - [2023-02-23 17:09:28,887] {dagbag.py:496} INFO - Filling up the DagBag from /home/airflow/.local/lib/python3.6/site-packages/airflow/example_dags/tutorial_taskflow_api_etl.py
[2023-02-23 17:09:28,901] {scheduler_job.py:643} INFO - DAG(s) dict_keys(['tutorial_taskflow_api_etl']) retrieved from /home/airflow/.local/lib/python3.6/site-packages/airflow/example_dags/tutorial_taskflow_api_etl.py
[2023-02-23 17:09:29,079] {logging_mixin.py:104} INFO - [2023-02-23 17:09:29,079] {dag.py:1833} INFO - Sync 1 DAGs
[2023-02-23 17:09:29,091] {logging_mixin.py:104} INFO - [2023-02-23 17:09:29,090] {dag.py:2306} INFO - Setting next_dagrun for tutorial_taskflow_api_etl to None
[2023-02-23 17:09:29,099] {scheduler_job.py:190} INFO - Processing /home/airflow/.local/lib/python3.6/site-packages/airflow/example_dags/tutorial_taskflow_api_etl.py took 0.215 seconds
[2023-02-23 17:09:59,687] {scheduler_job.py:182} INFO - Started process (PID=2646) to work on /home/airflow/.local/lib/python3.6/site-packages/airflow/example_dags/tutorial_taskflow_api_etl.py
[2023-02-23 17:09:59,688] {scheduler_job.py:633} INFO - Processing file /home/airflow/.local/lib/python3.6/site-packages/airflow/example_dags/tutorial_taskflow_api_etl.py for tasks to queue
[2023-02-23 17:09:59,689] {logging_mixin.py:104} INFO - [2023-02-23 17:09:59,689] {dagbag.py:496} INFO - Filling up the DagBag from /home/airflow/.local/lib/python3.6/site-packages/airflow/example_dags/tutorial_taskflow_api_etl.py
[2023-02-23 17:09:59,706] {scheduler_job.py:643} INFO - DAG(s) dict_keys(['tutorial_taskflow_api_etl']) retrieved from /home/airflow/.local/lib/python3.6/site-packages/airflow/example_dags/tutorial_taskflow_api_etl.py
[2023-02-23 17:10:00,493] {logging_mixin.py:104} INFO - [2023-02-23 17:10:00,493] {dag.py:1833} INFO - Sync 1 DAGs
[2023-02-23 17:10:00,582] {logging_mixin.py:104} INFO - [2023-02-23 17:10:00,582] {dag.py:2306} INFO - Setting next_dagrun for tutorial_taskflow_api_etl to None
[2023-02-23 17:10:00,596] {scheduler_job.py:190} INFO - Processing /home/airflow/.local/lib/python3.6/site-packages/airflow/example_dags/tutorial_taskflow_api_etl.py took 0.912 seconds
[2023-02-23 17:10:31,295] {scheduler_job.py:182} INFO - Started process (PID=2699) to work on /home/airflow/.local/lib/python3.6/site-packages/airflow/example_dags/tutorial_taskflow_api_etl.py
[2023-02-23 17:10:31,296] {scheduler_job.py:633} INFO - Processing file /home/airflow/.local/lib/python3.6/site-packages/airflow/example_dags/tutorial_taskflow_api_etl.py for tasks to queue
[2023-02-23 17:10:31,297] {logging_mixin.py:104} INFO - [2023-02-23 17:10:31,297] {dagbag.py:496} INFO - Filling up the DagBag from /home/airflow/.local/lib/python3.6/site-packages/airflow/example_dags/tutorial_taskflow_api_etl.py
[2023-02-23 17:10:31,312] {scheduler_job.py:643} INFO - DAG(s) dict_keys(['tutorial_taskflow_api_etl']) retrieved from /home/airflow/.local/lib/python3.6/site-packages/airflow/example_dags/tutorial_taskflow_api_etl.py
[2023-02-23 17:10:31,607] {logging_mixin.py:104} INFO - [2023-02-23 17:10:31,607] {dag.py:1833} INFO - Sync 1 DAGs
[2023-02-23 17:10:31,621] {logging_mixin.py:104} INFO - [2023-02-23 17:10:31,621] {dag.py:2306} INFO - Setting next_dagrun for tutorial_taskflow_api_etl to None
[2023-02-23 17:10:31,673] {scheduler_job.py:190} INFO - Processing /home/airflow/.local/lib/python3.6/site-packages/airflow/example_dags/tutorial_taskflow_api_etl.py took 0.381 seconds
