[2023-02-23 12:26:04,382] {scheduler_job.py:182} INFO - Started process (PID=103) to work on /home/airflow/.local/lib/python3.6/site-packages/airflow/example_dags/tutorial_etl_dag.py
[2023-02-23 12:26:04,383] {scheduler_job.py:633} INFO - Processing file /home/airflow/.local/lib/python3.6/site-packages/airflow/example_dags/tutorial_etl_dag.py for tasks to queue
[2023-02-23 12:26:04,383] {logging_mixin.py:104} INFO - [2023-02-23 12:26:04,383] {dagbag.py:496} INFO - Filling up the DagBag from /home/airflow/.local/lib/python3.6/site-packages/airflow/example_dags/tutorial_etl_dag.py
[2023-02-23 12:26:04,399] {scheduler_job.py:643} INFO - DAG(s) dict_keys(['tutorial_etl_dag']) retrieved from /home/airflow/.local/lib/python3.6/site-packages/airflow/example_dags/tutorial_etl_dag.py
[2023-02-23 12:26:04,966] {logging_mixin.py:104} INFO - [2023-02-23 12:26:04,966] {dag.py:1833} INFO - Sync 1 DAGs
[2023-02-23 12:26:04,981] {logging_mixin.py:104} INFO - [2023-02-23 12:26:04,981] {dag.py:2306} INFO - Setting next_dagrun for tutorial_etl_dag to None
[2023-02-23 12:26:05,056] {scheduler_job.py:190} INFO - Processing /home/airflow/.local/lib/python3.6/site-packages/airflow/example_dags/tutorial_etl_dag.py took 0.677 seconds
[2023-02-23 16:46:51,083] {scheduler_job.py:182} INFO - Started process (PID=98) to work on /home/airflow/.local/lib/python3.6/site-packages/airflow/example_dags/tutorial_etl_dag.py
[2023-02-23 16:46:51,084] {scheduler_job.py:633} INFO - Processing file /home/airflow/.local/lib/python3.6/site-packages/airflow/example_dags/tutorial_etl_dag.py for tasks to queue
[2023-02-23 16:46:51,085] {logging_mixin.py:104} INFO - [2023-02-23 16:46:51,084] {dagbag.py:496} INFO - Filling up the DagBag from /home/airflow/.local/lib/python3.6/site-packages/airflow/example_dags/tutorial_etl_dag.py
[2023-02-23 16:46:51,096] {scheduler_job.py:643} INFO - DAG(s) dict_keys(['tutorial_etl_dag']) retrieved from /home/airflow/.local/lib/python3.6/site-packages/airflow/example_dags/tutorial_etl_dag.py
[2023-02-23 16:46:51,115] {logging_mixin.py:104} INFO - [2023-02-23 16:46:51,115] {dag.py:1833} INFO - Sync 1 DAGs
[2023-02-23 16:46:51,178] {logging_mixin.py:104} INFO - [2023-02-23 16:46:51,178] {dag.py:2306} INFO - Setting next_dagrun for tutorial_etl_dag to None
[2023-02-23 16:46:51,189] {scheduler_job.py:190} INFO - Processing /home/airflow/.local/lib/python3.6/site-packages/airflow/example_dags/tutorial_etl_dag.py took 0.109 seconds
[2023-02-23 16:47:21,325] {scheduler_job.py:182} INFO - Started process (PID=139) to work on /home/airflow/.local/lib/python3.6/site-packages/airflow/example_dags/tutorial_etl_dag.py
[2023-02-23 16:47:21,326] {scheduler_job.py:633} INFO - Processing file /home/airflow/.local/lib/python3.6/site-packages/airflow/example_dags/tutorial_etl_dag.py for tasks to queue
[2023-02-23 16:47:21,326] {logging_mixin.py:104} INFO - [2023-02-23 16:47:21,326] {dagbag.py:496} INFO - Filling up the DagBag from /home/airflow/.local/lib/python3.6/site-packages/airflow/example_dags/tutorial_etl_dag.py
[2023-02-23 16:47:21,336] {scheduler_job.py:643} INFO - DAG(s) dict_keys(['tutorial_etl_dag']) retrieved from /home/airflow/.local/lib/python3.6/site-packages/airflow/example_dags/tutorial_etl_dag.py
[2023-02-23 16:47:21,355] {logging_mixin.py:104} INFO - [2023-02-23 16:47:21,354] {dag.py:1833} INFO - Sync 1 DAGs
[2023-02-23 16:47:21,369] {logging_mixin.py:104} INFO - [2023-02-23 16:47:21,369] {dag.py:2306} INFO - Setting next_dagrun for tutorial_etl_dag to None
[2023-02-23 16:47:21,377] {scheduler_job.py:190} INFO - Processing /home/airflow/.local/lib/python3.6/site-packages/airflow/example_dags/tutorial_etl_dag.py took 0.054 seconds
[2023-02-23 16:47:52,075] {scheduler_job.py:182} INFO - Started process (PID=201) to work on /home/airflow/.local/lib/python3.6/site-packages/airflow/example_dags/tutorial_etl_dag.py
[2023-02-23 16:47:52,075] {scheduler_job.py:633} INFO - Processing file /home/airflow/.local/lib/python3.6/site-packages/airflow/example_dags/tutorial_etl_dag.py for tasks to queue
[2023-02-23 16:47:52,076] {logging_mixin.py:104} INFO - [2023-02-23 16:47:52,076] {dagbag.py:496} INFO - Filling up the DagBag from /home/airflow/.local/lib/python3.6/site-packages/airflow/example_dags/tutorial_etl_dag.py
[2023-02-23 16:47:52,087] {scheduler_job.py:643} INFO - DAG(s) dict_keys(['tutorial_etl_dag']) retrieved from /home/airflow/.local/lib/python3.6/site-packages/airflow/example_dags/tutorial_etl_dag.py
[2023-02-23 16:47:52,107] {logging_mixin.py:104} INFO - [2023-02-23 16:47:52,107] {dag.py:1833} INFO - Sync 1 DAGs
[2023-02-23 16:47:52,122] {logging_mixin.py:104} INFO - [2023-02-23 16:47:52,122] {dag.py:2306} INFO - Setting next_dagrun for tutorial_etl_dag to None
[2023-02-23 16:47:52,132] {scheduler_job.py:190} INFO - Processing /home/airflow/.local/lib/python3.6/site-packages/airflow/example_dags/tutorial_etl_dag.py took 0.060 seconds
[2023-02-23 16:48:23,166] {scheduler_job.py:182} INFO - Started process (PID=264) to work on /home/airflow/.local/lib/python3.6/site-packages/airflow/example_dags/tutorial_etl_dag.py
[2023-02-23 16:48:23,167] {scheduler_job.py:633} INFO - Processing file /home/airflow/.local/lib/python3.6/site-packages/airflow/example_dags/tutorial_etl_dag.py for tasks to queue
[2023-02-23 16:48:23,167] {logging_mixin.py:104} INFO - [2023-02-23 16:48:23,167] {dagbag.py:496} INFO - Filling up the DagBag from /home/airflow/.local/lib/python3.6/site-packages/airflow/example_dags/tutorial_etl_dag.py
[2023-02-23 16:48:23,177] {scheduler_job.py:643} INFO - DAG(s) dict_keys(['tutorial_etl_dag']) retrieved from /home/airflow/.local/lib/python3.6/site-packages/airflow/example_dags/tutorial_etl_dag.py
[2023-02-23 16:48:23,194] {logging_mixin.py:104} INFO - [2023-02-23 16:48:23,194] {dag.py:1833} INFO - Sync 1 DAGs
[2023-02-23 16:48:23,208] {logging_mixin.py:104} INFO - [2023-02-23 16:48:23,207] {dag.py:2306} INFO - Setting next_dagrun for tutorial_etl_dag to None
[2023-02-23 16:48:23,215] {scheduler_job.py:190} INFO - Processing /home/airflow/.local/lib/python3.6/site-packages/airflow/example_dags/tutorial_etl_dag.py took 0.051 seconds
[2023-02-23 16:48:53,856] {scheduler_job.py:182} INFO - Started process (PID=316) to work on /home/airflow/.local/lib/python3.6/site-packages/airflow/example_dags/tutorial_etl_dag.py
[2023-02-23 16:48:53,857] {scheduler_job.py:633} INFO - Processing file /home/airflow/.local/lib/python3.6/site-packages/airflow/example_dags/tutorial_etl_dag.py for tasks to queue
[2023-02-23 16:48:53,857] {logging_mixin.py:104} INFO - [2023-02-23 16:48:53,857] {dagbag.py:496} INFO - Filling up the DagBag from /home/airflow/.local/lib/python3.6/site-packages/airflow/example_dags/tutorial_etl_dag.py
[2023-02-23 16:48:53,867] {scheduler_job.py:643} INFO - DAG(s) dict_keys(['tutorial_etl_dag']) retrieved from /home/airflow/.local/lib/python3.6/site-packages/airflow/example_dags/tutorial_etl_dag.py
[2023-02-23 16:48:53,883] {logging_mixin.py:104} INFO - [2023-02-23 16:48:53,882] {dag.py:1833} INFO - Sync 1 DAGs
[2023-02-23 16:48:53,894] {logging_mixin.py:104} INFO - [2023-02-23 16:48:53,894] {dag.py:2306} INFO - Setting next_dagrun for tutorial_etl_dag to None
[2023-02-23 16:48:53,901] {scheduler_job.py:190} INFO - Processing /home/airflow/.local/lib/python3.6/site-packages/airflow/example_dags/tutorial_etl_dag.py took 0.047 seconds
[2023-02-23 16:49:25,296] {scheduler_job.py:182} INFO - Started process (PID=378) to work on /home/airflow/.local/lib/python3.6/site-packages/airflow/example_dags/tutorial_etl_dag.py
[2023-02-23 16:49:25,297] {scheduler_job.py:633} INFO - Processing file /home/airflow/.local/lib/python3.6/site-packages/airflow/example_dags/tutorial_etl_dag.py for tasks to queue
[2023-02-23 16:49:25,298] {logging_mixin.py:104} INFO - [2023-02-23 16:49:25,298] {dagbag.py:496} INFO - Filling up the DagBag from /home/airflow/.local/lib/python3.6/site-packages/airflow/example_dags/tutorial_etl_dag.py
[2023-02-23 16:49:25,307] {scheduler_job.py:643} INFO - DAG(s) dict_keys(['tutorial_etl_dag']) retrieved from /home/airflow/.local/lib/python3.6/site-packages/airflow/example_dags/tutorial_etl_dag.py
[2023-02-23 16:49:25,383] {logging_mixin.py:104} INFO - [2023-02-23 16:49:25,383] {dag.py:1833} INFO - Sync 1 DAGs
[2023-02-23 16:49:25,396] {logging_mixin.py:104} INFO - [2023-02-23 16:49:25,396] {dag.py:2306} INFO - Setting next_dagrun for tutorial_etl_dag to None
[2023-02-23 16:49:25,405] {scheduler_job.py:190} INFO - Processing /home/airflow/.local/lib/python3.6/site-packages/airflow/example_dags/tutorial_etl_dag.py took 0.112 seconds
[2023-02-23 16:49:56,295] {scheduler_job.py:182} INFO - Started process (PID=427) to work on /home/airflow/.local/lib/python3.6/site-packages/airflow/example_dags/tutorial_etl_dag.py
[2023-02-23 16:49:56,296] {scheduler_job.py:633} INFO - Processing file /home/airflow/.local/lib/python3.6/site-packages/airflow/example_dags/tutorial_etl_dag.py for tasks to queue
[2023-02-23 16:49:56,297] {logging_mixin.py:104} INFO - [2023-02-23 16:49:56,297] {dagbag.py:496} INFO - Filling up the DagBag from /home/airflow/.local/lib/python3.6/site-packages/airflow/example_dags/tutorial_etl_dag.py
[2023-02-23 16:49:56,306] {scheduler_job.py:643} INFO - DAG(s) dict_keys(['tutorial_etl_dag']) retrieved from /home/airflow/.local/lib/python3.6/site-packages/airflow/example_dags/tutorial_etl_dag.py
[2023-02-23 16:49:56,327] {logging_mixin.py:104} INFO - [2023-02-23 16:49:56,326] {dag.py:1833} INFO - Sync 1 DAGs
[2023-02-23 16:49:56,344] {logging_mixin.py:104} INFO - [2023-02-23 16:49:56,344] {dag.py:2306} INFO - Setting next_dagrun for tutorial_etl_dag to None
[2023-02-23 16:49:56,355] {scheduler_job.py:190} INFO - Processing /home/airflow/.local/lib/python3.6/site-packages/airflow/example_dags/tutorial_etl_dag.py took 0.062 seconds
[2023-02-23 16:50:27,139] {scheduler_job.py:182} INFO - Started process (PID=482) to work on /home/airflow/.local/lib/python3.6/site-packages/airflow/example_dags/tutorial_etl_dag.py
[2023-02-23 16:50:27,140] {scheduler_job.py:633} INFO - Processing file /home/airflow/.local/lib/python3.6/site-packages/airflow/example_dags/tutorial_etl_dag.py for tasks to queue
[2023-02-23 16:50:27,140] {logging_mixin.py:104} INFO - [2023-02-23 16:50:27,140] {dagbag.py:496} INFO - Filling up the DagBag from /home/airflow/.local/lib/python3.6/site-packages/airflow/example_dags/tutorial_etl_dag.py
[2023-02-23 16:50:27,150] {scheduler_job.py:643} INFO - DAG(s) dict_keys(['tutorial_etl_dag']) retrieved from /home/airflow/.local/lib/python3.6/site-packages/airflow/example_dags/tutorial_etl_dag.py
[2023-02-23 16:50:27,168] {logging_mixin.py:104} INFO - [2023-02-23 16:50:27,168] {dag.py:1833} INFO - Sync 1 DAGs
[2023-02-23 16:50:27,182] {logging_mixin.py:104} INFO - [2023-02-23 16:50:27,182] {dag.py:2306} INFO - Setting next_dagrun for tutorial_etl_dag to None
[2023-02-23 16:50:27,193] {scheduler_job.py:190} INFO - Processing /home/airflow/.local/lib/python3.6/site-packages/airflow/example_dags/tutorial_etl_dag.py took 0.056 seconds
[2023-02-23 16:50:58,236] {scheduler_job.py:182} INFO - Started process (PID=534) to work on /home/airflow/.local/lib/python3.6/site-packages/airflow/example_dags/tutorial_etl_dag.py
[2023-02-23 16:50:58,237] {scheduler_job.py:633} INFO - Processing file /home/airflow/.local/lib/python3.6/site-packages/airflow/example_dags/tutorial_etl_dag.py for tasks to queue
[2023-02-23 16:50:58,237] {logging_mixin.py:104} INFO - [2023-02-23 16:50:58,237] {dagbag.py:496} INFO - Filling up the DagBag from /home/airflow/.local/lib/python3.6/site-packages/airflow/example_dags/tutorial_etl_dag.py
[2023-02-23 16:50:58,279] {scheduler_job.py:643} INFO - DAG(s) dict_keys(['tutorial_etl_dag']) retrieved from /home/airflow/.local/lib/python3.6/site-packages/airflow/example_dags/tutorial_etl_dag.py
[2023-02-23 16:50:58,298] {logging_mixin.py:104} INFO - [2023-02-23 16:50:58,298] {dag.py:1833} INFO - Sync 1 DAGs
[2023-02-23 16:50:58,311] {logging_mixin.py:104} INFO - [2023-02-23 16:50:58,311] {dag.py:2306} INFO - Setting next_dagrun for tutorial_etl_dag to None
[2023-02-23 16:50:58,322] {scheduler_job.py:190} INFO - Processing /home/airflow/.local/lib/python3.6/site-packages/airflow/example_dags/tutorial_etl_dag.py took 0.089 seconds
[2023-02-23 16:51:29,096] {scheduler_job.py:182} INFO - Started process (PID=596) to work on /home/airflow/.local/lib/python3.6/site-packages/airflow/example_dags/tutorial_etl_dag.py
[2023-02-23 16:51:29,097] {scheduler_job.py:633} INFO - Processing file /home/airflow/.local/lib/python3.6/site-packages/airflow/example_dags/tutorial_etl_dag.py for tasks to queue
[2023-02-23 16:51:29,097] {logging_mixin.py:104} INFO - [2023-02-23 16:51:29,097] {dagbag.py:496} INFO - Filling up the DagBag from /home/airflow/.local/lib/python3.6/site-packages/airflow/example_dags/tutorial_etl_dag.py
[2023-02-23 16:51:29,107] {scheduler_job.py:643} INFO - DAG(s) dict_keys(['tutorial_etl_dag']) retrieved from /home/airflow/.local/lib/python3.6/site-packages/airflow/example_dags/tutorial_etl_dag.py
[2023-02-23 16:51:29,124] {logging_mixin.py:104} INFO - [2023-02-23 16:51:29,124] {dag.py:1833} INFO - Sync 1 DAGs
[2023-02-23 16:51:29,137] {logging_mixin.py:104} INFO - [2023-02-23 16:51:29,137] {dag.py:2306} INFO - Setting next_dagrun for tutorial_etl_dag to None
[2023-02-23 16:51:29,144] {scheduler_job.py:190} INFO - Processing /home/airflow/.local/lib/python3.6/site-packages/airflow/example_dags/tutorial_etl_dag.py took 0.051 seconds
[2023-02-23 16:51:59,897] {scheduler_job.py:182} INFO - Started process (PID=654) to work on /home/airflow/.local/lib/python3.6/site-packages/airflow/example_dags/tutorial_etl_dag.py
[2023-02-23 16:51:59,898] {scheduler_job.py:633} INFO - Processing file /home/airflow/.local/lib/python3.6/site-packages/airflow/example_dags/tutorial_etl_dag.py for tasks to queue
[2023-02-23 16:51:59,899] {logging_mixin.py:104} INFO - [2023-02-23 16:51:59,899] {dagbag.py:496} INFO - Filling up the DagBag from /home/airflow/.local/lib/python3.6/site-packages/airflow/example_dags/tutorial_etl_dag.py
[2023-02-23 16:51:59,910] {scheduler_job.py:643} INFO - DAG(s) dict_keys(['tutorial_etl_dag']) retrieved from /home/airflow/.local/lib/python3.6/site-packages/airflow/example_dags/tutorial_etl_dag.py
[2023-02-23 16:51:59,928] {logging_mixin.py:104} INFO - [2023-02-23 16:51:59,928] {dag.py:1833} INFO - Sync 1 DAGs
[2023-02-23 16:51:59,940] {logging_mixin.py:104} INFO - [2023-02-23 16:51:59,940] {dag.py:2306} INFO - Setting next_dagrun for tutorial_etl_dag to None
[2023-02-23 16:51:59,948] {scheduler_job.py:190} INFO - Processing /home/airflow/.local/lib/python3.6/site-packages/airflow/example_dags/tutorial_etl_dag.py took 0.053 seconds
[2023-02-23 16:52:30,561] {scheduler_job.py:182} INFO - Started process (PID=710) to work on /home/airflow/.local/lib/python3.6/site-packages/airflow/example_dags/tutorial_etl_dag.py
[2023-02-23 16:52:30,562] {scheduler_job.py:633} INFO - Processing file /home/airflow/.local/lib/python3.6/site-packages/airflow/example_dags/tutorial_etl_dag.py for tasks to queue
[2023-02-23 16:52:30,562] {logging_mixin.py:104} INFO - [2023-02-23 16:52:30,562] {dagbag.py:496} INFO - Filling up the DagBag from /home/airflow/.local/lib/python3.6/site-packages/airflow/example_dags/tutorial_etl_dag.py
[2023-02-23 16:52:30,572] {scheduler_job.py:643} INFO - DAG(s) dict_keys(['tutorial_etl_dag']) retrieved from /home/airflow/.local/lib/python3.6/site-packages/airflow/example_dags/tutorial_etl_dag.py
[2023-02-23 16:52:30,588] {logging_mixin.py:104} INFO - [2023-02-23 16:52:30,588] {dag.py:1833} INFO - Sync 1 DAGs
[2023-02-23 16:52:30,601] {logging_mixin.py:104} INFO - [2023-02-23 16:52:30,601] {dag.py:2306} INFO - Setting next_dagrun for tutorial_etl_dag to None
[2023-02-23 16:52:30,609] {scheduler_job.py:190} INFO - Processing /home/airflow/.local/lib/python3.6/site-packages/airflow/example_dags/tutorial_etl_dag.py took 0.050 seconds
[2023-02-23 16:53:02,485] {scheduler_job.py:182} INFO - Started process (PID=770) to work on /home/airflow/.local/lib/python3.6/site-packages/airflow/example_dags/tutorial_etl_dag.py
[2023-02-23 16:53:02,486] {scheduler_job.py:633} INFO - Processing file /home/airflow/.local/lib/python3.6/site-packages/airflow/example_dags/tutorial_etl_dag.py for tasks to queue
[2023-02-23 16:53:02,487] {logging_mixin.py:104} INFO - [2023-02-23 16:53:02,486] {dagbag.py:496} INFO - Filling up the DagBag from /home/airflow/.local/lib/python3.6/site-packages/airflow/example_dags/tutorial_etl_dag.py
[2023-02-23 16:53:02,498] {scheduler_job.py:643} INFO - DAG(s) dict_keys(['tutorial_etl_dag']) retrieved from /home/airflow/.local/lib/python3.6/site-packages/airflow/example_dags/tutorial_etl_dag.py
[2023-02-23 16:53:02,584] {logging_mixin.py:104} INFO - [2023-02-23 16:53:02,584] {dag.py:1833} INFO - Sync 1 DAGs
[2023-02-23 16:53:02,598] {logging_mixin.py:104} INFO - [2023-02-23 16:53:02,598] {dag.py:2306} INFO - Setting next_dagrun for tutorial_etl_dag to None
[2023-02-23 16:53:02,675] {scheduler_job.py:190} INFO - Processing /home/airflow/.local/lib/python3.6/site-packages/airflow/example_dags/tutorial_etl_dag.py took 0.193 seconds
[2023-02-23 16:53:32,811] {scheduler_job.py:182} INFO - Started process (PID=825) to work on /home/airflow/.local/lib/python3.6/site-packages/airflow/example_dags/tutorial_etl_dag.py
[2023-02-23 16:53:32,812] {scheduler_job.py:633} INFO - Processing file /home/airflow/.local/lib/python3.6/site-packages/airflow/example_dags/tutorial_etl_dag.py for tasks to queue
[2023-02-23 16:53:32,812] {logging_mixin.py:104} INFO - [2023-02-23 16:53:32,812] {dagbag.py:496} INFO - Filling up the DagBag from /home/airflow/.local/lib/python3.6/site-packages/airflow/example_dags/tutorial_etl_dag.py
[2023-02-23 16:53:32,824] {scheduler_job.py:643} INFO - DAG(s) dict_keys(['tutorial_etl_dag']) retrieved from /home/airflow/.local/lib/python3.6/site-packages/airflow/example_dags/tutorial_etl_dag.py
[2023-02-23 16:53:32,844] {logging_mixin.py:104} INFO - [2023-02-23 16:53:32,843] {dag.py:1833} INFO - Sync 1 DAGs
[2023-02-23 16:53:32,860] {logging_mixin.py:104} INFO - [2023-02-23 16:53:32,860] {dag.py:2306} INFO - Setting next_dagrun for tutorial_etl_dag to None
[2023-02-23 16:53:32,869] {scheduler_job.py:190} INFO - Processing /home/airflow/.local/lib/python3.6/site-packages/airflow/example_dags/tutorial_etl_dag.py took 0.061 seconds
[2023-02-23 16:54:03,502] {scheduler_job.py:182} INFO - Started process (PID=878) to work on /home/airflow/.local/lib/python3.6/site-packages/airflow/example_dags/tutorial_etl_dag.py
[2023-02-23 16:54:03,504] {scheduler_job.py:633} INFO - Processing file /home/airflow/.local/lib/python3.6/site-packages/airflow/example_dags/tutorial_etl_dag.py for tasks to queue
[2023-02-23 16:54:03,504] {logging_mixin.py:104} INFO - [2023-02-23 16:54:03,504] {dagbag.py:496} INFO - Filling up the DagBag from /home/airflow/.local/lib/python3.6/site-packages/airflow/example_dags/tutorial_etl_dag.py
[2023-02-23 16:54:03,517] {scheduler_job.py:643} INFO - DAG(s) dict_keys(['tutorial_etl_dag']) retrieved from /home/airflow/.local/lib/python3.6/site-packages/airflow/example_dags/tutorial_etl_dag.py
[2023-02-23 16:54:03,539] {logging_mixin.py:104} INFO - [2023-02-23 16:54:03,539] {dag.py:1833} INFO - Sync 1 DAGs
[2023-02-23 16:54:03,555] {logging_mixin.py:104} INFO - [2023-02-23 16:54:03,555] {dag.py:2306} INFO - Setting next_dagrun for tutorial_etl_dag to None
[2023-02-23 16:54:03,564] {scheduler_job.py:190} INFO - Processing /home/airflow/.local/lib/python3.6/site-packages/airflow/example_dags/tutorial_etl_dag.py took 0.065 seconds
[2023-02-23 16:54:34,347] {scheduler_job.py:182} INFO - Started process (PID=940) to work on /home/airflow/.local/lib/python3.6/site-packages/airflow/example_dags/tutorial_etl_dag.py
[2023-02-23 16:54:34,348] {scheduler_job.py:633} INFO - Processing file /home/airflow/.local/lib/python3.6/site-packages/airflow/example_dags/tutorial_etl_dag.py for tasks to queue
[2023-02-23 16:54:34,348] {logging_mixin.py:104} INFO - [2023-02-23 16:54:34,348] {dagbag.py:496} INFO - Filling up the DagBag from /home/airflow/.local/lib/python3.6/site-packages/airflow/example_dags/tutorial_etl_dag.py
[2023-02-23 16:54:34,359] {scheduler_job.py:643} INFO - DAG(s) dict_keys(['tutorial_etl_dag']) retrieved from /home/airflow/.local/lib/python3.6/site-packages/airflow/example_dags/tutorial_etl_dag.py
[2023-02-23 16:54:34,382] {logging_mixin.py:104} INFO - [2023-02-23 16:54:34,382] {dag.py:1833} INFO - Sync 1 DAGs
[2023-02-23 16:54:34,400] {logging_mixin.py:104} INFO - [2023-02-23 16:54:34,399] {dag.py:2306} INFO - Setting next_dagrun for tutorial_etl_dag to None
[2023-02-23 16:54:34,411] {scheduler_job.py:190} INFO - Processing /home/airflow/.local/lib/python3.6/site-packages/airflow/example_dags/tutorial_etl_dag.py took 0.067 seconds
[2023-02-23 16:55:06,488] {scheduler_job.py:182} INFO - Started process (PID=999) to work on /home/airflow/.local/lib/python3.6/site-packages/airflow/example_dags/tutorial_etl_dag.py
[2023-02-23 16:55:06,489] {scheduler_job.py:633} INFO - Processing file /home/airflow/.local/lib/python3.6/site-packages/airflow/example_dags/tutorial_etl_dag.py for tasks to queue
[2023-02-23 16:55:06,490] {logging_mixin.py:104} INFO - [2023-02-23 16:55:06,490] {dagbag.py:496} INFO - Filling up the DagBag from /home/airflow/.local/lib/python3.6/site-packages/airflow/example_dags/tutorial_etl_dag.py
[2023-02-23 16:55:06,502] {scheduler_job.py:643} INFO - DAG(s) dict_keys(['tutorial_etl_dag']) retrieved from /home/airflow/.local/lib/python3.6/site-packages/airflow/example_dags/tutorial_etl_dag.py
[2023-02-23 16:55:06,588] {logging_mixin.py:104} INFO - [2023-02-23 16:55:06,588] {dag.py:1833} INFO - Sync 1 DAGs
[2023-02-23 16:55:06,678] {logging_mixin.py:104} INFO - [2023-02-23 16:55:06,678] {dag.py:2306} INFO - Setting next_dagrun for tutorial_etl_dag to None
[2023-02-23 16:55:06,690] {scheduler_job.py:190} INFO - Processing /home/airflow/.local/lib/python3.6/site-packages/airflow/example_dags/tutorial_etl_dag.py took 0.204 seconds
[2023-02-23 16:55:37,015] {scheduler_job.py:182} INFO - Started process (PID=1054) to work on /home/airflow/.local/lib/python3.6/site-packages/airflow/example_dags/tutorial_etl_dag.py
[2023-02-23 16:55:37,016] {scheduler_job.py:633} INFO - Processing file /home/airflow/.local/lib/python3.6/site-packages/airflow/example_dags/tutorial_etl_dag.py for tasks to queue
[2023-02-23 16:55:37,017] {logging_mixin.py:104} INFO - [2023-02-23 16:55:37,017] {dagbag.py:496} INFO - Filling up the DagBag from /home/airflow/.local/lib/python3.6/site-packages/airflow/example_dags/tutorial_etl_dag.py
[2023-02-23 16:55:37,026] {scheduler_job.py:643} INFO - DAG(s) dict_keys(['tutorial_etl_dag']) retrieved from /home/airflow/.local/lib/python3.6/site-packages/airflow/example_dags/tutorial_etl_dag.py
[2023-02-23 16:55:37,045] {logging_mixin.py:104} INFO - [2023-02-23 16:55:37,045] {dag.py:1833} INFO - Sync 1 DAGs
[2023-02-23 16:55:37,058] {logging_mixin.py:104} INFO - [2023-02-23 16:55:37,058] {dag.py:2306} INFO - Setting next_dagrun for tutorial_etl_dag to None
[2023-02-23 16:55:37,067] {scheduler_job.py:190} INFO - Processing /home/airflow/.local/lib/python3.6/site-packages/airflow/example_dags/tutorial_etl_dag.py took 0.054 seconds
[2023-02-23 16:56:07,400] {scheduler_job.py:182} INFO - Started process (PID=1106) to work on /home/airflow/.local/lib/python3.6/site-packages/airflow/example_dags/tutorial_etl_dag.py
[2023-02-23 16:56:07,401] {scheduler_job.py:633} INFO - Processing file /home/airflow/.local/lib/python3.6/site-packages/airflow/example_dags/tutorial_etl_dag.py for tasks to queue
[2023-02-23 16:56:07,401] {logging_mixin.py:104} INFO - [2023-02-23 16:56:07,401] {dagbag.py:496} INFO - Filling up the DagBag from /home/airflow/.local/lib/python3.6/site-packages/airflow/example_dags/tutorial_etl_dag.py
[2023-02-23 16:56:07,410] {scheduler_job.py:643} INFO - DAG(s) dict_keys(['tutorial_etl_dag']) retrieved from /home/airflow/.local/lib/python3.6/site-packages/airflow/example_dags/tutorial_etl_dag.py
[2023-02-23 16:56:07,425] {logging_mixin.py:104} INFO - [2023-02-23 16:56:07,425] {dag.py:1833} INFO - Sync 1 DAGs
[2023-02-23 16:56:07,438] {logging_mixin.py:104} INFO - [2023-02-23 16:56:07,438] {dag.py:2306} INFO - Setting next_dagrun for tutorial_etl_dag to None
[2023-02-23 16:56:07,446] {scheduler_job.py:190} INFO - Processing /home/airflow/.local/lib/python3.6/site-packages/airflow/example_dags/tutorial_etl_dag.py took 0.048 seconds
[2023-02-23 16:56:37,967] {scheduler_job.py:182} INFO - Started process (PID=1168) to work on /home/airflow/.local/lib/python3.6/site-packages/airflow/example_dags/tutorial_etl_dag.py
[2023-02-23 16:56:37,967] {scheduler_job.py:633} INFO - Processing file /home/airflow/.local/lib/python3.6/site-packages/airflow/example_dags/tutorial_etl_dag.py for tasks to queue
[2023-02-23 16:56:37,968] {logging_mixin.py:104} INFO - [2023-02-23 16:56:37,968] {dagbag.py:496} INFO - Filling up the DagBag from /home/airflow/.local/lib/python3.6/site-packages/airflow/example_dags/tutorial_etl_dag.py
[2023-02-23 16:56:37,979] {scheduler_job.py:643} INFO - DAG(s) dict_keys(['tutorial_etl_dag']) retrieved from /home/airflow/.local/lib/python3.6/site-packages/airflow/example_dags/tutorial_etl_dag.py
[2023-02-23 16:56:37,998] {logging_mixin.py:104} INFO - [2023-02-23 16:56:37,998] {dag.py:1833} INFO - Sync 1 DAGs
[2023-02-23 16:56:38,013] {logging_mixin.py:104} INFO - [2023-02-23 16:56:38,012] {dag.py:2306} INFO - Setting next_dagrun for tutorial_etl_dag to None
[2023-02-23 16:56:38,020] {scheduler_job.py:190} INFO - Processing /home/airflow/.local/lib/python3.6/site-packages/airflow/example_dags/tutorial_etl_dag.py took 0.056 seconds
[2023-02-23 16:57:08,374] {scheduler_job.py:182} INFO - Started process (PID=1219) to work on /home/airflow/.local/lib/python3.6/site-packages/airflow/example_dags/tutorial_etl_dag.py
[2023-02-23 16:57:08,375] {scheduler_job.py:633} INFO - Processing file /home/airflow/.local/lib/python3.6/site-packages/airflow/example_dags/tutorial_etl_dag.py for tasks to queue
[2023-02-23 16:57:08,375] {logging_mixin.py:104} INFO - [2023-02-23 16:57:08,375] {dagbag.py:496} INFO - Filling up the DagBag from /home/airflow/.local/lib/python3.6/site-packages/airflow/example_dags/tutorial_etl_dag.py
[2023-02-23 16:57:08,386] {scheduler_job.py:643} INFO - DAG(s) dict_keys(['tutorial_etl_dag']) retrieved from /home/airflow/.local/lib/python3.6/site-packages/airflow/example_dags/tutorial_etl_dag.py
[2023-02-23 16:57:08,406] {logging_mixin.py:104} INFO - [2023-02-23 16:57:08,406] {dag.py:1833} INFO - Sync 1 DAGs
[2023-02-23 16:57:08,421] {logging_mixin.py:104} INFO - [2023-02-23 16:57:08,421] {dag.py:2306} INFO - Setting next_dagrun for tutorial_etl_dag to None
[2023-02-23 16:57:08,432] {scheduler_job.py:190} INFO - Processing /home/airflow/.local/lib/python3.6/site-packages/airflow/example_dags/tutorial_etl_dag.py took 0.060 seconds
[2023-02-23 16:57:39,588] {scheduler_job.py:182} INFO - Started process (PID=1280) to work on /home/airflow/.local/lib/python3.6/site-packages/airflow/example_dags/tutorial_etl_dag.py
[2023-02-23 16:57:39,589] {scheduler_job.py:633} INFO - Processing file /home/airflow/.local/lib/python3.6/site-packages/airflow/example_dags/tutorial_etl_dag.py for tasks to queue
[2023-02-23 16:57:39,589] {logging_mixin.py:104} INFO - [2023-02-23 16:57:39,589] {dagbag.py:496} INFO - Filling up the DagBag from /home/airflow/.local/lib/python3.6/site-packages/airflow/example_dags/tutorial_etl_dag.py
[2023-02-23 16:57:39,598] {scheduler_job.py:643} INFO - DAG(s) dict_keys(['tutorial_etl_dag']) retrieved from /home/airflow/.local/lib/python3.6/site-packages/airflow/example_dags/tutorial_etl_dag.py
[2023-02-23 16:57:39,613] {logging_mixin.py:104} INFO - [2023-02-23 16:57:39,613] {dag.py:1833} INFO - Sync 1 DAGs
[2023-02-23 16:57:39,626] {logging_mixin.py:104} INFO - [2023-02-23 16:57:39,626] {dag.py:2306} INFO - Setting next_dagrun for tutorial_etl_dag to None
[2023-02-23 16:57:39,634] {scheduler_job.py:190} INFO - Processing /home/airflow/.local/lib/python3.6/site-packages/airflow/example_dags/tutorial_etl_dag.py took 0.048 seconds
[2023-02-23 16:58:10,399] {scheduler_job.py:182} INFO - Started process (PID=1333) to work on /home/airflow/.local/lib/python3.6/site-packages/airflow/example_dags/tutorial_etl_dag.py
[2023-02-23 16:58:10,400] {scheduler_job.py:633} INFO - Processing file /home/airflow/.local/lib/python3.6/site-packages/airflow/example_dags/tutorial_etl_dag.py for tasks to queue
[2023-02-23 16:58:10,401] {logging_mixin.py:104} INFO - [2023-02-23 16:58:10,401] {dagbag.py:496} INFO - Filling up the DagBag from /home/airflow/.local/lib/python3.6/site-packages/airflow/example_dags/tutorial_etl_dag.py
[2023-02-23 16:58:10,412] {scheduler_job.py:643} INFO - DAG(s) dict_keys(['tutorial_etl_dag']) retrieved from /home/airflow/.local/lib/python3.6/site-packages/airflow/example_dags/tutorial_etl_dag.py
[2023-02-23 16:58:10,428] {logging_mixin.py:104} INFO - [2023-02-23 16:58:10,428] {dag.py:1833} INFO - Sync 1 DAGs
[2023-02-23 16:58:10,443] {logging_mixin.py:104} INFO - [2023-02-23 16:58:10,443] {dag.py:2306} INFO - Setting next_dagrun for tutorial_etl_dag to None
[2023-02-23 16:58:10,452] {scheduler_job.py:190} INFO - Processing /home/airflow/.local/lib/python3.6/site-packages/airflow/example_dags/tutorial_etl_dag.py took 0.055 seconds
[2023-02-23 16:58:41,482] {scheduler_job.py:182} INFO - Started process (PID=1395) to work on /home/airflow/.local/lib/python3.6/site-packages/airflow/example_dags/tutorial_etl_dag.py
[2023-02-23 16:58:41,483] {scheduler_job.py:633} INFO - Processing file /home/airflow/.local/lib/python3.6/site-packages/airflow/example_dags/tutorial_etl_dag.py for tasks to queue
[2023-02-23 16:58:41,484] {logging_mixin.py:104} INFO - [2023-02-23 16:58:41,484] {dagbag.py:496} INFO - Filling up the DagBag from /home/airflow/.local/lib/python3.6/site-packages/airflow/example_dags/tutorial_etl_dag.py
[2023-02-23 16:58:41,493] {scheduler_job.py:643} INFO - DAG(s) dict_keys(['tutorial_etl_dag']) retrieved from /home/airflow/.local/lib/python3.6/site-packages/airflow/example_dags/tutorial_etl_dag.py
[2023-02-23 16:58:41,512] {logging_mixin.py:104} INFO - [2023-02-23 16:58:41,512] {dag.py:1833} INFO - Sync 1 DAGs
[2023-02-23 16:58:41,525] {logging_mixin.py:104} INFO - [2023-02-23 16:58:41,525] {dag.py:2306} INFO - Setting next_dagrun for tutorial_etl_dag to None
[2023-02-23 16:58:41,534] {scheduler_job.py:190} INFO - Processing /home/airflow/.local/lib/python3.6/site-packages/airflow/example_dags/tutorial_etl_dag.py took 0.054 seconds
[2023-02-23 16:59:12,020] {scheduler_job.py:182} INFO - Started process (PID=1447) to work on /home/airflow/.local/lib/python3.6/site-packages/airflow/example_dags/tutorial_etl_dag.py
[2023-02-23 16:59:12,021] {scheduler_job.py:633} INFO - Processing file /home/airflow/.local/lib/python3.6/site-packages/airflow/example_dags/tutorial_etl_dag.py for tasks to queue
[2023-02-23 16:59:12,022] {logging_mixin.py:104} INFO - [2023-02-23 16:59:12,022] {dagbag.py:496} INFO - Filling up the DagBag from /home/airflow/.local/lib/python3.6/site-packages/airflow/example_dags/tutorial_etl_dag.py
[2023-02-23 16:59:12,032] {scheduler_job.py:643} INFO - DAG(s) dict_keys(['tutorial_etl_dag']) retrieved from /home/airflow/.local/lib/python3.6/site-packages/airflow/example_dags/tutorial_etl_dag.py
[2023-02-23 16:59:12,072] {logging_mixin.py:104} INFO - [2023-02-23 16:59:12,072] {dag.py:1833} INFO - Sync 1 DAGs
[2023-02-23 16:59:12,086] {logging_mixin.py:104} INFO - [2023-02-23 16:59:12,086] {dag.py:2306} INFO - Setting next_dagrun for tutorial_etl_dag to None
[2023-02-23 16:59:12,095] {scheduler_job.py:190} INFO - Processing /home/airflow/.local/lib/python3.6/site-packages/airflow/example_dags/tutorial_etl_dag.py took 0.077 seconds
[2023-02-23 16:59:43,030] {scheduler_job.py:182} INFO - Started process (PID=1500) to work on /home/airflow/.local/lib/python3.6/site-packages/airflow/example_dags/tutorial_etl_dag.py
[2023-02-23 16:59:43,031] {scheduler_job.py:633} INFO - Processing file /home/airflow/.local/lib/python3.6/site-packages/airflow/example_dags/tutorial_etl_dag.py for tasks to queue
[2023-02-23 16:59:43,031] {logging_mixin.py:104} INFO - [2023-02-23 16:59:43,031] {dagbag.py:496} INFO - Filling up the DagBag from /home/airflow/.local/lib/python3.6/site-packages/airflow/example_dags/tutorial_etl_dag.py
[2023-02-23 16:59:43,041] {scheduler_job.py:643} INFO - DAG(s) dict_keys(['tutorial_etl_dag']) retrieved from /home/airflow/.local/lib/python3.6/site-packages/airflow/example_dags/tutorial_etl_dag.py
[2023-02-23 16:59:43,073] {logging_mixin.py:104} INFO - [2023-02-23 16:59:43,073] {dag.py:1833} INFO - Sync 1 DAGs
[2023-02-23 16:59:43,087] {logging_mixin.py:104} INFO - [2023-02-23 16:59:43,086] {dag.py:2306} INFO - Setting next_dagrun for tutorial_etl_dag to None
[2023-02-23 16:59:43,095] {scheduler_job.py:190} INFO - Processing /home/airflow/.local/lib/python3.6/site-packages/airflow/example_dags/tutorial_etl_dag.py took 0.067 seconds
[2023-02-23 17:00:14,057] {scheduler_job.py:182} INFO - Started process (PID=1563) to work on /home/airflow/.local/lib/python3.6/site-packages/airflow/example_dags/tutorial_etl_dag.py
[2023-02-23 17:00:14,058] {scheduler_job.py:633} INFO - Processing file /home/airflow/.local/lib/python3.6/site-packages/airflow/example_dags/tutorial_etl_dag.py for tasks to queue
[2023-02-23 17:00:14,058] {logging_mixin.py:104} INFO - [2023-02-23 17:00:14,058] {dagbag.py:496} INFO - Filling up the DagBag from /home/airflow/.local/lib/python3.6/site-packages/airflow/example_dags/tutorial_etl_dag.py
[2023-02-23 17:00:14,068] {scheduler_job.py:643} INFO - DAG(s) dict_keys(['tutorial_etl_dag']) retrieved from /home/airflow/.local/lib/python3.6/site-packages/airflow/example_dags/tutorial_etl_dag.py
[2023-02-23 17:00:14,087] {logging_mixin.py:104} INFO - [2023-02-23 17:00:14,087] {dag.py:1833} INFO - Sync 1 DAGs
[2023-02-23 17:00:14,100] {logging_mixin.py:104} INFO - [2023-02-23 17:00:14,100] {dag.py:2306} INFO - Setting next_dagrun for tutorial_etl_dag to None
[2023-02-23 17:00:14,108] {scheduler_job.py:190} INFO - Processing /home/airflow/.local/lib/python3.6/site-packages/airflow/example_dags/tutorial_etl_dag.py took 0.054 seconds
[2023-02-23 17:00:44,624] {scheduler_job.py:182} INFO - Started process (PID=1615) to work on /home/airflow/.local/lib/python3.6/site-packages/airflow/example_dags/tutorial_etl_dag.py
[2023-02-23 17:00:44,624] {scheduler_job.py:633} INFO - Processing file /home/airflow/.local/lib/python3.6/site-packages/airflow/example_dags/tutorial_etl_dag.py for tasks to queue
[2023-02-23 17:00:44,625] {logging_mixin.py:104} INFO - [2023-02-23 17:00:44,625] {dagbag.py:496} INFO - Filling up the DagBag from /home/airflow/.local/lib/python3.6/site-packages/airflow/example_dags/tutorial_etl_dag.py
[2023-02-23 17:00:44,636] {scheduler_job.py:643} INFO - DAG(s) dict_keys(['tutorial_etl_dag']) retrieved from /home/airflow/.local/lib/python3.6/site-packages/airflow/example_dags/tutorial_etl_dag.py
[2023-02-23 17:00:44,653] {logging_mixin.py:104} INFO - [2023-02-23 17:00:44,653] {dag.py:1833} INFO - Sync 1 DAGs
[2023-02-23 17:00:44,666] {logging_mixin.py:104} INFO - [2023-02-23 17:00:44,666] {dag.py:2306} INFO - Setting next_dagrun for tutorial_etl_dag to None
[2023-02-23 17:00:44,680] {scheduler_job.py:190} INFO - Processing /home/airflow/.local/lib/python3.6/site-packages/airflow/example_dags/tutorial_etl_dag.py took 0.059 seconds
[2023-02-23 17:01:15,885] {scheduler_job.py:182} INFO - Started process (PID=1679) to work on /home/airflow/.local/lib/python3.6/site-packages/airflow/example_dags/tutorial_etl_dag.py
[2023-02-23 17:01:15,886] {scheduler_job.py:633} INFO - Processing file /home/airflow/.local/lib/python3.6/site-packages/airflow/example_dags/tutorial_etl_dag.py for tasks to queue
[2023-02-23 17:01:15,887] {logging_mixin.py:104} INFO - [2023-02-23 17:01:15,887] {dagbag.py:496} INFO - Filling up the DagBag from /home/airflow/.local/lib/python3.6/site-packages/airflow/example_dags/tutorial_etl_dag.py
[2023-02-23 17:01:15,904] {scheduler_job.py:643} INFO - DAG(s) dict_keys(['tutorial_etl_dag']) retrieved from /home/airflow/.local/lib/python3.6/site-packages/airflow/example_dags/tutorial_etl_dag.py
[2023-02-23 17:01:15,933] {logging_mixin.py:104} INFO - [2023-02-23 17:01:15,933] {dag.py:1833} INFO - Sync 1 DAGs
[2023-02-23 17:01:15,950] {logging_mixin.py:104} INFO - [2023-02-23 17:01:15,950] {dag.py:2306} INFO - Setting next_dagrun for tutorial_etl_dag to None
[2023-02-23 17:01:15,982] {scheduler_job.py:190} INFO - Processing /home/airflow/.local/lib/python3.6/site-packages/airflow/example_dags/tutorial_etl_dag.py took 0.101 seconds
[2023-02-23 17:01:46,320] {scheduler_job.py:182} INFO - Started process (PID=1738) to work on /home/airflow/.local/lib/python3.6/site-packages/airflow/example_dags/tutorial_etl_dag.py
[2023-02-23 17:01:46,322] {scheduler_job.py:633} INFO - Processing file /home/airflow/.local/lib/python3.6/site-packages/airflow/example_dags/tutorial_etl_dag.py for tasks to queue
[2023-02-23 17:01:46,322] {logging_mixin.py:104} INFO - [2023-02-23 17:01:46,322] {dagbag.py:496} INFO - Filling up the DagBag from /home/airflow/.local/lib/python3.6/site-packages/airflow/example_dags/tutorial_etl_dag.py
[2023-02-23 17:01:46,334] {scheduler_job.py:643} INFO - DAG(s) dict_keys(['tutorial_etl_dag']) retrieved from /home/airflow/.local/lib/python3.6/site-packages/airflow/example_dags/tutorial_etl_dag.py
[2023-02-23 17:01:46,353] {logging_mixin.py:104} INFO - [2023-02-23 17:01:46,353] {dag.py:1833} INFO - Sync 1 DAGs
[2023-02-23 17:01:46,381] {logging_mixin.py:104} INFO - [2023-02-23 17:01:46,381] {dag.py:2306} INFO - Setting next_dagrun for tutorial_etl_dag to None
[2023-02-23 17:01:46,389] {scheduler_job.py:190} INFO - Processing /home/airflow/.local/lib/python3.6/site-packages/airflow/example_dags/tutorial_etl_dag.py took 0.071 seconds
[2023-02-23 17:02:16,654] {scheduler_job.py:182} INFO - Started process (PID=1793) to work on /home/airflow/.local/lib/python3.6/site-packages/airflow/example_dags/tutorial_etl_dag.py
[2023-02-23 17:02:16,655] {scheduler_job.py:633} INFO - Processing file /home/airflow/.local/lib/python3.6/site-packages/airflow/example_dags/tutorial_etl_dag.py for tasks to queue
[2023-02-23 17:02:16,655] {logging_mixin.py:104} INFO - [2023-02-23 17:02:16,655] {dagbag.py:496} INFO - Filling up the DagBag from /home/airflow/.local/lib/python3.6/site-packages/airflow/example_dags/tutorial_etl_dag.py
[2023-02-23 17:02:16,666] {scheduler_job.py:643} INFO - DAG(s) dict_keys(['tutorial_etl_dag']) retrieved from /home/airflow/.local/lib/python3.6/site-packages/airflow/example_dags/tutorial_etl_dag.py
[2023-02-23 17:02:16,685] {logging_mixin.py:104} INFO - [2023-02-23 17:02:16,685] {dag.py:1833} INFO - Sync 1 DAGs
[2023-02-23 17:02:16,698] {logging_mixin.py:104} INFO - [2023-02-23 17:02:16,698] {dag.py:2306} INFO - Setting next_dagrun for tutorial_etl_dag to None
[2023-02-23 17:02:16,705] {scheduler_job.py:190} INFO - Processing /home/airflow/.local/lib/python3.6/site-packages/airflow/example_dags/tutorial_etl_dag.py took 0.054 seconds
[2023-02-23 17:02:47,841] {scheduler_job.py:182} INFO - Started process (PID=1854) to work on /home/airflow/.local/lib/python3.6/site-packages/airflow/example_dags/tutorial_etl_dag.py
[2023-02-23 17:02:47,842] {scheduler_job.py:633} INFO - Processing file /home/airflow/.local/lib/python3.6/site-packages/airflow/example_dags/tutorial_etl_dag.py for tasks to queue
[2023-02-23 17:02:47,843] {logging_mixin.py:104} INFO - [2023-02-23 17:02:47,843] {dagbag.py:496} INFO - Filling up the DagBag from /home/airflow/.local/lib/python3.6/site-packages/airflow/example_dags/tutorial_etl_dag.py
[2023-02-23 17:02:47,873] {scheduler_job.py:643} INFO - DAG(s) dict_keys(['tutorial_etl_dag']) retrieved from /home/airflow/.local/lib/python3.6/site-packages/airflow/example_dags/tutorial_etl_dag.py
[2023-02-23 17:02:47,894] {logging_mixin.py:104} INFO - [2023-02-23 17:02:47,894] {dag.py:1833} INFO - Sync 1 DAGs
[2023-02-23 17:02:47,908] {logging_mixin.py:104} INFO - [2023-02-23 17:02:47,907] {dag.py:2306} INFO - Setting next_dagrun for tutorial_etl_dag to None
[2023-02-23 17:02:47,915] {scheduler_job.py:190} INFO - Processing /home/airflow/.local/lib/python3.6/site-packages/airflow/example_dags/tutorial_etl_dag.py took 0.077 seconds
[2023-02-23 17:03:19,031] {scheduler_job.py:182} INFO - Started process (PID=1907) to work on /home/airflow/.local/lib/python3.6/site-packages/airflow/example_dags/tutorial_etl_dag.py
[2023-02-23 17:03:19,032] {scheduler_job.py:633} INFO - Processing file /home/airflow/.local/lib/python3.6/site-packages/airflow/example_dags/tutorial_etl_dag.py for tasks to queue
[2023-02-23 17:03:19,033] {logging_mixin.py:104} INFO - [2023-02-23 17:03:19,033] {dagbag.py:496} INFO - Filling up the DagBag from /home/airflow/.local/lib/python3.6/site-packages/airflow/example_dags/tutorial_etl_dag.py
[2023-02-23 17:03:19,049] {scheduler_job.py:643} INFO - DAG(s) dict_keys(['tutorial_etl_dag']) retrieved from /home/airflow/.local/lib/python3.6/site-packages/airflow/example_dags/tutorial_etl_dag.py
[2023-02-23 17:03:19,078] {logging_mixin.py:104} INFO - [2023-02-23 17:03:19,078] {dag.py:1833} INFO - Sync 1 DAGs
[2023-02-23 17:03:19,097] {logging_mixin.py:104} INFO - [2023-02-23 17:03:19,096] {dag.py:2306} INFO - Setting next_dagrun for tutorial_etl_dag to None
[2023-02-23 17:03:19,109] {scheduler_job.py:190} INFO - Processing /home/airflow/.local/lib/python3.6/site-packages/airflow/example_dags/tutorial_etl_dag.py took 0.081 seconds
[2023-02-23 17:03:50,118] {scheduler_job.py:182} INFO - Started process (PID=1959) to work on /home/airflow/.local/lib/python3.6/site-packages/airflow/example_dags/tutorial_etl_dag.py
[2023-02-23 17:03:50,119] {scheduler_job.py:633} INFO - Processing file /home/airflow/.local/lib/python3.6/site-packages/airflow/example_dags/tutorial_etl_dag.py for tasks to queue
[2023-02-23 17:03:50,119] {logging_mixin.py:104} INFO - [2023-02-23 17:03:50,119] {dagbag.py:496} INFO - Filling up the DagBag from /home/airflow/.local/lib/python3.6/site-packages/airflow/example_dags/tutorial_etl_dag.py
[2023-02-23 17:03:50,130] {scheduler_job.py:643} INFO - DAG(s) dict_keys(['tutorial_etl_dag']) retrieved from /home/airflow/.local/lib/python3.6/site-packages/airflow/example_dags/tutorial_etl_dag.py
[2023-02-23 17:03:50,147] {logging_mixin.py:104} INFO - [2023-02-23 17:03:50,147] {dag.py:1833} INFO - Sync 1 DAGs
[2023-02-23 17:03:50,160] {logging_mixin.py:104} INFO - [2023-02-23 17:03:50,160] {dag.py:2306} INFO - Setting next_dagrun for tutorial_etl_dag to None
[2023-02-23 17:03:50,168] {scheduler_job.py:190} INFO - Processing /home/airflow/.local/lib/python3.6/site-packages/airflow/example_dags/tutorial_etl_dag.py took 0.053 seconds
[2023-02-23 17:04:21,211] {scheduler_job.py:182} INFO - Started process (PID=2021) to work on /home/airflow/.local/lib/python3.6/site-packages/airflow/example_dags/tutorial_etl_dag.py
[2023-02-23 17:04:21,213] {scheduler_job.py:633} INFO - Processing file /home/airflow/.local/lib/python3.6/site-packages/airflow/example_dags/tutorial_etl_dag.py for tasks to queue
[2023-02-23 17:04:21,214] {logging_mixin.py:104} INFO - [2023-02-23 17:04:21,214] {dagbag.py:496} INFO - Filling up the DagBag from /home/airflow/.local/lib/python3.6/site-packages/airflow/example_dags/tutorial_etl_dag.py
[2023-02-23 17:04:21,224] {scheduler_job.py:643} INFO - DAG(s) dict_keys(['tutorial_etl_dag']) retrieved from /home/airflow/.local/lib/python3.6/site-packages/airflow/example_dags/tutorial_etl_dag.py
[2023-02-23 17:04:21,288] {logging_mixin.py:104} INFO - [2023-02-23 17:04:21,288] {dag.py:1833} INFO - Sync 1 DAGs
[2023-02-23 17:04:21,302] {logging_mixin.py:104} INFO - [2023-02-23 17:04:21,302] {dag.py:2306} INFO - Setting next_dagrun for tutorial_etl_dag to None
[2023-02-23 17:04:21,310] {scheduler_job.py:190} INFO - Processing /home/airflow/.local/lib/python3.6/site-packages/airflow/example_dags/tutorial_etl_dag.py took 0.102 seconds
[2023-02-23 17:04:51,884] {scheduler_job.py:182} INFO - Started process (PID=2081) to work on /home/airflow/.local/lib/python3.6/site-packages/airflow/example_dags/tutorial_etl_dag.py
[2023-02-23 17:04:51,885] {scheduler_job.py:633} INFO - Processing file /home/airflow/.local/lib/python3.6/site-packages/airflow/example_dags/tutorial_etl_dag.py for tasks to queue
[2023-02-23 17:04:51,886] {logging_mixin.py:104} INFO - [2023-02-23 17:04:51,885] {dagbag.py:496} INFO - Filling up the DagBag from /home/airflow/.local/lib/python3.6/site-packages/airflow/example_dags/tutorial_etl_dag.py
[2023-02-23 17:04:51,896] {scheduler_job.py:643} INFO - DAG(s) dict_keys(['tutorial_etl_dag']) retrieved from /home/airflow/.local/lib/python3.6/site-packages/airflow/example_dags/tutorial_etl_dag.py
[2023-02-23 17:04:51,914] {logging_mixin.py:104} INFO - [2023-02-23 17:04:51,913] {dag.py:1833} INFO - Sync 1 DAGs
[2023-02-23 17:04:51,925] {logging_mixin.py:104} INFO - [2023-02-23 17:04:51,925] {dag.py:2306} INFO - Setting next_dagrun for tutorial_etl_dag to None
[2023-02-23 17:04:51,933] {scheduler_job.py:190} INFO - Processing /home/airflow/.local/lib/python3.6/site-packages/airflow/example_dags/tutorial_etl_dag.py took 0.051 seconds
[2023-02-23 17:05:22,497] {scheduler_job.py:182} INFO - Started process (PID=2136) to work on /home/airflow/.local/lib/python3.6/site-packages/airflow/example_dags/tutorial_etl_dag.py
[2023-02-23 17:05:22,498] {scheduler_job.py:633} INFO - Processing file /home/airflow/.local/lib/python3.6/site-packages/airflow/example_dags/tutorial_etl_dag.py for tasks to queue
[2023-02-23 17:05:22,499] {logging_mixin.py:104} INFO - [2023-02-23 17:05:22,498] {dagbag.py:496} INFO - Filling up the DagBag from /home/airflow/.local/lib/python3.6/site-packages/airflow/example_dags/tutorial_etl_dag.py
[2023-02-23 17:05:22,508] {scheduler_job.py:643} INFO - DAG(s) dict_keys(['tutorial_etl_dag']) retrieved from /home/airflow/.local/lib/python3.6/site-packages/airflow/example_dags/tutorial_etl_dag.py
[2023-02-23 17:05:22,531] {logging_mixin.py:104} INFO - [2023-02-23 17:05:22,531] {dag.py:1833} INFO - Sync 1 DAGs
[2023-02-23 17:05:22,544] {logging_mixin.py:104} INFO - [2023-02-23 17:05:22,544] {dag.py:2306} INFO - Setting next_dagrun for tutorial_etl_dag to None
[2023-02-23 17:05:22,552] {scheduler_job.py:190} INFO - Processing /home/airflow/.local/lib/python3.6/site-packages/airflow/example_dags/tutorial_etl_dag.py took 0.057 seconds
[2023-02-23 17:05:52,942] {scheduler_job.py:182} INFO - Started process (PID=2188) to work on /home/airflow/.local/lib/python3.6/site-packages/airflow/example_dags/tutorial_etl_dag.py
[2023-02-23 17:05:52,943] {scheduler_job.py:633} INFO - Processing file /home/airflow/.local/lib/python3.6/site-packages/airflow/example_dags/tutorial_etl_dag.py for tasks to queue
[2023-02-23 17:05:52,944] {logging_mixin.py:104} INFO - [2023-02-23 17:05:52,943] {dagbag.py:496} INFO - Filling up the DagBag from /home/airflow/.local/lib/python3.6/site-packages/airflow/example_dags/tutorial_etl_dag.py
[2023-02-23 17:05:52,953] {scheduler_job.py:643} INFO - DAG(s) dict_keys(['tutorial_etl_dag']) retrieved from /home/airflow/.local/lib/python3.6/site-packages/airflow/example_dags/tutorial_etl_dag.py
[2023-02-23 17:05:52,972] {logging_mixin.py:104} INFO - [2023-02-23 17:05:52,972] {dag.py:1833} INFO - Sync 1 DAGs
[2023-02-23 17:05:52,985] {logging_mixin.py:104} INFO - [2023-02-23 17:05:52,984] {dag.py:2306} INFO - Setting next_dagrun for tutorial_etl_dag to None
[2023-02-23 17:05:52,995] {scheduler_job.py:190} INFO - Processing /home/airflow/.local/lib/python3.6/site-packages/airflow/example_dags/tutorial_etl_dag.py took 0.055 seconds
[2023-02-23 17:06:24,169] {scheduler_job.py:182} INFO - Started process (PID=2250) to work on /home/airflow/.local/lib/python3.6/site-packages/airflow/example_dags/tutorial_etl_dag.py
[2023-02-23 17:06:24,170] {scheduler_job.py:633} INFO - Processing file /home/airflow/.local/lib/python3.6/site-packages/airflow/example_dags/tutorial_etl_dag.py for tasks to queue
[2023-02-23 17:06:24,171] {logging_mixin.py:104} INFO - [2023-02-23 17:06:24,170] {dagbag.py:496} INFO - Filling up the DagBag from /home/airflow/.local/lib/python3.6/site-packages/airflow/example_dags/tutorial_etl_dag.py
[2023-02-23 17:06:24,181] {scheduler_job.py:643} INFO - DAG(s) dict_keys(['tutorial_etl_dag']) retrieved from /home/airflow/.local/lib/python3.6/site-packages/airflow/example_dags/tutorial_etl_dag.py
[2023-02-23 17:06:24,199] {logging_mixin.py:104} INFO - [2023-02-23 17:06:24,199] {dag.py:1833} INFO - Sync 1 DAGs
[2023-02-23 17:06:24,211] {logging_mixin.py:104} INFO - [2023-02-23 17:06:24,211] {dag.py:2306} INFO - Setting next_dagrun for tutorial_etl_dag to None
[2023-02-23 17:06:24,219] {scheduler_job.py:190} INFO - Processing /home/airflow/.local/lib/python3.6/site-packages/airflow/example_dags/tutorial_etl_dag.py took 0.053 seconds
[2023-02-23 17:06:54,754] {scheduler_job.py:182} INFO - Started process (PID=2311) to work on /home/airflow/.local/lib/python3.6/site-packages/airflow/example_dags/tutorial_etl_dag.py
[2023-02-23 17:06:54,754] {scheduler_job.py:633} INFO - Processing file /home/airflow/.local/lib/python3.6/site-packages/airflow/example_dags/tutorial_etl_dag.py for tasks to queue
[2023-02-23 17:06:54,755] {logging_mixin.py:104} INFO - [2023-02-23 17:06:54,755] {dagbag.py:496} INFO - Filling up the DagBag from /home/airflow/.local/lib/python3.6/site-packages/airflow/example_dags/tutorial_etl_dag.py
[2023-02-23 17:06:54,765] {scheduler_job.py:643} INFO - DAG(s) dict_keys(['tutorial_etl_dag']) retrieved from /home/airflow/.local/lib/python3.6/site-packages/airflow/example_dags/tutorial_etl_dag.py
[2023-02-23 17:06:54,783] {logging_mixin.py:104} INFO - [2023-02-23 17:06:54,783] {dag.py:1833} INFO - Sync 1 DAGs
[2023-02-23 17:06:54,797] {logging_mixin.py:104} INFO - [2023-02-23 17:06:54,797] {dag.py:2306} INFO - Setting next_dagrun for tutorial_etl_dag to None
[2023-02-23 17:06:54,806] {scheduler_job.py:190} INFO - Processing /home/airflow/.local/lib/python3.6/site-packages/airflow/example_dags/tutorial_etl_dag.py took 0.055 seconds
[2023-02-23 17:07:25,877] {scheduler_job.py:182} INFO - Started process (PID=2364) to work on /home/airflow/.local/lib/python3.6/site-packages/airflow/example_dags/tutorial_etl_dag.py
[2023-02-23 17:07:25,878] {scheduler_job.py:633} INFO - Processing file /home/airflow/.local/lib/python3.6/site-packages/airflow/example_dags/tutorial_etl_dag.py for tasks to queue
[2023-02-23 17:07:25,879] {logging_mixin.py:104} INFO - [2023-02-23 17:07:25,879] {dagbag.py:496} INFO - Filling up the DagBag from /home/airflow/.local/lib/python3.6/site-packages/airflow/example_dags/tutorial_etl_dag.py
[2023-02-23 17:07:25,890] {scheduler_job.py:643} INFO - DAG(s) dict_keys(['tutorial_etl_dag']) retrieved from /home/airflow/.local/lib/python3.6/site-packages/airflow/example_dags/tutorial_etl_dag.py
[2023-02-23 17:07:25,912] {logging_mixin.py:104} INFO - [2023-02-23 17:07:25,912] {dag.py:1833} INFO - Sync 1 DAGs
[2023-02-23 17:07:25,972] {logging_mixin.py:104} INFO - [2023-02-23 17:07:25,972] {dag.py:2306} INFO - Setting next_dagrun for tutorial_etl_dag to None
[2023-02-23 17:07:25,982] {scheduler_job.py:190} INFO - Processing /home/airflow/.local/lib/python3.6/site-packages/airflow/example_dags/tutorial_etl_dag.py took 0.108 seconds
[2023-02-23 17:07:56,440] {scheduler_job.py:182} INFO - Started process (PID=2423) to work on /home/airflow/.local/lib/python3.6/site-packages/airflow/example_dags/tutorial_etl_dag.py
[2023-02-23 17:07:56,440] {scheduler_job.py:633} INFO - Processing file /home/airflow/.local/lib/python3.6/site-packages/airflow/example_dags/tutorial_etl_dag.py for tasks to queue
[2023-02-23 17:07:56,441] {logging_mixin.py:104} INFO - [2023-02-23 17:07:56,441] {dagbag.py:496} INFO - Filling up the DagBag from /home/airflow/.local/lib/python3.6/site-packages/airflow/example_dags/tutorial_etl_dag.py
[2023-02-23 17:07:56,451] {scheduler_job.py:643} INFO - DAG(s) dict_keys(['tutorial_etl_dag']) retrieved from /home/airflow/.local/lib/python3.6/site-packages/airflow/example_dags/tutorial_etl_dag.py
[2023-02-23 17:07:56,471] {logging_mixin.py:104} INFO - [2023-02-23 17:07:56,471] {dag.py:1833} INFO - Sync 1 DAGs
[2023-02-23 17:07:56,485] {logging_mixin.py:104} INFO - [2023-02-23 17:07:56,485] {dag.py:2306} INFO - Setting next_dagrun for tutorial_etl_dag to None
[2023-02-23 17:07:56,495] {scheduler_job.py:190} INFO - Processing /home/airflow/.local/lib/python3.6/site-packages/airflow/example_dags/tutorial_etl_dag.py took 0.058 seconds
[2023-02-23 17:08:26,933] {scheduler_job.py:182} INFO - Started process (PID=2478) to work on /home/airflow/.local/lib/python3.6/site-packages/airflow/example_dags/tutorial_etl_dag.py
[2023-02-23 17:08:26,933] {scheduler_job.py:633} INFO - Processing file /home/airflow/.local/lib/python3.6/site-packages/airflow/example_dags/tutorial_etl_dag.py for tasks to queue
[2023-02-23 17:08:26,934] {logging_mixin.py:104} INFO - [2023-02-23 17:08:26,934] {dagbag.py:496} INFO - Filling up the DagBag from /home/airflow/.local/lib/python3.6/site-packages/airflow/example_dags/tutorial_etl_dag.py
[2023-02-23 17:08:26,944] {scheduler_job.py:643} INFO - DAG(s) dict_keys(['tutorial_etl_dag']) retrieved from /home/airflow/.local/lib/python3.6/site-packages/airflow/example_dags/tutorial_etl_dag.py
[2023-02-23 17:08:26,961] {logging_mixin.py:104} INFO - [2023-02-23 17:08:26,961] {dag.py:1833} INFO - Sync 1 DAGs
[2023-02-23 17:08:26,973] {logging_mixin.py:104} INFO - [2023-02-23 17:08:26,973] {dag.py:2306} INFO - Setting next_dagrun for tutorial_etl_dag to None
[2023-02-23 17:08:26,980] {scheduler_job.py:190} INFO - Processing /home/airflow/.local/lib/python3.6/site-packages/airflow/example_dags/tutorial_etl_dag.py took 0.050 seconds
[2023-02-23 17:08:57,346] {scheduler_job.py:182} INFO - Started process (PID=2530) to work on /home/airflow/.local/lib/python3.6/site-packages/airflow/example_dags/tutorial_etl_dag.py
[2023-02-23 17:08:57,347] {scheduler_job.py:633} INFO - Processing file /home/airflow/.local/lib/python3.6/site-packages/airflow/example_dags/tutorial_etl_dag.py for tasks to queue
[2023-02-23 17:08:57,347] {logging_mixin.py:104} INFO - [2023-02-23 17:08:57,347] {dagbag.py:496} INFO - Filling up the DagBag from /home/airflow/.local/lib/python3.6/site-packages/airflow/example_dags/tutorial_etl_dag.py
[2023-02-23 17:08:57,356] {scheduler_job.py:643} INFO - DAG(s) dict_keys(['tutorial_etl_dag']) retrieved from /home/airflow/.local/lib/python3.6/site-packages/airflow/example_dags/tutorial_etl_dag.py
[2023-02-23 17:08:57,373] {logging_mixin.py:104} INFO - [2023-02-23 17:08:57,373] {dag.py:1833} INFO - Sync 1 DAGs
[2023-02-23 17:08:57,385] {logging_mixin.py:104} INFO - [2023-02-23 17:08:57,385] {dag.py:2306} INFO - Setting next_dagrun for tutorial_etl_dag to None
[2023-02-23 17:08:57,392] {scheduler_job.py:190} INFO - Processing /home/airflow/.local/lib/python3.6/site-packages/airflow/example_dags/tutorial_etl_dag.py took 0.049 seconds
[2023-02-23 17:09:27,874] {scheduler_job.py:182} INFO - Started process (PID=2592) to work on /home/airflow/.local/lib/python3.6/site-packages/airflow/example_dags/tutorial_etl_dag.py
[2023-02-23 17:09:27,874] {scheduler_job.py:633} INFO - Processing file /home/airflow/.local/lib/python3.6/site-packages/airflow/example_dags/tutorial_etl_dag.py for tasks to queue
[2023-02-23 17:09:27,875] {logging_mixin.py:104} INFO - [2023-02-23 17:09:27,875] {dagbag.py:496} INFO - Filling up the DagBag from /home/airflow/.local/lib/python3.6/site-packages/airflow/example_dags/tutorial_etl_dag.py
[2023-02-23 17:09:27,884] {scheduler_job.py:643} INFO - DAG(s) dict_keys(['tutorial_etl_dag']) retrieved from /home/airflow/.local/lib/python3.6/site-packages/airflow/example_dags/tutorial_etl_dag.py
[2023-02-23 17:09:27,903] {logging_mixin.py:104} INFO - [2023-02-23 17:09:27,903] {dag.py:1833} INFO - Sync 1 DAGs
[2023-02-23 17:09:27,916] {logging_mixin.py:104} INFO - [2023-02-23 17:09:27,916] {dag.py:2306} INFO - Setting next_dagrun for tutorial_etl_dag to None
[2023-02-23 17:09:27,923] {scheduler_job.py:190} INFO - Processing /home/airflow/.local/lib/python3.6/site-packages/airflow/example_dags/tutorial_etl_dag.py took 0.052 seconds
[2023-02-23 17:09:59,610] {scheduler_job.py:182} INFO - Started process (PID=2645) to work on /home/airflow/.local/lib/python3.6/site-packages/airflow/example_dags/tutorial_etl_dag.py
[2023-02-23 17:09:59,611] {scheduler_job.py:633} INFO - Processing file /home/airflow/.local/lib/python3.6/site-packages/airflow/example_dags/tutorial_etl_dag.py for tasks to queue
[2023-02-23 17:09:59,611] {logging_mixin.py:104} INFO - [2023-02-23 17:09:59,611] {dagbag.py:496} INFO - Filling up the DagBag from /home/airflow/.local/lib/python3.6/site-packages/airflow/example_dags/tutorial_etl_dag.py
[2023-02-23 17:09:59,683] {scheduler_job.py:643} INFO - DAG(s) dict_keys(['tutorial_etl_dag']) retrieved from /home/airflow/.local/lib/python3.6/site-packages/airflow/example_dags/tutorial_etl_dag.py
[2023-02-23 17:09:59,705] {logging_mixin.py:104} INFO - [2023-02-23 17:09:59,705] {dag.py:1833} INFO - Sync 1 DAGs
[2023-02-23 17:09:59,782] {logging_mixin.py:104} INFO - [2023-02-23 17:09:59,782] {dag.py:2306} INFO - Setting next_dagrun for tutorial_etl_dag to None
[2023-02-23 17:09:59,793] {scheduler_job.py:190} INFO - Processing /home/airflow/.local/lib/python3.6/site-packages/airflow/example_dags/tutorial_etl_dag.py took 0.187 seconds
[2023-02-23 17:10:30,172] {scheduler_job.py:182} INFO - Started process (PID=2698) to work on /home/airflow/.local/lib/python3.6/site-packages/airflow/example_dags/tutorial_etl_dag.py
[2023-02-23 17:10:30,173] {scheduler_job.py:633} INFO - Processing file /home/airflow/.local/lib/python3.6/site-packages/airflow/example_dags/tutorial_etl_dag.py for tasks to queue
[2023-02-23 17:10:30,173] {logging_mixin.py:104} INFO - [2023-02-23 17:10:30,173] {dagbag.py:496} INFO - Filling up the DagBag from /home/airflow/.local/lib/python3.6/site-packages/airflow/example_dags/tutorial_etl_dag.py
[2023-02-23 17:10:30,183] {scheduler_job.py:643} INFO - DAG(s) dict_keys(['tutorial_etl_dag']) retrieved from /home/airflow/.local/lib/python3.6/site-packages/airflow/example_dags/tutorial_etl_dag.py
[2023-02-23 17:10:30,202] {logging_mixin.py:104} INFO - [2023-02-23 17:10:30,201] {dag.py:1833} INFO - Sync 1 DAGs
[2023-02-23 17:10:30,215] {logging_mixin.py:104} INFO - [2023-02-23 17:10:30,215] {dag.py:2306} INFO - Setting next_dagrun for tutorial_etl_dag to None
[2023-02-23 17:10:30,276] {scheduler_job.py:190} INFO - Processing /home/airflow/.local/lib/python3.6/site-packages/airflow/example_dags/tutorial_etl_dag.py took 0.157 seconds
